2016-09-05 12:44:21 trace :
------------
String:
<xml><ToUserName><![CDATA[gh_d5c808a7666e]]></ToUserName>
<FromUserName><![CDATA[om_6jt3MbezucMAK9vNZx3mMndWE]]></FromUserName>
<CreateTime>1473050660</CreateTime>
<MsgType><![CDATA[event]]></MsgType>
<Event><![CDATA[unsubscribe]]></Event>
<EventKey><![CDATA[]]></EventKey>
</xml>

2016-09-05 16:41:51 trace :
------------
String:
<xml><ToUserName><![CDATA[gh_d5c808a7666e]]></ToUserName>
<FromUserName><![CDATA[om_6jtyA0XUoJpueIm_M_bE97C3o]]></FromUserName>
<CreateTime>1473064911</CreateTime>
<MsgType><![CDATA[event]]></MsgType>
<Event><![CDATA[LOCATION]]></Event>
<Latitude>24.691519</Latitude>
<Longitude>108.080338</Longitude>
<Precision>65.000000</Precision>
</xml>

2016-09-05 16:41:51 params :
------------
Array:
message : Array ;
module : default ;
rule : -1 ;

2016-09-05 16:41:51 response :
------------
Array:
errno : -1 ;
message : Invaild value ;

2016-09-05 16:42:08 trace :
------------
String:
<xml><ToUserName><![CDATA[gh_d5c808a7666e]]></ToUserName>
<FromUserName><![CDATA[om_6jtyA0XUoJpueIm_M_bE97C3o]]></FromUserName>
<CreateTime>1473064928</CreateTime>
<MsgType><![CDATA[event]]></MsgType>
<Event><![CDATA[VIEW]]></Event>
<EventKey><![CDATA[http://shanghai.xyj0772.com/app/index.php?i=1&c=entry&eid=22]]></EventKey>
<MenuId>404364969</MenuId>
</xml>

2016-09-05 16:42:08 params :
------------
Array:
rule : -2 ;
module :  ;
message : Array ;

2016-09-05 16:42:08 response :
------------

2016-09-05 16:43:03 trace :
------------
String:
<xml><ToUserName><![CDATA[gh_d5c808a7666e]]></ToUserName>
<FromUserName><![CDATA[om_6jtyA0XUoJpueIm_M_bE97C3o]]></FromUserName>
<CreateTime>1473064983</CreateTime>
<MsgType><![CDATA[event]]></MsgType>
<Event><![CDATA[LOCATION]]></Event>
<Latitude>24.691572</Latitude>
<Longitude>108.080360</Longitude>
<Precision>65.000000</Precision>
</xml>

2016-09-05 16:43:03 params :
------------
Array:
message : Array ;
module : default ;
rule : -1 ;

2016-09-05 16:43:03 response :
------------
Array:
errno : -1 ;
message : Invaild value ;

2016-09-05 16:44:16 trace :
------------
String:
<xml><ToUserName><![CDATA[gh_d5c808a7666e]]></ToUserName>
<FromUserName><![CDATA[om_6jtyA0XUoJpueIm_M_bE97C3o]]></FromUserName>
<CreateTime>1473065056</CreateTime>
<MsgType><![CDATA[event]]></MsgType>
<Event><![CDATA[LOCATION]]></Event>
<Latitude>24.691561</Latitude>
<Longitude>108.080399</Longitude>
<Precision>65.000000</Precision>
</xml>

2016-09-05 16:44:16 params :
------------
Array:
message : Array ;
module : default ;
rule : -1 ;

2016-09-05 16:44:16 response :
------------
Array:
errno : -1 ;
message : Invaild value ;

2016-09-05 21:22:19 trace :
------------
String:
<xml><ToUserName><![CDATA[gh_d5c808a7666e]]></ToUserName>
<FromUserName><![CDATA[om_6jtzcjw8iuwkMKzjH4TcEP59U]]></FromUserName>
<CreateTime>1473081739</CreateTime>
<MsgType><![CDATA[event]]></MsgType>
<Event><![CDATA[unsubscribe]]></Event>
<EventKey><![CDATA[]]></EventKey>
</xml>

