2016-05-29 00:09:53 trace :
------------
String:
<xml><ToUserName><![CDATA[gh_339b357d6bcb]]></ToUserName>
<FromUserName><![CDATA[oq5x0uMMFOUjecmNLxrGVg08eGxE]]></FromUserName>
<CreateTime>1464451790</CreateTime>
<MsgType><![CDATA[event]]></MsgType>
<Event><![CDATA[subscribe]]></Event>
<EventKey><![CDATA[]]></EventKey>
</xml>

2016-05-29 00:09:53 params :
------------
Array:
message : Array ;
module : ewei_vote ;
rule : 19 ;
priority : 0 ;
keyword : Array ;

2016-05-29 00:09:53 response :
------------
Array:
FromUserName : gh_339b357d6bcb ;
ToUserName : oq5x0uMMFOUjecmNLxrGVg08eGxE ;
MsgType : news ;
ArticleCount : 1 ;
Articles : Array ;

2016-05-29 00:11:17 trace :
------------
String:
<xml><ToUserName><![CDATA[gh_339b357d6bcb]]></ToUserName>
<FromUserName><![CDATA[oq5x0uMMFOUjecmNLxrGVg08eGxE]]></FromUserName>
<CreateTime>1464451873</CreateTime>
<MsgType><![CDATA[text]]></MsgType>
<Content><![CDATA[竞猜]]></Content>
<MsgId>6289772901507098322</MsgId>
</xml>

2016-05-29 00:11:17 params :
------------
Array:
message : Array ;
module : ewei_vote ;
rule : 19 ;
priority : 0 ;
keyword : Array ;

2016-05-29 00:11:17 response :
------------
Array:
FromUserName : gh_339b357d6bcb ;
ToUserName : oq5x0uMMFOUjecmNLxrGVg08eGxE ;
MsgType : news ;
ArticleCount : 1 ;
Articles : Array ;

2016-05-29 00:35:52 trace :
------------
String:
<xml><ToUserName><![CDATA[gh_339b357d6bcb]]></ToUserName>
<FromUserName><![CDATA[oq5x0uDIWUPwXBYk_ZS227BQS99E]]></FromUserName>
<CreateTime>1464453344</CreateTime>
<MsgType><![CDATA[event]]></MsgType>
<Event><![CDATA[unsubscribe]]></Event>
<EventKey><![CDATA[]]></EventKey>
</xml>

2016-05-29 01:05:55 trace :
------------
String:
<xml><ToUserName><![CDATA[gh_339b357d6bcb]]></ToUserName>
<FromUserName><![CDATA[oq5x0uME_i8NNUogFK-48cyt7_Zw]]></FromUserName>
<CreateTime>1464455153</CreateTime>
<MsgType><![CDATA[event]]></MsgType>
<Event><![CDATA[unsubscribe]]></Event>
<EventKey><![CDATA[]]></EventKey>
</xml>

2016-05-29 01:10:01 trace :
------------
String:
<xml><ToUserName><![CDATA[gh_339b357d6bcb]]></ToUserName>
<FromUserName><![CDATA[oq5x0uOTSruDncpOXNIKWUJGPsrU]]></FromUserName>
<CreateTime>1464455399</CreateTime>
<MsgType><![CDATA[event]]></MsgType>
<Event><![CDATA[subscribe]]></Event>
<EventKey><![CDATA[]]></EventKey>
</xml>

2016-05-29 01:10:01 params :
------------
Array:
message : Array ;
module : ewei_vote ;
rule : 19 ;
priority : 0 ;
keyword : Array ;

2016-05-29 01:10:01 response :
------------
Array:
FromUserName : gh_339b357d6bcb ;
ToUserName : oq5x0uOTSruDncpOXNIKWUJGPsrU ;
MsgType : news ;
ArticleCount : 1 ;
Articles : Array ;

2016-05-29 01:10:05 trace :
------------
String:
<xml><ToUserName><![CDATA[gh_339b357d6bcb]]></ToUserName>
<FromUserName><![CDATA[oq5x0uOixTP6-MOa23Gp_KPO20BU]]></FromUserName>
<CreateTime>1464455402</CreateTime>
<MsgType><![CDATA[event]]></MsgType>
<Event><![CDATA[subscribe]]></Event>
<EventKey><![CDATA[]]></EventKey>
</xml>

2016-05-29 01:10:05 params :
------------
Array:
message : Array ;
module : ewei_vote ;
rule : 19 ;
priority : 0 ;
keyword : Array ;

2016-05-29 01:10:05 response :
------------
Array:
FromUserName : gh_339b357d6bcb ;
ToUserName : oq5x0uOixTP6-MOa23Gp_KPO20BU ;
MsgType : news ;
ArticleCount : 1 ;
Articles : Array ;

2016-05-29 01:19:06 trace :
------------
String:
<xml><ToUserName><![CDATA[gh_339b357d6bcb]]></ToUserName>
<FromUserName><![CDATA[oq5x0uGcQ83dlyV6eOkar99wAwL8]]></FromUserName>
<CreateTime>1464455942</CreateTime>
<MsgType><![CDATA[event]]></MsgType>
<Event><![CDATA[subscribe]]></Event>
<EventKey><![CDATA[]]></EventKey>
</xml>

2016-05-29 01:19:06 params :
------------
Array:
message : Array ;
module : ewei_vote ;
rule : 19 ;
priority : 0 ;
keyword : Array ;

2016-05-29 01:19:06 response :
------------
Array:
FromUserName : gh_339b357d6bcb ;
ToUserName : oq5x0uGcQ83dlyV6eOkar99wAwL8 ;
MsgType : news ;
ArticleCount : 1 ;
Articles : Array ;

2016-05-29 01:19:13 trace :
------------
String:
<xml><ToUserName><![CDATA[gh_339b357d6bcb]]></ToUserName>
<FromUserName><![CDATA[oq5x0uGcQ83dlyV6eOkar99wAwL8]]></FromUserName>
<CreateTime>1464455949</CreateTime>
<MsgType><![CDATA[text]]></MsgType>
<Content><![CDATA[竞猜]]></Content>
<MsgId>6289790407793797147</MsgId>
</xml>

2016-05-29 01:19:13 params :
------------
Array:
message : Array ;
module : ewei_vote ;
rule : 19 ;
priority : 0 ;
keyword : Array ;

2016-05-29 01:19:13 response :
------------
Array:
FromUserName : gh_339b357d6bcb ;
ToUserName : oq5x0uGcQ83dlyV6eOkar99wAwL8 ;
MsgType : news ;
ArticleCount : 1 ;
Articles : Array ;

2016-05-29 01:40:51 trace :
------------
String:
<xml><ToUserName><![CDATA[gh_339b357d6bcb]]></ToUserName>
<FromUserName><![CDATA[oq5x0uCcdrDcVw6ypZ1A128igqQ4]]></FromUserName>
<CreateTime>1464457251</CreateTime>
<MsgType><![CDATA[text]]></MsgType>
<Content><![CDATA[竞猜]]></Content>
<MsgId>6289795999841216579</MsgId>
</xml>

2016-05-29 01:40:51 params :
------------
Array:
message : Array ;
module : ewei_vote ;
rule : 19 ;
priority : 0 ;
keyword : Array ;

2016-05-29 01:40:51 response :
------------
Array:
FromUserName : gh_339b357d6bcb ;
ToUserName : oq5x0uCcdrDcVw6ypZ1A128igqQ4 ;
MsgType : news ;
ArticleCount : 1 ;
Articles : Array ;

2016-05-29 02:26:54 trace :
------------
String:
<xml><ToUserName><![CDATA[gh_339b357d6bcb]]></ToUserName>
<FromUserName><![CDATA[oq5x0uLMPqqRgonM5JDCSvgI60yk]]></FromUserName>
<CreateTime>1464460008</CreateTime>
<MsgType><![CDATA[event]]></MsgType>
<Event><![CDATA[subscribe]]></Event>
<EventKey><![CDATA[]]></EventKey>
</xml>

2016-05-29 02:26:54 params :
------------
Array:
message : Array ;
module : ewei_vote ;
rule : 19 ;
priority : 0 ;
keyword : Array ;

2016-05-29 02:26:54 response :
------------
Array:
FromUserName : gh_339b357d6bcb ;
ToUserName : oq5x0uLMPqqRgonM5JDCSvgI60yk ;
MsgType : news ;
ArticleCount : 1 ;
Articles : Array ;

2016-05-29 03:22:41 trace :
------------
String:
<xml><ToUserName><![CDATA[gh_339b357d6bcb]]></ToUserName>
<FromUserName><![CDATA[oq5x0uD16-cEA_vQFnMr2DQciiGo]]></FromUserName>
<CreateTime>1464463354</CreateTime>
<MsgType><![CDATA[event]]></MsgType>
<Event><![CDATA[subscribe]]></Event>
<EventKey><![CDATA[]]></EventKey>
</xml>

2016-05-29 03:22:41 params :
------------
Array:
message : Array ;
module : ewei_vote ;
rule : 19 ;
priority : 0 ;
keyword : Array ;

2016-05-29 03:22:41 response :
------------
Array:
FromUserName : gh_339b357d6bcb ;
ToUserName : oq5x0uD16-cEA_vQFnMr2DQciiGo ;
MsgType : news ;
ArticleCount : 1 ;
Articles : Array ;

2016-05-29 07:58:49 trace :
------------
String:
<xml><ToUserName><![CDATA[gh_371dfdf2ba7a]]></ToUserName>
<FromUserName><![CDATA[oe632wDfReIO8fVJtD7wn8fbfteo]]></FromUserName>
<CreateTime>1464479926</CreateTime>
<MsgType><![CDATA[event]]></MsgType>
<Event><![CDATA[subscribe]]></Event>
<EventKey><![CDATA[]]></EventKey>
</xml>

2016-05-29 07:58:49 params :
------------
Array:
rule : -2 ;
module :  ;
message : Array ;

2016-05-29 07:58:49 response :
------------

2016-05-29 09:02:31 trace :
------------
String:
<xml><ToUserName><![CDATA[gh_371dfdf2ba7a]]></ToUserName>
<FromUserName><![CDATA[oe632wDfReIO8fVJtD7wn8fbfteo]]></FromUserName>
<CreateTime>1464483748</CreateTime>
<MsgType><![CDATA[event]]></MsgType>
<Event><![CDATA[VIEW]]></Event>
<EventKey><![CDATA[http://wqq.xyj0772.com/app/index.php?i=4&c=mc&]]></EventKey>
<MenuId>408121384</MenuId>
</xml>

2016-05-29 09:02:31 params :
------------
Array:
rule : -2 ;
module :  ;
message : Array ;

2016-05-29 09:02:31 response :
------------

2016-05-29 09:02:42 trace :
------------
String:
<xml><ToUserName><![CDATA[gh_371dfdf2ba7a]]></ToUserName>
<FromUserName><![CDATA[oe632wDfReIO8fVJtD7wn8fbfteo]]></FromUserName>
<CreateTime>1464483759</CreateTime>
<MsgType><![CDATA[event]]></MsgType>
<Event><![CDATA[VIEW]]></Event>
<EventKey><![CDATA[http://dede.vlldoo.com/down.aspx]]></EventKey>
<MenuId>408121384</MenuId>
</xml>

2016-05-29 09:02:42 params :
------------
Array:
rule : -2 ;
module :  ;
message : Array ;

2016-05-29 09:02:42 response :
------------

2016-05-29 09:02:49 trace :
------------
String:
<xml><ToUserName><![CDATA[gh_371dfdf2ba7a]]></ToUserName>
<FromUserName><![CDATA[oe632wDfReIO8fVJtD7wn8fbfteo]]></FromUserName>
<CreateTime>1464483765</CreateTime>
<MsgType><![CDATA[event]]></MsgType>
<Event><![CDATA[VIEW]]></Event>
<EventKey><![CDATA[http://wqq.xyj0772.com/app/index.php?i=2&j=2&c=entry&rid=20&do=photosvoteview&m=fm_photosvote&from=click]]></EventKey>
<MenuId>408121384</MenuId>
</xml>

2016-05-29 09:02:49 params :
------------
Array:
rule : -2 ;
module :  ;
message : Array ;

2016-05-29 09:02:49 response :
------------

2016-05-29 09:03:43 trace :
------------
String:
<xml><ToUserName><![CDATA[gh_371dfdf2ba7a]]></ToUserName>
<FromUserName><![CDATA[oe632wDfReIO8fVJtD7wn8fbfteo]]></FromUserName>
<CreateTime>1464483820</CreateTime>
<MsgType><![CDATA[event]]></MsgType>
<Event><![CDATA[VIEW]]></Event>
<EventKey><![CDATA[http://wqq.xyj0772.com/app/index.php?i=2&j=2&c=entry&rid=20&do=photosvoteview&m=fm_photosvote&from=click]]></EventKey>
<MenuId>408121384</MenuId>
</xml>

2016-05-29 09:03:43 params :
------------
Array:
rule : -2 ;
module :  ;
message : Array ;

2016-05-29 09:03:43 response :
------------

2016-05-29 09:26:13 trace :
------------
String:
<xml><ToUserName><![CDATA[gh_339b357d6bcb]]></ToUserName>
<FromUserName><![CDATA[oq5x0uARgFAyBAe0RN-7GsZZPO2g]]></FromUserName>
<CreateTime>1464485167</CreateTime>
<MsgType><![CDATA[text]]></MsgType>
<Content><![CDATA[竞猜]]></Content>
<MsgId>6289915898148254186</MsgId>
</xml>

2016-05-29 09:26:13 params :
------------
Array:
message : Array ;
module : ewei_vote ;
rule : 19 ;
priority : 0 ;
keyword : Array ;

2016-05-29 09:26:13 response :
------------
Array:
FromUserName : gh_339b357d6bcb ;
ToUserName : oq5x0uARgFAyBAe0RN-7GsZZPO2g ;
MsgType : news ;
ArticleCount : 1 ;
Articles : Array ;

2016-05-29 10:05:38 trace :
------------
String:
<xml><ToUserName><![CDATA[gh_371dfdf2ba7a]]></ToUserName>
<FromUserName><![CDATA[oe632wNBRrJVg1N-WCOMQLAp65SY]]></FromUserName>
<CreateTime>1464487535</CreateTime>
<MsgType><![CDATA[event]]></MsgType>
<Event><![CDATA[VIEW]]></Event>
<EventKey><![CDATA[http://wqq.xyj0772.com/app/index.php?i=2&j=2&c=entry&rid=20&do=photosvoteview&m=fm_photosvote&from=click]]></EventKey>
<MenuId>408121384</MenuId>
</xml>

2016-05-29 10:05:39 params :
------------
Array:
rule : -2 ;
module :  ;
message : Array ;

2016-05-29 10:05:39 response :
------------

2016-05-29 10:16:19 trace :
------------
String:
<xml><ToUserName><![CDATA[gh_371dfdf2ba7a]]></ToUserName>
<FromUserName><![CDATA[oe632wKuZzefN58OyN0ph9RJiLNw]]></FromUserName>
<CreateTime>1464488172</CreateTime>
<MsgType><![CDATA[event]]></MsgType>
<Event><![CDATA[subscribe]]></Event>
<EventKey><![CDATA[]]></EventKey>
</xml>

2016-05-29 10:16:19 params :
------------
Array:
rule : -2 ;
module :  ;
message : Array ;

2016-05-29 10:16:19 response :
------------

2016-05-29 10:16:22 trace :
------------
String:
<xml><ToUserName><![CDATA[gh_371dfdf2ba7a]]></ToUserName>
<FromUserName><![CDATA[oe632wKuZzefN58OyN0ph9RJiLNw]]></FromUserName>
<CreateTime>1464488175</CreateTime>
<MsgType><![CDATA[event]]></MsgType>
<Event><![CDATA[VIEW]]></Event>
<EventKey><![CDATA[http://wqq.xyj0772.com/app/index.php?i=2&j=2&c=entry&rid=20&do=photosvoteview&m=fm_photosvote&from=click]]></EventKey>
<MenuId>408121384</MenuId>
</xml>

2016-05-29 10:16:22 params :
------------
Array:
rule : -2 ;
module :  ;
message : Array ;

2016-05-29 10:16:22 response :
------------

2016-05-29 10:16:33 trace :
------------
String:
<xml><ToUserName><![CDATA[gh_371dfdf2ba7a]]></ToUserName>
<FromUserName><![CDATA[oe632wKuZzefN58OyN0ph9RJiLNw]]></FromUserName>
<CreateTime>1464488186</CreateTime>
<MsgType><![CDATA[event]]></MsgType>
<Event><![CDATA[VIEW]]></Event>
<EventKey><![CDATA[http://wqq.xyj0772.com/app/index.php?i=2&j=2&c=entry&rid=20&do=photosvoteview&m=fm_photosvote&from=click]]></EventKey>
<MenuId>408121384</MenuId>
</xml>

2016-05-29 10:16:33 params :
------------
Array:
rule : -2 ;
module :  ;
message : Array ;

2016-05-29 10:16:33 response :
------------

2016-05-29 10:21:08 trace :
------------
String:
<xml><ToUserName><![CDATA[gh_339b357d6bcb]]></ToUserName>
<FromUserName><![CDATA[oq5x0uN5t_3g9-X80iLlLXSZ0szE]]></FromUserName>
<CreateTime>1464488459</CreateTime>
<MsgType><![CDATA[event]]></MsgType>
<Event><![CDATA[subscribe]]></Event>
<EventKey><![CDATA[]]></EventKey>
</xml>

2016-05-29 10:21:08 params :
------------
Array:
message : Array ;
module : ewei_vote ;
rule : 19 ;
priority : 0 ;
keyword : Array ;

2016-05-29 10:21:08 response :
------------
Array:
FromUserName : gh_339b357d6bcb ;
ToUserName : oq5x0uN5t_3g9-X80iLlLXSZ0szE ;
MsgType : news ;
ArticleCount : 1 ;
Articles : Array ;

2016-05-29 10:22:11 trace :
------------
String:
<xml><ToUserName><![CDATA[gh_339b357d6bcb]]></ToUserName>
<FromUserName><![CDATA[oq5x0uN5t_3g9-X80iLlLXSZ0szE]]></FromUserName>
<CreateTime>1464488522</CreateTime>
<MsgType><![CDATA[text]]></MsgType>
<Content><![CDATA[竟猜]]></Content>
<MsgId>6289930307763533036</MsgId>
</xml>

2016-05-29 10:22:11 params :
------------
Array:
message : Array ;
module : ewei_vote ;
rule : 19 ;
priority : 0 ;
keyword : Array ;

2016-05-29 10:22:11 response :
------------
Array:
FromUserName : gh_339b357d6bcb ;
ToUserName : oq5x0uN5t_3g9-X80iLlLXSZ0szE ;
MsgType : news ;
ArticleCount : 1 ;
Articles : Array ;

2016-05-29 11:09:05 trace :
------------
String:
<xml><ToUserName><![CDATA[gh_339b357d6bcb]]></ToUserName>
<FromUserName><![CDATA[oq5x0uPUg2wRVQOF44SUV4c6ocxs]]></FromUserName>
<CreateTime>1464491337</CreateTime>
<MsgType><![CDATA[event]]></MsgType>
<Event><![CDATA[subscribe]]></Event>
<EventKey><![CDATA[]]></EventKey>
</xml>

2016-05-29 11:09:05 params :
------------
Array:
message : Array ;
module : ewei_vote ;
rule : 19 ;
priority : 0 ;
keyword : Array ;

2016-05-29 11:09:05 response :
------------
Array:
FromUserName : gh_339b357d6bcb ;
ToUserName : oq5x0uPUg2wRVQOF44SUV4c6ocxs ;
MsgType : news ;
ArticleCount : 1 ;
Articles : Array ;

2016-05-29 11:09:21 trace :
------------
String:
<xml><ToUserName><![CDATA[gh_339b357d6bcb]]></ToUserName>
<FromUserName><![CDATA[oq5x0uPUg2wRVQOF44SUV4c6ocxs]]></FromUserName>
<CreateTime>1464491353</CreateTime>
<MsgType><![CDATA[text]]></MsgType>
<Content><![CDATA[竞猜]]></Content>
<MsgId>6289942466815948961</MsgId>
</xml>

2016-05-29 11:09:21 params :
------------
Array:
message : Array ;
module : ewei_vote ;
rule : 19 ;
priority : 0 ;
keyword : Array ;

2016-05-29 11:09:21 response :
------------
Array:
FromUserName : gh_339b357d6bcb ;
ToUserName : oq5x0uPUg2wRVQOF44SUV4c6ocxs ;
MsgType : news ;
ArticleCount : 1 ;
Articles : Array ;

2016-05-29 11:51:04 trace :
------------
String:
<xml><ToUserName><![CDATA[gh_371dfdf2ba7a]]></ToUserName>
<FromUserName><![CDATA[oe632wKuZzefN58OyN0ph9RJiLNw]]></FromUserName>
<CreateTime>1464493857</CreateTime>
<MsgType><![CDATA[event]]></MsgType>
<Event><![CDATA[VIEW]]></Event>
<EventKey><![CDATA[http://wqq.xyj0772.com/app/index.php?i=2&j=2&c=entry&rid=20&do=photosvoteview&m=fm_photosvote&from=click]]></EventKey>
<MenuId>408121384</MenuId>
</xml>

2016-05-29 11:51:04 params :
------------
Array:
rule : -2 ;
module :  ;
message : Array ;

2016-05-29 11:51:04 response :
------------

2016-05-29 12:27:14 trace :
------------
String:
<xml><ToUserName><![CDATA[gh_339b357d6bcb]]></ToUserName>
<FromUserName><![CDATA[oq5x0uOovxZWZ5ZaeVTZuc-1Lmes]]></FromUserName>
<CreateTime>1464496015</CreateTime>
<MsgType><![CDATA[text]]></MsgType>
<Content><![CDATA[竞猜]]></Content>
<MsgId>6289962489953483835</MsgId>
</xml>

2016-05-29 12:27:14 params :
------------
Array:
message : Array ;
module : ewei_vote ;
rule : 19 ;
priority : 0 ;
keyword : Array ;

2016-05-29 12:27:14 response :
------------
Array:
FromUserName : gh_339b357d6bcb ;
ToUserName : oq5x0uOovxZWZ5ZaeVTZuc-1Lmes ;
MsgType : news ;
ArticleCount : 1 ;
Articles : Array ;

2016-05-29 12:58:17 trace :
------------
String:
<xml><ToUserName><![CDATA[gh_339b357d6bcb]]></ToUserName>
<FromUserName><![CDATA[oq5x0uGyCc0T4HJIWLmSaHvDfsa0]]></FromUserName>
<CreateTime>1464497892</CreateTime>
<MsgType><![CDATA[event]]></MsgType>
<Event><![CDATA[subscribe]]></Event>
<EventKey><![CDATA[]]></EventKey>
</xml>

2016-05-29 12:58:17 params :
------------
Array:
message : Array ;
module : ewei_vote ;
rule : 19 ;
priority : 0 ;
keyword : Array ;

2016-05-29 12:58:17 response :
------------
Array:
FromUserName : gh_339b357d6bcb ;
ToUserName : oq5x0uGyCc0T4HJIWLmSaHvDfsa0 ;
MsgType : news ;
ArticleCount : 1 ;
Articles : Array ;

2016-05-29 12:58:25 trace :
------------
String:
<xml><ToUserName><![CDATA[gh_339b357d6bcb]]></ToUserName>
<FromUserName><![CDATA[oq5x0uGyCc0T4HJIWLmSaHvDfsa0]]></FromUserName>
<CreateTime>1464497901</CreateTime>
<MsgType><![CDATA[text]]></MsgType>
<Content><![CDATA[竞猜]]></Content>
<MsgId>6289970590261804345</MsgId>
</xml>

2016-05-29 12:58:25 params :
------------
Array:
message : Array ;
module : ewei_vote ;
rule : 19 ;
priority : 0 ;
keyword : Array ;

2016-05-29 12:58:25 response :
------------
Array:
FromUserName : gh_339b357d6bcb ;
ToUserName : oq5x0uGyCc0T4HJIWLmSaHvDfsa0 ;
MsgType : news ;
ArticleCount : 1 ;
Articles : Array ;

2016-05-29 13:09:00 trace :
------------
String:
<xml><ToUserName><![CDATA[gh_339b357d6bcb]]></ToUserName>
<FromUserName><![CDATA[oq5x0uBoTrZBjOX8JGkptRNo2LGw]]></FromUserName>
<CreateTime>1464498533</CreateTime>
<MsgType><![CDATA[event]]></MsgType>
<Event><![CDATA[subscribe]]></Event>
<EventKey><![CDATA[]]></EventKey>
</xml>

2016-05-29 13:09:00 params :
------------
Array:
message : Array ;
module : ewei_vote ;
rule : 19 ;
priority : 0 ;
keyword : Array ;

2016-05-29 13:09:00 response :
------------
Array:
FromUserName : gh_339b357d6bcb ;
ToUserName : oq5x0uBoTrZBjOX8JGkptRNo2LGw ;
MsgType : news ;
ArticleCount : 1 ;
Articles : Array ;

2016-05-29 13:16:00 trace :
------------
String:
<xml><ToUserName><![CDATA[gh_339b357d6bcb]]></ToUserName>
<FromUserName><![CDATA[oq5x0uC_HdmDfrmwVgQev1OassyU]]></FromUserName>
<CreateTime>1464498952</CreateTime>
<MsgType><![CDATA[event]]></MsgType>
<Event><![CDATA[subscribe]]></Event>
<EventKey><![CDATA[]]></EventKey>
</xml>

2016-05-29 13:16:00 params :
------------
Array:
message : Array ;
module : ewei_vote ;
rule : 19 ;
priority : 0 ;
keyword : Array ;

2016-05-29 13:16:00 response :
------------
Array:
FromUserName : gh_339b357d6bcb ;
ToUserName : oq5x0uC_HdmDfrmwVgQev1OassyU ;
MsgType : news ;
ArticleCount : 1 ;
Articles : Array ;

2016-05-29 14:42:09 trace :
------------
String:
<xml><ToUserName><![CDATA[gh_d5c808a7666e]]></ToUserName>
<FromUserName><![CDATA[om_6jt03F4Y1xuzdfiUxzXPEBfvo]]></FromUserName>
<CreateTime>1464504128</CreateTime>
<MsgType><![CDATA[event]]></MsgType>
<Event><![CDATA[unsubscribe]]></Event>
<EventKey><![CDATA[]]></EventKey>
</xml>

2016-05-29 14:43:33 trace :
------------
String:
<xml><ToUserName><![CDATA[gh_339b357d6bcb]]></ToUserName>
<FromUserName><![CDATA[oq5x0uJJrjdA528CpJfKukfQCxEk]]></FromUserName>
<CreateTime>1464504211</CreateTime>
<MsgType><![CDATA[event]]></MsgType>
<Event><![CDATA[subscribe]]></Event>
<EventKey><![CDATA[]]></EventKey>
</xml>

2016-05-29 14:43:33 params :
------------
Array:
message : Array ;
module : ewei_vote ;
rule : 19 ;
priority : 0 ;
keyword : Array ;

2016-05-29 14:43:33 response :
------------
Array:
FromUserName : gh_339b357d6bcb ;
ToUserName : oq5x0uJJrjdA528CpJfKukfQCxEk ;
MsgType : news ;
ArticleCount : 1 ;
Articles : Array ;

2016-05-29 14:43:46 trace :
------------
String:
<xml><ToUserName><![CDATA[gh_339b357d6bcb]]></ToUserName>
<FromUserName><![CDATA[oq5x0uJJrjdA528CpJfKukfQCxEk]]></FromUserName>
<CreateTime>1464504225</CreateTime>
<MsgType><![CDATA[text]]></MsgType>
<Content><![CDATA[竞猜]]></Content>
<MsgId>6289997751634985605</MsgId>
</xml>

2016-05-29 14:43:46 params :
------------
Array:
message : Array ;
module : ewei_vote ;
rule : 19 ;
priority : 0 ;
keyword : Array ;

2016-05-29 14:43:46 response :
------------
Array:
FromUserName : gh_339b357d6bcb ;
ToUserName : oq5x0uJJrjdA528CpJfKukfQCxEk ;
MsgType : news ;
ArticleCount : 1 ;
Articles : Array ;

2016-05-29 14:49:41 trace :
------------
String:
<xml><ToUserName><![CDATA[gh_339b357d6bcb]]></ToUserName>
<FromUserName><![CDATA[oq5x0uJJrjdA528CpJfKukfQCxEk]]></FromUserName>
<CreateTime>1464504578</CreateTime>
<MsgType><![CDATA[text]]></MsgType>
<Content><![CDATA[怎么选择？]]></Content>
<MsgId>6289999267758441171</MsgId>
</xml>

2016-05-29 14:49:41 params :
------------
Array:
message : Array ;
module : ewei_vote ;
rule : 19 ;
priority : 0 ;
keyword : Array ;

2016-05-29 14:49:41 response :
------------
Array:
FromUserName : gh_339b357d6bcb ;
ToUserName : oq5x0uJJrjdA528CpJfKukfQCxEk ;
MsgType : news ;
ArticleCount : 1 ;
Articles : Array ;

2016-05-29 14:54:10 trace :
------------
String:
<xml><ToUserName><![CDATA[gh_339b357d6bcb]]></ToUserName>
<FromUserName><![CDATA[oq5x0uE1ME-VqqcH9omE4gCoONG0]]></FromUserName>
<CreateTime>1464504847</CreateTime>
<MsgType><![CDATA[event]]></MsgType>
<Event><![CDATA[subscribe]]></Event>
<EventKey><![CDATA[]]></EventKey>
</xml>

2016-05-29 14:54:10 params :
------------
Array:
message : Array ;
module : ewei_vote ;
rule : 19 ;
priority : 0 ;
keyword : Array ;

2016-05-29 14:54:10 response :
------------
Array:
FromUserName : gh_339b357d6bcb ;
ToUserName : oq5x0uE1ME-VqqcH9omE4gCoONG0 ;
MsgType : news ;
ArticleCount : 1 ;
Articles : Array ;

2016-05-29 15:34:16 trace :
------------
String:
<xml><ToUserName><![CDATA[gh_339b357d6bcb]]></ToUserName>
<FromUserName><![CDATA[oq5x0uCqGhtU5WMh2XEZVgkEnqU8]]></FromUserName>
<CreateTime>1464507243</CreateTime>
<MsgType><![CDATA[text]]></MsgType>
<Content><![CDATA[竞猜]]></Content>
<MsgId>6290010713846285405</MsgId>
</xml>

2016-05-29 15:34:16 params :
------------
Array:
message : Array ;
module : ewei_vote ;
rule : 19 ;
priority : 0 ;
keyword : Array ;

2016-05-29 15:34:16 response :
------------
Array:
FromUserName : gh_339b357d6bcb ;
ToUserName : oq5x0uCqGhtU5WMh2XEZVgkEnqU8 ;
MsgType : news ;
ArticleCount : 1 ;
Articles : Array ;

2016-05-29 15:45:31 trace :
------------
String:
<xml><ToUserName><![CDATA[gh_371dfdf2ba7a]]></ToUserName>
<FromUserName><![CDATA[oe632wOQD3Wz8vQC7QYpwYCL4G5Y]]></FromUserName>
<CreateTime>1464507928</CreateTime>
<MsgType><![CDATA[event]]></MsgType>
<Event><![CDATA[VIEW]]></Event>
<EventKey><![CDATA[http://dede.vlldoo.com/down_ser.aspx]]></EventKey>
<MenuId>408121384</MenuId>
</xml>

2016-05-29 15:45:31 params :
------------
Array:
rule : -2 ;
module :  ;
message : Array ;

2016-05-29 15:45:31 response :
------------

2016-05-29 15:51:54 trace :
------------
String:
<xml><ToUserName><![CDATA[gh_371dfdf2ba7a]]></ToUserName>
<FromUserName><![CDATA[oe632wPzuB4I7QJ7MWCwozYwbGCw]]></FromUserName>
<CreateTime>1464508310</CreateTime>
<MsgType><![CDATA[event]]></MsgType>
<Event><![CDATA[VIEW]]></Event>
<EventKey><![CDATA[http://dede.vlldoo.com/down_ser.aspx]]></EventKey>
<MenuId>408121384</MenuId>
</xml>

2016-05-29 15:51:55 params :
------------
Array:
rule : -2 ;
module :  ;
message : Array ;

2016-05-29 15:51:55 response :
------------

2016-05-29 16:00:04 trace :
------------
String:
<xml><ToUserName><![CDATA[gh_339b357d6bcb]]></ToUserName>
<FromUserName><![CDATA[oq5x0uNerEcf2OfPafF9JApWef4c]]></FromUserName>
<CreateTime>1464508798</CreateTime>
<MsgType><![CDATA[event]]></MsgType>
<Event><![CDATA[subscribe]]></Event>
<EventKey><![CDATA[]]></EventKey>
</xml>

2016-05-29 16:00:04 params :
------------
Array:
message : Array ;
module : ewei_vote ;
rule : 19 ;
priority : 0 ;
keyword : Array ;

2016-05-29 16:00:04 response :
------------
Array:
FromUserName : gh_339b357d6bcb ;
ToUserName : oq5x0uNerEcf2OfPafF9JApWef4c ;
MsgType : news ;
ArticleCount : 1 ;
Articles : Array ;

2016-05-29 16:57:28 trace :
------------
String:
<xml><ToUserName><![CDATA[gh_339b357d6bcb]]></ToUserName>
<FromUserName><![CDATA[oq5x0uFt8CzpV3naEv6n4OEbUTXI]]></FromUserName>
<CreateTime>1464512236</CreateTime>
<MsgType><![CDATA[event]]></MsgType>
<Event><![CDATA[subscribe]]></Event>
<EventKey><![CDATA[]]></EventKey>
</xml>

2016-05-29 16:57:28 params :
------------
Array:
message : Array ;
module : ewei_vote ;
rule : 19 ;
priority : 0 ;
keyword : Array ;

2016-05-29 16:57:28 response :
------------
Array:
FromUserName : gh_339b357d6bcb ;
ToUserName : oq5x0uFt8CzpV3naEv6n4OEbUTXI ;
MsgType : news ;
ArticleCount : 1 ;
Articles : Array ;

2016-05-29 16:59:19 trace :
------------
String:
<xml><ToUserName><![CDATA[gh_339b357d6bcb]]></ToUserName>
<FromUserName><![CDATA[oq5x0uH-_VoudmdbzD0tqnDvtEC8]]></FromUserName>
<CreateTime>1464512346</CreateTime>
<MsgType><![CDATA[event]]></MsgType>
<Event><![CDATA[subscribe]]></Event>
<EventKey><![CDATA[]]></EventKey>
</xml>

2016-05-29 16:59:19 params :
------------
Array:
message : Array ;
module : ewei_vote ;
rule : 19 ;
priority : 0 ;
keyword : Array ;

2016-05-29 16:59:19 response :
------------
Array:
FromUserName : gh_339b357d6bcb ;
ToUserName : oq5x0uH-_VoudmdbzD0tqnDvtEC8 ;
MsgType : news ;
ArticleCount : 1 ;
Articles : Array ;

2016-05-29 17:03:20 trace :
------------
String:
<xml><ToUserName><![CDATA[gh_339b357d6bcb]]></ToUserName>
<FromUserName><![CDATA[oq5x0uMJz_RB9Es76l0talsijpXw]]></FromUserName>
<CreateTime>1464512587</CreateTime>
<MsgType><![CDATA[event]]></MsgType>
<Event><![CDATA[subscribe]]></Event>
<EventKey><![CDATA[]]></EventKey>
</xml>

2016-05-29 17:03:20 params :
------------
Array:
message : Array ;
module : ewei_vote ;
rule : 19 ;
priority : 0 ;
keyword : Array ;

2016-05-29 17:03:20 response :
------------
Array:
FromUserName : gh_339b357d6bcb ;
ToUserName : oq5x0uMJz_RB9Es76l0talsijpXw ;
MsgType : news ;
ArticleCount : 1 ;
Articles : Array ;

2016-05-29 17:03:26 trace :
------------
String:
<xml><ToUserName><![CDATA[gh_339b357d6bcb]]></ToUserName>
<FromUserName><![CDATA[oq5x0uMJz_RB9Es76l0talsijpXw]]></FromUserName>
<CreateTime>1464512593</CreateTime>
<MsgType><![CDATA[text]]></MsgType>
<Content><![CDATA[竞猜]]></Content>
<MsgId>6290033691921319732</MsgId>
</xml>

2016-05-29 17:03:26 params :
------------
Array:
message : Array ;
module : ewei_vote ;
rule : 19 ;
priority : 0 ;
keyword : Array ;

2016-05-29 17:03:26 response :
------------
Array:
FromUserName : gh_339b357d6bcb ;
ToUserName : oq5x0uMJz_RB9Es76l0talsijpXw ;
MsgType : news ;
ArticleCount : 1 ;
Articles : Array ;

2016-05-29 18:08:17 trace :
------------
String:
<xml><ToUserName><![CDATA[gh_339b357d6bcb]]></ToUserName>
<FromUserName><![CDATA[oq5x0uDgZhHKuw47k6NocwOj81SY]]></FromUserName>
<CreateTime>1464516489</CreateTime>
<MsgType><![CDATA[event]]></MsgType>
<Event><![CDATA[subscribe]]></Event>
<EventKey><![CDATA[]]></EventKey>
</xml>

2016-05-29 18:08:17 params :
------------
Array:
message : Array ;
module : ewei_vote ;
rule : 19 ;
priority : 0 ;
keyword : Array ;

2016-05-29 18:08:17 response :
------------
Array:
FromUserName : gh_339b357d6bcb ;
ToUserName : oq5x0uDgZhHKuw47k6NocwOj81SY ;
MsgType : news ;
ArticleCount : 1 ;
Articles : Array ;

2016-05-29 21:34:33 trace :
------------
String:
<xml><ToUserName><![CDATA[gh_371dfdf2ba7a]]></ToUserName>
<FromUserName><![CDATA[oe632wEZ2ASRrRNufXSkUqzJKmWw]]></FromUserName>
<CreateTime>1464528872</CreateTime>
<MsgType><![CDATA[event]]></MsgType>
<Event><![CDATA[subscribe]]></Event>
<EventKey><![CDATA[]]></EventKey>
</xml>

2016-05-29 21:34:33 params :
------------
Array:
rule : -2 ;
module :  ;
message : Array ;

2016-05-29 21:34:33 response :
------------

2016-05-29 21:34:38 trace :
------------
String:
<xml><ToUserName><![CDATA[gh_371dfdf2ba7a]]></ToUserName>
<FromUserName><![CDATA[oe632wEZ2ASRrRNufXSkUqzJKmWw]]></FromUserName>
<CreateTime>1464528877</CreateTime>
<MsgType><![CDATA[event]]></MsgType>
<Event><![CDATA[VIEW]]></Event>
<EventKey><![CDATA[http://wqq.xyj0772.com/app/index.php?i=4&c=mc&]]></EventKey>
<MenuId>408121384</MenuId>
</xml>

2016-05-29 21:34:38 params :
------------
Array:
rule : -2 ;
module :  ;
message : Array ;

2016-05-29 21:34:38 response :
------------

2016-05-29 21:34:42 trace :
------------
String:
<xml><ToUserName><![CDATA[gh_371dfdf2ba7a]]></ToUserName>
<FromUserName><![CDATA[oe632wEZ2ASRrRNufXSkUqzJKmWw]]></FromUserName>
<CreateTime>1464528881</CreateTime>
<MsgType><![CDATA[event]]></MsgType>
<Event><![CDATA[VIEW]]></Event>
<EventKey><![CDATA[http://wqq.xyj0772.com/app/index.php?i=2&j=2&c=entry&rid=20&do=photosvoteview&m=fm_photosvote&from=click]]></EventKey>
<MenuId>408121384</MenuId>
</xml>

2016-05-29 21:34:42 params :
------------
Array:
rule : -2 ;
module :  ;
message : Array ;

2016-05-29 21:34:42 response :
------------

2016-05-29 21:47:25 trace :
------------
String:
<xml><ToUserName><![CDATA[gh_371dfdf2ba7a]]></ToUserName>
<FromUserName><![CDATA[oe632wEZ2ASRrRNufXSkUqzJKmWw]]></FromUserName>
<CreateTime>1464529643</CreateTime>
<MsgType><![CDATA[event]]></MsgType>
<Event><![CDATA[VIEW]]></Event>
<EventKey><![CDATA[http://wqq.xyj0772.com/app/index.php?i=4&c=mc&]]></EventKey>
<MenuId>408121384</MenuId>
</xml>

2016-05-29 21:47:25 params :
------------
Array:
rule : -2 ;
module :  ;
message : Array ;

2016-05-29 21:47:25 response :
------------

2016-05-29 21:47:30 trace :
------------
String:
<xml><ToUserName><![CDATA[gh_371dfdf2ba7a]]></ToUserName>
<FromUserName><![CDATA[oe632wEZ2ASRrRNufXSkUqzJKmWw]]></FromUserName>
<CreateTime>1464529647</CreateTime>
<MsgType><![CDATA[event]]></MsgType>
<Event><![CDATA[VIEW]]></Event>
<EventKey><![CDATA[http://wqq.xyj0772.com/app/index.php?i=2&j=2&c=entry&rid=20&do=photosvoteview&m=fm_photosvote&from=click]]></EventKey>
<MenuId>408121384</MenuId>
</xml>

2016-05-29 21:47:30 params :
------------
Array:
rule : -2 ;
module :  ;
message : Array ;

2016-05-29 21:47:30 response :
------------

2016-05-29 21:47:51 trace :
------------
String:
<xml><ToUserName><![CDATA[gh_371dfdf2ba7a]]></ToUserName>
<FromUserName><![CDATA[oe632wEZ2ASRrRNufXSkUqzJKmWw]]></FromUserName>
<CreateTime>1464529669</CreateTime>
<MsgType><![CDATA[event]]></MsgType>
<Event><![CDATA[VIEW]]></Event>
<EventKey><![CDATA[http://wqq.xyj0772.com/app/index.php?i=4&c=mc&]]></EventKey>
<MenuId>408121384</MenuId>
</xml>

2016-05-29 21:47:51 params :
------------
Array:
rule : -2 ;
module :  ;
message : Array ;

2016-05-29 21:47:51 response :
------------

2016-05-29 22:34:06 trace :
------------
String:
<xml><ToUserName><![CDATA[gh_339b357d6bcb]]></ToUserName>
<FromUserName><![CDATA[oq5x0uGjjXmbkwrS7_QRwqBK7A9A]]></FromUserName>
<CreateTime>1464532446</CreateTime>
<MsgType><![CDATA[event]]></MsgType>
<Event><![CDATA[subscribe]]></Event>
<EventKey><![CDATA[]]></EventKey>
</xml>

2016-05-29 22:34:06 params :
------------
Array:
message : Array ;
module : ewei_vote ;
rule : 19 ;
priority : 0 ;
keyword : Array ;

2016-05-29 22:34:06 response :
------------
Array:
FromUserName : gh_339b357d6bcb ;
ToUserName : oq5x0uGjjXmbkwrS7_QRwqBK7A9A ;
MsgType : news ;
ArticleCount : 1 ;
Articles : Array ;

2016-05-29 23:11:56 trace :
------------
String:
<xml><ToUserName><![CDATA[gh_371dfdf2ba7a]]></ToUserName>
<FromUserName><![CDATA[oe632wOQD3Wz8vQC7QYpwYCL4G5Y]]></FromUserName>
<CreateTime>1464534708</CreateTime>
<MsgType><![CDATA[event]]></MsgType>
<Event><![CDATA[VIEW]]></Event>
<EventKey><![CDATA[http://wqq.xyj0772.com/app/index.php?i=2&j=2&c=entry&rid=20&do=photosvoteview&m=fm_photosvote&from=click]]></EventKey>
<MenuId>408121384</MenuId>
</xml>

2016-05-29 23:11:56 params :
------------
Array:
rule : -2 ;
module :  ;
message : Array ;

2016-05-29 23:11:56 response :
------------

2016-05-29 23:12:01 trace :
------------
String:
<xml><ToUserName><![CDATA[gh_339b357d6bcb]]></ToUserName>
<FromUserName><![CDATA[oq5x0uGV88pV-LtzKHYOYmATLA1I]]></FromUserName>
<CreateTime>1464534714</CreateTime>
<MsgType><![CDATA[event]]></MsgType>
<Event><![CDATA[subscribe]]></Event>
<EventKey><![CDATA[]]></EventKey>
</xml>

2016-05-29 23:12:01 params :
------------
Array:
message : Array ;
module : ewei_vote ;
rule : 19 ;
priority : 0 ;
keyword : Array ;

2016-05-29 23:12:01 response :
------------
Array:
FromUserName : gh_339b357d6bcb ;
ToUserName : oq5x0uGV88pV-LtzKHYOYmATLA1I ;
MsgType : news ;
ArticleCount : 1 ;
Articles : Array ;

2016-05-29 23:12:25 trace :
------------
String:
<xml><ToUserName><![CDATA[gh_371dfdf2ba7a]]></ToUserName>
<FromUserName><![CDATA[oe632wOQD3Wz8vQC7QYpwYCL4G5Y]]></FromUserName>
<CreateTime>1464534737</CreateTime>
<MsgType><![CDATA[text]]></MsgType>
<Content><![CDATA[投票]]></Content>
<MsgId>6290128799679090718</MsgId>
</xml>

2016-05-29 23:12:25 params :
------------
Array:
message : Array ;
module : fm_photosvote ;
rule : 22 ;
priority : 0 ;
keyword : Array ;

2016-05-29 23:12:25 response :
------------
Array:
FromUserName : gh_371dfdf2ba7a ;
ToUserName : oe632wOQD3Wz8vQC7QYpwYCL4G5Y ;
MsgType : news ;
ArticleCount : 1 ;
Articles : Array ;

2016-05-29 23:13:02 trace :
------------
String:
<xml><ToUserName><![CDATA[gh_371dfdf2ba7a]]></ToUserName>
<FromUserName><![CDATA[oe632wOQD3Wz8vQC7QYpwYCL4G5Y]]></FromUserName>
<CreateTime>1464534774</CreateTime>
<MsgType><![CDATA[event]]></MsgType>
<Event><![CDATA[VIEW]]></Event>
<EventKey><![CDATA[http://wqq.xyj0772.com/app/index.php?i=4&c=mc&]]></EventKey>
<MenuId>408121384</MenuId>
</xml>

2016-05-29 23:13:02 params :
------------
Array:
rule : -2 ;
module :  ;
message : Array ;

2016-05-29 23:13:02 response :
------------

2016-05-29 23:13:06 trace :
------------
String:
<xml><ToUserName><![CDATA[gh_371dfdf2ba7a]]></ToUserName>
<FromUserName><![CDATA[oe632wOQD3Wz8vQC7QYpwYCL4G5Y]]></FromUserName>
<CreateTime>1464534778</CreateTime>
<MsgType><![CDATA[event]]></MsgType>
<Event><![CDATA[VIEW]]></Event>
<EventKey><![CDATA[http://wqq.xyj0772.com/app/index.php?i=2&j=2&c=entry&rid=20&do=photosvoteview&m=fm_photosvote&from=click]]></EventKey>
<MenuId>408121384</MenuId>
</xml>

2016-05-29 23:13:06 params :
------------
Array:
rule : -2 ;
module :  ;
message : Array ;

2016-05-29 23:13:06 response :
------------

2016-05-29 23:15:26 trace :
------------
String:
<xml><ToUserName><![CDATA[gh_371dfdf2ba7a]]></ToUserName>
<FromUserName><![CDATA[oe632wOQD3Wz8vQC7QYpwYCL4G5Y]]></FromUserName>
<CreateTime>1464534918</CreateTime>
<MsgType><![CDATA[event]]></MsgType>
<Event><![CDATA[VIEW]]></Event>
<EventKey><![CDATA[http://wqq.xyj0772.com/app/index.php?i=4&c=mc&]]></EventKey>
<MenuId>408121384</MenuId>
</xml>

2016-05-29 23:15:27 params :
------------
Array:
rule : -2 ;
module :  ;
message : Array ;

2016-05-29 23:15:27 response :
------------

2016-05-29 23:15:30 trace :
------------
String:
<xml><ToUserName><![CDATA[gh_371dfdf2ba7a]]></ToUserName>
<FromUserName><![CDATA[oe632wOQD3Wz8vQC7QYpwYCL4G5Y]]></FromUserName>
<CreateTime>1464534921</CreateTime>
<MsgType><![CDATA[event]]></MsgType>
<Event><![CDATA[VIEW]]></Event>
<EventKey><![CDATA[http://wqq.xyj0772.com/app/index.php?i=4&c=mc&]]></EventKey>
<MenuId>408121384</MenuId>
</xml>

2016-05-29 23:15:30 params :
------------
Array:
rule : -2 ;
module :  ;
message : Array ;

2016-05-29 23:15:30 response :
------------

2016-05-29 23:15:32 trace :
------------
String:
<xml><ToUserName><![CDATA[gh_371dfdf2ba7a]]></ToUserName>
<FromUserName><![CDATA[oe632wOQD3Wz8vQC7QYpwYCL4G5Y]]></FromUserName>
<CreateTime>1464534923</CreateTime>
<MsgType><![CDATA[event]]></MsgType>
<Event><![CDATA[VIEW]]></Event>
<EventKey><![CDATA[http://wqq.xyj0772.com/app/index.php?i=4&c=mc&]]></EventKey>
<MenuId>408121384</MenuId>
</xml>

2016-05-29 23:15:32 params :
------------
Array:
rule : -2 ;
module :  ;
message : Array ;

2016-05-29 23:15:32 response :
------------

2016-05-29 23:15:34 trace :
------------
String:
<xml><ToUserName><![CDATA[gh_371dfdf2ba7a]]></ToUserName>
<FromUserName><![CDATA[oe632wOQD3Wz8vQC7QYpwYCL4G5Y]]></FromUserName>
<CreateTime>1464534925</CreateTime>
<MsgType><![CDATA[event]]></MsgType>
<Event><![CDATA[VIEW]]></Event>
<EventKey><![CDATA[http://wqq.xyj0772.com/app/index.php?i=2&j=2&c=entry&rid=20&do=photosvoteview&m=fm_photosvote&from=click]]></EventKey>
<MenuId>408121384</MenuId>
</xml>

2016-05-29 23:15:34 params :
------------
Array:
rule : -2 ;
module :  ;
message : Array ;

2016-05-29 23:15:34 response :
------------

2016-05-29 23:53:33 trace :
------------
String:
<xml><ToUserName><![CDATA[gh_339b357d6bcb]]></ToUserName>
<FromUserName><![CDATA[oq5x0uES1JlqUSHrPEqkV5vWs4I0]]></FromUserName>
<CreateTime>1464537210</CreateTime>
<MsgType><![CDATA[event]]></MsgType>
<Event><![CDATA[unsubscribe]]></Event>
<EventKey><![CDATA[]]></EventKey>
</xml>

