2016-10-19 15:28:53 trace :
------------
String:
<xml><ToUserName><![CDATA[gh_d5c808a7666e]]></ToUserName>
<FromUserName><![CDATA[om_6jt0mq0SXwqYbKTteo5rulNco]]></FromUserName>
<CreateTime>1476862133</CreateTime>
<MsgType><![CDATA[event]]></MsgType>
<Event><![CDATA[VIEW]]></Event>
<EventKey><![CDATA[http://shanghai.xyj0772.com/app/index.php?i=1&c=entry&do=orderlist&m=weisrc_dish]]></EventKey>
<MenuId>405795979</MenuId>
</xml>

2016-10-19 15:28:53 params :
------------
Array:
rule : -2 ;
module :  ;
message : Array ;

2016-10-19 15:28:53 response :
------------

2016-10-19 15:29:18 trace :
------------
String:
<xml><ToUserName><![CDATA[gh_d5c808a7666e]]></ToUserName>
<FromUserName><![CDATA[om_6jt0mq0SXwqYbKTteo5rulNco]]></FromUserName>
<CreateTime>1476862157</CreateTime>
<MsgType><![CDATA[text]]></MsgType>
<Content><![CDATA[http://shanghai.xyj0772.com/app/index.php?i=1&c=entry&do=orderdetail&m=weisrc_dish&orderid=9]]></Content>
<MsgId>6343074665420835025</MsgId>
</xml>

2016-10-19 15:29:18 params :
------------
Array:
rule : -2 ;
module :  ;
message : Array ;

2016-10-19 15:29:18 response :
------------

2016-10-19 15:38:08 trace :
------------
String:
<xml><ToUserName><![CDATA[gh_d5c808a7666e]]></ToUserName>
<FromUserName><![CDATA[om_6jt0mq0SXwqYbKTteo5rulNco]]></FromUserName>
<CreateTime>1476862688</CreateTime>
<MsgType><![CDATA[event]]></MsgType>
<Event><![CDATA[LOCATION]]></Event>
<Latitude>24.307941</Latitude>
<Longitude>109.403214</Longitude>
<Precision>65.000000</Precision>
</xml>

2016-10-19 15:38:08 params :
------------
Array:
message : Array ;
module : default ;
rule : -1 ;

2016-10-19 15:38:08 response :
------------
Array:
errno : -1 ;
message : Invaild value ;

2016-10-19 15:38:13 trace :
------------
String:
<xml><ToUserName><![CDATA[gh_d5c808a7666e]]></ToUserName>
<FromUserName><![CDATA[om_6jt0mq0SXwqYbKTteo5rulNco]]></FromUserName>
<CreateTime>1476862693</CreateTime>
<MsgType><![CDATA[event]]></MsgType>
<Event><![CDATA[scancode_push]]></Event>
<EventKey><![CDATA[11]]></EventKey>
<ScanCodeInfo><ScanType><![CDATA[qrcode]]></ScanType>
<ScanResult><![CDATA[http://shanghai.xyj0772.com/app/index.php?i=1&c=entry&mode=1&storeid=1&tablesid=44&do=waplist&m=weisrc_dish]]></ScanResult>
</ScanCodeInfo>
</xml>

2016-10-19 15:38:13 params :
------------
Array:
rule : -2 ;
module :  ;
message : Array ;

2016-10-19 15:38:13 response :
------------

2016-10-19 17:13:47 trace :
------------
String:
<xml><ToUserName><![CDATA[gh_d5c808a7666e]]></ToUserName>
<FromUserName><![CDATA[om_6jt0mq0SXwqYbKTteo5rulNco]]></FromUserName>
<CreateTime>1476868427</CreateTime>
<MsgType><![CDATA[text]]></MsgType>
<Content><![CDATA[排号]]></Content>
<MsgId>6343101594865780958</MsgId>
</xml>

2016-10-19 17:13:47 params :
------------
Array:
rule : -2 ;
module :  ;
message : Array ;

2016-10-19 17:13:47 response :
------------

2016-10-19 17:16:34 trace :
------------
String:
<xml><ToUserName><![CDATA[gh_d5c808a7666e]]></ToUserName>
<FromUserName><![CDATA[om_6jt0mq0SXwqYbKTteo5rulNco]]></FromUserName>
<CreateTime>1476868594</CreateTime>
<MsgType><![CDATA[text]]></MsgType>
<Content><![CDATA[
http://shanghai.xyj0772.com/app/index.php?i=1&c=entry&do=wapselect&m=weisrc_dish]]></Content>
<MsgId>6343102312125319391</MsgId>
</xml>

2016-10-19 17:16:34 params :
------------
Array:
rule : -2 ;
module :  ;
message : Array ;

2016-10-19 17:16:34 response :
------------

2016-10-19 17:20:06 trace :
------------
String:
<xml><ToUserName><![CDATA[gh_d5c808a7666e]]></ToUserName>
<FromUserName><![CDATA[om_6jt0mq0SXwqYbKTteo5rulNco]]></FromUserName>
<CreateTime>1476868806</CreateTime>
<MsgType><![CDATA[event]]></MsgType>
<Event><![CDATA[VIEW]]></Event>
<EventKey><![CDATA[http://shanghai.xyj0772.com/app/index.php?i=1&c=entry&eid=110]]></EventKey>
<MenuId>405795979</MenuId>
</xml>

2016-10-19 17:20:06 params :
------------
Array:
rule : -2 ;
module :  ;
message : Array ;

2016-10-19 17:20:06 response :
------------

2016-10-19 17:20:11 trace :
------------
String:
<xml><ToUserName><![CDATA[gh_d5c808a7666e]]></ToUserName>
<FromUserName><![CDATA[om_6jt0mq0SXwqYbKTteo5rulNco]]></FromUserName>
<CreateTime>1476868811</CreateTime>
<MsgType><![CDATA[event]]></MsgType>
<Event><![CDATA[VIEW]]></Event>
<EventKey><![CDATA[http://shanghai.xyj0772.com/app/index.php?i=1&c=entry&eid=110]]></EventKey>
<MenuId>405795979</MenuId>
</xml>

2016-10-19 17:20:11 params :
------------
Array:
rule : -2 ;
module :  ;
message : Array ;

2016-10-19 17:20:11 response :
------------

2016-10-19 17:23:42 trace :
------------
String:
<xml><ToUserName><![CDATA[gh_d5c808a7666e]]></ToUserName>
<FromUserName><![CDATA[om_6jt0mq0SXwqYbKTteo5rulNco]]></FromUserName>
<CreateTime>1476869021</CreateTime>
<MsgType><![CDATA[text]]></MsgType>
<Content><![CDATA[http://shanghai.xyj0772.com/app/index.php?i=1&c=entry&storeid=1&do=queue&m=weisrc_dish]]></Content>
<MsgId>6343104146076354787</MsgId>
</xml>

2016-10-19 17:23:42 params :
------------
Array:
rule : -2 ;
module :  ;
message : Array ;

2016-10-19 17:23:42 response :
------------

2016-10-19 17:26:30 trace :
------------
String:
<xml><ToUserName><![CDATA[gh_d5c808a7666e]]></ToUserName>
<FromUserName><![CDATA[om_6jt0mq0SXwqYbKTteo5rulNco]]></FromUserName>
<CreateTime>1476869189</CreateTime>
<MsgType><![CDATA[event]]></MsgType>
<Event><![CDATA[VIEW]]></Event>
<EventKey><![CDATA[http://shanghai.xyj0772.com/app/index.php?i=1&c=entry&storeid=1&do=queue&m=weisrc_dish]]></EventKey>
<MenuId>405817572</MenuId>
</xml>

2016-10-19 17:26:30 params :
------------
Array:
rule : -2 ;
module :  ;
message : Array ;

2016-10-19 17:26:30 response :
------------

2016-10-19 17:29:36 trace :
------------
String:
<xml><ToUserName><![CDATA[gh_d5c808a7666e]]></ToUserName>
<FromUserName><![CDATA[om_6jt0mq0SXwqYbKTteo5rulNco]]></FromUserName>
<CreateTime>1476869376</CreateTime>
<MsgType><![CDATA[event]]></MsgType>
<Event><![CDATA[VIEW]]></Event>
<EventKey><![CDATA[http://shanghai.xyj0772.com/app/index.php?i=1&c=entry&do=waprestList&m=weisrc_dish]]></EventKey>
<MenuId>405817572</MenuId>
</xml>

2016-10-19 17:29:36 params :
------------
Array:
rule : -2 ;
module :  ;
message : Array ;

2016-10-19 17:29:36 response :
------------

