2016-01-23 00:00:50 trace :
------------
String:
<xml><ToUserName><![CDATA[gh_ccbf343b8498]]></ToUserName>
<FromUserName><![CDATA[oc2pYwPIiTlCvLdPiu2pKDonEk8A]]></FromUserName>
<CreateTime>1453478451</CreateTime>
<MsgType><![CDATA[event]]></MsgType>
<Event><![CDATA[subscribe]]></Event>
<EventKey><![CDATA[]]></EventKey>
</xml>

2016-01-23 00:00:50 params :
------------
Array:
rule : -2 ;
module :  ;
message : Array ;

2016-01-23 00:00:50 response :
------------

2016-01-23 00:01:51 trace :
------------
String:
<xml><ToUserName><![CDATA[gh_60d22537c330]]></ToUserName>
<FromUserName><![CDATA[o2zJQwnQv2dbj6xniiR8YJv8tk5Y]]></FromUserName>
<CreateTime>1453478512</CreateTime>
<MsgType><![CDATA[text]]></MsgType>
<Content><![CDATA[邀请码]]></Content>
<MsgId>6242642674880958792</MsgId>
</xml>

2016-01-23 00:01:51 params :
------------
Array:
rule : -2 ;
module :  ;
message : Array ;

2016-01-23 00:01:51 response :
------------

2016-01-23 01:35:16 trace :
------------
String:
<xml><ToUserName><![CDATA[gh_60d22537c330]]></ToUserName>
<FromUserName><![CDATA[o2zJQwnQv2dbj6xniiR8YJv8tk5Y]]></FromUserName>
<CreateTime>1453484118</CreateTime>
<MsgType><![CDATA[event]]></MsgType>
<Event><![CDATA[unsubscribe]]></Event>
<EventKey><![CDATA[]]></EventKey>
</xml>

2016-01-23 01:41:29 trace :
------------
String:
<xml><ToUserName><![CDATA[gh_ccbf343b8498]]></ToUserName>
<FromUserName><![CDATA[oc2pYwNzLF__WfRQq9duzR3yGIlc]]></FromUserName>
<CreateTime>1453484491</CreateTime>
<MsgType><![CDATA[event]]></MsgType>
<Event><![CDATA[subscribe]]></Event>
<EventKey><![CDATA[]]></EventKey>
</xml>

2016-01-23 01:41:29 params :
------------
Array:
rule : -2 ;
module :  ;
message : Array ;

2016-01-23 01:41:29 response :
------------

2016-01-23 01:41:39 trace :
------------
String:
<xml><ToUserName><![CDATA[gh_ccbf343b8498]]></ToUserName>
<FromUserName><![CDATA[oc2pYwNzLF__WfRQq9duzR3yGIlc]]></FromUserName>
<CreateTime>1453484501</CreateTime>
<MsgType><![CDATA[text]]></MsgType>
<Content><![CDATA[拼团]]></Content>
<MsgId>6242668397441300908</MsgId>
</xml>

2016-01-23 01:41:39 params :
------------
Array:
message : Array ;
module : cover ;
rule : 15 ;
priority : 0 ;
keyword : Array ;

2016-01-23 01:41:39 response :
------------
Array:
FromUserName : gh_ccbf343b8498 ;
ToUserName : oc2pYwNzLF__WfRQq9duzR3yGIlc ;
MsgType : news ;
ArticleCount : 1 ;
Articles : Array ;

2016-01-23 01:48:54 trace :
------------
String:
<xml><ToUserName><![CDATA[gh_ccbf343b8498]]></ToUserName>
<FromUserName><![CDATA[oc2pYwDN6a0QOcKKEN9Esi18wj8E]]></FromUserName>
<CreateTime>1453484936</CreateTime>
<MsgType><![CDATA[event]]></MsgType>
<Event><![CDATA[subscribe]]></Event>
<EventKey><![CDATA[]]></EventKey>
</xml>

2016-01-23 01:48:54 params :
------------
Array:
rule : -2 ;
module :  ;
message : Array ;

2016-01-23 01:48:54 response :
------------

2016-01-23 01:49:09 trace :
------------
String:
<xml><ToUserName><![CDATA[gh_ccbf343b8498]]></ToUserName>
<FromUserName><![CDATA[oc2pYwDN6a0QOcKKEN9Esi18wj8E]]></FromUserName>
<CreateTime>1453484951</CreateTime>
<MsgType><![CDATA[text]]></MsgType>
<Content><![CDATA[互动小区]]></Content>
<MsgId>6242670330176584125</MsgId>
</xml>

2016-01-23 01:49:09 params :
------------
Array:
rule : -2 ;
module :  ;
message : Array ;

2016-01-23 01:49:09 response :
------------

2016-01-23 01:50:06 trace :
------------
String:
<xml><ToUserName><![CDATA[gh_ccbf343b8498]]></ToUserName>
<FromUserName><![CDATA[oc2pYwDN6a0QOcKKEN9Esi18wj8E]]></FromUserName>
<CreateTime>1453485008</CreateTime>
<MsgType><![CDATA[text]]></MsgType>
<Content><![CDATA[微相亲]]></Content>
<MsgId>6242670574989720002</MsgId>
</xml>

2016-01-23 01:50:06 params :
------------
Array:
rule : -2 ;
module :  ;
message : Array ;

2016-01-23 01:50:06 response :
------------

2016-01-23 02:12:10 trace :
------------
String:
<xml><ToUserName><![CDATA[gh_4a88bcb35142]]></ToUserName>
<FromUserName><![CDATA[oXvf4juot66Sm5aY7-mWU7POAX3k]]></FromUserName>
<CreateTime>1453486332</CreateTime>
<MsgType><![CDATA[event]]></MsgType>
<Event><![CDATA[LOCATION]]></Event>
<Latitude>29.344446</Latitude>
<Longitude>120.054543</Longitude>
<Precision>150.000000</Precision>
</xml>

2016-01-23 02:12:10 params :
------------
Array:
message : Array ;
module : default ;
rule : -1 ;

2016-01-23 02:12:10 response :
------------
Array:
errno : -1 ;
message : Invaild value ;

2016-01-23 07:00:40 trace :
------------
String:
<xml><ToUserName><![CDATA[gh_4e2dc508e67f]]></ToUserName>
<FromUserName><![CDATA[oKmr0jnr3qPzw-sfssAggL1C3hFg]]></FromUserName>
<CreateTime>1453503640</CreateTime>
<MsgType><![CDATA[event]]></MsgType>
<Event><![CDATA[unsubscribe]]></Event>
<EventKey><![CDATA[]]></EventKey>
</xml>

2016-01-23 09:52:32 trace :
------------
String:
<xml><ToUserName><![CDATA[gh_ccbf343b8498]]></ToUserName>
<FromUserName><![CDATA[oc2pYwMuPuktcAAYrZkzJiCVNjPQ]]></FromUserName>
<CreateTime>1453513953</CreateTime>
<MsgType><![CDATA[event]]></MsgType>
<Event><![CDATA[unsubscribe]]></Event>
<EventKey><![CDATA[]]></EventKey>
</xml>

2016-01-23 10:47:51 trace :
------------
String:
<xml><ToUserName><![CDATA[gh_ccbf343b8498]]></ToUserName>
<FromUserName><![CDATA[oc2pYwPiaUW3ePuDjRmA6F60bslg]]></FromUserName>
<CreateTime>1453517273</CreateTime>
<MsgType><![CDATA[event]]></MsgType>
<Event><![CDATA[subscribe]]></Event>
<EventKey><![CDATA[]]></EventKey>
</xml>

2016-01-23 10:47:51 params :
------------
Array:
rule : -2 ;
module :  ;
message : Array ;

2016-01-23 10:47:51 response :
------------

2016-01-23 10:48:08 trace :
------------
String:
<xml><ToUserName><![CDATA[gh_ccbf343b8498]]></ToUserName>
<FromUserName><![CDATA[oc2pYwPiaUW3ePuDjRmA6F60bslg]]></FromUserName>
<CreateTime>1453517289</CreateTime>
<MsgType><![CDATA[text]]></MsgType>
<Content><![CDATA[拼团]]></Content>
<MsgId>6242809220829004167</MsgId>
</xml>

2016-01-23 10:48:08 params :
------------
Array:
message : Array ;
module : cover ;
rule : 15 ;
priority : 0 ;
keyword : Array ;

2016-01-23 10:48:08 response :
------------
Array:
FromUserName : gh_ccbf343b8498 ;
ToUserName : oc2pYwPiaUW3ePuDjRmA6F60bslg ;
MsgType : news ;
ArticleCount : 1 ;
Articles : Array ;

2016-01-23 10:54:32 trace :
------------
String:
<xml><ToUserName><![CDATA[gh_ccbf343b8498]]></ToUserName>
<FromUserName><![CDATA[oc2pYwNXcA5o9OTorT7JWg9PBjM8]]></FromUserName>
<CreateTime>1453517670</CreateTime>
<MsgType><![CDATA[event]]></MsgType>
<Event><![CDATA[subscribe]]></Event>
<EventKey><![CDATA[]]></EventKey>
</xml>

2016-01-23 10:54:32 params :
------------
Array:
rule : -2 ;
module :  ;
message : Array ;

2016-01-23 10:54:32 response :
------------

2016-01-23 10:54:40 trace :
------------
String:
<xml><ToUserName><![CDATA[gh_ccbf343b8498]]></ToUserName>
<FromUserName><![CDATA[oc2pYwNXcA5o9OTorT7JWg9PBjM8]]></FromUserName>
<CreateTime>1453517682</CreateTime>
<MsgType><![CDATA[text]]></MsgType>
<Content><![CDATA[拼团]]></Content>
<MsgId>6242810908751151575</MsgId>
</xml>

2016-01-23 10:54:40 params :
------------
Array:
message : Array ;
module : cover ;
rule : 15 ;
priority : 0 ;
keyword : Array ;

2016-01-23 10:54:40 response :
------------
Array:
FromUserName : gh_ccbf343b8498 ;
ToUserName : oc2pYwNXcA5o9OTorT7JWg9PBjM8 ;
MsgType : news ;
ArticleCount : 1 ;
Articles : Array ;

2016-01-23 10:55:43 trace :
------------
String:
<xml><ToUserName><![CDATA[gh_ccbf343b8498]]></ToUserName>
<FromUserName><![CDATA[oc2pYwNXcA5o9OTorT7JWg9PBjM8]]></FromUserName>
<CreateTime>1453517745</CreateTime>
<MsgType><![CDATA[event]]></MsgType>
<Event><![CDATA[unsubscribe]]></Event>
<EventKey><![CDATA[]]></EventKey>
</xml>

2016-01-23 11:34:51 trace :
------------
String:
<xml><ToUserName><![CDATA[gh_4a88bcb35142]]></ToUserName>
<FromUserName><![CDATA[oXvf4juot66Sm5aY7-mWU7POAX3k]]></FromUserName>
<CreateTime>1453520093</CreateTime>
<MsgType><![CDATA[event]]></MsgType>
<Event><![CDATA[LOCATION]]></Event>
<Latitude>29.348894</Latitude>
<Longitude>120.061386</Longitude>
<Precision>150.000000</Precision>
</xml>

2016-01-23 11:34:52 params :
------------
Array:
message : Array ;
module : default ;
rule : -1 ;

2016-01-23 11:34:52 response :
------------
Array:
errno : -1 ;
message : Invaild value ;

