2016-11-07 09:47:04 trace :
------------
String:
<xml><ToUserName><![CDATA[gh_d5c808a7666e]]></ToUserName>
<FromUserName><![CDATA[om_6jtwK1SqXYxH3qyYgABWGiCR4]]></FromUserName>
<CreateTime>1478483224</CreateTime>
<MsgType><![CDATA[event]]></MsgType>
<Event><![CDATA[LOCATION]]></Event>
<Latitude>28.169479</Latitude>
<Longitude>113.029251</Longitude>
<Precision>65.000000</Precision>
</xml>

2016-11-07 09:47:04 params :
------------
Array:
message : Array ;
module : default ;
rule : -1 ;

2016-11-07 09:47:04 response :
------------
Array:
errno : -1 ;
message : Invaild value ;

2016-11-07 22:10:03 trace :
------------
String:
<xml><ToUserName><![CDATA[gh_d5c808a7666e]]></ToUserName>
<FromUserName><![CDATA[om_6jt6usuAZP1BqD9ZAcymcvAQ8]]></FromUserName>
<CreateTime>1478527802</CreateTime>
<MsgType><![CDATA[text]]></MsgType>
<Content><![CDATA[记住这六句真理，钱不是问题！http://z.yirendai.com/ggk/WebCard/index2?rel=AG1XMwNjAWAHYVBgV20IYgc2UjFSZVYw&media=umb&flag=yrd&skin=10&from=message&isappinstalled=0]]></Content>
<MsgId>6350228556222592391</MsgId>
</xml>

2016-11-07 22:10:03 params :
------------
Array:
rule : -2 ;
module :  ;
message : Array ;

2016-11-07 22:10:03 response :
------------

