2016-01-21 11:38:51 trace :
------------
String:
<xml><ToUserName><![CDATA[gh_ccbf343b8498]]></ToUserName>
<FromUserName><![CDATA[oc2pYwJRZDsbGOpl6FQZcYqFBK_E]]></FromUserName>
<CreateTime>1453347532</CreateTime>
<MsgType><![CDATA[event]]></MsgType>
<Event><![CDATA[subscribe]]></Event>
<EventKey><![CDATA[]]></EventKey>
</xml>

2016-01-21 11:38:51 params :
------------
Array:
rule : -2 ;
module :  ;
message : Array ;

2016-01-21 11:38:51 response :
------------

2016-01-21 11:39:03 trace :
------------
String:
<xml><ToUserName><![CDATA[gh_ccbf343b8498]]></ToUserName>
<FromUserName><![CDATA[oc2pYwJRZDsbGOpl6FQZcYqFBK_E]]></FromUserName>
<CreateTime>1453347544</CreateTime>
<MsgType><![CDATA[text]]></MsgType>
<Content><![CDATA[测试]]></Content>
<MsgId>6242080171605317361</MsgId>
</xml>

2016-01-21 11:39:03 params :
------------
Array:
rule : -2 ;
module :  ;
message : Array ;

2016-01-21 11:39:03 response :
------------

2016-01-21 11:39:11 trace :
------------
String:
<xml><ToUserName><![CDATA[gh_ccbf343b8498]]></ToUserName>
<FromUserName><![CDATA[oc2pYwJRZDsbGOpl6FQZcYqFBK_E]]></FromUserName>
<CreateTime>1453347552</CreateTime>
<MsgType><![CDATA[text]]></MsgType>
<Content><![CDATA[测试]]></Content>
<MsgId>6242080205965055733</MsgId>
</xml>

2016-01-21 11:39:11 params :
------------
Array:
rule : -2 ;
module :  ;
message : Array ;

2016-01-21 11:39:11 response :
------------

2016-01-21 11:39:24 trace :
------------
String:
<xml><ToUserName><![CDATA[gh_ccbf343b8498]]></ToUserName>
<FromUserName><![CDATA[oc2pYwJRZDsbGOpl6FQZcYqFBK_E]]></FromUserName>
<CreateTime>1453347565</CreateTime>
<MsgType><![CDATA[text]]></MsgType>
<Content><![CDATA[红包]]></Content>
<MsgId>6242080261799630588</MsgId>
</xml>

2016-01-21 11:39:24 params :
------------
Array:
message : Array ;
module : lzq_redpack ;
rule : 77 ;
priority : 0 ;
keyword : Array ;

2016-01-21 11:39:24 response :
------------
Array:
FromUserName : gh_ccbf343b8498 ;
ToUserName : oc2pYwJRZDsbGOpl6FQZcYqFBK_E ;
MsgType : text ;
Content : 很遗憾，您没有抢到红包！感谢您的参与！ ;

2016-01-21 11:40:12 trace :
------------
String:
<xml><ToUserName><![CDATA[gh_ccbf343b8498]]></ToUserName>
<FromUserName><![CDATA[oc2pYwJRZDsbGOpl6FQZcYqFBK_E]]></FromUserName>
<CreateTime>1453347612</CreateTime>
<MsgType><![CDATA[text]]></MsgType>
<Content><![CDATA[拼团]]></Content>
<MsgId>6242080463663093507</MsgId>
</xml>

2016-01-21 11:40:12 params :
------------
Array:
message : Array ;
module : cover ;
rule : 15 ;
priority : 0 ;
keyword : Array ;

2016-01-21 11:40:12 response :
------------
Array:
FromUserName : gh_ccbf343b8498 ;
ToUserName : oc2pYwJRZDsbGOpl6FQZcYqFBK_E ;
MsgType : news ;
ArticleCount : 1 ;
Articles : Array ;

2016-01-21 11:40:52 trace :
------------
String:
<xml><ToUserName><![CDATA[gh_ccbf343b8498]]></ToUserName>
<FromUserName><![CDATA[oc2pYwJRZDsbGOpl6FQZcYqFBK_E]]></FromUserName>
<CreateTime>1453347653</CreateTime>
<MsgType><![CDATA[text]]></MsgType>
<Content><![CDATA[摇一摇]]></Content>
<MsgId>6242080639756752651</MsgId>
</xml>

2016-01-21 11:40:52 params :
------------
Array:
message : Array ;
module : mon_qmshake ;
rule : 23 ;
priority : 0 ;
keyword : Array ;

2016-01-21 11:40:52 response :
------------
Array:
FromUserName : gh_ccbf343b8498 ;
ToUserName : oc2pYwJRZDsbGOpl6FQZcYqFBK_E ;
MsgType : news ;
ArticleCount : 1 ;
Articles : Array ;

2016-01-21 11:41:58 trace :
------------
String:
<xml><ToUserName><![CDATA[gh_ccbf343b8498]]></ToUserName>
<FromUserName><![CDATA[oc2pYwJRZDsbGOpl6FQZcYqFBK_E]]></FromUserName>
<CreateTime>1453347719</CreateTime>
<MsgType><![CDATA[text]]></MsgType>
<Content><![CDATA[一元抽奖]]></Content>
<MsgId>6242080923224594196</MsgId>
</xml>

2016-01-21 11:41:58 params :
------------
Array:
rule : -2 ;
module :  ;
message : Array ;

2016-01-21 11:41:58 response :
------------

2016-01-21 11:44:16 trace :
------------
String:
<xml><ToUserName><![CDATA[gh_ccbf343b8498]]></ToUserName>
<FromUserName><![CDATA[oc2pYwJRZDsbGOpl6FQZcYqFBK_E]]></FromUserName>
<CreateTime>1453347858</CreateTime>
<MsgType><![CDATA[text]]></MsgType>
<Content><![CDATA[投票]]></Content>
<MsgId>6242081520225048375</MsgId>
</xml>

2016-01-21 11:44:16 params :
------------
Array:
rule : -2 ;
module :  ;
message : Array ;

2016-01-21 11:44:16 response :
------------

2016-01-21 11:44:39 trace :
------------
String:
<xml><ToUserName><![CDATA[gh_ccbf343b8498]]></ToUserName>
<FromUserName><![CDATA[oc2pYwJRZDsbGOpl6FQZcYqFBK_E]]></FromUserName>
<CreateTime>1453347880</CreateTime>
<MsgType><![CDATA[text]]></MsgType>
<Content><![CDATA[超级人脉]]></Content>
<MsgId>6242081614714328892</MsgId>
</xml>

2016-01-21 11:44:39 params :
------------
Array:
rule : -2 ;
module :  ;
message : Array ;

2016-01-21 11:44:39 response :
------------

2016-01-21 11:44:46 trace :
------------
String:
<xml><ToUserName><![CDATA[gh_ccbf343b8498]]></ToUserName>
<FromUserName><![CDATA[oc2pYwJRZDsbGOpl6FQZcYqFBK_E]]></FromUserName>
<CreateTime>1453347888</CreateTime>
<MsgType><![CDATA[event]]></MsgType>
<Event><![CDATA[unsubscribe]]></Event>
<EventKey><![CDATA[]]></EventKey>
</xml>

2016-01-21 13:24:35 trace :
------------
String:
<xml><ToUserName><![CDATA[gh_ccbf343b8498]]></ToUserName>
<FromUserName><![CDATA[oc2pYwB_fUct520Yj-Te_keKYavM]]></FromUserName>
<CreateTime>1453353876</CreateTime>
<MsgType><![CDATA[event]]></MsgType>
<Event><![CDATA[subscribe]]></Event>
<EventKey><![CDATA[]]></EventKey>
</xml>

2016-01-21 13:24:35 params :
------------
Array:
rule : -2 ;
module :  ;
message : Array ;

2016-01-21 13:24:35 response :
------------

2016-01-21 13:24:57 trace :
------------
String:
<xml><ToUserName><![CDATA[gh_ccbf343b8498]]></ToUserName>
<FromUserName><![CDATA[oc2pYwB_fUct520Yj-Te_keKYavM]]></FromUserName>
<CreateTime>1453353897</CreateTime>
<MsgType><![CDATA[text]]></MsgType>
<Content><![CDATA[基本音乐回复]]></Content>
<MsgId>6242107457532549844</MsgId>
</xml>

2016-01-21 13:24:57 params :
------------
Array:
rule : -2 ;
module :  ;
message : Array ;

2016-01-21 13:24:57 response :
------------

2016-01-21 13:25:21 trace :
------------
String:
<xml><ToUserName><![CDATA[gh_ccbf343b8498]]></ToUserName>
<FromUserName><![CDATA[oc2pYwB_fUct520Yj-Te_keKYavM]]></FromUserName>
<CreateTime>1453353922</CreateTime>
<MsgType><![CDATA[event]]></MsgType>
<Event><![CDATA[unsubscribe]]></Event>
<EventKey><![CDATA[]]></EventKey>
</xml>

2016-01-21 13:38:40 trace :
------------
String:
<xml><ToUserName><![CDATA[gh_ccbf343b8498]]></ToUserName>
<FromUserName><![CDATA[oc2pYwEO3mFQsz0p24z-vlvMv0fw]]></FromUserName>
<CreateTime>1453354721</CreateTime>
<MsgType><![CDATA[text]]></MsgType>
<Content><![CDATA[测试]]></Content>
<MsgId>6242110996585601928</MsgId>
</xml>

2016-01-21 13:38:40 params :
------------
Array:
rule : -2 ;
module :  ;
message : Array ;

2016-01-21 13:38:40 response :
------------

2016-01-21 13:39:08 trace :
------------
String:
<xml><ToUserName><![CDATA[gh_ccbf343b8498]]></ToUserName>
<FromUserName><![CDATA[oc2pYwEO3mFQsz0p24z-vlvMv0fw]]></FromUserName>
<CreateTime>1453354749</CreateTime>
<MsgType><![CDATA[text]]></MsgType>
<Content><![CDATA[转盘]]></Content>
<MsgId>6242111116844686219</MsgId>
</xml>

2016-01-21 13:39:08 params :
------------
Array:
rule : -2 ;
module :  ;
message : Array ;

2016-01-21 13:39:08 response :
------------

2016-01-21 13:54:30 trace :
------------
String:
<xml><ToUserName><![CDATA[gh_60d22537c330]]></ToUserName>
<FromUserName><![CDATA[o2zJQwpeaST9i5OjO34aRgU_T7Bs]]></FromUserName>
<CreateTime>1453355671</CreateTime>
<MsgType><![CDATA[event]]></MsgType>
<Event><![CDATA[subscribe]]></Event>
<EventKey><![CDATA[]]></EventKey>
</xml>

2016-01-21 13:54:30 params :
------------
Array:
rule : -2 ;
module :  ;
message : Array ;

2016-01-21 13:54:30 response :
------------

2016-01-21 15:12:17 trace :
------------
String:
<xml><ToUserName><![CDATA[gh_ccbf343b8498]]></ToUserName>
<FromUserName><![CDATA[oc2pYwNN-VTEXyM2IBwCJmId-xeA]]></FromUserName>
<CreateTime>1453360338</CreateTime>
<MsgType><![CDATA[event]]></MsgType>
<Event><![CDATA[subscribe]]></Event>
<EventKey><![CDATA[]]></EventKey>
</xml>

2016-01-21 15:12:17 params :
------------
Array:
rule : -2 ;
module :  ;
message : Array ;

2016-01-21 15:12:17 response :
------------

2016-01-21 15:15:50 trace :
------------
String:
<xml><ToUserName><![CDATA[toUser]]></ToUserName><FromUserName><![CDATA[fromUser]]></FromUserName><CreateTime>1453360552</CreateTime><MsgType><![CDATA[text]]></MsgType><Content><![CDATA[测试内容]]></Content><MsgId>1234567890123456</MsgId></xml>

2016-01-21 15:15:50 params :
------------
Array:
rule : -2 ;
module :  ;
message : Array ;

2016-01-21 15:15:50 response :
------------

2016-01-21 15:15:58 trace :
------------
String:
<xml><ToUserName><![CDATA[toUser]]></ToUserName><FromUserName><![CDATA[fromUser]]></FromUserName><CreateTime>1453360560</CreateTime><MsgType><![CDATA[text]]></MsgType><Content><![CDATA[测试内容]]></Content><MsgId>1234567890123456</MsgId></xml>

2016-01-21 15:15:58 params :
------------
Array:
rule : -2 ;
module :  ;
message : Array ;

2016-01-21 15:15:58 response :
------------

2016-01-21 15:15:59 trace :
------------
String:
<xml><ToUserName><![CDATA[toUser]]></ToUserName><FromUserName><![CDATA[fromUser]]></FromUserName><CreateTime>1453360561</CreateTime><MsgType><![CDATA[text]]></MsgType><Content><![CDATA[测试内容]]></Content><MsgId>1234567890123456</MsgId></xml>

2016-01-21 15:15:59 params :
------------
Array:
rule : -2 ;
module :  ;
message : Array ;

2016-01-21 15:15:59 response :
------------

2016-01-21 15:16:00 trace :
------------
String:
<xml><ToUserName><![CDATA[toUser]]></ToUserName><FromUserName><![CDATA[fromUser]]></FromUserName><CreateTime>1453360562</CreateTime><MsgType><![CDATA[text]]></MsgType><Content><![CDATA[测试内容]]></Content><MsgId>1234567890123456</MsgId></xml>

2016-01-21 15:16:00 params :
------------
Array:
rule : -2 ;
module :  ;
message : Array ;

2016-01-21 15:16:00 response :
------------

2016-01-21 15:16:00 trace :
------------
String:
<xml><ToUserName><![CDATA[toUser]]></ToUserName><FromUserName><![CDATA[fromUser]]></FromUserName><CreateTime>1453360562</CreateTime><MsgType><![CDATA[text]]></MsgType><Content><![CDATA[测试内容]]></Content><MsgId>1234567890123456</MsgId></xml>

2016-01-21 15:16:00 params :
------------
Array:
rule : -2 ;
module :  ;
message : Array ;

2016-01-21 15:16:00 response :
------------

2016-01-21 15:16:04 trace :
------------
String:
<xml><ToUserName><![CDATA[toUser]]></ToUserName><FromUserName><![CDATA[fromUser]]></FromUserName><CreateTime>1453360566</CreateTime><MsgType><![CDATA[text]]></MsgType><Content><![CDATA[测试内容]]></Content><MsgId>1234567890123456</MsgId></xml>

2016-01-21 15:16:04 params :
------------
Array:
rule : -2 ;
module :  ;
message : Array ;

2016-01-21 15:16:04 response :
------------

2016-01-21 15:16:44 trace :
------------
String:
<xml><ToUserName><![CDATA[gh_ccbf343b8498]]></ToUserName>
<FromUserName><![CDATA[oc2pYwNN-VTEXyM2IBwCJmId-xeA]]></FromUserName>
<CreateTime>1453360604</CreateTime>
<MsgType><![CDATA[text]]></MsgType>
<Content><![CDATA[红包]]></Content>
<MsgId>6242136263878205539</MsgId>
</xml>

2016-01-21 15:16:44 params :
------------
Array:
message : Array ;
module : lzq_redpack ;
rule : 77 ;
priority : 0 ;
keyword : Array ;

2016-01-21 15:16:44 response :
------------
Array:
FromUserName : gh_ccbf343b8498 ;
ToUserName : oc2pYwNN-VTEXyM2IBwCJmId-xeA ;
MsgType : text ;
Content : 很遗憾，您没有抢到红包！感谢您的参与！ ;

2016-01-21 15:17:06 trace :
------------
String:
<xml><ToUserName><![CDATA[gh_ccbf343b8498]]></ToUserName>
<FromUserName><![CDATA[oc2pYwNN-VTEXyM2IBwCJmId-xeA]]></FromUserName>
<CreateTime>1453360628</CreateTime>
<MsgType><![CDATA[text]]></MsgType>
<Content><![CDATA[摇一摇]]></Content>
<MsgId>6242136366957420646</MsgId>
</xml>

2016-01-21 15:17:06 params :
------------
Array:
message : Array ;
module : mon_qmshake ;
rule : 23 ;
priority : 0 ;
keyword : Array ;

2016-01-21 15:17:06 response :
------------
Array:
FromUserName : gh_ccbf343b8498 ;
ToUserName : oc2pYwNN-VTEXyM2IBwCJmId-xeA ;
MsgType : news ;
ArticleCount : 1 ;
Articles : Array ;

2016-01-21 15:32:21 trace :
------------
String:
<xml><ToUserName><![CDATA[gh_60d22537c330]]></ToUserName>
<FromUserName><![CDATA[o2zJQwhdCfFe5W868MtUSCPICeZk]]></FromUserName>
<CreateTime>1453361543</CreateTime>
<MsgType><![CDATA[event]]></MsgType>
<Event><![CDATA[subscribe]]></Event>
<EventKey><![CDATA[]]></EventKey>
</xml>

2016-01-21 15:32:21 params :
------------
Array:
rule : -2 ;
module :  ;
message : Array ;

2016-01-21 15:32:21 response :
------------

2016-01-21 15:33:53 trace :
------------
String:
<xml><ToUserName><![CDATA[gh_ccbf343b8498]]></ToUserName>
<FromUserName><![CDATA[oc2pYwNN-VTEXyM2IBwCJmId-xeA]]></FromUserName>
<CreateTime>1453361634</CreateTime>
<MsgType><![CDATA[event]]></MsgType>
<Event><![CDATA[unsubscribe]]></Event>
<EventKey><![CDATA[]]></EventKey>
</xml>

2016-01-21 16:02:43 trace :
------------
String:
<xml><ToUserName><![CDATA[gh_ccbf343b8498]]></ToUserName>
<FromUserName><![CDATA[oc2pYwO5y5OTjD44rtDoIPZTilk4]]></FromUserName>
<CreateTime>1453363363</CreateTime>
<MsgType><![CDATA[event]]></MsgType>
<Event><![CDATA[subscribe]]></Event>
<EventKey><![CDATA[]]></EventKey>
</xml>

2016-01-21 16:02:43 params :
------------
Array:
rule : -2 ;
module :  ;
message : Array ;

2016-01-21 16:02:43 response :
------------

2016-01-21 16:02:51 trace :
------------
String:
<xml><ToUserName><![CDATA[gh_ccbf343b8498]]></ToUserName>
<FromUserName><![CDATA[oc2pYwO5y5OTjD44rtDoIPZTilk4]]></FromUserName>
<CreateTime>1453363371</CreateTime>
<MsgType><![CDATA[text]]></MsgType>
<Content><![CDATA[测试]]></Content>
<MsgId>6242148148052714434</MsgId>
</xml>

2016-01-21 16:02:51 params :
------------
Array:
rule : -2 ;
module :  ;
message : Array ;

2016-01-21 16:02:51 response :
------------

2016-01-21 16:36:42 trace :
------------
String:
<xml><ToUserName><![CDATA[gh_0c489ed970ae]]></ToUserName>
<FromUserName><![CDATA[o5OFOuLxBBNnjTyMDDfxZ7yFpjPU]]></FromUserName>
<CreateTime>1453365402</CreateTime>
<MsgType><![CDATA[text]]></MsgType>
<Content><![CDATA[你好]]></Content>
<MsgId>6242156871129682893</MsgId>
</xml>

2016-01-21 16:36:42 params :
------------
Array:
rule : -2 ;
module :  ;
message : Array ;

2016-01-21 16:36:42 response :
------------

2016-01-21 16:38:36 trace :
------------
String:
<xml><ToUserName><![CDATA[toUser]]></ToUserName><FromUserName><![CDATA[fromUser]]></FromUserName><CreateTime>1453365469</CreateTime><MsgType><![CDATA[event]]></MsgType><Event><![CDATA[subscribe]]></Event><EventKey><![CDATA[]]></EventKey><MsgId>1234567890123456</MsgId></xml>

2016-01-21 16:38:36 params :
------------
Array:
rule : -2 ;
module :  ;
message : Array ;

2016-01-21 16:38:36 response :
------------

2016-01-21 16:38:40 trace :
------------
String:
<xml><ToUserName><![CDATA[toUser]]></ToUserName><FromUserName><![CDATA[fromUser]]></FromUserName><CreateTime>1453365473</CreateTime><MsgType><![CDATA[event]]></MsgType><Event><![CDATA[unsubscribe]]></Event><EventKey><![CDATA[]]></EventKey><MsgId>1234567890123456</MsgId></xml>

2016-01-21 16:38:44 trace :
------------
String:
<xml><ToUserName><![CDATA[toUser]]></ToUserName><FromUserName><![CDATA[fromUser]]></FromUserName><CreateTime>1453365477</CreateTime><MsgType><![CDATA[event]]></MsgType><Event><![CDATA[CLICK]]></Event><EventKey><![CDATA[EVENTKEY]]></EventKey><MsgId>1234567890123456</MsgId></xml>

2016-01-21 16:38:44 params :
------------
Array:
rule : -2 ;
module :  ;
message : Array ;

2016-01-21 16:38:44 response :
------------

2016-01-21 16:38:46 trace :
------------
String:
<xml><ToUserName><![CDATA[toUser]]></ToUserName><FromUserName><![CDATA[fromUser]]></FromUserName><CreateTime>1453365479</CreateTime><MsgType><![CDATA[event]]></MsgType><Event><![CDATA[CLICK]]></Event><EventKey><![CDATA[EVENTKEY]]></EventKey><MsgId>1234567890123456</MsgId></xml>

2016-01-21 16:38:46 params :
------------
Array:
rule : -2 ;
module :  ;
message : Array ;

2016-01-21 16:38:46 response :
------------

2016-01-21 16:38:50 trace :
------------
String:
<xml><ToUserName><![CDATA[toUser]]></ToUserName><FromUserName><![CDATA[fromUser]]></FromUserName><CreateTime>1453365482</CreateTime><MsgType><![CDATA[location]]></MsgType><Location_X>23.134521</Location_X><Location_Y>113.358803</Location_Y><Scale>20</Scale><Label><![CDATA[位置信息]]></Label><MsgId>1234567890123456</MsgId></xml>

2016-01-21 16:38:50 params :
------------
Array:
rule : -2 ;
module :  ;
message : Array ;

2016-01-21 16:38:50 response :
------------

2016-01-21 16:39:00 trace :
------------
String:
<xml><ToUserName><![CDATA[toUser]]></ToUserName><FromUserName><![CDATA[fromUser]]></FromUserName><CreateTime>1453365482</CreateTime><MsgType><![CDATA[location]]></MsgType><Location_X>23.134521</Location_X><Location_Y>113.358803</Location_Y><Scale>20</Scale><Label><![CDATA[位置信息]]></Label><MsgId>1234567890123456</MsgId></xml>

2016-01-21 16:39:00 params :
------------
Array:
rule : -2 ;
module :  ;
message : Array ;

2016-01-21 16:39:00 response :
------------

2016-01-21 16:47:52 trace :
------------
String:
<xml><ToUserName><![CDATA[gh_19f3b98aa3d7]]></ToUserName>
<FromUserName><![CDATA[ouLX4t_gXVgAdAtOovAu4ixxKgVg]]></FromUserName>
<CreateTime>1453366073</CreateTime>
<MsgType><![CDATA[event]]></MsgType>
<Event><![CDATA[subscribe]]></Event>
<EventKey><![CDATA[]]></EventKey>
</xml>

2016-01-21 16:47:52 params :
------------
Array:
rule : -2 ;
module :  ;
message : Array ;

2016-01-21 16:47:52 response :
------------

2016-01-21 16:48:01 trace :
------------
String:
<xml><ToUserName><![CDATA[gh_19f3b98aa3d7]]></ToUserName>
<FromUserName><![CDATA[ouLX4t_gXVgAdAtOovAu4ixxKgVg]]></FromUserName>
<CreateTime>1453366082</CreateTime>
<MsgType><![CDATA[text]]></MsgType>
<Content><![CDATA[求签]]></Content>
<MsgId>6242159791707952488</MsgId>
</xml>

2016-01-21 16:48:01 params :
------------
Array:
message : Array ;
module : cover ;
rule : 140 ;
priority : 0 ;
keyword : Array ;

2016-01-21 16:48:01 response :
------------
Array:
FromUserName : gh_19f3b98aa3d7 ;
ToUserName : ouLX4t_gXVgAdAtOovAu4ixxKgVg ;
MsgType : news ;
ArticleCount : 1 ;
Articles : Array ;

2016-01-21 16:48:39 trace :
------------
String:
<xml><ToUserName><![CDATA[gh_19f3b98aa3d7]]></ToUserName>
<FromUserName><![CDATA[ouLX4t_gXVgAdAtOovAu4ixxKgVg]]></FromUserName>
<CreateTime>1453366120</CreateTime>
<MsgType><![CDATA[text]]></MsgType>
<Content><![CDATA[红包]]></Content>
<MsgId>6242159954916709744</MsgId>
</xml>

2016-01-21 16:48:39 params :
------------
Array:
rule : -2 ;
module :  ;
message : Array ;

2016-01-21 16:48:39 response :
------------

2016-01-21 16:48:52 trace :
------------
String:
<xml><ToUserName><![CDATA[gh_19f3b98aa3d7]]></ToUserName>
<FromUserName><![CDATA[ouLX4t_gXVgAdAtOovAu4ixxKgVg]]></FromUserName>
<CreateTime>1453366133</CreateTime>
<MsgType><![CDATA[event]]></MsgType>
<Event><![CDATA[unsubscribe]]></Event>
<EventKey><![CDATA[]]></EventKey>
</xml>

2016-01-21 17:01:05 trace :
------------
String:
<xml><ToUserName><![CDATA[gh_ccbf343b8498]]></ToUserName>
<FromUserName><![CDATA[oc2pYwH3dj6mg3gf6C0HwcUffPSc]]></FromUserName>
<CreateTime>1453366865</CreateTime>
<MsgType><![CDATA[event]]></MsgType>
<Event><![CDATA[subscribe]]></Event>
<EventKey><![CDATA[]]></EventKey>
</xml>

2016-01-21 17:01:05 params :
------------
Array:
rule : -2 ;
module :  ;
message : Array ;

2016-01-21 17:01:05 response :
------------

2016-01-21 17:01:13 trace :
------------
String:
<xml><ToUserName><![CDATA[gh_ccbf343b8498]]></ToUserName>
<FromUserName><![CDATA[oc2pYwH3dj6mg3gf6C0HwcUffPSc]]></FromUserName>
<CreateTime>1453366874</CreateTime>
<MsgType><![CDATA[text]]></MsgType>
<Content><![CDATA[现场]]></Content>
<MsgId>6242163193323153405</MsgId>
</xml>

2016-01-21 17:01:13 params :
------------
Array:
message : Array ;
module : meepo_bigwall ;
rule : 21 ;
priority : 0 ;
keyword : Array ;

2016-01-21 17:01:13 response :
------------
Array:
FromUserName : gh_ccbf343b8498 ;
ToUserName : oc2pYwH3dj6mg3gf6C0HwcUffPSc ;
MsgType : text ;
Content : 欢迎进入微信墙，亲回复验证码来录入您的头像，昵称等基本信息！
验证码为：06784
要一模一样的才能通过哦！！ ;

2016-01-21 17:01:28 trace :
------------
String:
<xml><ToUserName><![CDATA[gh_ccbf343b8498]]></ToUserName>
<FromUserName><![CDATA[oc2pYwH3dj6mg3gf6C0HwcUffPSc]]></FromUserName>
<CreateTime>1453366889</CreateTime>
<MsgType><![CDATA[text]]></MsgType>
<Content><![CDATA[06748]]></Content>
<MsgId>6242163257747662851</MsgId>
</xml>

2016-01-21 17:01:28 params :
------------
Array:
message : Array ;
module : meepo_bigwall ;
rule : 21 ;
priority : 0 ;
context : 1 ;

2016-01-21 17:01:28 response :
------------
Array:
FromUserName : gh_ccbf343b8498 ;
ToUserName : oc2pYwH3dj6mg3gf6C0HwcUffPSc ;
MsgType : text ;
Content : 欢迎进入微信墙，亲回复验证码来录入您的头像，昵称等基本信息！
验证码为：06784
要一模一样的才能通过哦！！ ;

2016-01-21 17:01:38 trace :
------------
String:
<xml><ToUserName><![CDATA[gh_ccbf343b8498]]></ToUserName>
<FromUserName><![CDATA[oc2pYwH3dj6mg3gf6C0HwcUffPSc]]></FromUserName>
<CreateTime>1453366899</CreateTime>
<MsgType><![CDATA[text]]></MsgType>
<Content><![CDATA[06784]]></Content>
<MsgId>6242163300697335816</MsgId>
</xml>

2016-01-21 17:01:39 params :
------------
Array:
message : Array ;
module : meepo_bigwall ;
rule : 21 ;
priority : 0 ;
context : 1 ;

2016-01-21 17:01:39 response :
------------
Array:
FromUserName : gh_ccbf343b8498 ;
ToUserName : oc2pYwH3dj6mg3gf6C0HwcUffPSc ;
MsgType : text ;
Content : 您已经录入基本信息！直接回复任意内容即可上墙！ ;

2016-01-21 17:01:51 trace :
------------
String:
<xml><ToUserName><![CDATA[gh_ccbf343b8498]]></ToUserName>
<FromUserName><![CDATA[oc2pYwH3dj6mg3gf6C0HwcUffPSc]]></FromUserName>
<CreateTime>1453366912</CreateTime>
<MsgType><![CDATA[text]]></MsgType>
<Content><![CDATA[抽奖]]></Content>
<MsgId>6242163356531910669</MsgId>
</xml>

2016-01-21 17:01:51 params :
------------
Array:
message : Array ;
module : meepo_bigwall ;
rule : 21 ;
priority : 0 ;
context : 1 ;

2016-01-21 17:01:51 response :
------------
Array:
FromUserName : gh_ccbf343b8498 ;
ToUserName : oc2pYwH3dj6mg3gf6C0HwcUffPSc ;
MsgType : text ;
Content : 上墙成功，再次回复任意内容或图片即可再次上墙哦！ ;

2016-01-21 17:07:08 trace :
------------
String:
<xml><ToUserName><![CDATA[gh_0c489ed970ae]]></ToUserName>
<FromUserName><![CDATA[o5OFOuN0JaavDve1r6OpF1TiV6L4]]></FromUserName>
<CreateTime>1453367229</CreateTime>
<MsgType><![CDATA[event]]></MsgType>
<Event><![CDATA[WifiConnected]]></Event><ConnectTime>1453367229</ConnectTime><ExpireTime>0</ExpireTime><VendorId><![CDATA[3001224419]]></VendorId><ShopId><![CDATA[8056803]]></ShopId><DeviceNo><![CDATA[c0:61:18:a0:a6:54]]></DeviceNo></xml>

2016-01-21 17:07:08 params :
------------
Array:
rule : -2 ;
module :  ;
message : Array ;

2016-01-21 17:07:08 response :
------------

2016-01-21 17:07:11 trace :
------------
String:
<xml><ToUserName><![CDATA[gh_ccbf343b8498]]></ToUserName>
<FromUserName><![CDATA[oc2pYwKTtuuRbDko2wE9LcDQrOsY]]></FromUserName>
<CreateTime>1453367232</CreateTime>
<MsgType><![CDATA[event]]></MsgType>
<Event><![CDATA[subscribe]]></Event>
<EventKey><![CDATA[]]></EventKey>
</xml>

2016-01-21 17:07:11 params :
------------
Array:
rule : -2 ;
module :  ;
message : Array ;

2016-01-21 17:07:11 response :
------------

2016-01-21 17:07:22 trace :
------------
String:
<xml><ToUserName><![CDATA[gh_ccbf343b8498]]></ToUserName>
<FromUserName><![CDATA[oc2pYwKTtuuRbDko2wE9LcDQrOsY]]></FromUserName>
<CreateTime>1453367243</CreateTime>
<MsgType><![CDATA[text]]></MsgType>
<Content><![CDATA[拼团]]></Content>
<MsgId>6242164778166085730</MsgId>
</xml>

2016-01-21 17:07:22 params :
------------
Array:
message : Array ;
module : cover ;
rule : 15 ;
priority : 0 ;
keyword : Array ;

2016-01-21 17:07:22 response :
------------
Array:
FromUserName : gh_ccbf343b8498 ;
ToUserName : oc2pYwKTtuuRbDko2wE9LcDQrOsY ;
MsgType : news ;
ArticleCount : 1 ;
Articles : Array ;

2016-01-21 17:11:23 trace :
------------
String:
<xml><ToUserName><![CDATA[gh_ccbf343b8498]]></ToUserName>
<FromUserName><![CDATA[oc2pYwH3dj6mg3gf6C0HwcUffPSc]]></FromUserName>
<CreateTime>1453367484</CreateTime>
<MsgType><![CDATA[event]]></MsgType>
<Event><![CDATA[unsubscribe]]></Event>
<EventKey><![CDATA[]]></EventKey>
</xml>

2016-01-21 17:23:11 trace :
------------
String:
<xml><ToUserName><![CDATA[gh_ccbf343b8498]]></ToUserName>
<FromUserName><![CDATA[oc2pYwKTtuuRbDko2wE9LcDQrOsY]]></FromUserName>
<CreateTime>1453368193</CreateTime>
<MsgType><![CDATA[event]]></MsgType>
<Event><![CDATA[unsubscribe]]></Event>
<EventKey><![CDATA[]]></EventKey>
</xml>

2016-01-21 17:40:55 trace :
------------
String:
<xml><ToUserName><![CDATA[gh_0c489ed970ae]]></ToUserName>
<FromUserName><![CDATA[o5OFOuOb9xizy5kJG6P2fYHiBKFw]]></FromUserName>
<CreateTime>1453369257</CreateTime>
<MsgType><![CDATA[event]]></MsgType>
<Event><![CDATA[WifiConnected]]></Event><ConnectTime>1453369257</ConnectTime><ExpireTime>0</ExpireTime><VendorId><![CDATA[3001224419]]></VendorId><ShopId><![CDATA[8056803]]></ShopId><DeviceNo><![CDATA[c0:61:18:a0:a6:54]]></DeviceNo></xml>

2016-01-21 17:40:55 params :
------------
Array:
rule : -2 ;
module :  ;
message : Array ;

2016-01-21 17:40:55 response :
------------

2016-01-21 18:05:32 trace :
------------
String:
<xml><ToUserName><![CDATA[toUser]]></ToUserName><FromUserName><![CDATA[fromUser]]></FromUserName><CreateTime>1453370734</CreateTime><MsgType><![CDATA[text]]></MsgType><Content><![CDATA[授权]]></Content><MsgId>1234567890123456</MsgId></xml>

2016-01-21 18:05:32 params :
------------
Array:
rule : -2 ;
module :  ;
message : Array ;

2016-01-21 18:05:32 response :
------------

2016-01-21 18:05:55 trace :
------------
String:
<xml><ToUserName><![CDATA[toUser]]></ToUserName><FromUserName><![CDATA[fromUser]]></FromUserName><CreateTime>1453370757</CreateTime><MsgType><![CDATA[text]]></MsgType><Content><![CDATA[授权]]></Content><MsgId>1234567890123456</MsgId></xml>

2016-01-21 18:05:55 params :
------------
Array:
message : Array ;
module : yobyauth ;
rule : 322 ;
priority : 0 ;
keyword : Array ;

2016-01-21 18:05:55 response :
------------
Array:
FromUserName : toUser ;
ToUserName : fromUser ;
MsgType : text ;
Content : 嗨,朋友,欢迎关注【测试用的】,您是第1位关注人!
 ;

2016-01-21 18:07:23 trace :
------------
String:
<xml><ToUserName><![CDATA[toUser]]></ToUserName><FromUserName><![CDATA[fromUser]]></FromUserName><CreateTime>1453370845</CreateTime><MsgType><![CDATA[text]]></MsgType><Content><![CDATA[搭讪]]></Content><MsgId>1234567890123456</MsgId></xml>

2016-01-21 18:07:23 params :
------------
Array:
message : Array ;
module : yobydashan ;
rule : 323 ;
priority : 0 ;
keyword : Array ;

2016-01-21 18:07:23 response :
------------
Array:
FromUserName : toUser ;
ToUserName : fromUser ;
MsgType : text ;
Content : <a href='http://www.wx866.com/app/./index.php?i=89&c=entry&wid=972&yname=&do=send&m=yobydashan'>点击这里与聊天</a>
回复,随机查找【@】,直接联系【@+ID】例如@1,查找用户【@+关键字】例如:@yoby,查找老乡【老乡】,删除自己帐号【注销】 ;

2016-01-21 18:08:19 trace :
------------
String:
<xml><ToUserName><![CDATA[toUser]]></ToUserName><FromUserName><![CDATA[fromUser]]></FromUserName><CreateTime>1453370901</CreateTime><MsgType><![CDATA[text]]></MsgType><Content><![CDATA[搭讪22]]></Content><MsgId>1234567890123456</MsgId></xml>

2016-01-21 18:08:19 params :
------------
Array:
message : Array ;
module : yoby_ds ;
rule : 324 ;
priority : 0 ;
keyword : Array ;

2016-01-21 18:08:19 response :
------------
Array:
FromUserName : toUser ;
ToUserName : fromUser ;
MsgType : text ;
Content : 您还没有注册,<a href='http://www.wx866.com/app/./index.php?i=89&c=entry&openid=fromUser&do=reg&m=yoby_ds'>点击这里</a>填写资料 ;

2016-01-21 18:08:52 trace :
------------
String:
<xml><ToUserName><![CDATA[toUser]]></ToUserName><FromUserName><![CDATA[fromUser]]></FromUserName><CreateTime>1453370934</CreateTime><MsgType><![CDATA[text]]></MsgType><Content><![CDATA[搭讪22]]></Content><MsgId>1234567890123456</MsgId></xml>

2016-01-21 18:08:52 params :
------------
Array:
message : Array ;
module : yoby_ds ;
rule : 324 ;
priority : 0 ;
keyword : Array ;

2016-01-21 18:08:52 response :
------------
Array:
FromUserName : toUser ;
ToUserName : fromUser ;
MsgType : text ;
Content : 暂无用户,请后台导入或等待用户注册 
回复,随机查找【@】,直接联系【@+ID】例如@1,查找用户【@+关键字】例如:@yoby,查找老乡【老乡】,删除自己帐号【注销】 ;

2016-01-21 18:08:56 trace :
------------
String:
<xml><ToUserName><![CDATA[toUser]]></ToUserName><FromUserName><![CDATA[fromUser]]></FromUserName><CreateTime>1453370938</CreateTime><MsgType><![CDATA[text]]></MsgType><Content><![CDATA[搭讪22]]></Content><MsgId>1234567890123456</MsgId></xml>

2016-01-21 18:08:56 params :
------------
Array:
message : Array ;
module : yoby_ds ;
rule : 324 ;
priority : 0 ;
keyword : Array ;

2016-01-21 18:08:56 response :
------------
Array:
FromUserName : toUser ;
ToUserName : fromUser ;
MsgType : text ;
Content : 暂无用户,请后台导入或等待用户注册 
回复,随机查找【@】,直接联系【@+ID】例如@1,查找用户【@+关键字】例如:@yoby,查找老乡【老乡】,删除自己帐号【注销】 ;

2016-01-21 18:08:57 trace :
------------
String:
<xml><ToUserName><![CDATA[toUser]]></ToUserName><FromUserName><![CDATA[fromUser]]></FromUserName><CreateTime>1453370939</CreateTime><MsgType><![CDATA[text]]></MsgType><Content><![CDATA[搭讪22]]></Content><MsgId>1234567890123456</MsgId></xml>

2016-01-21 18:08:57 params :
------------
Array:
message : Array ;
module : yoby_ds ;
rule : 324 ;
priority : 0 ;
keyword : Array ;

2016-01-21 18:08:57 response :
------------
Array:
FromUserName : toUser ;
ToUserName : fromUser ;
MsgType : text ;
Content : 暂无用户,请后台导入或等待用户注册 
回复,随机查找【@】,直接联系【@+ID】例如@1,查找用户【@+关键字】例如:@yoby,查找老乡【老乡】,删除自己帐号【注销】 ;

2016-01-21 18:12:06 trace :
------------
String:
<xml><ToUserName><![CDATA[gh_60d22537c330]]></ToUserName>
<FromUserName><![CDATA[o2zJQwlF0kUnx9o-MqORGiW1renI]]></FromUserName>
<CreateTime>1453371128</CreateTime>
<MsgType><![CDATA[event]]></MsgType>
<Event><![CDATA[subscribe]]></Event>
<EventKey><![CDATA[]]></EventKey>
</xml>

2016-01-21 18:12:06 params :
------------
Array:
rule : -2 ;
module :  ;
message : Array ;

2016-01-21 18:12:06 response :
------------

2016-01-21 18:12:15 trace :
------------
String:
<xml><ToUserName><![CDATA[gh_60d22537c330]]></ToUserName>
<FromUserName><![CDATA[o2zJQwlF0kUnx9o-MqORGiW1renI]]></FromUserName>
<CreateTime>1453371136</CreateTime>
<MsgType><![CDATA[text]]></MsgType>
<Content><![CDATA[邀请码]]></Content>
<MsgId>6242181498472560584</MsgId>
</xml>

2016-01-21 18:12:15 params :
------------
Array:
rule : -2 ;
module :  ;
message : Array ;

2016-01-21 18:12:15 response :
------------

2016-01-21 19:10:45 trace :
------------
String:
<xml><ToUserName><![CDATA[gh_60d22537c330]]></ToUserName>
<FromUserName><![CDATA[o2zJQwk_DZc-RliK43IXeqX2KSAM]]></FromUserName>
<CreateTime>1453374646</CreateTime>
<MsgType><![CDATA[event]]></MsgType>
<Event><![CDATA[subscribe]]></Event>
<EventKey><![CDATA[]]></EventKey>
</xml>

2016-01-21 19:10:45 params :
------------
Array:
rule : -2 ;
module :  ;
message : Array ;

2016-01-21 19:10:45 response :
------------

2016-01-21 19:11:23 trace :
------------
String:
<xml><ToUserName><![CDATA[gh_60d22537c330]]></ToUserName>
<FromUserName><![CDATA[o2zJQwk_DZc-RliK43IXeqX2KSAM]]></FromUserName>
<CreateTime>1453374684</CreateTime>
<MsgType><![CDATA[text]]></MsgType>
<Content><![CDATA[1]]></Content>
<MsgId>6242196737016527694</MsgId>
</xml>

2016-01-21 19:11:23 params :
------------
Array:
rule : -2 ;
module :  ;
message : Array ;

2016-01-21 19:11:23 response :
------------

2016-01-21 19:12:05 trace :
------------
String:
<xml><ToUserName><![CDATA[gh_60d22537c330]]></ToUserName>
<FromUserName><![CDATA[o2zJQwk_DZc-RliK43IXeqX2KSAM]]></FromUserName>
<CreateTime>1453374726</CreateTime>
<MsgType><![CDATA[text]]></MsgType>
<Content><![CDATA[即可]]></Content>
<MsgId>6242196917405154136</MsgId>
</xml>

2016-01-21 19:12:05 params :
------------
Array:
rule : -2 ;
module :  ;
message : Array ;

2016-01-21 19:12:05 response :
------------

2016-01-21 19:12:38 trace :
------------
String:
<xml><ToUserName><![CDATA[gh_60d22537c330]]></ToUserName>
<FromUserName><![CDATA[o2zJQwk_DZc-RliK43IXeqX2KSAM]]></FromUserName>
<CreateTime>1453374759</CreateTime>
<MsgType><![CDATA[text]]></MsgType>
<Content><![CDATA[直接回复]]></Content>
<MsgId>6242197059139074909</MsgId>
</xml>

2016-01-21 19:12:38 params :
------------
Array:
rule : -2 ;
module :  ;
message : Array ;

2016-01-21 19:12:38 response :
------------

2016-01-21 19:14:32 trace :
------------
String:
<xml><ToUserName><![CDATA[gh_60d22537c330]]></ToUserName>
<FromUserName><![CDATA[o2zJQwk_DZc-RliK43IXeqX2KSAM]]></FromUserName>
<CreateTime>1453374873</CreateTime>
<MsgType><![CDATA[event]]></MsgType>
<Event><![CDATA[unsubscribe]]></Event>
<EventKey><![CDATA[]]></EventKey>
</xml>

2016-01-21 20:30:46 trace :
------------
String:
<xml><ToUserName><![CDATA[gh_19f3b98aa3d7]]></ToUserName>
<FromUserName><![CDATA[ouLX4tygFkOdhCsSRHlsjTJqTUls]]></FromUserName>
<CreateTime>1453379447</CreateTime>
<MsgType><![CDATA[event]]></MsgType>
<Event><![CDATA[subscribe]]></Event>
<EventKey><![CDATA[]]></EventKey>
</xml>

2016-01-21 20:30:46 params :
------------
Array:
rule : -2 ;
module :  ;
message : Array ;

2016-01-21 20:30:46 response :
------------

2016-01-21 20:31:10 trace :
------------
String:
<xml><ToUserName><![CDATA[gh_19f3b98aa3d7]]></ToUserName>
<FromUserName><![CDATA[ouLX4tygFkOdhCsSRHlsjTJqTUls]]></FromUserName>
<CreateTime>1453379472</CreateTime>
<MsgType><![CDATA[text]]></MsgType>
<Content><![CDATA[助力]]></Content>
<MsgId>6242217301320049962</MsgId>
</xml>

2016-01-21 20:31:10 params :
------------
Array:
message : Array ;
module : mon_zl ;
rule : 59 ;
priority : 0 ;
keyword : Array ;

2016-01-21 20:31:10 response :
------------
Array:
FromUserName : gh_19f3b98aa3d7 ;
ToUserName : ouLX4tygFkOdhCsSRHlsjTJqTUls ;
MsgType : news ;
ArticleCount : 1 ;
Articles : Array ;

2016-01-21 20:58:07 trace :
------------
String:
<xml><ToUserName><![CDATA[gh_19f3b98aa3d7]]></ToUserName>
<FromUserName><![CDATA[ouLX4twQwPnTPr7L_ojjO2fzLRpY]]></FromUserName>
<CreateTime>1453381089</CreateTime>
<MsgType><![CDATA[event]]></MsgType>
<Event><![CDATA[subscribe]]></Event>
<EventKey><![CDATA[]]></EventKey>
</xml>

2016-01-21 20:58:08 params :
------------
Array:
rule : -2 ;
module :  ;
message : Array ;

2016-01-21 20:58:08 response :
------------

2016-01-21 20:58:20 trace :
------------
String:
<xml><ToUserName><![CDATA[gh_19f3b98aa3d7]]></ToUserName>
<FromUserName><![CDATA[ouLX4twQwPnTPr7L_ojjO2fzLRpY]]></FromUserName>
<CreateTime>1453381102</CreateTime>
<MsgType><![CDATA[text]]></MsgType>
<Content><![CDATA[助力 测试]]></Content>
<MsgId>6242224302116743046</MsgId>
</xml>

2016-01-21 20:58:20 params :
------------
Array:
rule : -2 ;
module :  ;
message : Array ;

2016-01-21 20:58:20 response :
------------

2016-01-21 20:59:55 trace :
------------
String:
<xml><ToUserName><![CDATA[gh_19f3b98aa3d7]]></ToUserName>
<FromUserName><![CDATA[ouLX4twQwPnTPr7L_ojjO2fzLRpY]]></FromUserName>
<CreateTime>1453381197</CreateTime>
<MsgType><![CDATA[text]]></MsgType>
<Content><![CDATA[ 助力测试]]></Content>
<MsgId>6242224710138636209</MsgId>
</xml>

2016-01-21 20:59:55 params :
------------
Array:
rule : -2 ;
module :  ;
message : Array ;

2016-01-21 20:59:55 response :
------------

2016-01-21 21:00:09 trace :
------------
String:
<xml><ToUserName><![CDATA[gh_19f3b98aa3d7]]></ToUserName>
<FromUserName><![CDATA[ouLX4twQwPnTPr7L_ojjO2fzLRpY]]></FromUserName>
<CreateTime>1453381211</CreateTime>
<MsgType><![CDATA[text]]></MsgType>
<Content><![CDATA[助力  测试]]></Content>
<MsgId>6242224770268178355</MsgId>
</xml>

2016-01-21 21:00:09 params :
------------
Array:
rule : -2 ;
module :  ;
message : Array ;

2016-01-21 21:00:09 response :
------------

2016-01-21 21:00:23 trace :
------------
String:
<xml><ToUserName><![CDATA[gh_19f3b98aa3d7]]></ToUserName>
<FromUserName><![CDATA[ouLX4twQwPnTPr7L_ojjO2fzLRpY]]></FromUserName>
<CreateTime>1453381225</CreateTime>
<MsgType><![CDATA[event]]></MsgType>
<Event><![CDATA[unsubscribe]]></Event>
<EventKey><![CDATA[]]></EventKey>
</xml>

2016-01-21 22:14:53 trace :
------------
String:
<xml><ToUserName><![CDATA[gh_19f3b98aa3d7]]></ToUserName>
<FromUserName><![CDATA[ouLX4twQwPnTPr7L_ojjO2fzLRpY]]></FromUserName>
<CreateTime>1453385694</CreateTime>
<MsgType><![CDATA[event]]></MsgType>
<Event><![CDATA[subscribe]]></Event>
<EventKey><![CDATA[]]></EventKey>
</xml>

2016-01-21 22:14:53 params :
------------
Array:
rule : -2 ;
module :  ;
message : Array ;

2016-01-21 22:14:53 response :
------------

2016-01-21 22:15:03 trace :
------------
String:
<xml><ToUserName><![CDATA[gh_19f3b98aa3d7]]></ToUserName>
<FromUserName><![CDATA[ouLX4twQwPnTPr7L_ojjO2fzLRpY]]></FromUserName>
<CreateTime>1453385704</CreateTime>
<MsgType><![CDATA[text]]></MsgType>
<Content><![CDATA[助力]]></Content>
<MsgId>6242244067556241003</MsgId>
</xml>

2016-01-21 22:15:03 params :
------------
Array:
message : Array ;
module : mon_zl ;
rule : 59 ;
priority : 0 ;
keyword : Array ;

2016-01-21 22:15:03 response :
------------
Array:
FromUserName : gh_19f3b98aa3d7 ;
ToUserName : ouLX4twQwPnTPr7L_ojjO2fzLRpY ;
MsgType : news ;
ArticleCount : 1 ;
Articles : Array ;

2016-01-21 22:15:40 trace :
------------
String:
<xml><ToUserName><![CDATA[gh_19f3b98aa3d7]]></ToUserName>
<FromUserName><![CDATA[ouLX4twQwPnTPr7L_ojjO2fzLRpY]]></FromUserName>
<CreateTime>1453385741</CreateTime>
<MsgType><![CDATA[event]]></MsgType>
<Event><![CDATA[unsubscribe]]></Event>
<EventKey><![CDATA[]]></EventKey>
</xml>

2016-01-21 23:33:23 trace :
------------
String:
<xml><ToUserName><![CDATA[gh_ccbf343b8498]]></ToUserName>
<FromUserName><![CDATA[oc2pYwDR62WnP8ztfu_dXNoK_cWE]]></FromUserName>
<CreateTime>1453390405</CreateTime>
<MsgType><![CDATA[event]]></MsgType>
<Event><![CDATA[subscribe]]></Event>
<EventKey><![CDATA[]]></EventKey>
</xml>

2016-01-21 23:33:23 params :
------------
Array:
rule : -2 ;
module :  ;
message : Array ;

2016-01-21 23:33:23 response :
------------

2016-01-21 23:33:42 trace :
------------
String:
<xml><ToUserName><![CDATA[gh_ccbf343b8498]]></ToUserName>
<FromUserName><![CDATA[oc2pYwDR62WnP8ztfu_dXNoK_cWE]]></FromUserName>
<CreateTime>1453390424</CreateTime>
<MsgType><![CDATA[text]]></MsgType>
<Content><![CDATA[经纪人]]></Content>
<MsgId>6242264339802982246</MsgId>
</xml>

2016-01-21 23:33:42 params :
------------
Array:
message : Array ;
module : cover ;
rule : 99 ;
priority : 0 ;
keyword : Array ;

2016-01-21 23:33:42 response :
------------
Array:
FromUserName : gh_ccbf343b8498 ;
ToUserName : oc2pYwDR62WnP8ztfu_dXNoK_cWE ;
MsgType : news ;
ArticleCount : 1 ;
Articles : Array ;

