2016-11-05 09:50:43 trace :
------------
String:
<xml><ToUserName><![CDATA[gh_d5c808a7666e]]></ToUserName>
<FromUserName><![CDATA[om_6jt2KN5m2a7PN8LYPB54R85zI]]></FromUserName>
<CreateTime>1478310643</CreateTime>
<MsgType><![CDATA[event]]></MsgType>
<Event><![CDATA[LOCATION]]></Event>
<Latitude>24.270649</Latitude>
<Longitude>109.365211</Longitude>
<Precision>65.000000</Precision>
</xml>

2016-11-05 09:50:43 params :
------------
Array:
message : Array ;
module : default ;
rule : -1 ;

2016-11-05 09:50:43 response :
------------
Array:
errno : -1 ;
message : Invaild value ;

