2016-08-04 09:10:40 trace :
------------
String:
<xml><ToUserName><![CDATA[gh_d5c808a7666e]]></ToUserName>
<FromUserName><![CDATA[om_6jt0ZdsS0OlLSpfO0DVzyqMGU]]></FromUserName>
<CreateTime>1470273040</CreateTime>
<MsgType><![CDATA[event]]></MsgType>
<Event><![CDATA[VIEW]]></Event>
<EventKey><![CDATA[http://shanghai.xyj0772.com/app/index.php?i=1&c=entry&eid=22]]></EventKey>
<MenuId>404308051</MenuId>
</xml>

2016-08-04 09:10:40 params :
------------
Array:
rule : -2 ;
module :  ;
message : Array ;

2016-08-04 09:10:40 response :
------------

2016-08-04 09:18:35 trace :
------------
String:
<xml><ToUserName><![CDATA[gh_d5c808a7666e]]></ToUserName>
<FromUserName><![CDATA[om_6jt0ZdsS0OlLSpfO0DVzyqMGU]]></FromUserName>
<CreateTime>1470273515</CreateTime>
<MsgType><![CDATA[event]]></MsgType>
<Event><![CDATA[VIEW]]></Event>
<EventKey><![CDATA[http://shanghai.xyj0772.com/app/index.php?i=1&c=entry&eid=22]]></EventKey>
<MenuId>404308051</MenuId>
</xml>

2016-08-04 09:18:35 params :
------------
Array:
rule : -2 ;
module :  ;
message : Array ;

2016-08-04 09:18:35 response :
------------

2016-08-04 09:35:23 trace :
------------
String:
<xml><ToUserName><![CDATA[gh_d5c808a7666e]]></ToUserName>
<FromUserName><![CDATA[om_6jt0ZdsS0OlLSpfO0DVzyqMGU]]></FromUserName>
<CreateTime>1470274523</CreateTime>
<MsgType><![CDATA[event]]></MsgType>
<Event><![CDATA[VIEW]]></Event>
<EventKey><![CDATA[http://shanghai.xyj0772.com/app/index.php?i=1&c=entry&eid=22]]></EventKey>
<MenuId>404308051</MenuId>
</xml>

2016-08-04 09:35:23 params :
------------
Array:
rule : -2 ;
module :  ;
message : Array ;

2016-08-04 09:35:23 response :
------------

2016-08-04 09:37:39 trace :
------------
String:
<xml><ToUserName><![CDATA[gh_d5c808a7666e]]></ToUserName>
<FromUserName><![CDATA[om_6jt0ZdsS0OlLSpfO0DVzyqMGU]]></FromUserName>
<CreateTime>1470274659</CreateTime>
<MsgType><![CDATA[event]]></MsgType>
<Event><![CDATA[VIEW]]></Event>
<EventKey><![CDATA[http://shanghai.xyj0772.com/app/index.php?i=1&c=entry&eid=22]]></EventKey>
<MenuId>404308051</MenuId>
</xml>

2016-08-04 09:37:39 params :
------------
Array:
rule : -2 ;
module :  ;
message : Array ;

2016-08-04 09:37:39 response :
------------

2016-08-04 09:40:33 trace :
------------
String:
<xml><ToUserName><![CDATA[gh_d5c808a7666e]]></ToUserName>
<FromUserName><![CDATA[om_6jt0ZdsS0OlLSpfO0DVzyqMGU]]></FromUserName>
<CreateTime>1470274833</CreateTime>
<MsgType><![CDATA[event]]></MsgType>
<Event><![CDATA[VIEW]]></Event>
<EventKey><![CDATA[http://shanghai.xyj0772.com/app/index.php?i=1&c=entry&eid=22]]></EventKey>
<MenuId>404308051</MenuId>
</xml>

2016-08-04 09:40:33 params :
------------
Array:
rule : -2 ;
module :  ;
message : Array ;

2016-08-04 09:40:33 response :
------------

2016-08-04 09:42:40 trace :
------------
String:
<xml><ToUserName><![CDATA[gh_d5c808a7666e]]></ToUserName>
<FromUserName><![CDATA[om_6jt0ZdsS0OlLSpfO0DVzyqMGU]]></FromUserName>
<CreateTime>1470274960</CreateTime>
<MsgType><![CDATA[event]]></MsgType>
<Event><![CDATA[VIEW]]></Event>
<EventKey><![CDATA[http://shanghai.xyj0772.com/app/index.php?i=1&c=entry&eid=22]]></EventKey>
<MenuId>404308051</MenuId>
</xml>

2016-08-04 09:42:40 params :
------------
Array:
rule : -2 ;
module :  ;
message : Array ;

2016-08-04 09:42:40 response :
------------

2016-08-04 09:46:53 trace :
------------
String:
<xml><ToUserName><![CDATA[gh_d5c808a7666e]]></ToUserName>
<FromUserName><![CDATA[om_6jt0ZdsS0OlLSpfO0DVzyqMGU]]></FromUserName>
<CreateTime>1470275213</CreateTime>
<MsgType><![CDATA[event]]></MsgType>
<Event><![CDATA[VIEW]]></Event>
<EventKey><![CDATA[http://shanghai.xyj0772.com/app/index.php?i=1&c=entry&eid=22]]></EventKey>
<MenuId>404308051</MenuId>
</xml>

2016-08-04 09:46:53 params :
------------
Array:
rule : -2 ;
module :  ;
message : Array ;

2016-08-04 09:46:53 response :
------------

2016-08-04 09:48:09 trace :
------------
String:
<xml><ToUserName><![CDATA[gh_d5c808a7666e]]></ToUserName>
<FromUserName><![CDATA[om_6jt0ZdsS0OlLSpfO0DVzyqMGU]]></FromUserName>
<CreateTime>1470275289</CreateTime>
<MsgType><![CDATA[event]]></MsgType>
<Event><![CDATA[VIEW]]></Event>
<EventKey><![CDATA[http://shanghai.xyj0772.com/app/index.php?i=1&c=entry&eid=22]]></EventKey>
<MenuId>404308051</MenuId>
</xml>

2016-08-04 09:48:09 params :
------------
Array:
rule : -2 ;
module :  ;
message : Array ;

2016-08-04 09:48:09 response :
------------

2016-08-04 09:55:32 trace :
------------
String:
<xml><ToUserName><![CDATA[gh_d5c808a7666e]]></ToUserName>
<FromUserName><![CDATA[om_6jt0ZdsS0OlLSpfO0DVzyqMGU]]></FromUserName>
<CreateTime>1470275732</CreateTime>
<MsgType><![CDATA[event]]></MsgType>
<Event><![CDATA[VIEW]]></Event>
<EventKey><![CDATA[http://shanghai.xyj0772.com/app/index.php?i=1&c=entry&eid=22]]></EventKey>
<MenuId>404308051</MenuId>
</xml>

2016-08-04 09:55:32 params :
------------
Array:
rule : -2 ;
module :  ;
message : Array ;

2016-08-04 09:55:32 response :
------------

2016-08-04 10:02:45 trace :
------------
String:
<xml><ToUserName><![CDATA[gh_d5c808a7666e]]></ToUserName>
<FromUserName><![CDATA[om_6jt0ZdsS0OlLSpfO0DVzyqMGU]]></FromUserName>
<CreateTime>1470276165</CreateTime>
<MsgType><![CDATA[event]]></MsgType>
<Event><![CDATA[VIEW]]></Event>
<EventKey><![CDATA[http://shanghai.xyj0772.com/app/index.php?i=1&c=entry&eid=22]]></EventKey>
<MenuId>404308051</MenuId>
</xml>

2016-08-04 10:02:45 params :
------------
Array:
rule : -2 ;
module :  ;
message : Array ;

2016-08-04 10:02:45 response :
------------

2016-08-04 10:06:33 trace :
------------
String:
<xml><ToUserName><![CDATA[gh_d5c808a7666e]]></ToUserName>
<FromUserName><![CDATA[om_6jt0ZdsS0OlLSpfO0DVzyqMGU]]></FromUserName>
<CreateTime>1470276393</CreateTime>
<MsgType><![CDATA[event]]></MsgType>
<Event><![CDATA[VIEW]]></Event>
<EventKey><![CDATA[http://shanghai.xyj0772.com/app/index.php?i=1&c=entry&eid=22]]></EventKey>
<MenuId>404308051</MenuId>
</xml>

2016-08-04 10:06:33 params :
------------
Array:
rule : -2 ;
module :  ;
message : Array ;

2016-08-04 10:06:33 response :
------------

2016-08-04 10:09:30 trace :
------------
String:
<xml><ToUserName><![CDATA[gh_d5c808a7666e]]></ToUserName>
<FromUserName><![CDATA[om_6jt0ZdsS0OlLSpfO0DVzyqMGU]]></FromUserName>
<CreateTime>1470276570</CreateTime>
<MsgType><![CDATA[event]]></MsgType>
<Event><![CDATA[VIEW]]></Event>
<EventKey><![CDATA[http://shanghai.xyj0772.com/app/index.php?i=1&c=entry&eid=22]]></EventKey>
<MenuId>404308051</MenuId>
</xml>

2016-08-04 10:09:30 params :
------------
Array:
rule : -2 ;
module :  ;
message : Array ;

2016-08-04 10:09:30 response :
------------

2016-08-04 10:13:52 trace :
------------
String:
<xml><ToUserName><![CDATA[gh_d5c808a7666e]]></ToUserName>
<FromUserName><![CDATA[om_6jt7K8QcADusykB2kIpMU7aq4]]></FromUserName>
<CreateTime>1470276832</CreateTime>
<MsgType><![CDATA[event]]></MsgType>
<Event><![CDATA[subscribe]]></Event>
<EventKey><![CDATA[]]></EventKey>
</xml>

2016-08-04 10:13:52 params :
------------
Array:
rule : -2 ;
module :  ;
message : Array ;

2016-08-04 10:13:52 response :
------------

2016-08-04 10:13:57 trace :
------------
String:
<xml><ToUserName><![CDATA[gh_d5c808a7666e]]></ToUserName>
<FromUserName><![CDATA[om_6jt7K8QcADusykB2kIpMU7aq4]]></FromUserName>
<CreateTime>1470276837</CreateTime>
<MsgType><![CDATA[event]]></MsgType>
<Event><![CDATA[LOCATION]]></Event>
<Latitude>24.336483</Latitude>
<Longitude>109.390381</Longitude>
<Precision>40.000000</Precision>
</xml>

2016-08-04 10:13:57 params :
------------
Array:
message : Array ;
module : default ;
rule : -1 ;

2016-08-04 10:13:57 response :
------------
Array:
errno : -1 ;
message : Invaild value ;

2016-08-04 10:24:55 trace :
------------
String:
<xml><ToUserName><![CDATA[gh_d5c808a7666e]]></ToUserName>
<FromUserName><![CDATA[om_6jtyIYGp2Mls7CBM4wko6JxHM]]></FromUserName>
<CreateTime>1470277495</CreateTime>
<MsgType><![CDATA[event]]></MsgType>
<Event><![CDATA[subscribe]]></Event>
<EventKey><![CDATA[]]></EventKey>
</xml>

2016-08-04 10:24:55 params :
------------
Array:
rule : -2 ;
module :  ;
message : Array ;

2016-08-04 10:24:55 response :
------------

2016-08-04 10:24:58 trace :
------------
String:
<xml><ToUserName><![CDATA[gh_d5c808a7666e]]></ToUserName>
<FromUserName><![CDATA[om_6jtyIYGp2Mls7CBM4wko6JxHM]]></FromUserName>
<CreateTime>1470277498</CreateTime>
<MsgType><![CDATA[event]]></MsgType>
<Event><![CDATA[LOCATION]]></Event>
<Latitude>24.303549</Latitude>
<Longitude>109.433296</Longitude>
<Precision>65.000000</Precision>
</xml>

2016-08-04 10:24:58 params :
------------
Array:
message : Array ;
module : default ;
rule : -1 ;

2016-08-04 10:24:58 response :
------------
Array:
errno : -1 ;
message : Invaild value ;

2016-08-04 10:25:06 trace :
------------
String:
<xml><ToUserName><![CDATA[gh_d5c808a7666e]]></ToUserName>
<FromUserName><![CDATA[om_6jtyIYGp2Mls7CBM4wko6JxHM]]></FromUserName>
<CreateTime>1470277506</CreateTime>
<MsgType><![CDATA[event]]></MsgType>
<Event><![CDATA[VIEW]]></Event>
<EventKey><![CDATA[http://shanghai.xyj0772.com/app/index.php?i=1&c=entry&eid=22]]></EventKey>
<MenuId>404308051</MenuId>
</xml>

2016-08-04 10:25:06 params :
------------
Array:
rule : -2 ;
module :  ;
message : Array ;

2016-08-04 10:25:06 response :
------------

2016-08-04 10:25:13 trace :
------------
String:
<xml><ToUserName><![CDATA[gh_d5c808a7666e]]></ToUserName>
<FromUserName><![CDATA[om_6jtyIYGp2Mls7CBM4wko6JxHM]]></FromUserName>
<CreateTime>1470277513</CreateTime>
<MsgType><![CDATA[event]]></MsgType>
<Event><![CDATA[VIEW]]></Event>
<EventKey><![CDATA[http://shanghai.xyj0772.com/app/index.php?i=1&c=entry&do=waprestList&m=weisrc_dish]]></EventKey>
<MenuId>404308051</MenuId>
</xml>

2016-08-04 10:25:13 params :
------------
Array:
rule : -2 ;
module :  ;
message : Array ;

2016-08-04 10:25:13 response :
------------

2016-08-04 10:25:33 trace :
------------
String:
<xml><ToUserName><![CDATA[gh_d5c808a7666e]]></ToUserName>
<FromUserName><![CDATA[om_6jtyIYGp2Mls7CBM4wko6JxHM]]></FromUserName>
<CreateTime>1470277533</CreateTime>
<MsgType><![CDATA[event]]></MsgType>
<Event><![CDATA[unsubscribe]]></Event>
<EventKey><![CDATA[]]></EventKey>
</xml>

2016-08-04 10:51:23 trace :
------------
String:
<xml><ToUserName><![CDATA[gh_d5c808a7666e]]></ToUserName>
<FromUserName><![CDATA[om_6jt0mq0SXwqYbKTteo5rulNco]]></FromUserName>
<CreateTime>1470279083</CreateTime>
<MsgType><![CDATA[event]]></MsgType>
<Event><![CDATA[VIEW]]></Event>
<EventKey><![CDATA[http://shanghai.xyj0772.com/app/index.php?i=1&c=entry&eid=22]]></EventKey>
<MenuId>404308051</MenuId>
</xml>

2016-08-04 10:51:23 params :
------------
Array:
rule : -2 ;
module :  ;
message : Array ;

2016-08-04 10:51:23 response :
------------

2016-08-04 10:52:44 trace :
------------
String:
<xml><ToUserName><![CDATA[gh_d5c808a7666e]]></ToUserName>
<FromUserName><![CDATA[om_6jt0mq0SXwqYbKTteo5rulNco]]></FromUserName>
<CreateTime>1470279164</CreateTime>
<MsgType><![CDATA[event]]></MsgType>
<Event><![CDATA[VIEW]]></Event>
<EventKey><![CDATA[http://shanghai.xyj0772.com/app/index.php?i=1&c=entry&do=orderlist&m=weisrc_dish]]></EventKey>
<MenuId>404308051</MenuId>
</xml>

2016-08-04 10:52:44 params :
------------
Array:
rule : -2 ;
module :  ;
message : Array ;

2016-08-04 10:52:44 response :
------------

2016-08-04 10:57:25 trace :
------------
String:
<xml><ToUserName><![CDATA[gh_d5c808a7666e]]></ToUserName>
<FromUserName><![CDATA[om_6jt0mq0SXwqYbKTteo5rulNco]]></FromUserName>
<CreateTime>1470279445</CreateTime>
<MsgType><![CDATA[event]]></MsgType>
<Event><![CDATA[VIEW]]></Event>
<EventKey><![CDATA[https://open.weixin.qq.com/connect/oauth2/authorize?appid=wx5ce7ab396e8db3fe&redirect_uri=http%3A%2F%2Fshanghai.xyj0772.com%2Fapp%2F.%2Findex.php%3Fi%3D1%26c%3Dentry%26do%3Dwaprestlist%26m%3Dweisrc_dish&response_type=code&scope=snsapi_base&state=0#wechat_redirect]]></EventKey>
<MenuId>404308051</MenuId>
</xml>

2016-08-04 10:57:25 params :
------------
Array:
rule : -2 ;
module :  ;
message : Array ;

2016-08-04 10:57:25 response :
------------

2016-08-04 11:08:42 trace :
------------
String:
<xml><ToUserName><![CDATA[gh_d5c808a7666e]]></ToUserName>
<FromUserName><![CDATA[om_6jt_it_Zd46ZUoVYxdt9n_fSM]]></FromUserName>
<CreateTime>1470280122</CreateTime>
<MsgType><![CDATA[event]]></MsgType>
<Event><![CDATA[subscribe]]></Event>
<EventKey><![CDATA[]]></EventKey>
</xml>

2016-08-04 11:08:42 params :
------------
Array:
rule : -2 ;
module :  ;
message : Array ;

2016-08-04 11:08:42 response :
------------

2016-08-04 11:17:29 trace :
------------
String:
<xml><ToUserName><![CDATA[gh_d5c808a7666e]]></ToUserName>
<FromUserName><![CDATA[om_6jt_it_Zd46ZUoVYxdt9n_fSM]]></FromUserName>
<CreateTime>1470280649</CreateTime>
<MsgType><![CDATA[event]]></MsgType>
<Event><![CDATA[VIEW]]></Event>
<EventKey><![CDATA[http://shanghai.xyj0772.com/app/index.php?i=1&c=entry&eid=22]]></EventKey>
<MenuId>404308051</MenuId>
</xml>

2016-08-04 11:17:29 params :
------------
Array:
rule : -2 ;
module :  ;
message : Array ;

2016-08-04 11:17:29 response :
------------

2016-08-04 11:20:07 trace :
------------
String:
<xml><ToUserName><![CDATA[gh_d5c808a7666e]]></ToUserName>
<FromUserName><![CDATA[om_6jt_it_Zd46ZUoVYxdt9n_fSM]]></FromUserName>
<CreateTime>1470280807</CreateTime>
<MsgType><![CDATA[event]]></MsgType>
<Event><![CDATA[VIEW]]></Event>
<EventKey><![CDATA[http://shanghai.xyj0772.com/app/index.php?i=1&c=entry&do=orderlist&m=weisrc_dish]]></EventKey>
<MenuId>404308051</MenuId>
</xml>

2016-08-04 11:20:07 params :
------------
Array:
rule : -2 ;
module :  ;
message : Array ;

2016-08-04 11:20:07 response :
------------

2016-08-04 11:22:47 trace :
------------
String:
<xml><ToUserName><![CDATA[gh_d5c808a7666e]]></ToUserName>
<FromUserName><![CDATA[om_6jt_it_Zd46ZUoVYxdt9n_fSM]]></FromUserName>
<CreateTime>1470280967</CreateTime>
<MsgType><![CDATA[event]]></MsgType>
<Event><![CDATA[VIEW]]></Event>
<EventKey><![CDATA[http://shanghai.xyj0772.com/app/index.php?i=1&c=entry&do=orderlist&m=weisrc_dish]]></EventKey>
<MenuId>404308051</MenuId>
</xml>

2016-08-04 11:22:47 params :
------------
Array:
rule : -2 ;
module :  ;
message : Array ;

2016-08-04 11:22:47 response :
------------

2016-08-04 11:23:20 trace :
------------
String:
<xml><ToUserName><![CDATA[gh_d5c808a7666e]]></ToUserName>
<FromUserName><![CDATA[om_6jt0ZdsS0OlLSpfO0DVzyqMGU]]></FromUserName>
<CreateTime>1470280999</CreateTime>
<MsgType><![CDATA[event]]></MsgType>
<Event><![CDATA[VIEW]]></Event>
<EventKey><![CDATA[http://shanghai.xyj0772.com/app/index.php?i=1&c=entry&eid=22]]></EventKey>
<MenuId>404308051</MenuId>
</xml>

2016-08-04 11:23:20 params :
------------
Array:
rule : -2 ;
module :  ;
message : Array ;

2016-08-04 11:23:20 response :
------------

2016-08-04 11:28:13 trace :
------------
String:
<xml><ToUserName><![CDATA[gh_d5c808a7666e]]></ToUserName>
<FromUserName><![CDATA[om_6jt_it_Zd46ZUoVYxdt9n_fSM]]></FromUserName>
<CreateTime>1470281293</CreateTime>
<MsgType><![CDATA[event]]></MsgType>
<Event><![CDATA[VIEW]]></Event>
<EventKey><![CDATA[http://shanghai.xyj0772.com/app/index.php?i=1&c=entry&do=orderlist&m=weisrc_dish]]></EventKey>
<MenuId>404308051</MenuId>
</xml>

2016-08-04 11:28:13 params :
------------
Array:
rule : -2 ;
module :  ;
message : Array ;

2016-08-04 11:28:13 response :
------------

2016-08-04 11:33:30 trace :
------------
String:
<xml><ToUserName><![CDATA[gh_d5c808a7666e]]></ToUserName>
<FromUserName><![CDATA[om_6jt0ZdsS0OlLSpfO0DVzyqMGU]]></FromUserName>
<CreateTime>1470281610</CreateTime>
<MsgType><![CDATA[event]]></MsgType>
<Event><![CDATA[VIEW]]></Event>
<EventKey><![CDATA[http://shanghai.xyj0772.com/app/index.php?i=1&c=entry&eid=22]]></EventKey>
<MenuId>404308051</MenuId>
</xml>

2016-08-04 11:33:30 params :
------------
Array:
rule : -2 ;
module :  ;
message : Array ;

2016-08-04 11:33:30 response :
------------

2016-08-04 11:34:20 trace :
------------
String:
<xml><ToUserName><![CDATA[gh_d5c808a7666e]]></ToUserName>
<FromUserName><![CDATA[om_6jt_it_Zd46ZUoVYxdt9n_fSM]]></FromUserName>
<CreateTime>1470281660</CreateTime>
<MsgType><![CDATA[event]]></MsgType>
<Event><![CDATA[scancode_push]]></Event>
<EventKey><![CDATA[林]]></EventKey>
<ScanCodeInfo><ScanType><![CDATA[qrcode]]></ScanType>
<ScanResult><![CDATA[http://shanghai.xyj0772.com/app/index.php?i=1&c=entry&mode=1&storeid=1&tablesid=7&do=waplist&m=weisrc_dish]]></ScanResult>
</ScanCodeInfo>
</xml>

2016-08-04 11:34:20 params :
------------
Array:
rule : -2 ;
module :  ;
message : Array ;

2016-08-04 11:34:20 response :
------------

2016-08-04 11:55:46 trace :
------------
String:
<xml><ToUserName><![CDATA[gh_d5c808a7666e]]></ToUserName>
<FromUserName><![CDATA[om_6jt0ZdsS0OlLSpfO0DVzyqMGU]]></FromUserName>
<CreateTime>1470282946</CreateTime>
<MsgType><![CDATA[event]]></MsgType>
<Event><![CDATA[VIEW]]></Event>
<EventKey><![CDATA[http://shanghai.xyj0772.com/app/index.php?i=1&c=entry&eid=22]]></EventKey>
<MenuId>404308051</MenuId>
</xml>

2016-08-04 11:55:46 params :
------------
Array:
rule : -2 ;
module :  ;
message : Array ;

2016-08-04 11:55:46 response :
------------

2016-08-04 11:56:08 trace :
------------
String:
<xml><ToUserName><![CDATA[gh_d5c808a7666e]]></ToUserName>
<FromUserName><![CDATA[om_6jt2KN5m2a7PN8LYPB54R85zI]]></FromUserName>
<CreateTime>1470282968</CreateTime>
<MsgType><![CDATA[event]]></MsgType>
<Event><![CDATA[LOCATION]]></Event>
<Latitude>24.307535</Latitude>
<Longitude>109.403214</Longitude>
<Precision>65.000000</Precision>
</xml>

2016-08-04 11:56:08 params :
------------
Array:
message : Array ;
module : default ;
rule : -1 ;

2016-08-04 11:56:09 response :
------------
Array:
errno : -1 ;
message : Invaild value ;

2016-08-04 11:56:14 trace :
------------
String:
<xml><ToUserName><![CDATA[gh_d5c808a7666e]]></ToUserName>
<FromUserName><![CDATA[om_6jt2KN5m2a7PN8LYPB54R85zI]]></FromUserName>
<CreateTime>1470282974</CreateTime>
<MsgType><![CDATA[event]]></MsgType>
<Event><![CDATA[VIEW]]></Event>
<EventKey><![CDATA[http://shanghai.xyj0772.com/app/index.php?i=1&c=entry&eid=22]]></EventKey>
<MenuId>404308051</MenuId>
</xml>

2016-08-04 11:56:14 params :
------------
Array:
rule : -2 ;
module :  ;
message : Array ;

2016-08-04 11:56:14 response :
------------

2016-08-04 11:57:18 trace :
------------
String:
<xml><ToUserName><![CDATA[gh_d5c808a7666e]]></ToUserName>
<FromUserName><![CDATA[om_6jt2KN5m2a7PN8LYPB54R85zI]]></FromUserName>
<CreateTime>1470283038</CreateTime>
<MsgType><![CDATA[event]]></MsgType>
<Event><![CDATA[LOCATION]]></Event>
<Latitude>24.307590</Latitude>
<Longitude>109.403137</Longitude>
<Precision>65.000000</Precision>
</xml>

2016-08-04 11:57:18 params :
------------
Array:
message : Array ;
module : default ;
rule : -1 ;

2016-08-04 11:57:18 response :
------------
Array:
errno : -1 ;
message : Invaild value ;

2016-08-04 11:57:38 trace :
------------
String:
<xml><ToUserName><![CDATA[gh_d5c808a7666e]]></ToUserName>
<FromUserName><![CDATA[om_6jt2KN5m2a7PN8LYPB54R85zI]]></FromUserName>
<CreateTime>1470283058</CreateTime>
<MsgType><![CDATA[image]]></MsgType>
<PicUrl><![CDATA[http://mmbiz.qpic.cn/mmbiz/JB1ibRFMDkJXTDxt3vcJG4Jvq1bN7UzTVexnor7Eld1wzQPj1XpsCibRP7mN2Q5Es8ymvkj5VOwia8TiaKBhrDENTA/0]]></PicUrl>
<MsgId>6314817650377179264</MsgId>
<MediaId><![CDATA[aflgZuWtMK5a299aAdQI5jXK8ew_312rc2z2kXwodENq1Jgu6Oal_Au3Fu41-gmU]]></MediaId>
</xml>

2016-08-04 11:57:38 trace :
------------
String:
<xml><ToUserName><![CDATA[gh_d5c808a7666e]]></ToUserName>
<FromUserName><![CDATA[om_6jt2KN5m2a7PN8LYPB54R85zI]]></FromUserName>
<CreateTime>1470283056</CreateTime>
<MsgType><![CDATA[image]]></MsgType>
<PicUrl><![CDATA[http://mmbiz.qpic.cn/mmbiz/JB1ibRFMDkJXTDxt3vcJG4Jvq1bN7UzTVKFJXsnxyvHs48GwOKfLDFn9eI3cHfXHYY3xeqialwCOx8xl0uGvOAPw/0]]></PicUrl>
<MsgId>6314817641787244671</MsgId>
<MediaId><![CDATA[MHsgaZo1KoODSiOTWTpbb8IH2zyPgR-BHdPyksuxRD0idv1ijpP_zv6pv43l0G6S]]></MediaId>
</xml>

2016-08-04 11:57:39 params :
------------
Array:
rule : -2 ;
module :  ;
message : Array ;

2016-08-04 11:57:39 response :
------------

2016-08-04 11:57:39 params :
------------
Array:
rule : -2 ;
module :  ;
message : Array ;

2016-08-04 11:57:39 response :
------------

2016-08-04 11:57:40 trace :
------------
String:
<xml><ToUserName><![CDATA[gh_d5c808a7666e]]></ToUserName>
<FromUserName><![CDATA[om_6jt2KN5m2a7PN8LYPB54R85zI]]></FromUserName>
<CreateTime>1470283059</CreateTime>
<MsgType><![CDATA[image]]></MsgType>
<PicUrl><![CDATA[http://mmbiz.qpic.cn/mmbiz/JB1ibRFMDkJXTDxt3vcJG4Jvq1bN7UzTVQrzUQSaqTrO9iaXqbicjqWhFv99lM5hCuyq25cNmlVSAyrUeDibNL4AYQ/0]]></PicUrl>
<MsgId>6314817654672146561</MsgId>
<MediaId><![CDATA[MmNzJeH0qlLHhYv5AmaDMq25yiRr0LwGgXfv24NZirA5ddbodPDoBh_Qb6JSRJJ2]]></MediaId>
</xml>

2016-08-04 11:57:40 params :
------------
Array:
rule : -2 ;
module :  ;
message : Array ;

2016-08-04 11:57:40 response :
------------

2016-08-04 11:57:41 trace :
------------
String:
<xml><ToUserName><![CDATA[gh_d5c808a7666e]]></ToUserName>
<FromUserName><![CDATA[om_6jt2KN5m2a7PN8LYPB54R85zI]]></FromUserName>
<CreateTime>1470283061</CreateTime>
<MsgType><![CDATA[image]]></MsgType>
<PicUrl><![CDATA[http://mmbiz.qpic.cn/mmbiz/JB1ibRFMDkJXTDxt3vcJG4Jvq1bN7UzTVthGw4DIVmgRcBCy0c4T4KB74bFshTor3icqYIZ77aaLBb2fb6IQmDFg/0]]></PicUrl>
<MsgId>6314817663262081154</MsgId>
<MediaId><![CDATA[n9ct1Vy3nUl9WPi1MEzO1xbMjoz5meH08OzJkfMJ8cNSii7NoH73vOPjAn8YGOYl]]></MediaId>
</xml>

2016-08-04 11:57:41 params :
------------
Array:
rule : -2 ;
module :  ;
message : Array ;

2016-08-04 11:57:41 response :
------------

2016-08-04 12:00:23 trace :
------------
String:
<xml><ToUserName><![CDATA[gh_d5c808a7666e]]></ToUserName>
<FromUserName><![CDATA[om_6jt2KN5m2a7PN8LYPB54R85zI]]></FromUserName>
<CreateTime>1470283223</CreateTime>
<MsgType><![CDATA[event]]></MsgType>
<Event><![CDATA[LOCATION]]></Event>
<Latitude>24.307665</Latitude>
<Longitude>109.403130</Longitude>
<Precision>75.357208</Precision>
</xml>

2016-08-04 12:00:23 params :
------------
Array:
message : Array ;
module : default ;
rule : -1 ;

2016-08-04 12:00:23 response :
------------
Array:
errno : -1 ;
message : Invaild value ;

2016-08-04 12:00:24 trace :
------------
String:
<xml><ToUserName><![CDATA[gh_d5c808a7666e]]></ToUserName>
<FromUserName><![CDATA[om_6jt2KN5m2a7PN8LYPB54R85zI]]></FromUserName>
<CreateTime>1470283224</CreateTime>
<MsgType><![CDATA[event]]></MsgType>
<Event><![CDATA[VIEW]]></Event>
<EventKey><![CDATA[http://shanghai.xyj0772.com/app/index.php?i=1&c=entry&eid=22]]></EventKey>
<MenuId>404308051</MenuId>
</xml>

2016-08-04 12:00:24 params :
------------
Array:
rule : -2 ;
module :  ;
message : Array ;

2016-08-04 12:00:24 response :
------------

2016-08-04 12:00:33 trace :
------------
String:
<xml><ToUserName><![CDATA[gh_d5c808a7666e]]></ToUserName>
<FromUserName><![CDATA[om_6jt2KN5m2a7PN8LYPB54R85zI]]></FromUserName>
<CreateTime>1470283233</CreateTime>
<MsgType><![CDATA[image]]></MsgType>
<PicUrl><![CDATA[http://mmbiz.qpic.cn/mmbiz/JB1ibRFMDkJXTDxt3vcJG4Jvq1bN7UzTVexnor7Eld1wzQPj1XpsCibRP7mN2Q5Es8ymvkj5VOwia8TiaKBhrDENTA/0]]></PicUrl>
<MsgId>6314818401996456067</MsgId>
<MediaId><![CDATA[Zdq0JRJyWuiOx3bI4Jw40Po5dGW1nJLFu6V031t8PYVc-g8NjQXu9m4rLVlbgR4A]]></MediaId>
</xml>

2016-08-04 12:00:33 params :
------------
Array:
rule : -2 ;
module :  ;
message : Array ;

2016-08-04 12:00:33 response :
------------

2016-08-04 12:00:34 trace :
------------
String:
<xml><ToUserName><![CDATA[gh_d5c808a7666e]]></ToUserName>
<FromUserName><![CDATA[om_6jt2KN5m2a7PN8LYPB54R85zI]]></FromUserName>
<CreateTime>1470283234</CreateTime>
<MsgType><![CDATA[image]]></MsgType>
<PicUrl><![CDATA[http://mmbiz.qpic.cn/mmbiz/JB1ibRFMDkJXTDxt3vcJG4Jvq1bN7UzTVQrzUQSaqTrO9iaXqbicjqWhFv99lM5hCuyq25cNmlVSAyrUeDibNL4AYQ/0]]></PicUrl>
<MsgId>6314818406291423364</MsgId>
<MediaId><![CDATA[2M5zyfqVTbRhQypI4FWpNHkZTxm5ZeZ655ExHj-G0XIuw2hHzfY84o4BlA4ql4ky]]></MediaId>
</xml>

2016-08-04 12:00:34 params :
------------
Array:
rule : -2 ;
module :  ;
message : Array ;

2016-08-04 12:00:34 response :
------------

2016-08-04 12:00:35 trace :
------------
String:
<xml><ToUserName><![CDATA[gh_d5c808a7666e]]></ToUserName>
<FromUserName><![CDATA[om_6jt2KN5m2a7PN8LYPB54R85zI]]></FromUserName>
<CreateTime>1470283235</CreateTime>
<MsgType><![CDATA[image]]></MsgType>
<PicUrl><![CDATA[http://mmbiz.qpic.cn/mmbiz/JB1ibRFMDkJXTDxt3vcJG4Jvq1bN7UzTVthGw4DIVmgRcBCy0c4T4KB74bFshTor3icqYIZ77aaLBb2fb6IQmDFg/0]]></PicUrl>
<MsgId>6314818410586390661</MsgId>
<MediaId><![CDATA[IMM7vYXpTtBOT0jtnOzJOFza-x7AF4M6mVLbq0Dp_YSELkfSFMp3QYBX1j-YjWFY]]></MediaId>
</xml>

2016-08-04 12:00:35 params :
------------
Array:
rule : -2 ;
module :  ;
message : Array ;

2016-08-04 12:00:35 response :
------------

2016-08-04 12:00:45 trace :
------------
String:
<xml><ToUserName><![CDATA[gh_d5c808a7666e]]></ToUserName>
<FromUserName><![CDATA[om_6jt0ZdsS0OlLSpfO0DVzyqMGU]]></FromUserName>
<CreateTime>1470283245</CreateTime>
<MsgType><![CDATA[event]]></MsgType>
<Event><![CDATA[VIEW]]></Event>
<EventKey><![CDATA[http://shanghai.xyj0772.com/app/index.php?i=1&c=entry&eid=22]]></EventKey>
<MenuId>404308051</MenuId>
</xml>

2016-08-04 12:00:45 params :
------------
Array:
rule : -2 ;
module :  ;
message : Array ;

2016-08-04 12:00:45 response :
------------

2016-08-04 12:00:46 trace :
------------
String:
<xml><ToUserName><![CDATA[gh_d5c808a7666e]]></ToUserName>
<FromUserName><![CDATA[om_6jt2KN5m2a7PN8LYPB54R85zI]]></FromUserName>
<CreateTime>1470283235</CreateTime>
<MsgType><![CDATA[image]]></MsgType>
<PicUrl><![CDATA[http://mmbiz.qpic.cn/mmbiz/JB1ibRFMDkJXTDxt3vcJG4Jvq1bN7UzTVthGw4DIVmgRcBCy0c4T4KB74bFshTor3icqYIZ77aaLBb2fb6IQmDFg/0]]></PicUrl>
<MsgId>6314818410586390662</MsgId>
<MediaId><![CDATA[9dhB574P2Q8ylhVe0h6n8dcVPyqgUYQoNlVy6bhHj81rULoBf8mhzKAxrrcbUjTk]]></MediaId>
</xml>

2016-08-04 12:00:46 params :
------------
Array:
rule : -2 ;
module :  ;
message : Array ;

2016-08-04 12:00:46 response :
------------

2016-08-04 12:02:10 trace :
------------
String:
<xml><ToUserName><![CDATA[gh_d5c808a7666e]]></ToUserName>
<FromUserName><![CDATA[om_6jt2KN5m2a7PN8LYPB54R85zI]]></FromUserName>
<CreateTime>1470283330</CreateTime>
<MsgType><![CDATA[event]]></MsgType>
<Event><![CDATA[VIEW]]></Event>
<EventKey><![CDATA[http://shanghai.xyj0772.com/app/index.php?i=1&c=entry&eid=22]]></EventKey>
<MenuId>404308051</MenuId>
</xml>

2016-08-04 12:02:10 params :
------------
Array:
rule : -2 ;
module :  ;
message : Array ;

2016-08-04 12:02:10 response :
------------

2016-08-04 12:03:22 trace :
------------
String:
<xml><ToUserName><![CDATA[gh_d5c808a7666e]]></ToUserName>
<FromUserName><![CDATA[om_6jt2KN5m2a7PN8LYPB54R85zI]]></FromUserName>
<CreateTime>1470283401</CreateTime>
<MsgType><![CDATA[image]]></MsgType>
<PicUrl><![CDATA[http://mmbiz.qpic.cn/mmbiz/JB1ibRFMDkJXTDxt3vcJG4Jvq1bN7UzTVFYKtEkyf0Ee5m7mLHYAsB61SrwiceHxaiber1m7B4zHkcKK3xEhhzljA/0]]></PicUrl>
<MsgId>6314819123550961799</MsgId>
<MediaId><![CDATA[F4bKeXeEDHYix29QpAfYOn_3EFyGek7pQJs2PQWYczE5yVIB-EWYYcuDTp2zMkto]]></MediaId>
</xml>

2016-08-04 12:03:22 params :
------------
Array:
rule : -2 ;
module :  ;
message : Array ;

2016-08-04 12:03:22 response :
------------

2016-08-04 12:03:24 trace :
------------
String:
<xml><ToUserName><![CDATA[gh_d5c808a7666e]]></ToUserName>
<FromUserName><![CDATA[om_6jt2KN5m2a7PN8LYPB54R85zI]]></FromUserName>
<CreateTime>1470283403</CreateTime>
<MsgType><![CDATA[image]]></MsgType>
<PicUrl><![CDATA[http://mmbiz.qpic.cn/mmbiz/JB1ibRFMDkJXTDxt3vcJG4Jvq1bN7UzTVNVk0zNvDOV4dib9nVYftgQhRaB55zI7VGbE4KSsO0BqzUfwaDUC8fvw/0]]></PicUrl>
<MsgId>6314819132140896392</MsgId>
<MediaId><![CDATA[VVzeiLNp3n20TECxZ-HN676MiHq72VV7FTf6t4TdKXEJBrA23lk6pRws7LENZH80]]></MediaId>
</xml>

2016-08-04 12:03:24 params :
------------
Array:
rule : -2 ;
module :  ;
message : Array ;

2016-08-04 12:03:24 response :
------------

2016-08-04 12:04:34 trace :
------------
String:
<xml><ToUserName><![CDATA[gh_d5c808a7666e]]></ToUserName>
<FromUserName><![CDATA[om_6jt2KN5m2a7PN8LYPB54R85zI]]></FromUserName>
<CreateTime>1470283474</CreateTime>
<MsgType><![CDATA[event]]></MsgType>
<Event><![CDATA[LOCATION]]></Event>
<Latitude>24.307777</Latitude>
<Longitude>109.403175</Longitude>
<Precision>78.847694</Precision>
</xml>

2016-08-04 12:04:34 params :
------------
Array:
message : Array ;
module : default ;
rule : -1 ;

2016-08-04 12:04:34 response :
------------
Array:
errno : -1 ;
message : Invaild value ;

2016-08-04 12:06:02 trace :
------------
String:
<xml><ToUserName><![CDATA[gh_d5c808a7666e]]></ToUserName>
<FromUserName><![CDATA[om_6jt2KN5m2a7PN8LYPB54R85zI]]></FromUserName>
<CreateTime>1470283562</CreateTime>
<MsgType><![CDATA[event]]></MsgType>
<Event><![CDATA[LOCATION]]></Event>
<Latitude>24.307573</Latitude>
<Longitude>109.403114</Longitude>
<Precision>65.000000</Precision>
</xml>

2016-08-04 12:06:02 params :
------------
Array:
message : Array ;
module : default ;
rule : -1 ;

2016-08-04 12:06:02 response :
------------
Array:
errno : -1 ;
message : Invaild value ;

2016-08-04 12:10:05 trace :
------------
String:
<xml><ToUserName><![CDATA[gh_d5c808a7666e]]></ToUserName>
<FromUserName><![CDATA[om_6jt2KN5m2a7PN8LYPB54R85zI]]></FromUserName>
<CreateTime>1470283805</CreateTime>
<MsgType><![CDATA[event]]></MsgType>
<Event><![CDATA[LOCATION]]></Event>
<Latitude>24.307663</Latitude>
<Longitude>109.403130</Longitude>
<Precision>65.000000</Precision>
</xml>

2016-08-04 12:10:05 params :
------------
Array:
message : Array ;
module : default ;
rule : -1 ;

2016-08-04 12:10:05 response :
------------
Array:
errno : -1 ;
message : Invaild value ;

2016-08-04 12:10:11 trace :
------------
String:
<xml><ToUserName><![CDATA[gh_d5c808a7666e]]></ToUserName>
<FromUserName><![CDATA[om_6jt2KN5m2a7PN8LYPB54R85zI]]></FromUserName>
<CreateTime>1470283811</CreateTime>
<MsgType><![CDATA[event]]></MsgType>
<Event><![CDATA[VIEW]]></Event>
<EventKey><![CDATA[http://shanghai.xyj0772.com/app/index.php?i=1&c=entry&id=2&do=game&m=j_money]]></EventKey>
<MenuId>404308051</MenuId>
</xml>

2016-08-04 12:10:11 params :
------------
Array:
rule : -2 ;
module :  ;
message : Array ;

2016-08-04 12:10:11 response :
------------

2016-08-04 12:10:25 trace :
------------
String:
<xml><ToUserName><![CDATA[gh_d5c808a7666e]]></ToUserName>
<FromUserName><![CDATA[om_6jt2KN5m2a7PN8LYPB54R85zI]]></FromUserName>
<CreateTime>1470283825</CreateTime>
<MsgType><![CDATA[event]]></MsgType>
<Event><![CDATA[VIEW]]></Event>
<EventKey><![CDATA[http://shanghai.xyj0772.com/app/index.php?i=1&c=entry&do=orderlist&m=weisrc_dish]]></EventKey>
<MenuId>404308051</MenuId>
</xml>

2016-08-04 12:10:25 params :
------------
Array:
rule : -2 ;
module :  ;
message : Array ;

2016-08-04 12:10:25 response :
------------

2016-08-04 12:11:33 trace :
------------
String:
<xml><ToUserName><![CDATA[gh_d5c808a7666e]]></ToUserName>
<FromUserName><![CDATA[om_6jt2KN5m2a7PN8LYPB54R85zI]]></FromUserName>
<CreateTime>1470283893</CreateTime>
<MsgType><![CDATA[event]]></MsgType>
<Event><![CDATA[unsubscribe]]></Event>
<EventKey><![CDATA[]]></EventKey>
</xml>

2016-08-04 12:11:52 trace :
------------
String:
<xml><ToUserName><![CDATA[gh_d5c808a7666e]]></ToUserName>
<FromUserName><![CDATA[om_6jt2KN5m2a7PN8LYPB54R85zI]]></FromUserName>
<CreateTime>1470283912</CreateTime>
<MsgType><![CDATA[event]]></MsgType>
<Event><![CDATA[subscribe]]></Event>
<EventKey><![CDATA[]]></EventKey>
</xml>

2016-08-04 12:11:52 params :
------------
Array:
rule : -2 ;
module :  ;
message : Array ;

2016-08-04 12:11:52 response :
------------

2016-08-04 12:13:22 trace :
------------
String:
<xml><ToUserName><![CDATA[gh_d5c808a7666e]]></ToUserName>
<FromUserName><![CDATA[om_6jt2KN5m2a7PN8LYPB54R85zI]]></FromUserName>
<CreateTime>1470284002</CreateTime>
<MsgType><![CDATA[event]]></MsgType>
<Event><![CDATA[scancode_push]]></Event>
<EventKey><![CDATA[林]]></EventKey>
<ScanCodeInfo><ScanType><![CDATA[qrcode]]></ScanType>
<ScanResult><![CDATA[http://shanghai.xyj0772.com/app/index.php?i=1&c=entry&mode=1&storeid=1&tablesid=1&do=waplist&m=weisrc_dish]]></ScanResult>
</ScanCodeInfo>
</xml>

2016-08-04 12:13:22 params :
------------
Array:
rule : -2 ;
module :  ;
message : Array ;

2016-08-04 12:13:22 response :
------------

2016-08-04 12:17:50 trace :
------------
String:
<xml><ToUserName><![CDATA[gh_d5c808a7666e]]></ToUserName>
<FromUserName><![CDATA[om_6jt2KN5m2a7PN8LYPB54R85zI]]></FromUserName>
<CreateTime>1470284267</CreateTime>
<MsgType><![CDATA[image]]></MsgType>
<PicUrl><![CDATA[http://mmbiz.qpic.cn/mmbiz/JB1ibRFMDkJXTDxt3vcJG4Jvq1bN7UzTVvXdpNLjXfg5VCwzaBzib7uVwlZEr5kKVRhZrLx1EBibYXzP5rcUxx4SA/0]]></PicUrl>
<MsgId>6314822842992640138</MsgId>
<MediaId><![CDATA[oZu78ivaoxnV27FLeIlzC8dlVj98Aj2tZL6A6NvCXaYy9OaF1BdNFUHC9wRMHWt0]]></MediaId>
</xml>

2016-08-04 12:17:51 params :
------------
Array:
rule : -2 ;
module :  ;
message : Array ;

2016-08-04 12:17:51 response :
------------

2016-08-04 12:17:53 trace :
------------
String:
<xml><ToUserName><![CDATA[gh_d5c808a7666e]]></ToUserName>
<FromUserName><![CDATA[om_6jt2KN5m2a7PN8LYPB54R85zI]]></FromUserName>
<CreateTime>1470284272</CreateTime>
<MsgType><![CDATA[image]]></MsgType>
<PicUrl><![CDATA[http://mmbiz.qpic.cn/mmbiz/JB1ibRFMDkJXTDxt3vcJG4Jvq1bN7UzTV7D8ZDrBn5NicQPAovjnfyRNtdbsT7IWqoyJKiam7geU5icjNMx14CMOPQ/0]]></PicUrl>
<MsgId>6314822864467476619</MsgId>
<MediaId><![CDATA[148UItq6O35vVGm-fgzlHK0ODwsevzHUBcSEPnSkYR9R8rd5vV8fYlBMQzUphlZE]]></MediaId>
</xml>

2016-08-04 12:17:54 params :
------------
Array:
rule : -2 ;
module :  ;
message : Array ;

2016-08-04 12:17:54 response :
------------

2016-08-04 12:17:56 trace :
------------
String:
<xml><ToUserName><![CDATA[gh_d5c808a7666e]]></ToUserName>
<FromUserName><![CDATA[om_6jt2KN5m2a7PN8LYPB54R85zI]]></FromUserName>
<CreateTime>1470284275</CreateTime>
<MsgType><![CDATA[image]]></MsgType>
<PicUrl><![CDATA[http://mmbiz.qpic.cn/mmbiz/JB1ibRFMDkJXTDxt3vcJG4Jvq1bN7UzTVUGnZCFiblWJZrJvOnMJFicSjuBFsBMoZo7S8Zt4MIxepDFiaYRWM88Udw/0]]></PicUrl>
<MsgId>6314822877352378508</MsgId>
<MediaId><![CDATA[EP2nn6fZq_53lpIz2_4TjZcWuAUZVsffr4_6z5pzqvKWcQ6yEU2-7Il3ZH4vFJkh]]></MediaId>
</xml>

2016-08-04 12:17:56 params :
------------
Array:
rule : -2 ;
module :  ;
message : Array ;

2016-08-04 12:17:56 response :
------------

2016-08-04 12:18:00 trace :
------------
String:
<xml><ToUserName><![CDATA[gh_d5c808a7666e]]></ToUserName>
<FromUserName><![CDATA[om_6jt2KN5m2a7PN8LYPB54R85zI]]></FromUserName>
<CreateTime>1470284279</CreateTime>
<MsgType><![CDATA[image]]></MsgType>
<PicUrl><![CDATA[http://mmbiz.qpic.cn/mmbiz/JB1ibRFMDkJXTDxt3vcJG4Jvq1bN7UzTViakne3micMWI9lEcpHyIh2W3WchiaYdSh8FnbiaNYB36sZicrgyFz9b8k0Q/0]]></PicUrl>
<MsgId>6314822894532247693</MsgId>
<MediaId><![CDATA[rFpFaSSICbbxKFtPwAxWpm89sPbfnsWExT8kFDnqy4UVdpIA_VCQCaMZp3TTAk3E]]></MediaId>
</xml>

2016-08-04 12:18:00 params :
------------
Array:
rule : -2 ;
module :  ;
message : Array ;

2016-08-04 12:18:00 response :
------------

2016-08-04 12:18:02 trace :
------------
String:
<xml><ToUserName><![CDATA[gh_d5c808a7666e]]></ToUserName>
<FromUserName><![CDATA[om_6jt2KN5m2a7PN8LYPB54R85zI]]></FromUserName>
<CreateTime>1470284281</CreateTime>
<MsgType><![CDATA[image]]></MsgType>
<PicUrl><![CDATA[http://mmbiz.qpic.cn/mmbiz/JB1ibRFMDkJXTDxt3vcJG4Jvq1bN7UzTVYAk6M368JPHLRThbZwu162eRiccoyj2LOMK4fWWvwBlFk8BJ2JCmQww/0]]></PicUrl>
<MsgId>6314822903122182286</MsgId>
<MediaId><![CDATA[pq8whpifkWh52hvuKHFeuffrIwgr_M_WrWyUHTav3RV3Bmzvw9QuSeDxcuGwKqac]]></MediaId>
</xml>

2016-08-04 12:18:02 params :
------------
Array:
rule : -2 ;
module :  ;
message : Array ;

2016-08-04 12:18:02 response :
------------

2016-08-04 12:18:04 trace :
------------
String:
<xml><ToUserName><![CDATA[gh_d5c808a7666e]]></ToUserName>
<FromUserName><![CDATA[om_6jt2KN5m2a7PN8LYPB54R85zI]]></FromUserName>
<CreateTime>1470284283</CreateTime>
<MsgType><![CDATA[image]]></MsgType>
<PicUrl><![CDATA[http://mmbiz.qpic.cn/mmbiz/JB1ibRFMDkJXTDxt3vcJG4Jvq1bN7UzTVshn0r8CTTVDFT4tvAxds9teGMsrciawR8aX1jAAenib8sLKjalpnibzXw/0]]></PicUrl>
<MsgId>6314822911712116879</MsgId>
<MediaId><![CDATA[vzTj1BpRgTbcZbUeFF4Gq8uZv7_qmL2TqVE0C_NEWpLjsiYtxKR4ryTyQrCZ7kNQ]]></MediaId>
</xml>

2016-08-04 12:18:04 params :
------------
Array:
rule : -2 ;
module :  ;
message : Array ;

2016-08-04 12:18:04 response :
------------

2016-08-04 12:24:05 trace :
------------
String:
<xml><ToUserName><![CDATA[gh_d5c808a7666e]]></ToUserName>
<FromUserName><![CDATA[om_6jt0ZdsS0OlLSpfO0DVzyqMGU]]></FromUserName>
<CreateTime>1470284645</CreateTime>
<MsgType><![CDATA[event]]></MsgType>
<Event><![CDATA[VIEW]]></Event>
<EventKey><![CDATA[http://shanghai.xyj0772.com/app/index.php?i=1&c=entry&eid=22]]></EventKey>
<MenuId>404308051</MenuId>
</xml>

2016-08-04 12:24:05 params :
------------
Array:
rule : -2 ;
module :  ;
message : Array ;

2016-08-04 12:24:05 response :
------------

2016-08-04 12:28:43 trace :
------------
String:
<xml><ToUserName><![CDATA[gh_d5c808a7666e]]></ToUserName>
<FromUserName><![CDATA[om_6jt2KN5m2a7PN8LYPB54R85zI]]></FromUserName>
<CreateTime>1470284923</CreateTime>
<MsgType><![CDATA[event]]></MsgType>
<Event><![CDATA[VIEW]]></Event>
<EventKey><![CDATA[http://shanghai.xyj0772.com/app/index.php?i=1&c=entry&do=orderlist&m=weisrc_dish]]></EventKey>
<MenuId>404308051</MenuId>
</xml>

2016-08-04 12:28:43 params :
------------
Array:
rule : -2 ;
module :  ;
message : Array ;

2016-08-04 12:28:43 response :
------------

2016-08-04 12:29:21 trace :
------------
String:
<xml><ToUserName><![CDATA[gh_d5c808a7666e]]></ToUserName>
<FromUserName><![CDATA[om_6jt2KN5m2a7PN8LYPB54R85zI]]></FromUserName>
<CreateTime>1470284960</CreateTime>
<MsgType><![CDATA[image]]></MsgType>
<PicUrl><![CDATA[http://mmbiz.qpic.cn/mmbiz/JB1ibRFMDkJXTDxt3vcJG4Jvq1bN7UzTVPxpA3LHSw4X9RsiciaXwGwrq6SYakFRj4icyaOBFDibnkkKsNy1SYWJAhw/0]]></PicUrl>
<MsgId>6314825819404976272</MsgId>
<MediaId><![CDATA[odlTGf1rfiddMxmfO7Cmi9fieHwfjtPIpoLhW4wQokm-NV1G8SLKcvbLtJUvfisb]]></MediaId>
</xml>

2016-08-04 12:29:22 params :
------------
Array:
rule : -2 ;
module :  ;
message : Array ;

2016-08-04 12:29:22 response :
------------

2016-08-04 12:29:23 trace :
------------
String:
<xml><ToUserName><![CDATA[gh_d5c808a7666e]]></ToUserName>
<FromUserName><![CDATA[om_6jt2KN5m2a7PN8LYPB54R85zI]]></FromUserName>
<CreateTime>1470284962</CreateTime>
<MsgType><![CDATA[image]]></MsgType>
<PicUrl><![CDATA[http://mmbiz.qpic.cn/mmbiz/JB1ibRFMDkJXTDxt3vcJG4Jvq1bN7UzTVU4VbP83C4oJ1dDu6KHRIiaicTibCJl4F2sA1NRZSnKaQXNfFSqF8ribbxw/0]]></PicUrl>
<MsgId>6314825827994910865</MsgId>
<MediaId><![CDATA[pQEv2-ASlZtmGgdkW0BU3ivA4Kg3fY1rbK64UU8-4uJi5-2Vpoo49__BF3C3JLH_]]></MediaId>
</xml>

2016-08-04 12:29:23 params :
------------
Array:
rule : -2 ;
module :  ;
message : Array ;

2016-08-04 12:29:23 response :
------------

2016-08-04 12:31:46 trace :
------------
String:
<xml><ToUserName><![CDATA[gh_d5c808a7666e]]></ToUserName>
<FromUserName><![CDATA[om_6jt_it_Zd46ZUoVYxdt9n_fSM]]></FromUserName>
<CreateTime>1470285105</CreateTime>
<MsgType><![CDATA[event]]></MsgType>
<Event><![CDATA[VIEW]]></Event>
<EventKey><![CDATA[http://shanghai.xyj0772.com/app/index.php?i=1&c=entry&do=orderlist&m=weisrc_dish]]></EventKey>
<MenuId>404308051</MenuId>
</xml>

2016-08-04 12:31:46 params :
------------
Array:
rule : -2 ;
module :  ;
message : Array ;

2016-08-04 12:31:46 response :
------------

2016-08-04 12:44:09 trace :
------------
String:
<xml><ToUserName><![CDATA[gh_d5c808a7666e]]></ToUserName>
<FromUserName><![CDATA[om_6jt_it_Zd46ZUoVYxdt9n_fSM]]></FromUserName>
<CreateTime>1470285848</CreateTime>
<MsgType><![CDATA[event]]></MsgType>
<Event><![CDATA[VIEW]]></Event>
<EventKey><![CDATA[http://shanghai.xyj0772.com/app/index.php?i=1&c=entry&do=orderlist&m=weisrc_dish]]></EventKey>
<MenuId>404308051</MenuId>
</xml>

2016-08-04 12:44:09 params :
------------
Array:
rule : -2 ;
module :  ;
message : Array ;

2016-08-04 12:44:09 response :
------------

2016-08-04 13:32:02 trace :
------------
String:
<xml><ToUserName><![CDATA[gh_d5c808a7666e]]></ToUserName>
<FromUserName><![CDATA[om_6jt2KN5m2a7PN8LYPB54R85zI]]></FromUserName>
<CreateTime>1470288721</CreateTime>
<MsgType><![CDATA[event]]></MsgType>
<Event><![CDATA[VIEW]]></Event>
<EventKey><![CDATA[http://shanghai.xyj0772.com/app/index.php?i=1&c=entry&eid=22]]></EventKey>
<MenuId>404308051</MenuId>
</xml>

2016-08-04 13:32:02 params :
------------
Array:
rule : -2 ;
module :  ;
message : Array ;

2016-08-04 13:32:02 response :
------------

2016-08-04 13:42:20 trace :
------------
String:
<xml><ToUserName><![CDATA[gh_d5c808a7666e]]></ToUserName>
<FromUserName><![CDATA[om_6jt_it_Zd46ZUoVYxdt9n_fSM]]></FromUserName>
<CreateTime>1470289340</CreateTime>
<MsgType><![CDATA[event]]></MsgType>
<Event><![CDATA[VIEW]]></Event>
<EventKey><![CDATA[http://shanghai.xyj0772.com/app/index.php?i=1&c=entry&do=orderlist&m=weisrc_dish]]></EventKey>
<MenuId>404308051</MenuId>
</xml>

2016-08-04 13:42:20 params :
------------
Array:
rule : -2 ;
module :  ;
message : Array ;

2016-08-04 13:42:20 response :
------------

2016-08-04 13:49:52 trace :
------------
String:
<xml><ToUserName><![CDATA[gh_d5c808a7666e]]></ToUserName>
<FromUserName><![CDATA[om_6jt_it_Zd46ZUoVYxdt9n_fSM]]></FromUserName>
<CreateTime>1470289791</CreateTime>
<MsgType><![CDATA[event]]></MsgType>
<Event><![CDATA[VIEW]]></Event>
<EventKey><![CDATA[http://shanghai.xyj0772.com/app/index.php?i=1&c=entry&do=orderlist&m=weisrc_dish]]></EventKey>
<MenuId>404308051</MenuId>
</xml>

2016-08-04 13:49:52 params :
------------
Array:
rule : -2 ;
module :  ;
message : Array ;

2016-08-04 13:49:52 response :
------------

2016-08-04 13:52:58 trace :
------------
String:
<xml><ToUserName><![CDATA[gh_d5c808a7666e]]></ToUserName>
<FromUserName><![CDATA[om_6jt_it_Zd46ZUoVYxdt9n_fSM]]></FromUserName>
<CreateTime>1470289978</CreateTime>
<MsgType><![CDATA[event]]></MsgType>
<Event><![CDATA[VIEW]]></Event>
<EventKey><![CDATA[http://shanghai.xyj0772.com/app/index.php?i=1&c=entry&do=orderlist&m=weisrc_dish]]></EventKey>
<MenuId>404308051</MenuId>
</xml>

2016-08-04 13:52:58 params :
------------
Array:
rule : -2 ;
module :  ;
message : Array ;

2016-08-04 13:52:58 response :
------------

2016-08-04 13:56:16 trace :
------------
String:
<xml><ToUserName><![CDATA[gh_d5c808a7666e]]></ToUserName>
<FromUserName><![CDATA[om_6jt0ZdsS0OlLSpfO0DVzyqMGU]]></FromUserName>
<CreateTime>1470290176</CreateTime>
<MsgType><![CDATA[event]]></MsgType>
<Event><![CDATA[VIEW]]></Event>
<EventKey><![CDATA[http://shanghai.xyj0772.com/app/index.php?i=1&c=entry&eid=22]]></EventKey>
<MenuId>404308051</MenuId>
</xml>

2016-08-04 13:56:16 params :
------------
Array:
rule : -2 ;
module :  ;
message : Array ;

2016-08-04 13:56:16 response :
------------

2016-08-04 14:01:45 trace :
------------
String:
<xml><ToUserName><![CDATA[gh_d5c808a7666e]]></ToUserName>
<FromUserName><![CDATA[om_6jt_it_Zd46ZUoVYxdt9n_fSM]]></FromUserName>
<CreateTime>1470290504</CreateTime>
<MsgType><![CDATA[event]]></MsgType>
<Event><![CDATA[VIEW]]></Event>
<EventKey><![CDATA[http://shanghai.xyj0772.com/app/index.php?i=1&c=entry&do=orderlist&m=weisrc_dish]]></EventKey>
<MenuId>404308051</MenuId>
</xml>

2016-08-04 14:01:45 params :
------------
Array:
rule : -2 ;
module :  ;
message : Array ;

2016-08-04 14:01:45 response :
------------

2016-08-04 14:03:38 trace :
------------
String:
<xml><ToUserName><![CDATA[gh_d5c808a7666e]]></ToUserName>
<FromUserName><![CDATA[om_6jt_it_Zd46ZUoVYxdt9n_fSM]]></FromUserName>
<CreateTime>1470290618</CreateTime>
<MsgType><![CDATA[event]]></MsgType>
<Event><![CDATA[VIEW]]></Event>
<EventKey><![CDATA[http://shanghai.xyj0772.com/app/index.php?i=1&c=entry&do=orderlist&m=weisrc_dish]]></EventKey>
<MenuId>404308051</MenuId>
</xml>

2016-08-04 14:03:38 params :
------------
Array:
rule : -2 ;
module :  ;
message : Array ;

2016-08-04 14:03:38 response :
------------

2016-08-04 14:10:23 trace :
------------
String:
<xml><ToUserName><![CDATA[gh_d5c808a7666e]]></ToUserName>
<FromUserName><![CDATA[om_6jt0ZdsS0OlLSpfO0DVzyqMGU]]></FromUserName>
<CreateTime>1470291023</CreateTime>
<MsgType><![CDATA[event]]></MsgType>
<Event><![CDATA[VIEW]]></Event>
<EventKey><![CDATA[http://shanghai.xyj0772.com/app/index.php?i=1&c=entry&do=orderlist&m=weisrc_dish]]></EventKey>
<MenuId>404308051</MenuId>
</xml>

2016-08-04 14:10:23 params :
------------
Array:
rule : -2 ;
module :  ;
message : Array ;

2016-08-04 14:10:23 response :
------------

2016-08-04 14:34:31 trace :
------------
String:
<xml><ToUserName><![CDATA[gh_d5c808a7666e]]></ToUserName>
<FromUserName><![CDATA[om_6jt0ZdsS0OlLSpfO0DVzyqMGU]]></FromUserName>
<CreateTime>1470292471</CreateTime>
<MsgType><![CDATA[event]]></MsgType>
<Event><![CDATA[VIEW]]></Event>
<EventKey><![CDATA[http://shanghai.xyj0772.com/app/index.php?i=1&c=entry&eid=22]]></EventKey>
<MenuId>404308051</MenuId>
</xml>

2016-08-04 14:34:31 params :
------------
Array:
rule : -2 ;
module :  ;
message : Array ;

2016-08-04 14:34:31 response :
------------

2016-08-04 14:36:24 trace :
------------
String:
<xml><ToUserName><![CDATA[gh_d5c808a7666e]]></ToUserName>
<FromUserName><![CDATA[om_6jt_it_Zd46ZUoVYxdt9n_fSM]]></FromUserName>
<CreateTime>1470292584</CreateTime>
<MsgType><![CDATA[event]]></MsgType>
<Event><![CDATA[scancode_push]]></Event>
<EventKey><![CDATA[林]]></EventKey>
<ScanCodeInfo><ScanType><![CDATA[qrcode]]></ScanType>
<ScanResult><![CDATA[http://shanghai.xyj0772.com/app/index.php?i=1&c=entry&mode=1&storeid=1&tablesid=2&do=waplist&m=weisrc_dish]]></ScanResult>
</ScanCodeInfo>
</xml>

2016-08-04 14:36:24 params :
------------
Array:
rule : -2 ;
module :  ;
message : Array ;

2016-08-04 14:36:24 response :
------------

2016-08-04 14:47:54 trace :
------------
String:
<xml><ToUserName><![CDATA[gh_d5c808a7666e]]></ToUserName>
<FromUserName><![CDATA[om_6jt_it_Zd46ZUoVYxdt9n_fSM]]></FromUserName>
<CreateTime>1470293273</CreateTime>
<MsgType><![CDATA[event]]></MsgType>
<Event><![CDATA[VIEW]]></Event>
<EventKey><![CDATA[http://shanghai.xyj0772.com/app/index.php?i=1&c=entry&do=orderlist&m=weisrc_dish]]></EventKey>
<MenuId>404308051</MenuId>
</xml>

2016-08-04 14:47:54 params :
------------
Array:
rule : -2 ;
module :  ;
message : Array ;

2016-08-04 14:47:54 response :
------------

2016-08-04 14:49:50 trace :
------------
String:
<xml><ToUserName><![CDATA[gh_d5c808a7666e]]></ToUserName>
<FromUserName><![CDATA[om_6jtw2iYFtt9ueXSgDZSd240ts]]></FromUserName>
<CreateTime>1470293390</CreateTime>
<MsgType><![CDATA[event]]></MsgType>
<Event><![CDATA[subscribe]]></Event>
<EventKey><![CDATA[]]></EventKey>
</xml>

2016-08-04 14:49:50 params :
------------
Array:
rule : -2 ;
module :  ;
message : Array ;

2016-08-04 14:49:50 response :
------------

2016-08-04 14:50:02 trace :
------------
String:
<xml><ToUserName><![CDATA[gh_d5c808a7666e]]></ToUserName>
<FromUserName><![CDATA[om_6jtw2iYFtt9ueXSgDZSd240ts]]></FromUserName>
<CreateTime>1470293401</CreateTime>
<MsgType><![CDATA[event]]></MsgType>
<Event><![CDATA[VIEW]]></Event>
<EventKey><![CDATA[http://shanghai.xyj0772.com/app/index.php?i=1&c=entry&eid=22]]></EventKey>
<MenuId>404308051</MenuId>
</xml>

2016-08-04 14:50:02 params :
------------
Array:
rule : -2 ;
module :  ;
message : Array ;

2016-08-04 14:50:02 response :
------------

2016-08-04 14:52:20 trace :
------------
String:
<xml><ToUserName><![CDATA[gh_d5c808a7666e]]></ToUserName>
<FromUserName><![CDATA[om_6jt_it_Zd46ZUoVYxdt9n_fSM]]></FromUserName>
<CreateTime>1470293540</CreateTime>
<MsgType><![CDATA[event]]></MsgType>
<Event><![CDATA[VIEW]]></Event>
<EventKey><![CDATA[http://shanghai.xyj0772.com/app/index.php?i=1&c=entry&do=orderlist&m=weisrc_dish]]></EventKey>
<MenuId>404308051</MenuId>
</xml>

2016-08-04 14:52:20 params :
------------
Array:
rule : -2 ;
module :  ;
message : Array ;

2016-08-04 14:52:20 response :
------------

2016-08-04 15:05:09 trace :
------------
String:
<xml><ToUserName><![CDATA[gh_d5c808a7666e]]></ToUserName>
<FromUserName><![CDATA[om_6jt_it_Zd46ZUoVYxdt9n_fSM]]></FromUserName>
<CreateTime>1470294309</CreateTime>
<MsgType><![CDATA[event]]></MsgType>
<Event><![CDATA[scancode_push]]></Event>
<EventKey><![CDATA[林]]></EventKey>
<ScanCodeInfo><ScanType><![CDATA[qrcode]]></ScanType>
<ScanResult><![CDATA[http://shanghai.xyj0772.com/app/index.php?i=1&c=entry&mode=1&storeid=1&tablesid=7&do=waplist&m=weisrc_dish]]></ScanResult>
</ScanCodeInfo>
</xml>

2016-08-04 15:05:09 params :
------------
Array:
rule : -2 ;
module :  ;
message : Array ;

2016-08-04 15:05:09 response :
------------

2016-08-04 15:06:46 trace :
------------
String:
<xml><ToUserName><![CDATA[gh_d5c808a7666e]]></ToUserName>
<FromUserName><![CDATA[om_6jt_it_Zd46ZUoVYxdt9n_fSM]]></FromUserName>
<CreateTime>1470294406</CreateTime>
<MsgType><![CDATA[event]]></MsgType>
<Event><![CDATA[VIEW]]></Event>
<EventKey><![CDATA[http://shanghai.xyj0772.com/app/index.php?i=1&c=entry&do=orderlist&m=weisrc_dish]]></EventKey>
<MenuId>404308051</MenuId>
</xml>

2016-08-04 15:06:46 params :
------------
Array:
rule : -2 ;
module :  ;
message : Array ;

2016-08-04 15:06:46 response :
------------

2016-08-04 15:50:11 trace :
------------
String:
<xml><ToUserName><![CDATA[gh_d5c808a7666e]]></ToUserName>
<FromUserName><![CDATA[om_6jtwqiAUkebmvHnU6MVqzLXvg]]></FromUserName>
<CreateTime>1470297011</CreateTime>
<MsgType><![CDATA[event]]></MsgType>
<Event><![CDATA[unsubscribe]]></Event>
<EventKey><![CDATA[]]></EventKey>
</xml>

2016-08-04 15:53:02 trace :
------------
String:
<xml><ToUserName><![CDATA[gh_d5c808a7666e]]></ToUserName>
<FromUserName><![CDATA[om_6jt_it_Zd46ZUoVYxdt9n_fSM]]></FromUserName>
<CreateTime>1470297182</CreateTime>
<MsgType><![CDATA[event]]></MsgType>
<Event><![CDATA[scancode_push]]></Event>
<EventKey><![CDATA[林]]></EventKey>
<ScanCodeInfo><ScanType><![CDATA[qrcode]]></ScanType>
<ScanResult><![CDATA[http://shanghai.xyj0772.com/app/index.php?i=1&c=entry&mode=1&storeid=1&tablesid=7&do=waplist&m=weisrc_dish]]></ScanResult>
</ScanCodeInfo>
</xml>

2016-08-04 15:53:02 params :
------------
Array:
rule : -2 ;
module :  ;
message : Array ;

2016-08-04 15:53:02 response :
------------

2016-08-04 15:53:48 trace :
------------
String:
<xml><ToUserName><![CDATA[gh_d5c808a7666e]]></ToUserName>
<FromUserName><![CDATA[om_6jt_it_Zd46ZUoVYxdt9n_fSM]]></FromUserName>
<CreateTime>1470297228</CreateTime>
<MsgType><![CDATA[event]]></MsgType>
<Event><![CDATA[VIEW]]></Event>
<EventKey><![CDATA[http://shanghai.xyj0772.com/app/index.php?i=1&c=entry&do=orderlist&m=weisrc_dish]]></EventKey>
<MenuId>404308051</MenuId>
</xml>

2016-08-04 15:53:48 params :
------------
Array:
rule : -2 ;
module :  ;
message : Array ;

2016-08-04 15:53:48 response :
------------

2016-08-04 16:02:37 trace :
------------
String:
<xml><ToUserName><![CDATA[gh_d5c808a7666e]]></ToUserName>
<FromUserName><![CDATA[om_6jt_it_Zd46ZUoVYxdt9n_fSM]]></FromUserName>
<CreateTime>1470297757</CreateTime>
<MsgType><![CDATA[event]]></MsgType>
<Event><![CDATA[VIEW]]></Event>
<EventKey><![CDATA[http://shanghai.xyj0772.com/app/index.php?i=1&c=entry&do=orderlist&m=weisrc_dish]]></EventKey>
<MenuId>404308051</MenuId>
</xml>

2016-08-04 16:02:37 params :
------------
Array:
rule : -2 ;
module :  ;
message : Array ;

2016-08-04 16:02:37 response :
------------

2016-08-04 16:05:19 trace :
------------
String:
<xml><ToUserName><![CDATA[gh_d5c808a7666e]]></ToUserName>
<FromUserName><![CDATA[om_6jt0ZdsS0OlLSpfO0DVzyqMGU]]></FromUserName>
<CreateTime>1470297919</CreateTime>
<MsgType><![CDATA[event]]></MsgType>
<Event><![CDATA[VIEW]]></Event>
<EventKey><![CDATA[http://shanghai.xyj0772.com/app/index.php?i=1&c=entry&eid=22]]></EventKey>
<MenuId>404308051</MenuId>
</xml>

2016-08-04 16:05:19 params :
------------
Array:
rule : -2 ;
module :  ;
message : Array ;

2016-08-04 16:05:19 response :
------------

2016-08-04 16:15:19 trace :
------------
String:
<xml><ToUserName><![CDATA[gh_d5c808a7666e]]></ToUserName>
<FromUserName><![CDATA[om_6jt0mq0SXwqYbKTteo5rulNco]]></FromUserName>
<CreateTime>1470298518</CreateTime>
<MsgType><![CDATA[text]]></MsgType>
<Content><![CDATA[首页]]></Content>
<MsgId>6314884050571578230</MsgId>
</xml>

2016-08-04 16:15:19 params :
------------
Array:
message : Array ;
module : cover ;
rule : 8 ;
priority : 0 ;
keyword : Array ;

2016-08-04 16:15:19 response :
------------
Array:
FromUserName : gh_d5c808a7666e ;
ToUserName : om_6jt0mq0SXwqYbKTteo5rulNco ;
MsgType : news ;
ArticleCount : 1 ;
Articles : Array ;

2016-08-04 16:15:34 trace :
------------
String:
<xml><ToUserName><![CDATA[gh_d5c808a7666e]]></ToUserName>
<FromUserName><![CDATA[om_6jt0mq0SXwqYbKTteo5rulNco]]></FromUserName>
<CreateTime>1470298533</CreateTime>
<MsgType><![CDATA[text]]></MsgType>
<Content><![CDATA[http://shanghai.xyj0772.com/app/index.php?c=home&i=1&t=1&wxref=mp.weixin.qq.com#wechat_redirect]]></Content>
<MsgId>6314884114996087672</MsgId>
</xml>

2016-08-04 16:15:34 params :
------------
Array:
rule : -2 ;
module :  ;
message : Array ;

2016-08-04 16:15:34 response :
------------

2016-08-04 16:15:47 trace :
------------
String:
<xml><ToUserName><![CDATA[gh_d5c808a7666e]]></ToUserName>
<FromUserName><![CDATA[om_6jt8Mrp0yU_iIdWzWCX40MtYI]]></FromUserName>
<CreateTime>1470298547</CreateTime>
<MsgType><![CDATA[event]]></MsgType>
<Event><![CDATA[subscribe]]></Event>
<EventKey><![CDATA[]]></EventKey>
</xml>

2016-08-04 16:15:47 params :
------------
Array:
rule : -2 ;
module :  ;
message : Array ;

2016-08-04 16:15:47 response :
------------

2016-08-04 16:15:54 trace :
------------
String:
<xml><ToUserName><![CDATA[gh_d5c808a7666e]]></ToUserName>
<FromUserName><![CDATA[om_6jt8Mrp0yU_iIdWzWCX40MtYI]]></FromUserName>
<CreateTime>1470298554</CreateTime>
<MsgType><![CDATA[event]]></MsgType>
<Event><![CDATA[LOCATION]]></Event>
<Latitude>24.285755</Latitude>
<Longitude>109.389297</Longitude>
<Precision>110.000000</Precision>
</xml>

2016-08-04 16:15:54 params :
------------
Array:
message : Array ;
module : default ;
rule : -1 ;

2016-08-04 16:15:54 response :
------------
Array:
errno : -1 ;
message : Invaild value ;

2016-08-04 16:17:11 trace :
------------
String:
<xml><ToUserName><![CDATA[gh_d5c808a7666e]]></ToUserName>
<FromUserName><![CDATA[om_6jt0ZdsS0OlLSpfO0DVzyqMGU]]></FromUserName>
<CreateTime>1470298631</CreateTime>
<MsgType><![CDATA[event]]></MsgType>
<Event><![CDATA[VIEW]]></Event>
<EventKey><![CDATA[http://shanghai.xyj0772.com/app/index.php?i=1&c=entry&eid=22]]></EventKey>
<MenuId>404308051</MenuId>
</xml>

2016-08-04 16:17:11 params :
------------
Array:
rule : -2 ;
module :  ;
message : Array ;

2016-08-04 16:17:11 response :
------------

2016-08-04 16:18:23 trace :
------------
String:
<xml><ToUserName><![CDATA[gh_d5c808a7666e]]></ToUserName>
<FromUserName><![CDATA[om_6jt_it_Zd46ZUoVYxdt9n_fSM]]></FromUserName>
<CreateTime>1470298703</CreateTime>
<MsgType><![CDATA[event]]></MsgType>
<Event><![CDATA[scancode_push]]></Event>
<EventKey><![CDATA[林]]></EventKey>
<ScanCodeInfo><ScanType><![CDATA[qrcode]]></ScanType>
<ScanResult><![CDATA[http://shanghai.xyj0772.com/app/index.php?i=1&c=entry&mode=1&storeid=1&tablesid=7&do=waplist&m=weisrc_dish]]></ScanResult>
</ScanCodeInfo>
</xml>

2016-08-04 16:18:23 params :
------------
Array:
rule : -2 ;
module :  ;
message : Array ;

2016-08-04 16:18:23 response :
------------

2016-08-04 16:20:27 trace :
------------
String:
<xml><ToUserName><![CDATA[gh_d5c808a7666e]]></ToUserName>
<FromUserName><![CDATA[om_6jt8Mrp0yU_iIdWzWCX40MtYI]]></FromUserName>
<CreateTime>1470298827</CreateTime>
<MsgType><![CDATA[event]]></MsgType>
<Event><![CDATA[LOCATION]]></Event>
<Latitude>24.285946</Latitude>
<Longitude>109.389450</Longitude>
<Precision>110.000000</Precision>
</xml>

2016-08-04 16:20:28 params :
------------
Array:
message : Array ;
module : default ;
rule : -1 ;

2016-08-04 16:20:28 response :
------------
Array:
errno : -1 ;
message : Invaild value ;

2016-08-04 16:21:08 trace :
------------
String:
<xml><ToUserName><![CDATA[gh_d5c808a7666e]]></ToUserName>
<FromUserName><![CDATA[om_6jt8Mrp0yU_iIdWzWCX40MtYI]]></FromUserName>
<CreateTime>1470298867</CreateTime>
<MsgType><![CDATA[event]]></MsgType>
<Event><![CDATA[LOCATION]]></Event>
<Latitude>24.285946</Latitude>
<Longitude>109.389450</Longitude>
<Precision>110.000000</Precision>
</xml>

2016-08-04 16:21:08 params :
------------
Array:
message : Array ;
module : default ;
rule : -1 ;

2016-08-04 16:21:08 response :
------------
Array:
errno : -1 ;
message : Invaild value ;

2016-08-04 16:21:19 trace :
------------
String:
<xml><ToUserName><![CDATA[gh_d5c808a7666e]]></ToUserName>
<FromUserName><![CDATA[om_6jt8Mrp0yU_iIdWzWCX40MtYI]]></FromUserName>
<CreateTime>1470298879</CreateTime>
<MsgType><![CDATA[event]]></MsgType>
<Event><![CDATA[LOCATION]]></Event>
<Latitude>24.285822</Latitude>
<Longitude>109.389290</Longitude>
<Precision>90.000000</Precision>
</xml>

2016-08-04 16:21:20 params :
------------
Array:
message : Array ;
module : default ;
rule : -1 ;

2016-08-04 16:21:20 response :
------------
Array:
errno : -1 ;
message : Invaild value ;

2016-08-04 16:21:40 trace :
------------
String:
<xml><ToUserName><![CDATA[gh_d5c808a7666e]]></ToUserName>
<FromUserName><![CDATA[om_6jt8Mrp0yU_iIdWzWCX40MtYI]]></FromUserName>
<CreateTime>1470298900</CreateTime>
<MsgType><![CDATA[event]]></MsgType>
<Event><![CDATA[LOCATION]]></Event>
<Latitude>24.285841</Latitude>
<Longitude>109.389267</Longitude>
<Precision>70.000000</Precision>
</xml>

2016-08-04 16:21:40 params :
------------
Array:
message : Array ;
module : default ;
rule : -1 ;

2016-08-04 16:21:40 response :
------------
Array:
errno : -1 ;
message : Invaild value ;

2016-08-04 16:22:24 trace :
------------
String:
<xml><ToUserName><![CDATA[gh_d5c808a7666e]]></ToUserName>
<FromUserName><![CDATA[om_6jt8Mrp0yU_iIdWzWCX40MtYI]]></FromUserName>
<CreateTime>1470298944</CreateTime>
<MsgType><![CDATA[event]]></MsgType>
<Event><![CDATA[LOCATION]]></Event>
<Latitude>24.285841</Latitude>
<Longitude>109.389267</Longitude>
<Precision>70.000000</Precision>
</xml>

2016-08-04 16:22:24 params :
------------
Array:
message : Array ;
module : default ;
rule : -1 ;

2016-08-04 16:22:24 response :
------------
Array:
errno : -1 ;
message : Invaild value ;

2016-08-04 16:22:43 trace :
------------
String:
<xml><ToUserName><![CDATA[gh_d5c808a7666e]]></ToUserName>
<FromUserName><![CDATA[om_6jt8Mrp0yU_iIdWzWCX40MtYI]]></FromUserName>
<CreateTime>1470298963</CreateTime>
<MsgType><![CDATA[event]]></MsgType>
<Event><![CDATA[LOCATION]]></Event>
<Latitude>24.285814</Latitude>
<Longitude>109.389221</Longitude>
<Precision>90.000000</Precision>
</xml>

2016-08-04 16:22:43 params :
------------
Array:
message : Array ;
module : default ;
rule : -1 ;

2016-08-04 16:22:43 response :
------------
Array:
errno : -1 ;
message : Invaild value ;

2016-08-04 16:22:50 trace :
------------
String:
<xml><ToUserName><![CDATA[gh_d5c808a7666e]]></ToUserName>
<FromUserName><![CDATA[om_6jt0ZdsS0OlLSpfO0DVzyqMGU]]></FromUserName>
<CreateTime>1470298970</CreateTime>
<MsgType><![CDATA[event]]></MsgType>
<Event><![CDATA[VIEW]]></Event>
<EventKey><![CDATA[http://shanghai.xyj0772.com/app/index.php?i=1&c=entry&eid=22]]></EventKey>
<MenuId>404308051</MenuId>
</xml>

2016-08-04 16:22:50 params :
------------
Array:
rule : -2 ;
module :  ;
message : Array ;

2016-08-04 16:22:50 response :
------------

2016-08-04 16:23:53 trace :
------------
String:
<xml><ToUserName><![CDATA[gh_d5c808a7666e]]></ToUserName>
<FromUserName><![CDATA[om_6jt_it_Zd46ZUoVYxdt9n_fSM]]></FromUserName>
<CreateTime>1470299033</CreateTime>
<MsgType><![CDATA[event]]></MsgType>
<Event><![CDATA[VIEW]]></Event>
<EventKey><![CDATA[http://shanghai.xyj0772.com/app/index.php?i=1&c=entry&do=orderlist&m=weisrc_dish]]></EventKey>
<MenuId>404308051</MenuId>
</xml>

2016-08-04 16:23:53 params :
------------
Array:
rule : -2 ;
module :  ;
message : Array ;

2016-08-04 16:23:53 response :
------------

2016-08-04 16:31:05 trace :
------------
String:
<xml><ToUserName><![CDATA[gh_d5c808a7666e]]></ToUserName>
<FromUserName><![CDATA[om_6jt0ZdsS0OlLSpfO0DVzyqMGU]]></FromUserName>
<CreateTime>1470299465</CreateTime>
<MsgType><![CDATA[event]]></MsgType>
<Event><![CDATA[VIEW]]></Event>
<EventKey><![CDATA[http://shanghai.xyj0772.com/app/index.php?i=1&c=entry&eid=22]]></EventKey>
<MenuId>404308051</MenuId>
</xml>

2016-08-04 16:31:05 params :
------------
Array:
rule : -2 ;
module :  ;
message : Array ;

2016-08-04 16:31:05 response :
------------

2016-08-04 16:44:35 trace :
------------
String:
<xml><ToUserName><![CDATA[gh_d5c808a7666e]]></ToUserName>
<FromUserName><![CDATA[om_6jt_it_Zd46ZUoVYxdt9n_fSM]]></FromUserName>
<CreateTime>1470300275</CreateTime>
<MsgType><![CDATA[event]]></MsgType>
<Event><![CDATA[scancode_push]]></Event>
<EventKey><![CDATA[林]]></EventKey>
<ScanCodeInfo><ScanType><![CDATA[qrcode]]></ScanType>
<ScanResult><![CDATA[http://shanghai.xyj0772.com/app/index.php?i=1&c=entry&mode=1&storeid=1&tablesid=2&do=waplist&m=weisrc_dish]]></ScanResult>
</ScanCodeInfo>
</xml>

2016-08-04 16:44:35 params :
------------
Array:
rule : -2 ;
module :  ;
message : Array ;

2016-08-04 16:44:35 response :
------------

2016-08-04 16:46:23 trace :
------------
String:
<xml><ToUserName><![CDATA[gh_d5c808a7666e]]></ToUserName>
<FromUserName><![CDATA[om_6jt_it_Zd46ZUoVYxdt9n_fSM]]></FromUserName>
<CreateTime>1470300382</CreateTime>
<MsgType><![CDATA[event]]></MsgType>
<Event><![CDATA[scancode_push]]></Event>
<EventKey><![CDATA[林]]></EventKey>
<ScanCodeInfo><ScanType><![CDATA[qrcode]]></ScanType>
<ScanResult><![CDATA[http://shanghai.xyj0772.com/app/index.php?i=1&c=entry&mode=1&storeid=1&tablesid=2&do=waplist&m=weisrc_dish]]></ScanResult>
</ScanCodeInfo>
</xml>

2016-08-04 16:46:23 params :
------------
Array:
rule : -2 ;
module :  ;
message : Array ;

2016-08-04 16:46:23 response :
------------

2016-08-04 16:48:35 trace :
------------
String:
<xml><ToUserName><![CDATA[gh_d5c808a7666e]]></ToUserName>
<FromUserName><![CDATA[om_6jt0mq0SXwqYbKTteo5rulNco]]></FromUserName>
<CreateTime>1470300515</CreateTime>
<MsgType><![CDATA[event]]></MsgType>
<Event><![CDATA[VIEW]]></Event>
<EventKey><![CDATA[http://shanghai.xyj0772.com/app/index.php?i=1&c=entry&eid=22]]></EventKey>
<MenuId>404308051</MenuId>
</xml>

2016-08-04 16:48:35 params :
------------
Array:
rule : -2 ;
module :  ;
message : Array ;

2016-08-04 16:48:35 response :
------------

2016-08-04 16:48:39 trace :
------------
String:
<xml><ToUserName><![CDATA[gh_d5c808a7666e]]></ToUserName>
<FromUserName><![CDATA[om_6jt_it_Zd46ZUoVYxdt9n_fSM]]></FromUserName>
<CreateTime>1470300518</CreateTime>
<MsgType><![CDATA[event]]></MsgType>
<Event><![CDATA[VIEW]]></Event>
<EventKey><![CDATA[http://shanghai.xyj0772.com/app/index.php?i=1&c=entry&do=orderlist&m=weisrc_dish]]></EventKey>
<MenuId>404308051</MenuId>
</xml>

2016-08-04 16:48:39 params :
------------
Array:
rule : -2 ;
module :  ;
message : Array ;

2016-08-04 16:48:39 response :
------------

2016-08-04 16:53:30 trace :
------------
String:
<xml><ToUserName><![CDATA[gh_d5c808a7666e]]></ToUserName>
<FromUserName><![CDATA[om_6jt_it_Zd46ZUoVYxdt9n_fSM]]></FromUserName>
<CreateTime>1470300810</CreateTime>
<MsgType><![CDATA[event]]></MsgType>
<Event><![CDATA[VIEW]]></Event>
<EventKey><![CDATA[http://shanghai.xyj0772.com/app/index.php?i=1&c=entry&do=orderlist&m=weisrc_dish]]></EventKey>
<MenuId>404308051</MenuId>
</xml>

2016-08-04 16:53:30 params :
------------
Array:
rule : -2 ;
module :  ;
message : Array ;

2016-08-04 16:53:30 response :
------------

2016-08-04 16:58:10 trace :
------------
String:
<xml><ToUserName><![CDATA[gh_d5c808a7666e]]></ToUserName>
<FromUserName><![CDATA[om_6jt4rPF2HEooUgnS-Gl7hNw7E]]></FromUserName>
<CreateTime>1470301089</CreateTime>
<MsgType><![CDATA[event]]></MsgType>
<Event><![CDATA[subscribe]]></Event>
<EventKey><![CDATA[]]></EventKey>
</xml>

2016-08-04 16:58:10 params :
------------
Array:
rule : -2 ;
module :  ;
message : Array ;

2016-08-04 16:58:10 response :
------------

2016-08-04 16:58:35 trace :
------------
String:
<xml><ToUserName><![CDATA[gh_d5c808a7666e]]></ToUserName>
<FromUserName><![CDATA[om_6jt4rPF2HEooUgnS-Gl7hNw7E]]></FromUserName>
<CreateTime>1470301115</CreateTime>
<MsgType><![CDATA[event]]></MsgType>
<Event><![CDATA[VIEW]]></Event>
<EventKey><![CDATA[http://shanghai.xyj0772.com/app/index.php?i=1&c=entry&id=2&do=game&m=j_money]]></EventKey>
<MenuId>404308051</MenuId>
</xml>

2016-08-04 16:58:35 params :
------------
Array:
rule : -2 ;
module :  ;
message : Array ;

2016-08-04 16:58:35 response :
------------

2016-08-04 17:02:52 trace :
------------
String:
<xml><ToUserName><![CDATA[gh_d5c808a7666e]]></ToUserName>
<FromUserName><![CDATA[om_6jt_it_Zd46ZUoVYxdt9n_fSM]]></FromUserName>
<CreateTime>1470301372</CreateTime>
<MsgType><![CDATA[event]]></MsgType>
<Event><![CDATA[VIEW]]></Event>
<EventKey><![CDATA[http://shanghai.xyj0772.com/app/index.php?i=1&c=entry&id=2&do=game&m=j_money]]></EventKey>
<MenuId>404308051</MenuId>
</xml>

2016-08-04 17:02:52 params :
------------
Array:
rule : -2 ;
module :  ;
message : Array ;

2016-08-04 17:02:52 response :
------------

2016-08-04 17:02:54 trace :
------------
String:
<xml><ToUserName><![CDATA[gh_d5c808a7666e]]></ToUserName>
<FromUserName><![CDATA[om_6jt_it_Zd46ZUoVYxdt9n_fSM]]></FromUserName>
<CreateTime>1470301374</CreateTime>
<MsgType><![CDATA[event]]></MsgType>
<Event><![CDATA[VIEW]]></Event>
<EventKey><![CDATA[http://shanghai.xyj0772.com/app/index.php?i=1&c=entry&id=2&do=game&m=j_money]]></EventKey>
<MenuId>404308051</MenuId>
</xml>

2016-08-04 17:02:54 params :
------------
Array:
rule : -2 ;
module :  ;
message : Array ;

2016-08-04 17:02:54 response :
------------

2016-08-04 17:26:04 trace :
------------
String:
<xml><ToUserName><![CDATA[gh_d5c808a7666e]]></ToUserName>
<FromUserName><![CDATA[om_6jt_it_Zd46ZUoVYxdt9n_fSM]]></FromUserName>
<CreateTime>1470302763</CreateTime>
<MsgType><![CDATA[event]]></MsgType>
<Event><![CDATA[VIEW]]></Event>
<EventKey><![CDATA[http://shanghai.xyj0772.com/app/index.php?i=1&c=entry&id=2&do=game&m=j_money]]></EventKey>
<MenuId>404308051</MenuId>
</xml>

2016-08-04 17:26:04 params :
------------
Array:
rule : -2 ;
module :  ;
message : Array ;

2016-08-04 17:26:04 response :
------------

2016-08-04 17:46:25 trace :
------------
String:
<xml><ToUserName><![CDATA[gh_d5c808a7666e]]></ToUserName>
<FromUserName><![CDATA[om_6jt_it_Zd46ZUoVYxdt9n_fSM]]></FromUserName>
<CreateTime>1470303985</CreateTime>
<MsgType><![CDATA[event]]></MsgType>
<Event><![CDATA[VIEW]]></Event>
<EventKey><![CDATA[http://shanghai.xyj0772.com/app/index.php?i=1&c=entry&do=orderlist&m=weisrc_dish]]></EventKey>
<MenuId>404308051</MenuId>
</xml>

2016-08-04 17:46:25 params :
------------
Array:
rule : -2 ;
module :  ;
message : Array ;

2016-08-04 17:46:25 response :
------------

2016-08-04 17:47:19 trace :
------------
String:
<xml><ToUserName><![CDATA[gh_d5c808a7666e]]></ToUserName>
<FromUserName><![CDATA[om_6jt_it_Zd46ZUoVYxdt9n_fSM]]></FromUserName>
<CreateTime>1470304039</CreateTime>
<MsgType><![CDATA[event]]></MsgType>
<Event><![CDATA[scancode_push]]></Event>
<EventKey><![CDATA[林]]></EventKey>
<ScanCodeInfo><ScanType><![CDATA[qrcode]]></ScanType>
<ScanResult><![CDATA[http://shanghai.xyj0772.com/app/index.php?i=1&c=entry&mode=1&storeid=1&tablesid=7&do=waplist&m=weisrc_dish]]></ScanResult>
</ScanCodeInfo>
</xml>

2016-08-04 17:47:19 params :
------------
Array:
rule : -2 ;
module :  ;
message : Array ;

2016-08-04 17:47:19 response :
------------

2016-08-04 17:48:27 trace :
------------
String:
<xml><ToUserName><![CDATA[gh_d5c808a7666e]]></ToUserName>
<FromUserName><![CDATA[om_6jt_it_Zd46ZUoVYxdt9n_fSM]]></FromUserName>
<CreateTime>1470304107</CreateTime>
<MsgType><![CDATA[event]]></MsgType>
<Event><![CDATA[VIEW]]></Event>
<EventKey><![CDATA[http://shanghai.xyj0772.com/app/index.php?i=1&c=entry&do=orderlist&m=weisrc_dish]]></EventKey>
<MenuId>404308051</MenuId>
</xml>

2016-08-04 17:48:27 params :
------------
Array:
rule : -2 ;
module :  ;
message : Array ;

2016-08-04 17:48:27 response :
------------

2016-08-04 18:09:10 trace :
------------
String:
<xml><ToUserName><![CDATA[gh_d5c808a7666e]]></ToUserName>
<FromUserName><![CDATA[om_6jt_it_Zd46ZUoVYxdt9n_fSM]]></FromUserName>
<CreateTime>1470305350</CreateTime>
<MsgType><![CDATA[event]]></MsgType>
<Event><![CDATA[VIEW]]></Event>
<EventKey><![CDATA[http://shanghai.xyj0772.com/app/index.php?i=1&c=entry&do=orderlist&m=weisrc_dish]]></EventKey>
<MenuId>404308051</MenuId>
</xml>

2016-08-04 18:09:10 params :
------------
Array:
rule : -2 ;
module :  ;
message : Array ;

2016-08-04 18:09:10 response :
------------

2016-08-04 18:17:51 trace :
------------
String:
<xml><ToUserName><![CDATA[gh_d5c808a7666e]]></ToUserName>
<FromUserName><![CDATA[om_6jt_it_Zd46ZUoVYxdt9n_fSM]]></FromUserName>
<CreateTime>1470305871</CreateTime>
<MsgType><![CDATA[event]]></MsgType>
<Event><![CDATA[scancode_push]]></Event>
<EventKey><![CDATA[林]]></EventKey>
<ScanCodeInfo><ScanType><![CDATA[qrcode]]></ScanType>
<ScanResult><![CDATA[http://shanghai.xyj0772.com/app/index.php?i=1&c=entry&mode=1&storeid=1&tablesid=7&do=waplist&m=weisrc_dish]]></ScanResult>
</ScanCodeInfo>
</xml>

2016-08-04 18:17:51 params :
------------
Array:
rule : -2 ;
module :  ;
message : Array ;

2016-08-04 18:17:51 response :
------------

2016-08-04 18:18:27 trace :
------------
String:
<xml><ToUserName><![CDATA[gh_d5c808a7666e]]></ToUserName>
<FromUserName><![CDATA[om_6jt_it_Zd46ZUoVYxdt9n_fSM]]></FromUserName>
<CreateTime>1470305906</CreateTime>
<MsgType><![CDATA[event]]></MsgType>
<Event><![CDATA[VIEW]]></Event>
<EventKey><![CDATA[http://shanghai.xyj0772.com/app/index.php?i=1&c=entry&do=orderlist&m=weisrc_dish]]></EventKey>
<MenuId>404308051</MenuId>
</xml>

2016-08-04 18:18:27 params :
------------
Array:
rule : -2 ;
module :  ;
message : Array ;

2016-08-04 18:18:27 response :
------------

2016-08-04 20:11:15 trace :
------------
String:
<xml><ToUserName><![CDATA[gh_d5c808a7666e]]></ToUserName>
<FromUserName><![CDATA[om_6jt02L-p4yzJYK_thRZzfoR8k]]></FromUserName>
<CreateTime>1470312674</CreateTime>
<MsgType><![CDATA[event]]></MsgType>
<Event><![CDATA[subscribe]]></Event>
<EventKey><![CDATA[]]></EventKey>
</xml>

2016-08-04 20:11:15 params :
------------
Array:
rule : -2 ;
module :  ;
message : Array ;

2016-08-04 20:11:15 response :
------------

2016-08-04 20:11:21 trace :
------------
String:
<xml><ToUserName><![CDATA[gh_d5c808a7666e]]></ToUserName>
<FromUserName><![CDATA[om_6jt02L-p4yzJYK_thRZzfoR8k]]></FromUserName>
<CreateTime>1470312680</CreateTime>
<MsgType><![CDATA[event]]></MsgType>
<Event><![CDATA[LOCATION]]></Event>
<Latitude>24.307032</Latitude>
<Longitude>109.389809</Longitude>
<Precision>40.000000</Precision>
</xml>

2016-08-04 20:11:21 params :
------------
Array:
message : Array ;
module : default ;
rule : -1 ;

2016-08-04 20:11:21 response :
------------
Array:
errno : -1 ;
message : Invaild value ;

2016-08-04 20:11:25 trace :
------------
String:
<xml><ToUserName><![CDATA[gh_d5c808a7666e]]></ToUserName>
<FromUserName><![CDATA[om_6jt02L-p4yzJYK_thRZzfoR8k]]></FromUserName>
<CreateTime>1470312685</CreateTime>
<MsgType><![CDATA[event]]></MsgType>
<Event><![CDATA[LOCATION]]></Event>
<Latitude>24.307032</Latitude>
<Longitude>109.389809</Longitude>
<Precision>40.000000</Precision>
</xml>

2016-08-04 20:11:25 params :
------------
Array:
message : Array ;
module : default ;
rule : -1 ;

2016-08-04 20:11:25 response :
------------
Array:
errno : -1 ;
message : Invaild value ;

2016-08-04 20:11:31 trace :
------------
String:
<xml><ToUserName><![CDATA[gh_d5c808a7666e]]></ToUserName>
<FromUserName><![CDATA[om_6jt02L-p4yzJYK_thRZzfoR8k]]></FromUserName>
<CreateTime>1470312691</CreateTime>
<MsgType><![CDATA[event]]></MsgType>
<Event><![CDATA[VIEW]]></Event>
<EventKey><![CDATA[http://shanghai.xyj0772.com/app/index.php?i=1&c=entry&eid=22]]></EventKey>
<MenuId>404308051</MenuId>
</xml>

2016-08-04 20:11:31 params :
------------
Array:
rule : -2 ;
module :  ;
message : Array ;

2016-08-04 20:11:31 response :
------------

2016-08-04 20:11:46 trace :
------------
String:
<xml><ToUserName><![CDATA[gh_d5c808a7666e]]></ToUserName>
<FromUserName><![CDATA[om_6jt02L-p4yzJYK_thRZzfoR8k]]></FromUserName>
<CreateTime>1470312706</CreateTime>
<MsgType><![CDATA[event]]></MsgType>
<Event><![CDATA[LOCATION]]></Event>
<Latitude>24.306892</Latitude>
<Longitude>109.389977</Longitude>
<Precision>40.000000</Precision>
</xml>

2016-08-04 20:11:46 params :
------------
Array:
message : Array ;
module : default ;
rule : -1 ;

2016-08-04 20:11:46 response :
------------
Array:
errno : -1 ;
message : Invaild value ;

2016-08-04 20:11:49 trace :
------------
String:
<xml><ToUserName><![CDATA[gh_d5c808a7666e]]></ToUserName>
<FromUserName><![CDATA[om_6jt02L-p4yzJYK_thRZzfoR8k]]></FromUserName>
<CreateTime>1470312709</CreateTime>
<MsgType><![CDATA[event]]></MsgType>
<Event><![CDATA[VIEW]]></Event>
<EventKey><![CDATA[http://shanghai.xyj0772.com/app/index.php?i=1&c=entry&id=2&do=game&m=j_money]]></EventKey>
<MenuId>404308051</MenuId>
</xml>

2016-08-04 20:11:49 params :
------------
Array:
rule : -2 ;
module :  ;
message : Array ;

2016-08-04 20:11:49 response :
------------

2016-08-04 20:12:00 trace :
------------
String:
<xml><ToUserName><![CDATA[gh_d5c808a7666e]]></ToUserName>
<FromUserName><![CDATA[om_6jt02L-p4yzJYK_thRZzfoR8k]]></FromUserName>
<CreateTime>1470312720</CreateTime>
<MsgType><![CDATA[event]]></MsgType>
<Event><![CDATA[LOCATION]]></Event>
<Latitude>24.306892</Latitude>
<Longitude>109.389977</Longitude>
<Precision>40.000000</Precision>
</xml>

2016-08-04 20:12:00 params :
------------
Array:
message : Array ;
module : default ;
rule : -1 ;

2016-08-04 20:12:00 response :
------------
Array:
errno : -1 ;
message : Invaild value ;

2016-08-04 20:12:02 trace :
------------
String:
<xml><ToUserName><![CDATA[gh_d5c808a7666e]]></ToUserName>
<FromUserName><![CDATA[om_6jt02L-p4yzJYK_thRZzfoR8k]]></FromUserName>
<CreateTime>1470312722</CreateTime>
<MsgType><![CDATA[event]]></MsgType>
<Event><![CDATA[VIEW]]></Event>
<EventKey><![CDATA[http://shanghai.xyj0772.com/app/index.php?i=1&c=entry&do=waprestList&m=weisrc_dish]]></EventKey>
<MenuId>404308051</MenuId>
</xml>

2016-08-04 20:12:02 params :
------------
Array:
rule : -2 ;
module :  ;
message : Array ;

2016-08-04 20:12:02 response :
------------

2016-08-04 20:12:20 trace :
------------
String:
<xml><ToUserName><![CDATA[gh_d5c808a7666e]]></ToUserName>
<FromUserName><![CDATA[om_6jt02L-p4yzJYK_thRZzfoR8k]]></FromUserName>
<CreateTime>1470312740</CreateTime>
<MsgType><![CDATA[event]]></MsgType>
<Event><![CDATA[LOCATION]]></Event>
<Latitude>24.306877</Latitude>
<Longitude>109.389977</Longitude>
<Precision>40.000000</Precision>
</xml>

2016-08-04 20:12:20 params :
------------
Array:
message : Array ;
module : default ;
rule : -1 ;

2016-08-04 20:12:20 response :
------------
Array:
errno : -1 ;
message : Invaild value ;

2016-08-04 20:12:22 trace :
------------
String:
<xml><ToUserName><![CDATA[gh_d5c808a7666e]]></ToUserName>
<FromUserName><![CDATA[om_6jt02L-p4yzJYK_thRZzfoR8k]]></FromUserName>
<CreateTime>1470312742</CreateTime>
<MsgType><![CDATA[event]]></MsgType>
<Event><![CDATA[VIEW]]></Event>
<EventKey><![CDATA[https://open.weixin.qq.com/connect/oauth2/authorize?appid=wx5ce7ab396e8db3fe&redirect_uri=http%3A%2F%2Fshanghai.xyj0772.com%2Fapp%2F.%2Findex.php%3Fi%3D1%26c%3Dentry%26do%3Dwaprestlist%26m%3Dweisrc_dish&response_type=code&scope=snsapi_base&state=0#wechat_redirect]]></EventKey>
<MenuId>404308051</MenuId>
</xml>

2016-08-04 20:12:22 params :
------------
Array:
rule : -2 ;
module :  ;
message : Array ;

2016-08-04 20:12:22 response :
------------

2016-08-04 20:12:26 trace :
------------
String:
<xml><ToUserName><![CDATA[gh_d5c808a7666e]]></ToUserName>
<FromUserName><![CDATA[om_6jt02L-p4yzJYK_thRZzfoR8k]]></FromUserName>
<CreateTime>1470312746</CreateTime>
<MsgType><![CDATA[event]]></MsgType>
<Event><![CDATA[LOCATION]]></Event>
<Latitude>24.306877</Latitude>
<Longitude>109.389977</Longitude>
<Precision>40.000000</Precision>
</xml>

2016-08-04 20:12:26 params :
------------
Array:
message : Array ;
module : default ;
rule : -1 ;

2016-08-04 20:12:26 response :
------------
Array:
errno : -1 ;
message : Invaild value ;

2016-08-04 20:12:33 trace :
------------
String:
<xml><ToUserName><![CDATA[gh_d5c808a7666e]]></ToUserName>
<FromUserName><![CDATA[om_6jt02L-p4yzJYK_thRZzfoR8k]]></FromUserName>
<CreateTime>1470312753</CreateTime>
<MsgType><![CDATA[event]]></MsgType>
<Event><![CDATA[VIEW]]></Event>
<EventKey><![CDATA[http://shanghai.xyj0772.com/app/index.php?i=1&c=entry&do=wapindex&m=weisrc_dish]]></EventKey>
<MenuId>404308051</MenuId>
</xml>

2016-08-04 20:12:33 params :
------------
Array:
rule : -2 ;
module :  ;
message : Array ;

2016-08-04 20:12:33 response :
------------

2016-08-04 20:12:38 trace :
------------
String:
<xml><ToUserName><![CDATA[gh_d5c808a7666e]]></ToUserName>
<FromUserName><![CDATA[om_6jt02L-p4yzJYK_thRZzfoR8k]]></FromUserName>
<CreateTime>1470312757</CreateTime>
<MsgType><![CDATA[event]]></MsgType>
<Event><![CDATA[LOCATION]]></Event>
<Latitude>24.306875</Latitude>
<Longitude>109.389992</Longitude>
<Precision>40.000000</Precision>
</xml>

2016-08-04 20:12:38 params :
------------
Array:
message : Array ;
module : default ;
rule : -1 ;

2016-08-04 20:12:38 response :
------------
Array:
errno : -1 ;
message : Invaild value ;

