2016-10-13 10:51:03 trace :
------------
String:
<xml><ToUserName><![CDATA[gh_d5c808a7666e]]></ToUserName>
<FromUserName><![CDATA[om_6jt3c0nofpJFNEVccOrU0y7dU]]></FromUserName>
<CreateTime>1476327063</CreateTime>
<MsgType><![CDATA[event]]></MsgType>
<Event><![CDATA[LOCATION]]></Event>
<Latitude>24.329334</Latitude>
<Longitude>109.411179</Longitude>
<Precision>150.000000</Precision>
</xml>

2016-10-13 10:51:03 params :
------------
Array:
message : Array ;
module : default ;
rule : -1 ;

2016-10-13 10:51:03 response :
------------
Array:
errno : -1 ;
message : Invaild value ;

