2016-05-24 08:16:37 trace :
------------
String:
<xml><ToUserName><![CDATA[gh_339b357d6bcb]]></ToUserName>
<FromUserName><![CDATA[oq5x0uOVo3qdm7k_A9fDT9Xky2cM]]></FromUserName>
<CreateTime>1464048980</CreateTime>
<MsgType><![CDATA[text]]></MsgType>
<Content><![CDATA[/::)]]></Content>
<MsgId>6288042489248141154</MsgId>
</xml>

2016-05-24 08:16:37 params :
------------
Array:
message : Array ;
module : ewei_vote ;
rule : 19 ;
priority : 0 ;
keyword : Array ;

2016-05-24 08:16:37 response :
------------
Array:
FromUserName : gh_339b357d6bcb ;
ToUserName : oq5x0uOVo3qdm7k_A9fDT9Xky2cM ;
MsgType : news ;
ArticleCount : 1 ;
Articles : Array ;

2016-05-24 08:43:50 trace :
------------
String:
<xml><ToUserName><![CDATA[gh_339b357d6bcb]]></ToUserName>
<FromUserName><![CDATA[oq5x0uOovxZWZ5ZaeVTZuc-1Lmes]]></FromUserName>
<CreateTime>1464050625</CreateTime>
<MsgType><![CDATA[text]]></MsgType>
<Content><![CDATA[竞猜]]></Content>
<MsgId>6288049554469344697</MsgId>
</xml>

2016-05-24 08:43:50 params :
------------
Array:
message : Array ;
module : ewei_vote ;
rule : 19 ;
priority : 0 ;
keyword : Array ;

2016-05-24 08:43:50 response :
------------
Array:
FromUserName : gh_339b357d6bcb ;
ToUserName : oq5x0uOovxZWZ5ZaeVTZuc-1Lmes ;
MsgType : news ;
ArticleCount : 1 ;
Articles : Array ;

2016-05-24 10:49:24 trace :
------------
String:
<xml><ToUserName><![CDATA[gh_339b357d6bcb]]></ToUserName>
<FromUserName><![CDATA[oq5x0uJSDg2G3ozrYjywndyx1TDU]]></FromUserName>
<CreateTime>1464058122</CreateTime>
<MsgType><![CDATA[event]]></MsgType>
<Event><![CDATA[subscribe]]></Event>
<EventKey><![CDATA[]]></EventKey>
</xml>

2016-05-24 10:49:24 params :
------------
Array:
message : Array ;
module : ewei_vote ;
rule : 19 ;
priority : 0 ;
keyword : Array ;

2016-05-24 10:49:24 response :
------------
Array:
FromUserName : gh_339b357d6bcb ;
ToUserName : oq5x0uJSDg2G3ozrYjywndyx1TDU ;
MsgType : news ;
ArticleCount : 1 ;
Articles : Array ;

2016-05-24 15:02:52 trace :
------------
String:
<xml><ToUserName><![CDATA[gh_339b357d6bcb]]></ToUserName>
<FromUserName><![CDATA[oq5x0uOKyKeGKBhGzEnnjHexe6gY]]></FromUserName>
<CreateTime>1464073324</CreateTime>
<MsgType><![CDATA[event]]></MsgType>
<Event><![CDATA[unsubscribe]]></Event>
<EventKey><![CDATA[]]></EventKey>
</xml>

2016-05-24 15:02:55 trace :
------------
String:
<xml><ToUserName><![CDATA[gh_339b357d6bcb]]></ToUserName>
<FromUserName><![CDATA[oq5x0uOKyKeGKBhGzEnnjHexe6gY]]></FromUserName>
<CreateTime>1464073327</CreateTime>
<MsgType><![CDATA[event]]></MsgType>
<Event><![CDATA[subscribe]]></Event>
<EventKey><![CDATA[]]></EventKey>
</xml>

2016-05-24 15:02:55 params :
------------
Array:
message : Array ;
module : ewei_vote ;
rule : 19 ;
priority : 0 ;
keyword : Array ;

2016-05-24 15:02:55 response :
------------
Array:
FromUserName : gh_339b357d6bcb ;
ToUserName : oq5x0uOKyKeGKBhGzEnnjHexe6gY ;
MsgType : news ;
ArticleCount : 1 ;
Articles : Array ;

2016-05-24 15:23:50 trace :
------------
String:
<xml><ToUserName><![CDATA[gh_339b357d6bcb]]></ToUserName>
<FromUserName><![CDATA[oq5x0uOKyKeGKBhGzEnnjHexe6gY]]></FromUserName>
<CreateTime>1464074629</CreateTime>
<MsgType><![CDATA[text]]></MsgType>
<Content><![CDATA[竞猜]]></Content>
<MsgId>6288152650864333653</MsgId>
</xml>

2016-05-24 15:23:50 params :
------------
Array:
message : Array ;
module : ewei_vote ;
rule : 19 ;
priority : 0 ;
keyword : Array ;

2016-05-24 15:23:50 response :
------------
Array:
FromUserName : gh_339b357d6bcb ;
ToUserName : oq5x0uOKyKeGKBhGzEnnjHexe6gY ;
MsgType : news ;
ArticleCount : 1 ;
Articles : Array ;

2016-05-24 21:10:26 trace :
------------
String:
<xml><ToUserName><![CDATA[gh_339b357d6bcb]]></ToUserName>
<FromUserName><![CDATA[oq5x0uNdK0MAMTjPZijWKCNXVanc]]></FromUserName>
<CreateTime>1464095399</CreateTime>
<MsgType><![CDATA[text]]></MsgType>
<Content><![CDATA[竞猜]]></Content>
<MsgId>6288241857335083760</MsgId>
</xml>

2016-05-24 21:10:26 params :
------------
Array:
message : Array ;
module : ewei_vote ;
rule : 19 ;
priority : 0 ;
keyword : Array ;

2016-05-24 21:10:26 response :
------------
Array:
FromUserName : gh_339b357d6bcb ;
ToUserName : oq5x0uNdK0MAMTjPZijWKCNXVanc ;
MsgType : news ;
ArticleCount : 1 ;
Articles : Array ;

2016-05-24 21:24:58 trace :
------------
String:
<xml><ToUserName><![CDATA[gh_339b357d6bcb]]></ToUserName>
<FromUserName><![CDATA[oq5x0uGYwXnF7Z7bVMuAizqVOQLA]]></FromUserName>
<CreateTime>1464096293</CreateTime>
<MsgType><![CDATA[event]]></MsgType>
<Event><![CDATA[subscribe]]></Event>
<EventKey><![CDATA[]]></EventKey>
</xml>

2016-05-24 21:24:58 params :
------------
Array:
message : Array ;
module : ewei_vote ;
rule : 19 ;
priority : 0 ;
keyword : Array ;

2016-05-24 21:24:58 response :
------------
Array:
FromUserName : gh_339b357d6bcb ;
ToUserName : oq5x0uGYwXnF7Z7bVMuAizqVOQLA ;
MsgType : news ;
ArticleCount : 1 ;
Articles : Array ;

2016-05-24 21:25:52 trace :
------------
String:
<xml><ToUserName><![CDATA[gh_339b357d6bcb]]></ToUserName>
<FromUserName><![CDATA[oq5x0uO-9YV7s6LWBaPchJQ3cepk]]></FromUserName>
<CreateTime>1464096347</CreateTime>
<MsgType><![CDATA[event]]></MsgType>
<Event><![CDATA[subscribe]]></Event>
<EventKey><![CDATA[]]></EventKey>
</xml>

2016-05-24 21:25:52 params :
------------
Array:
message : Array ;
module : ewei_vote ;
rule : 19 ;
priority : 0 ;
keyword : Array ;

2016-05-24 21:25:52 response :
------------
Array:
FromUserName : gh_339b357d6bcb ;
ToUserName : oq5x0uO-9YV7s6LWBaPchJQ3cepk ;
MsgType : news ;
ArticleCount : 1 ;
Articles : Array ;

2016-05-24 21:27:53 trace :
------------
String:
<xml><ToUserName><![CDATA[gh_339b357d6bcb]]></ToUserName>
<FromUserName><![CDATA[oq5x0uCO9GYbLd5DOKjIyDyFyfVw]]></FromUserName>
<CreateTime>1464096467</CreateTime>
<MsgType><![CDATA[event]]></MsgType>
<Event><![CDATA[subscribe]]></Event>
<EventKey><![CDATA[]]></EventKey>
</xml>

2016-05-24 21:27:53 params :
------------
Array:
message : Array ;
module : ewei_vote ;
rule : 19 ;
priority : 0 ;
keyword : Array ;

2016-05-24 21:27:53 response :
------------
Array:
FromUserName : gh_339b357d6bcb ;
ToUserName : oq5x0uCO9GYbLd5DOKjIyDyFyfVw ;
MsgType : news ;
ArticleCount : 1 ;
Articles : Array ;

2016-05-24 22:47:16 trace :
------------
String:
<xml><ToUserName><![CDATA[gh_339b357d6bcb]]></ToUserName>
<FromUserName><![CDATA[oq5x0uDOB9HU155uGF88MH1EGvqA]]></FromUserName>
<CreateTime>1464101217</CreateTime>
<MsgType><![CDATA[text]]></MsgType>
<Content><![CDATA[竞猜]]></Content>
<MsgId>6288266845454816649</MsgId>
</xml>

2016-05-24 22:47:16 params :
------------
Array:
message : Array ;
module : ewei_vote ;
rule : 19 ;
priority : 0 ;
keyword : Array ;

2016-05-24 22:47:16 response :
------------
Array:
FromUserName : gh_339b357d6bcb ;
ToUserName : oq5x0uDOB9HU155uGF88MH1EGvqA ;
MsgType : news ;
ArticleCount : 1 ;
Articles : Array ;

