2016-07-28 15:36:32 trace :
------------
String:
<xml><ToUserName><![CDATA[gh_a4f9178c9538]]></ToUserName>
<FromUserName><![CDATA[oPAtQtwN8I22P_TieMHB1LZwncBo]]></FromUserName>
<CreateTime>1469691392</CreateTime>
<MsgType><![CDATA[event]]></MsgType>
<Event><![CDATA[LOCATION]]></Event>
<Latitude>24.307446</Latitude>
<Longitude>109.403259</Longitude>
<Precision>65.000000</Precision>
</xml>

2016-07-28 15:36:32 params :
------------
Array:
message : Array ;
module : default ;
rule : -1 ;

2016-07-28 15:36:32 response :
------------
Array:
errno : -1 ;
message : Invaild value ;

2016-07-28 16:08:12 trace :
------------
String:
<xml><ToUserName><![CDATA[gh_a4f9178c9538]]></ToUserName>
<FromUserName><![CDATA[oPAtQtwN8I22P_TieMHB1LZwncBo]]></FromUserName>
<CreateTime>1469693292</CreateTime>
<MsgType><![CDATA[event]]></MsgType>
<Event><![CDATA[CLICK]]></Event>
<EventKey><![CDATA[菜品列表]]></EventKey>
</xml>

2016-07-28 16:08:12 params :
------------
Array:
message : Array ;
module : cover ;
rule : 10 ;
priority : 0 ;
keyword : Array ;

2016-07-28 16:08:12 response :
------------
Array:
FromUserName : gh_a4f9178c9538 ;
ToUserName : oPAtQtwN8I22P_TieMHB1LZwncBo ;
MsgType : news ;
ArticleCount : 1 ;
Articles : Array ;

2016-07-28 16:08:30 trace :
------------
String:
<xml><ToUserName><![CDATA[gh_a4f9178c9538]]></ToUserName>
<FromUserName><![CDATA[oPAtQtwN8I22P_TieMHB1LZwncBo]]></FromUserName>
<CreateTime>1469693310</CreateTime>
<MsgType><![CDATA[event]]></MsgType>
<Event><![CDATA[LOCATION]]></Event>
<Latitude>24.307758</Latitude>
<Longitude>109.403145</Longitude>
<Precision>65.000000</Precision>
</xml>

2016-07-28 16:08:30 params :
------------
Array:
message : Array ;
module : default ;
rule : -1 ;

2016-07-28 16:08:30 response :
------------
Array:
errno : -1 ;
message : Invaild value ;

2016-07-28 16:09:35 trace :
------------
String:
<xml><ToUserName><![CDATA[gh_a4f9178c9538]]></ToUserName>
<FromUserName><![CDATA[oPAtQtwN8I22P_TieMHB1LZwncBo]]></FromUserName>
<CreateTime>1469693375</CreateTime>
<MsgType><![CDATA[text]]></MsgType>
<Content><![CDATA[http://shanghai.xyj0772.com/app/index.php?i=1&c=entry&from_user=oPAtQtwN8I22P_TieMHB1LZwncBo&storeid=1&mode=0&do=wapmenu&m=weisrc_dish]]></Content>
<MsgId>6312284981289672206</MsgId>
</xml>

2016-07-28 16:09:35 params :
------------
Array:
rule : -2 ;
module :  ;
message : Array ;

2016-07-28 16:09:35 response :
------------

2016-07-28 16:13:14 trace :
------------
String:
<xml><ToUserName><![CDATA[gh_a4f9178c9538]]></ToUserName>
<FromUserName><![CDATA[oPAtQtwN8I22P_TieMHB1LZwncBo]]></FromUserName>
<CreateTime>1469693594</CreateTime>
<MsgType><![CDATA[event]]></MsgType>
<Event><![CDATA[VIEW]]></Event>
<EventKey><![CDATA[http://shanghai.xyj0772.com/app/index.php?i=1&c=entry&do=wapselect&m=weisrc_dish]]></EventKey>
<MenuId>516808176</MenuId>
</xml>

2016-07-28 16:13:14 params :
------------
Array:
rule : -2 ;
module :  ;
message : Array ;

2016-07-28 16:13:14 response :
------------

2016-07-28 16:15:03 trace :
------------
String:
<xml><ToUserName><![CDATA[gh_a4f9178c9538]]></ToUserName>
<FromUserName><![CDATA[oPAtQtxGBk67rTluxEdSudrSejAA]]></FromUserName>
<CreateTime>1469693703</CreateTime>
<MsgType><![CDATA[event]]></MsgType>
<Event><![CDATA[LOCATION]]></Event>
<Latitude>31.115343</Latitude>
<Longitude>121.221092</Longitude>
<Precision>65.000000</Precision>
</xml>

2016-07-28 16:15:03 params :
------------
Array:
message : Array ;
module : default ;
rule : -1 ;

2016-07-28 16:15:03 response :
------------
Array:
errno : -1 ;
message : Invaild value ;

2016-07-28 16:15:07 trace :
------------
String:
<xml><ToUserName><![CDATA[gh_a4f9178c9538]]></ToUserName>
<FromUserName><![CDATA[oPAtQtxGBk67rTluxEdSudrSejAA]]></FromUserName>
<CreateTime>1469693707</CreateTime>
<MsgType><![CDATA[event]]></MsgType>
<Event><![CDATA[CLICK]]></Event>
<EventKey><![CDATA[菜品列表]]></EventKey>
</xml>

2016-07-28 16:15:07 params :
------------
Array:
message : Array ;
module : cover ;
rule : 10 ;
priority : 0 ;
keyword : Array ;

2016-07-28 16:15:07 response :
------------
Array:
FromUserName : gh_a4f9178c9538 ;
ToUserName : oPAtQtxGBk67rTluxEdSudrSejAA ;
MsgType : news ;
ArticleCount : 1 ;
Articles : Array ;

2016-07-28 16:15:23 trace :
------------
String:
<xml><ToUserName><![CDATA[gh_a4f9178c9538]]></ToUserName>
<FromUserName><![CDATA[oPAtQtxGBk67rTluxEdSudrSejAA]]></FromUserName>
<CreateTime>1469693723</CreateTime>
<MsgType><![CDATA[event]]></MsgType>
<Event><![CDATA[LOCATION]]></Event>
<Latitude>31.115379</Latitude>
<Longitude>121.221062</Longitude>
<Precision>65.000000</Precision>
</xml>

2016-07-28 16:15:23 params :
------------
Array:
message : Array ;
module : default ;
rule : -1 ;

2016-07-28 16:15:23 response :
------------
Array:
errno : -1 ;
message : Invaild value ;

2016-07-28 16:15:27 trace :
------------
String:
<xml><ToUserName><![CDATA[gh_a4f9178c9538]]></ToUserName>
<FromUserName><![CDATA[oPAtQtxGBk67rTluxEdSudrSejAA]]></FromUserName>
<CreateTime>1469693727</CreateTime>
<MsgType><![CDATA[event]]></MsgType>
<Event><![CDATA[VIEW]]></Event>
<EventKey><![CDATA[http://shanghai.xyj0772.com/app/index.php?i=1&c=entry&do=orderlist&m=weisrc_dish]]></EventKey>
<MenuId>516808176</MenuId>
</xml>

2016-07-28 16:15:27 params :
------------
Array:
rule : -2 ;
module :  ;
message : Array ;

2016-07-28 16:15:27 response :
------------

2016-07-28 16:16:20 trace :
------------
String:
<xml><ToUserName><![CDATA[gh_a4f9178c9538]]></ToUserName>
<FromUserName><![CDATA[oPAtQtwN8I22P_TieMHB1LZwncBo]]></FromUserName>
<CreateTime>1469693780</CreateTime>
<MsgType><![CDATA[event]]></MsgType>
<Event><![CDATA[VIEW]]></Event>
<EventKey><![CDATA[http://shanghai.xyj0772.com/app/index.php?i=1&c=entry&id=1&do=detail&m=weisrc_dish]]></EventKey>
<MenuId>516808176</MenuId>
</xml>

2016-07-28 16:16:20 params :
------------
Array:
rule : -2 ;
module :  ;
message : Array ;

2016-07-28 16:16:20 response :
------------

2016-07-28 16:17:56 trace :
------------
String:
<xml><ToUserName><![CDATA[gh_a4f9178c9538]]></ToUserName>
<FromUserName><![CDATA[oPAtQtwN8I22P_TieMHB1LZwncBo]]></FromUserName>
<CreateTime>1469693876</CreateTime>
<MsgType><![CDATA[event]]></MsgType>
<Event><![CDATA[VIEW]]></Event>
<EventKey><![CDATA[http://shanghai.xyj0772.com/app/index.php?i=1&c=entry&id=1&do=detail&m=weisrc_dish]]></EventKey>
<MenuId>516808282</MenuId>
</xml>

2016-07-28 16:17:56 params :
------------
Array:
rule : -2 ;
module :  ;
message : Array ;

2016-07-28 16:17:56 response :
------------

2016-07-28 16:17:58 trace :
------------
String:
<xml><ToUserName><![CDATA[gh_a4f9178c9538]]></ToUserName>
<FromUserName><![CDATA[oPAtQtwN8I22P_TieMHB1LZwncBo]]></FromUserName>
<CreateTime>1469693878</CreateTime>
<MsgType><![CDATA[event]]></MsgType>
<Event><![CDATA[LOCATION]]></Event>
<Latitude>24.307720</Latitude>
<Longitude>109.403091</Longitude>
<Precision>65.000000</Precision>
</xml>

2016-07-28 16:17:58 params :
------------
Array:
message : Array ;
module : default ;
rule : -1 ;

2016-07-28 16:17:58 response :
------------
Array:
errno : -1 ;
message : Invaild value ;

2016-07-28 16:22:09 trace :
------------
String:
<xml><ToUserName><![CDATA[gh_a4f9178c9538]]></ToUserName>
<FromUserName><![CDATA[oPAtQtwN8I22P_TieMHB1LZwncBo]]></FromUserName>
<CreateTime>1469694129</CreateTime>
<MsgType><![CDATA[event]]></MsgType>
<Event><![CDATA[VIEW]]></Event>
<EventKey><![CDATA[http://shanghai.xyj0772.com/app/index.php?i=1&c=entry&id=1&do=detail&m=weisrc_dish]]></EventKey>
<MenuId>516808282</MenuId>
</xml>

2016-07-28 16:22:09 params :
------------
Array:
rule : -2 ;
module :  ;
message : Array ;

2016-07-28 16:22:09 response :
------------

2016-07-28 16:22:18 trace :
------------
String:
<xml><ToUserName><![CDATA[gh_a4f9178c9538]]></ToUserName>
<FromUserName><![CDATA[oPAtQtxGBk67rTluxEdSudrSejAA]]></FromUserName>
<CreateTime>1469694138</CreateTime>
<MsgType><![CDATA[event]]></MsgType>
<Event><![CDATA[VIEW]]></Event>
<EventKey><![CDATA[http://shanghai.xyj0772.com/app/index.php?i=1&c=entry&do=orderlist&m=weisrc_dish]]></EventKey>
<MenuId>516808176</MenuId>
</xml>

2016-07-28 16:22:18 params :
------------
Array:
rule : -2 ;
module :  ;
message : Array ;

2016-07-28 16:22:18 response :
------------

2016-07-28 16:30:58 trace :
------------
String:
<xml><ToUserName><![CDATA[gh_a4f9178c9538]]></ToUserName>
<FromUserName><![CDATA[oPAtQtwN8I22P_TieMHB1LZwncBo]]></FromUserName>
<CreateTime>1469694658</CreateTime>
<MsgType><![CDATA[event]]></MsgType>
<Event><![CDATA[VIEW]]></Event>
<EventKey><![CDATA[http://shanghai.xyj0772.com/app/index.php?i=1&c=entry&id=1&do=detail&m=weisrc_dish]]></EventKey>
<MenuId>516808282</MenuId>
</xml>

2016-07-28 16:30:58 params :
------------
Array:
rule : -2 ;
module :  ;
message : Array ;

2016-07-28 16:30:58 response :
------------

2016-07-28 16:40:03 trace :
------------
String:
<xml><ToUserName><![CDATA[gh_a4f9178c9538]]></ToUserName>
<FromUserName><![CDATA[oPAtQtwN8I22P_TieMHB1LZwncBo]]></FromUserName>
<CreateTime>1469695203</CreateTime>
<MsgType><![CDATA[text]]></MsgType>
<Content><![CDATA[收银]]></Content>
<MsgId>6312292832489889782</MsgId>
</xml>

2016-07-28 16:40:03 params :
------------
Array:
message : Array ;
module : cover ;
rule : 11 ;
priority : 0 ;
keyword : Array ;

2016-07-28 16:40:03 response :
------------
Array:
FromUserName : gh_a4f9178c9538 ;
ToUserName : oPAtQtwN8I22P_TieMHB1LZwncBo ;
MsgType : news ;
ArticleCount : 1 ;
Articles : Array ;

2016-07-28 16:48:39 trace :
------------
String:
<xml><ToUserName><![CDATA[gh_a4f9178c9538]]></ToUserName>
<FromUserName><![CDATA[oPAtQtwN8I22P_TieMHB1LZwncBo]]></FromUserName>
<CreateTime>1469695719</CreateTime>
<MsgType><![CDATA[event]]></MsgType>
<Event><![CDATA[LOCATION]]></Event>
<Latitude>24.307701</Latitude>
<Longitude>109.403076</Longitude>
<Precision>65.000000</Precision>
</xml>

2016-07-28 16:48:39 params :
------------
Array:
message : Array ;
module : default ;
rule : -1 ;

2016-07-28 16:48:39 response :
------------
Array:
errno : -1 ;
message : Invaild value ;

