2016-01-30 01:32:22 trace :
------------
String:
<xml><ToUserName><![CDATA[gh_4a88bcb35142]]></ToUserName>
<FromUserName><![CDATA[oXvf4jgs8sny_UZdD260GsenLVsY]]></FromUserName>
<CreateTime>1454088742</CreateTime>
<MsgType><![CDATA[event]]></MsgType>
<Event><![CDATA[subscribe]]></Event>
<EventKey><![CDATA[]]></EventKey>
</xml>

2016-01-30 01:32:22 params :
------------
Array:
rule : -2 ;
module :  ;
message : Array ;

2016-01-30 01:32:22 response :
------------

2016-01-30 01:32:27 trace :
------------
String:
<xml><ToUserName><![CDATA[gh_4a88bcb35142]]></ToUserName>
<FromUserName><![CDATA[oXvf4jgs8sny_UZdD260GsenLVsY]]></FromUserName>
<CreateTime>1454088747</CreateTime>
<MsgType><![CDATA[event]]></MsgType>
<Event><![CDATA[VIEW]]></Event>
<EventKey><![CDATA[http://www.wx866.com/app/index.php?i=94&c=entry&p=designer&pageid=5&m=ewei_shop&do=plugin]]></EventKey>
<MenuId>401797536</MenuId>
</xml>

2016-01-30 01:32:27 params :
------------
Array:
rule : -2 ;
module :  ;
message : Array ;

2016-01-30 01:32:27 response :
------------

2016-01-30 01:32:44 trace :
------------
String:
<xml><ToUserName><![CDATA[gh_4a88bcb35142]]></ToUserName>
<FromUserName><![CDATA[oXvf4jgs8sny_UZdD260GsenLVsY]]></FromUserName>
<CreateTime>1454088764</CreateTime>
<MsgType><![CDATA[event]]></MsgType>
<Event><![CDATA[unsubscribe]]></Event>
<EventKey><![CDATA[]]></EventKey>
</xml>

2016-01-30 01:56:10 trace :
------------
String:
<xml><ToUserName><![CDATA[gh_4a88bcb35142]]></ToUserName>
<FromUserName><![CDATA[oXvf4jtvxE5WHqiW9KjqkI8IylEY]]></FromUserName>
<CreateTime>1454090170</CreateTime>
<MsgType><![CDATA[event]]></MsgType>
<Event><![CDATA[subscribe]]></Event>
<EventKey><![CDATA[]]></EventKey>
</xml>

2016-01-30 01:56:10 params :
------------
Array:
rule : -2 ;
module :  ;
message : Array ;

2016-01-30 01:56:10 response :
------------

2016-01-30 01:56:25 trace :
------------
String:
<xml><ToUserName><![CDATA[gh_4a88bcb35142]]></ToUserName>
<FromUserName><![CDATA[oXvf4jtvxE5WHqiW9KjqkI8IylEY]]></FromUserName>
<CreateTime>1454090184</CreateTime>
<MsgType><![CDATA[event]]></MsgType>
<Event><![CDATA[VIEW]]></Event>
<EventKey><![CDATA[http://www.wx866.com/app/index.php?i=94&c=entry&p=designer&pageid=5&m=ewei_shop&do=plugin]]></EventKey>
<MenuId>401797536</MenuId>
</xml>

2016-01-30 01:56:25 params :
------------
Array:
rule : -2 ;
module :  ;
message : Array ;

2016-01-30 01:56:25 response :
------------

2016-01-30 01:57:18 trace :
------------
String:
<xml><ToUserName><![CDATA[gh_4a88bcb35142]]></ToUserName>
<FromUserName><![CDATA[oXvf4jtvxE5WHqiW9KjqkI8IylEY]]></FromUserName>
<CreateTime>1454090238</CreateTime>
<MsgType><![CDATA[event]]></MsgType>
<Event><![CDATA[VIEW]]></Event>
<EventKey><![CDATA[http://www.wx866.com/app/index.php?i=94&c=entry&p=designer&pageid=5&m=ewei_shop&do=plugin]]></EventKey>
<MenuId>401797536</MenuId>
</xml>

2016-01-30 01:57:18 params :
------------
Array:
rule : -2 ;
module :  ;
message : Array ;

2016-01-30 01:57:18 response :
------------

2016-01-30 01:57:24 trace :
------------
String:
<xml><ToUserName><![CDATA[gh_4a88bcb35142]]></ToUserName>
<FromUserName><![CDATA[oXvf4jtvxE5WHqiW9KjqkI8IylEY]]></FromUserName>
<CreateTime>1454090244</CreateTime>
<MsgType><![CDATA[event]]></MsgType>
<Event><![CDATA[VIEW]]></Event>
<EventKey><![CDATA[http://www.wx866.com/app/index.php?i=94&c=entry&p=designer&pageid=5&m=ewei_shop&do=plugin]]></EventKey>
<MenuId>401797536</MenuId>
</xml>

2016-01-30 01:57:24 params :
------------
Array:
rule : -2 ;
module :  ;
message : Array ;

2016-01-30 01:57:24 response :
------------

2016-01-30 02:15:19 trace :
------------
String:
<xml><ToUserName><![CDATA[gh_4a88bcb35142]]></ToUserName>
<FromUserName><![CDATA[oXvf4jtvxE5WHqiW9KjqkI8IylEY]]></FromUserName>
<CreateTime>1454091319</CreateTime>
<MsgType><![CDATA[event]]></MsgType>
<Event><![CDATA[unsubscribe]]></Event>
<EventKey><![CDATA[]]></EventKey>
</xml>

2016-01-30 03:11:30 trace :
------------
String:
<xml><ToUserName><![CDATA[gh_80cdec6dd855]]></ToUserName>
<FromUserName><![CDATA[omSUBtzuU9HIgwmWke1DrQDAOUC0]]></FromUserName>
<CreateTime>1454094689</CreateTime>
<MsgType><![CDATA[event]]></MsgType>
<Event><![CDATA[verify_expired]]></Event>
<ExpiredTime>1453975424</ExpiredTime>
</xml>

2016-01-30 03:11:30 params :
------------
Array:
rule : -2 ;
module :  ;
message : Array ;

2016-01-30 03:11:30 response :
------------

2016-01-30 11:59:31 trace :
------------
String:
<xml><ToUserName><![CDATA[gh_ccbf343b8498]]></ToUserName>
<FromUserName><![CDATA[oc2pYwL5gc4if2TLZu1iQxOCFzrQ]]></FromUserName>
<CreateTime>1454126371</CreateTime>
<MsgType><![CDATA[event]]></MsgType>
<Event><![CDATA[subscribe]]></Event>
<EventKey><![CDATA[]]></EventKey>
</xml>

2016-01-30 11:59:31 params :
------------
Array:
rule : -2 ;
module :  ;
message : Array ;

2016-01-30 11:59:31 response :
------------

2016-01-30 11:59:42 trace :
------------
String:
<xml><ToUserName><![CDATA[gh_ccbf343b8498]]></ToUserName>
<FromUserName><![CDATA[oc2pYwL5gc4if2TLZu1iQxOCFzrQ]]></FromUserName>
<CreateTime>1454126382</CreateTime>
<MsgType><![CDATA[text]]></MsgType>
<Content><![CDATA[超级吊]]></Content>
<MsgId>6245425255344325933</MsgId>
</xml>

2016-01-30 11:59:42 params :
------------
Array:
rule : -2 ;
module :  ;
message : Array ;

2016-01-30 11:59:42 response :
------------

2016-01-30 11:59:54 trace :
------------
String:
<xml><ToUserName><![CDATA[gh_ccbf343b8498]]></ToUserName>
<FromUserName><![CDATA[oc2pYwL5gc4if2TLZu1iQxOCFzrQ]]></FromUserName>
<CreateTime>1454126394</CreateTime>
<MsgType><![CDATA[text]]></MsgType>
<Content><![CDATA[超级店]]></Content>
<MsgId>6245425306883933488</MsgId>
</xml>

2016-01-30 11:59:54 params :
------------
Array:
message : Array ;
module : cover ;
rule : 27 ;
priority : 0 ;
keyword : Array ;

2016-01-30 11:59:54 response :
------------
Array:
FromUserName : gh_ccbf343b8498 ;
ToUserName : oc2pYwL5gc4if2TLZu1iQxOCFzrQ ;
MsgType : news ;
ArticleCount : 1 ;
Articles : Array ;

2016-01-30 12:57:02 trace :
------------
String:
<xml><ToUserName><![CDATA[gh_ccbf343b8498]]></ToUserName>
<FromUserName><![CDATA[oc2pYwL5gc4if2TLZu1iQxOCFzrQ]]></FromUserName>
<CreateTime>1454129822</CreateTime>
<MsgType><![CDATA[event]]></MsgType>
<Event><![CDATA[unsubscribe]]></Event>
<EventKey><![CDATA[]]></EventKey>
</xml>

2016-01-30 14:52:51 trace :
------------
String:
<xml><ToUserName><![CDATA[gh_ccbf343b8498]]></ToUserName>
<FromUserName><![CDATA[oc2pYwKHDCkVRfybTwnXSJ16QfCQ]]></FromUserName>
<CreateTime>1454136770</CreateTime>
<MsgType><![CDATA[text]]></MsgType>
<Content><![CDATA[语音]]></Content>
<MsgId>6245469871464598819</MsgId>
</xml>

2016-01-30 14:52:51 params :
------------
Array:
message : Array ;
module : cover ;
rule : 357 ;
priority : 0 ;
keyword : Array ;

2016-01-30 14:52:51 response :
------------
Array:
FromUserName : gh_ccbf343b8498 ;
ToUserName : oc2pYwKHDCkVRfybTwnXSJ16QfCQ ;
MsgType : news ;
ArticleCount : 1 ;
Articles : Array ;

2016-01-30 15:59:09 trace :
------------
String:
<xml><ToUserName><![CDATA[gh_ccbf343b8498]]></ToUserName>
<FromUserName><![CDATA[oc2pYwMDtISF9KZrpB7jJJiflBeg]]></FromUserName>
<CreateTime>1454140749</CreateTime>
<MsgType><![CDATA[event]]></MsgType>
<Event><![CDATA[subscribe]]></Event>
<EventKey><![CDATA[]]></EventKey>
</xml>

2016-01-30 15:59:09 params :
------------
Array:
rule : -2 ;
module :  ;
message : Array ;

2016-01-30 15:59:09 response :
------------

2016-01-30 15:59:16 trace :
------------
String:
<xml><ToUserName><![CDATA[gh_ccbf343b8498]]></ToUserName>
<FromUserName><![CDATA[oc2pYwMDtISF9KZrpB7jJJiflBeg]]></FromUserName>
<CreateTime>1454140756</CreateTime>
<MsgType><![CDATA[text]]></MsgType>
<Content><![CDATA[摇一摇]]></Content>
<MsgId>6245486991204241746</MsgId>
</xml>

2016-01-30 15:59:16 params :
------------
Array:
message : Array ;
module : mon_qmshake ;
rule : 23 ;
priority : 0 ;
keyword : Array ;

2016-01-30 15:59:16 response :
------------
Array:
FromUserName : gh_ccbf343b8498 ;
ToUserName : oc2pYwMDtISF9KZrpB7jJJiflBeg ;
MsgType : news ;
ArticleCount : 1 ;
Articles : Array ;

2016-01-30 17:25:59 trace :
------------
String:
<xml><ToUserName><![CDATA[gh_ba6d5d765f6a]]></ToUserName>
<FromUserName><![CDATA[ojeUgt_tsdr4Dmi2aBHdtImID7m4]]></FromUserName>
<CreateTime>1454145959</CreateTime>
<MsgType><![CDATA[text]]></MsgType>
<Content><![CDATA[国贸360]]></Content>
<MsgId>6245509337918239333</MsgId>
</xml>

2016-01-30 17:25:59 params :
------------
Array:
rule : -2 ;
module :  ;
message : Array ;

2016-01-30 17:25:59 response :
------------

2016-01-30 17:26:06 trace :
------------
String:
<xml><ToUserName><![CDATA[gh_ba6d5d765f6a]]></ToUserName>
<FromUserName><![CDATA[ojeUgt_tsdr4Dmi2aBHdtImID7m4]]></FromUserName>
<CreateTime>1454145966</CreateTime>
<MsgType><![CDATA[text]]></MsgType>
<Content><![CDATA[国贸]]></Content>
<MsgId>6245509367983010407</MsgId>
</xml>

2016-01-30 17:26:06 params :
------------
Array:
message : Array ;
module : eso_cate ;
rule : 358 ;
priority : 0 ;
keyword : Array ;

2016-01-30 17:26:06 response :
------------
Array:
FromUserName : gh_ba6d5d765f6a ;
ToUserName : ojeUgt_tsdr4Dmi2aBHdtImID7m4 ;
MsgType : news ;
ArticleCount : 1 ;
Articles : Array ;

2016-01-30 17:38:42 trace :
------------
String:
<xml><ToUserName><![CDATA[gh_ba6d5d765f6a]]></ToUserName>
<FromUserName><![CDATA[ojeUgt_tsdr4Dmi2aBHdtImID7m4]]></FromUserName>
<CreateTime>1454146721</CreateTime>
<MsgType><![CDATA[text]]></MsgType>
<Content><![CDATA[微商圈]]></Content>
<MsgId>6245512610683319044</MsgId>
</xml>

2016-01-30 17:38:42 params :
------------
Array:
rule : -2 ;
module :  ;
message : Array ;

2016-01-30 17:38:42 response :
------------

2016-01-30 17:40:55 trace :
------------
String:
<xml><ToUserName><![CDATA[gh_ba6d5d765f6a]]></ToUserName>
<FromUserName><![CDATA[ojeUgt_tsdr4Dmi2aBHdtImID7m4]]></FromUserName>
<CreateTime>1454146855</CreateTime>
<MsgType><![CDATA[text]]></MsgType>
<Content><![CDATA[微站]]></Content>
<MsgId>6245513186208936748</MsgId>
</xml>

2016-01-30 17:40:55 params :
------------
Array:
rule : -2 ;
module :  ;
message : Array ;

2016-01-30 17:40:55 response :
------------

2016-01-30 17:43:09 trace :
------------
String:
<xml><ToUserName><![CDATA[gh_ba6d5d765f6a]]></ToUserName>
<FromUserName><![CDATA[ojeUgt_tsdr4Dmi2aBHdtImID7m4]]></FromUserName>
<CreateTime>1454146989</CreateTime>
<MsgType><![CDATA[text]]></MsgType>
<Content><![CDATA[会员中心]]></Content>
<MsgId>6245513761734554433</MsgId>
</xml>

2016-01-30 17:43:09 params :
------------
Array:
rule : -2 ;
module :  ;
message : Array ;

2016-01-30 17:43:09 response :
------------

2016-01-30 20:24:40 trace :
------------
String:
<xml><ToUserName><![CDATA[gh_4e2dc508e67f]]></ToUserName>
<FromUserName><![CDATA[oKmr0jnwsvMcbme2hoMceZOckS_A]]></FromUserName>
<CreateTime>1454156680</CreateTime>
<MsgType><![CDATA[event]]></MsgType>
<Event><![CDATA[unsubscribe]]></Event>
<EventKey><![CDATA[]]></EventKey>
</xml>

2016-01-30 20:50:44 trace :
------------
String:
<xml><ToUserName><![CDATA[gh_ba6d5d765f6a]]></ToUserName>
<FromUserName><![CDATA[ojeUgt_tsdr4Dmi2aBHdtImID7m4]]></FromUserName>
<CreateTime>1454158244</CreateTime>
<MsgType><![CDATA[event]]></MsgType>
<Event><![CDATA[CLICK]]></Event>
<EventKey><![CDATA[首页]]></EventKey>
</xml>

2016-01-30 20:50:44 params :
------------
Array:
rule : -2 ;
module :  ;
message : Array ;

2016-01-30 20:50:44 response :
------------

2016-01-30 22:35:44 trace :
------------
String:
<xml><ToUserName><![CDATA[gh_4a88bcb35142]]></ToUserName>
<FromUserName><![CDATA[oXvf4joG5krl9182VyMVIVMOrYnE]]></FromUserName>
<CreateTime>1454164544</CreateTime>
<MsgType><![CDATA[event]]></MsgType>
<Event><![CDATA[subscribe]]></Event>
<EventKey><![CDATA[]]></EventKey>
</xml>

2016-01-30 22:35:44 params :
------------
Array:
rule : -2 ;
module :  ;
message : Array ;

2016-01-30 22:35:44 response :
------------

2016-01-30 22:35:48 trace :
------------
String:
<xml><ToUserName><![CDATA[gh_4a88bcb35142]]></ToUserName>
<FromUserName><![CDATA[oXvf4joG5krl9182VyMVIVMOrYnE]]></FromUserName>
<CreateTime>1454164547</CreateTime>
<MsgType><![CDATA[event]]></MsgType>
<Event><![CDATA[VIEW]]></Event>
<EventKey><![CDATA[http://www.wx866.com/app/index.php?i=94&c=entry&p=designer&pageid=5&m=ewei_shop&do=plugin]]></EventKey>
<MenuId>401797536</MenuId>
</xml>

2016-01-30 22:35:48 params :
------------
Array:
rule : -2 ;
module :  ;
message : Array ;

2016-01-30 22:35:48 response :
------------

2016-01-30 23:59:28 trace :
------------
String:
<xml><ToUserName><![CDATA[gh_ccbf343b8498]]></ToUserName>
<FromUserName><![CDATA[oc2pYwAf7T5WMzRmTgMxJoAZ-ULQ]]></FromUserName>
<CreateTime>1454169568</CreateTime>
<MsgType><![CDATA[event]]></MsgType>
<Event><![CDATA[unsubscribe]]></Event>
<EventKey><![CDATA[]]></EventKey>
</xml>

