2016-06-01 00:00:43 trace :
------------
String:
<xml><ToUserName><![CDATA[gh_371dfdf2ba7a]]></ToUserName>
<FromUserName><![CDATA[oe632wOQD3Wz8vQC7QYpwYCL4G5Y]]></FromUserName>
<CreateTime>1464710433</CreateTime>
<MsgType><![CDATA[event]]></MsgType>
<Event><![CDATA[VIEW]]></Event>
<EventKey><![CDATA[http://dede.vlldoo.com/down_ser.aspx]]></EventKey>
<MenuId>408121384</MenuId>
</xml>

2016-06-01 00:00:43 params :
------------
Array:
rule : -2 ;
module :  ;
message : Array ;

2016-06-01 00:00:43 response :
------------

2016-06-01 00:01:15 trace :
------------
String:
<xml><ToUserName><![CDATA[gh_371dfdf2ba7a]]></ToUserName>
<FromUserName><![CDATA[oe632wOQD3Wz8vQC7QYpwYCL4G5Y]]></FromUserName>
<CreateTime>1464710465</CreateTime>
<MsgType><![CDATA[event]]></MsgType>
<Event><![CDATA[VIEW]]></Event>
<EventKey><![CDATA[http://wqq.xyj0772.com/app/index.php?i=4&c=mc&]]></EventKey>
<MenuId>408121384</MenuId>
</xml>

2016-06-01 00:01:15 params :
------------
Array:
rule : -2 ;
module :  ;
message : Array ;

2016-06-01 00:01:15 response :
------------

2016-06-01 00:01:20 trace :
------------
String:
<xml><ToUserName><![CDATA[gh_371dfdf2ba7a]]></ToUserName>
<FromUserName><![CDATA[oe632wOQD3Wz8vQC7QYpwYCL4G5Y]]></FromUserName>
<CreateTime>1464710469</CreateTime>
<MsgType><![CDATA[event]]></MsgType>
<Event><![CDATA[VIEW]]></Event>
<EventKey><![CDATA[http://wqq.xyj0772.com/app/index.php?i=2&j=2&c=entry&rid=20&do=photosvoteview&m=fm_photosvote&from=click]]></EventKey>
<MenuId>408121384</MenuId>
</xml>

2016-06-01 00:01:20 params :
------------
Array:
rule : -2 ;
module :  ;
message : Array ;

2016-06-01 00:01:20 response :
------------

2016-06-01 00:02:34 trace :
------------
String:
<xml><ToUserName><![CDATA[gh_d5c808a7666e]]></ToUserName>
<FromUserName><![CDATA[om_6jt_dYYcFvIXU8Qg0BbG3FgCc]]></FromUserName>
<CreateTime>1464710543</CreateTime>
<MsgType><![CDATA[event]]></MsgType>
<Event><![CDATA[subscribe]]></Event>
<EventKey><![CDATA[]]></EventKey>
</xml>

2016-06-01 00:02:34 params :
------------
Array:
rule : -2 ;
module :  ;
message : Array ;

2016-06-01 00:02:34 response :
------------

2016-06-01 00:03:04 trace :
------------
String:
<xml><ToUserName><![CDATA[gh_371dfdf2ba7a]]></ToUserName>
<FromUserName><![CDATA[oe632wOQD3Wz8vQC7QYpwYCL4G5Y]]></FromUserName>
<CreateTime>1464710573</CreateTime>
<MsgType><![CDATA[event]]></MsgType>
<Event><![CDATA[VIEW]]></Event>
<EventKey><![CDATA[http://wqq.xyj0772.com/app/index.php?i=2&j=2&c=entry&rid=20&do=photosvoteview&m=fm_photosvote&from=click]]></EventKey>
<MenuId>408121384</MenuId>
</xml>

2016-06-01 00:03:04 params :
------------
Array:
rule : -2 ;
module :  ;
message : Array ;

2016-06-01 00:03:04 response :
------------

2016-06-01 00:12:51 trace :
------------
String:
<xml><ToUserName><![CDATA[gh_339b357d6bcb]]></ToUserName>
<FromUserName><![CDATA[oq5x0uL5sTW9O_uX5a54rS_PHEGE]]></FromUserName>
<CreateTime>1464711156</CreateTime>
<MsgType><![CDATA[event]]></MsgType>
<Event><![CDATA[subscribe]]></Event>
<EventKey><![CDATA[]]></EventKey>
</xml>

2016-06-01 00:12:51 params :
------------
Array:
message : Array ;
module : ewei_vote ;
rule : 19 ;
priority : 0 ;
keyword : Array ;

2016-06-01 00:12:51 response :
------------
Array:
FromUserName : gh_339b357d6bcb ;
ToUserName : oq5x0uL5sTW9O_uX5a54rS_PHEGE ;
MsgType : news ;
ArticleCount : 1 ;
Articles : Array ;

2016-06-01 00:21:41 trace :
------------
String:
<xml><ToUserName><![CDATA[gh_339b357d6bcb]]></ToUserName>
<FromUserName><![CDATA[oq5x0uMl7T9kTiWmbl-9_Ka2B12c]]></FromUserName>
<CreateTime>1464711683</CreateTime>
<MsgType><![CDATA[event]]></MsgType>
<Event><![CDATA[unsubscribe]]></Event>
<EventKey><![CDATA[]]></EventKey>
</xml>

2016-06-01 02:26:06 trace :
------------
String:
<xml><ToUserName><![CDATA[gh_371dfdf2ba7a]]></ToUserName>
<FromUserName><![CDATA[oe632wC5dQbfRwuB0meQwDGEM5gw]]></FromUserName>
<CreateTime>1464719145</CreateTime>
<MsgType><![CDATA[event]]></MsgType>
<Event><![CDATA[VIEW]]></Event>
<EventKey><![CDATA[http://wqq.xyj0772.com/app/index.php?i=2&j=2&c=entry&rid=20&do=photosvoteview&m=fm_photosvote&from=click]]></EventKey>
<MenuId>408121384</MenuId>
</xml>

2016-06-01 02:26:07 params :
------------
Array:
rule : -2 ;
module :  ;
message : Array ;

2016-06-01 02:26:07 response :
------------

2016-06-01 02:30:35 trace :
------------
String:
<xml><ToUserName><![CDATA[gh_371dfdf2ba7a]]></ToUserName>
<FromUserName><![CDATA[oe632wC5dQbfRwuB0meQwDGEM5gw]]></FromUserName>
<CreateTime>1464719412</CreateTime>
<MsgType><![CDATA[event]]></MsgType>
<Event><![CDATA[VIEW]]></Event>
<EventKey><![CDATA[http://wqq.xyj0772.com/app/index.php?i=2&j=2&c=entry&rid=20&do=photosvoteview&m=fm_photosvote&from=click]]></EventKey>
<MenuId>408121384</MenuId>
</xml>

2016-06-01 02:30:35 params :
------------
Array:
rule : -2 ;
module :  ;
message : Array ;

2016-06-01 02:30:35 response :
------------

2016-06-01 02:47:40 trace :
------------
String:
<xml><ToUserName><![CDATA[gh_371dfdf2ba7a]]></ToUserName>
<FromUserName><![CDATA[oe632wC5dQbfRwuB0meQwDGEM5gw]]></FromUserName>
<CreateTime>1464720453</CreateTime>
<MsgType><![CDATA[event]]></MsgType>
<Event><![CDATA[VIEW]]></Event>
<EventKey><![CDATA[http://wqq.xyj0772.com/app/index.php?i=2&j=2&c=entry&rid=20&do=photosvoteview&m=fm_photosvote&from=click]]></EventKey>
<MenuId>408121384</MenuId>
</xml>

2016-06-01 02:47:40 params :
------------
Array:
rule : -2 ;
module :  ;
message : Array ;

2016-06-01 02:47:40 response :
------------

2016-06-01 03:23:18 trace :
------------
String:
<xml><ToUserName><![CDATA[gh_339b357d6bcb]]></ToUserName>
<FromUserName><![CDATA[oq5x0uLl8L6QzeuzxxoQxm8lLuaE]]></FromUserName>
<CreateTime>1464722573</CreateTime>
<MsgType><![CDATA[event]]></MsgType>
<Event><![CDATA[subscribe]]></Event>
<EventKey><![CDATA[]]></EventKey>
</xml>

2016-06-01 03:23:18 params :
------------
Array:
message : Array ;
module : ewei_vote ;
rule : 19 ;
priority : 0 ;
keyword : Array ;

2016-06-01 03:23:18 response :
------------
Array:
FromUserName : gh_339b357d6bcb ;
ToUserName : oq5x0uLl8L6QzeuzxxoQxm8lLuaE ;
MsgType : news ;
ArticleCount : 1 ;
Articles : Array ;

2016-06-01 08:59:09 trace :
------------
String:
<xml><ToUserName><![CDATA[gh_371dfdf2ba7a]]></ToUserName>
<FromUserName><![CDATA[oe632wLL7TbETum17nCSC33zSMY4]]></FromUserName>
<CreateTime>1464742738</CreateTime>
<MsgType><![CDATA[event]]></MsgType>
<Event><![CDATA[VIEW]]></Event>
<EventKey><![CDATA[http://wqq.xyj0772.com/app/index.php?i=2&j=2&c=entry&rid=20&do=photosvoteview&m=fm_photosvote&from=click]]></EventKey>
<MenuId>408121384</MenuId>
</xml>

2016-06-01 08:59:09 params :
------------
Array:
rule : -2 ;
module :  ;
message : Array ;

2016-06-01 08:59:09 response :
------------

2016-06-01 09:13:53 trace :
------------
String:
<xml><ToUserName><![CDATA[gh_371dfdf2ba7a]]></ToUserName>
<FromUserName><![CDATA[oe632wKuZzefN58OyN0ph9RJiLNw]]></FromUserName>
<CreateTime>1464743604</CreateTime>
<MsgType><![CDATA[event]]></MsgType>
<Event><![CDATA[VIEW]]></Event>
<EventKey><![CDATA[http://wqq.xyj0772.com/app/index.php?i=2&j=2&c=entry&rid=20&do=photosvoteview&m=fm_photosvote&from=click]]></EventKey>
<MenuId>408121384</MenuId>
</xml>

2016-06-01 09:13:53 params :
------------
Array:
rule : -2 ;
module :  ;
message : Array ;

2016-06-01 09:13:53 response :
------------

2016-06-01 09:14:56 trace :
------------
String:
<xml><ToUserName><![CDATA[gh_371dfdf2ba7a]]></ToUserName>
<FromUserName><![CDATA[oe632wKmLVayKVE80M-enslPHQbY]]></FromUserName>
<CreateTime>1464743666</CreateTime>
<MsgType><![CDATA[text]]></MsgType>
<Content><![CDATA[投票]]></Content>
<MsgId>6291026142901302477</MsgId>
</xml>

2016-06-01 09:14:56 params :
------------
Array:
message : Array ;
module : fm_photosvote ;
rule : 22 ;
priority : 0 ;
keyword : Array ;

2016-06-01 09:14:56 response :
------------
Array:
FromUserName : gh_371dfdf2ba7a ;
ToUserName : oe632wKmLVayKVE80M-enslPHQbY ;
MsgType : news ;
ArticleCount : 1 ;
Articles : Array ;

2016-06-01 09:21:21 trace :
------------
String:
<xml><ToUserName><![CDATA[gh_371dfdf2ba7a]]></ToUserName>
<FromUserName><![CDATA[oe632wLL7TbETum17nCSC33zSMY4]]></FromUserName>
<CreateTime>1464744007</CreateTime>
<MsgType><![CDATA[event]]></MsgType>
<Event><![CDATA[VIEW]]></Event>
<EventKey><![CDATA[http://wqq.xyj0772.com/app/index.php?i=2&j=2&c=entry&rid=20&do=photosvoteview&m=fm_photosvote&from=click]]></EventKey>
<MenuId>408121384</MenuId>
</xml>

2016-06-01 09:21:23 trace :
------------
String:
<xml><ToUserName><![CDATA[gh_371dfdf2ba7a]]></ToUserName>
<FromUserName><![CDATA[oe632wLL7TbETum17nCSC33zSMY4]]></FromUserName>
<CreateTime>1464744007</CreateTime>
<MsgType><![CDATA[event]]></MsgType>
<Event><![CDATA[VIEW]]></Event>
<EventKey><![CDATA[http://wqq.xyj0772.com/app/index.php?i=2&j=2&c=entry&rid=20&do=photosvoteview&m=fm_photosvote&from=click]]></EventKey>
<MenuId>408121384</MenuId>
</xml>

2016-06-01 09:21:23 params :
------------
Array:
rule : -2 ;
module :  ;
message : Array ;

2016-06-01 09:21:23 response :
------------

2016-06-01 09:21:23 trace :
------------
String:
<xml><ToUserName><![CDATA[gh_371dfdf2ba7a]]></ToUserName>
<FromUserName><![CDATA[oe632wLL7TbETum17nCSC33zSMY4]]></FromUserName>
<CreateTime>1464744007</CreateTime>
<MsgType><![CDATA[event]]></MsgType>
<Event><![CDATA[VIEW]]></Event>
<EventKey><![CDATA[http://wqq.xyj0772.com/app/index.php?i=2&j=2&c=entry&rid=20&do=photosvoteview&m=fm_photosvote&from=click]]></EventKey>
<MenuId>408121384</MenuId>
</xml>

2016-06-01 09:21:23 params :
------------
Array:
rule : -2 ;
module :  ;
message : Array ;

2016-06-01 09:21:23 response :
------------

2016-06-01 09:21:23 params :
------------
Array:
rule : -2 ;
module :  ;
message : Array ;

2016-06-01 09:21:23 response :
------------

2016-06-01 09:23:12 trace :
------------
String:
<xml><ToUserName><![CDATA[gh_371dfdf2ba7a]]></ToUserName>
<FromUserName><![CDATA[oe632wNBRrJVg1N-WCOMQLAp65SY]]></FromUserName>
<CreateTime>1464744149</CreateTime>
<MsgType><![CDATA[event]]></MsgType>
<Event><![CDATA[VIEW]]></Event>
<EventKey><![CDATA[http://wqq.xyj0772.com/app/index.php?i=2&j=2&c=entry&rid=20&do=photosvoteview&m=fm_photosvote&from=click]]></EventKey>
<MenuId>408121384</MenuId>
</xml>

2016-06-01 09:23:12 params :
------------
Array:
rule : -2 ;
module :  ;
message : Array ;

2016-06-01 09:23:12 response :
------------

2016-06-01 09:23:34 trace :
------------
String:
<xml><ToUserName><![CDATA[gh_371dfdf2ba7a]]></ToUserName>
<FromUserName><![CDATA[oe632wNBRrJVg1N-WCOMQLAp65SY]]></FromUserName>
<CreateTime>1464744171</CreateTime>
<MsgType><![CDATA[event]]></MsgType>
<Event><![CDATA[VIEW]]></Event>
<EventKey><![CDATA[http://wqq.xyj0772.com/app/index.php?i=2&j=2&c=entry&rid=20&do=photosvoteview&m=fm_photosvote&from=click]]></EventKey>
<MenuId>408121384</MenuId>
</xml>

2016-06-01 09:23:34 params :
------------
Array:
rule : -2 ;
module :  ;
message : Array ;

2016-06-01 09:23:34 response :
------------

2016-06-01 09:26:38 trace :
------------
String:
<xml><ToUserName><![CDATA[gh_371dfdf2ba7a]]></ToUserName>
<FromUserName><![CDATA[oe632wLL7TbETum17nCSC33zSMY4]]></FromUserName>
<CreateTime>1464744350</CreateTime>
<MsgType><![CDATA[event]]></MsgType>
<Event><![CDATA[VIEW]]></Event>
<EventKey><![CDATA[http://wqq.xyj0772.com/app/index.php?i=2&j=2&c=entry&rid=20&do=photosvoteview&m=fm_photosvote&from=click]]></EventKey>
<MenuId>408121384</MenuId>
</xml>

2016-06-01 09:26:38 params :
------------
Array:
rule : -2 ;
module :  ;
message : Array ;

2016-06-01 09:26:38 response :
------------

2016-06-01 09:27:54 trace :
------------
String:
<xml><ToUserName><![CDATA[gh_371dfdf2ba7a]]></ToUserName>
<FromUserName><![CDATA[oe632wNBRrJVg1N-WCOMQLAp65SY]]></FromUserName>
<CreateTime>1464744424</CreateTime>
<MsgType><![CDATA[event]]></MsgType>
<Event><![CDATA[VIEW]]></Event>
<EventKey><![CDATA[http://wqq.xyj0772.com/app/index.php?i=2&j=2&c=entry&rid=20&do=photosvoteview&m=fm_photosvote&from=click]]></EventKey>
<MenuId>408121384</MenuId>
</xml>

2016-06-01 09:27:54 params :
------------
Array:
rule : -2 ;
module :  ;
message : Array ;

2016-06-01 09:27:54 response :
------------

2016-06-01 09:28:39 trace :
------------
String:
<xml><ToUserName><![CDATA[gh_371dfdf2ba7a]]></ToUserName>
<FromUserName><![CDATA[oe632wKmLVayKVE80M-enslPHQbY]]></FromUserName>
<CreateTime>1464744517</CreateTime>
<MsgType><![CDATA[text]]></MsgType>
<Content><![CDATA[http://mp.weixin.qq.com/s?__biz=MzIzNzM5MTczOQ==&mid=100000005&idx=1&sn=b0b6e4f84ca820c9f9768b0a614b0b26&scene=0&previewkey=1bx8A%2BxAc15%2BskuG1cGcLcNS9bJajjJKzz%2F0By7ITJA%3D#wechat_redirect]]></Content>
<MsgId>6291029797918471495</MsgId>
</xml>

2016-06-01 09:28:39 params :
------------
Array:
rule : -2 ;
module :  ;
message : Array ;

2016-06-01 09:28:39 response :
------------

2016-06-01 09:28:41 trace :
------------
String:
<xml><ToUserName><![CDATA[gh_371dfdf2ba7a]]></ToUserName>
<FromUserName><![CDATA[oe632wKmLVayKVE80M-enslPHQbY]]></FromUserName>
<CreateTime>1464744519</CreateTime>
<MsgType><![CDATA[event]]></MsgType>
<Event><![CDATA[VIEW]]></Event>
<EventKey><![CDATA[http://wqq.xyj0772.com/app/index.php?i=2&j=2&c=entry&rid=20&do=photosvoteview&m=fm_photosvote&from=click]]></EventKey>
<MenuId>408121384</MenuId>
</xml>

2016-06-01 09:28:41 params :
------------
Array:
rule : -2 ;
module :  ;
message : Array ;

2016-06-01 09:28:41 response :
------------

2016-06-01 09:29:17 trace :
------------
String:
<xml><ToUserName><![CDATA[gh_371dfdf2ba7a]]></ToUserName>
<FromUserName><![CDATA[oe632wKmLVayKVE80M-enslPHQbY]]></FromUserName>
<CreateTime>1464744553</CreateTime>
<MsgType><![CDATA[text]]></MsgType>
<Content><![CDATA[http://mp.weixin.qq.com/s?__biz=MzIzNzM5MTczOQ==&mid=100000005&idx=1&sn=b0b6e4f84ca820c9f9768b0a614b0b26&scene=0&previewkey=1bx8A%2BxAc15%2BskuG1cGcLcNS9bJajjJKzz%2F0By7ITJA%3D#wechat_redirect]]></Content>
<MsgId>6291029952537294153</MsgId>
</xml>

2016-06-01 09:29:17 params :
------------
Array:
rule : -2 ;
module :  ;
message : Array ;

2016-06-01 09:29:17 response :
------------

2016-06-01 09:29:58 trace :
------------
String:
<xml><ToUserName><![CDATA[gh_371dfdf2ba7a]]></ToUserName>
<FromUserName><![CDATA[oe632wKmLVayKVE80M-enslPHQbY]]></FromUserName>
<CreateTime>1464744593</CreateTime>
<MsgType><![CDATA[event]]></MsgType>
<Event><![CDATA[unsubscribe]]></Event>
<EventKey><![CDATA[]]></EventKey>
</xml>

2016-06-01 09:30:15 trace :
------------
String:
<xml><ToUserName><![CDATA[gh_d5c808a7666e]]></ToUserName>
<FromUserName><![CDATA[om_6jt2KN5m2a7PN8LYPB54R85zI]]></FromUserName>
<CreateTime>1464744610</CreateTime>
<MsgType><![CDATA[event]]></MsgType>
<Event><![CDATA[unsubscribe]]></Event>
<EventKey><![CDATA[]]></EventKey>
</xml>

2016-06-01 09:30:54 trace :
------------
String:
<xml><ToUserName><![CDATA[gh_371dfdf2ba7a]]></ToUserName>
<FromUserName><![CDATA[oe632wKmLVayKVE80M-enslPHQbY]]></FromUserName>
<CreateTime>1464744647</CreateTime>
<MsgType><![CDATA[event]]></MsgType>
<Event><![CDATA[subscribe]]></Event>
<EventKey><![CDATA[]]></EventKey>
</xml>

2016-06-01 09:30:54 params :
------------
Array:
rule : -2 ;
module :  ;
message : Array ;

2016-06-01 09:30:54 response :
------------

2016-06-01 09:30:58 trace :
------------
String:
<xml><ToUserName><![CDATA[gh_371dfdf2ba7a]]></ToUserName>
<FromUserName><![CDATA[oe632wKmLVayKVE80M-enslPHQbY]]></FromUserName>
<CreateTime>1464744652</CreateTime>
<MsgType><![CDATA[event]]></MsgType>
<Event><![CDATA[VIEW]]></Event>
<EventKey><![CDATA[http://wqq.xyj0772.com/app/index.php?i=2&j=2&c=entry&rid=20&do=photosvoteview&m=fm_photosvote&from=click]]></EventKey>
<MenuId>408121384</MenuId>
</xml>

2016-06-01 09:30:58 params :
------------
Array:
rule : -2 ;
module :  ;
message : Array ;

2016-06-01 09:30:58 response :
------------

2016-06-01 09:31:25 trace :
------------
String:
<xml><ToUserName><![CDATA[gh_371dfdf2ba7a]]></ToUserName>
<FromUserName><![CDATA[oe632wKmLVayKVE80M-enslPHQbY]]></FromUserName>
<CreateTime>1464744678</CreateTime>
<MsgType><![CDATA[event]]></MsgType>
<Event><![CDATA[VIEW]]></Event>
<EventKey><![CDATA[http://wqq.xyj0772.com/app/index.php?i=2&j=2&c=entry&rid=20&do=photosvoteview&m=fm_photosvote&from=click]]></EventKey>
<MenuId>408121384</MenuId>
</xml>

2016-06-01 09:31:25 params :
------------
Array:
rule : -2 ;
module :  ;
message : Array ;

2016-06-01 09:31:25 response :
------------

2016-06-01 09:32:07 trace :
------------
String:
<xml><ToUserName><![CDATA[gh_371dfdf2ba7a]]></ToUserName>
<FromUserName><![CDATA[oe632wLtlz9CTPZcj_O3m7a7_4kg]]></FromUserName>
<CreateTime>1464744718</CreateTime>
<MsgType><![CDATA[event]]></MsgType>
<Event><![CDATA[subscribe]]></Event>
<EventKey><![CDATA[]]></EventKey>
</xml>

2016-06-01 09:32:07 params :
------------
Array:
rule : -2 ;
module :  ;
message : Array ;

2016-06-01 09:32:07 response :
------------

2016-06-01 09:32:10 trace :
------------
String:
<xml><ToUserName><![CDATA[gh_371dfdf2ba7a]]></ToUserName>
<FromUserName><![CDATA[oe632wLtlz9CTPZcj_O3m7a7_4kg]]></FromUserName>
<CreateTime>1464744721</CreateTime>
<MsgType><![CDATA[event]]></MsgType>
<Event><![CDATA[VIEW]]></Event>
<EventKey><![CDATA[http://wqq.xyj0772.com/app/index.php?i=2&j=2&c=entry&rid=20&do=photosvoteview&m=fm_photosvote&from=click]]></EventKey>
<MenuId>408121384</MenuId>
</xml>

2016-06-01 09:32:10 params :
------------
Array:
rule : -2 ;
module :  ;
message : Array ;

2016-06-01 09:32:10 response :
------------

2016-06-01 09:34:10 trace :
------------
String:
<xml><ToUserName><![CDATA[gh_371dfdf2ba7a]]></ToUserName>
<FromUserName><![CDATA[oe632wLtlz9CTPZcj_O3m7a7_4kg]]></FromUserName>
<CreateTime>1464744838</CreateTime>
<MsgType><![CDATA[event]]></MsgType>
<Event><![CDATA[VIEW]]></Event>
<EventKey><![CDATA[http://wqq.xyj0772.com/app/index.php?i=4&c=mc&]]></EventKey>
<MenuId>408121384</MenuId>
</xml>

2016-06-01 09:34:10 params :
------------
Array:
rule : -2 ;
module :  ;
message : Array ;

2016-06-01 09:34:10 response :
------------

2016-06-01 09:39:19 trace :
------------
String:
<xml><ToUserName><![CDATA[gh_371dfdf2ba7a]]></ToUserName>
<FromUserName><![CDATA[oe632wLL7TbETum17nCSC33zSMY4]]></FromUserName>
<CreateTime>1464745140</CreateTime>
<MsgType><![CDATA[event]]></MsgType>
<Event><![CDATA[VIEW]]></Event>
<EventKey><![CDATA[http://wqq.xyj0772.com/app/index.php?i=2&j=2&c=entry&rid=20&do=photosvoteview&m=fm_photosvote&from=click]]></EventKey>
<MenuId>408121384</MenuId>
</xml>

2016-06-01 09:39:19 params :
------------
Array:
rule : -2 ;
module :  ;
message : Array ;

2016-06-01 09:39:19 response :
------------

2016-06-01 09:39:25 trace :
------------
String:
<xml><ToUserName><![CDATA[gh_371dfdf2ba7a]]></ToUserName>
<FromUserName><![CDATA[oe632wLtlz9CTPZcj_O3m7a7_4kg]]></FromUserName>
<CreateTime>1464745146</CreateTime>
<MsgType><![CDATA[event]]></MsgType>
<Event><![CDATA[VIEW]]></Event>
<EventKey><![CDATA[http://wqq.xyj0772.com/app/index.php?i=4&c=mc&]]></EventKey>
<MenuId>408121384</MenuId>
</xml>

2016-06-01 09:39:25 params :
------------
Array:
rule : -2 ;
module :  ;
message : Array ;

2016-06-01 09:39:25 response :
------------

2016-06-01 09:43:57 trace :
------------
String:
<xml><ToUserName><![CDATA[gh_371dfdf2ba7a]]></ToUserName>
<FromUserName><![CDATA[oe632wKmLVayKVE80M-enslPHQbY]]></FromUserName>
<CreateTime>1464745413</CreateTime>
<MsgType><![CDATA[event]]></MsgType>
<Event><![CDATA[unsubscribe]]></Event>
<EventKey><![CDATA[]]></EventKey>
</xml>

2016-06-01 09:44:08 trace :
------------
String:
<xml><ToUserName><![CDATA[gh_371dfdf2ba7a]]></ToUserName>
<FromUserName><![CDATA[oe632wKmLVayKVE80M-enslPHQbY]]></FromUserName>
<CreateTime>1464745424</CreateTime>
<MsgType><![CDATA[event]]></MsgType>
<Event><![CDATA[subscribe]]></Event>
<EventKey><![CDATA[]]></EventKey>
</xml>

2016-06-01 09:44:08 params :
------------
Array:
message : Array ;
module : basic ;
rule : 26 ;
priority : 0 ;
keyword : Array ;

2016-06-01 09:44:08 response :
------------
Array:
FromUserName : gh_371dfdf2ba7a ;
ToUserName : oe632wKmLVayKVE80M-enslPHQbY ;
MsgType : text ;
Content : 全城寻找【路邮寄】形象代言人
    只要你是18-35岁，无论男女都可参与路邮寄全城寻找代言人的投票活动，活动时间为2016年6月1日-2016年6月30日为期一个月的时间，
    选出一位票数最多的作为路邮寄同城物流形象代言人。
    
投票规则

    微信投票：关注“路邮寄”即可参与投票，点击左下角“寻找代言人”即可参与投票，整个投票期间每位用户每天能投8位选手各一票。 ;

2016-06-01 09:44:15 trace :
------------
String:
<xml><ToUserName><![CDATA[gh_371dfdf2ba7a]]></ToUserName>
<FromUserName><![CDATA[oe632wKmLVayKVE80M-enslPHQbY]]></FromUserName>
<CreateTime>1464745431</CreateTime>
<MsgType><![CDATA[event]]></MsgType>
<Event><![CDATA[VIEW]]></Event>
<EventKey><![CDATA[http://wqq.xyj0772.com/app/index.php?i=2&j=2&c=entry&rid=20&do=photosvoteview&m=fm_photosvote&from=click]]></EventKey>
<MenuId>408121384</MenuId>
</xml>

2016-06-01 09:44:15 params :
------------
Array:
rule : -2 ;
module :  ;
message : Array ;

2016-06-01 09:44:15 response :
------------

2016-06-01 09:48:08 trace :
------------
String:
<xml><ToUserName><![CDATA[gh_371dfdf2ba7a]]></ToUserName>
<FromUserName><![CDATA[oe632wKmLVayKVE80M-enslPHQbY]]></FromUserName>
<CreateTime>1464745659</CreateTime>
<MsgType><![CDATA[event]]></MsgType>
<Event><![CDATA[VIEW]]></Event>
<EventKey><![CDATA[http://wqq.xyj0772.com/app/index.php?i=2&j=2&c=entry&rid=20&do=photosvoteview&m=fm_photosvote&from=click]]></EventKey>
<MenuId>408121384</MenuId>
</xml>

2016-06-01 09:48:08 params :
------------
Array:
rule : -2 ;
module :  ;
message : Array ;

2016-06-01 09:48:08 response :
------------

2016-06-01 09:48:31 trace :
------------
String:
<xml><ToUserName><![CDATA[gh_371dfdf2ba7a]]></ToUserName>
<FromUserName><![CDATA[oe632wKmLVayKVE80M-enslPHQbY]]></FromUserName>
<CreateTime>1464745682</CreateTime>
<MsgType><![CDATA[event]]></MsgType>
<Event><![CDATA[VIEW]]></Event>
<EventKey><![CDATA[http://wqq.xyj0772.com/app/index.php?i=2&j=2&c=entry&rid=20&do=photosvoteview&m=fm_photosvote&from=click]]></EventKey>
<MenuId>408121384</MenuId>
</xml>

2016-06-01 09:48:31 params :
------------
Array:
rule : -2 ;
module :  ;
message : Array ;

2016-06-01 09:48:31 response :
------------

2016-06-01 09:52:43 trace :
------------
String:
<xml><ToUserName><![CDATA[gh_371dfdf2ba7a]]></ToUserName>
<FromUserName><![CDATA[oe632wKmLVayKVE80M-enslPHQbY]]></FromUserName>
<CreateTime>1464745929</CreateTime>
<MsgType><![CDATA[event]]></MsgType>
<Event><![CDATA[VIEW]]></Event>
<EventKey><![CDATA[http://wqq.xyj0772.com/app/index.php?i=2&j=2&c=entry&rid=20&do=photosvoteview&m=fm_photosvote&from=click]]></EventKey>
<MenuId>408121384</MenuId>
</xml>

2016-06-01 09:52:43 params :
------------
Array:
rule : -2 ;
module :  ;
message : Array ;

2016-06-01 09:52:43 response :
------------

2016-06-01 09:53:06 trace :
------------
String:
<xml><ToUserName><![CDATA[gh_371dfdf2ba7a]]></ToUserName>
<FromUserName><![CDATA[oe632wKmLVayKVE80M-enslPHQbY]]></FromUserName>
<CreateTime>1464745952</CreateTime>
<MsgType><![CDATA[event]]></MsgType>
<Event><![CDATA[VIEW]]></Event>
<EventKey><![CDATA[http://dede.vlldoo.com/down_ser.aspx]]></EventKey>
<MenuId>408121384</MenuId>
</xml>

2016-06-01 09:53:06 params :
------------
Array:
rule : -2 ;
module :  ;
message : Array ;

2016-06-01 09:53:06 response :
------------

2016-06-01 09:53:12 trace :
------------
String:
<xml><ToUserName><![CDATA[gh_371dfdf2ba7a]]></ToUserName>
<FromUserName><![CDATA[oe632wKmLVayKVE80M-enslPHQbY]]></FromUserName>
<CreateTime>1464745958</CreateTime>
<MsgType><![CDATA[event]]></MsgType>
<Event><![CDATA[VIEW]]></Event>
<EventKey><![CDATA[http://wqq.xyj0772.com/app/index.php?i=2&j=2&c=entry&rid=20&do=photosvoteview&m=fm_photosvote&from=click]]></EventKey>
<MenuId>408121384</MenuId>
</xml>

2016-06-01 09:53:12 params :
------------
Array:
rule : -2 ;
module :  ;
message : Array ;

2016-06-01 09:53:12 response :
------------

2016-06-01 09:55:06 trace :
------------
String:
<xml><ToUserName><![CDATA[gh_371dfdf2ba7a]]></ToUserName>
<FromUserName><![CDATA[oe632wKmLVayKVE80M-enslPHQbY]]></FromUserName>
<CreateTime>1464746071</CreateTime>
<MsgType><![CDATA[event]]></MsgType>
<Event><![CDATA[VIEW]]></Event>
<EventKey><![CDATA[http://wqq.xyj0772.com/app/index.php?i=2&j=2&c=entry&rid=20&do=photosvoteview&m=fm_photosvote&from=click]]></EventKey>
<MenuId>408121384</MenuId>
</xml>

2016-06-01 09:55:07 params :
------------
Array:
rule : -2 ;
module :  ;
message : Array ;

2016-06-01 09:55:07 response :
------------

2016-06-01 09:58:21 trace :
------------
String:
<xml><ToUserName><![CDATA[gh_371dfdf2ba7a]]></ToUserName>
<FromUserName><![CDATA[oe632wNBRrJVg1N-WCOMQLAp65SY]]></FromUserName>
<CreateTime>1464746262</CreateTime>
<MsgType><![CDATA[event]]></MsgType>
<Event><![CDATA[VIEW]]></Event>
<EventKey><![CDATA[http://wqq.xyj0772.com/app/index.php?i=2&j=2&c=entry&rid=20&do=photosvoteview&m=fm_photosvote&from=click]]></EventKey>
<MenuId>408121384</MenuId>
</xml>

2016-06-01 09:58:21 params :
------------
Array:
rule : -2 ;
module :  ;
message : Array ;

2016-06-01 09:58:21 response :
------------

2016-06-01 09:59:27 trace :
------------
String:
<xml><ToUserName><![CDATA[gh_339b357d6bcb]]></ToUserName>
<FromUserName><![CDATA[oq5x0uDlHXQXq_V58Xp7ouEKqmvQ]]></FromUserName>
<CreateTime>1464746326</CreateTime>
<MsgType><![CDATA[event]]></MsgType>
<Event><![CDATA[unsubscribe]]></Event>
<EventKey><![CDATA[]]></EventKey>
</xml>

2016-06-01 10:00:05 trace :
------------
String:
<xml><ToUserName><![CDATA[gh_371dfdf2ba7a]]></ToUserName>
<FromUserName><![CDATA[oe632wKmLVayKVE80M-enslPHQbY]]></FromUserName>
<CreateTime>1464746364</CreateTime>
<MsgType><![CDATA[event]]></MsgType>
<Event><![CDATA[VIEW]]></Event>
<EventKey><![CDATA[http://wqq.xyj0772.com/app/index.php?i=2&j=2&c=entry&rid=20&do=photosvoteview&m=fm_photosvote&from=click]]></EventKey>
<MenuId>408121384</MenuId>
</xml>

2016-06-01 10:00:05 params :
------------
Array:
rule : -2 ;
module :  ;
message : Array ;

2016-06-01 10:00:05 response :
------------

2016-06-01 10:00:51 trace :
------------
String:
<xml><ToUserName><![CDATA[gh_371dfdf2ba7a]]></ToUserName>
<FromUserName><![CDATA[oe632wKmLVayKVE80M-enslPHQbY]]></FromUserName>
<CreateTime>1464746409</CreateTime>
<MsgType><![CDATA[event]]></MsgType>
<Event><![CDATA[VIEW]]></Event>
<EventKey><![CDATA[http://wqq.xyj0772.com/app/index.php?i=2&j=2&c=entry&rid=20&do=photosvoteview&m=fm_photosvote&from=click]]></EventKey>
<MenuId>408121384</MenuId>
</xml>

2016-06-01 10:00:51 params :
------------
Array:
rule : -2 ;
module :  ;
message : Array ;

2016-06-01 10:00:51 response :
------------

2016-06-01 10:02:39 trace :
------------
String:
<xml><ToUserName><![CDATA[gh_371dfdf2ba7a]]></ToUserName>
<FromUserName><![CDATA[oe632wNBRrJVg1N-WCOMQLAp65SY]]></FromUserName>
<CreateTime>1464746515</CreateTime>
<MsgType><![CDATA[event]]></MsgType>
<Event><![CDATA[VIEW]]></Event>
<EventKey><![CDATA[http://wqq.xyj0772.com/app/index.php?i=2&j=2&c=entry&rid=20&do=photosvoteview&m=fm_photosvote&from=click]]></EventKey>
<MenuId>408121384</MenuId>
</xml>

2016-06-01 10:02:39 params :
------------
Array:
rule : -2 ;
module :  ;
message : Array ;

2016-06-01 10:02:39 response :
------------

2016-06-01 10:03:30 trace :
------------
String:
<xml><ToUserName><![CDATA[gh_371dfdf2ba7a]]></ToUserName>
<FromUserName><![CDATA[oe632wNBRrJVg1N-WCOMQLAp65SY]]></FromUserName>
<CreateTime>1464746565</CreateTime>
<MsgType><![CDATA[event]]></MsgType>
<Event><![CDATA[VIEW]]></Event>
<EventKey><![CDATA[http://wqq.xyj0772.com/app/index.php?i=2&j=2&c=entry&rid=20&do=photosvoteview&m=fm_photosvote&from=click]]></EventKey>
<MenuId>408121384</MenuId>
</xml>

2016-06-01 10:03:30 params :
------------
Array:
rule : -2 ;
module :  ;
message : Array ;

2016-06-01 10:03:30 response :
------------

2016-06-01 10:06:33 trace :
------------
String:
<xml><ToUserName><![CDATA[gh_371dfdf2ba7a]]></ToUserName>
<FromUserName><![CDATA[oe632wNBRrJVg1N-WCOMQLAp65SY]]></FromUserName>
<CreateTime>1464746741</CreateTime>
<MsgType><![CDATA[event]]></MsgType>
<Event><![CDATA[VIEW]]></Event>
<EventKey><![CDATA[http://wqq.xyj0772.com/app/index.php?i=2&j=2&c=entry&rid=20&do=photosvoteview&m=fm_photosvote&from=click]]></EventKey>
<MenuId>408121384</MenuId>
</xml>

2016-06-01 10:06:33 params :
------------
Array:
rule : -2 ;
module :  ;
message : Array ;

2016-06-01 10:06:33 response :
------------

2016-06-01 10:14:11 trace :
------------
String:
<xml><ToUserName><![CDATA[gh_371dfdf2ba7a]]></ToUserName>
<FromUserName><![CDATA[oe632wC5dQbfRwuB0meQwDGEM5gw]]></FromUserName>
<CreateTime>1464747186</CreateTime>
<MsgType><![CDATA[event]]></MsgType>
<Event><![CDATA[VIEW]]></Event>
<EventKey><![CDATA[http://wqq.xyj0772.com/app/index.php?i=2&j=2&c=entry&rid=20&do=photosvoteview&m=fm_photosvote&from=click]]></EventKey>
<MenuId>408121384</MenuId>
</xml>

2016-06-01 10:14:11 params :
------------
Array:
rule : -2 ;
module :  ;
message : Array ;

2016-06-01 10:14:11 response :
------------

2016-06-01 10:14:22 trace :
------------
String:
<xml><ToUserName><![CDATA[gh_371dfdf2ba7a]]></ToUserName>
<FromUserName><![CDATA[oe632wKmLVayKVE80M-enslPHQbY]]></FromUserName>
<CreateTime>1464747197</CreateTime>
<MsgType><![CDATA[event]]></MsgType>
<Event><![CDATA[VIEW]]></Event>
<EventKey><![CDATA[http://wqq.xyj0772.com/app/index.php?i=2&j=2&c=entry&rid=20&do=photosvoteview&m=fm_photosvote&from=click]]></EventKey>
<MenuId>408121384</MenuId>
</xml>

2016-06-01 10:14:22 params :
------------
Array:
rule : -2 ;
module :  ;
message : Array ;

2016-06-01 10:14:22 response :
------------

2016-06-01 10:15:36 trace :
------------
String:
<xml><ToUserName><![CDATA[gh_371dfdf2ba7a]]></ToUserName>
<FromUserName><![CDATA[oe632wC5dQbfRwuB0meQwDGEM5gw]]></FromUserName>
<CreateTime>1464747269</CreateTime>
<MsgType><![CDATA[event]]></MsgType>
<Event><![CDATA[VIEW]]></Event>
<EventKey><![CDATA[http://wqq.xyj0772.com/app/index.php?i=2&j=2&c=entry&rid=20&do=photosvoteview&m=fm_photosvote&from=click]]></EventKey>
<MenuId>408121384</MenuId>
</xml>

2016-06-01 10:15:36 params :
------------
Array:
rule : -2 ;
module :  ;
message : Array ;

2016-06-01 10:15:36 response :
------------

2016-06-01 10:18:14 trace :
------------
String:
<xml><ToUserName><![CDATA[gh_371dfdf2ba7a]]></ToUserName>
<FromUserName><![CDATA[oe632wKmLVayKVE80M-enslPHQbY]]></FromUserName>
<CreateTime>1464747424</CreateTime>
<MsgType><![CDATA[event]]></MsgType>
<Event><![CDATA[VIEW]]></Event>
<EventKey><![CDATA[http://wqq.xyj0772.com/app/index.php?i=2&j=2&c=entry&rid=20&do=photosvoteview&m=fm_photosvote&from=click]]></EventKey>
<MenuId>408121384</MenuId>
</xml>

2016-06-01 10:18:14 params :
------------
Array:
rule : -2 ;
module :  ;
message : Array ;

2016-06-01 10:18:14 response :
------------

2016-06-01 10:19:33 trace :
------------
String:
<xml><ToUserName><![CDATA[gh_371dfdf2ba7a]]></ToUserName>
<FromUserName><![CDATA[oe632wKmLVayKVE80M-enslPHQbY]]></FromUserName>
<CreateTime>1464747500</CreateTime>
<MsgType><![CDATA[event]]></MsgType>
<Event><![CDATA[VIEW]]></Event>
<EventKey><![CDATA[http://wqq.xyj0772.com/app/index.php?i=2&j=2&c=entry&rid=20&do=photosvoteview&m=fm_photosvote&from=click]]></EventKey>
<MenuId>408121384</MenuId>
</xml>

2016-06-01 10:19:33 params :
------------
Array:
rule : -2 ;
module :  ;
message : Array ;

2016-06-01 10:19:33 response :
------------

2016-06-01 10:21:20 trace :
------------
String:
<xml><ToUserName><![CDATA[gh_371dfdf2ba7a]]></ToUserName>
<FromUserName><![CDATA[oe632wKmLVayKVE80M-enslPHQbY]]></FromUserName>
<CreateTime>1464747605</CreateTime>
<MsgType><![CDATA[event]]></MsgType>
<Event><![CDATA[VIEW]]></Event>
<EventKey><![CDATA[http://wqq.xyj0772.com/app/index.php?i=2&j=2&c=entry&rid=20&do=photosvoteview&m=fm_photosvote&from=click]]></EventKey>
<MenuId>408121384</MenuId>
</xml>

2016-06-01 10:21:20 params :
------------
Array:
rule : -2 ;
module :  ;
message : Array ;

2016-06-01 10:21:20 response :
------------

2016-06-01 10:30:59 trace :
------------
String:
<xml><ToUserName><![CDATA[gh_371dfdf2ba7a]]></ToUserName>
<FromUserName><![CDATA[oe632wLL7TbETum17nCSC33zSMY4]]></FromUserName>
<CreateTime>1464748252</CreateTime>
<MsgType><![CDATA[event]]></MsgType>
<Event><![CDATA[VIEW]]></Event>
<EventKey><![CDATA[http://wqq.xyj0772.com/app/index.php?i=2&j=2&c=entry&rid=20&do=photosvoteview&m=fm_photosvote&from=click]]></EventKey>
<MenuId>408121384</MenuId>
</xml>

2016-06-01 10:30:59 params :
------------
Array:
rule : -2 ;
module :  ;
message : Array ;

2016-06-01 10:30:59 response :
------------

2016-06-01 10:31:47 trace :
------------
String:
<xml><ToUserName><![CDATA[gh_371dfdf2ba7a]]></ToUserName>
<FromUserName><![CDATA[oe632wLL7TbETum17nCSC33zSMY4]]></FromUserName>
<CreateTime>1464748299</CreateTime>
<MsgType><![CDATA[event]]></MsgType>
<Event><![CDATA[VIEW]]></Event>
<EventKey><![CDATA[http://wqq.xyj0772.com/app/index.php?i=2&j=2&c=entry&rid=20&do=photosvoteview&m=fm_photosvote&from=click]]></EventKey>
<MenuId>408121384</MenuId>
</xml>

2016-06-01 10:31:47 params :
------------
Array:
rule : -2 ;
module :  ;
message : Array ;

2016-06-01 10:31:47 response :
------------

2016-06-01 10:32:20 trace :
------------
String:
<xml><ToUserName><![CDATA[gh_371dfdf2ba7a]]></ToUserName>
<FromUserName><![CDATA[oe632wKuZzefN58OyN0ph9RJiLNw]]></FromUserName>
<CreateTime>1464748331</CreateTime>
<MsgType><![CDATA[event]]></MsgType>
<Event><![CDATA[VIEW]]></Event>
<EventKey><![CDATA[http://wqq.xyj0772.com/app/index.php?i=2&j=2&c=entry&rid=20&do=photosvoteview&m=fm_photosvote&from=click]]></EventKey>
<MenuId>408121384</MenuId>
</xml>

2016-06-01 10:32:20 params :
------------
Array:
rule : -2 ;
module :  ;
message : Array ;

2016-06-01 10:32:20 response :
------------

2016-06-01 10:33:38 trace :
------------
String:
<xml><ToUserName><![CDATA[gh_371dfdf2ba7a]]></ToUserName>
<FromUserName><![CDATA[oe632wNBRrJVg1N-WCOMQLAp65SY]]></FromUserName>
<CreateTime>1464748408</CreateTime>
<MsgType><![CDATA[event]]></MsgType>
<Event><![CDATA[VIEW]]></Event>
<EventKey><![CDATA[http://wqq.xyj0772.com/app/index.php?i=2&j=2&c=entry&rid=20&do=photosvoteview&m=fm_photosvote&from=click]]></EventKey>
<MenuId>408121384</MenuId>
</xml>

2016-06-01 10:33:38 params :
------------
Array:
rule : -2 ;
module :  ;
message : Array ;

2016-06-01 10:33:38 response :
------------

2016-06-01 10:33:43 trace :
------------
String:
<xml><ToUserName><![CDATA[gh_371dfdf2ba7a]]></ToUserName>
<FromUserName><![CDATA[oe632wLL7TbETum17nCSC33zSMY4]]></FromUserName>
<CreateTime>1464748412</CreateTime>
<MsgType><![CDATA[event]]></MsgType>
<Event><![CDATA[VIEW]]></Event>
<EventKey><![CDATA[http://wqq.xyj0772.com/app/index.php?i=2&j=2&c=entry&rid=20&do=photosvoteview&m=fm_photosvote&from=click]]></EventKey>
<MenuId>408121384</MenuId>
</xml>

2016-06-01 10:33:43 params :
------------
Array:
rule : -2 ;
module :  ;
message : Array ;

2016-06-01 10:33:43 response :
------------

2016-06-01 10:36:01 trace :
------------
String:
<xml><ToUserName><![CDATA[gh_371dfdf2ba7a]]></ToUserName>
<FromUserName><![CDATA[oe632wF3FN1MN02eaUxlVIw2bO4w]]></FromUserName>
<CreateTime>1464748547</CreateTime>
<MsgType><![CDATA[event]]></MsgType>
<Event><![CDATA[subscribe]]></Event>
<EventKey><![CDATA[]]></EventKey>
</xml>

2016-06-01 10:36:01 params :
------------
Array:
message : Array ;
module : basic ;
rule : 26 ;
priority : 0 ;
keyword : Array ;

2016-06-01 10:36:01 response :
------------
Array:
FromUserName : gh_371dfdf2ba7a ;
ToUserName : oe632wF3FN1MN02eaUxlVIw2bO4w ;
MsgType : text ;
Content : 全城寻找【路邮寄】形象代言人
    只要你是18-35岁，无论男女都可参与路邮寄全城寻找代言人的投票活动，活动时间为2016年6月1日-2016年6月30日为期一个月的时间，
    选出一位票数最多的作为路邮寄同城物流形象代言人。
    
投票规则

    微信投票：关注“路邮寄”即可参与投票，点击左下角“寻找代言人”即可参与投票，整个投票期间每位用户每天能投8位选手各一票。 ;

2016-06-01 10:36:08 trace :
------------
String:
<xml><ToUserName><![CDATA[gh_371dfdf2ba7a]]></ToUserName>
<FromUserName><![CDATA[oe632wF3FN1MN02eaUxlVIw2bO4w]]></FromUserName>
<CreateTime>1464748554</CreateTime>
<MsgType><![CDATA[event]]></MsgType>
<Event><![CDATA[VIEW]]></Event>
<EventKey><![CDATA[http://dede.vlldoo.com/down.aspx]]></EventKey>
<MenuId>408121384</MenuId>
</xml>

2016-06-01 10:36:08 params :
------------
Array:
rule : -2 ;
module :  ;
message : Array ;

2016-06-01 10:36:08 response :
------------

2016-06-01 10:36:14 trace :
------------
String:
<xml><ToUserName><![CDATA[gh_371dfdf2ba7a]]></ToUserName>
<FromUserName><![CDATA[oe632wF3FN1MN02eaUxlVIw2bO4w]]></FromUserName>
<CreateTime>1464748560</CreateTime>
<MsgType><![CDATA[event]]></MsgType>
<Event><![CDATA[VIEW]]></Event>
<EventKey><![CDATA[http://dede.vlldoo.com/down_ser.aspx]]></EventKey>
<MenuId>408121384</MenuId>
</xml>

2016-06-01 10:36:14 params :
------------
Array:
rule : -2 ;
module :  ;
message : Array ;

2016-06-01 10:36:14 response :
------------

2016-06-01 10:36:16 trace :
------------
String:
<xml><ToUserName><![CDATA[gh_371dfdf2ba7a]]></ToUserName>
<FromUserName><![CDATA[oe632wF3FN1MN02eaUxlVIw2bO4w]]></FromUserName>
<CreateTime>1464748562</CreateTime>
<MsgType><![CDATA[event]]></MsgType>
<Event><![CDATA[VIEW]]></Event>
<EventKey><![CDATA[http://wqq.xyj0772.com/app/index.php?i=4&c=mc&]]></EventKey>
<MenuId>408121384</MenuId>
</xml>

2016-06-01 10:36:16 params :
------------
Array:
rule : -2 ;
module :  ;
message : Array ;

2016-06-01 10:36:16 response :
------------

2016-06-01 10:36:19 trace :
------------
String:
<xml><ToUserName><![CDATA[gh_371dfdf2ba7a]]></ToUserName>
<FromUserName><![CDATA[oe632wF3FN1MN02eaUxlVIw2bO4w]]></FromUserName>
<CreateTime>1464748566</CreateTime>
<MsgType><![CDATA[event]]></MsgType>
<Event><![CDATA[VIEW]]></Event>
<EventKey><![CDATA[http://wqq.xyj0772.com/app/index.php?i=2&j=2&c=entry&rid=20&do=photosvoteview&m=fm_photosvote&from=click]]></EventKey>
<MenuId>408121384</MenuId>
</xml>

2016-06-01 10:36:19 params :
------------
Array:
rule : -2 ;
module :  ;
message : Array ;

2016-06-01 10:36:19 response :
------------

2016-06-01 10:36:45 trace :
------------
String:
<xml><ToUserName><![CDATA[gh_371dfdf2ba7a]]></ToUserName>
<FromUserName><![CDATA[oe632wF3FN1MN02eaUxlVIw2bO4w]]></FromUserName>
<CreateTime>1464748591</CreateTime>
<MsgType><![CDATA[event]]></MsgType>
<Event><![CDATA[VIEW]]></Event>
<EventKey><![CDATA[http://dede.vlldoo.com/down.aspx]]></EventKey>
<MenuId>408121384</MenuId>
</xml>

2016-06-01 10:36:45 params :
------------
Array:
rule : -2 ;
module :  ;
message : Array ;

2016-06-01 10:36:45 response :
------------

2016-06-01 10:46:34 trace :
------------
String:
<xml><ToUserName><![CDATA[gh_371dfdf2ba7a]]></ToUserName>
<FromUserName><![CDATA[oe632wKmLVayKVE80M-enslPHQbY]]></FromUserName>
<CreateTime>1464749171</CreateTime>
<MsgType><![CDATA[event]]></MsgType>
<Event><![CDATA[VIEW]]></Event>
<EventKey><![CDATA[http://wqq.xyj0772.com/app/index.php?i=2&j=2&c=entry&rid=20&do=photosvoteview&m=fm_photosvote&from=click]]></EventKey>
<MenuId>408121384</MenuId>
</xml>

2016-06-01 10:46:34 params :
------------
Array:
rule : -2 ;
module :  ;
message : Array ;

2016-06-01 10:46:34 response :
------------

2016-06-01 10:53:27 trace :
------------
String:
<xml><ToUserName><![CDATA[gh_371dfdf2ba7a]]></ToUserName>
<FromUserName><![CDATA[oe632wMznHvq7TQiwBzHr3WYOsIE]]></FromUserName>
<CreateTime>1464749575</CreateTime>
<MsgType><![CDATA[event]]></MsgType>
<Event><![CDATA[subscribe]]></Event>
<EventKey><![CDATA[]]></EventKey>
</xml>

2016-06-01 10:53:27 params :
------------
Array:
message : Array ;
module : basic ;
rule : 26 ;
priority : 0 ;
keyword : Array ;

2016-06-01 10:53:27 response :
------------
Array:
FromUserName : gh_371dfdf2ba7a ;
ToUserName : oe632wMznHvq7TQiwBzHr3WYOsIE ;
MsgType : text ;
Content : 全城寻找【路邮寄】形象代言人
    只要你是18-35岁，无论男女都可参与路邮寄全城寻找代言人的投票活动，活动时间为2016年6月1日-2016年6月30日为期一个月的时间，
    选出一位票数最多的作为路邮寄同城物流形象代言人。
    
投票规则

    微信投票：关注“路邮寄”即可参与投票，点击左下角“寻找代言人”即可参与投票，整个投票期间每位用户每天能投8位选手各一票。 ;

2016-06-01 10:53:29 trace :
------------
String:
<xml><ToUserName><![CDATA[gh_371dfdf2ba7a]]></ToUserName>
<FromUserName><![CDATA[oe632wMznHvq7TQiwBzHr3WYOsIE]]></FromUserName>
<CreateTime>1464749577</CreateTime>
<MsgType><![CDATA[event]]></MsgType>
<Event><![CDATA[VIEW]]></Event>
<EventKey><![CDATA[http://wqq.xyj0772.com/app/index.php?i=2&j=2&c=entry&rid=20&do=photosvoteview&m=fm_photosvote&from=click]]></EventKey>
<MenuId>408121384</MenuId>
</xml>

2016-06-01 10:53:29 params :
------------
Array:
rule : -2 ;
module :  ;
message : Array ;

2016-06-01 10:53:29 response :
------------

2016-06-01 11:04:39 trace :
------------
String:
<xml><ToUserName><![CDATA[gh_371dfdf2ba7a]]></ToUserName>
<FromUserName><![CDATA[oe632wKuZzefN58OyN0ph9RJiLNw]]></FromUserName>
<CreateTime>1464750232</CreateTime>
<MsgType><![CDATA[event]]></MsgType>
<Event><![CDATA[VIEW]]></Event>
<EventKey><![CDATA[http://wqq.xyj0772.com/app/index.php?i=2&j=2&c=entry&rid=20&do=photosvoteview&m=fm_photosvote&from=click]]></EventKey>
<MenuId>408121384</MenuId>
</xml>

2016-06-01 11:04:39 params :
------------
Array:
rule : -2 ;
module :  ;
message : Array ;

2016-06-01 11:04:39 response :
------------

2016-06-01 11:05:13 trace :
------------
String:
<xml><ToUserName><![CDATA[gh_371dfdf2ba7a]]></ToUserName>
<FromUserName><![CDATA[oe632wNBRrJVg1N-WCOMQLAp65SY]]></FromUserName>
<CreateTime>1464750266</CreateTime>
<MsgType><![CDATA[event]]></MsgType>
<Event><![CDATA[VIEW]]></Event>
<EventKey><![CDATA[http://wqq.xyj0772.com/app/index.php?i=2&j=2&c=entry&rid=20&do=photosvoteview&m=fm_photosvote&from=click]]></EventKey>
<MenuId>408121384</MenuId>
</xml>

2016-06-01 11:05:13 params :
------------
Array:
rule : -2 ;
module :  ;
message : Array ;

2016-06-01 11:05:13 response :
------------

2016-06-01 11:05:59 trace :
------------
String:
<xml><ToUserName><![CDATA[gh_371dfdf2ba7a]]></ToUserName>
<FromUserName><![CDATA[oe632wKmLVayKVE80M-enslPHQbY]]></FromUserName>
<CreateTime>1464750311</CreateTime>
<MsgType><![CDATA[event]]></MsgType>
<Event><![CDATA[VIEW]]></Event>
<EventKey><![CDATA[http://wqq.xyj0772.com/app/index.php?i=2&j=2&c=entry&rid=20&do=photosvoteview&m=fm_photosvote&from=click]]></EventKey>
<MenuId>408121384</MenuId>
</xml>

2016-06-01 11:05:59 params :
------------
Array:
rule : -2 ;
module :  ;
message : Array ;

2016-06-01 11:05:59 response :
------------

2016-06-01 11:06:53 trace :
------------
String:
<xml><ToUserName><![CDATA[gh_371dfdf2ba7a]]></ToUserName>
<FromUserName><![CDATA[oe632wKmLVayKVE80M-enslPHQbY]]></FromUserName>
<CreateTime>1464750363</CreateTime>
<MsgType><![CDATA[image]]></MsgType>
<PicUrl><![CDATA[http://mmbiz.qpic.cn/mmbiz/JB1ibRFMDkJXp4oPlzPrce93YMf0OJ6IF5GCsTn8gAJibKQBtaVdbX7zhVuFrrNjHiaPh0vGD7PXPXal0J39cn1wA/0]]></PicUrl>
<MsgId>6291054906297284672</MsgId>
<MediaId><![CDATA[wviiDczQtraxqOujJaMx9UAx0nx7JCT9DgjV49i9A85_zCOqV9tJGhPVt1V5M_Qi]]></MediaId>
</xml>

2016-06-01 11:06:54 params :
------------
Array:
rule : -2 ;
module :  ;
message : Array ;

2016-06-01 11:06:54 response :
------------

2016-06-01 11:11:18 trace :
------------
String:
<xml><ToUserName><![CDATA[gh_371dfdf2ba7a]]></ToUserName>
<FromUserName><![CDATA[oe632wKuZzefN58OyN0ph9RJiLNw]]></FromUserName>
<CreateTime>1464750623</CreateTime>
<MsgType><![CDATA[event]]></MsgType>
<Event><![CDATA[VIEW]]></Event>
<EventKey><![CDATA[http://wqq.xyj0772.com/app/index.php?i=2&j=2&c=entry&rid=20&do=photosvoteview&m=fm_photosvote&from=click]]></EventKey>
<MenuId>408121384</MenuId>
</xml>

2016-06-01 11:11:18 params :
------------
Array:
rule : -2 ;
module :  ;
message : Array ;

2016-06-01 11:11:18 response :
------------

2016-06-01 11:12:02 trace :
------------
String:
<xml><ToUserName><![CDATA[gh_371dfdf2ba7a]]></ToUserName>
<FromUserName><![CDATA[oe632wKmLVayKVE80M-enslPHQbY]]></FromUserName>
<CreateTime>1464750666</CreateTime>
<MsgType><![CDATA[event]]></MsgType>
<Event><![CDATA[VIEW]]></Event>
<EventKey><![CDATA[http://wqq.xyj0772.com/app/index.php?i=2&j=2&c=entry&rid=20&do=photosvoteview&m=fm_photosvote&from=click]]></EventKey>
<MenuId>408121384</MenuId>
</xml>

2016-06-01 11:12:02 params :
------------
Array:
rule : -2 ;
module :  ;
message : Array ;

2016-06-01 11:12:02 response :
------------

2016-06-01 11:22:47 trace :
------------
String:
<xml><ToUserName><![CDATA[gh_371dfdf2ba7a]]></ToUserName>
<FromUserName><![CDATA[oe632wKmLVayKVE80M-enslPHQbY]]></FromUserName>
<CreateTime>1464751302</CreateTime>
<MsgType><![CDATA[event]]></MsgType>
<Event><![CDATA[VIEW]]></Event>
<EventKey><![CDATA[http://wqq.xyj0772.com/app/index.php?i=2&j=2&c=entry&rid=20&do=photosvoteview&m=fm_photosvote&from=click]]></EventKey>
<MenuId>408121384</MenuId>
</xml>

2016-06-01 11:22:47 params :
------------
Array:
rule : -2 ;
module :  ;
message : Array ;

2016-06-01 11:22:47 response :
------------

2016-06-01 11:24:13 trace :
------------
String:
<xml><ToUserName><![CDATA[gh_371dfdf2ba7a]]></ToUserName>
<FromUserName><![CDATA[oe632wNBRrJVg1N-WCOMQLAp65SY]]></FromUserName>
<CreateTime>1464751388</CreateTime>
<MsgType><![CDATA[event]]></MsgType>
<Event><![CDATA[VIEW]]></Event>
<EventKey><![CDATA[http://wqq.xyj0772.com/app/index.php?i=2&j=2&c=entry&rid=20&do=photosvoteview&m=fm_photosvote&from=click]]></EventKey>
<MenuId>408121384</MenuId>
</xml>

2016-06-01 11:24:13 params :
------------
Array:
rule : -2 ;
module :  ;
message : Array ;

2016-06-01 11:24:13 response :
------------

2016-06-01 11:25:09 trace :
------------
String:
<xml><ToUserName><![CDATA[gh_371dfdf2ba7a]]></ToUserName>
<FromUserName><![CDATA[oe632wNBRrJVg1N-WCOMQLAp65SY]]></FromUserName>
<CreateTime>1464751443</CreateTime>
<MsgType><![CDATA[event]]></MsgType>
<Event><![CDATA[VIEW]]></Event>
<EventKey><![CDATA[http://wqq.xyj0772.com/app/index.php?i=2&j=2&c=entry&rid=20&do=photosvoteview&m=fm_photosvote&from=click]]></EventKey>
<MenuId>408121384</MenuId>
</xml>

2016-06-01 11:25:09 params :
------------
Array:
rule : -2 ;
module :  ;
message : Array ;

2016-06-01 11:25:09 response :
------------

2016-06-01 11:25:32 trace :
------------
String:
<xml><ToUserName><![CDATA[gh_371dfdf2ba7a]]></ToUserName>
<FromUserName><![CDATA[oe632wKmLVayKVE80M-enslPHQbY]]></FromUserName>
<CreateTime>1464751465</CreateTime>
<MsgType><![CDATA[event]]></MsgType>
<Event><![CDATA[VIEW]]></Event>
<EventKey><![CDATA[http://wqq.xyj0772.com/app/index.php?i=2&j=2&c=entry&rid=20&do=photosvoteview&m=fm_photosvote&from=click]]></EventKey>
<MenuId>408121384</MenuId>
</xml>

2016-06-01 11:25:32 params :
------------
Array:
rule : -2 ;
module :  ;
message : Array ;

2016-06-01 11:25:32 response :
------------

2016-06-01 11:39:07 trace :
------------
String:
<xml><ToUserName><![CDATA[gh_371dfdf2ba7a]]></ToUserName>
<FromUserName><![CDATA[oe632wC5dQbfRwuB0meQwDGEM5gw]]></FromUserName>
<CreateTime>1464752335</CreateTime>
<MsgType><![CDATA[event]]></MsgType>
<Event><![CDATA[VIEW]]></Event>
<EventKey><![CDATA[http://wqq.xyj0772.com/app/index.php?i=2&j=2&c=entry&rid=20&do=photosvoteview&m=fm_photosvote&from=click]]></EventKey>
<MenuId>408121384</MenuId>
</xml>

2016-06-01 11:39:07 params :
------------
Array:
rule : -2 ;
module :  ;
message : Array ;

2016-06-01 11:39:07 response :
------------

2016-06-01 11:43:08 trace :
------------
String:
<xml><ToUserName><![CDATA[gh_371dfdf2ba7a]]></ToUserName>
<FromUserName><![CDATA[oe632wNBRrJVg1N-WCOMQLAp65SY]]></FromUserName>
<CreateTime>1464752571</CreateTime>
<MsgType><![CDATA[event]]></MsgType>
<Event><![CDATA[VIEW]]></Event>
<EventKey><![CDATA[http://wqq.xyj0772.com/app/index.php?i=2&j=2&c=entry&rid=20&do=photosvoteview&m=fm_photosvote&from=click]]></EventKey>
<MenuId>408121384</MenuId>
</xml>

2016-06-01 11:43:08 params :
------------
Array:
rule : -2 ;
module :  ;
message : Array ;

2016-06-01 11:43:08 response :
------------

2016-06-01 11:50:40 trace :
------------
String:
<xml><ToUserName><![CDATA[gh_371dfdf2ba7a]]></ToUserName>
<FromUserName><![CDATA[oe632wNBRrJVg1N-WCOMQLAp65SY]]></FromUserName>
<CreateTime>1464753016</CreateTime>
<MsgType><![CDATA[event]]></MsgType>
<Event><![CDATA[VIEW]]></Event>
<EventKey><![CDATA[http://wqq.xyj0772.com/app/index.php?i=2&j=2&c=entry&rid=20&do=photosvoteview&m=fm_photosvote&from=click]]></EventKey>
<MenuId>408121384</MenuId>
</xml>

2016-06-01 11:50:40 params :
------------
Array:
rule : -2 ;
module :  ;
message : Array ;

2016-06-01 11:50:40 response :
------------

2016-06-01 11:52:58 trace :
------------
String:
<xml><ToUserName><![CDATA[gh_371dfdf2ba7a]]></ToUserName>
<FromUserName><![CDATA[oe632wNBRrJVg1N-WCOMQLAp65SY]]></FromUserName>
<CreateTime>1464753151</CreateTime>
<MsgType><![CDATA[event]]></MsgType>
<Event><![CDATA[VIEW]]></Event>
<EventKey><![CDATA[http://wqq.xyj0772.com/app/index.php?i=2&j=2&c=entry&rid=20&do=photosvoteview&m=fm_photosvote&from=click]]></EventKey>
<MenuId>408121384</MenuId>
</xml>

2016-06-01 11:52:58 params :
------------
Array:
rule : -2 ;
module :  ;
message : Array ;

2016-06-01 11:52:58 response :
------------

2016-06-01 11:55:16 trace :
------------
String:
<xml><ToUserName><![CDATA[gh_371dfdf2ba7a]]></ToUserName>
<FromUserName><![CDATA[oe632wKuZzefN58OyN0ph9RJiLNw]]></FromUserName>
<CreateTime>1464753286</CreateTime>
<MsgType><![CDATA[event]]></MsgType>
<Event><![CDATA[VIEW]]></Event>
<EventKey><![CDATA[http://wqq.xyj0772.com/app/index.php?i=2&j=2&c=entry&rid=20&do=photosvoteview&m=fm_photosvote&from=click]]></EventKey>
<MenuId>408121384</MenuId>
</xml>

2016-06-01 11:55:16 params :
------------
Array:
rule : -2 ;
module :  ;
message : Array ;

2016-06-01 11:55:16 response :
------------

2016-06-01 11:56:15 trace :
------------
String:
<xml><ToUserName><![CDATA[gh_371dfdf2ba7a]]></ToUserName>
<FromUserName><![CDATA[oe632wKmLVayKVE80M-enslPHQbY]]></FromUserName>
<CreateTime>1464753343</CreateTime>
<MsgType><![CDATA[event]]></MsgType>
<Event><![CDATA[VIEW]]></Event>
<EventKey><![CDATA[http://wqq.xyj0772.com/app/index.php?i=2&j=2&c=entry&rid=20&do=photosvoteview&m=fm_photosvote&from=click]]></EventKey>
<MenuId>408121384</MenuId>
</xml>

2016-06-01 11:56:15 params :
------------
Array:
rule : -2 ;
module :  ;
message : Array ;

2016-06-01 11:56:15 response :
------------

2016-06-01 11:56:58 trace :
------------
String:
<xml><ToUserName><![CDATA[gh_371dfdf2ba7a]]></ToUserName>
<FromUserName><![CDATA[oe632wNBRrJVg1N-WCOMQLAp65SY]]></FromUserName>
<CreateTime>1464753386</CreateTime>
<MsgType><![CDATA[event]]></MsgType>
<Event><![CDATA[VIEW]]></Event>
<EventKey><![CDATA[http://wqq.xyj0772.com/app/index.php?i=2&j=2&c=entry&rid=20&do=photosvoteview&m=fm_photosvote&from=click]]></EventKey>
<MenuId>408121384</MenuId>
</xml>

2016-06-01 11:56:58 params :
------------
Array:
rule : -2 ;
module :  ;
message : Array ;

2016-06-01 11:56:58 response :
------------

2016-06-01 11:57:06 trace :
------------
String:
<xml><ToUserName><![CDATA[gh_371dfdf2ba7a]]></ToUserName>
<FromUserName><![CDATA[oe632wLL7TbETum17nCSC33zSMY4]]></FromUserName>
<CreateTime>1464753394</CreateTime>
<MsgType><![CDATA[event]]></MsgType>
<Event><![CDATA[VIEW]]></Event>
<EventKey><![CDATA[http://wqq.xyj0772.com/app/index.php?i=2&j=2&c=entry&rid=20&do=photosvoteview&m=fm_photosvote&from=click]]></EventKey>
<MenuId>408121384</MenuId>
</xml>

2016-06-01 11:57:06 params :
------------
Array:
rule : -2 ;
module :  ;
message : Array ;

2016-06-01 11:57:06 response :
------------

2016-06-01 11:57:06 trace :
------------
String:
<xml><ToUserName><![CDATA[gh_371dfdf2ba7a]]></ToUserName>
<FromUserName><![CDATA[oe632wKmLVayKVE80M-enslPHQbY]]></FromUserName>
<CreateTime>1464753394</CreateTime>
<MsgType><![CDATA[event]]></MsgType>
<Event><![CDATA[VIEW]]></Event>
<EventKey><![CDATA[http://wqq.xyj0772.com/app/index.php?i=2&j=2&c=entry&rid=20&do=photosvoteview&m=fm_photosvote&from=click]]></EventKey>
<MenuId>408121384</MenuId>
</xml>

2016-06-01 11:57:06 params :
------------
Array:
rule : -2 ;
module :  ;
message : Array ;

2016-06-01 11:57:06 response :
------------

2016-06-01 12:00:13 trace :
------------
String:
<xml><ToUserName><![CDATA[gh_371dfdf2ba7a]]></ToUserName>
<FromUserName><![CDATA[oe632wNBRrJVg1N-WCOMQLAp65SY]]></FromUserName>
<CreateTime>1464753574</CreateTime>
<MsgType><![CDATA[event]]></MsgType>
<Event><![CDATA[VIEW]]></Event>
<EventKey><![CDATA[http://wqq.xyj0772.com/app/index.php?i=2&j=2&c=entry&rid=20&do=photosvoteview&m=fm_photosvote&from=click]]></EventKey>
<MenuId>408121384</MenuId>
</xml>

2016-06-01 12:00:13 params :
------------
Array:
rule : -2 ;
module :  ;
message : Array ;

2016-06-01 12:00:13 response :
------------

2016-06-01 12:00:56 trace :
------------
String:
<xml><ToUserName><![CDATA[gh_371dfdf2ba7a]]></ToUserName>
<FromUserName><![CDATA[oe632wNBRrJVg1N-WCOMQLAp65SY]]></FromUserName>
<CreateTime>1464753617</CreateTime>
<MsgType><![CDATA[event]]></MsgType>
<Event><![CDATA[VIEW]]></Event>
<EventKey><![CDATA[http://wqq.xyj0772.com/app/index.php?i=2&j=2&c=entry&rid=20&do=photosvoteview&m=fm_photosvote&from=click]]></EventKey>
<MenuId>408121384</MenuId>
</xml>

2016-06-01 12:00:56 params :
------------
Array:
rule : -2 ;
module :  ;
message : Array ;

2016-06-01 12:00:56 response :
------------

2016-06-01 12:01:53 trace :
------------
String:
<xml><ToUserName><![CDATA[gh_371dfdf2ba7a]]></ToUserName>
<FromUserName><![CDATA[oe632wNBRrJVg1N-WCOMQLAp65SY]]></FromUserName>
<CreateTime>1464753672</CreateTime>
<MsgType><![CDATA[event]]></MsgType>
<Event><![CDATA[VIEW]]></Event>
<EventKey><![CDATA[http://wqq.xyj0772.com/app/index.php?i=2&j=2&c=entry&rid=20&do=photosvoteview&m=fm_photosvote&from=click]]></EventKey>
<MenuId>408121384</MenuId>
</xml>

2016-06-01 12:01:53 params :
------------
Array:
rule : -2 ;
module :  ;
message : Array ;

2016-06-01 12:01:53 response :
------------

2016-06-01 12:02:17 trace :
------------
String:
<xml><ToUserName><![CDATA[gh_371dfdf2ba7a]]></ToUserName>
<FromUserName><![CDATA[oe632wKmLVayKVE80M-enslPHQbY]]></FromUserName>
<CreateTime>1464753696</CreateTime>
<MsgType><![CDATA[event]]></MsgType>
<Event><![CDATA[VIEW]]></Event>
<EventKey><![CDATA[http://wqq.xyj0772.com/app/index.php?i=2&j=2&c=entry&rid=20&do=photosvoteview&m=fm_photosvote&from=click]]></EventKey>
<MenuId>408121384</MenuId>
</xml>

2016-06-01 12:02:17 params :
------------
Array:
rule : -2 ;
module :  ;
message : Array ;

2016-06-01 12:02:17 response :
------------

2016-06-01 12:02:30 trace :
------------
String:
<xml><ToUserName><![CDATA[gh_371dfdf2ba7a]]></ToUserName>
<FromUserName><![CDATA[oe632wLL7TbETum17nCSC33zSMY4]]></FromUserName>
<CreateTime>1464753708</CreateTime>
<MsgType><![CDATA[event]]></MsgType>
<Event><![CDATA[VIEW]]></Event>
<EventKey><![CDATA[http://wqq.xyj0772.com/app/index.php?i=2&j=2&c=entry&rid=20&do=photosvoteview&m=fm_photosvote&from=click]]></EventKey>
<MenuId>408121384</MenuId>
</xml>

2016-06-01 12:02:30 params :
------------
Array:
rule : -2 ;
module :  ;
message : Array ;

2016-06-01 12:02:30 response :
------------

2016-06-01 12:03:35 trace :
------------
String:
<xml><ToUserName><![CDATA[gh_371dfdf2ba7a]]></ToUserName>
<FromUserName><![CDATA[oe632wKmLVayKVE80M-enslPHQbY]]></FromUserName>
<CreateTime>1464753771</CreateTime>
<MsgType><![CDATA[event]]></MsgType>
<Event><![CDATA[VIEW]]></Event>
<EventKey><![CDATA[http://wqq.xyj0772.com/app/index.php?i=2&j=2&c=entry&rid=20&do=photosvoteview&m=fm_photosvote&from=click]]></EventKey>
<MenuId>408121384</MenuId>
</xml>

2016-06-01 12:03:35 params :
------------
Array:
rule : -2 ;
module :  ;
message : Array ;

2016-06-01 12:03:35 response :
------------

2016-06-01 12:09:19 trace :
------------
String:
<xml><ToUserName><![CDATA[gh_371dfdf2ba7a]]></ToUserName>
<FromUserName><![CDATA[oe632wKmLVayKVE80M-enslPHQbY]]></FromUserName>
<CreateTime>1464754107</CreateTime>
<MsgType><![CDATA[event]]></MsgType>
<Event><![CDATA[VIEW]]></Event>
<EventKey><![CDATA[http://wqq.xyj0772.com/app/index.php?i=2&j=2&c=entry&rid=20&do=photosvoteview&m=fm_photosvote&from=click]]></EventKey>
<MenuId>408121384</MenuId>
</xml>

2016-06-01 12:09:20 params :
------------
Array:
rule : -2 ;
module :  ;
message : Array ;

2016-06-01 12:09:20 response :
------------

2016-06-01 12:09:25 trace :
------------
String:
<xml><ToUserName><![CDATA[gh_371dfdf2ba7a]]></ToUserName>
<FromUserName><![CDATA[oe632wNBRrJVg1N-WCOMQLAp65SY]]></FromUserName>
<CreateTime>1464754112</CreateTime>
<MsgType><![CDATA[event]]></MsgType>
<Event><![CDATA[VIEW]]></Event>
<EventKey><![CDATA[http://wqq.xyj0772.com/app/index.php?i=2&j=2&c=entry&rid=20&do=photosvoteview&m=fm_photosvote&from=click]]></EventKey>
<MenuId>408121384</MenuId>
</xml>

2016-06-01 12:09:25 params :
------------
Array:
rule : -2 ;
module :  ;
message : Array ;

2016-06-01 12:09:25 response :
------------

2016-06-01 12:18:54 trace :
------------
String:
<xml><ToUserName><![CDATA[gh_371dfdf2ba7a]]></ToUserName>
<FromUserName><![CDATA[oe632wI_happjwhT1Ghma68YN4f8]]></FromUserName>
<CreateTime>1464754651</CreateTime>
<MsgType><![CDATA[event]]></MsgType>
<Event><![CDATA[subscribe]]></Event>
<EventKey><![CDATA[]]></EventKey>
</xml>

2016-06-01 12:18:55 params :
------------
Array:
message : Array ;
module : basic ;
rule : 26 ;
priority : 0 ;
keyword : Array ;

2016-06-01 12:18:55 response :
------------
Array:
FromUserName : gh_371dfdf2ba7a ;
ToUserName : oe632wI_happjwhT1Ghma68YN4f8 ;
MsgType : text ;
Content : 全城寻找【路邮寄】形象代言人
    只要你是18-35岁，无论男女都可参与路邮寄全城寻找代言人的投票活动，活动时间为2016年6月1日-2016年6月25日为期25天的时间，
    选出一位票数最多的作为路邮寄同城物流形象代言人。
    
投票规则

    微信投票：关注“路邮寄”即可参与投票，点击左下角“寻找代言人”即可参与投票，整个投票期间每位用户每天能投8位选手各一票。 ;

2016-06-01 12:18:59 trace :
------------
String:
<xml><ToUserName><![CDATA[gh_371dfdf2ba7a]]></ToUserName>
<FromUserName><![CDATA[oe632wI_happjwhT1Ghma68YN4f8]]></FromUserName>
<CreateTime>1464754656</CreateTime>
<MsgType><![CDATA[event]]></MsgType>
<Event><![CDATA[VIEW]]></Event>
<EventKey><![CDATA[http://wqq.xyj0772.com/app/index.php?i=2&j=2&c=entry&rid=20&do=photosvoteview&m=fm_photosvote&from=click]]></EventKey>
<MenuId>408121384</MenuId>
</xml>

2016-06-01 12:18:59 params :
------------
Array:
rule : -2 ;
module :  ;
message : Array ;

2016-06-01 12:18:59 response :
------------

2016-06-01 12:43:02 trace :
------------
String:
<xml><ToUserName><![CDATA[gh_371dfdf2ba7a]]></ToUserName>
<FromUserName><![CDATA[oe632wNBRrJVg1N-WCOMQLAp65SY]]></FromUserName>
<CreateTime>1464756164</CreateTime>
<MsgType><![CDATA[event]]></MsgType>
<Event><![CDATA[VIEW]]></Event>
<EventKey><![CDATA[http://wqq.xyj0772.com/app/index.php?i=2&j=2&c=entry&rid=20&do=photosvoteview&m=fm_photosvote&from=click]]></EventKey>
<MenuId>408121384</MenuId>
</xml>

2016-06-01 12:43:02 params :
------------
Array:
rule : -2 ;
module :  ;
message : Array ;

2016-06-01 12:43:02 response :
------------

2016-06-01 12:43:33 trace :
------------
String:
<xml><ToUserName><![CDATA[gh_371dfdf2ba7a]]></ToUserName>
<FromUserName><![CDATA[oe632wNBRrJVg1N-WCOMQLAp65SY]]></FromUserName>
<CreateTime>1464756194</CreateTime>
<MsgType><![CDATA[event]]></MsgType>
<Event><![CDATA[VIEW]]></Event>
<EventKey><![CDATA[http://wqq.xyj0772.com/app/index.php?i=2&j=2&c=entry&rid=20&do=photosvoteview&m=fm_photosvote&from=click]]></EventKey>
<MenuId>408121384</MenuId>
</xml>

2016-06-01 12:43:33 params :
------------
Array:
rule : -2 ;
module :  ;
message : Array ;

2016-06-01 12:43:33 response :
------------

2016-06-01 12:51:08 trace :
------------
String:
<xml><ToUserName><![CDATA[gh_371dfdf2ba7a]]></ToUserName>
<FromUserName><![CDATA[oe632wI_happjwhT1Ghma68YN4f8]]></FromUserName>
<CreateTime>1464756641</CreateTime>
<MsgType><![CDATA[event]]></MsgType>
<Event><![CDATA[VIEW]]></Event>
<EventKey><![CDATA[http://wqq.xyj0772.com/app/index.php?i=2&j=2&c=entry&rid=20&do=photosvoteview&m=fm_photosvote&from=click]]></EventKey>
<MenuId>408121384</MenuId>
</xml>

2016-06-01 12:51:08 params :
------------
Array:
rule : -2 ;
module :  ;
message : Array ;

2016-06-01 12:51:08 response :
------------

