2016-05-06 01:13:46 trace :
------------
String:
<xml><ToUserName><![CDATA[gh_d5c808a7666e]]></ToUserName>
<FromUserName><![CDATA[om_6jt2FfkYhCRXI5lkiGXCrzaBM]]></FromUserName>
<CreateTime>1462468427</CreateTime>
<MsgType><![CDATA[event]]></MsgType>
<Event><![CDATA[LOCATION]]></Event>
<Latitude>24.283571</Latitude>
<Longitude>109.378479</Longitude>
<Precision>40.000000</Precision>
</xml>

2016-05-06 01:13:46 params :
------------
Array:
message : Array ;
module : default ;
rule : -1 ;

2016-05-06 01:13:46 response :
------------
Array:
errno : -1 ;
message : Invaild value ;

2016-05-06 01:13:48 trace :
------------
String:
<xml><ToUserName><![CDATA[gh_d5c808a7666e]]></ToUserName>
<FromUserName><![CDATA[om_6jt2FfkYhCRXI5lkiGXCrzaBM]]></FromUserName>
<CreateTime>1462468429</CreateTime>
<MsgType><![CDATA[event]]></MsgType>
<Event><![CDATA[VIEW]]></Event>
<EventKey><![CDATA[http://wqq.xyj0772.com/app/index.php?i=2&c=entry&eid=512]]></EventKey>
<MenuId>404094999</MenuId>
</xml>

2016-05-06 01:13:48 params :
------------
Array:
rule : -2 ;
module :  ;
message : Array ;

2016-05-06 01:13:48 response :
------------

2016-05-06 01:14:15 trace :
------------
String:
<xml><ToUserName><![CDATA[gh_d5c808a7666e]]></ToUserName>
<FromUserName><![CDATA[om_6jt2FfkYhCRXI5lkiGXCrzaBM]]></FromUserName>
<CreateTime>1462468456</CreateTime>
<MsgType><![CDATA[event]]></MsgType>
<Event><![CDATA[LOCATION]]></Event>
<Latitude>24.283571</Latitude>
<Longitude>109.378479</Longitude>
<Precision>40.000000</Precision>
</xml>

2016-05-06 01:14:15 params :
------------
Array:
message : Array ;
module : default ;
rule : -1 ;

2016-05-06 01:14:15 response :
------------
Array:
errno : -1 ;
message : Invaild value ;

2016-05-06 01:14:21 trace :
------------
String:
<xml><ToUserName><![CDATA[gh_d5c808a7666e]]></ToUserName>
<FromUserName><![CDATA[om_6jt2FfkYhCRXI5lkiGXCrzaBM]]></FromUserName>
<CreateTime>1462468463</CreateTime>
<MsgType><![CDATA[event]]></MsgType>
<Event><![CDATA[unsubscribe]]></Event>
<EventKey><![CDATA[]]></EventKey>
</xml>

