2016-10-10 09:40:12 trace :
------------
String:
<xml><ToUserName><![CDATA[gh_d5c808a7666e]]></ToUserName>
<FromUserName><![CDATA[om_6jt2t8oMVjEvsS2-SQA9Ymlq8]]></FromUserName>
<CreateTime>1476063612</CreateTime>
<MsgType><![CDATA[event]]></MsgType>
<Event><![CDATA[LOCATION]]></Event>
<Latitude>23.725279</Latitude>
<Longitude>109.233315</Longitude>
<Precision>90.000000</Precision>
</xml>

2016-10-10 09:40:12 params :
------------
Array:
message : Array ;
module : default ;
rule : -1 ;

2016-10-10 09:40:12 response :
------------
Array:
errno : -1 ;
message : Invaild value ;

2016-10-10 09:40:20 trace :
------------
String:
<xml><ToUserName><![CDATA[gh_d5c808a7666e]]></ToUserName>
<FromUserName><![CDATA[om_6jt2t8oMVjEvsS2-SQA9Ymlq8]]></FromUserName>
<CreateTime>1476063620</CreateTime>
<MsgType><![CDATA[event]]></MsgType>
<Event><![CDATA[unsubscribe]]></Event>
<EventKey><![CDATA[]]></EventKey>
</xml>

