2016-07-08 11:29:14 trace :
------------
String:
<xml><ToUserName><![CDATA[toUser]]></ToUserName><FromUserName><![CDATA[fromUser]]></FromUserName><CreateTime>1467948543</CreateTime><MsgType><![CDATA[text]]></MsgType><Content><![CDATA[测试内容]]></Content><MsgId>1234567890123456</MsgId></xml>

2016-07-08 11:29:14 params :
------------
Array:
rule : -2 ;
module :  ;
message : Array ;

2016-07-08 11:29:14 response :
------------

2016-07-08 14:28:25 trace :
------------
String:
<xml><ToUserName><![CDATA[gh_a4f9178c9538]]></ToUserName>
<FromUserName><![CDATA[oPAtQt2d8Dcn8qR_gvUwYaVvpfeg]]></FromUserName>
<CreateTime>1467959305</CreateTime>
<MsgType><![CDATA[event]]></MsgType>
<Event><![CDATA[subscribe]]></Event>
<EventKey><![CDATA[]]></EventKey>
</xml>

2016-07-08 14:28:25 params :
------------
Array:
rule : -2 ;
module :  ;
message : Array ;

2016-07-08 14:28:25 response :
------------

2016-07-08 14:28:34 trace :
------------
String:
<xml><ToUserName><![CDATA[gh_a4f9178c9538]]></ToUserName>
<FromUserName><![CDATA[oPAtQt2d8Dcn8qR_gvUwYaVvpfeg]]></FromUserName>
<CreateTime>1467959314</CreateTime>
<MsgType><![CDATA[event]]></MsgType>
<Event><![CDATA[CLICK]]></Event>
<EventKey><![CDATA[订餐]]></EventKey>
</xml>

2016-07-08 14:28:34 params :
------------
Array:
message : Array ;
module : cover ;
rule : 9 ;
priority : 0 ;
keyword : Array ;

2016-07-08 14:28:34 response :
------------
Array:
FromUserName : gh_a4f9178c9538 ;
ToUserName : oPAtQt2d8Dcn8qR_gvUwYaVvpfeg ;
MsgType : news ;
ArticleCount : 1 ;
Articles : Array ;

2016-07-08 14:29:50 trace :
------------
String:
<xml><ToUserName><![CDATA[gh_a4f9178c9538]]></ToUserName>
<FromUserName><![CDATA[oPAtQt2d8Dcn8qR_gvUwYaVvpfeg]]></FromUserName>
<CreateTime>1467959390</CreateTime>
<MsgType><![CDATA[event]]></MsgType>
<Event><![CDATA[CLICK]]></Event>
<EventKey><![CDATA[订餐]]></EventKey>
</xml>

2016-07-08 14:29:50 params :
------------
Array:
message : Array ;
module : cover ;
rule : 9 ;
priority : 0 ;
keyword : Array ;

2016-07-08 14:29:50 response :
------------
Array:
FromUserName : gh_a4f9178c9538 ;
ToUserName : oPAtQt2d8Dcn8qR_gvUwYaVvpfeg ;
MsgType : news ;
ArticleCount : 1 ;
Articles : Array ;

2016-07-08 14:30:01 trace :
------------
String:
<xml><ToUserName><![CDATA[gh_a4f9178c9538]]></ToUserName>
<FromUserName><![CDATA[oPAtQt2d8Dcn8qR_gvUwYaVvpfeg]]></FromUserName>
<CreateTime>1467959401</CreateTime>
<MsgType><![CDATA[event]]></MsgType>
<Event><![CDATA[CLICK]]></Event>
<EventKey><![CDATA[订餐]]></EventKey>
</xml>

2016-07-08 14:30:01 params :
------------
Array:
message : Array ;
module : cover ;
rule : 9 ;
priority : 0 ;
keyword : Array ;

2016-07-08 14:30:01 response :
------------
Array:
FromUserName : gh_a4f9178c9538 ;
ToUserName : oPAtQt2d8Dcn8qR_gvUwYaVvpfeg ;
MsgType : news ;
ArticleCount : 1 ;
Articles : Array ;

2016-07-08 14:30:42 trace :
------------
String:
<xml><ToUserName><![CDATA[gh_a4f9178c9538]]></ToUserName>
<FromUserName><![CDATA[oPAtQt2d8Dcn8qR_gvUwYaVvpfeg]]></FromUserName>
<CreateTime>1467959442</CreateTime>
<MsgType><![CDATA[event]]></MsgType>
<Event><![CDATA[CLICK]]></Event>
<EventKey><![CDATA[点餐]]></EventKey>
</xml>

2016-07-08 14:30:42 params :
------------
Array:
rule : -2 ;
module :  ;
message : Array ;

2016-07-08 14:30:42 response :
------------

2016-07-08 14:30:53 trace :
------------
String:
<xml><ToUserName><![CDATA[gh_a4f9178c9538]]></ToUserName>
<FromUserName><![CDATA[oPAtQt2d8Dcn8qR_gvUwYaVvpfeg]]></FromUserName>
<CreateTime>1467959453</CreateTime>
<MsgType><![CDATA[event]]></MsgType>
<Event><![CDATA[CLICK]]></Event>
<EventKey><![CDATA[点餐]]></EventKey>
</xml>

2016-07-08 14:30:53 params :
------------
Array:
rule : -2 ;
module :  ;
message : Array ;

2016-07-08 14:30:53 response :
------------

2016-07-08 14:30:59 trace :
------------
String:
<xml><ToUserName><![CDATA[gh_a4f9178c9538]]></ToUserName>
<FromUserName><![CDATA[oPAtQt2d8Dcn8qR_gvUwYaVvpfeg]]></FromUserName>
<CreateTime>1467959459</CreateTime>
<MsgType><![CDATA[event]]></MsgType>
<Event><![CDATA[CLICK]]></Event>
<EventKey><![CDATA[订餐]]></EventKey>
</xml>

2016-07-08 14:30:59 params :
------------
Array:
message : Array ;
module : cover ;
rule : 9 ;
priority : 0 ;
keyword : Array ;

2016-07-08 14:30:59 response :
------------
Array:
FromUserName : gh_a4f9178c9538 ;
ToUserName : oPAtQt2d8Dcn8qR_gvUwYaVvpfeg ;
MsgType : news ;
ArticleCount : 1 ;
Articles : Array ;

2016-07-08 14:32:52 trace :
------------
String:
<xml><ToUserName><![CDATA[gh_a4f9178c9538]]></ToUserName>
<FromUserName><![CDATA[oPAtQt2d8Dcn8qR_gvUwYaVvpfeg]]></FromUserName>
<CreateTime>1467959572</CreateTime>
<MsgType><![CDATA[event]]></MsgType>
<Event><![CDATA[CLICK]]></Event>
<EventKey><![CDATA[订餐]]></EventKey>
</xml>

2016-07-08 14:32:52 params :
------------
Array:
message : Array ;
module : cover ;
rule : 9 ;
priority : 0 ;
keyword : Array ;

2016-07-08 14:32:52 response :
------------
Array:
FromUserName : gh_a4f9178c9538 ;
ToUserName : oPAtQt2d8Dcn8qR_gvUwYaVvpfeg ;
MsgType : news ;
ArticleCount : 1 ;
Articles : Array ;

2016-07-08 14:35:36 trace :
------------
String:
<xml><ToUserName><![CDATA[gh_a4f9178c9538]]></ToUserName>
<FromUserName><![CDATA[oPAtQt2d8Dcn8qR_gvUwYaVvpfeg]]></FromUserName>
<CreateTime>1467959736</CreateTime>
<MsgType><![CDATA[event]]></MsgType>
<Event><![CDATA[CLICK]]></Event>
<EventKey><![CDATA[订餐]]></EventKey>
</xml>

2016-07-08 14:35:36 params :
------------
Array:
message : Array ;
module : cover ;
rule : 9 ;
priority : 0 ;
keyword : Array ;

2016-07-08 14:35:36 response :
------------
Array:
FromUserName : gh_a4f9178c9538 ;
ToUserName : oPAtQt2d8Dcn8qR_gvUwYaVvpfeg ;
MsgType : news ;
ArticleCount : 1 ;
Articles : Array ;

2016-07-08 15:34:31 trace :
------------
String:
<xml><ToUserName><![CDATA[gh_a4f9178c9538]]></ToUserName>
<FromUserName><![CDATA[oPAtQt2d8Dcn8qR_gvUwYaVvpfeg]]></FromUserName>
<CreateTime>1467963271</CreateTime>
<MsgType><![CDATA[event]]></MsgType>
<Event><![CDATA[CLICK]]></Event>
<EventKey><![CDATA[订餐]]></EventKey>
</xml>

2016-07-08 15:34:31 params :
------------
Array:
message : Array ;
module : cover ;
rule : 9 ;
priority : 0 ;
keyword : Array ;

2016-07-08 15:34:31 response :
------------
Array:
FromUserName : gh_a4f9178c9538 ;
ToUserName : oPAtQt2d8Dcn8qR_gvUwYaVvpfeg ;
MsgType : news ;
ArticleCount : 1 ;
Articles : Array ;

2016-07-08 15:40:44 trace :
------------
String:
<xml><ToUserName><![CDATA[gh_a4f9178c9538]]></ToUserName>
<FromUserName><![CDATA[oPAtQt2d8Dcn8qR_gvUwYaVvpfeg]]></FromUserName>
<CreateTime>1467963644</CreateTime>
<MsgType><![CDATA[event]]></MsgType>
<Event><![CDATA[CLICK]]></Event>
<EventKey><![CDATA[订餐]]></EventKey>
</xml>

2016-07-08 15:40:44 params :
------------
Array:
message : Array ;
module : cover ;
rule : 9 ;
priority : 0 ;
keyword : Array ;

2016-07-08 15:40:44 response :
------------
Array:
FromUserName : gh_a4f9178c9538 ;
ToUserName : oPAtQt2d8Dcn8qR_gvUwYaVvpfeg ;
MsgType : news ;
ArticleCount : 1 ;
Articles : Array ;

2016-07-08 17:01:12 trace :
------------
String:
<xml><ToUserName><![CDATA[gh_a4f9178c9538]]></ToUserName>
<FromUserName><![CDATA[oPAtQt2d8Dcn8qR_gvUwYaVvpfeg]]></FromUserName>
<CreateTime>1467968472</CreateTime>
<MsgType><![CDATA[event]]></MsgType>
<Event><![CDATA[CLICK]]></Event>
<EventKey><![CDATA[订餐]]></EventKey>
</xml>

2016-07-08 17:01:12 params :
------------
Array:
message : Array ;
module : cover ;
rule : 9 ;
priority : 0 ;
keyword : Array ;

2016-07-08 17:01:12 response :
------------
Array:
FromUserName : gh_a4f9178c9538 ;
ToUserName : oPAtQt2d8Dcn8qR_gvUwYaVvpfeg ;
MsgType : news ;
ArticleCount : 1 ;
Articles : Array ;

2016-07-08 18:00:38 trace :
------------
String:
<xml><ToUserName><![CDATA[gh_a4f9178c9538]]></ToUserName>
<FromUserName><![CDATA[oPAtQtwN8I22P_TieMHB1LZwncBo]]></FromUserName>
<CreateTime>1467972038</CreateTime>
<MsgType><![CDATA[event]]></MsgType>
<Event><![CDATA[CLICK]]></Event>
<EventKey><![CDATA[订餐]]></EventKey>
</xml>

2016-07-08 18:00:38 params :
------------
Array:
message : Array ;
module : cover ;
rule : 9 ;
priority : 0 ;
keyword : Array ;

2016-07-08 18:00:38 response :
------------
Array:
FromUserName : gh_a4f9178c9538 ;
ToUserName : oPAtQtwN8I22P_TieMHB1LZwncBo ;
MsgType : news ;
ArticleCount : 1 ;
Articles : Array ;

2016-07-08 18:00:59 trace :
------------
String:
<xml><ToUserName><![CDATA[gh_a4f9178c9538]]></ToUserName>
<FromUserName><![CDATA[oPAtQt50c3-19tblOodcgeTEK0pI]]></FromUserName>
<CreateTime>1467972059</CreateTime>
<MsgType><![CDATA[event]]></MsgType>
<Event><![CDATA[LOCATION]]></Event>
<Latitude>24.307556</Latitude>
<Longitude>109.403152</Longitude>
<Precision>65.000000</Precision>
</xml>

2016-07-08 18:00:59 params :
------------
Array:
message : Array ;
module : default ;
rule : -1 ;

2016-07-08 18:00:59 response :
------------
Array:
errno : -1 ;
message : Invaild value ;

2016-07-08 18:01:01 trace :
------------
String:
<xml><ToUserName><![CDATA[gh_a4f9178c9538]]></ToUserName>
<FromUserName><![CDATA[oPAtQt50c3-19tblOodcgeTEK0pI]]></FromUserName>
<CreateTime>1467972060</CreateTime>
<MsgType><![CDATA[event]]></MsgType>
<Event><![CDATA[CLICK]]></Event>
<EventKey><![CDATA[订餐]]></EventKey>
</xml>

2016-07-08 18:01:01 params :
------------
Array:
message : Array ;
module : cover ;
rule : 9 ;
priority : 0 ;
keyword : Array ;

2016-07-08 18:01:01 response :
------------
Array:
FromUserName : gh_a4f9178c9538 ;
ToUserName : oPAtQt50c3-19tblOodcgeTEK0pI ;
MsgType : news ;
ArticleCount : 1 ;
Articles : Array ;

2016-07-08 18:01:21 trace :
------------
String:
<xml><ToUserName><![CDATA[gh_a4f9178c9538]]></ToUserName>
<FromUserName><![CDATA[oPAtQt3VofedQwDLU-G0wGcfEgpE]]></FromUserName>
<CreateTime>1467972081</CreateTime>
<MsgType><![CDATA[event]]></MsgType>
<Event><![CDATA[subscribe]]></Event>
<EventKey><![CDATA[]]></EventKey>
</xml>

2016-07-08 18:01:21 params :
------------
Array:
rule : -2 ;
module :  ;
message : Array ;

2016-07-08 18:01:21 response :
------------

2016-07-08 18:01:32 trace :
------------
String:
<xml><ToUserName><![CDATA[gh_a4f9178c9538]]></ToUserName>
<FromUserName><![CDATA[oPAtQt3VofedQwDLU-G0wGcfEgpE]]></FromUserName>
<CreateTime>1467972092</CreateTime>
<MsgType><![CDATA[event]]></MsgType>
<Event><![CDATA[CLICK]]></Event>
<EventKey><![CDATA[订餐]]></EventKey>
</xml>

2016-07-08 18:01:32 params :
------------
Array:
message : Array ;
module : cover ;
rule : 9 ;
priority : 0 ;
keyword : Array ;

2016-07-08 18:01:32 response :
------------
Array:
FromUserName : gh_a4f9178c9538 ;
ToUserName : oPAtQt3VofedQwDLU-G0wGcfEgpE ;
MsgType : news ;
ArticleCount : 1 ;
Articles : Array ;

2016-07-08 18:02:44 trace :
------------
String:
<xml><ToUserName><![CDATA[gh_a4f9178c9538]]></ToUserName>
<FromUserName><![CDATA[oPAtQt50c3-19tblOodcgeTEK0pI]]></FromUserName>
<CreateTime>1467972164</CreateTime>
<MsgType><![CDATA[event]]></MsgType>
<Event><![CDATA[CLICK]]></Event>
<EventKey><![CDATA[订餐]]></EventKey>
</xml>

2016-07-08 18:02:44 params :
------------
Array:
message : Array ;
module : cover ;
rule : 9 ;
priority : 0 ;
keyword : Array ;

2016-07-08 18:02:44 response :
------------
Array:
FromUserName : gh_a4f9178c9538 ;
ToUserName : oPAtQt50c3-19tblOodcgeTEK0pI ;
MsgType : news ;
ArticleCount : 1 ;
Articles : Array ;

2016-07-08 18:15:21 trace :
------------
String:
<xml><ToUserName><![CDATA[gh_a4f9178c9538]]></ToUserName>
<FromUserName><![CDATA[oPAtQtxGBk67rTluxEdSudrSejAA]]></FromUserName>
<CreateTime>1467972921</CreateTime>
<MsgType><![CDATA[event]]></MsgType>
<Event><![CDATA[subscribe]]></Event>
<EventKey><![CDATA[]]></EventKey>
</xml>

2016-07-08 18:15:21 params :
------------
Array:
rule : -2 ;
module :  ;
message : Array ;

2016-07-08 18:15:21 response :
------------

2016-07-08 18:15:27 trace :
------------
String:
<xml><ToUserName><![CDATA[gh_a4f9178c9538]]></ToUserName>
<FromUserName><![CDATA[oPAtQtxGBk67rTluxEdSudrSejAA]]></FromUserName>
<CreateTime>1467972927</CreateTime>
<MsgType><![CDATA[event]]></MsgType>
<Event><![CDATA[CLICK]]></Event>
<EventKey><![CDATA[订餐]]></EventKey>
</xml>

2016-07-08 18:15:27 params :
------------
Array:
message : Array ;
module : cover ;
rule : 9 ;
priority : 0 ;
keyword : Array ;

2016-07-08 18:15:27 response :
------------
Array:
FromUserName : gh_a4f9178c9538 ;
ToUserName : oPAtQtxGBk67rTluxEdSudrSejAA ;
MsgType : news ;
ArticleCount : 1 ;
Articles : Array ;

2016-07-08 18:18:47 trace :
------------
String:
<xml><ToUserName><![CDATA[gh_a4f9178c9538]]></ToUserName>
<FromUserName><![CDATA[oPAtQtxGBk67rTluxEdSudrSejAA]]></FromUserName>
<CreateTime>1467973127</CreateTime>
<MsgType><![CDATA[event]]></MsgType>
<Event><![CDATA[CLICK]]></Event>
<EventKey><![CDATA[订餐]]></EventKey>
</xml>

2016-07-08 18:18:47 params :
------------
Array:
message : Array ;
module : cover ;
rule : 9 ;
priority : 0 ;
keyword : Array ;

2016-07-08 18:18:47 response :
------------
Array:
FromUserName : gh_a4f9178c9538 ;
ToUserName : oPAtQtxGBk67rTluxEdSudrSejAA ;
MsgType : news ;
ArticleCount : 1 ;
Articles : Array ;

2016-07-08 18:18:48 trace :
------------
String:
<xml><ToUserName><![CDATA[gh_a4f9178c9538]]></ToUserName>
<FromUserName><![CDATA[oPAtQtxGBk67rTluxEdSudrSejAA]]></FromUserName>
<CreateTime>1467973128</CreateTime>
<MsgType><![CDATA[event]]></MsgType>
<Event><![CDATA[CLICK]]></Event>
<EventKey><![CDATA[订餐]]></EventKey>
</xml>

2016-07-08 18:18:48 params :
------------
Array:
message : Array ;
module : cover ;
rule : 9 ;
priority : 0 ;
keyword : Array ;

2016-07-08 18:18:48 response :
------------
Array:
FromUserName : gh_a4f9178c9538 ;
ToUserName : oPAtQtxGBk67rTluxEdSudrSejAA ;
MsgType : news ;
ArticleCount : 1 ;
Articles : Array ;

2016-07-08 18:19:46 trace :
------------
String:
<xml><ToUserName><![CDATA[gh_a4f9178c9538]]></ToUserName>
<FromUserName><![CDATA[oPAtQtxGBk67rTluxEdSudrSejAA]]></FromUserName>
<CreateTime>1467973186</CreateTime>
<MsgType><![CDATA[event]]></MsgType>
<Event><![CDATA[CLICK]]></Event>
<EventKey><![CDATA[点餐]]></EventKey>
</xml>

2016-07-08 18:19:46 params :
------------
Array:
rule : -2 ;
module :  ;
message : Array ;

2016-07-08 18:19:46 response :
------------

