2016-10-28 10:42:54 trace :
------------
String:
<xml><ToUserName><![CDATA[gh_d5c808a7666e]]></ToUserName>
<FromUserName><![CDATA[om_6jt0ZdsS0OlLSpfO0DVzyqMGU]]></FromUserName>
<CreateTime>1477622574</CreateTime>
<MsgType><![CDATA[event]]></MsgType>
<Event><![CDATA[VIEW]]></Event>
<EventKey><![CDATA[http://shanghai.xyj0772.com/app/index.php?i=1&c=entry&do=orderlist&m=weisrc_dish]]></EventKey>
<MenuId>405817572</MenuId>
</xml>

2016-10-28 10:42:54 params :
------------
Array:
rule : -2 ;
module :  ;
message : Array ;

2016-10-28 10:42:54 response :
------------

2016-10-28 14:55:00 trace :
------------
String:
<xml><ToUserName><![CDATA[gh_d5c808a7666e]]></ToUserName>
<FromUserName><![CDATA[om_6jt0ZdsS0OlLSpfO0DVzyqMGU]]></FromUserName>
<CreateTime>1477637699</CreateTime>
<MsgType><![CDATA[event]]></MsgType>
<Event><![CDATA[VIEW]]></Event>
<EventKey><![CDATA[http://shanghai.xyj0772.com/app/index.php?i=1&c=entry&do=waprestList&m=weisrc_dish]]></EventKey>
<MenuId>405817572</MenuId>
</xml>

2016-10-28 14:55:00 params :
------------
Array:
rule : -2 ;
module :  ;
message : Array ;

2016-10-28 14:55:00 response :
------------

2016-10-28 14:59:05 trace :
------------
String:
<xml><ToUserName><![CDATA[gh_d5c808a7666e]]></ToUserName>
<FromUserName><![CDATA[om_6jt0ZdsS0OlLSpfO0DVzyqMGU]]></FromUserName>
<CreateTime>1477637944</CreateTime>
<MsgType><![CDATA[event]]></MsgType>
<Event><![CDATA[VIEW]]></Event>
<EventKey><![CDATA[http://shanghai.xyj0772.com/app/index.php?i=1&c=entry&eid=110]]></EventKey>
<MenuId>405817572</MenuId>
</xml>

2016-10-28 14:59:05 params :
------------
Array:
rule : -2 ;
module :  ;
message : Array ;

2016-10-28 14:59:05 response :
------------

2016-10-28 19:34:56 trace :
------------
String:
<xml><ToUserName><![CDATA[gh_d5c808a7666e]]></ToUserName>
<FromUserName><![CDATA[om_6jt-Hkh8bSpaH_yPa7F1L_1s8]]></FromUserName>
<CreateTime>1477654496</CreateTime>
<MsgType><![CDATA[event]]></MsgType>
<Event><![CDATA[subscribe]]></Event>
<EventKey><![CDATA[]]></EventKey>
</xml>

2016-10-28 19:34:56 params :
------------
Array:
rule : -2 ;
module :  ;
message : Array ;

2016-10-28 19:34:56 response :
------------

2016-10-28 19:35:00 trace :
------------
String:
<xml><ToUserName><![CDATA[gh_d5c808a7666e]]></ToUserName>
<FromUserName><![CDATA[om_6jt-Hkh8bSpaH_yPa7F1L_1s8]]></FromUserName>
<CreateTime>1477654499</CreateTime>
<MsgType><![CDATA[event]]></MsgType>
<Event><![CDATA[LOCATION]]></Event>
<Latitude>24.295887</Latitude>
<Longitude>109.416000</Longitude>
<Precision>65.000000</Precision>
</xml>

2016-10-28 19:35:00 params :
------------
Array:
message : Array ;
module : default ;
rule : -1 ;

2016-10-28 19:35:00 response :
------------
Array:
errno : -1 ;
message : Invaild value ;

2016-10-28 19:35:06 trace :
------------
String:
<xml><ToUserName><![CDATA[gh_d5c808a7666e]]></ToUserName>
<FromUserName><![CDATA[om_6jt-Hkh8bSpaH_yPa7F1L_1s8]]></FromUserName>
<CreateTime>1477654506</CreateTime>
<MsgType><![CDATA[event]]></MsgType>
<Event><![CDATA[VIEW]]></Event>
<EventKey><![CDATA[http://shanghai.xyj0772.com/app/index.php?i=1&c=entry&eid=110]]></EventKey>
<MenuId>405817572</MenuId>
</xml>

2016-10-28 19:35:06 params :
------------
Array:
rule : -2 ;
module :  ;
message : Array ;

2016-10-28 19:35:06 response :
------------

2016-10-28 19:35:24 trace :
------------
String:
<xml><ToUserName><![CDATA[gh_d5c808a7666e]]></ToUserName>
<FromUserName><![CDATA[om_6jt-Hkh8bSpaH_yPa7F1L_1s8]]></FromUserName>
<CreateTime>1477654524</CreateTime>
<MsgType><![CDATA[event]]></MsgType>
<Event><![CDATA[LOCATION]]></Event>
<Latitude>24.295797</Latitude>
<Longitude>109.415932</Longitude>
<Precision>65.000000</Precision>
</xml>

2016-10-28 19:35:24 params :
------------
Array:
message : Array ;
module : default ;
rule : -1 ;

2016-10-28 19:35:24 response :
------------
Array:
errno : -1 ;
message : Invaild value ;

