2016-09-24 10:59:05 trace :
------------
String:
<xml><ToUserName><![CDATA[gh_d5c808a7666e]]></ToUserName>
<FromUserName><![CDATA[om_6jt_it_Zd46ZUoVYxdt9n_fSM]]></FromUserName>
<CreateTime>1474685945</CreateTime>
<MsgType><![CDATA[event]]></MsgType>
<Event><![CDATA[VIEW]]></Event>
<EventKey><![CDATA[http://shanghai.xyj0772.com/app/index.php?i=1&c=entry&do=orderlist&m=weisrc_dish]]></EventKey>
<MenuId>405795979</MenuId>
</xml>

2016-09-24 10:59:05 params :
------------
Array:
rule : -2 ;
module :  ;
message : Array ;

2016-09-24 10:59:05 response :
------------

2016-09-24 10:59:06 trace :
------------
String:
<xml><ToUserName><![CDATA[gh_d5c808a7666e]]></ToUserName>
<FromUserName><![CDATA[om_6jt_it_Zd46ZUoVYxdt9n_fSM]]></FromUserName>
<CreateTime>1474685946</CreateTime>
<MsgType><![CDATA[event]]></MsgType>
<Event><![CDATA[VIEW]]></Event>
<EventKey><![CDATA[http://shanghai.xyj0772.com/app/index.php?i=1&c=entry&do=orderlist&m=weisrc_dish]]></EventKey>
<MenuId>405795979</MenuId>
</xml>

2016-09-24 10:59:06 params :
------------
Array:
rule : -2 ;
module :  ;
message : Array ;

2016-09-24 10:59:06 response :
------------

2016-09-24 10:59:32 trace :
------------
String:
<xml><ToUserName><![CDATA[gh_d5c808a7666e]]></ToUserName>
<FromUserName><![CDATA[om_6jt0ZdsS0OlLSpfO0DVzyqMGU]]></FromUserName>
<CreateTime>1474685972</CreateTime>
<MsgType><![CDATA[event]]></MsgType>
<Event><![CDATA[VIEW]]></Event>
<EventKey><![CDATA[http://shanghai.xyj0772.com/app/index.php?i=1&c=entry&do=orderlist&m=weisrc_dish]]></EventKey>
<MenuId>405795979</MenuId>
</xml>

2016-09-24 10:59:32 params :
------------
Array:
rule : -2 ;
module :  ;
message : Array ;

2016-09-24 10:59:32 response :
------------

2016-09-24 11:02:06 trace :
------------
String:
<xml><ToUserName><![CDATA[gh_d5c808a7666e]]></ToUserName>
<FromUserName><![CDATA[om_6jt_it_Zd46ZUoVYxdt9n_fSM]]></FromUserName>
<CreateTime>1474686126</CreateTime>
<MsgType><![CDATA[event]]></MsgType>
<Event><![CDATA[VIEW]]></Event>
<EventKey><![CDATA[http://shanghai.xyj0772.com/app/index.php?i=1&c=entry&do=orderlist&m=weisrc_dish]]></EventKey>
<MenuId>405795979</MenuId>
</xml>

2016-09-24 11:02:06 params :
------------
Array:
rule : -2 ;
module :  ;
message : Array ;

2016-09-24 11:02:06 response :
------------

2016-09-24 12:04:25 trace :
------------
String:
<xml><ToUserName><![CDATA[gh_d5c808a7666e]]></ToUserName>
<FromUserName><![CDATA[om_6jt_it_Zd46ZUoVYxdt9n_fSM]]></FromUserName>
<CreateTime>1474689865</CreateTime>
<MsgType><![CDATA[event]]></MsgType>
<Event><![CDATA[VIEW]]></Event>
<EventKey><![CDATA[http://shanghai.xyj0772.com/app/index.php?i=1&c=entry&do=orderlist&m=weisrc_dish]]></EventKey>
<MenuId>405795979</MenuId>
</xml>

2016-09-24 12:04:25 params :
------------
Array:
rule : -2 ;
module :  ;
message : Array ;

2016-09-24 12:04:25 response :
------------

2016-09-24 12:05:12 trace :
------------
String:
<xml><ToUserName><![CDATA[gh_d5c808a7666e]]></ToUserName>
<FromUserName><![CDATA[om_6jt_it_Zd46ZUoVYxdt9n_fSM]]></FromUserName>
<CreateTime>1474689912</CreateTime>
<MsgType><![CDATA[event]]></MsgType>
<Event><![CDATA[VIEW]]></Event>
<EventKey><![CDATA[http://shanghai.xyj0772.com/app/index.php?i=1&c=entry&do=orderlist&m=weisrc_dish]]></EventKey>
<MenuId>405795979</MenuId>
</xml>

2016-09-24 12:05:12 params :
------------
Array:
rule : -2 ;
module :  ;
message : Array ;

2016-09-24 12:05:12 response :
------------

2016-09-24 12:09:18 trace :
------------
String:
<xml><ToUserName><![CDATA[gh_d5c808a7666e]]></ToUserName>
<FromUserName><![CDATA[om_6jt_it_Zd46ZUoVYxdt9n_fSM]]></FromUserName>
<CreateTime>1474690158</CreateTime>
<MsgType><![CDATA[event]]></MsgType>
<Event><![CDATA[VIEW]]></Event>
<EventKey><![CDATA[http://shanghai.xyj0772.com/app/index.php?i=1&c=entry&do=orderlist&m=weisrc_dish]]></EventKey>
<MenuId>405795979</MenuId>
</xml>

2016-09-24 12:09:18 params :
------------
Array:
rule : -2 ;
module :  ;
message : Array ;

2016-09-24 12:09:18 response :
------------

2016-09-24 12:09:39 trace :
------------
String:
<xml><ToUserName><![CDATA[gh_d5c808a7666e]]></ToUserName>
<FromUserName><![CDATA[om_6jt_it_Zd46ZUoVYxdt9n_fSM]]></FromUserName>
<CreateTime>1474690179</CreateTime>
<MsgType><![CDATA[event]]></MsgType>
<Event><![CDATA[VIEW]]></Event>
<EventKey><![CDATA[http://shanghai.xyj0772.com/app/index.php?i=1&c=entry&do=orderlist&m=weisrc_dish]]></EventKey>
<MenuId>405795979</MenuId>
</xml>

2016-09-24 12:09:39 params :
------------
Array:
rule : -2 ;
module :  ;
message : Array ;

2016-09-24 12:09:39 response :
------------

2016-09-24 12:16:25 trace :
------------
String:
<xml><ToUserName><![CDATA[gh_d5c808a7666e]]></ToUserName>
<FromUserName><![CDATA[om_6jt_it_Zd46ZUoVYxdt9n_fSM]]></FromUserName>
<CreateTime>1474690585</CreateTime>
<MsgType><![CDATA[event]]></MsgType>
<Event><![CDATA[VIEW]]></Event>
<EventKey><![CDATA[http://shanghai.xyj0772.com/app/index.php?i=1&c=entry&do=orderlist&m=weisrc_dish]]></EventKey>
<MenuId>405795979</MenuId>
</xml>

2016-09-24 12:16:25 params :
------------
Array:
rule : -2 ;
module :  ;
message : Array ;

2016-09-24 12:16:25 response :
------------

