2016-08-06 08:51:59 trace :
------------
String:
<xml><ToUserName><![CDATA[gh_d5c808a7666e]]></ToUserName>
<FromUserName><![CDATA[om_6jt6HpXlZgqW97ZILmnmhAcN0]]></FromUserName>
<CreateTime>1470444719</CreateTime>
<MsgType><![CDATA[event]]></MsgType>
<Event><![CDATA[subscribe]]></Event>
<EventKey><![CDATA[]]></EventKey>
</xml>

2016-08-06 08:51:59 params :
------------
Array:
rule : -2 ;
module :  ;
message : Array ;

2016-08-06 08:51:59 response :
------------

2016-08-06 08:52:06 trace :
------------
String:
<xml><ToUserName><![CDATA[gh_d5c808a7666e]]></ToUserName>
<FromUserName><![CDATA[om_6jt6HpXlZgqW97ZILmnmhAcN0]]></FromUserName>
<CreateTime>1470444725</CreateTime>
<MsgType><![CDATA[event]]></MsgType>
<Event><![CDATA[LOCATION]]></Event>
<Latitude>24.284262</Latitude>
<Longitude>109.396027</Longitude>
<Precision>150.000000</Precision>
</xml>

2016-08-06 08:52:06 params :
------------
Array:
message : Array ;
module : default ;
rule : -1 ;

2016-08-06 08:52:06 response :
------------
Array:
errno : -1 ;
message : Invaild value ;

2016-08-06 08:52:26 trace :
------------
String:
<xml><ToUserName><![CDATA[gh_d5c808a7666e]]></ToUserName>
<FromUserName><![CDATA[om_6jty47IYfPEcKdPl5yU6wGCTQ]]></FromUserName>
<CreateTime>1470444746</CreateTime>
<MsgType><![CDATA[event]]></MsgType>
<Event><![CDATA[subscribe]]></Event>
<EventKey><![CDATA[]]></EventKey>
</xml>

2016-08-06 08:52:26 params :
------------
Array:
rule : -2 ;
module :  ;
message : Array ;

2016-08-06 08:52:26 response :
------------

2016-08-06 08:52:30 trace :
------------
String:
<xml><ToUserName><![CDATA[gh_d5c808a7666e]]></ToUserName>
<FromUserName><![CDATA[om_6jt6HpXlZgqW97ZILmnmhAcN0]]></FromUserName>
<CreateTime>1470444750</CreateTime>
<MsgType><![CDATA[event]]></MsgType>
<Event><![CDATA[LOCATION]]></Event>
<Latitude>24.284262</Latitude>
<Longitude>109.396027</Longitude>
<Precision>150.000000</Precision>
</xml>

2016-08-06 08:52:30 params :
------------
Array:
message : Array ;
module : default ;
rule : -1 ;

2016-08-06 08:52:30 response :
------------
Array:
errno : -1 ;
message : Invaild value ;

2016-08-06 08:52:31 trace :
------------
String:
<xml><ToUserName><![CDATA[gh_d5c808a7666e]]></ToUserName>
<FromUserName><![CDATA[om_6jty47IYfPEcKdPl5yU6wGCTQ]]></FromUserName>
<CreateTime>1470444751</CreateTime>
<MsgType><![CDATA[event]]></MsgType>
<Event><![CDATA[LOCATION]]></Event>
<Latitude>24.291710</Latitude>
<Longitude>109.411797</Longitude>
<Precision>150.000000</Precision>
</xml>

2016-08-06 08:52:31 params :
------------
Array:
message : Array ;
module : default ;
rule : -1 ;

2016-08-06 08:52:31 response :
------------
Array:
errno : -1 ;
message : Invaild value ;

2016-08-06 08:52:38 trace :
------------
String:
<xml><ToUserName><![CDATA[gh_d5c808a7666e]]></ToUserName>
<FromUserName><![CDATA[om_6jty47IYfPEcKdPl5yU6wGCTQ]]></FromUserName>
<CreateTime>1470444758</CreateTime>
<MsgType><![CDATA[event]]></MsgType>
<Event><![CDATA[LOCATION]]></Event>
<Latitude>24.291710</Latitude>
<Longitude>109.411797</Longitude>
<Precision>150.000000</Precision>
</xml>

2016-08-06 08:52:38 params :
------------
Array:
message : Array ;
module : default ;
rule : -1 ;

2016-08-06 08:52:38 response :
------------
Array:
errno : -1 ;
message : Invaild value ;

2016-08-06 08:52:43 trace :
------------
String:
<xml><ToUserName><![CDATA[gh_d5c808a7666e]]></ToUserName>
<FromUserName><![CDATA[om_6jt6HpXlZgqW97ZILmnmhAcN0]]></FromUserName>
<CreateTime>1470444763</CreateTime>
<MsgType><![CDATA[event]]></MsgType>
<Event><![CDATA[LOCATION]]></Event>
<Latitude>24.284349</Latitude>
<Longitude>109.396072</Longitude>
<Precision>150.000000</Precision>
</xml>

2016-08-06 08:52:43 params :
------------
Array:
message : Array ;
module : default ;
rule : -1 ;

2016-08-06 08:52:43 response :
------------
Array:
errno : -1 ;
message : Invaild value ;

2016-08-06 08:52:43 trace :
------------
String:
<xml><ToUserName><![CDATA[gh_d5c808a7666e]]></ToUserName>
<FromUserName><![CDATA[om_6jty47IYfPEcKdPl5yU6wGCTQ]]></FromUserName>
<CreateTime>1470444763</CreateTime>
<MsgType><![CDATA[event]]></MsgType>
<Event><![CDATA[VIEW]]></Event>
<EventKey><![CDATA[https://open.weixin.qq.com/connect/oauth2/authorize?appid=wx5ce7ab396e8db3fe&redirect_uri=http%3A%2F%2Fshanghai.xyj0772.com%2Fapp%2F.%2Findex.php%3Fi%3D1%26c%3Dentry%26do%3Dwaprestlist%26m%3Dweisrc_dish&response_type=code&scope=snsapi_base&state=0#wechat_redirect]]></EventKey>
<MenuId>404308051</MenuId>
</xml>

2016-08-06 08:52:43 params :
------------
Array:
rule : -2 ;
module :  ;
message : Array ;

2016-08-06 08:52:43 response :
------------

2016-08-06 08:53:56 trace :
------------
String:
<xml><ToUserName><![CDATA[gh_d5c808a7666e]]></ToUserName>
<FromUserName><![CDATA[om_6jty47IYfPEcKdPl5yU6wGCTQ]]></FromUserName>
<CreateTime>1470444836</CreateTime>
<MsgType><![CDATA[event]]></MsgType>
<Event><![CDATA[LOCATION]]></Event>
<Latitude>24.291729</Latitude>
<Longitude>109.411774</Longitude>
<Precision>150.000000</Precision>
</xml>

2016-08-06 08:53:56 params :
------------
Array:
message : Array ;
module : default ;
rule : -1 ;

2016-08-06 08:53:56 response :
------------
Array:
errno : -1 ;
message : Invaild value ;

2016-08-06 08:53:59 trace :
------------
String:
<xml><ToUserName><![CDATA[gh_d5c808a7666e]]></ToUserName>
<FromUserName><![CDATA[om_6jty47IYfPEcKdPl5yU6wGCTQ]]></FromUserName>
<CreateTime>1470444838</CreateTime>
<MsgType><![CDATA[event]]></MsgType>
<Event><![CDATA[VIEW]]></Event>
<EventKey><![CDATA[http://shanghai.xyj0772.com/app/index.php?i=1&c=entry&eid=22]]></EventKey>
<MenuId>404308051</MenuId>
</xml>

2016-08-06 08:53:59 params :
------------
Array:
rule : -2 ;
module :  ;
message : Array ;

2016-08-06 08:53:59 response :
------------

2016-08-06 08:54:03 trace :
------------
String:
<xml><ToUserName><![CDATA[gh_d5c808a7666e]]></ToUserName>
<FromUserName><![CDATA[om_6jty47IYfPEcKdPl5yU6wGCTQ]]></FromUserName>
<CreateTime>1470444843</CreateTime>
<MsgType><![CDATA[event]]></MsgType>
<Event><![CDATA[LOCATION]]></Event>
<Latitude>24.291729</Latitude>
<Longitude>109.411774</Longitude>
<Precision>150.000000</Precision>
</xml>

2016-08-06 08:54:03 params :
------------
Array:
message : Array ;
module : default ;
rule : -1 ;

2016-08-06 08:54:03 response :
------------
Array:
errno : -1 ;
message : Invaild value ;

2016-08-06 09:02:32 trace :
------------
String:
<xml><ToUserName><![CDATA[gh_d5c808a7666e]]></ToUserName>
<FromUserName><![CDATA[om_6jt317rnfH1-hFx5CGHAgMLyw]]></FromUserName>
<CreateTime>1470445352</CreateTime>
<MsgType><![CDATA[event]]></MsgType>
<Event><![CDATA[subscribe]]></Event>
<EventKey><![CDATA[]]></EventKey>
</xml>

2016-08-06 09:02:32 params :
------------
Array:
rule : -2 ;
module :  ;
message : Array ;

2016-08-06 09:02:32 response :
------------

2016-08-06 09:02:39 trace :
------------
String:
<xml><ToUserName><![CDATA[gh_d5c808a7666e]]></ToUserName>
<FromUserName><![CDATA[om_6jt317rnfH1-hFx5CGHAgMLyw]]></FromUserName>
<CreateTime>1470445359</CreateTime>
<MsgType><![CDATA[event]]></MsgType>
<Event><![CDATA[LOCATION]]></Event>
<Latitude>24.343361</Latitude>
<Longitude>109.428429</Longitude>
<Precision>150.000000</Precision>
</xml>

2016-08-06 09:02:39 params :
------------
Array:
message : Array ;
module : default ;
rule : -1 ;

2016-08-06 09:02:39 response :
------------
Array:
errno : -1 ;
message : Invaild value ;

2016-08-06 09:02:46 trace :
------------
String:
<xml><ToUserName><![CDATA[gh_d5c808a7666e]]></ToUserName>
<FromUserName><![CDATA[om_6jt317rnfH1-hFx5CGHAgMLyw]]></FromUserName>
<CreateTime>1470445366</CreateTime>
<MsgType><![CDATA[event]]></MsgType>
<Event><![CDATA[LOCATION]]></Event>
<Latitude>24.343361</Latitude>
<Longitude>109.428429</Longitude>
<Precision>150.000000</Precision>
</xml>

2016-08-06 09:02:46 params :
------------
Array:
message : Array ;
module : default ;
rule : -1 ;

2016-08-06 09:02:46 response :
------------
Array:
errno : -1 ;
message : Invaild value ;

2016-08-06 09:02:49 trace :
------------
String:
<xml><ToUserName><![CDATA[gh_d5c808a7666e]]></ToUserName>
<FromUserName><![CDATA[om_6jt317rnfH1-hFx5CGHAgMLyw]]></FromUserName>
<CreateTime>1470445369</CreateTime>
<MsgType><![CDATA[event]]></MsgType>
<Event><![CDATA[VIEW]]></Event>
<EventKey><![CDATA[http://shanghai.xyj0772.com/app/index.php?i=1&c=entry&id=2&do=game&m=j_money]]></EventKey>
<MenuId>404308051</MenuId>
</xml>

2016-08-06 09:02:49 params :
------------
Array:
rule : -2 ;
module :  ;
message : Array ;

2016-08-06 09:02:49 response :
------------

2016-08-06 09:03:01 trace :
------------
String:
<xml><ToUserName><![CDATA[gh_d5c808a7666e]]></ToUserName>
<FromUserName><![CDATA[om_6jt317rnfH1-hFx5CGHAgMLyw]]></FromUserName>
<CreateTime>1470445381</CreateTime>
<MsgType><![CDATA[event]]></MsgType>
<Event><![CDATA[LOCATION]]></Event>
<Latitude>24.343376</Latitude>
<Longitude>109.428406</Longitude>
<Precision>150.000000</Precision>
</xml>

2016-08-06 09:03:01 params :
------------
Array:
message : Array ;
module : default ;
rule : -1 ;

2016-08-06 09:03:01 response :
------------
Array:
errno : -1 ;
message : Invaild value ;

2016-08-06 09:03:03 trace :
------------
String:
<xml><ToUserName><![CDATA[gh_d5c808a7666e]]></ToUserName>
<FromUserName><![CDATA[om_6jt317rnfH1-hFx5CGHAgMLyw]]></FromUserName>
<CreateTime>1470445383</CreateTime>
<MsgType><![CDATA[event]]></MsgType>
<Event><![CDATA[VIEW]]></Event>
<EventKey><![CDATA[http://shanghai.xyj0772.com/app/index.php?i=1&c=entry&eid=22]]></EventKey>
<MenuId>404308051</MenuId>
</xml>

2016-08-06 09:03:03 params :
------------
Array:
rule : -2 ;
module :  ;
message : Array ;

2016-08-06 09:03:03 response :
------------

2016-08-06 09:03:10 trace :
------------
String:
<xml><ToUserName><![CDATA[gh_d5c808a7666e]]></ToUserName>
<FromUserName><![CDATA[om_6jt317rnfH1-hFx5CGHAgMLyw]]></FromUserName>
<CreateTime>1470445390</CreateTime>
<MsgType><![CDATA[event]]></MsgType>
<Event><![CDATA[LOCATION]]></Event>
<Latitude>24.343376</Latitude>
<Longitude>109.428406</Longitude>
<Precision>150.000000</Precision>
</xml>

2016-08-06 09:03:10 params :
------------
Array:
message : Array ;
module : default ;
rule : -1 ;

2016-08-06 09:03:10 response :
------------
Array:
errno : -1 ;
message : Invaild value ;

2016-08-06 10:04:22 trace :
------------
String:
<xml><ToUserName><![CDATA[gh_d5c808a7666e]]></ToUserName>
<FromUserName><![CDATA[om_6jty6QbTQVim-uPFZbntDgWdE]]></FromUserName>
<CreateTime>1470449062</CreateTime>
<MsgType><![CDATA[event]]></MsgType>
<Event><![CDATA[subscribe]]></Event>
<EventKey><![CDATA[]]></EventKey>
</xml>

2016-08-06 10:04:22 params :
------------
Array:
rule : -2 ;
module :  ;
message : Array ;

2016-08-06 10:04:22 response :
------------

2016-08-06 10:04:26 trace :
------------
String:
<xml><ToUserName><![CDATA[gh_d5c808a7666e]]></ToUserName>
<FromUserName><![CDATA[om_6jty6QbTQVim-uPFZbntDgWdE]]></FromUserName>
<CreateTime>1470449066</CreateTime>
<MsgType><![CDATA[event]]></MsgType>
<Event><![CDATA[LOCATION]]></Event>
<Latitude>24.355841</Latitude>
<Longitude>109.401749</Longitude>
<Precision>90.000000</Precision>
</xml>

2016-08-06 10:04:26 params :
------------
Array:
message : Array ;
module : default ;
rule : -1 ;

2016-08-06 10:04:26 response :
------------
Array:
errno : -1 ;
message : Invaild value ;

2016-08-06 10:04:35 trace :
------------
String:
<xml><ToUserName><![CDATA[gh_d5c808a7666e]]></ToUserName>
<FromUserName><![CDATA[om_6jty6QbTQVim-uPFZbntDgWdE]]></FromUserName>
<CreateTime>1470449075</CreateTime>
<MsgType><![CDATA[event]]></MsgType>
<Event><![CDATA[LOCATION]]></Event>
<Latitude>24.355841</Latitude>
<Longitude>109.401749</Longitude>
<Precision>90.000000</Precision>
</xml>

2016-08-06 10:04:35 params :
------------
Array:
message : Array ;
module : default ;
rule : -1 ;

2016-08-06 10:04:35 response :
------------
Array:
errno : -1 ;
message : Invaild value ;

2016-08-06 10:04:40 trace :
------------
String:
<xml><ToUserName><![CDATA[gh_d5c808a7666e]]></ToUserName>
<FromUserName><![CDATA[om_6jty6QbTQVim-uPFZbntDgWdE]]></FromUserName>
<CreateTime>1470449080</CreateTime>
<MsgType><![CDATA[event]]></MsgType>
<Event><![CDATA[VIEW]]></Event>
<EventKey><![CDATA[http://shanghai.xyj0772.com/app/index.php?i=1&c=entry&do=waprestList&m=weisrc_dish]]></EventKey>
<MenuId>404308051</MenuId>
</xml>

2016-08-06 10:04:40 params :
------------
Array:
rule : -2 ;
module :  ;
message : Array ;

2016-08-06 10:04:40 response :
------------

2016-08-06 10:04:57 trace :
------------
String:
<xml><ToUserName><![CDATA[gh_d5c808a7666e]]></ToUserName>
<FromUserName><![CDATA[om_6jty6QbTQVim-uPFZbntDgWdE]]></FromUserName>
<CreateTime>1470449097</CreateTime>
<MsgType><![CDATA[event]]></MsgType>
<Event><![CDATA[LOCATION]]></Event>
<Latitude>24.355673</Latitude>
<Longitude>109.401749</Longitude>
<Precision>110.000000</Precision>
</xml>

2016-08-06 10:04:57 params :
------------
Array:
message : Array ;
module : default ;
rule : -1 ;

2016-08-06 10:04:57 response :
------------
Array:
errno : -1 ;
message : Invaild value ;

2016-08-06 10:09:55 trace :
------------
String:
<xml><ToUserName><![CDATA[gh_d5c808a7666e]]></ToUserName>
<FromUserName><![CDATA[om_6jty6QbTQVim-uPFZbntDgWdE]]></FromUserName>
<CreateTime>1470449395</CreateTime>
<MsgType><![CDATA[event]]></MsgType>
<Event><![CDATA[LOCATION]]></Event>
<Latitude>24.355904</Latitude>
<Longitude>109.401924</Longitude>
<Precision>40.000000</Precision>
</xml>

2016-08-06 10:09:55 params :
------------
Array:
message : Array ;
module : default ;
rule : -1 ;

2016-08-06 10:09:55 response :
------------
Array:
errno : -1 ;
message : Invaild value ;

2016-08-06 10:10:15 trace :
------------
String:
<xml><ToUserName><![CDATA[gh_d5c808a7666e]]></ToUserName>
<FromUserName><![CDATA[om_6jty6QbTQVim-uPFZbntDgWdE]]></FromUserName>
<CreateTime>1470449415</CreateTime>
<MsgType><![CDATA[event]]></MsgType>
<Event><![CDATA[LOCATION]]></Event>
<Latitude>24.355904</Latitude>
<Longitude>109.401924</Longitude>
<Precision>40.000000</Precision>
</xml>

2016-08-06 10:10:15 params :
------------
Array:
message : Array ;
module : default ;
rule : -1 ;

2016-08-06 10:10:15 response :
------------
Array:
errno : -1 ;
message : Invaild value ;

2016-08-06 10:11:21 trace :
------------
String:
<xml><ToUserName><![CDATA[gh_d5c808a7666e]]></ToUserName>
<FromUserName><![CDATA[om_6jty6QbTQVim-uPFZbntDgWdE]]></FromUserName>
<CreateTime>1470449481</CreateTime>
<MsgType><![CDATA[event]]></MsgType>
<Event><![CDATA[LOCATION]]></Event>
<Latitude>24.355743</Latitude>
<Longitude>109.401772</Longitude>
<Precision>40.000000</Precision>
</xml>

2016-08-06 10:11:21 params :
------------
Array:
message : Array ;
module : default ;
rule : -1 ;

2016-08-06 10:11:21 response :
------------
Array:
errno : -1 ;
message : Invaild value ;

2016-08-06 13:57:43 trace :
------------
String:
<xml><ToUserName><![CDATA[gh_d5c808a7666e]]></ToUserName>
<FromUserName><![CDATA[om_6jt3ZDMfbOv9FJ-MbVUQKOsvU]]></FromUserName>
<CreateTime>1470463062</CreateTime>
<MsgType><![CDATA[event]]></MsgType>
<Event><![CDATA[subscribe]]></Event>
<EventKey><![CDATA[]]></EventKey>
</xml>

2016-08-06 13:57:43 params :
------------
Array:
rule : -2 ;
module :  ;
message : Array ;

2016-08-06 13:57:43 response :
------------

2016-08-06 13:57:47 trace :
------------
String:
<xml><ToUserName><![CDATA[gh_d5c808a7666e]]></ToUserName>
<FromUserName><![CDATA[om_6jt3ZDMfbOv9FJ-MbVUQKOsvU]]></FromUserName>
<CreateTime>1470463067</CreateTime>
<MsgType><![CDATA[event]]></MsgType>
<Event><![CDATA[LOCATION]]></Event>
<Latitude>24.314505</Latitude>
<Longitude>109.401703</Longitude>
<Precision>64.000000</Precision>
</xml>

2016-08-06 13:57:47 params :
------------
Array:
message : Array ;
module : default ;
rule : -1 ;

2016-08-06 13:57:47 response :
------------
Array:
errno : -1 ;
message : Invaild value ;

2016-08-06 13:57:54 trace :
------------
String:
<xml><ToUserName><![CDATA[gh_d5c808a7666e]]></ToUserName>
<FromUserName><![CDATA[om_6jt3ZDMfbOv9FJ-MbVUQKOsvU]]></FromUserName>
<CreateTime>1470463074</CreateTime>
<MsgType><![CDATA[event]]></MsgType>
<Event><![CDATA[LOCATION]]></Event>
<Latitude>24.314505</Latitude>
<Longitude>109.401703</Longitude>
<Precision>64.000000</Precision>
</xml>

2016-08-06 13:57:54 params :
------------
Array:
message : Array ;
module : default ;
rule : -1 ;

2016-08-06 13:57:54 response :
------------
Array:
errno : -1 ;
message : Invaild value ;

2016-08-06 13:57:59 trace :
------------
String:
<xml><ToUserName><![CDATA[gh_d5c808a7666e]]></ToUserName>
<FromUserName><![CDATA[om_6jt3ZDMfbOv9FJ-MbVUQKOsvU]]></FromUserName>
<CreateTime>1470463079</CreateTime>
<MsgType><![CDATA[event]]></MsgType>
<Event><![CDATA[VIEW]]></Event>
<EventKey><![CDATA[http://shanghai.xyj0772.com/app/index.php?i=1&c=entry&eid=22]]></EventKey>
<MenuId>404308051</MenuId>
</xml>

2016-08-06 13:57:59 params :
------------
Array:
rule : -2 ;
module :  ;
message : Array ;

2016-08-06 13:57:59 response :
------------

2016-08-06 13:58:04 trace :
------------
String:
<xml><ToUserName><![CDATA[gh_d5c808a7666e]]></ToUserName>
<FromUserName><![CDATA[om_6jt3ZDMfbOv9FJ-MbVUQKOsvU]]></FromUserName>
<CreateTime>1470463084</CreateTime>
<MsgType><![CDATA[event]]></MsgType>
<Event><![CDATA[VIEW]]></Event>
<EventKey><![CDATA[http://shanghai.xyj0772.com/app/index.php?i=1&c=entry&eid=22]]></EventKey>
<MenuId>404308051</MenuId>
</xml>

2016-08-06 13:58:04 params :
------------
Array:
rule : -2 ;
module :  ;
message : Array ;

2016-08-06 13:58:04 response :
------------

2016-08-06 13:58:06 trace :
------------
String:
<xml><ToUserName><![CDATA[gh_d5c808a7666e]]></ToUserName>
<FromUserName><![CDATA[om_6jt3ZDMfbOv9FJ-MbVUQKOsvU]]></FromUserName>
<CreateTime>1470463086</CreateTime>
<MsgType><![CDATA[event]]></MsgType>
<Event><![CDATA[LOCATION]]></Event>
<Latitude>24.314505</Latitude>
<Longitude>109.401703</Longitude>
<Precision>64.000000</Precision>
</xml>

2016-08-06 13:58:06 params :
------------
Array:
message : Array ;
module : default ;
rule : -1 ;

2016-08-06 13:58:06 response :
------------
Array:
errno : -1 ;
message : Invaild value ;

2016-08-06 13:58:06 trace :
------------
String:
<xml><ToUserName><![CDATA[gh_d5c808a7666e]]></ToUserName>
<FromUserName><![CDATA[om_6jt3ZDMfbOv9FJ-MbVUQKOsvU]]></FromUserName>
<CreateTime>1470463086</CreateTime>
<MsgType><![CDATA[event]]></MsgType>
<Event><![CDATA[VIEW]]></Event>
<EventKey><![CDATA[http://shanghai.xyj0772.com/app/index.php?i=1&c=entry&eid=22]]></EventKey>
<MenuId>404308051</MenuId>
</xml>

2016-08-06 13:58:06 params :
------------
Array:
rule : -2 ;
module :  ;
message : Array ;

2016-08-06 13:58:06 response :
------------

2016-08-06 14:00:25 trace :
------------
String:
<xml><ToUserName><![CDATA[gh_d5c808a7666e]]></ToUserName>
<FromUserName><![CDATA[om_6jt3ZDMfbOv9FJ-MbVUQKOsvU]]></FromUserName>
<CreateTime>1470463225</CreateTime>
<MsgType><![CDATA[event]]></MsgType>
<Event><![CDATA[LOCATION]]></Event>
<Latitude>24.314468</Latitude>
<Longitude>109.401566</Longitude>
<Precision>40.000000</Precision>
</xml>

2016-08-06 14:00:25 params :
------------
Array:
message : Array ;
module : default ;
rule : -1 ;

2016-08-06 14:00:25 response :
------------
Array:
errno : -1 ;
message : Invaild value ;

2016-08-06 14:00:48 trace :
------------
String:
<xml><ToUserName><![CDATA[gh_d5c808a7666e]]></ToUserName>
<FromUserName><![CDATA[om_6jt3ZDMfbOv9FJ-MbVUQKOsvU]]></FromUserName>
<CreateTime>1470463248</CreateTime>
<MsgType><![CDATA[event]]></MsgType>
<Event><![CDATA[unsubscribe]]></Event>
<EventKey><![CDATA[]]></EventKey>
</xml>

2016-08-06 14:33:39 trace :
------------
String:
<xml><ToUserName><![CDATA[gh_d5c808a7666e]]></ToUserName>
<FromUserName><![CDATA[om_6jt7Dr0PF6hJ1TUs0f0Pbkw_Q]]></FromUserName>
<CreateTime>1470465219</CreateTime>
<MsgType><![CDATA[event]]></MsgType>
<Event><![CDATA[LOCATION]]></Event>
<Latitude>24.338934</Latitude>
<Longitude>109.349251</Longitude>
<Precision>40.000000</Precision>
</xml>

2016-08-06 14:33:39 params :
------------
Array:
message : Array ;
module : default ;
rule : -1 ;

2016-08-06 14:33:39 response :
------------
Array:
errno : -1 ;
message : Invaild value ;

2016-08-06 14:33:45 trace :
------------
String:
<xml><ToUserName><![CDATA[gh_d5c808a7666e]]></ToUserName>
<FromUserName><![CDATA[om_6jt7Dr0PF6hJ1TUs0f0Pbkw_Q]]></FromUserName>
<CreateTime>1470465225</CreateTime>
<MsgType><![CDATA[event]]></MsgType>
<Event><![CDATA[LOCATION]]></Event>
<Latitude>24.338934</Latitude>
<Longitude>109.349251</Longitude>
<Precision>40.000000</Precision>
</xml>

2016-08-06 14:33:45 params :
------------
Array:
message : Array ;
module : default ;
rule : -1 ;

2016-08-06 14:33:45 response :
------------
Array:
errno : -1 ;
message : Invaild value ;

2016-08-06 14:33:53 trace :
------------
String:
<xml><ToUserName><![CDATA[gh_d5c808a7666e]]></ToUserName>
<FromUserName><![CDATA[om_6jt7Dr0PF6hJ1TUs0f0Pbkw_Q]]></FromUserName>
<CreateTime>1470465233</CreateTime>
<MsgType><![CDATA[event]]></MsgType>
<Event><![CDATA[LOCATION]]></Event>
<Latitude>24.339006</Latitude>
<Longitude>109.349251</Longitude>
<Precision>40.000000</Precision>
</xml>

2016-08-06 14:33:53 params :
------------
Array:
message : Array ;
module : default ;
rule : -1 ;

2016-08-06 14:33:53 response :
------------
Array:
errno : -1 ;
message : Invaild value ;

2016-08-06 14:46:16 trace :
------------
String:
<xml><ToUserName><![CDATA[gh_d5c808a7666e]]></ToUserName>
<FromUserName><![CDATA[om_6jt7Dr0PF6hJ1TUs0f0Pbkw_Q]]></FromUserName>
<CreateTime>1470465976</CreateTime>
<MsgType><![CDATA[event]]></MsgType>
<Event><![CDATA[LOCATION]]></Event>
<Latitude>24.338934</Latitude>
<Longitude>109.349251</Longitude>
<Precision>40.000000</Precision>
</xml>

2016-08-06 14:46:16 params :
------------
Array:
message : Array ;
module : default ;
rule : -1 ;

2016-08-06 14:46:16 response :
------------
Array:
errno : -1 ;
message : Invaild value ;

2016-08-06 14:46:37 trace :
------------
String:
<xml><ToUserName><![CDATA[gh_d5c808a7666e]]></ToUserName>
<FromUserName><![CDATA[om_6jt7Dr0PF6hJ1TUs0f0Pbkw_Q]]></FromUserName>
<CreateTime>1470465997</CreateTime>
<MsgType><![CDATA[event]]></MsgType>
<Event><![CDATA[LOCATION]]></Event>
<Latitude>24.338934</Latitude>
<Longitude>109.349251</Longitude>
<Precision>40.000000</Precision>
</xml>

2016-08-06 14:46:37 params :
------------
Array:
message : Array ;
module : default ;
rule : -1 ;

2016-08-06 14:46:37 response :
------------
Array:
errno : -1 ;
message : Invaild value ;

2016-08-06 14:47:00 trace :
------------
String:
<xml><ToUserName><![CDATA[gh_d5c808a7666e]]></ToUserName>
<FromUserName><![CDATA[om_6jt7Dr0PF6hJ1TUs0f0Pbkw_Q]]></FromUserName>
<CreateTime>1470466020</CreateTime>
<MsgType><![CDATA[event]]></MsgType>
<Event><![CDATA[LOCATION]]></Event>
<Latitude>24.338934</Latitude>
<Longitude>109.349251</Longitude>
<Precision>40.000000</Precision>
</xml>

2016-08-06 14:47:00 params :
------------
Array:
message : Array ;
module : default ;
rule : -1 ;

2016-08-06 14:47:00 response :
------------
Array:
errno : -1 ;
message : Invaild value ;

2016-08-06 14:48:29 trace :
------------
String:
<xml><ToUserName><![CDATA[gh_d5c808a7666e]]></ToUserName>
<FromUserName><![CDATA[om_6jt7Dr0PF6hJ1TUs0f0Pbkw_Q]]></FromUserName>
<CreateTime>1470466108</CreateTime>
<MsgType><![CDATA[event]]></MsgType>
<Event><![CDATA[LOCATION]]></Event>
<Latitude>24.338934</Latitude>
<Longitude>109.349251</Longitude>
<Precision>40.000000</Precision>
</xml>

2016-08-06 14:48:29 params :
------------
Array:
message : Array ;
module : default ;
rule : -1 ;

2016-08-06 14:48:29 response :
------------
Array:
errno : -1 ;
message : Invaild value ;

2016-08-06 14:50:37 trace :
------------
String:
<xml><ToUserName><![CDATA[gh_d5c808a7666e]]></ToUserName>
<FromUserName><![CDATA[om_6jt9a4OzVw2PjSuDD7vFh9LVA]]></FromUserName>
<CreateTime>1470466236</CreateTime>
<MsgType><![CDATA[event]]></MsgType>
<Event><![CDATA[subscribe]]></Event>
<EventKey><![CDATA[]]></EventKey>
</xml>

2016-08-06 14:50:37 params :
------------
Array:
rule : -2 ;
module :  ;
message : Array ;

2016-08-06 14:50:37 response :
------------

2016-08-06 14:50:46 trace :
------------
String:
<xml><ToUserName><![CDATA[gh_d5c808a7666e]]></ToUserName>
<FromUserName><![CDATA[om_6jt9a4OzVw2PjSuDD7vFh9LVA]]></FromUserName>
<CreateTime>1470466246</CreateTime>
<MsgType><![CDATA[event]]></MsgType>
<Event><![CDATA[VIEW]]></Event>
<EventKey><![CDATA[http://shanghai.xyj0772.com/app/index.php?i=1&c=entry&do=waprestList&m=weisrc_dish]]></EventKey>
<MenuId>404308051</MenuId>
</xml>

2016-08-06 14:50:46 params :
------------
Array:
rule : -2 ;
module :  ;
message : Array ;

2016-08-06 14:50:46 response :
------------

2016-08-06 14:52:40 trace :
------------
String:
<xml><ToUserName><![CDATA[gh_d5c808a7666e]]></ToUserName>
<FromUserName><![CDATA[om_6jt9a4OzVw2PjSuDD7vFh9LVA]]></FromUserName>
<CreateTime>1470466360</CreateTime>
<MsgType><![CDATA[event]]></MsgType>
<Event><![CDATA[VIEW]]></Event>
<EventKey><![CDATA[http://shanghai.xyj0772.com/app/index.php?i=1&c=entry&eid=22]]></EventKey>
<MenuId>404308051</MenuId>
</xml>

2016-08-06 14:52:40 params :
------------
Array:
rule : -2 ;
module :  ;
message : Array ;

2016-08-06 14:52:40 response :
------------

2016-08-06 15:45:54 trace :
------------
String:
<xml><ToUserName><![CDATA[gh_d5c808a7666e]]></ToUserName>
<FromUserName><![CDATA[om_6jt3IJb1zOUzHMh9H3DkzlihY]]></FromUserName>
<CreateTime>1470469554</CreateTime>
<MsgType><![CDATA[event]]></MsgType>
<Event><![CDATA[unsubscribe]]></Event>
<EventKey><![CDATA[]]></EventKey>
</xml>

2016-08-06 16:09:36 trace :
------------
String:
<xml><ToUserName><![CDATA[gh_d5c808a7666e]]></ToUserName>
<FromUserName><![CDATA[om_6jt931yDOiWu2KFfW19eBtZgI]]></FromUserName>
<CreateTime>1470470975</CreateTime>
<MsgType><![CDATA[event]]></MsgType>
<Event><![CDATA[subscribe]]></Event>
<EventKey><![CDATA[]]></EventKey>
</xml>

2016-08-06 16:09:36 params :
------------
Array:
rule : -2 ;
module :  ;
message : Array ;

2016-08-06 16:09:36 response :
------------

2016-08-06 16:09:39 trace :
------------
String:
<xml><ToUserName><![CDATA[gh_d5c808a7666e]]></ToUserName>
<FromUserName><![CDATA[om_6jt931yDOiWu2KFfW19eBtZgI]]></FromUserName>
<CreateTime>1470470979</CreateTime>
<MsgType><![CDATA[event]]></MsgType>
<Event><![CDATA[LOCATION]]></Event>
<Latitude>24.339205</Latitude>
<Longitude>109.349236</Longitude>
<Precision>150.000000</Precision>
</xml>

2016-08-06 16:09:39 params :
------------
Array:
message : Array ;
module : default ;
rule : -1 ;

2016-08-06 16:09:39 response :
------------
Array:
errno : -1 ;
message : Invaild value ;

2016-08-06 16:09:48 trace :
------------
String:
<xml><ToUserName><![CDATA[gh_d5c808a7666e]]></ToUserName>
<FromUserName><![CDATA[om_6jt7Dr0PF6hJ1TUs0f0Pbkw_Q]]></FromUserName>
<CreateTime>1470470988</CreateTime>
<MsgType><![CDATA[event]]></MsgType>
<Event><![CDATA[LOCATION]]></Event>
<Latitude>24.338934</Latitude>
<Longitude>109.349251</Longitude>
<Precision>40.000000</Precision>
</xml>

2016-08-06 16:09:48 params :
------------
Array:
message : Array ;
module : default ;
rule : -1 ;

2016-08-06 16:09:48 response :
------------
Array:
errno : -1 ;
message : Invaild value ;

2016-08-06 16:10:01 trace :
------------
String:
<xml><ToUserName><![CDATA[gh_d5c808a7666e]]></ToUserName>
<FromUserName><![CDATA[om_6jt7Dr0PF6hJ1TUs0f0Pbkw_Q]]></FromUserName>
<CreateTime>1470471001</CreateTime>
<MsgType><![CDATA[event]]></MsgType>
<Event><![CDATA[LOCATION]]></Event>
<Latitude>24.338934</Latitude>
<Longitude>109.349251</Longitude>
<Precision>40.000000</Precision>
</xml>

2016-08-06 16:10:01 params :
------------
Array:
message : Array ;
module : default ;
rule : -1 ;

2016-08-06 16:10:01 response :
------------
Array:
errno : -1 ;
message : Invaild value ;

2016-08-06 16:10:23 trace :
------------
String:
<xml><ToUserName><![CDATA[gh_d5c808a7666e]]></ToUserName>
<FromUserName><![CDATA[om_6jt7Dr0PF6hJ1TUs0f0Pbkw_Q]]></FromUserName>
<CreateTime>1470471023</CreateTime>
<MsgType><![CDATA[event]]></MsgType>
<Event><![CDATA[LOCATION]]></Event>
<Latitude>24.339132</Latitude>
<Longitude>109.349266</Longitude>
<Precision>60.000000</Precision>
</xml>

2016-08-06 16:10:23 params :
------------
Array:
message : Array ;
module : default ;
rule : -1 ;

2016-08-06 16:10:23 response :
------------
Array:
errno : -1 ;
message : Invaild value ;

2016-08-06 16:10:35 trace :
------------
String:
<xml><ToUserName><![CDATA[gh_d5c808a7666e]]></ToUserName>
<FromUserName><![CDATA[om_6jtyEHkFHD_o7mb6Fm73oV4xc]]></FromUserName>
<CreateTime>1470471034</CreateTime>
<MsgType><![CDATA[event]]></MsgType>
<Event><![CDATA[subscribe]]></Event>
<EventKey><![CDATA[]]></EventKey>
</xml>

2016-08-06 16:10:35 params :
------------
Array:
rule : -2 ;
module :  ;
message : Array ;

2016-08-06 16:10:35 response :
------------

2016-08-06 16:10:39 trace :
------------
String:
<xml><ToUserName><![CDATA[gh_d5c808a7666e]]></ToUserName>
<FromUserName><![CDATA[om_6jtyEHkFHD_o7mb6Fm73oV4xc]]></FromUserName>
<CreateTime>1470471039</CreateTime>
<MsgType><![CDATA[event]]></MsgType>
<Event><![CDATA[LOCATION]]></Event>
<Latitude>24.339006</Latitude>
<Longitude>109.349266</Longitude>
<Precision>60.000000</Precision>
</xml>

2016-08-06 16:10:39 params :
------------
Array:
message : Array ;
module : default ;
rule : -1 ;

2016-08-06 16:10:39 response :
------------
Array:
errno : -1 ;
message : Invaild value ;

2016-08-06 16:10:50 trace :
------------
String:
<xml><ToUserName><![CDATA[gh_d5c808a7666e]]></ToUserName>
<FromUserName><![CDATA[om_6jt7Dr0PF6hJ1TUs0f0Pbkw_Q]]></FromUserName>
<CreateTime>1470471050</CreateTime>
<MsgType><![CDATA[event]]></MsgType>
<Event><![CDATA[LOCATION]]></Event>
<Latitude>24.339132</Latitude>
<Longitude>109.349266</Longitude>
<Precision>60.000000</Precision>
</xml>

2016-08-06 16:10:50 params :
------------
Array:
message : Array ;
module : default ;
rule : -1 ;

2016-08-06 16:10:50 response :
------------
Array:
errno : -1 ;
message : Invaild value ;

2016-08-06 16:10:51 trace :
------------
String:
<xml><ToUserName><![CDATA[gh_d5c808a7666e]]></ToUserName>
<FromUserName><![CDATA[om_6jtyEHkFHD_o7mb6Fm73oV4xc]]></FromUserName>
<CreateTime>1470471051</CreateTime>
<MsgType><![CDATA[event]]></MsgType>
<Event><![CDATA[LOCATION]]></Event>
<Latitude>24.339006</Latitude>
<Longitude>109.349266</Longitude>
<Precision>60.000000</Precision>
</xml>

2016-08-06 16:10:51 params :
------------
Array:
message : Array ;
module : default ;
rule : -1 ;

2016-08-06 16:10:51 response :
------------
Array:
errno : -1 ;
message : Invaild value ;

2016-08-06 16:14:28 trace :
------------
String:
<xml><ToUserName><![CDATA[gh_d5c808a7666e]]></ToUserName>
<FromUserName><![CDATA[om_6jt_8lDlwOueqn8GGJyF9pAGI]]></FromUserName>
<CreateTime>1470471268</CreateTime>
<MsgType><![CDATA[event]]></MsgType>
<Event><![CDATA[subscribe]]></Event>
<EventKey><![CDATA[]]></EventKey>
</xml>

2016-08-06 16:14:28 params :
------------
Array:
rule : -2 ;
module :  ;
message : Array ;

2016-08-06 16:14:28 response :
------------

2016-08-06 16:23:40 trace :
------------
String:
<xml><ToUserName><![CDATA[gh_d5c808a7666e]]></ToUserName>
<FromUserName><![CDATA[om_6jt7Dr0PF6hJ1TUs0f0Pbkw_Q]]></FromUserName>
<CreateTime>1470471820</CreateTime>
<MsgType><![CDATA[event]]></MsgType>
<Event><![CDATA[LOCATION]]></Event>
<Latitude>24.338947</Latitude>
<Longitude>109.349258</Longitude>
<Precision>40.000000</Precision>
</xml>

2016-08-06 16:23:40 params :
------------
Array:
message : Array ;
module : default ;
rule : -1 ;

2016-08-06 16:23:40 response :
------------
Array:
errno : -1 ;
message : Invaild value ;

2016-08-06 16:23:59 trace :
------------
String:
<xml><ToUserName><![CDATA[gh_d5c808a7666e]]></ToUserName>
<FromUserName><![CDATA[om_6jt-F-Nf-YvbgFnSaIvX6jM_o]]></FromUserName>
<CreateTime>1470471839</CreateTime>
<MsgType><![CDATA[event]]></MsgType>
<Event><![CDATA[subscribe]]></Event>
<EventKey><![CDATA[]]></EventKey>
</xml>

2016-08-06 16:23:59 params :
------------
Array:
rule : -2 ;
module :  ;
message : Array ;

2016-08-06 16:23:59 response :
------------

2016-08-06 16:24:01 trace :
------------
String:
<xml><ToUserName><![CDATA[gh_d5c808a7666e]]></ToUserName>
<FromUserName><![CDATA[om_6jt7Dr0PF6hJ1TUs0f0Pbkw_Q]]></FromUserName>
<CreateTime>1470471841</CreateTime>
<MsgType><![CDATA[event]]></MsgType>
<Event><![CDATA[VIEW]]></Event>
<EventKey><![CDATA[http://shanghai.xyj0772.com/app/index.php?i=1&c=entry&do=wapindex&m=weisrc_dish]]></EventKey>
<MenuId>404308051</MenuId>
</xml>

2016-08-06 16:24:01 params :
------------
Array:
rule : -2 ;
module :  ;
message : Array ;

2016-08-06 16:24:01 response :
------------

2016-08-06 16:24:08 trace :
------------
String:
<xml><ToUserName><![CDATA[gh_d5c808a7666e]]></ToUserName>
<FromUserName><![CDATA[om_6jt-F-Nf-YvbgFnSaIvX6jM_o]]></FromUserName>
<CreateTime>1470471848</CreateTime>
<MsgType><![CDATA[event]]></MsgType>
<Event><![CDATA[LOCATION]]></Event>
<Latitude>24.339027</Latitude>
<Longitude>109.349197</Longitude>
<Precision>65.000000</Precision>
</xml>

2016-08-06 16:24:08 params :
------------
Array:
message : Array ;
module : default ;
rule : -1 ;

2016-08-06 16:24:08 response :
------------
Array:
errno : -1 ;
message : Invaild value ;

2016-08-06 16:24:20 trace :
------------
String:
<xml><ToUserName><![CDATA[gh_d5c808a7666e]]></ToUserName>
<FromUserName><![CDATA[om_6jt7Dr0PF6hJ1TUs0f0Pbkw_Q]]></FromUserName>
<CreateTime>1470471860</CreateTime>
<MsgType><![CDATA[event]]></MsgType>
<Event><![CDATA[LOCATION]]></Event>
<Latitude>24.338947</Latitude>
<Longitude>109.349258</Longitude>
<Precision>40.000000</Precision>
</xml>

2016-08-06 16:24:20 params :
------------
Array:
message : Array ;
module : default ;
rule : -1 ;

2016-08-06 16:24:20 response :
------------
Array:
errno : -1 ;
message : Invaild value ;

2016-08-06 16:24:25 trace :
------------
String:
<xml><ToUserName><![CDATA[gh_d5c808a7666e]]></ToUserName>
<FromUserName><![CDATA[om_6jt7Dr0PF6hJ1TUs0f0Pbkw_Q]]></FromUserName>
<CreateTime>1470471865</CreateTime>
<MsgType><![CDATA[event]]></MsgType>
<Event><![CDATA[VIEW]]></Event>
<EventKey><![CDATA[http://shanghai.xyj0772.com/app/index.php?i=1&c=entry&eid=22]]></EventKey>
<MenuId>404308051</MenuId>
</xml>

2016-08-06 16:24:25 params :
------------
Array:
rule : -2 ;
module :  ;
message : Array ;

2016-08-06 16:24:25 response :
------------

2016-08-06 16:24:32 trace :
------------
String:
<xml><ToUserName><![CDATA[gh_d5c808a7666e]]></ToUserName>
<FromUserName><![CDATA[om_6jt7Dr0PF6hJ1TUs0f0Pbkw_Q]]></FromUserName>
<CreateTime>1470471871</CreateTime>
<MsgType><![CDATA[event]]></MsgType>
<Event><![CDATA[LOCATION]]></Event>
<Latitude>24.338934</Latitude>
<Longitude>109.349251</Longitude>
<Precision>40.000000</Precision>
</xml>

2016-08-06 16:24:32 params :
------------
Array:
message : Array ;
module : default ;
rule : -1 ;

2016-08-06 16:24:32 response :
------------
Array:
errno : -1 ;
message : Invaild value ;

2016-08-06 16:24:35 trace :
------------
String:
<xml><ToUserName><![CDATA[gh_d5c808a7666e]]></ToUserName>
<FromUserName><![CDATA[om_6jt7Dr0PF6hJ1TUs0f0Pbkw_Q]]></FromUserName>
<CreateTime>1470471875</CreateTime>
<MsgType><![CDATA[event]]></MsgType>
<Event><![CDATA[VIEW]]></Event>
<EventKey><![CDATA[http://shanghai.xyj0772.com/app/index.php?i=1&c=entry&do=wapindex&m=weisrc_dish]]></EventKey>
<MenuId>404308051</MenuId>
</xml>

2016-08-06 16:24:35 params :
------------
Array:
rule : -2 ;
module :  ;
message : Array ;

2016-08-06 16:24:35 response :
------------

2016-08-06 16:24:43 trace :
------------
String:
<xml><ToUserName><![CDATA[gh_d5c808a7666e]]></ToUserName>
<FromUserName><![CDATA[om_6jt7Dr0PF6hJ1TUs0f0Pbkw_Q]]></FromUserName>
<CreateTime>1470471883</CreateTime>
<MsgType><![CDATA[event]]></MsgType>
<Event><![CDATA[LOCATION]]></Event>
<Latitude>24.338934</Latitude>
<Longitude>109.349251</Longitude>
<Precision>40.000000</Precision>
</xml>

2016-08-06 16:24:43 params :
------------
Array:
message : Array ;
module : default ;
rule : -1 ;

2016-08-06 16:24:43 response :
------------
Array:
errno : -1 ;
message : Invaild value ;

2016-08-06 16:24:49 trace :
------------
String:
<xml><ToUserName><![CDATA[gh_d5c808a7666e]]></ToUserName>
<FromUserName><![CDATA[om_6jt7Dr0PF6hJ1TUs0f0Pbkw_Q]]></FromUserName>
<CreateTime>1470471888</CreateTime>
<MsgType><![CDATA[event]]></MsgType>
<Event><![CDATA[VIEW]]></Event>
<EventKey><![CDATA[http://shanghai.xyj0772.com/app/index.php?i=1&c=entry&do=orderlist&m=weisrc_dish]]></EventKey>
<MenuId>404308051</MenuId>
</xml>

2016-08-06 16:24:49 params :
------------
Array:
rule : -2 ;
module :  ;
message : Array ;

2016-08-06 16:24:49 response :
------------

2016-08-06 16:25:04 trace :
------------
String:
<xml><ToUserName><![CDATA[gh_d5c808a7666e]]></ToUserName>
<FromUserName><![CDATA[om_6jt7Dr0PF6hJ1TUs0f0Pbkw_Q]]></FromUserName>
<CreateTime>1470471904</CreateTime>
<MsgType><![CDATA[event]]></MsgType>
<Event><![CDATA[LOCATION]]></Event>
<Latitude>24.338934</Latitude>
<Longitude>109.349251</Longitude>
<Precision>40.000000</Precision>
</xml>

2016-08-06 16:25:04 params :
------------
Array:
message : Array ;
module : default ;
rule : -1 ;

2016-08-06 16:25:04 response :
------------
Array:
errno : -1 ;
message : Invaild value ;

2016-08-06 16:25:12 trace :
------------
String:
<xml><ToUserName><![CDATA[gh_d5c808a7666e]]></ToUserName>
<FromUserName><![CDATA[om_6jt7Dr0PF6hJ1TUs0f0Pbkw_Q]]></FromUserName>
<CreateTime>1470471912</CreateTime>
<MsgType><![CDATA[event]]></MsgType>
<Event><![CDATA[LOCATION]]></Event>
<Latitude>24.338934</Latitude>
<Longitude>109.349251</Longitude>
<Precision>40.000000</Precision>
</xml>

2016-08-06 16:25:12 params :
------------
Array:
message : Array ;
module : default ;
rule : -1 ;

2016-08-06 16:25:12 response :
------------
Array:
errno : -1 ;
message : Invaild value ;

2016-08-06 16:26:03 trace :
------------
String:
<xml><ToUserName><![CDATA[gh_d5c808a7666e]]></ToUserName>
<FromUserName><![CDATA[om_6jt-F-Nf-YvbgFnSaIvX6jM_o]]></FromUserName>
<CreateTime>1470471963</CreateTime>
<MsgType><![CDATA[event]]></MsgType>
<Event><![CDATA[LOCATION]]></Event>
<Latitude>24.338943</Latitude>
<Longitude>109.349190</Longitude>
<Precision>65.000000</Precision>
</xml>

2016-08-06 16:26:03 params :
------------
Array:
message : Array ;
module : default ;
rule : -1 ;

2016-08-06 16:26:03 response :
------------
Array:
errno : -1 ;
message : Invaild value ;

2016-08-06 16:26:05 trace :
------------
String:
<xml><ToUserName><![CDATA[gh_d5c808a7666e]]></ToUserName>
<FromUserName><![CDATA[om_6jt7Dr0PF6hJ1TUs0f0Pbkw_Q]]></FromUserName>
<CreateTime>1470471965</CreateTime>
<MsgType><![CDATA[event]]></MsgType>
<Event><![CDATA[LOCATION]]></Event>
<Latitude>24.338934</Latitude>
<Longitude>109.349251</Longitude>
<Precision>40.000000</Precision>
</xml>

2016-08-06 16:26:05 params :
------------
Array:
message : Array ;
module : default ;
rule : -1 ;

2016-08-06 16:26:05 response :
------------
Array:
errno : -1 ;
message : Invaild value ;

2016-08-06 16:26:14 trace :
------------
String:
<xml><ToUserName><![CDATA[gh_d5c808a7666e]]></ToUserName>
<FromUserName><![CDATA[om_6jt7Dr0PF6hJ1TUs0f0Pbkw_Q]]></FromUserName>
<CreateTime>1470471974</CreateTime>
<MsgType><![CDATA[event]]></MsgType>
<Event><![CDATA[LOCATION]]></Event>
<Latitude>24.338949</Latitude>
<Longitude>109.349258</Longitude>
<Precision>40.000000</Precision>
</xml>

2016-08-06 16:26:14 params :
------------
Array:
message : Array ;
module : default ;
rule : -1 ;

2016-08-06 16:26:14 response :
------------
Array:
errno : -1 ;
message : Invaild value ;

2016-08-06 16:26:18 trace :
------------
String:
<xml><ToUserName><![CDATA[gh_d5c808a7666e]]></ToUserName>
<FromUserName><![CDATA[om_6jt-F-Nf-YvbgFnSaIvX6jM_o]]></FromUserName>
<CreateTime>1470471978</CreateTime>
<MsgType><![CDATA[event]]></MsgType>
<Event><![CDATA[VIEW]]></Event>
<EventKey><![CDATA[http://shanghai.xyj0772.com/app/index.php?i=1&c=entry&eid=22]]></EventKey>
<MenuId>404308051</MenuId>
</xml>

2016-08-06 16:26:18 params :
------------
Array:
rule : -2 ;
module :  ;
message : Array ;

2016-08-06 16:26:18 response :
------------

2016-08-06 16:26:41 trace :
------------
String:
<xml><ToUserName><![CDATA[gh_d5c808a7666e]]></ToUserName>
<FromUserName><![CDATA[om_6jt7Dr0PF6hJ1TUs0f0Pbkw_Q]]></FromUserName>
<CreateTime>1470472000</CreateTime>
<MsgType><![CDATA[event]]></MsgType>
<Event><![CDATA[LOCATION]]></Event>
<Latitude>24.338934</Latitude>
<Longitude>109.349251</Longitude>
<Precision>40.000000</Precision>
</xml>

2016-08-06 16:26:41 params :
------------
Array:
message : Array ;
module : default ;
rule : -1 ;

2016-08-06 16:26:41 response :
------------
Array:
errno : -1 ;
message : Invaild value ;

2016-08-06 16:31:04 trace :
------------
String:
<xml><ToUserName><![CDATA[gh_d5c808a7666e]]></ToUserName>
<FromUserName><![CDATA[om_6jt-F-Nf-YvbgFnSaIvX6jM_o]]></FromUserName>
<CreateTime>1470472264</CreateTime>
<MsgType><![CDATA[event]]></MsgType>
<Event><![CDATA[LOCATION]]></Event>
<Latitude>24.338945</Latitude>
<Longitude>109.349190</Longitude>
<Precision>65.000000</Precision>
</xml>

2016-08-06 16:31:04 params :
------------
Array:
message : Array ;
module : default ;
rule : -1 ;

2016-08-06 16:31:04 response :
------------
Array:
errno : -1 ;
message : Invaild value ;

2016-08-06 16:31:05 trace :
------------
String:
<xml><ToUserName><![CDATA[gh_d5c808a7666e]]></ToUserName>
<FromUserName><![CDATA[om_6jt-F-Nf-YvbgFnSaIvX6jM_o]]></FromUserName>
<CreateTime>1470472265</CreateTime>
<MsgType><![CDATA[event]]></MsgType>
<Event><![CDATA[LOCATION]]></Event>
<Latitude>24.338945</Latitude>
<Longitude>109.349190</Longitude>
<Precision>65.000000</Precision>
</xml>

2016-08-06 16:31:05 params :
------------
Array:
message : Array ;
module : default ;
rule : -1 ;

2016-08-06 16:31:05 response :
------------
Array:
errno : -1 ;
message : Invaild value ;

2016-08-06 16:31:16 trace :
------------
String:
<xml><ToUserName><![CDATA[gh_d5c808a7666e]]></ToUserName>
<FromUserName><![CDATA[om_6jt-F-Nf-YvbgFnSaIvX6jM_o]]></FromUserName>
<CreateTime>1470472276</CreateTime>
<MsgType><![CDATA[event]]></MsgType>
<Event><![CDATA[VIEW]]></Event>
<EventKey><![CDATA[http://shanghai.xyj0772.com/app/index.php?i=1&c=entry&eid=22]]></EventKey>
<MenuId>404308051</MenuId>
</xml>

2016-08-06 16:31:16 params :
------------
Array:
rule : -2 ;
module :  ;
message : Array ;

2016-08-06 16:31:16 response :
------------

2016-08-06 16:31:35 trace :
------------
String:
<xml><ToUserName><![CDATA[gh_d5c808a7666e]]></ToUserName>
<FromUserName><![CDATA[om_6jt-F-Nf-YvbgFnSaIvX6jM_o]]></FromUserName>
<CreateTime>1470472295</CreateTime>
<MsgType><![CDATA[event]]></MsgType>
<Event><![CDATA[LOCATION]]></Event>
<Latitude>24.338945</Latitude>
<Longitude>109.349190</Longitude>
<Precision>65.000000</Precision>
</xml>

2016-08-06 16:31:35 params :
------------
Array:
message : Array ;
module : default ;
rule : -1 ;

2016-08-06 16:31:35 response :
------------
Array:
errno : -1 ;
message : Invaild value ;

2016-08-06 16:31:36 trace :
------------
String:
<xml><ToUserName><![CDATA[gh_d5c808a7666e]]></ToUserName>
<FromUserName><![CDATA[om_6jt-F-Nf-YvbgFnSaIvX6jM_o]]></FromUserName>
<CreateTime>1470472295</CreateTime>
<MsgType><![CDATA[event]]></MsgType>
<Event><![CDATA[LOCATION]]></Event>
<Latitude>24.338945</Latitude>
<Longitude>109.349190</Longitude>
<Precision>65.000000</Precision>
</xml>

2016-08-06 16:31:36 params :
------------
Array:
message : Array ;
module : default ;
rule : -1 ;

2016-08-06 16:31:36 response :
------------
Array:
errno : -1 ;
message : Invaild value ;

2016-08-06 16:32:04 trace :
------------
String:
<xml><ToUserName><![CDATA[gh_d5c808a7666e]]></ToUserName>
<FromUserName><![CDATA[om_6jt9iQVUK3PDXHVqe8hDS3HVM]]></FromUserName>
<CreateTime>1470472324</CreateTime>
<MsgType><![CDATA[event]]></MsgType>
<Event><![CDATA[subscribe]]></Event>
<EventKey><![CDATA[]]></EventKey>
</xml>

2016-08-06 16:32:04 params :
------------
Array:
rule : -2 ;
module :  ;
message : Array ;

2016-08-06 16:32:04 response :
------------

2016-08-06 16:32:10 trace :
------------
String:
<xml><ToUserName><![CDATA[gh_d5c808a7666e]]></ToUserName>
<FromUserName><![CDATA[om_6jt9iQVUK3PDXHVqe8hDS3HVM]]></FromUserName>
<CreateTime>1470472330</CreateTime>
<MsgType><![CDATA[event]]></MsgType>
<Event><![CDATA[LOCATION]]></Event>
<Latitude>24.339508</Latitude>
<Longitude>109.348793</Longitude>
<Precision>580.000000</Precision>
</xml>

2016-08-06 16:32:10 params :
------------
Array:
message : Array ;
module : default ;
rule : -1 ;

2016-08-06 16:32:10 response :
------------
Array:
errno : -1 ;
message : Invaild value ;

2016-08-06 16:32:37 trace :
------------
String:
<xml><ToUserName><![CDATA[gh_d5c808a7666e]]></ToUserName>
<FromUserName><![CDATA[om_6jt9iQVUK3PDXHVqe8hDS3HVM]]></FromUserName>
<CreateTime>1470472357</CreateTime>
<MsgType><![CDATA[event]]></MsgType>
<Event><![CDATA[LOCATION]]></Event>
<Latitude>24.339508</Latitude>
<Longitude>109.348793</Longitude>
<Precision>580.000000</Precision>
</xml>

2016-08-06 16:32:37 params :
------------
Array:
message : Array ;
module : default ;
rule : -1 ;

2016-08-06 16:32:37 response :
------------
Array:
errno : -1 ;
message : Invaild value ;

2016-08-06 16:32:41 trace :
------------
String:
<xml><ToUserName><![CDATA[gh_d5c808a7666e]]></ToUserName>
<FromUserName><![CDATA[om_6jt9iQVUK3PDXHVqe8hDS3HVM]]></FromUserName>
<CreateTime>1470472358</CreateTime>
<MsgType><![CDATA[event]]></MsgType>
<Event><![CDATA[LOCATION]]></Event>
<Latitude>24.339508</Latitude>
<Longitude>109.348793</Longitude>
<Precision>580.000000</Precision>
</xml>

2016-08-06 16:32:41 params :
------------
Array:
message : Array ;
module : default ;
rule : -1 ;

2016-08-06 16:32:41 response :
------------
Array:
errno : -1 ;
message : Invaild value ;

2016-08-06 16:32:42 trace :
------------
String:
<xml><ToUserName><![CDATA[gh_d5c808a7666e]]></ToUserName>
<FromUserName><![CDATA[om_6jt9iQVUK3PDXHVqe8hDS3HVM]]></FromUserName>
<CreateTime>1470472359</CreateTime>
<MsgType><![CDATA[event]]></MsgType>
<Event><![CDATA[VIEW]]></Event>
<EventKey><![CDATA[http://shanghai.xyj0772.com/app/index.php?i=1&c=entry&id=2&do=game&m=j_money]]></EventKey>
<MenuId>404308051</MenuId>
</xml>

2016-08-06 16:32:42 params :
------------
Array:
rule : -2 ;
module :  ;
message : Array ;

2016-08-06 16:32:42 response :
------------

2016-08-06 16:33:02 trace :
------------
String:
<xml><ToUserName><![CDATA[gh_d5c808a7666e]]></ToUserName>
<FromUserName><![CDATA[om_6jt9iQVUK3PDXHVqe8hDS3HVM]]></FromUserName>
<CreateTime>1470472381</CreateTime>
<MsgType><![CDATA[event]]></MsgType>
<Event><![CDATA[LOCATION]]></Event>
<Latitude>24.339508</Latitude>
<Longitude>109.348793</Longitude>
<Precision>580.000000</Precision>
</xml>

2016-08-06 16:33:02 params :
------------
Array:
message : Array ;
module : default ;
rule : -1 ;

2016-08-06 16:33:02 response :
------------
Array:
errno : -1 ;
message : Invaild value ;

2016-08-06 16:33:02 trace :
------------
String:
<xml><ToUserName><![CDATA[gh_d5c808a7666e]]></ToUserName>
<FromUserName><![CDATA[om_6jt9iQVUK3PDXHVqe8hDS3HVM]]></FromUserName>
<CreateTime>1470472382</CreateTime>
<MsgType><![CDATA[event]]></MsgType>
<Event><![CDATA[VIEW]]></Event>
<EventKey><![CDATA[http://shanghai.xyj0772.com/app/index.php?i=1&c=entry&eid=22]]></EventKey>
<MenuId>404308051</MenuId>
</xml>

2016-08-06 16:33:02 params :
------------
Array:
rule : -2 ;
module :  ;
message : Array ;

2016-08-06 16:33:02 response :
------------

2016-08-06 16:33:12 trace :
------------
String:
<xml><ToUserName><![CDATA[gh_d5c808a7666e]]></ToUserName>
<FromUserName><![CDATA[om_6jt9iQVUK3PDXHVqe8hDS3HVM]]></FromUserName>
<CreateTime>1470472391</CreateTime>
<MsgType><![CDATA[event]]></MsgType>
<Event><![CDATA[LOCATION]]></Event>
<Latitude>24.339508</Latitude>
<Longitude>109.348793</Longitude>
<Precision>580.000000</Precision>
</xml>

2016-08-06 16:33:12 params :
------------
Array:
message : Array ;
module : default ;
rule : -1 ;

2016-08-06 16:33:12 response :
------------
Array:
errno : -1 ;
message : Invaild value ;

2016-08-06 16:33:15 trace :
------------
String:
<xml><ToUserName><![CDATA[gh_d5c808a7666e]]></ToUserName>
<FromUserName><![CDATA[om_6jt9iQVUK3PDXHVqe8hDS3HVM]]></FromUserName>
<CreateTime>1470472394</CreateTime>
<MsgType><![CDATA[event]]></MsgType>
<Event><![CDATA[VIEW]]></Event>
<EventKey><![CDATA[http://shanghai.xyj0772.com/app/index.php?i=1&c=entry&do=waprestList&m=weisrc_dish]]></EventKey>
<MenuId>404308051</MenuId>
</xml>

2016-08-06 16:33:15 params :
------------
Array:
rule : -2 ;
module :  ;
message : Array ;

2016-08-06 16:33:15 response :
------------

2016-08-06 16:35:14 trace :
------------
String:
<xml><ToUserName><![CDATA[gh_d5c808a7666e]]></ToUserName>
<FromUserName><![CDATA[om_6jt9iQVUK3PDXHVqe8hDS3HVM]]></FromUserName>
<CreateTime>1470472513</CreateTime>
<MsgType><![CDATA[event]]></MsgType>
<Event><![CDATA[LOCATION]]></Event>
<Latitude>24.339508</Latitude>
<Longitude>109.348793</Longitude>
<Precision>580.000000</Precision>
</xml>

2016-08-06 16:35:14 params :
------------
Array:
message : Array ;
module : default ;
rule : -1 ;

2016-08-06 16:35:14 response :
------------
Array:
errno : -1 ;
message : Invaild value ;

2016-08-06 16:46:54 trace :
------------
String:
<xml><ToUserName><![CDATA[gh_d5c808a7666e]]></ToUserName>
<FromUserName><![CDATA[om_6jt2t8oMVjEvsS2-SQA9Ymlq8]]></FromUserName>
<CreateTime>1470473214</CreateTime>
<MsgType><![CDATA[event]]></MsgType>
<Event><![CDATA[subscribe]]></Event>
<EventKey><![CDATA[]]></EventKey>
</xml>

2016-08-06 16:46:54 params :
------------
Array:
rule : -2 ;
module :  ;
message : Array ;

2016-08-06 16:46:54 response :
------------

2016-08-06 16:46:59 trace :
------------
String:
<xml><ToUserName><![CDATA[gh_d5c808a7666e]]></ToUserName>
<FromUserName><![CDATA[om_6jt2t8oMVjEvsS2-SQA9Ymlq8]]></FromUserName>
<CreateTime>1470473219</CreateTime>
<MsgType><![CDATA[event]]></MsgType>
<Event><![CDATA[LOCATION]]></Event>
<Latitude>24.339062</Latitude>
<Longitude>109.349228</Longitude>
<Precision>40.000000</Precision>
</xml>

2016-08-06 16:46:59 params :
------------
Array:
message : Array ;
module : default ;
rule : -1 ;

2016-08-06 16:46:59 response :
------------
Array:
errno : -1 ;
message : Invaild value ;

