2016-11-02 06:51:53 trace :
------------
String:
<xml><ToUserName><![CDATA[gh_d5c808a7666e]]></ToUserName>
<FromUserName><![CDATA[om_6jt-t_EXWnwOOGmDEF-KWAL7Q]]></FromUserName>
<CreateTime>1478040712</CreateTime>
<MsgType><![CDATA[event]]></MsgType>
<Event><![CDATA[unsubscribe]]></Event>
<EventKey><![CDATA[]]></EventKey>
</xml>

2016-11-02 15:17:08 trace :
------------
String:
<xml><ToUserName><![CDATA[gh_d5c808a7666e]]></ToUserName>
<FromUserName><![CDATA[om_6jt0mq0SXwqYbKTteo5rulNco]]></FromUserName>
<CreateTime>1478071027</CreateTime>
<MsgType><![CDATA[text]]></MsgType>
<Content><![CDATA[预约]]></Content>
<MsgId>6348266722535959053</MsgId>
</xml>

2016-11-02 15:17:08 params :
------------
Array:
message : Array ;
module : cover ;
rule : 17 ;
priority : 0 ;
keyword : Array ;

2016-11-02 15:17:08 response :
------------
Array:
FromUserName : gh_d5c808a7666e ;
ToUserName : om_6jt0mq0SXwqYbKTteo5rulNco ;
MsgType : news ;
ArticleCount : 1 ;
Articles : Array ;

