2016-01-31 00:30:10 trace :
------------
String:
<xml><ToUserName><![CDATA[gh_4a88bcb35142]]></ToUserName>
<FromUserName><![CDATA[oXvf4joG5krl9182VyMVIVMOrYnE]]></FromUserName>
<CreateTime>1454171410</CreateTime>
<MsgType><![CDATA[text]]></MsgType>
<Content><![CDATA[摸黑]]></Content>
<MsgId>6245618649130024246</MsgId>
</xml>

2016-01-31 00:30:10 params :
------------
Array:
rule : -2 ;
module :  ;
message : Array ;

2016-01-31 00:30:10 response :
------------

2016-01-31 22:19:05 trace :
------------
String:
<xml><ToUserName><![CDATA[gh_ccbf343b8498]]></ToUserName>
<FromUserName><![CDATA[oc2pYwKHDCkVRfybTwnXSJ16QfCQ]]></FromUserName>
<CreateTime>1454249940</CreateTime>
<MsgType><![CDATA[text]]></MsgType>
<Content><![CDATA[一分钱海报]]></Content>
<MsgId>6245955932913503218</MsgId>
</xml>

2016-01-31 22:19:05 params :
------------
Array:
message : Array ;
module : water_jfhb ;
rule : 359 ;
priority : 0 ;
keyword : Array ;

2016-01-31 22:19:05 response :
------------
Array:
FromUserName : gh_ccbf343b8498 ;
ToUserName : oc2pYwKHDCkVRfybTwnXSJ16QfCQ ;
MsgType : text ;
Content : 活动已经结束 ;

2016-01-31 22:20:29 trace :
------------
String:
<xml><ToUserName><![CDATA[gh_ccbf343b8498]]></ToUserName>
<FromUserName><![CDATA[oc2pYwKHDCkVRfybTwnXSJ16QfCQ]]></FromUserName>
<CreateTime>1454250025</CreateTime>
<MsgType><![CDATA[text]]></MsgType>
<Content><![CDATA[一分钱海报 ]]></Content>
<MsgId>6245956297985723411</MsgId>
</xml>

2016-01-31 22:20:29 params :
------------
Array:
message : Array ;
module : water_jfhb ;
rule : 359 ;
priority : 0 ;
keyword : Array ;

2016-01-31 22:20:29 response :
------------
Array:
FromUserName : gh_ccbf343b8498 ;
ToUserName : oc2pYwKHDCkVRfybTwnXSJ16QfCQ ;
MsgType : text ;
Content : 活动已经结束 ;

2016-01-31 22:35:07 trace :
------------
String:
<xml><ToUserName><![CDATA[gh_ccbf343b8498]]></ToUserName>
<FromUserName><![CDATA[oc2pYwOz6Qbtpc5vzmofCoHb-_T8]]></FromUserName>
<CreateTime>1454250907</CreateTime>
<MsgType><![CDATA[event]]></MsgType>
<Event><![CDATA[subscribe]]></Event>
<EventKey><![CDATA[]]></EventKey>
</xml>

2016-01-31 22:35:07 params :
------------
Array:
rule : -2 ;
module :  ;
message : Array ;

2016-01-31 22:35:07 response :
------------

2016-01-31 22:35:25 trace :
------------
String:
<xml><ToUserName><![CDATA[gh_ccbf343b8498]]></ToUserName>
<FromUserName><![CDATA[oc2pYwOz6Qbtpc5vzmofCoHb-_T8]]></FromUserName>
<CreateTime>1454250924</CreateTime>
<MsgType><![CDATA[text]]></MsgType>
<Content><![CDATA[微餐饮]]></Content>
<MsgId>6245960159161322851</MsgId>
</xml>

2016-01-31 22:35:25 params :
------------
Array:
message : Array ;
module : cover ;
rule : 347 ;
priority : 0 ;
keyword : Array ;

2016-01-31 22:35:25 response :
------------
Array:
FromUserName : gh_ccbf343b8498 ;
ToUserName : oc2pYwOz6Qbtpc5vzmofCoHb-_T8 ;
MsgType : news ;
ArticleCount : 1 ;
Articles : Array ;

2016-01-31 23:19:40 trace :
------------
String:
<xml><ToUserName><![CDATA[gh_ccbf343b8498]]></ToUserName>
<FromUserName><![CDATA[oc2pYwClbJlAZouL_Snsl3Y-US0A]]></FromUserName>
<CreateTime>1454253579</CreateTime>
<MsgType><![CDATA[event]]></MsgType>
<Event><![CDATA[subscribe]]></Event>
<EventKey><![CDATA[]]></EventKey>
</xml>

2016-01-31 23:19:40 params :
------------
Array:
rule : -2 ;
module :  ;
message : Array ;

2016-01-31 23:19:40 response :
------------

2016-01-31 23:19:55 trace :
------------
String:
<xml><ToUserName><![CDATA[gh_ccbf343b8498]]></ToUserName>
<FromUserName><![CDATA[oc2pYwClbJlAZouL_Snsl3Y-US0A]]></FromUserName>
<CreateTime>1454253594</CreateTime>
<MsgType><![CDATA[text]]></MsgType>
<Content><![CDATA[一元抽奖]]></Content>
<MsgId>6245971626724003885</MsgId>
</xml>

2016-01-31 23:19:55 params :
------------
Array:
rule : -2 ;
module :  ;
message : Array ;

2016-01-31 23:19:55 response :
------------

2016-01-31 23:31:44 trace :
------------
String:
<xml><ToUserName><![CDATA[gh_b1b17cd25a27]]></ToUserName>
<FromUserName><![CDATA[ozwYot9uiiKxdxgdwpCYi91I0VtI]]></FromUserName>
<CreateTime>1454254304</CreateTime>
<MsgType><![CDATA[event]]></MsgType>
<Event><![CDATA[CLICK]]></Event>
<EventKey><![CDATA[jfhb]]></EventKey>
</xml>

2016-01-31 23:31:44 params :
------------
Array:
rule : -2 ;
module :  ;
message : Array ;

2016-01-31 23:31:44 response :
------------

2016-01-31 23:31:49 trace :
------------
String:
<xml><ToUserName><![CDATA[gh_b1b17cd25a27]]></ToUserName>
<FromUserName><![CDATA[ozwYot9uiiKxdxgdwpCYi91I0VtI]]></FromUserName>
<CreateTime>1454254309</CreateTime>
<MsgType><![CDATA[event]]></MsgType>
<Event><![CDATA[CLICK]]></Event>
<EventKey><![CDATA[jfhb]]></EventKey>
</xml>

2016-01-31 23:31:49 params :
------------
Array:
rule : -2 ;
module :  ;
message : Array ;

2016-01-31 23:31:49 response :
------------

2016-01-31 23:31:50 trace :
------------
String:
<xml><ToUserName><![CDATA[gh_b1b17cd25a27]]></ToUserName>
<FromUserName><![CDATA[ozwYot9uiiKxdxgdwpCYi91I0VtI]]></FromUserName>
<CreateTime>1454254310</CreateTime>
<MsgType><![CDATA[event]]></MsgType>
<Event><![CDATA[CLICK]]></Event>
<EventKey><![CDATA[jfhb]]></EventKey>
</xml>

2016-01-31 23:31:50 params :
------------
Array:
rule : -2 ;
module :  ;
message : Array ;

2016-01-31 23:31:50 response :
------------

2016-01-31 23:31:52 trace :
------------
String:
<xml><ToUserName><![CDATA[gh_b1b17cd25a27]]></ToUserName>
<FromUserName><![CDATA[ozwYot9uiiKxdxgdwpCYi91I0VtI]]></FromUserName>
<CreateTime>1454254312</CreateTime>
<MsgType><![CDATA[event]]></MsgType>
<Event><![CDATA[VIEW]]></Event>
<EventKey><![CDATA[http://go.anbu.cc/weixin/app/index.php?i=1013&c=entry&do=index&m=netbuffer_creditchangered]]></EventKey>
<MenuId>402069513</MenuId>
</xml>

2016-01-31 23:31:52 params :
------------
Array:
rule : -2 ;
module :  ;
message : Array ;

2016-01-31 23:31:52 response :
------------

2016-01-31 23:31:55 trace :
------------
String:
<xml><ToUserName><![CDATA[gh_b1b17cd25a27]]></ToUserName>
<FromUserName><![CDATA[ozwYot9uiiKxdxgdwpCYi91I0VtI]]></FromUserName>
<CreateTime>1454254315</CreateTime>
<MsgType><![CDATA[event]]></MsgType>
<Event><![CDATA[VIEW]]></Event>
<EventKey><![CDATA[http://go.anbu.cc]]></EventKey>
<MenuId>402069513</MenuId>
</xml>

2016-01-31 23:31:55 params :
------------
Array:
rule : -2 ;
module :  ;
message : Array ;

2016-01-31 23:31:55 response :
------------

2016-01-31 23:31:57 trace :
------------
String:
<xml><ToUserName><![CDATA[gh_b1b17cd25a27]]></ToUserName>
<FromUserName><![CDATA[ozwYot9uiiKxdxgdwpCYi91I0VtI]]></FromUserName>
<CreateTime>1454254317</CreateTime>
<MsgType><![CDATA[event]]></MsgType>
<Event><![CDATA[CLICK]]></Event>
<EventKey><![CDATA[jfhb]]></EventKey>
</xml>

2016-01-31 23:31:57 params :
------------
Array:
rule : -2 ;
module :  ;
message : Array ;

2016-01-31 23:31:57 response :
------------

2016-01-31 23:33:41 trace :
------------
String:
<xml><ToUserName><![CDATA[gh_b1b17cd25a27]]></ToUserName>
<FromUserName><![CDATA[ozwYot9uiiKxdxgdwpCYi91I0VtI]]></FromUserName>
<CreateTime>1454254420</CreateTime>
<MsgType><![CDATA[event]]></MsgType>
<Event><![CDATA[CLICK]]></Event>
<EventKey><![CDATA[jfhb]]></EventKey>
</xml>

2016-01-31 23:33:41 params :
------------
Array:
rule : -2 ;
module :  ;
message : Array ;

2016-01-31 23:33:41 response :
------------

2016-01-31 23:33:47 trace :
------------
String:
<xml><ToUserName><![CDATA[gh_b1b17cd25a27]]></ToUserName>
<FromUserName><![CDATA[ozwYot9uiiKxdxgdwpCYi91I0VtI]]></FromUserName>
<CreateTime>1454254427</CreateTime>
<MsgType><![CDATA[event]]></MsgType>
<Event><![CDATA[CLICK]]></Event>
<EventKey><![CDATA[jfhb]]></EventKey>
</xml>

2016-01-31 23:33:47 params :
------------
Array:
rule : -2 ;
module :  ;
message : Array ;

2016-01-31 23:33:47 response :
------------

2016-01-31 23:33:54 trace :
------------
String:
<xml><ToUserName><![CDATA[gh_b1b17cd25a27]]></ToUserName>
<FromUserName><![CDATA[ozwYot9uiiKxdxgdwpCYi91I0VtI]]></FromUserName>
<CreateTime>1454254434</CreateTime>
<MsgType><![CDATA[event]]></MsgType>
<Event><![CDATA[unsubscribe]]></Event>
<EventKey><![CDATA[]]></EventKey>
</xml>

2016-01-31 23:34:09 trace :
------------
String:
<xml><ToUserName><![CDATA[gh_b1b17cd25a27]]></ToUserName>
<FromUserName><![CDATA[ozwYot9uiiKxdxgdwpCYi91I0VtI]]></FromUserName>
<CreateTime>1454254449</CreateTime>
<MsgType><![CDATA[event]]></MsgType>
<Event><![CDATA[subscribe]]></Event>
<EventKey><![CDATA[]]></EventKey>
</xml>

2016-01-31 23:34:09 params :
------------
Array:
rule : -2 ;
module :  ;
message : Array ;

2016-01-31 23:34:09 response :
------------

2016-01-31 23:34:12 trace :
------------
String:
<xml><ToUserName><![CDATA[gh_b1b17cd25a27]]></ToUserName>
<FromUserName><![CDATA[ozwYot9uiiKxdxgdwpCYi91I0VtI]]></FromUserName>
<CreateTime>1454254452</CreateTime>
<MsgType><![CDATA[event]]></MsgType>
<Event><![CDATA[CLICK]]></Event>
<EventKey><![CDATA[jfhb]]></EventKey>
</xml>

2016-01-31 23:34:12 params :
------------
Array:
rule : -2 ;
module :  ;
message : Array ;

2016-01-31 23:34:12 response :
------------

2016-01-31 23:34:23 trace :
------------
String:
<xml><ToUserName><![CDATA[gh_b1b17cd25a27]]></ToUserName>
<FromUserName><![CDATA[ozwYot9uiiKxdxgdwpCYi91I0VtI]]></FromUserName>
<CreateTime>1454254463</CreateTime>
<MsgType><![CDATA[event]]></MsgType>
<Event><![CDATA[CLICK]]></Event>
<EventKey><![CDATA[jfhb]]></EventKey>
</xml>

2016-01-31 23:34:23 params :
------------
Array:
rule : -2 ;
module :  ;
message : Array ;

2016-01-31 23:34:23 response :
------------

2016-01-31 23:34:29 trace :
------------
String:
<xml><ToUserName><![CDATA[gh_b1b17cd25a27]]></ToUserName>
<FromUserName><![CDATA[ozwYot9uiiKxdxgdwpCYi91I0VtI]]></FromUserName>
<CreateTime>1454254468</CreateTime>
<MsgType><![CDATA[event]]></MsgType>
<Event><![CDATA[CLICK]]></Event>
<EventKey><![CDATA[jfhb]]></EventKey>
</xml>

2016-01-31 23:34:29 params :
------------
Array:
rule : -2 ;
module :  ;
message : Array ;

2016-01-31 23:34:29 response :
------------

