2016-08-30 10:16:53 trace :
------------
String:
<xml><ToUserName><![CDATA[gh_d5c808a7666e]]></ToUserName>
<FromUserName><![CDATA[om_6jt0ZdsS0OlLSpfO0DVzyqMGU]]></FromUserName>
<CreateTime>1472523413</CreateTime>
<MsgType><![CDATA[event]]></MsgType>
<Event><![CDATA[VIEW]]></Event>
<EventKey><![CDATA[http://shanghai.xyj0772.com/app/index.php?i=1&c=entry&do=orderlist&m=weisrc_dish]]></EventKey>
<MenuId>404364929</MenuId>
</xml>

2016-08-30 10:16:53 params :
------------
Array:
rule : -2 ;
module :  ;
message : Array ;

2016-08-30 10:16:53 response :
------------

2016-08-30 10:20:10 trace :
------------
String:
<xml><ToUserName><![CDATA[gh_d5c808a7666e]]></ToUserName>
<FromUserName><![CDATA[om_6jt0mq0SXwqYbKTteo5rulNco]]></FromUserName>
<CreateTime>1472523610</CreateTime>
<MsgType><![CDATA[event]]></MsgType>
<Event><![CDATA[VIEW]]></Event>
<EventKey><![CDATA[http://shanghai.xyj0772.com/app/index.php?i=1&c=entry&eid=2]]></EventKey>
<MenuId>404364929</MenuId>
</xml>

2016-08-30 10:20:10 params :
------------
Array:
rule : -2 ;
module :  ;
message : Array ;

2016-08-30 10:20:10 response :
------------

2016-08-30 10:23:03 trace :
------------
String:
<xml><ToUserName><![CDATA[gh_d5c808a7666e]]></ToUserName>
<FromUserName><![CDATA[om_6jt0ZdsS0OlLSpfO0DVzyqMGU]]></FromUserName>
<CreateTime>1472523783</CreateTime>
<MsgType><![CDATA[event]]></MsgType>
<Event><![CDATA[VIEW]]></Event>
<EventKey><![CDATA[http://shanghai.xyj0772.com/app/index.php?i=1&c=entry&eid=22]]></EventKey>
<MenuId>404364929</MenuId>
</xml>

2016-08-30 10:23:03 params :
------------
Array:
rule : -2 ;
module :  ;
message : Array ;

2016-08-30 10:23:03 response :
------------

2016-08-30 10:25:22 trace :
------------
String:
<xml><ToUserName><![CDATA[gh_d5c808a7666e]]></ToUserName>
<FromUserName><![CDATA[om_6jt0ZdsS0OlLSpfO0DVzyqMGU]]></FromUserName>
<CreateTime>1472523922</CreateTime>
<MsgType><![CDATA[event]]></MsgType>
<Event><![CDATA[VIEW]]></Event>
<EventKey><![CDATA[http://shanghai.xyj0772.com/app/index.php?i=1&c=entry&do=orderlist&m=weisrc_dish]]></EventKey>
<MenuId>404364929</MenuId>
</xml>

2016-08-30 10:25:22 params :
------------
Array:
rule : -2 ;
module :  ;
message : Array ;

2016-08-30 10:25:22 response :
------------

2016-08-30 10:27:46 trace :
------------
String:
<xml><ToUserName><![CDATA[gh_d5c808a7666e]]></ToUserName>
<FromUserName><![CDATA[om_6jt0ZdsS0OlLSpfO0DVzyqMGU]]></FromUserName>
<CreateTime>1472524066</CreateTime>
<MsgType><![CDATA[event]]></MsgType>
<Event><![CDATA[VIEW]]></Event>
<EventKey><![CDATA[http://shanghai.xyj0772.com/app/index.php?i=1&c=entry&eid=22]]></EventKey>
<MenuId>404364929</MenuId>
</xml>

2016-08-30 10:27:46 params :
------------
Array:
rule : -2 ;
module :  ;
message : Array ;

2016-08-30 10:27:46 response :
------------

2016-08-30 10:28:25 trace :
------------
String:
<xml><ToUserName><![CDATA[gh_d5c808a7666e]]></ToUserName>
<FromUserName><![CDATA[om_6jt0ZdsS0OlLSpfO0DVzyqMGU]]></FromUserName>
<CreateTime>1472524105</CreateTime>
<MsgType><![CDATA[event]]></MsgType>
<Event><![CDATA[VIEW]]></Event>
<EventKey><![CDATA[http://shanghai.xyj0772.com/app/index.php?i=1&c=entry&eid=2]]></EventKey>
<MenuId>404364929</MenuId>
</xml>

2016-08-30 10:28:25 params :
------------
Array:
rule : -2 ;
module :  ;
message : Array ;

2016-08-30 10:28:25 response :
------------

2016-08-30 10:30:59 trace :
------------
String:
<xml><ToUserName><![CDATA[gh_d5c808a7666e]]></ToUserName>
<FromUserName><![CDATA[om_6jt0ZdsS0OlLSpfO0DVzyqMGU]]></FromUserName>
<CreateTime>1472524259</CreateTime>
<MsgType><![CDATA[event]]></MsgType>
<Event><![CDATA[VIEW]]></Event>
<EventKey><![CDATA[http://shanghai.xyj0772.com/app/index.php?i=1&c=entry&eid=22]]></EventKey>
<MenuId>404364929</MenuId>
</xml>

2016-08-30 10:30:59 params :
------------
Array:
rule : -2 ;
module :  ;
message : Array ;

2016-08-30 10:30:59 response :
------------

2016-08-30 10:47:53 trace :
------------
String:
<xml><ToUserName><![CDATA[gh_d5c808a7666e]]></ToUserName>
<FromUserName><![CDATA[om_6jt0ZdsS0OlLSpfO0DVzyqMGU]]></FromUserName>
<CreateTime>1472525273</CreateTime>
<MsgType><![CDATA[event]]></MsgType>
<Event><![CDATA[VIEW]]></Event>
<EventKey><![CDATA[http://shanghai.xyj0772.com/app/index.php?i=1&c=entry&eid=2]]></EventKey>
<MenuId>404364929</MenuId>
</xml>

2016-08-30 10:47:53 params :
------------
Array:
rule : -2 ;
module :  ;
message : Array ;

2016-08-30 10:47:53 response :
------------

2016-08-30 10:48:12 trace :
------------
String:
<xml><ToUserName><![CDATA[gh_d5c808a7666e]]></ToUserName>
<FromUserName><![CDATA[om_6jt0ZdsS0OlLSpfO0DVzyqMGU]]></FromUserName>
<CreateTime>1472525292</CreateTime>
<MsgType><![CDATA[event]]></MsgType>
<Event><![CDATA[VIEW]]></Event>
<EventKey><![CDATA[http://shanghai.xyj0772.com/app/index.php?i=1&c=entry&id=2&do=game&m=j_money]]></EventKey>
<MenuId>404364929</MenuId>
</xml>

2016-08-30 10:48:12 params :
------------
Array:
rule : -2 ;
module :  ;
message : Array ;

2016-08-30 10:48:12 response :
------------

2016-08-30 10:49:44 trace :
------------
String:
<xml><ToUserName><![CDATA[gh_d5c808a7666e]]></ToUserName>
<FromUserName><![CDATA[om_6jt0ZdsS0OlLSpfO0DVzyqMGU]]></FromUserName>
<CreateTime>1472525384</CreateTime>
<MsgType><![CDATA[event]]></MsgType>
<Event><![CDATA[VIEW]]></Event>
<EventKey><![CDATA[http://shanghai.xyj0772.com/app/index.php?i=1&c=entry&eid=22]]></EventKey>
<MenuId>404364929</MenuId>
</xml>

2016-08-30 10:49:44 params :
------------
Array:
rule : -2 ;
module :  ;
message : Array ;

2016-08-30 10:49:44 response :
------------

2016-08-30 13:34:23 trace :
------------
String:
<xml><ToUserName><![CDATA[gh_d5c808a7666e]]></ToUserName>
<FromUserName><![CDATA[om_6jt0mq0SXwqYbKTteo5rulNco]]></FromUserName>
<CreateTime>1472535263</CreateTime>
<MsgType><![CDATA[event]]></MsgType>
<Event><![CDATA[VIEW]]></Event>
<EventKey><![CDATA[https://open.weixin.qq.com/connect/oauth2/authorize?appid=wx5ce7ab396e8db3fe&redirect_uri=http%3A%2F%2Fshanghai.xyj0772.com%2Fapp%2F.%2Findex.php%3Fi%3D1%26c%3Dentry%26do%3Dwaprestlist%26m%3Dweisrc_dish&response_type=code&scope=snsapi_base&state=0#wechat_redirect]]></EventKey>
<MenuId>404364929</MenuId>
</xml>

2016-08-30 13:34:23 params :
------------
Array:
rule : -2 ;
module :  ;
message : Array ;

2016-08-30 13:34:23 response :
------------

2016-08-30 13:34:32 trace :
------------
String:
<xml><ToUserName><![CDATA[gh_d5c808a7666e]]></ToUserName>
<FromUserName><![CDATA[om_6jt0mq0SXwqYbKTteo5rulNco]]></FromUserName>
<CreateTime>1472535272</CreateTime>
<MsgType><![CDATA[event]]></MsgType>
<Event><![CDATA[VIEW]]></Event>
<EventKey><![CDATA[http://shanghai.xyj0772.com/app/index.php?i=1&c=entry&eid=2]]></EventKey>
<MenuId>404364929</MenuId>
</xml>

2016-08-30 13:34:32 params :
------------
Array:
rule : -2 ;
module :  ;
message : Array ;

2016-08-30 13:34:32 response :
------------

2016-08-30 13:34:39 trace :
------------
String:
<xml><ToUserName><![CDATA[gh_d5c808a7666e]]></ToUserName>
<FromUserName><![CDATA[om_6jt0mq0SXwqYbKTteo5rulNco]]></FromUserName>
<CreateTime>1472535279</CreateTime>
<MsgType><![CDATA[event]]></MsgType>
<Event><![CDATA[VIEW]]></Event>
<EventKey><![CDATA[http://shanghai.xyj0772.com/app/index.php?i=1&c=entry&eid=22]]></EventKey>
<MenuId>404364929</MenuId>
</xml>

2016-08-30 13:34:39 params :
------------
Array:
rule : -2 ;
module :  ;
message : Array ;

2016-08-30 13:34:39 response :
------------

2016-08-30 13:34:46 trace :
------------
String:
<xml><ToUserName><![CDATA[gh_d5c808a7666e]]></ToUserName>
<FromUserName><![CDATA[om_6jt0mq0SXwqYbKTteo5rulNco]]></FromUserName>
<CreateTime>1472535286</CreateTime>
<MsgType><![CDATA[event]]></MsgType>
<Event><![CDATA[VIEW]]></Event>
<EventKey><![CDATA[http://shanghai.xyj0772.com/app/index.php?i=1&c=entry&eid=2]]></EventKey>
<MenuId>404364929</MenuId>
</xml>

2016-08-30 13:34:46 params :
------------
Array:
rule : -2 ;
module :  ;
message : Array ;

2016-08-30 13:34:46 response :
------------

2016-08-30 13:35:01 trace :
------------
String:
<xml><ToUserName><![CDATA[gh_d5c808a7666e]]></ToUserName>
<FromUserName><![CDATA[om_6jt0mq0SXwqYbKTteo5rulNco]]></FromUserName>
<CreateTime>1472535301</CreateTime>
<MsgType><![CDATA[event]]></MsgType>
<Event><![CDATA[VIEW]]></Event>
<EventKey><![CDATA[http://shanghai.xyj0772.com/app/index.php?i=1&c=entry&do=wapindex&m=weisrc_dish]]></EventKey>
<MenuId>404364929</MenuId>
</xml>

2016-08-30 13:35:01 params :
------------
Array:
rule : -2 ;
module :  ;
message : Array ;

2016-08-30 13:35:01 response :
------------

2016-08-30 13:35:01 trace :
------------
String:
<xml><ToUserName><![CDATA[gh_d5c808a7666e]]></ToUserName>
<FromUserName><![CDATA[om_6jt0mq0SXwqYbKTteo5rulNco]]></FromUserName>
<CreateTime>1472535301</CreateTime>
<MsgType><![CDATA[event]]></MsgType>
<Event><![CDATA[VIEW]]></Event>
<EventKey><![CDATA[http://shanghai.xyj0772.com/app/index.php?i=1&c=entry&eid=2]]></EventKey>
<MenuId>404364929</MenuId>
</xml>

2016-08-30 13:35:01 params :
------------
Array:
rule : -2 ;
module :  ;
message : Array ;

2016-08-30 13:35:01 response :
------------

2016-08-30 13:35:01 trace :
------------
String:
<xml><ToUserName><![CDATA[gh_d5c808a7666e]]></ToUserName>
<FromUserName><![CDATA[om_6jt0mq0SXwqYbKTteo5rulNco]]></FromUserName>
<CreateTime>1472535301</CreateTime>
<MsgType><![CDATA[event]]></MsgType>
<Event><![CDATA[VIEW]]></Event>
<EventKey><![CDATA[http://shanghai.xyj0772.com/app/index.php?i=1&c=entry&eid=2]]></EventKey>
<MenuId>404364929</MenuId>
</xml>

2016-08-30 13:35:01 params :
------------
Array:
rule : -2 ;
module :  ;
message : Array ;

2016-08-30 13:35:01 response :
------------

2016-08-30 13:35:34 trace :
------------
String:
<xml><ToUserName><![CDATA[gh_d5c808a7666e]]></ToUserName>
<FromUserName><![CDATA[om_6jt0mq0SXwqYbKTteo5rulNco]]></FromUserName>
<CreateTime>1472535334</CreateTime>
<MsgType><![CDATA[event]]></MsgType>
<Event><![CDATA[VIEW]]></Event>
<EventKey><![CDATA[http://shanghai.xyj0772.com/app/index.php?i=1&c=entry&do=wapindex&m=weisrc_dish]]></EventKey>
<MenuId>404364929</MenuId>
</xml>

2016-08-30 13:35:34 params :
------------
Array:
rule : -2 ;
module :  ;
message : Array ;

2016-08-30 13:35:34 response :
------------

2016-08-30 13:35:53 trace :
------------
String:
<xml><ToUserName><![CDATA[gh_d5c808a7666e]]></ToUserName>
<FromUserName><![CDATA[om_6jt0mq0SXwqYbKTteo5rulNco]]></FromUserName>
<CreateTime>1472535352</CreateTime>
<MsgType><![CDATA[event]]></MsgType>
<Event><![CDATA[VIEW]]></Event>
<EventKey><![CDATA[http://shanghai.xyj0772.com/app/index.php?i=1&c=entry&eid=22]]></EventKey>
<MenuId>404364929</MenuId>
</xml>

2016-08-30 13:35:53 params :
------------
Array:
rule : -2 ;
module :  ;
message : Array ;

2016-08-30 13:35:53 response :
------------

2016-08-30 13:35:53 trace :
------------
String:
<xml><ToUserName><![CDATA[gh_d5c808a7666e]]></ToUserName>
<FromUserName><![CDATA[om_6jt0mq0SXwqYbKTteo5rulNco]]></FromUserName>
<CreateTime>1472535352</CreateTime>
<MsgType><![CDATA[event]]></MsgType>
<Event><![CDATA[VIEW]]></Event>
<EventKey><![CDATA[http://shanghai.xyj0772.com/app/index.php?i=1&c=entry&eid=2]]></EventKey>
<MenuId>404364929</MenuId>
</xml>

2016-08-30 13:35:53 params :
------------
Array:
rule : -2 ;
module :  ;
message : Array ;

2016-08-30 13:35:53 response :
------------

2016-08-30 14:19:37 trace :
------------
String:
<xml><ToUserName><![CDATA[gh_d5c808a7666e]]></ToUserName>
<FromUserName><![CDATA[om_6jt2KN5m2a7PN8LYPB54R85zI]]></FromUserName>
<CreateTime>1472537977</CreateTime>
<MsgType><![CDATA[event]]></MsgType>
<Event><![CDATA[VIEW]]></Event>
<EventKey><![CDATA[http://shanghai.xyj0772.com/app/index.php?i=1&c=entry&eid=4]]></EventKey>
<MenuId>404364960</MenuId>
</xml>

2016-08-30 14:19:37 params :
------------
Array:
rule : -2 ;
module :  ;
message : Array ;

2016-08-30 14:19:37 response :
------------

2016-08-30 14:19:49 trace :
------------
String:
<xml><ToUserName><![CDATA[gh_d5c808a7666e]]></ToUserName>
<FromUserName><![CDATA[om_6jt2KN5m2a7PN8LYPB54R85zI]]></FromUserName>
<CreateTime>1472537989</CreateTime>
<MsgType><![CDATA[event]]></MsgType>
<Event><![CDATA[VIEW]]></Event>
<EventKey><![CDATA[http://shanghai.xyj0772.com/app/index.php?i=1&c=entry&eid=4]]></EventKey>
<MenuId>404364960</MenuId>
</xml>

2016-08-30 14:19:49 params :
------------
Array:
rule : -2 ;
module :  ;
message : Array ;

2016-08-30 14:19:49 response :
------------

2016-08-30 14:20:08 trace :
------------
String:
<xml><ToUserName><![CDATA[gh_d5c808a7666e]]></ToUserName>
<FromUserName><![CDATA[om_6jt2KN5m2a7PN8LYPB54R85zI]]></FromUserName>
<CreateTime>1472538008</CreateTime>
<MsgType><![CDATA[event]]></MsgType>
<Event><![CDATA[VIEW]]></Event>
<EventKey><![CDATA[http://shanghai.xyj0772.com/app/index.php?i=1&c=entry&eid=4]]></EventKey>
<MenuId>404364960</MenuId>
</xml>

2016-08-30 14:20:08 params :
------------
Array:
rule : -2 ;
module :  ;
message : Array ;

2016-08-30 14:20:08 response :
------------

2016-08-30 14:20:11 trace :
------------
String:
<xml><ToUserName><![CDATA[gh_d5c808a7666e]]></ToUserName>
<FromUserName><![CDATA[om_6jt2KN5m2a7PN8LYPB54R85zI]]></FromUserName>
<CreateTime>1472538010</CreateTime>
<MsgType><![CDATA[event]]></MsgType>
<Event><![CDATA[VIEW]]></Event>
<EventKey><![CDATA[http://shanghai.xyj0772.com/app/index.php?i=1&c=entry&eid=4]]></EventKey>
<MenuId>404364960</MenuId>
</xml>

2016-08-30 14:20:11 params :
------------
Array:
rule : -2 ;
module :  ;
message : Array ;

2016-08-30 14:20:11 response :
------------

2016-08-30 14:20:13 trace :
------------
String:
<xml><ToUserName><![CDATA[gh_d5c808a7666e]]></ToUserName>
<FromUserName><![CDATA[om_6jt2KN5m2a7PN8LYPB54R85zI]]></FromUserName>
<CreateTime>1472538013</CreateTime>
<MsgType><![CDATA[event]]></MsgType>
<Event><![CDATA[VIEW]]></Event>
<EventKey><![CDATA[http://shanghai.xyj0772.com/app/index.php?i=1&c=entry&eid=4]]></EventKey>
<MenuId>404364960</MenuId>
</xml>

2016-08-30 14:20:13 params :
------------
Array:
rule : -2 ;
module :  ;
message : Array ;

2016-08-30 14:20:13 response :
------------

2016-08-30 14:20:23 trace :
------------
String:
<xml><ToUserName><![CDATA[gh_d5c808a7666e]]></ToUserName>
<FromUserName><![CDATA[om_6jt2KN5m2a7PN8LYPB54R85zI]]></FromUserName>
<CreateTime>1472538022</CreateTime>
<MsgType><![CDATA[event]]></MsgType>
<Event><![CDATA[unsubscribe]]></Event>
<EventKey><![CDATA[]]></EventKey>
</xml>

2016-08-30 14:20:30 trace :
------------
String:
<xml><ToUserName><![CDATA[gh_d5c808a7666e]]></ToUserName>
<FromUserName><![CDATA[om_6jt2KN5m2a7PN8LYPB54R85zI]]></FromUserName>
<CreateTime>1472538030</CreateTime>
<MsgType><![CDATA[event]]></MsgType>
<Event><![CDATA[subscribe]]></Event>
<EventKey><![CDATA[]]></EventKey>
</xml>

2016-08-30 14:20:30 params :
------------
Array:
rule : -2 ;
module :  ;
message : Array ;

2016-08-30 14:20:30 response :
------------

2016-08-30 14:20:33 trace :
------------
String:
<xml><ToUserName><![CDATA[gh_d5c808a7666e]]></ToUserName>
<FromUserName><![CDATA[om_6jt2KN5m2a7PN8LYPB54R85zI]]></FromUserName>
<CreateTime>1472538033</CreateTime>
<MsgType><![CDATA[event]]></MsgType>
<Event><![CDATA[VIEW]]></Event>
<EventKey><![CDATA[http://shanghai.xyj0772.com/app/index.php?i=1&c=entry&eid=17]]></EventKey>
<MenuId>404364961</MenuId>
</xml>

2016-08-30 14:20:33 params :
------------
Array:
rule : -2 ;
module :  ;
message : Array ;

2016-08-30 14:20:33 response :
------------

2016-08-30 14:21:26 trace :
------------
String:
<xml><ToUserName><![CDATA[gh_d5c808a7666e]]></ToUserName>
<FromUserName><![CDATA[om_6jt2KN5m2a7PN8LYPB54R85zI]]></FromUserName>
<CreateTime>1472538086</CreateTime>
<MsgType><![CDATA[event]]></MsgType>
<Event><![CDATA[VIEW]]></Event>
<EventKey><![CDATA[http://shanghai.xyj0772.com/app/index.php?i=1&c=entry&eid=17]]></EventKey>
<MenuId>404364961</MenuId>
</xml>

2016-08-30 14:21:26 params :
------------
Array:
rule : -2 ;
module :  ;
message : Array ;

2016-08-30 14:21:26 response :
------------

2016-08-30 14:23:38 trace :
------------
String:
<xml><ToUserName><![CDATA[gh_d5c808a7666e]]></ToUserName>
<FromUserName><![CDATA[om_6jt2KN5m2a7PN8LYPB54R85zI]]></FromUserName>
<CreateTime>1472538218</CreateTime>
<MsgType><![CDATA[event]]></MsgType>
<Event><![CDATA[unsubscribe]]></Event>
<EventKey><![CDATA[]]></EventKey>
</xml>

2016-08-30 14:23:46 trace :
------------
String:
<xml><ToUserName><![CDATA[gh_d5c808a7666e]]></ToUserName>
<FromUserName><![CDATA[om_6jt2KN5m2a7PN8LYPB54R85zI]]></FromUserName>
<CreateTime>1472538226</CreateTime>
<MsgType><![CDATA[event]]></MsgType>
<Event><![CDATA[subscribe]]></Event>
<EventKey><![CDATA[]]></EventKey>
</xml>

2016-08-30 14:23:46 params :
------------
Array:
rule : -2 ;
module :  ;
message : Array ;

2016-08-30 14:23:46 response :
------------

2016-08-30 14:23:49 trace :
------------
String:
<xml><ToUserName><![CDATA[gh_d5c808a7666e]]></ToUserName>
<FromUserName><![CDATA[om_6jt2KN5m2a7PN8LYPB54R85zI]]></FromUserName>
<CreateTime>1472538229</CreateTime>
<MsgType><![CDATA[event]]></MsgType>
<Event><![CDATA[VIEW]]></Event>
<EventKey><![CDATA[http://shanghai.xyj0772.com/app/index.php?i=1&c=entry&eid=20]]></EventKey>
<MenuId>404364962</MenuId>
</xml>

2016-08-30 14:23:49 params :
------------
Array:
rule : -2 ;
module :  ;
message : Array ;

2016-08-30 14:23:49 response :
------------

