2016-09-26 12:19:38 trace :
------------
String:
<xml><ToUserName><![CDATA[gh_d5c808a7666e]]></ToUserName>
<FromUserName><![CDATA[om_6jt_it_Zd46ZUoVYxdt9n_fSM]]></FromUserName>
<CreateTime>1474863578</CreateTime>
<MsgType><![CDATA[event]]></MsgType>
<Event><![CDATA[VIEW]]></Event>
<EventKey><![CDATA[http://shanghai.xyj0772.com/app/index.php?i=1&c=entry&do=orderlist&m=weisrc_dish]]></EventKey>
<MenuId>405795979</MenuId>
</xml>

2016-09-26 12:19:38 params :
------------
Array:
rule : -2 ;
module :  ;
message : Array ;

2016-09-26 12:19:38 response :
------------

2016-09-26 12:20:57 trace :
------------
String:
<xml><ToUserName><![CDATA[gh_d5c808a7666e]]></ToUserName>
<FromUserName><![CDATA[om_6jt_it_Zd46ZUoVYxdt9n_fSM]]></FromUserName>
<CreateTime>1474863656</CreateTime>
<MsgType><![CDATA[event]]></MsgType>
<Event><![CDATA[scancode_push]]></Event>
<EventKey><![CDATA[11]]></EventKey>
<ScanCodeInfo><ScanType><![CDATA[qrcode]]></ScanType>
<ScanResult><![CDATA[http://shanghai.xyj0772.com/app/index.php?i=1&c=entry&mode=1&storeid=1&tablesid=52&do=waplist&m=weisrc_dish]]></ScanResult>
</ScanCodeInfo>
</xml>

2016-09-26 12:20:57 params :
------------
Array:
rule : -2 ;
module :  ;
message : Array ;

2016-09-26 12:20:57 response :
------------

2016-09-26 12:27:37 trace :
------------
String:
<xml><ToUserName><![CDATA[gh_d5c808a7666e]]></ToUserName>
<FromUserName><![CDATA[om_6jt_it_Zd46ZUoVYxdt9n_fSM]]></FromUserName>
<CreateTime>1474864057</CreateTime>
<MsgType><![CDATA[text]]></MsgType>
<Content><![CDATA[http://shanghai.xyj0772.com/app/index.php?i=1&c=entry&from_user=om_6jt_it_Zd46ZUoVYxdt9n_fSM&storeid=1&mode=1&tablesid=46&do=wapmenu&m=weisrc_dish
]]></Content>
<MsgId>6334492891266681062</MsgId>
</xml>

2016-09-26 12:27:37 params :
------------
Array:
rule : -2 ;
module :  ;
message : Array ;

2016-09-26 12:27:37 response :
------------

2016-09-26 14:00:16 trace :
------------
String:
<xml><ToUserName><![CDATA[gh_d5c808a7666e]]></ToUserName>
<FromUserName><![CDATA[om_6jt_it_Zd46ZUoVYxdt9n_fSM]]></FromUserName>
<CreateTime>1474869616</CreateTime>
<MsgType><![CDATA[event]]></MsgType>
<Event><![CDATA[scancode_push]]></Event>
<EventKey><![CDATA[11]]></EventKey>
<ScanCodeInfo><ScanType><![CDATA[qrcode]]></ScanType>
<ScanResult><![CDATA[http://shanghai.xyj0772.com/app/index.php?i=1&c=entry&mode=1&storeid=1&tablesid=12&do=waplist&m=weisrc_dish]]></ScanResult>
</ScanCodeInfo>
</xml>

2016-09-26 14:00:16 params :
------------
Array:
rule : -2 ;
module :  ;
message : Array ;

2016-09-26 14:00:16 response :
------------

2016-09-26 18:36:24 trace :
------------
String:
<xml><ToUserName><![CDATA[gh_d5c808a7666e]]></ToUserName>
<FromUserName><![CDATA[om_6jtwK1SqXYxH3qyYgABWGiCR4]]></FromUserName>
<CreateTime>1474886184</CreateTime>
<MsgType><![CDATA[event]]></MsgType>
<Event><![CDATA[LOCATION]]></Event>
<Latitude>24.307598</Latitude>
<Longitude>109.403145</Longitude>
<Precision>50.000000</Precision>
</xml>

2016-09-26 18:36:24 params :
------------
Array:
message : Array ;
module : default ;
rule : -1 ;

2016-09-26 18:36:24 response :
------------
Array:
errno : -1 ;
message : Invaild value ;

