2016-05-11 11:14:04 trace :
------------
String:
<xml><ToUserName><![CDATA[gh_d5c808a7666e]]></ToUserName>
<FromUserName><![CDATA[om_6jt2KN5m2a7PN8LYPB54R85zI]]></FromUserName>
<CreateTime>1462936444</CreateTime>
<MsgType><![CDATA[event]]></MsgType>
<Event><![CDATA[VIEW]]></Event>
<EventKey><![CDATA[http://wqq.xyj0772.com/app/index.php?i=2&c=entry&eid=512]]></EventKey>
<MenuId>404102026</MenuId>
</xml>

2016-05-11 11:14:05 params :
------------
Array:
rule : -2 ;
module :  ;
message : Array ;

2016-05-11 11:14:05 response :
------------

2016-05-11 11:14:29 trace :
------------
String:
<xml><ToUserName><![CDATA[gh_d5c808a7666e]]></ToUserName>
<FromUserName><![CDATA[om_6jt2KN5m2a7PN8LYPB54R85zI]]></FromUserName>
<CreateTime>1462936469</CreateTime>
<MsgType><![CDATA[event]]></MsgType>
<Event><![CDATA[VIEW]]></Event>
<EventKey><![CDATA[http://wqq.xyj0772.com/app/index.php?i=2&c=entry&eid=512]]></EventKey>
<MenuId>404102026</MenuId>
</xml>

2016-05-11 11:14:29 params :
------------
Array:
rule : -2 ;
module :  ;
message : Array ;

2016-05-11 11:14:29 response :
------------

2016-05-11 11:15:58 trace :
------------
String:
<xml><ToUserName><![CDATA[gh_d5c808a7666e]]></ToUserName>
<FromUserName><![CDATA[om_6jt2KN5m2a7PN8LYPB54R85zI]]></FromUserName>
<CreateTime>1462936558</CreateTime>
<MsgType><![CDATA[event]]></MsgType>
<Event><![CDATA[CLICK]]></Event>
<EventKey><![CDATA[花店海报]]></EventKey>
</xml>

2016-05-11 11:16:13 trace :
------------
String:
<xml><ToUserName><![CDATA[gh_d5c808a7666e]]></ToUserName>
<FromUserName><![CDATA[om_6jt9nx0Vn3i2pXSydeJEeGeUU]]></FromUserName>
<CreateTime>1462936573</CreateTime>
<MsgType><![CDATA[event]]></MsgType>
<Event><![CDATA[unsubscribe]]></Event>
<EventKey><![CDATA[]]></EventKey>
</xml>

2016-05-11 11:18:24 trace :
------------
String:
<xml><ToUserName><![CDATA[gh_d5c808a7666e]]></ToUserName>
<FromUserName><![CDATA[om_6jt9nx0Vn3i2pXSydeJEeGeUU]]></FromUserName>
<CreateTime>1462936704</CreateTime>
<MsgType><![CDATA[event]]></MsgType>
<Event><![CDATA[subscribe]]></Event>
<EventKey><![CDATA[qrscene_b61cc861555195a0c8a6661f39aceb4d]]></EventKey>
<Ticket><![CDATA[gQEE7zoAAAAAAAAAASxodHRwOi8vd2VpeGluLnFxLmNvbS9xL1preHpqdmJra0NUcHhtMlNwbVJmAAIEGiwXVwMEAAAAAA==]]></Ticket>
</xml>

2016-05-11 11:19:32 trace :
------------
String:
<xml><ToUserName><![CDATA[gh_d5c808a7666e]]></ToUserName>
<FromUserName><![CDATA[om_6jt2KN5m2a7PN8LYPB54R85zI]]></FromUserName>
<CreateTime>1462936772</CreateTime>
<MsgType><![CDATA[event]]></MsgType>
<Event><![CDATA[LOCATION]]></Event>
<Latitude>24.307690</Latitude>
<Longitude>109.403122</Longitude>
<Precision>65.000000</Precision>
</xml>

2016-05-11 11:19:32 params :
------------
Array:
message : Array ;
module : default ;
rule : -1 ;

2016-05-11 11:19:32 response :
------------
Array:
errno : -1 ;
message : Invaild value ;

2016-05-11 11:19:37 trace :
------------
String:
<xml><ToUserName><![CDATA[gh_d5c808a7666e]]></ToUserName>
<FromUserName><![CDATA[om_6jt68FHP9JSRivKAKrExErDEo]]></FromUserName>
<CreateTime>1462936777</CreateTime>
<MsgType><![CDATA[event]]></MsgType>
<Event><![CDATA[SCAN]]></Event>
<EventKey><![CDATA[b61cc861555195a0c8a6661f39aceb4d]]></EventKey>
<Ticket><![CDATA[gQEE7zoAAAAAAAAAASxodHRwOi8vd2VpeGluLnFxLmNvbS9xL1preHpqdmJra0NUcHhtMlNwbVJmAAIEGiwXVwMEAAAAAA==]]></Ticket>
</xml>

2016-05-11 11:19:41 trace :
------------
String:
<xml><ToUserName><![CDATA[gh_d5c808a7666e]]></ToUserName>
<FromUserName><![CDATA[om_6jt68FHP9JSRivKAKrExErDEo]]></FromUserName>
<CreateTime>1462936781</CreateTime>
<MsgType><![CDATA[event]]></MsgType>
<Event><![CDATA[LOCATION]]></Event>
<Latitude>24.307915</Latitude>
<Longitude>109.403145</Longitude>
<Precision>40.000000</Precision>
</xml>

2016-05-11 11:19:41 params :
------------
Array:
message : Array ;
module : default ;
rule : -1 ;

2016-05-11 11:19:41 response :
------------
Array:
errno : -1 ;
message : Invaild value ;

2016-05-11 11:20:27 trace :
------------
String:
<xml><ToUserName><![CDATA[gh_d5c808a7666e]]></ToUserName>
<FromUserName><![CDATA[om_6jt5SDZmJVfSo1qmMhEqHBcUo]]></FromUserName>
<CreateTime>1462936827</CreateTime>
<MsgType><![CDATA[event]]></MsgType>
<Event><![CDATA[subscribe]]></Event>
<EventKey><![CDATA[qrscene_b61cc861555195a0c8a6661f39aceb4d]]></EventKey>
<Ticket><![CDATA[gQEE7zoAAAAAAAAAASxodHRwOi8vd2VpeGluLnFxLmNvbS9xL1preHpqdmJra0NUcHhtMlNwbVJmAAIEGiwXVwMEAAAAAA==]]></Ticket>
</xml>

2016-05-11 11:22:43 trace :
------------
String:
<xml><ToUserName><![CDATA[gh_d5c808a7666e]]></ToUserName>
<FromUserName><![CDATA[om_6jt5SDZmJVfSo1qmMhEqHBcUo]]></FromUserName>
<CreateTime>1462936963</CreateTime>
<MsgType><![CDATA[event]]></MsgType>
<Event><![CDATA[VIEW]]></Event>
<EventKey><![CDATA[http://wqq.xyj0772.com/app/index.php?i=2&c=entry&eid=512]]></EventKey>
<MenuId>404102026</MenuId>
</xml>

2016-05-11 11:22:44 params :
------------
Array:
rule : -2 ;
module :  ;
message : Array ;

2016-05-11 11:22:44 response :
------------

2016-05-11 11:22:45 trace :
------------
String:
<xml><ToUserName><![CDATA[gh_d5c808a7666e]]></ToUserName>
<FromUserName><![CDATA[om_6jt9wKTvQhiExDoxmw18_h0oE]]></FromUserName>
<CreateTime>1462936965</CreateTime>
<MsgType><![CDATA[event]]></MsgType>
<Event><![CDATA[LOCATION]]></Event>
<Latitude>24.307917</Latitude>
<Longitude>109.409187</Longitude>
<Precision>40.000000</Precision>
</xml>

2016-05-11 11:22:45 params :
------------
Array:
message : Array ;
module : default ;
rule : -1 ;

2016-05-11 11:22:45 response :
------------
Array:
errno : -1 ;
message : Invaild value ;

2016-05-11 11:22:55 trace :
------------
String:
<xml><ToUserName><![CDATA[gh_d5c808a7666e]]></ToUserName>
<FromUserName><![CDATA[om_6jt9wKTvQhiExDoxmw18_h0oE]]></FromUserName>
<CreateTime>1462936975</CreateTime>
<MsgType><![CDATA[event]]></MsgType>
<Event><![CDATA[VIEW]]></Event>
<EventKey><![CDATA[http://wqq.xyj0772.com/app/index.php?i=2&c=entry&eid=516]]></EventKey>
<MenuId>404102026</MenuId>
</xml>

2016-05-11 11:22:55 params :
------------
Array:
rule : -2 ;
module :  ;
message : Array ;

2016-05-11 11:22:55 response :
------------

2016-05-11 11:23:28 trace :
------------
String:
<xml><ToUserName><![CDATA[gh_d5c808a7666e]]></ToUserName>
<FromUserName><![CDATA[om_6jt9wKTvQhiExDoxmw18_h0oE]]></FromUserName>
<CreateTime>1462937008</CreateTime>
<MsgType><![CDATA[event]]></MsgType>
<Event><![CDATA[LOCATION]]></Event>
<Latitude>24.307917</Latitude>
<Longitude>109.409187</Longitude>
<Precision>40.000000</Precision>
</xml>

2016-05-11 11:23:28 params :
------------
Array:
message : Array ;
module : default ;
rule : -1 ;

2016-05-11 11:23:28 response :
------------
Array:
errno : -1 ;
message : Invaild value ;

2016-05-11 11:23:31 trace :
------------
String:
<xml><ToUserName><![CDATA[gh_d5c808a7666e]]></ToUserName>
<FromUserName><![CDATA[om_6jt9wKTvQhiExDoxmw18_h0oE]]></FromUserName>
<CreateTime>1462937010</CreateTime>
<MsgType><![CDATA[event]]></MsgType>
<Event><![CDATA[VIEW]]></Event>
<EventKey><![CDATA[http://wqq.xyj0772.com/app/index.php?i=2&c=entry&eid=516]]></EventKey>
<MenuId>404102026</MenuId>
</xml>

2016-05-11 11:23:31 params :
------------
Array:
rule : -2 ;
module :  ;
message : Array ;

2016-05-11 11:23:31 response :
------------

2016-05-11 11:30:23 trace :
------------
String:
<xml><ToUserName><![CDATA[gh_d5c808a7666e]]></ToUserName>
<FromUserName><![CDATA[om_6jt-U85eRGI8XQi614T3W6yCE]]></FromUserName>
<CreateTime>1462937423</CreateTime>
<MsgType><![CDATA[event]]></MsgType>
<Event><![CDATA[VIEW]]></Event>
<EventKey><![CDATA[http://wqq.xyj0772.com/app/index.php?i=2&c=entry&eid=512]]></EventKey>
<MenuId>404102026</MenuId>
</xml>

2016-05-11 11:30:23 params :
------------
Array:
rule : -2 ;
module :  ;
message : Array ;

2016-05-11 11:30:23 response :
------------

2016-05-11 11:34:40 trace :
------------
String:
<xml><ToUserName><![CDATA[gh_d5c808a7666e]]></ToUserName>
<FromUserName><![CDATA[om_6jt9nx0Vn3i2pXSydeJEeGeUU]]></FromUserName>
<CreateTime>1462937680</CreateTime>
<MsgType><![CDATA[event]]></MsgType>
<Event><![CDATA[VIEW]]></Event>
<EventKey><![CDATA[http://wqq.xyj0772.com/app/index.php?i=2&c=entry&eid=512]]></EventKey>
<MenuId>404102026</MenuId>
</xml>

2016-05-11 11:34:40 params :
------------
Array:
rule : -2 ;
module :  ;
message : Array ;

2016-05-11 11:34:40 response :
------------

2016-05-11 11:36:40 trace :
------------
String:
<xml><ToUserName><![CDATA[gh_d5c808a7666e]]></ToUserName>
<FromUserName><![CDATA[om_6jt9nx0Vn3i2pXSydeJEeGeUU]]></FromUserName>
<CreateTime>1462937800</CreateTime>
<MsgType><![CDATA[event]]></MsgType>
<Event><![CDATA[VIEW]]></Event>
<EventKey><![CDATA[http://wqq.xyj0772.com/app/index.php?i=2&c=entry&eid=512]]></EventKey>
<MenuId>404102026</MenuId>
</xml>

2016-05-11 11:36:40 params :
------------
Array:
rule : -2 ;
module :  ;
message : Array ;

2016-05-11 11:36:40 response :
------------

2016-05-11 11:39:40 trace :
------------
String:
<xml><ToUserName><![CDATA[gh_d5c808a7666e]]></ToUserName>
<FromUserName><![CDATA[om_6jt9nx0Vn3i2pXSydeJEeGeUU]]></FromUserName>
<CreateTime>1462937980</CreateTime>
<MsgType><![CDATA[event]]></MsgType>
<Event><![CDATA[VIEW]]></Event>
<EventKey><![CDATA[http://wqq.xyj0772.com/app/index.php?i=2&c=entry&eid=512]]></EventKey>
<MenuId>404102026</MenuId>
</xml>

2016-05-11 11:39:40 params :
------------
Array:
rule : -2 ;
module :  ;
message : Array ;

2016-05-11 11:39:40 response :
------------

2016-05-11 11:41:38 trace :
------------
String:
<xml><ToUserName><![CDATA[gh_d5c808a7666e]]></ToUserName>
<FromUserName><![CDATA[om_6jt-U85eRGI8XQi614T3W6yCE]]></FromUserName>
<CreateTime>1462938098</CreateTime>
<MsgType><![CDATA[event]]></MsgType>
<Event><![CDATA[VIEW]]></Event>
<EventKey><![CDATA[http://wqq.xyj0772.com/app/index.php?i=2&c=entry&eid=512]]></EventKey>
<MenuId>404102026</MenuId>
</xml>

2016-05-11 11:41:38 params :
------------
Array:
rule : -2 ;
module :  ;
message : Array ;

2016-05-11 11:41:38 response :
------------

2016-05-11 11:42:00 trace :
------------
String:
<xml><ToUserName><![CDATA[gh_d5c808a7666e]]></ToUserName>
<FromUserName><![CDATA[om_6jt9nx0Vn3i2pXSydeJEeGeUU]]></FromUserName>
<CreateTime>1462938120</CreateTime>
<MsgType><![CDATA[event]]></MsgType>
<Event><![CDATA[VIEW]]></Event>
<EventKey><![CDATA[http://wqq.xyj0772.com/app/index.php?i=2&c=entry&eid=512]]></EventKey>
<MenuId>404102026</MenuId>
</xml>

2016-05-11 11:42:00 params :
------------
Array:
rule : -2 ;
module :  ;
message : Array ;

2016-05-11 11:42:00 response :
------------

2016-05-11 11:42:41 trace :
------------
String:
<xml><ToUserName><![CDATA[gh_d5c808a7666e]]></ToUserName>
<FromUserName><![CDATA[om_6jt-U85eRGI8XQi614T3W6yCE]]></FromUserName>
<CreateTime>1462938161</CreateTime>
<MsgType><![CDATA[event]]></MsgType>
<Event><![CDATA[VIEW]]></Event>
<EventKey><![CDATA[http://wqq.xyj0772.com/app/index.php?i=2&c=entry&eid=512]]></EventKey>
<MenuId>404102026</MenuId>
</xml>

2016-05-11 11:42:41 params :
------------
Array:
rule : -2 ;
module :  ;
message : Array ;

2016-05-11 11:42:41 response :
------------

2016-05-11 11:46:31 trace :
------------
String:
<xml><ToUserName><![CDATA[gh_d5c808a7666e]]></ToUserName>
<FromUserName><![CDATA[om_6jt-U85eRGI8XQi614T3W6yCE]]></FromUserName>
<CreateTime>1462938390</CreateTime>
<MsgType><![CDATA[event]]></MsgType>
<Event><![CDATA[VIEW]]></Event>
<EventKey><![CDATA[http://wqq.xyj0772.com/app/index.php?i=2&c=entry&eid=512]]></EventKey>
<MenuId>404102026</MenuId>
</xml>

2016-05-11 11:46:31 params :
------------
Array:
rule : -2 ;
module :  ;
message : Array ;

2016-05-11 11:46:31 response :
------------

2016-05-11 11:47:57 trace :
------------
String:
<xml><ToUserName><![CDATA[gh_d5c808a7666e]]></ToUserName>
<FromUserName><![CDATA[om_6jt2KN5m2a7PN8LYPB54R85zI]]></FromUserName>
<CreateTime>1462938477</CreateTime>
<MsgType><![CDATA[event]]></MsgType>
<Event><![CDATA[VIEW]]></Event>
<EventKey><![CDATA[http://wqq.xyj0772.com/app/index.php?i=2&c=entry&eid=512]]></EventKey>
<MenuId>404102026</MenuId>
</xml>

2016-05-11 11:47:57 params :
------------
Array:
rule : -2 ;
module :  ;
message : Array ;

2016-05-11 11:47:57 response :
------------

2016-05-11 11:48:42 trace :
------------
String:
<xml><ToUserName><![CDATA[gh_d5c808a7666e]]></ToUserName>
<FromUserName><![CDATA[om_6jt2KN5m2a7PN8LYPB54R85zI]]></FromUserName>
<CreateTime>1462938522</CreateTime>
<MsgType><![CDATA[event]]></MsgType>
<Event><![CDATA[VIEW]]></Event>
<EventKey><![CDATA[http://wqq.xyj0772.com/app/index.php?i=2&c=entry&eid=512]]></EventKey>
<MenuId>404102026</MenuId>
</xml>

2016-05-11 11:48:42 params :
------------
Array:
rule : -2 ;
module :  ;
message : Array ;

2016-05-11 11:48:42 response :
------------

2016-05-11 11:54:52 trace :
------------
String:
<xml><ToUserName><![CDATA[gh_d5c808a7666e]]></ToUserName>
<FromUserName><![CDATA[om_6jt2KN5m2a7PN8LYPB54R85zI]]></FromUserName>
<CreateTime>1462938892</CreateTime>
<MsgType><![CDATA[event]]></MsgType>
<Event><![CDATA[VIEW]]></Event>
<EventKey><![CDATA[http://wqq.xyj0772.com/app/index.php?i=2&c=entry&eid=512]]></EventKey>
<MenuId>404102026</MenuId>
</xml>

2016-05-11 11:54:52 params :
------------
Array:
rule : -2 ;
module :  ;
message : Array ;

2016-05-11 11:54:52 response :
------------

2016-05-11 11:55:15 trace :
------------
String:
<xml><ToUserName><![CDATA[gh_d5c808a7666e]]></ToUserName>
<FromUserName><![CDATA[om_6jt2KN5m2a7PN8LYPB54R85zI]]></FromUserName>
<CreateTime>1462938915</CreateTime>
<MsgType><![CDATA[text]]></MsgType>
<Content><![CDATA[ http://wqq.xyj0772.com/app/index.php?i=2&c=entry&method=register&p=commission&m=ewei_shop&do=plugin]]></Content>
<MsgId>6283274796374825872</MsgId>
</xml>

2016-05-11 11:55:15 params :
------------
Array:
rule : -2 ;
module :  ;
message : Array ;

2016-05-11 11:55:15 response :
------------

2016-05-11 12:05:01 trace :
------------
String:
<xml><ToUserName><![CDATA[gh_d5c808a7666e]]></ToUserName>
<FromUserName><![CDATA[om_6jt2KN5m2a7PN8LYPB54R85zI]]></FromUserName>
<CreateTime>1462939501</CreateTime>
<MsgType><![CDATA[event]]></MsgType>
<Event><![CDATA[LOCATION]]></Event>
<Latitude>24.308031</Latitude>
<Longitude>109.403183</Longitude>
<Precision>65.000000</Precision>
</xml>

2016-05-11 12:05:01 params :
------------
Array:
message : Array ;
module : default ;
rule : -1 ;

2016-05-11 12:05:01 response :
------------
Array:
errno : -1 ;
message : Invaild value ;

2016-05-11 12:05:20 trace :
------------
String:
<xml><ToUserName><![CDATA[gh_d5c808a7666e]]></ToUserName>
<FromUserName><![CDATA[om_6jt2KN5m2a7PN8LYPB54R85zI]]></FromUserName>
<CreateTime>1462939520</CreateTime>
<MsgType><![CDATA[event]]></MsgType>
<Event><![CDATA[VIEW]]></Event>
<EventKey><![CDATA[http://wqq.xyj0772.com/app/index.php?i=2&c=entry&eid=120]]></EventKey>
<MenuId>404102035</MenuId>
</xml>

2016-05-11 12:05:20 params :
------------
Array:
rule : -2 ;
module :  ;
message : Array ;

2016-05-11 12:05:20 response :
------------

2016-05-11 12:05:21 trace :
------------
String:
<xml><ToUserName><![CDATA[gh_d5c808a7666e]]></ToUserName>
<FromUserName><![CDATA[om_6jt2KN5m2a7PN8LYPB54R85zI]]></FromUserName>
<CreateTime>1462939521</CreateTime>
<MsgType><![CDATA[event]]></MsgType>
<Event><![CDATA[VIEW]]></Event>
<EventKey><![CDATA[http://wqq.xyj0772.com/app/index.php?i=2&c=entry&eid=120]]></EventKey>
<MenuId>404102035</MenuId>
</xml>

2016-05-11 12:05:21 params :
------------
Array:
rule : -2 ;
module :  ;
message : Array ;

2016-05-11 12:05:21 response :
------------

2016-05-11 12:06:03 trace :
------------
String:
<xml><ToUserName><![CDATA[gh_d5c808a7666e]]></ToUserName>
<FromUserName><![CDATA[om_6jt2KN5m2a7PN8LYPB54R85zI]]></FromUserName>
<CreateTime>1462939563</CreateTime>
<MsgType><![CDATA[event]]></MsgType>
<Event><![CDATA[VIEW]]></Event>
<EventKey><![CDATA[http://wqq.xyj0772.com/app/index.php?i=2&c=entry&eid=63]]></EventKey>
<MenuId>404102035</MenuId>
</xml>

2016-05-11 12:06:03 params :
------------
Array:
rule : -2 ;
module :  ;
message : Array ;

2016-05-11 12:06:03 response :
------------

2016-05-11 12:06:48 trace :
------------
String:
<xml><ToUserName><![CDATA[gh_d5c808a7666e]]></ToUserName>
<FromUserName><![CDATA[om_6jt2KN5m2a7PN8LYPB54R85zI]]></FromUserName>
<CreateTime>1462939608</CreateTime>
<MsgType><![CDATA[event]]></MsgType>
<Event><![CDATA[CLICK]]></Event>
<EventKey><![CDATA[花店海报]]></EventKey>
</xml>

2016-05-11 12:06:55 trace :
------------
String:
<xml><ToUserName><![CDATA[gh_d5c808a7666e]]></ToUserName>
<FromUserName><![CDATA[om_6jt2KN5m2a7PN8LYPB54R85zI]]></FromUserName>
<CreateTime>1462939615</CreateTime>
<MsgType><![CDATA[event]]></MsgType>
<Event><![CDATA[VIEW]]></Event>
<EventKey><![CDATA[http://wqq.xyj0772.com/app/index.php?i=2&c=entry&eid=512]]></EventKey>
<MenuId>404102035</MenuId>
</xml>

2016-05-11 12:06:55 params :
------------
Array:
rule : -2 ;
module :  ;
message : Array ;

2016-05-11 12:06:55 response :
------------

2016-05-11 12:12:47 trace :
------------
String:
<xml><ToUserName><![CDATA[gh_d5c808a7666e]]></ToUserName>
<FromUserName><![CDATA[om_6jt2KN5m2a7PN8LYPB54R85zI]]></FromUserName>
<CreateTime>1462939966</CreateTime>
<MsgType><![CDATA[event]]></MsgType>
<Event><![CDATA[VIEW]]></Event>
<EventKey><![CDATA[http://wqq.xyj0772.com/app/index.php?i=2&c=entry&eid=63]]></EventKey>
<MenuId>404102035</MenuId>
</xml>

2016-05-11 12:12:47 params :
------------
Array:
rule : -2 ;
module :  ;
message : Array ;

2016-05-11 12:12:47 response :
------------

2016-05-11 12:12:47 trace :
------------
String:
<xml><ToUserName><![CDATA[gh_d5c808a7666e]]></ToUserName>
<FromUserName><![CDATA[om_6jt2KN5m2a7PN8LYPB54R85zI]]></FromUserName>
<CreateTime>1462939967</CreateTime>
<MsgType><![CDATA[event]]></MsgType>
<Event><![CDATA[LOCATION]]></Event>
<Latitude>24.307716</Latitude>
<Longitude>109.403107</Longitude>
<Precision>65.000000</Precision>
</xml>

2016-05-11 12:12:47 params :
------------
Array:
message : Array ;
module : default ;
rule : -1 ;

2016-05-11 12:12:47 response :
------------
Array:
errno : -1 ;
message : Invaild value ;

2016-05-11 12:12:54 trace :
------------
String:
<xml><ToUserName><![CDATA[gh_d5c808a7666e]]></ToUserName>
<FromUserName><![CDATA[om_6jt2KN5m2a7PN8LYPB54R85zI]]></FromUserName>
<CreateTime>1462939974</CreateTime>
<MsgType><![CDATA[event]]></MsgType>
<Event><![CDATA[VIEW]]></Event>
<EventKey><![CDATA[http://wqq.xyj0772.com/app/index.php?i=2&c=entry&method=register&p=commission&m=ewei_shop&do=plugin]]></EventKey>
<MenuId>404102035</MenuId>
</xml>

2016-05-11 12:12:54 params :
------------
Array:
rule : -2 ;
module :  ;
message : Array ;

2016-05-11 12:12:54 response :
------------

2016-05-11 12:13:12 trace :
------------
String:
<xml><ToUserName><![CDATA[gh_d5c808a7666e]]></ToUserName>
<FromUserName><![CDATA[om_6jt2KN5m2a7PN8LYPB54R85zI]]></FromUserName>
<CreateTime>1462939992</CreateTime>
<MsgType><![CDATA[event]]></MsgType>
<Event><![CDATA[VIEW]]></Event>
<EventKey><![CDATA[http://wqq.xyj0772.com/app/index.php?i=2&c=entry&eid=120]]></EventKey>
<MenuId>404102035</MenuId>
</xml>

2016-05-11 12:13:12 params :
------------
Array:
rule : -2 ;
module :  ;
message : Array ;

2016-05-11 12:13:12 response :
------------

2016-05-11 12:16:51 trace :
------------
String:
<xml><ToUserName><![CDATA[gh_d5c808a7666e]]></ToUserName>
<FromUserName><![CDATA[om_6jt-U85eRGI8XQi614T3W6yCE]]></FromUserName>
<CreateTime>1462940211</CreateTime>
<MsgType><![CDATA[event]]></MsgType>
<Event><![CDATA[VIEW]]></Event>
<EventKey><![CDATA[http://wqq.xyj0772.com/app/index.php?i=2&c=entry&eid=512]]></EventKey>
<MenuId>404102026</MenuId>
</xml>

2016-05-11 12:16:51 params :
------------
Array:
rule : -2 ;
module :  ;
message : Array ;

2016-05-11 12:16:51 response :
------------

2016-05-11 12:17:01 trace :
------------
String:
<xml><ToUserName><![CDATA[gh_d5c808a7666e]]></ToUserName>
<FromUserName><![CDATA[om_6jt-U85eRGI8XQi614T3W6yCE]]></FromUserName>
<CreateTime>1462940221</CreateTime>
<MsgType><![CDATA[event]]></MsgType>
<Event><![CDATA[VIEW]]></Event>
<EventKey><![CDATA[http://wqq.xyj0772.com/app/index.php?i=2&c=entry&eid=512]]></EventKey>
<MenuId>404102026</MenuId>
</xml>

2016-05-11 12:17:01 params :
------------
Array:
rule : -2 ;
module :  ;
message : Array ;

2016-05-11 12:17:01 response :
------------

2016-05-11 12:18:46 trace :
------------
String:
<xml><ToUserName><![CDATA[gh_d5c808a7666e]]></ToUserName>
<FromUserName><![CDATA[om_6jt-U85eRGI8XQi614T3W6yCE]]></FromUserName>
<CreateTime>1462940326</CreateTime>
<MsgType><![CDATA[event]]></MsgType>
<Event><![CDATA[unsubscribe]]></Event>
<EventKey><![CDATA[]]></EventKey>
</xml>

2016-05-11 12:19:09 trace :
------------
String:
<xml><ToUserName><![CDATA[gh_d5c808a7666e]]></ToUserName>
<FromUserName><![CDATA[om_6jt-U85eRGI8XQi614T3W6yCE]]></FromUserName>
<CreateTime>1462940349</CreateTime>
<MsgType><![CDATA[event]]></MsgType>
<Event><![CDATA[subscribe]]></Event>
<EventKey><![CDATA[]]></EventKey>
</xml>

2016-05-11 12:19:09 params :
------------
Array:
rule : -2 ;
module :  ;
message : Array ;

2016-05-11 12:19:09 response :
------------

2016-05-11 12:19:11 trace :
------------
String:
<xml><ToUserName><![CDATA[gh_d5c808a7666e]]></ToUserName>
<FromUserName><![CDATA[om_6jt-U85eRGI8XQi614T3W6yCE]]></FromUserName>
<CreateTime>1462940351</CreateTime>
<MsgType><![CDATA[event]]></MsgType>
<Event><![CDATA[LOCATION]]></Event>
<Latitude>24.306948</Latitude>
<Longitude>109.403557</Longitude>
<Precision>930.000000</Precision>
</xml>

2016-05-11 12:19:11 params :
------------
Array:
message : Array ;
module : default ;
rule : -1 ;

2016-05-11 12:19:11 response :
------------
Array:
errno : -1 ;
message : Invaild value ;

2016-05-11 12:19:24 trace :
------------
String:
<xml><ToUserName><![CDATA[gh_d5c808a7666e]]></ToUserName>
<FromUserName><![CDATA[om_6jt-U85eRGI8XQi614T3W6yCE]]></FromUserName>
<CreateTime>1462940364</CreateTime>
<MsgType><![CDATA[event]]></MsgType>
<Event><![CDATA[VIEW]]></Event>
<EventKey><![CDATA[http://wqq.xyj0772.com/app/index.php?i=2&c=entry&eid=512]]></EventKey>
<MenuId>404102035</MenuId>
</xml>

2016-05-11 12:19:24 params :
------------
Array:
rule : -2 ;
module :  ;
message : Array ;

2016-05-11 12:19:24 response :
------------

2016-05-11 14:07:43 trace :
------------
String:
<xml><ToUserName><![CDATA[gh_d5c808a7666e]]></ToUserName>
<FromUserName><![CDATA[om_6jt-U85eRGI8XQi614T3W6yCE]]></FromUserName>
<CreateTime>1462946862</CreateTime>
<MsgType><![CDATA[event]]></MsgType>
<Event><![CDATA[LOCATION]]></Event>
<Latitude>24.306948</Latitude>
<Longitude>109.403557</Longitude>
<Precision>930.000000</Precision>
</xml>

2016-05-11 14:07:43 params :
------------
Array:
message : Array ;
module : default ;
rule : -1 ;

2016-05-11 14:07:43 response :
------------
Array:
errno : -1 ;
message : Invaild value ;

2016-05-11 14:07:52 trace :
------------
String:
<xml><ToUserName><![CDATA[gh_d5c808a7666e]]></ToUserName>
<FromUserName><![CDATA[om_6jt-U85eRGI8XQi614T3W6yCE]]></FromUserName>
<CreateTime>1462946872</CreateTime>
<MsgType><![CDATA[event]]></MsgType>
<Event><![CDATA[VIEW]]></Event>
<EventKey><![CDATA[http://wqq.xyj0772.com/app/index.php?i=2&c=entry&eid=512]]></EventKey>
<MenuId>404102035</MenuId>
</xml>

2016-05-11 14:07:52 params :
------------
Array:
rule : -2 ;
module :  ;
message : Array ;

2016-05-11 14:07:52 response :
------------

2016-05-11 14:08:07 trace :
------------
String:
<xml><ToUserName><![CDATA[gh_d5c808a7666e]]></ToUserName>
<FromUserName><![CDATA[om_6jt-U85eRGI8XQi614T3W6yCE]]></FromUserName>
<CreateTime>1462946887</CreateTime>
<MsgType><![CDATA[event]]></MsgType>
<Event><![CDATA[LOCATION]]></Event>
<Latitude>24.306948</Latitude>
<Longitude>109.403557</Longitude>
<Precision>930.000000</Precision>
</xml>

2016-05-11 14:08:07 params :
------------
Array:
message : Array ;
module : default ;
rule : -1 ;

2016-05-11 14:08:07 response :
------------
Array:
errno : -1 ;
message : Invaild value ;

2016-05-11 14:08:14 trace :
------------
String:
<xml><ToUserName><![CDATA[gh_d5c808a7666e]]></ToUserName>
<FromUserName><![CDATA[om_6jt-U85eRGI8XQi614T3W6yCE]]></FromUserName>
<CreateTime>1462946894</CreateTime>
<MsgType><![CDATA[event]]></MsgType>
<Event><![CDATA[unsubscribe]]></Event>
<EventKey><![CDATA[]]></EventKey>
</xml>

2016-05-11 14:08:33 trace :
------------
String:
<xml><ToUserName><![CDATA[gh_d5c808a7666e]]></ToUserName>
<FromUserName><![CDATA[om_6jt-U85eRGI8XQi614T3W6yCE]]></FromUserName>
<CreateTime>1462946912</CreateTime>
<MsgType><![CDATA[event]]></MsgType>
<Event><![CDATA[subscribe]]></Event>
<EventKey><![CDATA[]]></EventKey>
</xml>

2016-05-11 14:08:33 params :
------------
Array:
rule : -2 ;
module :  ;
message : Array ;

2016-05-11 14:08:33 response :
------------

2016-05-11 14:08:35 trace :
------------
String:
<xml><ToUserName><![CDATA[gh_d5c808a7666e]]></ToUserName>
<FromUserName><![CDATA[om_6jt-U85eRGI8XQi614T3W6yCE]]></FromUserName>
<CreateTime>1462946915</CreateTime>
<MsgType><![CDATA[event]]></MsgType>
<Event><![CDATA[LOCATION]]></Event>
<Latitude>24.306948</Latitude>
<Longitude>109.403557</Longitude>
<Precision>930.000000</Precision>
</xml>

2016-05-11 14:08:35 params :
------------
Array:
message : Array ;
module : default ;
rule : -1 ;

2016-05-11 14:08:35 response :
------------
Array:
errno : -1 ;
message : Invaild value ;

2016-05-11 14:08:38 trace :
------------
String:
<xml><ToUserName><![CDATA[gh_d5c808a7666e]]></ToUserName>
<FromUserName><![CDATA[om_6jt-U85eRGI8XQi614T3W6yCE]]></FromUserName>
<CreateTime>1462946918</CreateTime>
<MsgType><![CDATA[event]]></MsgType>
<Event><![CDATA[VIEW]]></Event>
<EventKey><![CDATA[http://wqq.xyj0772.com/app/index.php?i=2&c=entry&eid=512]]></EventKey>
<MenuId>404102035</MenuId>
</xml>

2016-05-11 14:08:38 params :
------------
Array:
rule : -2 ;
module :  ;
message : Array ;

2016-05-11 14:08:38 response :
------------

2016-05-11 14:08:58 trace :
------------
String:
<xml><ToUserName><![CDATA[gh_d5c808a7666e]]></ToUserName>
<FromUserName><![CDATA[om_6jt-U85eRGI8XQi614T3W6yCE]]></FromUserName>
<CreateTime>1462946937</CreateTime>
<MsgType><![CDATA[event]]></MsgType>
<Event><![CDATA[LOCATION]]></Event>
<Latitude>24.306948</Latitude>
<Longitude>109.403557</Longitude>
<Precision>930.000000</Precision>
</xml>

2016-05-11 14:08:58 params :
------------
Array:
message : Array ;
module : default ;
rule : -1 ;

2016-05-11 14:08:58 response :
------------
Array:
errno : -1 ;
message : Invaild value ;

2016-05-11 14:08:59 trace :
------------
String:
<xml><ToUserName><![CDATA[gh_d5c808a7666e]]></ToUserName>
<FromUserName><![CDATA[om_6jt-U85eRGI8XQi614T3W6yCE]]></FromUserName>
<CreateTime>1462946938</CreateTime>
<MsgType><![CDATA[event]]></MsgType>
<Event><![CDATA[VIEW]]></Event>
<EventKey><![CDATA[http://wqq.xyj0772.com/app/index.php?i=2&c=entry&eid=512]]></EventKey>
<MenuId>404102035</MenuId>
</xml>

2016-05-11 14:08:59 params :
------------
Array:
rule : -2 ;
module :  ;
message : Array ;

2016-05-11 14:08:59 response :
------------

2016-05-11 14:11:04 trace :
------------
String:
<xml><ToUserName><![CDATA[gh_d5c808a7666e]]></ToUserName>
<FromUserName><![CDATA[om_6jt-U85eRGI8XQi614T3W6yCE]]></FromUserName>
<CreateTime>1462947063</CreateTime>
<MsgType><![CDATA[event]]></MsgType>
<Event><![CDATA[LOCATION]]></Event>
<Latitude>24.306948</Latitude>
<Longitude>109.403557</Longitude>
<Precision>930.000000</Precision>
</xml>

2016-05-11 14:11:04 params :
------------
Array:
message : Array ;
module : default ;
rule : -1 ;

2016-05-11 14:11:04 response :
------------
Array:
errno : -1 ;
message : Invaild value ;

2016-05-11 14:21:01 trace :
------------
String:
<xml><ToUserName><![CDATA[gh_d5c808a7666e]]></ToUserName>
<FromUserName><![CDATA[om_6jt-U85eRGI8XQi614T3W6yCE]]></FromUserName>
<CreateTime>1462947660</CreateTime>
<MsgType><![CDATA[event]]></MsgType>
<Event><![CDATA[LOCATION]]></Event>
<Latitude>24.306948</Latitude>
<Longitude>109.403557</Longitude>
<Precision>930.000000</Precision>
</xml>

2016-05-11 14:21:01 params :
------------
Array:
message : Array ;
module : default ;
rule : -1 ;

2016-05-11 14:21:01 response :
------------
Array:
errno : -1 ;
message : Invaild value ;

2016-05-11 14:22:27 trace :
------------
String:
<xml><ToUserName><![CDATA[gh_d5c808a7666e]]></ToUserName>
<FromUserName><![CDATA[om_6jt-U85eRGI8XQi614T3W6yCE]]></FromUserName>
<CreateTime>1462947747</CreateTime>
<MsgType><![CDATA[event]]></MsgType>
<Event><![CDATA[LOCATION]]></Event>
<Latitude>24.306948</Latitude>
<Longitude>109.403557</Longitude>
<Precision>930.000000</Precision>
</xml>

2016-05-11 14:22:27 params :
------------
Array:
message : Array ;
module : default ;
rule : -1 ;

2016-05-11 14:22:27 response :
------------
Array:
errno : -1 ;
message : Invaild value ;

2016-05-11 14:22:29 trace :
------------
String:
<xml><ToUserName><![CDATA[gh_d5c808a7666e]]></ToUserName>
<FromUserName><![CDATA[om_6jt-U85eRGI8XQi614T3W6yCE]]></FromUserName>
<CreateTime>1462947748</CreateTime>
<MsgType><![CDATA[event]]></MsgType>
<Event><![CDATA[VIEW]]></Event>
<EventKey><![CDATA[http://wqq.xyj0772.com/app/index.php?i=2&c=entry&eid=512]]></EventKey>
<MenuId>404102035</MenuId>
</xml>

2016-05-11 14:22:29 params :
------------
Array:
rule : -2 ;
module :  ;
message : Array ;

2016-05-11 14:22:29 response :
------------

2016-05-11 14:42:50 trace :
------------
String:
<xml><ToUserName><![CDATA[gh_d5c808a7666e]]></ToUserName>
<FromUserName><![CDATA[om_6jt2reuXZKpn7S21ogqL9aK0I]]></FromUserName>
<CreateTime>1462948970</CreateTime>
<MsgType><![CDATA[event]]></MsgType>
<Event><![CDATA[WifiConnected]]></Event><ConnectTime>1462948970</ConnectTime><ExpireTime>0</ExpireTime><VendorId><![CDATA[3001224419]]></VendorId><ShopId><![CDATA[7737770]]></ShopId><DeviceNo><![CDATA[70:3a:d8:30:e6:e0]]></DeviceNo></xml>

2016-05-11 14:42:50 params :
------------
Array:
rule : -2 ;
module :  ;
message : Array ;

2016-05-11 14:42:50 response :
------------

2016-05-11 14:50:28 trace :
------------
String:
<xml><ToUserName><![CDATA[gh_d5c808a7666e]]></ToUserName>
<FromUserName><![CDATA[om_6jt-U85eRGI8XQi614T3W6yCE]]></FromUserName>
<CreateTime>1462949428</CreateTime>
<MsgType><![CDATA[event]]></MsgType>
<Event><![CDATA[LOCATION]]></Event>
<Latitude>24.306948</Latitude>
<Longitude>109.403557</Longitude>
<Precision>930.000000</Precision>
</xml>

2016-05-11 14:50:28 params :
------------
Array:
message : Array ;
module : default ;
rule : -1 ;

2016-05-11 14:50:28 response :
------------
Array:
errno : -1 ;
message : Invaild value ;

2016-05-11 14:50:30 trace :
------------
String:
<xml><ToUserName><![CDATA[gh_d5c808a7666e]]></ToUserName>
<FromUserName><![CDATA[om_6jt-U85eRGI8XQi614T3W6yCE]]></FromUserName>
<CreateTime>1462949430</CreateTime>
<MsgType><![CDATA[event]]></MsgType>
<Event><![CDATA[VIEW]]></Event>
<EventKey><![CDATA[http://wqq.xyj0772.com/app/index.php?i=2&c=entry&eid=512]]></EventKey>
<MenuId>404102035</MenuId>
</xml>

2016-05-11 14:50:30 params :
------------
Array:
rule : -2 ;
module :  ;
message : Array ;

2016-05-11 14:50:30 response :
------------

2016-05-11 14:55:08 trace :
------------
String:
<xml><ToUserName><![CDATA[gh_d5c808a7666e]]></ToUserName>
<FromUserName><![CDATA[om_6jt-U85eRGI8XQi614T3W6yCE]]></FromUserName>
<CreateTime>1462949707</CreateTime>
<MsgType><![CDATA[event]]></MsgType>
<Event><![CDATA[LOCATION]]></Event>
<Latitude>24.306948</Latitude>
<Longitude>109.403557</Longitude>
<Precision>930.000000</Precision>
</xml>

2016-05-11 14:55:08 params :
------------
Array:
message : Array ;
module : default ;
rule : -1 ;

2016-05-11 14:55:08 response :
------------
Array:
errno : -1 ;
message : Invaild value ;

2016-05-11 14:55:23 trace :
------------
String:
<xml><ToUserName><![CDATA[gh_d5c808a7666e]]></ToUserName>
<FromUserName><![CDATA[om_6jt-U85eRGI8XQi614T3W6yCE]]></FromUserName>
<CreateTime>1462949723</CreateTime>
<MsgType><![CDATA[event]]></MsgType>
<Event><![CDATA[VIEW]]></Event>
<EventKey><![CDATA[http://wqq.xyj0772.com/app/index.php?i=2&c=entry&eid=512]]></EventKey>
<MenuId>404102035</MenuId>
</xml>

2016-05-11 14:55:23 params :
------------
Array:
rule : -2 ;
module :  ;
message : Array ;

2016-05-11 14:55:23 response :
------------

2016-05-11 15:01:49 trace :
------------
String:
<xml><ToUserName><![CDATA[gh_d5c808a7666e]]></ToUserName>
<FromUserName><![CDATA[om_6jt-U85eRGI8XQi614T3W6yCE]]></FromUserName>
<CreateTime>1462950108</CreateTime>
<MsgType><![CDATA[event]]></MsgType>
<Event><![CDATA[VIEW]]></Event>
<EventKey><![CDATA[http://wqq.xyj0772.com/app/index.php?i=2&c=entry&eid=512]]></EventKey>
<MenuId>404102035</MenuId>
</xml>

2016-05-11 15:01:49 params :
------------
Array:
rule : -2 ;
module :  ;
message : Array ;

2016-05-11 15:01:49 response :
------------

2016-05-11 15:02:48 trace :
------------
String:
<xml><ToUserName><![CDATA[gh_d5c808a7666e]]></ToUserName>
<FromUserName><![CDATA[om_6jt-U85eRGI8XQi614T3W6yCE]]></FromUserName>
<CreateTime>1462950168</CreateTime>
<MsgType><![CDATA[event]]></MsgType>
<Event><![CDATA[LOCATION]]></Event>
<Latitude>24.306948</Latitude>
<Longitude>109.403557</Longitude>
<Precision>930.000000</Precision>
</xml>

2016-05-11 15:02:48 params :
------------
Array:
message : Array ;
module : default ;
rule : -1 ;

2016-05-11 15:02:48 response :
------------
Array:
errno : -1 ;
message : Invaild value ;

2016-05-11 15:02:56 trace :
------------
String:
<xml><ToUserName><![CDATA[gh_d5c808a7666e]]></ToUserName>
<FromUserName><![CDATA[om_6jt-U85eRGI8XQi614T3W6yCE]]></FromUserName>
<CreateTime>1462950176</CreateTime>
<MsgType><![CDATA[event]]></MsgType>
<Event><![CDATA[unsubscribe]]></Event>
<EventKey><![CDATA[]]></EventKey>
</xml>

2016-05-11 15:03:13 trace :
------------
String:
<xml><ToUserName><![CDATA[gh_d5c808a7666e]]></ToUserName>
<FromUserName><![CDATA[om_6jt-U85eRGI8XQi614T3W6yCE]]></FromUserName>
<CreateTime>1462950193</CreateTime>
<MsgType><![CDATA[event]]></MsgType>
<Event><![CDATA[subscribe]]></Event>
<EventKey><![CDATA[]]></EventKey>
</xml>

2016-05-11 15:03:13 params :
------------
Array:
rule : -2 ;
module :  ;
message : Array ;

2016-05-11 15:03:13 response :
------------

2016-05-11 15:03:15 trace :
------------
String:
<xml><ToUserName><![CDATA[gh_d5c808a7666e]]></ToUserName>
<FromUserName><![CDATA[om_6jt-U85eRGI8XQi614T3W6yCE]]></FromUserName>
<CreateTime>1462950195</CreateTime>
<MsgType><![CDATA[event]]></MsgType>
<Event><![CDATA[LOCATION]]></Event>
<Latitude>24.306948</Latitude>
<Longitude>109.403557</Longitude>
<Precision>930.000000</Precision>
</xml>

2016-05-11 15:03:15 params :
------------
Array:
message : Array ;
module : default ;
rule : -1 ;

2016-05-11 15:03:15 response :
------------
Array:
errno : -1 ;
message : Invaild value ;

2016-05-11 15:03:16 trace :
------------
String:
<xml><ToUserName><![CDATA[gh_d5c808a7666e]]></ToUserName>
<FromUserName><![CDATA[om_6jt-U85eRGI8XQi614T3W6yCE]]></FromUserName>
<CreateTime>1462950196</CreateTime>
<MsgType><![CDATA[event]]></MsgType>
<Event><![CDATA[VIEW]]></Event>
<EventKey><![CDATA[http://wqq.xyj0772.com/app/index.php?i=2&c=entry&eid=512]]></EventKey>
<MenuId>404102035</MenuId>
</xml>

2016-05-11 15:03:17 params :
------------
Array:
rule : -2 ;
module :  ;
message : Array ;

2016-05-11 15:03:17 response :
------------

2016-05-11 15:05:28 trace :
------------
String:
<xml><ToUserName><![CDATA[gh_d5c808a7666e]]></ToUserName>
<FromUserName><![CDATA[om_6jt-U85eRGI8XQi614T3W6yCE]]></FromUserName>
<CreateTime>1462950327</CreateTime>
<MsgType><![CDATA[event]]></MsgType>
<Event><![CDATA[LOCATION]]></Event>
<Latitude>24.306948</Latitude>
<Longitude>109.403557</Longitude>
<Precision>930.000000</Precision>
</xml>

2016-05-11 15:05:28 params :
------------
Array:
message : Array ;
module : default ;
rule : -1 ;

2016-05-11 15:05:28 response :
------------
Array:
errno : -1 ;
message : Invaild value ;

2016-05-11 15:05:28 trace :
------------
String:
<xml><ToUserName><![CDATA[gh_d5c808a7666e]]></ToUserName>
<FromUserName><![CDATA[om_6jt-U85eRGI8XQi614T3W6yCE]]></FromUserName>
<CreateTime>1462950328</CreateTime>
<MsgType><![CDATA[event]]></MsgType>
<Event><![CDATA[VIEW]]></Event>
<EventKey><![CDATA[http://wqq.xyj0772.com/app/index.php?i=2&c=entry&eid=512]]></EventKey>
<MenuId>404102035</MenuId>
</xml>

2016-05-11 15:05:28 params :
------------
Array:
rule : -2 ;
module :  ;
message : Array ;

2016-05-11 15:05:28 response :
------------

2016-05-11 15:08:13 trace :
------------
String:
<xml><ToUserName><![CDATA[gh_d5c808a7666e]]></ToUserName>
<FromUserName><![CDATA[om_6jt9nx0Vn3i2pXSydeJEeGeUU]]></FromUserName>
<CreateTime>1462950493</CreateTime>
<MsgType><![CDATA[event]]></MsgType>
<Event><![CDATA[LOCATION]]></Event>
<Latitude>24.307522</Latitude>
<Longitude>109.403114</Longitude>
<Precision>65.000000</Precision>
</xml>

2016-05-11 15:08:13 params :
------------
Array:
message : Array ;
module : default ;
rule : -1 ;

2016-05-11 15:08:13 response :
------------
Array:
errno : -1 ;
message : Invaild value ;

2016-05-11 15:08:13 trace :
------------
String:
<xml><ToUserName><![CDATA[gh_d5c808a7666e]]></ToUserName>
<FromUserName><![CDATA[om_6jt9nx0Vn3i2pXSydeJEeGeUU]]></FromUserName>
<CreateTime>1462950493</CreateTime>
<MsgType><![CDATA[event]]></MsgType>
<Event><![CDATA[VIEW]]></Event>
<EventKey><![CDATA[http://wqq.xyj0772.com/app/index.php?i=2&c=entry&eid=512]]></EventKey>
<MenuId>404102026</MenuId>
</xml>

2016-05-11 15:08:13 params :
------------
Array:
rule : -2 ;
module :  ;
message : Array ;

2016-05-11 15:08:13 response :
------------

2016-05-11 15:08:13 trace :
------------
String:
<xml><ToUserName><![CDATA[gh_d5c808a7666e]]></ToUserName>
<FromUserName><![CDATA[om_6jt-U85eRGI8XQi614T3W6yCE]]></FromUserName>
<CreateTime>1462950493</CreateTime>
<MsgType><![CDATA[event]]></MsgType>
<Event><![CDATA[LOCATION]]></Event>
<Latitude>24.306948</Latitude>
<Longitude>109.403557</Longitude>
<Precision>930.000000</Precision>
</xml>

2016-05-11 15:08:13 params :
------------
Array:
message : Array ;
module : default ;
rule : -1 ;

2016-05-11 15:08:13 response :
------------
Array:
errno : -1 ;
message : Invaild value ;

2016-05-11 15:08:14 trace :
------------
String:
<xml><ToUserName><![CDATA[gh_d5c808a7666e]]></ToUserName>
<FromUserName><![CDATA[om_6jt-U85eRGI8XQi614T3W6yCE]]></FromUserName>
<CreateTime>1462950494</CreateTime>
<MsgType><![CDATA[event]]></MsgType>
<Event><![CDATA[VIEW]]></Event>
<EventKey><![CDATA[http://wqq.xyj0772.com/app/index.php?i=2&c=entry&eid=512]]></EventKey>
<MenuId>404102035</MenuId>
</xml>

2016-05-11 15:08:14 params :
------------
Array:
rule : -2 ;
module :  ;
message : Array ;

2016-05-11 15:08:14 response :
------------

2016-05-11 15:08:16 trace :
------------
String:
<xml><ToUserName><![CDATA[gh_d5c808a7666e]]></ToUserName>
<FromUserName><![CDATA[om_6jt9nx0Vn3i2pXSydeJEeGeUU]]></FromUserName>
<CreateTime>1462950496</CreateTime>
<MsgType><![CDATA[event]]></MsgType>
<Event><![CDATA[VIEW]]></Event>
<EventKey><![CDATA[http://wqq.xyj0772.com/app/index.php?i=2&c=entry&eid=512]]></EventKey>
<MenuId>404102035</MenuId>
</xml>

2016-05-11 15:08:16 params :
------------
Array:
rule : -2 ;
module :  ;
message : Array ;

2016-05-11 15:08:16 response :
------------

2016-05-11 15:08:53 trace :
------------
String:
<xml><ToUserName><![CDATA[gh_d5c808a7666e]]></ToUserName>
<FromUserName><![CDATA[om_6jt-U85eRGI8XQi614T3W6yCE]]></FromUserName>
<CreateTime>1462950533</CreateTime>
<MsgType><![CDATA[event]]></MsgType>
<Event><![CDATA[LOCATION]]></Event>
<Latitude>24.306948</Latitude>
<Longitude>109.403557</Longitude>
<Precision>930.000000</Precision>
</xml>

2016-05-11 15:08:53 params :
------------
Array:
message : Array ;
module : default ;
rule : -1 ;

2016-05-11 15:08:53 response :
------------
Array:
errno : -1 ;
message : Invaild value ;

2016-05-11 15:08:55 trace :
------------
String:
<xml><ToUserName><![CDATA[gh_d5c808a7666e]]></ToUserName>
<FromUserName><![CDATA[om_6jt-U85eRGI8XQi614T3W6yCE]]></FromUserName>
<CreateTime>1462950534</CreateTime>
<MsgType><![CDATA[event]]></MsgType>
<Event><![CDATA[VIEW]]></Event>
<EventKey><![CDATA[http://wqq.xyj0772.com/app/index.php?i=2&c=entry&eid=512]]></EventKey>
<MenuId>404102035</MenuId>
</xml>

2016-05-11 15:08:55 params :
------------
Array:
rule : -2 ;
module :  ;
message : Array ;

2016-05-11 15:08:55 response :
------------

2016-05-11 15:09:11 trace :
------------
String:
<xml><ToUserName><![CDATA[gh_d5c808a7666e]]></ToUserName>
<FromUserName><![CDATA[om_6jt9nx0Vn3i2pXSydeJEeGeUU]]></FromUserName>
<CreateTime>1462950551</CreateTime>
<MsgType><![CDATA[event]]></MsgType>
<Event><![CDATA[VIEW]]></Event>
<EventKey><![CDATA[http://wqq.xyj0772.com/app/index.php?i=2&c=entry&eid=512]]></EventKey>
<MenuId>404102035</MenuId>
</xml>

2016-05-11 15:09:11 params :
------------
Array:
rule : -2 ;
module :  ;
message : Array ;

2016-05-11 15:09:11 response :
------------

2016-05-11 15:16:39 trace :
------------
String:
<xml><ToUserName><![CDATA[gh_d5c808a7666e]]></ToUserName>
<FromUserName><![CDATA[om_6jt-U85eRGI8XQi614T3W6yCE]]></FromUserName>
<CreateTime>1462950999</CreateTime>
<MsgType><![CDATA[event]]></MsgType>
<Event><![CDATA[LOCATION]]></Event>
<Latitude>24.306948</Latitude>
<Longitude>109.403557</Longitude>
<Precision>930.000000</Precision>
</xml>

2016-05-11 15:16:39 params :
------------
Array:
message : Array ;
module : default ;
rule : -1 ;

2016-05-11 15:16:39 response :
------------
Array:
errno : -1 ;
message : Invaild value ;

2016-05-11 15:17:35 trace :
------------
String:
<xml><ToUserName><![CDATA[gh_d5c808a7666e]]></ToUserName>
<FromUserName><![CDATA[om_6jt2reuXZKpn7S21ogqL9aK0I]]></FromUserName>
<CreateTime>1462951055</CreateTime>
<MsgType><![CDATA[event]]></MsgType>
<Event><![CDATA[LOCATION]]></Event>
<Latitude>24.307835</Latitude>
<Longitude>109.403160</Longitude>
<Precision>65.000000</Precision>
</xml>

2016-05-11 15:17:35 params :
------------
Array:
message : Array ;
module : default ;
rule : -1 ;

2016-05-11 15:17:35 response :
------------
Array:
errno : -1 ;
message : Invaild value ;

2016-05-11 15:46:23 trace :
------------
String:
<xml><ToUserName><![CDATA[gh_d5c808a7666e]]></ToUserName>
<FromUserName><![CDATA[om_6jt-U85eRGI8XQi614T3W6yCE]]></FromUserName>
<CreateTime>1462952782</CreateTime>
<MsgType><![CDATA[event]]></MsgType>
<Event><![CDATA[LOCATION]]></Event>
<Latitude>24.307850</Latitude>
<Longitude>109.403030</Longitude>
<Precision>90.000000</Precision>
</xml>

2016-05-11 15:46:23 params :
------------
Array:
message : Array ;
module : default ;
rule : -1 ;

2016-05-11 15:46:23 response :
------------
Array:
errno : -1 ;
message : Invaild value ;

2016-05-11 15:46:24 trace :
------------
String:
<xml><ToUserName><![CDATA[gh_d5c808a7666e]]></ToUserName>
<FromUserName><![CDATA[om_6jt-U85eRGI8XQi614T3W6yCE]]></FromUserName>
<CreateTime>1462952784</CreateTime>
<MsgType><![CDATA[event]]></MsgType>
<Event><![CDATA[VIEW]]></Event>
<EventKey><![CDATA[http://wqq.xyj0772.com/app/index.php?i=2&c=entry&eid=512]]></EventKey>
<MenuId>404102035</MenuId>
</xml>

2016-05-11 15:46:24 params :
------------
Array:
rule : -2 ;
module :  ;
message : Array ;

2016-05-11 15:46:24 response :
------------

2016-05-11 15:46:58 trace :
------------
String:
<xml><ToUserName><![CDATA[gh_d5c808a7666e]]></ToUserName>
<FromUserName><![CDATA[om_6jt-U85eRGI8XQi614T3W6yCE]]></FromUserName>
<CreateTime>1462952818</CreateTime>
<MsgType><![CDATA[event]]></MsgType>
<Event><![CDATA[LOCATION]]></Event>
<Latitude>24.306948</Latitude>
<Longitude>109.403557</Longitude>
<Precision>930.000000</Precision>
</xml>

2016-05-11 15:46:58 params :
------------
Array:
message : Array ;
module : default ;
rule : -1 ;

2016-05-11 15:46:58 response :
------------
Array:
errno : -1 ;
message : Invaild value ;

2016-05-11 15:47:00 trace :
------------
String:
<xml><ToUserName><![CDATA[gh_d5c808a7666e]]></ToUserName>
<FromUserName><![CDATA[om_6jt-U85eRGI8XQi614T3W6yCE]]></FromUserName>
<CreateTime>1462952820</CreateTime>
<MsgType><![CDATA[event]]></MsgType>
<Event><![CDATA[VIEW]]></Event>
<EventKey><![CDATA[http://wqq.xyj0772.com/app/index.php?i=2&c=entry&eid=512]]></EventKey>
<MenuId>404102035</MenuId>
</xml>

2016-05-11 15:47:00 params :
------------
Array:
rule : -2 ;
module :  ;
message : Array ;

2016-05-11 15:47:00 response :
------------

2016-05-11 15:49:29 trace :
------------
String:
<xml><ToUserName><![CDATA[gh_d5c808a7666e]]></ToUserName>
<FromUserName><![CDATA[om_6jt-U85eRGI8XQi614T3W6yCE]]></FromUserName>
<CreateTime>1462952968</CreateTime>
<MsgType><![CDATA[event]]></MsgType>
<Event><![CDATA[LOCATION]]></Event>
<Latitude>24.306948</Latitude>
<Longitude>109.403557</Longitude>
<Precision>930.000000</Precision>
</xml>

2016-05-11 15:49:29 params :
------------
Array:
message : Array ;
module : default ;
rule : -1 ;

2016-05-11 15:49:29 response :
------------
Array:
errno : -1 ;
message : Invaild value ;

2016-05-11 16:00:40 trace :
------------
String:
<xml><ToUserName><![CDATA[gh_d5c808a7666e]]></ToUserName>
<FromUserName><![CDATA[om_6jt-U85eRGI8XQi614T3W6yCE]]></FromUserName>
<CreateTime>1462953637</CreateTime>
<MsgType><![CDATA[event]]></MsgType>
<Event><![CDATA[LOCATION]]></Event>
<Latitude>24.306948</Latitude>
<Longitude>109.403557</Longitude>
<Precision>930.000000</Precision>
</xml>

2016-05-11 16:00:40 params :
------------
Array:
message : Array ;
module : default ;
rule : -1 ;

2016-05-11 16:00:40 response :
------------
Array:
errno : -1 ;
message : Invaild value ;

2016-05-11 16:00:52 trace :
------------
String:
<xml><ToUserName><![CDATA[gh_d5c808a7666e]]></ToUserName>
<FromUserName><![CDATA[om_6jt-U85eRGI8XQi614T3W6yCE]]></FromUserName>
<CreateTime>1462953649</CreateTime>
<MsgType><![CDATA[event]]></MsgType>
<Event><![CDATA[LOCATION]]></Event>
<Latitude>24.306948</Latitude>
<Longitude>109.403557</Longitude>
<Precision>930.000000</Precision>
</xml>

2016-05-11 16:00:52 params :
------------
Array:
message : Array ;
module : default ;
rule : -1 ;

2016-05-11 16:00:52 response :
------------
Array:
errno : -1 ;
message : Invaild value ;

2016-05-11 16:00:55 trace :
------------
String:
<xml><ToUserName><![CDATA[gh_d5c808a7666e]]></ToUserName>
<FromUserName><![CDATA[om_6jt-U85eRGI8XQi614T3W6yCE]]></FromUserName>
<CreateTime>1462953652</CreateTime>
<MsgType><![CDATA[event]]></MsgType>
<Event><![CDATA[VIEW]]></Event>
<EventKey><![CDATA[http://wqq.xyj0772.com/app/index.php?i=2&c=entry&eid=512]]></EventKey>
<MenuId>404102035</MenuId>
</xml>

2016-05-11 16:00:55 params :
------------
Array:
rule : -2 ;
module :  ;
message : Array ;

2016-05-11 16:00:55 response :
------------

2016-05-11 16:01:25 trace :
------------
String:
<xml><ToUserName><![CDATA[gh_d5c808a7666e]]></ToUserName>
<FromUserName><![CDATA[om_6jt-U85eRGI8XQi614T3W6yCE]]></FromUserName>
<CreateTime>1462953681</CreateTime>
<MsgType><![CDATA[event]]></MsgType>
<Event><![CDATA[LOCATION]]></Event>
<Latitude>24.306948</Latitude>
<Longitude>109.403557</Longitude>
<Precision>930.000000</Precision>
</xml>

2016-05-11 16:01:25 params :
------------
Array:
message : Array ;
module : default ;
rule : -1 ;

2016-05-11 16:01:25 response :
------------
Array:
errno : -1 ;
message : Invaild value ;

2016-05-11 16:01:28 trace :
------------
String:
<xml><ToUserName><![CDATA[gh_d5c808a7666e]]></ToUserName>
<FromUserName><![CDATA[om_6jt-U85eRGI8XQi614T3W6yCE]]></FromUserName>
<CreateTime>1462953684</CreateTime>
<MsgType><![CDATA[event]]></MsgType>
<Event><![CDATA[VIEW]]></Event>
<EventKey><![CDATA[http://wqq.xyj0772.com/app/index.php?i=2&c=entry&eid=512]]></EventKey>
<MenuId>404102035</MenuId>
</xml>

2016-05-11 16:01:28 params :
------------
Array:
rule : -2 ;
module :  ;
message : Array ;

2016-05-11 16:01:28 response :
------------

2016-05-11 16:02:44 trace :
------------
String:
<xml><ToUserName><![CDATA[gh_d5c808a7666e]]></ToUserName>
<FromUserName><![CDATA[om_6jt-U85eRGI8XQi614T3W6yCE]]></FromUserName>
<CreateTime>1462953760</CreateTime>
<MsgType><![CDATA[event]]></MsgType>
<Event><![CDATA[LOCATION]]></Event>
<Latitude>24.306948</Latitude>
<Longitude>109.403557</Longitude>
<Precision>930.000000</Precision>
</xml>

2016-05-11 16:02:44 params :
------------
Array:
message : Array ;
module : default ;
rule : -1 ;

2016-05-11 16:02:44 response :
------------
Array:
errno : -1 ;
message : Invaild value ;

2016-05-11 16:04:32 trace :
------------
String:
<xml><ToUserName><![CDATA[gh_d5c808a7666e]]></ToUserName>
<FromUserName><![CDATA[om_6jt-U85eRGI8XQi614T3W6yCE]]></FromUserName>
<CreateTime>1462953868</CreateTime>
<MsgType><![CDATA[event]]></MsgType>
<Event><![CDATA[LOCATION]]></Event>
<Latitude>24.306948</Latitude>
<Longitude>109.403557</Longitude>
<Precision>930.000000</Precision>
</xml>

2016-05-11 16:04:32 params :
------------
Array:
message : Array ;
module : default ;
rule : -1 ;

2016-05-11 16:04:32 response :
------------
Array:
errno : -1 ;
message : Invaild value ;

2016-05-11 16:04:33 trace :
------------
String:
<xml><ToUserName><![CDATA[gh_d5c808a7666e]]></ToUserName>
<FromUserName><![CDATA[om_6jt-U85eRGI8XQi614T3W6yCE]]></FromUserName>
<CreateTime>1462953870</CreateTime>
<MsgType><![CDATA[event]]></MsgType>
<Event><![CDATA[VIEW]]></Event>
<EventKey><![CDATA[http://wqq.xyj0772.com/app/index.php?i=2&c=entry&eid=512]]></EventKey>
<MenuId>404102035</MenuId>
</xml>

2016-05-11 16:04:33 params :
------------
Array:
rule : -2 ;
module :  ;
message : Array ;

2016-05-11 16:04:33 response :
------------

2016-05-11 16:05:36 trace :
------------
String:
<xml><ToUserName><![CDATA[gh_d5c808a7666e]]></ToUserName>
<FromUserName><![CDATA[om_6jt-U85eRGI8XQi614T3W6yCE]]></FromUserName>
<CreateTime>1462953932</CreateTime>
<MsgType><![CDATA[event]]></MsgType>
<Event><![CDATA[VIEW]]></Event>
<EventKey><![CDATA[http://wqq.xyj0772.com/app/index.php?i=2&c=entry&eid=512]]></EventKey>
<MenuId>404102035</MenuId>
</xml>

2016-05-11 16:05:36 params :
------------
Array:
rule : -2 ;
module :  ;
message : Array ;

2016-05-11 16:05:36 response :
------------

2016-05-11 16:09:19 trace :
------------
String:
<xml><ToUserName><![CDATA[gh_d5c808a7666e]]></ToUserName>
<FromUserName><![CDATA[om_6jt-U85eRGI8XQi614T3W6yCE]]></FromUserName>
<CreateTime>1462954155</CreateTime>
<MsgType><![CDATA[event]]></MsgType>
<Event><![CDATA[LOCATION]]></Event>
<Latitude>24.306948</Latitude>
<Longitude>109.403557</Longitude>
<Precision>930.000000</Precision>
</xml>

2016-05-11 16:09:19 params :
------------
Array:
message : Array ;
module : default ;
rule : -1 ;

2016-05-11 16:09:19 response :
------------
Array:
errno : -1 ;
message : Invaild value ;

2016-05-11 16:09:21 trace :
------------
String:
<xml><ToUserName><![CDATA[gh_d5c808a7666e]]></ToUserName>
<FromUserName><![CDATA[om_6jt-U85eRGI8XQi614T3W6yCE]]></FromUserName>
<CreateTime>1462954157</CreateTime>
<MsgType><![CDATA[event]]></MsgType>
<Event><![CDATA[CLICK]]></Event>
<EventKey><![CDATA[花店海报]]></EventKey>
</xml>

2016-05-11 16:09:37 trace :
------------
String:
<xml><ToUserName><![CDATA[gh_d5c808a7666e]]></ToUserName>
<FromUserName><![CDATA[om_6jt-U85eRGI8XQi614T3W6yCE]]></FromUserName>
<CreateTime>1462954173</CreateTime>
<MsgType><![CDATA[event]]></MsgType>
<Event><![CDATA[LOCATION]]></Event>
<Latitude>24.306948</Latitude>
<Longitude>109.403557</Longitude>
<Precision>930.000000</Precision>
</xml>

2016-05-11 16:09:37 params :
------------
Array:
message : Array ;
module : default ;
rule : -1 ;

2016-05-11 16:09:37 response :
------------
Array:
errno : -1 ;
message : Invaild value ;

2016-05-11 16:10:05 trace :
------------
String:
<xml><ToUserName><![CDATA[gh_d5c808a7666e]]></ToUserName>
<FromUserName><![CDATA[om_6jt-U85eRGI8XQi614T3W6yCE]]></FromUserName>
<CreateTime>1462954200</CreateTime>
<MsgType><![CDATA[event]]></MsgType>
<Event><![CDATA[LOCATION]]></Event>
<Latitude>24.306948</Latitude>
<Longitude>109.403557</Longitude>
<Precision>930.000000</Precision>
</xml>

2016-05-11 16:10:05 params :
------------
Array:
message : Array ;
module : default ;
rule : -1 ;

2016-05-11 16:10:05 response :
------------
Array:
errno : -1 ;
message : Invaild value ;

2016-05-11 16:10:31 trace :
------------
String:
<xml><ToUserName><![CDATA[gh_d5c808a7666e]]></ToUserName>
<FromUserName><![CDATA[om_6jt-U85eRGI8XQi614T3W6yCE]]></FromUserName>
<CreateTime>1462954226</CreateTime>
<MsgType><![CDATA[event]]></MsgType>
<Event><![CDATA[LOCATION]]></Event>
<Latitude>24.306948</Latitude>
<Longitude>109.403557</Longitude>
<Precision>930.000000</Precision>
</xml>

2016-05-11 16:10:31 params :
------------
Array:
message : Array ;
module : default ;
rule : -1 ;

2016-05-11 16:10:31 response :
------------
Array:
errno : -1 ;
message : Invaild value ;

2016-05-11 18:34:45 trace :
------------
String:
<xml><ToUserName><![CDATA[gh_d5c808a7666e]]></ToUserName>
<FromUserName><![CDATA[om_6jt_kZYT_nceeo_9SR1k1fqls]]></FromUserName>
<CreateTime>1462962879</CreateTime>
<MsgType><![CDATA[event]]></MsgType>
<Event><![CDATA[VIEW]]></Event>
<EventKey><![CDATA[http://wqq.xyj0772.com/app/index.php?i=2&c=entry&eid=512]]></EventKey>
<MenuId>404102035</MenuId>
</xml>

2016-05-11 18:34:45 params :
------------
Array:
rule : -2 ;
module :  ;
message : Array ;

2016-05-11 18:34:45 response :
------------

2016-05-11 18:35:06 trace :
------------
String:
<xml><ToUserName><![CDATA[gh_d5c808a7666e]]></ToUserName>
<FromUserName><![CDATA[om_6jt_kZYT_nceeo_9SR1k1fqls]]></FromUserName>
<CreateTime>1462962900</CreateTime>
<MsgType><![CDATA[event]]></MsgType>
<Event><![CDATA[VIEW]]></Event>
<EventKey><![CDATA[http://wqq.xyj0772.com/app/index.php?i=2&c=entry&method=register&p=commission&m=ewei_shop&do=plugin]]></EventKey>
<MenuId>404102035</MenuId>
</xml>

2016-05-11 18:35:06 params :
------------
Array:
rule : -2 ;
module :  ;
message : Array ;

2016-05-11 18:35:06 response :
------------

2016-05-11 18:35:15 trace :
------------
String:
<xml><ToUserName><![CDATA[gh_d5c808a7666e]]></ToUserName>
<FromUserName><![CDATA[om_6jt_kZYT_nceeo_9SR1k1fqls]]></FromUserName>
<CreateTime>1462962909</CreateTime>
<MsgType><![CDATA[event]]></MsgType>
<Event><![CDATA[VIEW]]></Event>
<EventKey><![CDATA[http://wqq.xyj0772.com/app/index.php?i=2&c=entry&eid=512]]></EventKey>
<MenuId>404102035</MenuId>
</xml>

2016-05-11 18:35:15 params :
------------
Array:
rule : -2 ;
module :  ;
message : Array ;

2016-05-11 18:35:15 response :
------------

2016-05-11 18:35:19 trace :
------------
String:
<xml><ToUserName><![CDATA[gh_d5c808a7666e]]></ToUserName>
<FromUserName><![CDATA[om_6jt_kZYT_nceeo_9SR1k1fqls]]></FromUserName>
<CreateTime>1462962913</CreateTime>
<MsgType><![CDATA[event]]></MsgType>
<Event><![CDATA[CLICK]]></Event>
<EventKey><![CDATA[花店海报]]></EventKey>
</xml>

2016-05-11 18:35:23 trace :
------------
String:
<xml><ToUserName><![CDATA[gh_d5c808a7666e]]></ToUserName>
<FromUserName><![CDATA[om_6jt_kZYT_nceeo_9SR1k1fqls]]></FromUserName>
<CreateTime>1462962917</CreateTime>
<MsgType><![CDATA[event]]></MsgType>
<Event><![CDATA[VIEW]]></Event>
<EventKey><![CDATA[http://wqq.xyj0772.com/app/index.php?i=2&c=entry&eid=512]]></EventKey>
<MenuId>404102035</MenuId>
</xml>

2016-05-11 18:35:24 params :
------------
Array:
rule : -2 ;
module :  ;
message : Array ;

2016-05-11 18:35:24 response :
------------

2016-05-11 18:36:03 trace :
------------
String:
<xml><ToUserName><![CDATA[gh_d5c808a7666e]]></ToUserName>
<FromUserName><![CDATA[om_6jt_kZYT_nceeo_9SR1k1fqls]]></FromUserName>
<CreateTime>1462962956</CreateTime>
<MsgType><![CDATA[event]]></MsgType>
<Event><![CDATA[VIEW]]></Event>
<EventKey><![CDATA[http://wqq.xyj0772.com/app/index.php?i=2&c=entry&eid=63]]></EventKey>
<MenuId>404102035</MenuId>
</xml>

2016-05-11 18:36:03 params :
------------
Array:
rule : -2 ;
module :  ;
message : Array ;

2016-05-11 18:36:03 response :
------------

2016-05-11 18:36:11 trace :
------------
String:
<xml><ToUserName><![CDATA[gh_d5c808a7666e]]></ToUserName>
<FromUserName><![CDATA[om_6jt_kZYT_nceeo_9SR1k1fqls]]></FromUserName>
<CreateTime>1462962965</CreateTime>
<MsgType><![CDATA[event]]></MsgType>
<Event><![CDATA[VIEW]]></Event>
<EventKey><![CDATA[http://wqq.xyj0772.com/app/index.php?i=2&c=entry&eid=63]]></EventKey>
<MenuId>404102035</MenuId>
</xml>

2016-05-11 18:36:11 params :
------------
Array:
rule : -2 ;
module :  ;
message : Array ;

2016-05-11 18:36:11 response :
------------

2016-05-11 19:44:39 trace :
------------
String:
<xml><ToUserName><![CDATA[gh_d5c808a7666e]]></ToUserName>
<FromUserName><![CDATA[om_6jt_kZYT_nceeo_9SR1k1fqls]]></FromUserName>
<CreateTime>1462967072</CreateTime>
<MsgType><![CDATA[event]]></MsgType>
<Event><![CDATA[LOCATION]]></Event>
<Latitude>24.333858</Latitude>
<Longitude>109.436867</Longitude>
<Precision>65.000000</Precision>
</xml>

2016-05-11 19:44:39 params :
------------
Array:
message : Array ;
module : default ;
rule : -1 ;

2016-05-11 19:44:39 response :
------------
Array:
errno : -1 ;
message : Invaild value ;

2016-05-11 19:44:43 trace :
------------
String:
<xml><ToUserName><![CDATA[gh_d5c808a7666e]]></ToUserName>
<FromUserName><![CDATA[om_6jt_kZYT_nceeo_9SR1k1fqls]]></FromUserName>
<CreateTime>1462967076</CreateTime>
<MsgType><![CDATA[event]]></MsgType>
<Event><![CDATA[VIEW]]></Event>
<EventKey><![CDATA[http://wqq.xyj0772.com/app/index.php?i=2&c=entry&eid=512]]></EventKey>
<MenuId>404102035</MenuId>
</xml>

2016-05-11 19:44:43 params :
------------
Array:
rule : -2 ;
module :  ;
message : Array ;

2016-05-11 19:44:43 response :
------------

2016-05-11 19:59:10 trace :
------------
String:
<xml><ToUserName><![CDATA[gh_d5c808a7666e]]></ToUserName>
<FromUserName><![CDATA[om_6jt5SDZmJVfSo1qmMhEqHBcUo]]></FromUserName>
<CreateTime>1462967949</CreateTime>
<MsgType><![CDATA[event]]></MsgType>
<Event><![CDATA[LOCATION]]></Event>
<Latitude>24.300079</Latitude>
<Longitude>109.429810</Longitude>
<Precision>65.000000</Precision>
</xml>

2016-05-11 19:59:10 params :
------------
Array:
message : Array ;
module : default ;
rule : -1 ;

2016-05-11 19:59:10 response :
------------
Array:
errno : -1 ;
message : Invaild value ;

2016-05-11 19:59:19 trace :
------------
String:
<xml><ToUserName><![CDATA[gh_d5c808a7666e]]></ToUserName>
<FromUserName><![CDATA[om_6jt5SDZmJVfSo1qmMhEqHBcUo]]></FromUserName>
<CreateTime>1462967957</CreateTime>
<MsgType><![CDATA[event]]></MsgType>
<Event><![CDATA[VIEW]]></Event>
<EventKey><![CDATA[http://wqq.xyj0772.com/app/index.php?i=2&c=entry&eid=512]]></EventKey>
<MenuId>404102026</MenuId>
</xml>

2016-05-11 19:59:19 params :
------------
Array:
rule : -2 ;
module :  ;
message : Array ;

2016-05-11 19:59:19 response :
------------

2016-05-11 19:59:24 trace :
------------
String:
<xml><ToUserName><![CDATA[gh_d5c808a7666e]]></ToUserName>
<FromUserName><![CDATA[om_6jt5SDZmJVfSo1qmMhEqHBcUo]]></FromUserName>
<CreateTime>1462967963</CreateTime>
<MsgType><![CDATA[event]]></MsgType>
<Event><![CDATA[VIEW]]></Event>
<EventKey><![CDATA[http://wqq.xyj0772.com/app/index.php?i=2&c=entry&eid=512]]></EventKey>
<MenuId>404102026</MenuId>
</xml>

2016-05-11 19:59:24 params :
------------
Array:
rule : -2 ;
module :  ;
message : Array ;

2016-05-11 19:59:24 response :
------------

2016-05-11 20:01:52 trace :
------------
String:
<xml><ToUserName><![CDATA[gh_d5c808a7666e]]></ToUserName>
<FromUserName><![CDATA[om_6jt5SDZmJVfSo1qmMhEqHBcUo]]></FromUserName>
<CreateTime>1462968110</CreateTime>
<MsgType><![CDATA[event]]></MsgType>
<Event><![CDATA[LOCATION]]></Event>
<Latitude>24.299957</Latitude>
<Longitude>109.429970</Longitude>
<Precision>50.000000</Precision>
</xml>

2016-05-11 20:01:52 params :
------------
Array:
message : Array ;
module : default ;
rule : -1 ;

2016-05-11 20:01:52 response :
------------
Array:
errno : -1 ;
message : Invaild value ;

2016-05-11 23:26:43 trace :
------------
String:
<xml><ToUserName><![CDATA[gh_d5c808a7666e]]></ToUserName>
<FromUserName><![CDATA[om_6jt_kZYT_nceeo_9SR1k1fqls]]></FromUserName>
<CreateTime>1462980398</CreateTime>
<MsgType><![CDATA[event]]></MsgType>
<Event><![CDATA[VIEW]]></Event>
<EventKey><![CDATA[http://wqq.xyj0772.com/app/index.php?i=2&c=entry&method=register&p=commission&m=ewei_shop&do=plugin]]></EventKey>
<MenuId>404102035</MenuId>
</xml>

2016-05-11 23:26:43 params :
------------
Array:
rule : -2 ;
module :  ;
message : Array ;

2016-05-11 23:26:43 response :
------------

