2016-09-27 09:26:26 trace :
------------
String:
<xml><ToUserName><![CDATA[gh_d5c808a7666e]]></ToUserName>
<FromUserName><![CDATA[om_6jt6usuAZP1BqD9ZAcymcvAQ8]]></FromUserName>
<CreateTime>1474939585</CreateTime>
<MsgType><![CDATA[event]]></MsgType>
<Event><![CDATA[subscribe]]></Event>
<EventKey><![CDATA[]]></EventKey>
</xml>

2016-09-27 09:26:26 params :
------------
Array:
rule : -2 ;
module :  ;
message : Array ;

2016-09-27 09:26:26 response :
------------

2016-09-27 09:26:30 trace :
------------
String:
<xml><ToUserName><![CDATA[gh_d5c808a7666e]]></ToUserName>
<FromUserName><![CDATA[om_6jt6usuAZP1BqD9ZAcymcvAQ8]]></FromUserName>
<CreateTime>1474939590</CreateTime>
<MsgType><![CDATA[event]]></MsgType>
<Event><![CDATA[LOCATION]]></Event>
<Latitude>24.308084</Latitude>
<Longitude>109.403252</Longitude>
<Precision>40.000000</Precision>
</xml>

2016-09-27 09:26:30 params :
------------
Array:
message : Array ;
module : default ;
rule : -1 ;

2016-09-27 09:26:30 response :
------------
Array:
errno : -1 ;
message : Invaild value ;

2016-09-27 09:26:43 trace :
------------
String:
<xml><ToUserName><![CDATA[gh_d5c808a7666e]]></ToUserName>
<FromUserName><![CDATA[om_6jt6usuAZP1BqD9ZAcymcvAQ8]]></FromUserName>
<CreateTime>1474939603</CreateTime>
<MsgType><![CDATA[event]]></MsgType>
<Event><![CDATA[LOCATION]]></Event>
<Latitude>24.308031</Latitude>
<Longitude>109.403244</Longitude>
<Precision>40.000000</Precision>
</xml>

2016-09-27 09:26:43 params :
------------
Array:
message : Array ;
module : default ;
rule : -1 ;

2016-09-27 09:26:43 response :
------------
Array:
errno : -1 ;
message : Invaild value ;

2016-09-27 09:26:46 trace :
------------
String:
<xml><ToUserName><![CDATA[gh_d5c808a7666e]]></ToUserName>
<FromUserName><![CDATA[om_6jt6usuAZP1BqD9ZAcymcvAQ8]]></FromUserName>
<CreateTime>1474939605</CreateTime>
<MsgType><![CDATA[event]]></MsgType>
<Event><![CDATA[VIEW]]></Event>
<EventKey><![CDATA[http://shanghai.xyj0772.com/app/index.php?i=1&c=entry&eid=110]]></EventKey>
<MenuId>405795979</MenuId>
</xml>

2016-09-27 09:26:46 params :
------------
Array:
rule : -2 ;
module :  ;
message : Array ;

2016-09-27 09:26:46 response :
------------

2016-09-27 09:26:47 trace :
------------
String:
<xml><ToUserName><![CDATA[gh_d5c808a7666e]]></ToUserName>
<FromUserName><![CDATA[om_6jt6usuAZP1BqD9ZAcymcvAQ8]]></FromUserName>
<CreateTime>1474939607</CreateTime>
<MsgType><![CDATA[event]]></MsgType>
<Event><![CDATA[LOCATION]]></Event>
<Latitude>24.308031</Latitude>
<Longitude>109.403244</Longitude>
<Precision>40.000000</Precision>
</xml>

2016-09-27 09:26:47 params :
------------
Array:
message : Array ;
module : default ;
rule : -1 ;

2016-09-27 09:26:47 response :
------------
Array:
errno : -1 ;
message : Invaild value ;

2016-09-27 13:49:08 trace :
------------
String:
<xml><ToUserName><![CDATA[gh_d5c808a7666e]]></ToUserName>
<FromUserName><![CDATA[om_6jt6usuAZP1BqD9ZAcymcvAQ8]]></FromUserName>
<CreateTime>1474955348</CreateTime>
<MsgType><![CDATA[event]]></MsgType>
<Event><![CDATA[VIEW]]></Event>
<EventKey><![CDATA[http://shanghai.xyj0772.com/app/index.php?i=1&c=entry&do=orderlist&m=weisrc_dish]]></EventKey>
<MenuId>405795979</MenuId>
</xml>

2016-09-27 13:49:08 params :
------------
Array:
rule : -2 ;
module :  ;
message : Array ;

2016-09-27 13:49:08 response :
------------

2016-09-27 15:13:21 trace :
------------
String:
<xml><ToUserName><![CDATA[gh_d5c808a7666e]]></ToUserName>
<FromUserName><![CDATA[om_6jt6usuAZP1BqD9ZAcymcvAQ8]]></FromUserName>
<CreateTime>1474960401</CreateTime>
<MsgType><![CDATA[event]]></MsgType>
<Event><![CDATA[LOCATION]]></Event>
<Latitude>24.307825</Latitude>
<Longitude>109.403259</Longitude>
<Precision>40.000000</Precision>
</xml>

2016-09-27 15:13:21 params :
------------
Array:
message : Array ;
module : default ;
rule : -1 ;

2016-09-27 15:13:21 response :
------------
Array:
errno : -1 ;
message : Invaild value ;

2016-09-27 15:13:23 trace :
------------
String:
<xml><ToUserName><![CDATA[gh_d5c808a7666e]]></ToUserName>
<FromUserName><![CDATA[om_6jt6usuAZP1BqD9ZAcymcvAQ8]]></FromUserName>
<CreateTime>1474960402</CreateTime>
<MsgType><![CDATA[event]]></MsgType>
<Event><![CDATA[VIEW]]></Event>
<EventKey><![CDATA[http://shanghai.xyj0772.com/app/index.php?i=1&c=entry&do=orderlist&m=weisrc_dish]]></EventKey>
<MenuId>405795979</MenuId>
</xml>

2016-09-27 15:13:23 params :
------------
Array:
rule : -2 ;
module :  ;
message : Array ;

2016-09-27 15:13:23 response :
------------

2016-09-27 15:18:33 trace :
------------
String:
<xml><ToUserName><![CDATA[gh_d5c808a7666e]]></ToUserName>
<FromUserName><![CDATA[om_6jt6usuAZP1BqD9ZAcymcvAQ8]]></FromUserName>
<CreateTime>1474960713</CreateTime>
<MsgType><![CDATA[event]]></MsgType>
<Event><![CDATA[LOCATION]]></Event>
<Latitude>24.307875</Latitude>
<Longitude>109.403198</Longitude>
<Precision>40.000000</Precision>
</xml>

2016-09-27 15:18:33 params :
------------
Array:
message : Array ;
module : default ;
rule : -1 ;

2016-09-27 15:18:33 response :
------------
Array:
errno : -1 ;
message : Invaild value ;

2016-09-27 16:14:11 trace :
------------
String:
<xml><ToUserName><![CDATA[gh_d5c808a7666e]]></ToUserName>
<FromUserName><![CDATA[om_6jt6usuAZP1BqD9ZAcymcvAQ8]]></FromUserName>
<CreateTime>1474964051</CreateTime>
<MsgType><![CDATA[event]]></MsgType>
<Event><![CDATA[LOCATION]]></Event>
<Latitude>24.307964</Latitude>
<Longitude>109.403236</Longitude>
<Precision>40.000000</Precision>
</xml>

2016-09-27 16:14:11 params :
------------
Array:
message : Array ;
module : default ;
rule : -1 ;

2016-09-27 16:14:11 response :
------------
Array:
errno : -1 ;
message : Invaild value ;

2016-09-27 16:14:22 trace :
------------
String:
<xml><ToUserName><![CDATA[gh_d5c808a7666e]]></ToUserName>
<FromUserName><![CDATA[om_6jt6usuAZP1BqD9ZAcymcvAQ8]]></FromUserName>
<CreateTime>1474964062</CreateTime>
<MsgType><![CDATA[event]]></MsgType>
<Event><![CDATA[VIEW]]></Event>
<EventKey><![CDATA[http://shanghai.xyj0772.com/app/index.php?i=1&c=entry&do=orderlist&m=weisrc_dish]]></EventKey>
<MenuId>405795979</MenuId>
</xml>

2016-09-27 16:14:22 params :
------------
Array:
rule : -2 ;
module :  ;
message : Array ;

2016-09-27 16:14:22 response :
------------

2016-09-27 16:26:13 trace :
------------
String:
<xml><ToUserName><![CDATA[gh_d5c808a7666e]]></ToUserName>
<FromUserName><![CDATA[om_6jt6usuAZP1BqD9ZAcymcvAQ8]]></FromUserName>
<CreateTime>1474964773</CreateTime>
<MsgType><![CDATA[event]]></MsgType>
<Event><![CDATA[VIEW]]></Event>
<EventKey><![CDATA[http://shanghai.xyj0772.com/app/index.php?i=1&c=entry&do=orderlist&m=weisrc_dish]]></EventKey>
<MenuId>405795979</MenuId>
</xml>

2016-09-27 16:26:13 params :
------------
Array:
rule : -2 ;
module :  ;
message : Array ;

2016-09-27 16:26:13 response :
------------

2016-09-27 16:26:35 trace :
------------
String:
<xml><ToUserName><![CDATA[gh_d5c808a7666e]]></ToUserName>
<FromUserName><![CDATA[om_6jt6usuAZP1BqD9ZAcymcvAQ8]]></FromUserName>
<CreateTime>1474964795</CreateTime>
<MsgType><![CDATA[event]]></MsgType>
<Event><![CDATA[LOCATION]]></Event>
<Latitude>24.308111</Latitude>
<Longitude>109.403275</Longitude>
<Precision>40.000000</Precision>
</xml>

2016-09-27 16:26:35 params :
------------
Array:
message : Array ;
module : default ;
rule : -1 ;

2016-09-27 16:26:35 response :
------------
Array:
errno : -1 ;
message : Invaild value ;

2016-09-27 17:11:05 trace :
------------
String:
<xml><ToUserName><![CDATA[gh_d5c808a7666e]]></ToUserName>
<FromUserName><![CDATA[om_6jt0ZdsS0OlLSpfO0DVzyqMGU]]></FromUserName>
<CreateTime>1474967465</CreateTime>
<MsgType><![CDATA[event]]></MsgType>
<Event><![CDATA[VIEW]]></Event>
<EventKey><![CDATA[http://shanghai.xyj0772.com/app/index.php?i=1&c=entry&do=orderlist&m=weisrc_dish]]></EventKey>
<MenuId>405795979</MenuId>
</xml>

2016-09-27 17:11:05 params :
------------
Array:
rule : -2 ;
module :  ;
message : Array ;

2016-09-27 17:11:05 response :
------------

