2016-01-22 10:57:27 trace :
------------
String:
<xml><ToUserName><![CDATA[gh_ccbf343b8498]]></ToUserName>
<FromUserName><![CDATA[oc2pYwO-_baO9D0JDk6XYcooZtZU]]></FromUserName>
<CreateTime>1453431449</CreateTime>
<MsgType><![CDATA[event]]></MsgType>
<Event><![CDATA[subscribe]]></Event>
<EventKey><![CDATA[]]></EventKey>
</xml>

2016-01-22 10:57:27 params :
------------
Array:
rule : -2 ;
module :  ;
message : Array ;

2016-01-22 10:57:27 response :
------------

2016-01-22 11:08:58 trace :
------------
String:
<xml><ToUserName><![CDATA[gh_ccbf343b8498]]></ToUserName>
<FromUserName><![CDATA[oc2pYwPS0Ypo0CnM76-eE3gHFZEY]]></FromUserName>
<CreateTime>1453432140</CreateTime>
<MsgType><![CDATA[event]]></MsgType>
<Event><![CDATA[subscribe]]></Event>
<EventKey><![CDATA[]]></EventKey>
</xml>

2016-01-22 11:08:58 params :
------------
Array:
rule : -2 ;
module :  ;
message : Array ;

2016-01-22 11:08:58 response :
------------

2016-01-22 11:09:17 trace :
------------
String:
<xml><ToUserName><![CDATA[gh_ccbf343b8498]]></ToUserName>
<FromUserName><![CDATA[oc2pYwPS0Ypo0CnM76-eE3gHFZEY]]></FromUserName>
<CreateTime>1453432158</CreateTime>
<MsgType><![CDATA[text]]></MsgType>
<Content><![CDATA[高级会员卡]]></Content>
<MsgId>6242443585968117003</MsgId>
</xml>

2016-01-22 11:09:17 params :
------------
Array:
rule : -2 ;
module :  ;
message : Array ;

2016-01-22 11:09:17 response :
------------

2016-01-22 13:31:55 trace :
------------
String:
<xml><ToUserName><![CDATA[gh_ccbf343b8498]]></ToUserName>
<FromUserName><![CDATA[oc2pYwOSVdooBosTMU7C3RO9OtdE]]></FromUserName>
<CreateTime>1453440716</CreateTime>
<MsgType><![CDATA[event]]></MsgType>
<Event><![CDATA[subscribe]]></Event>
<EventKey><![CDATA[]]></EventKey>
</xml>

2016-01-22 13:31:55 params :
------------
Array:
rule : -2 ;
module :  ;
message : Array ;

2016-01-22 13:31:55 response :
------------

2016-01-22 13:32:07 trace :
------------
String:
<xml><ToUserName><![CDATA[gh_ccbf343b8498]]></ToUserName>
<FromUserName><![CDATA[oc2pYwOSVdooBosTMU7C3RO9OtdE]]></FromUserName>
<CreateTime>1453440727</CreateTime>
<MsgType><![CDATA[text]]></MsgType>
<Content><![CDATA[微考试]]></Content>
<MsgId>6242480389542878022</MsgId>
</xml>

2016-01-22 13:32:07 params :
------------
Array:
message : Array ;
module : cover ;
rule : 38 ;
priority : 0 ;
keyword : Array ;

2016-01-22 13:32:07 response :
------------
Array:
FromUserName : gh_ccbf343b8498 ;
ToUserName : oc2pYwOSVdooBosTMU7C3RO9OtdE ;
MsgType : news ;
ArticleCount : 1 ;
Articles : Array ;

2016-01-22 14:07:21 trace :
------------
String:
<xml><ToUserName><![CDATA[gh_ccbf343b8498]]></ToUserName>
<FromUserName><![CDATA[oc2pYwEn6twfa1GE1Iq3FqX0Y5_k]]></FromUserName>
<CreateTime>1453442843</CreateTime>
<MsgType><![CDATA[event]]></MsgType>
<Event><![CDATA[subscribe]]></Event>
<EventKey><![CDATA[]]></EventKey>
</xml>

2016-01-22 14:07:21 params :
------------
Array:
rule : -2 ;
module :  ;
message : Array ;

2016-01-22 14:07:21 response :
------------

2016-01-22 14:08:33 trace :
------------
String:
<xml><ToUserName><![CDATA[gh_ccbf343b8498]]></ToUserName>
<FromUserName><![CDATA[oc2pYwEn6twfa1GE1Iq3FqX0Y5_k]]></FromUserName>
<CreateTime>1453442915</CreateTime>
<MsgType><![CDATA[event]]></MsgType>
<Event><![CDATA[unsubscribe]]></Event>
<EventKey><![CDATA[]]></EventKey>
</xml>

2016-01-22 14:09:43 trace :
------------
String:
<xml><ToUserName><![CDATA[gh_ccbf343b8498]]></ToUserName>
<FromUserName><![CDATA[oc2pYwEn6twfa1GE1Iq3FqX0Y5_k]]></FromUserName>
<CreateTime>1453442984</CreateTime>
<MsgType><![CDATA[event]]></MsgType>
<Event><![CDATA[subscribe]]></Event>
<EventKey><![CDATA[]]></EventKey>
</xml>

2016-01-22 14:09:43 params :
------------
Array:
rule : -2 ;
module :  ;
message : Array ;

2016-01-22 14:09:43 response :
------------

2016-01-22 16:02:22 trace :
------------
String:
<xml><ToUserName><![CDATA[gh_ccbf343b8498]]></ToUserName>
<FromUserName><![CDATA[oc2pYwPx8EiiAQFmSd4-M-gG0FrI]]></FromUserName>
<CreateTime>1453449742</CreateTime>
<MsgType><![CDATA[event]]></MsgType>
<Event><![CDATA[subscribe]]></Event>
<EventKey><![CDATA[]]></EventKey>
</xml>

2016-01-22 16:02:22 params :
------------
Array:
rule : -2 ;
module :  ;
message : Array ;

2016-01-22 16:02:22 response :
------------

2016-01-22 16:02:26 trace :
------------
String:
<xml><ToUserName><![CDATA[gh_ccbf343b8498]]></ToUserName>
<FromUserName><![CDATA[oc2pYwPx8EiiAQFmSd4-M-gG0FrI]]></FromUserName>
<CreateTime>1453449748</CreateTime>
<MsgType><![CDATA[text]]></MsgType>
<Content><![CDATA[摇一摇]]></Content>
<MsgId>6242519134442857437</MsgId>
</xml>

2016-01-22 16:02:26 params :
------------
Array:
message : Array ;
module : mon_qmshake ;
rule : 23 ;
priority : 0 ;
keyword : Array ;

2016-01-22 16:02:26 response :
------------
Array:
FromUserName : gh_ccbf343b8498 ;
ToUserName : oc2pYwPx8EiiAQFmSd4-M-gG0FrI ;
MsgType : news ;
ArticleCount : 1 ;
Articles : Array ;

2016-01-22 16:02:27 trace :
------------
String:
<xml><ToUserName><![CDATA[gh_ccbf343b8498]]></ToUserName>
<FromUserName><![CDATA[oc2pYwK8LvmA3xrSjPTqmOppfG7I]]></FromUserName>
<CreateTime>1453449748</CreateTime>
<MsgType><![CDATA[event]]></MsgType>
<Event><![CDATA[subscribe]]></Event>
<EventKey><![CDATA[]]></EventKey>
</xml>

2016-01-22 16:02:27 params :
------------
Array:
rule : -2 ;
module :  ;
message : Array ;

2016-01-22 16:02:27 response :
------------

2016-01-22 16:02:39 trace :
------------
String:
<xml><ToUserName><![CDATA[gh_ccbf343b8498]]></ToUserName>
<FromUserName><![CDATA[oc2pYwK8LvmA3xrSjPTqmOppfG7I]]></FromUserName>
<CreateTime>1453449760</CreateTime>
<MsgType><![CDATA[text]]></MsgType>
<Content><![CDATA[摇一摇]]></Content>
<MsgId>6242519185982464995</MsgId>
</xml>

2016-01-22 16:02:39 params :
------------
Array:
message : Array ;
module : mon_qmshake ;
rule : 23 ;
priority : 0 ;
keyword : Array ;

2016-01-22 16:02:39 response :
------------
Array:
FromUserName : gh_ccbf343b8498 ;
ToUserName : oc2pYwK8LvmA3xrSjPTqmOppfG7I ;
MsgType : news ;
ArticleCount : 1 ;
Articles : Array ;

2016-01-22 16:11:53 trace :
------------
String:
<xml><ToUserName><![CDATA[gh_ccbf343b8498]]></ToUserName>
<FromUserName><![CDATA[oc2pYwMS_uI9q3qQg6OSiz0MVtt8]]></FromUserName>
<CreateTime>1453450315</CreateTime>
<MsgType><![CDATA[event]]></MsgType>
<Event><![CDATA[subscribe]]></Event>
<EventKey><![CDATA[]]></EventKey>
</xml>

2016-01-22 16:11:53 params :
------------
Array:
rule : -2 ;
module :  ;
message : Array ;

2016-01-22 16:11:53 response :
------------

2016-01-22 16:12:10 trace :
------------
String:
<xml><ToUserName><![CDATA[gh_ccbf343b8498]]></ToUserName>
<FromUserName><![CDATA[oc2pYwMS_uI9q3qQg6OSiz0MVtt8]]></FromUserName>
<CreateTime>1453450332</CreateTime>
<MsgType><![CDATA[text]]></MsgType>
<Content><![CDATA[微人才]]></Content>
<MsgId>6242521642703758479</MsgId>
</xml>

2016-01-22 16:12:10 params :
------------
Array:
message : Array ;
module : thinkidea_rencai ;
rule : 108 ;
priority : 0 ;
keyword : Array ;

2016-01-22 16:12:10 response :
------------
Array:
FromUserName : gh_ccbf343b8498 ;
ToUserName : oc2pYwMS_uI9q3qQg6OSiz0MVtt8 ;
MsgType : news ;
ArticleCount : 1 ;
Articles : Array ;

2016-01-22 17:59:14 trace :
------------
String:
<xml><ToUserName><![CDATA[gh_26f37d277da1]]></ToUserName>
<FromUserName><![CDATA[oo52cwocfaNwfB6LXJTSueOSr_9Q]]></FromUserName>
<CreateTime>1453456756</CreateTime>
<MsgType><![CDATA[text]]></MsgType>
<Content><![CDATA[微信助力]]></Content>
<MsgId>6242549233572035822</MsgId>
</xml>

2016-01-22 17:59:14 params :
------------
Array:
message : Array ;
module : mon_zl ;
rule : 329 ;
priority : 0 ;
keyword : Array ;

2016-01-22 17:59:14 response :
------------
Array:
FromUserName : gh_26f37d277da1 ;
ToUserName : oo52cwocfaNwfB6LXJTSueOSr_9Q ;
MsgType : news ;
ArticleCount : 1 ;
Articles : Array ;

2016-01-22 18:02:31 trace :
------------
String:
<xml><ToUserName><![CDATA[gh_26f37d277da1]]></ToUserName>
<FromUserName><![CDATA[oo52cwocfaNwfB6LXJTSueOSr_9Q]]></FromUserName>
<CreateTime>1453456953</CreateTime>
<MsgType><![CDATA[event]]></MsgType>
<Event><![CDATA[VIEW]]></Event>
<EventKey><![CDATA[http://www.weiheze.cn/app/index.php?i=11&c=entry&zid=2&au=1&do=Auth&m=mon_zl]]></EventKey>
<MenuId>401766806</MenuId>
</xml>

2016-01-22 18:02:31 params :
------------
Array:
rule : -2 ;
module :  ;
message : Array ;

2016-01-22 18:02:31 response :
------------

2016-01-22 18:35:24 trace :
------------
String:
<xml><ToUserName><![CDATA[gh_19f3b98aa3d7]]></ToUserName>
<FromUserName><![CDATA[ouLX4t40RsjZZ3ojF2ukNMTMKV9Q]]></FromUserName>
<CreateTime>1453458924</CreateTime>
<MsgType><![CDATA[event]]></MsgType>
<Event><![CDATA[subscribe]]></Event>
<EventKey><![CDATA[]]></EventKey>
</xml>

2016-01-22 18:35:24 params :
------------
Array:
rule : -2 ;
module :  ;
message : Array ;

2016-01-22 18:35:24 response :
------------

2016-01-22 18:35:29 trace :
------------
String:
<xml><ToUserName><![CDATA[gh_19f3b98aa3d7]]></ToUserName>
<FromUserName><![CDATA[ouLX4t40RsjZZ3ojF2ukNMTMKV9Q]]></FromUserName>
<CreateTime>1453458929</CreateTime>
<MsgType><![CDATA[text]]></MsgType>
<Content><![CDATA[助力]]></Content>
<MsgId>6242558566536507148</MsgId>
</xml>

2016-01-22 18:35:29 params :
------------
Array:
message : Array ;
module : mon_zl ;
rule : 59 ;
priority : 0 ;
keyword : Array ;

2016-01-22 18:35:29 response :
------------
Array:
FromUserName : gh_19f3b98aa3d7 ;
ToUserName : ouLX4t40RsjZZ3ojF2ukNMTMKV9Q ;
MsgType : news ;
ArticleCount : 1 ;
Articles : Array ;

2016-01-22 18:36:53 trace :
------------
String:
<xml><ToUserName><![CDATA[gh_19f3b98aa3d7]]></ToUserName>
<FromUserName><![CDATA[ouLX4t40RsjZZ3ojF2ukNMTMKV9Q]]></FromUserName>
<CreateTime>1453459013</CreateTime>
<MsgType><![CDATA[event]]></MsgType>
<Event><![CDATA[unsubscribe]]></Event>
<EventKey><![CDATA[]]></EventKey>
</xml>

2016-01-22 20:00:37 trace :
------------
String:
<xml><ToUserName><![CDATA[gh_60d22537c330]]></ToUserName>
<FromUserName><![CDATA[o2zJQwkl1Zaj-0DEZeGuQ2IYvO68]]></FromUserName>
<CreateTime>1453464039</CreateTime>
<MsgType><![CDATA[event]]></MsgType>
<Event><![CDATA[subscribe]]></Event>
<EventKey><![CDATA[]]></EventKey>
</xml>

2016-01-22 20:00:37 params :
------------
Array:
rule : -2 ;
module :  ;
message : Array ;

2016-01-22 20:00:37 response :
------------

2016-01-22 20:00:46 trace :
------------
String:
<xml><ToUserName><![CDATA[gh_60d22537c330]]></ToUserName>
<FromUserName><![CDATA[o2zJQwkl1Zaj-0DEZeGuQ2IYvO68]]></FromUserName>
<CreateTime>1453464048</CreateTime>
<MsgType><![CDATA[text]]></MsgType>
<Content><![CDATA[邀请码]]></Content>
<MsgId>6242580552473985604</MsgId>
</xml>

2016-01-22 20:00:46 params :
------------
Array:
rule : -2 ;
module :  ;
message : Array ;

2016-01-22 20:00:46 response :
------------

2016-01-22 22:12:12 trace :
------------
String:
<xml><ToUserName><![CDATA[gh_ccbf343b8498]]></ToUserName>
<FromUserName><![CDATA[oc2pYwKXAT9C14VUNLtKUPtFPHN4]]></FromUserName>
<CreateTime>1453471932</CreateTime>
<MsgType><![CDATA[text]]></MsgType>
<Content><![CDATA[微人才]]></Content>
<MsgId>6242614413997356184</MsgId>
</xml>

2016-01-22 22:12:12 params :
------------
Array:
message : Array ;
module : thinkidea_rencai ;
rule : 108 ;
priority : 0 ;
keyword : Array ;

2016-01-22 22:12:12 response :
------------
Array:
FromUserName : gh_ccbf343b8498 ;
ToUserName : oc2pYwKXAT9C14VUNLtKUPtFPHN4 ;
MsgType : news ;
ArticleCount : 1 ;
Articles : Array ;

2016-01-22 23:44:58 trace :
------------
String:
<xml><ToUserName><![CDATA[gh_60d22537c330]]></ToUserName>
<FromUserName><![CDATA[o2zJQwnQv2dbj6xniiR8YJv8tk5Y]]></FromUserName>
<CreateTime>1453477499</CreateTime>
<MsgType><![CDATA[event]]></MsgType>
<Event><![CDATA[subscribe]]></Event>
<EventKey><![CDATA[]]></EventKey>
</xml>

2016-01-22 23:44:58 params :
------------
Array:
rule : -2 ;
module :  ;
message : Array ;

2016-01-22 23:44:58 response :
------------

2016-01-22 23:46:00 trace :
------------
String:
<xml><ToUserName><![CDATA[gh_60d22537c330]]></ToUserName>
<FromUserName><![CDATA[o2zJQwnQv2dbj6xniiR8YJv8tk5Y]]></FromUserName>
<CreateTime>1453477560</CreateTime>
<MsgType><![CDATA[text]]></MsgType>
<Content><![CDATA[啊]]></Content>
<MsgId>6242638586072092827</MsgId>
</xml>

2016-01-22 23:46:00 params :
------------
Array:
rule : -2 ;
module :  ;
message : Array ;

2016-01-22 23:46:00 response :
------------

