2016-01-26 09:44:58 trace :
------------
String:
<xml><ToUserName><![CDATA[gh_ccbf343b8498]]></ToUserName>
<FromUserName><![CDATA[oc2pYwKHDCkVRfybTwnXSJ16QfCQ]]></FromUserName>
<CreateTime>1453772698</CreateTime>
<MsgType><![CDATA[text]]></MsgType>
<Content><![CDATA[分销]]></Content>
<MsgId>6243906194131139051</MsgId>
</xml>

2016-01-26 09:44:58 params :
------------
Array:
message : Array ;
module : cover ;
rule : 48 ;
priority : 0 ;
keyword : Array ;

2016-01-26 09:44:58 response :
------------
Array:
FromUserName : gh_ccbf343b8498 ;
ToUserName : oc2pYwKHDCkVRfybTwnXSJ16QfCQ ;
MsgType : news ;
ArticleCount : 1 ;
Articles : Array ;

2016-01-26 09:45:06 trace :
------------
String:
<xml><ToUserName><![CDATA[gh_ccbf343b8498]]></ToUserName>
<FromUserName><![CDATA[oc2pYwKHDCkVRfybTwnXSJ16QfCQ]]></FromUserName>
<CreateTime>1453772705</CreateTime>
<MsgType><![CDATA[text]]></MsgType>
<Content><![CDATA[拼团]]></Content>
<MsgId>6243906224195910124</MsgId>
</xml>

2016-01-26 09:45:06 params :
------------
Array:
message : Array ;
module : cover ;
rule : 15 ;
priority : 0 ;
keyword : Array ;

2016-01-26 09:45:06 response :
------------
Array:
FromUserName : gh_ccbf343b8498 ;
ToUserName : oc2pYwKHDCkVRfybTwnXSJ16QfCQ ;
MsgType : news ;
ArticleCount : 1 ;
Articles : Array ;

2016-01-26 09:45:43 trace :
------------
String:
<xml><ToUserName><![CDATA[gh_ccbf343b8498]]></ToUserName>
<FromUserName><![CDATA[oc2pYwKHDCkVRfybTwnXSJ16QfCQ]]></FromUserName>
<CreateTime>1453772743</CreateTime>
<MsgType><![CDATA[text]]></MsgType>
<Content><![CDATA[上墙]]></Content>
<MsgId>6243906387404667382</MsgId>
</xml>

2016-01-26 09:45:48 trace :
------------
String:
<xml><ToUserName><![CDATA[gh_ccbf343b8498]]></ToUserName>
<FromUserName><![CDATA[oc2pYwKHDCkVRfybTwnXSJ16QfCQ]]></FromUserName>
<CreateTime>1453772743</CreateTime>
<MsgType><![CDATA[text]]></MsgType>
<Content><![CDATA[上墙]]></Content>
<MsgId>6243906387404667382</MsgId>
</xml>

2016-01-26 09:45:49 params :
------------
Array:
message : Array ;
module : meepo_bigerwall ;
rule : 333 ;
priority : 0 ;
keyword : Array ;

2016-01-26 09:45:49 response :
------------
Array:
FromUserName : gh_ccbf343b8498 ;
ToUserName : oc2pYwKHDCkVRfybTwnXSJ16QfCQ ;
MsgType : text ;
Content : 管理员后台参数配置有误，请呼叫管理员！ ;

2016-01-26 09:45:49 params :
------------
Array:
message : Array ;
module : meepo_bigerwall ;
rule : 333 ;
priority : 0 ;
keyword : Array ;

2016-01-26 09:45:49 response :
------------
Array:
FromUserName : gh_ccbf343b8498 ;
ToUserName : oc2pYwKHDCkVRfybTwnXSJ16QfCQ ;
MsgType : text ;
Content : 管理员后台参数配置有误，请呼叫管理员！ ;

2016-01-26 09:46:39 trace :
------------
String:
<xml><ToUserName><![CDATA[gh_ccbf343b8498]]></ToUserName>
<FromUserName><![CDATA[oc2pYwKHDCkVRfybTwnXSJ16QfCQ]]></FromUserName>
<CreateTime>1453772799</CreateTime>
<MsgType><![CDATA[text]]></MsgType>
<Content><![CDATA[上墙]]></Content>
<MsgId>6243906627922835966</MsgId>
</xml>

2016-01-26 09:46:39 params :
------------
Array:
message : Array ;
module : meepo_bigerwall ;
rule : 333 ;
priority : 0 ;
keyword : Array ;

2016-01-26 09:46:39 response :
------------
Array:
FromUserName : gh_ccbf343b8498 ;
ToUserName : oc2pYwKHDCkVRfybTwnXSJ16QfCQ ;
MsgType : text ;
Content : 管理员后台参数配置有误，请呼叫管理员！ ;

2016-01-26 09:47:20 trace :
------------
String:
<xml><ToUserName><![CDATA[gh_ccbf343b8498]]></ToUserName>
<FromUserName><![CDATA[oc2pYwKHDCkVRfybTwnXSJ16QfCQ]]></FromUserName>
<CreateTime>1453772840</CreateTime>
<MsgType><![CDATA[text]]></MsgType>
<Content><![CDATA[上墙]]></Content>
<MsgId>6243906804016495116</MsgId>
</xml>

2016-01-26 09:47:24 params :
------------
Array:
message : Array ;
module : meepo_bigerwall ;
rule : 333 ;
priority : 0 ;
keyword : Array ;

2016-01-26 09:47:24 response :
------------
Array:
FromUserName : gh_ccbf343b8498 ;
ToUserName : oc2pYwKHDCkVRfybTwnXSJ16QfCQ ;
MsgType : text ;
Content : 管理员后台参数配置有误，请呼叫管理员！ ;

2016-01-26 09:48:22 trace :
------------
String:
<xml><ToUserName><![CDATA[gh_ccbf343b8498]]></ToUserName>
<FromUserName><![CDATA[oc2pYwKHDCkVRfybTwnXSJ16QfCQ]]></FromUserName>
<CreateTime>1453772902</CreateTime>
<MsgType><![CDATA[text]]></MsgType>
<Content><![CDATA[上墙]]></Content>
<MsgId>6243907070304467479</MsgId>
</xml>

2016-01-26 09:48:22 params :
------------
Array:
message : Array ;
module : meepo_bigerwall ;
rule : 333 ;
priority : 0 ;
keyword : Array ;

2016-01-26 09:48:22 response :
------------
Array:
FromUserName : gh_ccbf343b8498 ;
ToUserName : oc2pYwKHDCkVRfybTwnXSJ16QfCQ ;
MsgType : text ;
Content : 管理员后台参数配置有误，请呼叫管理员！ ;

2016-01-26 09:48:52 trace :
------------
String:
<xml><ToUserName><![CDATA[toUser]]></ToUserName><FromUserName><![CDATA[fromUser]]></FromUserName><CreateTime>1453772586</CreateTime><MsgType><![CDATA[text]]></MsgType><Content><![CDATA[测试内容]]></Content><MsgId>1234567890123456</MsgId></xml>

2016-01-26 09:48:52 params :
------------
Array:
rule : -2 ;
module :  ;
message : Array ;

2016-01-26 09:48:52 response :
------------

2016-01-26 09:59:56 trace :
------------
String:
<xml><ToUserName><![CDATA[gh_ccbf343b8498]]></ToUserName>
<FromUserName><![CDATA[oc2pYwKHDCkVRfybTwnXSJ16QfCQ]]></FromUserName>
<CreateTime>1453773595</CreateTime>
<MsgType><![CDATA[text]]></MsgType>
<Content><![CDATA[上墙]]></Content>
<MsgId>6243910046716803733</MsgId>
</xml>

2016-01-26 09:59:56 params :
------------
Array:
message : Array ;
module : meepo_bigerwall ;
rule : 333 ;
priority : 0 ;
keyword : Array ;

2016-01-26 09:59:56 response :
------------
Array:
FromUserName : gh_ccbf343b8498 ;
ToUserName : oc2pYwKHDCkVRfybTwnXSJ16QfCQ ;
MsgType : text ;
Content : 管理员后台参数配置有误，请呼叫管理员！ ;

2016-01-26 10:00:32 trace :
------------
String:
<xml><ToUserName><![CDATA[gh_ccbf343b8498]]></ToUserName>
<FromUserName><![CDATA[oc2pYwKHDCkVRfybTwnXSJ16QfCQ]]></FromUserName>
<CreateTime>1453773628</CreateTime>
<MsgType><![CDATA[text]]></MsgType>
<Content><![CDATA[上墙]]></Content>
<MsgId>6243910188450724512</MsgId>
</xml>

2016-01-26 10:00:34 params :
------------
Array:
message : Array ;
module : meepo_bigerwall ;
rule : 333 ;
priority : 0 ;
keyword : Array ;

2016-01-26 10:00:34 response :
------------
Array:
FromUserName : gh_ccbf343b8498 ;
ToUserName : oc2pYwKHDCkVRfybTwnXSJ16QfCQ ;
MsgType : text ;
Content : 管理员后台参数配置有误，请呼叫管理员！ ;

2016-01-26 10:00:34 trace :
------------
String:
<xml><ToUserName><![CDATA[gh_ccbf343b8498]]></ToUserName>
<FromUserName><![CDATA[oc2pYwKHDCkVRfybTwnXSJ16QfCQ]]></FromUserName>
<CreateTime>1453773628</CreateTime>
<MsgType><![CDATA[text]]></MsgType>
<Content><![CDATA[上墙]]></Content>
<MsgId>6243910188450724512</MsgId>
</xml>

2016-01-26 10:00:34 params :
------------
Array:
message : Array ;
module : meepo_bigerwall ;
rule : 333 ;
priority : 0 ;
keyword : Array ;

2016-01-26 10:00:34 response :
------------
Array:
FromUserName : gh_ccbf343b8498 ;
ToUserName : oc2pYwKHDCkVRfybTwnXSJ16QfCQ ;
MsgType : text ;
Content : 管理员后台参数配置有误，请呼叫管理员！ ;

2016-01-26 10:06:40 trace :
------------
String:
<xml><ToUserName><![CDATA[gh_ccbf343b8498]]></ToUserName>
<FromUserName><![CDATA[oc2pYwG5ZxOCrxvf5qzzIm35o1ME]]></FromUserName>
<CreateTime>1453773999</CreateTime>
<MsgType><![CDATA[text]]></MsgType>
<Content><![CDATA[一元
]]></Content>
<MsgId>6243911781883591453</MsgId>
</xml>

2016-01-26 10:06:40 params :
------------
Array:
rule : -2 ;
module :  ;
message : Array ;

2016-01-26 10:06:40 response :
------------

2016-01-26 10:06:53 trace :
------------
String:
<xml><ToUserName><![CDATA[gh_ccbf343b8498]]></ToUserName>
<FromUserName><![CDATA[oc2pYwG5ZxOCrxvf5qzzIm35o1ME]]></FromUserName>
<CreateTime>1453774013</CreateTime>
<MsgType><![CDATA[text]]></MsgType>
<Content><![CDATA[一元抽奖
]]></Content>
<MsgId>6243911842013133599</MsgId>
</xml>

2016-01-26 10:06:53 params :
------------
Array:
rule : -2 ;
module :  ;
message : Array ;

2016-01-26 10:06:53 response :
------------

2016-01-26 10:07:21 trace :
------------
String:
<xml><ToUserName><![CDATA[gh_ccbf343b8498]]></ToUserName>
<FromUserName><![CDATA[oc2pYwG5ZxOCrxvf5qzzIm35o1ME]]></FromUserName>
<CreateTime>1453774041</CreateTime>
<MsgType><![CDATA[text]]></MsgType>
<Content><![CDATA[一元抽奖]]></Content>
<MsgId>6243911962272217889</MsgId>
</xml>

2016-01-26 10:07:21 params :
------------
Array:
rule : -2 ;
module :  ;
message : Array ;

2016-01-26 10:07:21 response :
------------

2016-01-26 10:07:25 trace :
------------
String:
<xml><ToUserName><![CDATA[gh_ccbf343b8498]]></ToUserName>
<FromUserName><![CDATA[oc2pYwG5ZxOCrxvf5qzzIm35o1ME]]></FromUserName>
<CreateTime>1453774045</CreateTime>
<MsgType><![CDATA[text]]></MsgType>
<Content><![CDATA[测试]]></Content>
<MsgId>6243911979452087074</MsgId>
</xml>

2016-01-26 10:07:25 params :
------------
Array:
rule : -2 ;
module :  ;
message : Array ;

2016-01-26 10:07:25 response :
------------

2016-01-26 11:18:57 trace :
------------
String:
<xml><ToUserName><![CDATA[gh_ccbf343b8498]]></ToUserName>
<FromUserName><![CDATA[oc2pYwGxSzjGQz-YH3wZ60HPtY7E]]></FromUserName>
<CreateTime>1453778336</CreateTime>
<MsgType><![CDATA[text]]></MsgType>
<Content><![CDATA[微小区]]></Content>
<MsgId>6243930409156755237</MsgId>
</xml>

2016-01-26 11:18:57 params :
------------
Array:
rule : -2 ;
module :  ;
message : Array ;

2016-01-26 11:18:57 response :
------------

2016-01-26 11:58:27 trace :
------------
String:
<xml><ToUserName><![CDATA[gh_ccbf343b8498]]></ToUserName>
<FromUserName><![CDATA[oc2pYwKHDCkVRfybTwnXSJ16QfCQ]]></FromUserName>
<CreateTime>1453780701</CreateTime>
<MsgType><![CDATA[text]]></MsgType>
<Content><![CDATA[小区]]></Content>
<MsgId>6243940566754410715</MsgId>
</xml>

2016-01-26 11:58:27 params :
------------
Array:
message : Array ;
module : cover ;
rule : 338 ;
priority : 0 ;
keyword : Array ;

2016-01-26 11:58:27 response :
------------
Array:
FromUserName : gh_ccbf343b8498 ;
ToUserName : oc2pYwKHDCkVRfybTwnXSJ16QfCQ ;
MsgType : news ;
ArticleCount : 1 ;
Articles : Array ;

