2016-05-03 02:23:09 trace :
------------
String:
<xml><ToUserName><![CDATA[gh_d5c808a7666e]]></ToUserName>
<FromUserName><![CDATA[om_6jt_L7tFho90GyoL8NTiR2ODo]]></FromUserName>
<CreateTime>1462213389</CreateTime>
<MsgType><![CDATA[event]]></MsgType>
<Event><![CDATA[LOCATION]]></Event>
<Latitude>24.317247</Latitude>
<Longitude>109.405930</Longitude>
<Precision>4000.000000</Precision>
</xml>

2016-05-03 02:23:09 params :
------------
Array:
message : Array ;
module : default ;
rule : -1 ;

2016-05-03 02:23:09 response :
------------
Array:
errno : -1 ;
message : Invaild value ;

2016-05-03 02:23:18 trace :
------------
String:
<xml><ToUserName><![CDATA[gh_d5c808a7666e]]></ToUserName>
<FromUserName><![CDATA[om_6jt_L7tFho90GyoL8NTiR2ODo]]></FromUserName>
<CreateTime>1462213398</CreateTime>
<MsgType><![CDATA[event]]></MsgType>
<Event><![CDATA[LOCATION]]></Event>
<Latitude>24.317247</Latitude>
<Longitude>109.405930</Longitude>
<Precision>4000.000000</Precision>
</xml>

2016-05-03 02:23:18 params :
------------
Array:
message : Array ;
module : default ;
rule : -1 ;

2016-05-03 02:23:18 response :
------------
Array:
errno : -1 ;
message : Invaild value ;

2016-05-03 02:23:27 trace :
------------
String:
<xml><ToUserName><![CDATA[gh_d5c808a7666e]]></ToUserName>
<FromUserName><![CDATA[om_6jt_L7tFho90GyoL8NTiR2ODo]]></FromUserName>
<CreateTime>1462213407</CreateTime>
<MsgType><![CDATA[event]]></MsgType>
<Event><![CDATA[LOCATION]]></Event>
<Latitude>24.318041</Latitude>
<Longitude>109.405540</Longitude>
<Precision>40.000000</Precision>
</xml>

2016-05-03 02:23:27 params :
------------
Array:
message : Array ;
module : default ;
rule : -1 ;

2016-05-03 02:23:27 response :
------------
Array:
errno : -1 ;
message : Invaild value ;

2016-05-03 02:23:38 trace :
------------
String:
<xml><ToUserName><![CDATA[gh_d5c808a7666e]]></ToUserName>
<FromUserName><![CDATA[om_6jt_L7tFho90GyoL8NTiR2ODo]]></FromUserName>
<CreateTime>1462213418</CreateTime>
<MsgType><![CDATA[event]]></MsgType>
<Event><![CDATA[LOCATION]]></Event>
<Latitude>24.317825</Latitude>
<Longitude>109.405647</Longitude>
<Precision>40.000000</Precision>
</xml>

2016-05-03 02:23:38 params :
------------
Array:
message : Array ;
module : default ;
rule : -1 ;

2016-05-03 02:23:38 response :
------------
Array:
errno : -1 ;
message : Invaild value ;

2016-05-03 02:23:50 trace :
------------
String:
<xml><ToUserName><![CDATA[gh_d5c808a7666e]]></ToUserName>
<FromUserName><![CDATA[om_6jt_L7tFho90GyoL8NTiR2ODo]]></FromUserName>
<CreateTime>1462213430</CreateTime>
<MsgType><![CDATA[event]]></MsgType>
<Event><![CDATA[unsubscribe]]></Event>
<EventKey><![CDATA[]]></EventKey>
</xml>

