2016-10-26 15:57:40 trace :
------------
String:
<xml><ToUserName><![CDATA[gh_d5c808a7666e]]></ToUserName>
<FromUserName><![CDATA[om_6jt9D2j9GpjWR_SLm2VHxCMO0]]></FromUserName>
<CreateTime>1477468660</CreateTime>
<MsgType><![CDATA[event]]></MsgType>
<Event><![CDATA[VIEW]]></Event>
<EventKey><![CDATA[http://shanghai.xyj0772.com/app/index.php?i=1&c=entry&do=waprestList&m=weisrc_dish]]></EventKey>
<MenuId>405817572</MenuId>
</xml>

2016-10-26 15:57:40 params :
------------
Array:
rule : -2 ;
module :  ;
message : Array ;

2016-10-26 15:57:40 response :
------------

2016-10-26 16:12:09 trace :
------------
String:
<xml><ToUserName><![CDATA[gh_d5c808a7666e]]></ToUserName>
<FromUserName><![CDATA[om_6jt9D2j9GpjWR_SLm2VHxCMO0]]></FromUserName>
<CreateTime>1477469529</CreateTime>
<MsgType><![CDATA[event]]></MsgType>
<Event><![CDATA[VIEW]]></Event>
<EventKey><![CDATA[http://shanghai.xyj0772.com/app/index.php?i=1&c=entry&storeid=1&do=queue&m=weisrc_dish]]></EventKey>
<MenuId>405817572</MenuId>
</xml>

2016-10-26 16:12:09 params :
------------
Array:
rule : -2 ;
module :  ;
message : Array ;

2016-10-26 16:12:09 response :
------------

2016-10-26 16:18:29 trace :
------------
String:
<xml><ToUserName><![CDATA[gh_d5c808a7666e]]></ToUserName>
<FromUserName><![CDATA[om_6jt9D2j9GpjWR_SLm2VHxCMO0]]></FromUserName>
<CreateTime>1477469909</CreateTime>
<MsgType><![CDATA[event]]></MsgType>
<Event><![CDATA[scancode_push]]></Event>
<EventKey><![CDATA[11]]></EventKey>
<ScanCodeInfo><ScanType><![CDATA[qrcode]]></ScanType>
<ScanResult><![CDATA[http://shanghai.xyj0772.com/app/index.php?i=1&c=entry&mode=1&storeid=1&tablesid=12&do=waplist&m=weisrc_dish]]></ScanResult>
</ScanCodeInfo>
</xml>

2016-10-26 16:18:29 params :
------------
Array:
rule : -2 ;
module :  ;
message : Array ;

2016-10-26 16:18:29 response :
------------

