2016-05-23 09:14:39 trace :
------------
String:
<xml><ToUserName><![CDATA[gh_339b357d6bcb]]></ToUserName>
<FromUserName><![CDATA[oq5x0uOlfHcSpJ2QJobmSLgNjKOQ]]></FromUserName>
<CreateTime>1463966056</CreateTime>
<MsgType><![CDATA[event]]></MsgType>
<Event><![CDATA[unsubscribe]]></Event>
<EventKey><![CDATA[]]></EventKey>
</xml>

2016-05-23 12:13:01 trace :
------------
String:
<xml><ToUserName><![CDATA[gh_339b357d6bcb]]></ToUserName>
<FromUserName><![CDATA[oq5x0uAo9mljW4pTL2049Lv2n5ZU]]></FromUserName>
<CreateTime>1463976739</CreateTime>
<MsgType><![CDATA[event]]></MsgType>
<Event><![CDATA[unsubscribe]]></Event>
<EventKey><![CDATA[]]></EventKey>
</xml>

2016-05-23 15:08:35 trace :
------------
String:
<xml><ToUserName><![CDATA[gh_d5c808a7666e]]></ToUserName>
<FromUserName><![CDATA[om_6jt2KN5m2a7PN8LYPB54R85zI]]></FromUserName>
<CreateTime>1463987295</CreateTime>
<MsgType><![CDATA[text]]></MsgType>
<Content><![CDATA[女神投票]]></Content>
<MsgId>6287777554188611662</MsgId>
</xml>

2016-05-23 15:08:35 params :
------------
Array:
message : Array ;
module : fm_photosvote ;
rule : 20 ;
priority : 0 ;
keyword : Array ;

2016-05-23 15:08:35 response :
------------
Array:
FromUserName : gh_d5c808a7666e ;
ToUserName : om_6jt2KN5m2a7PN8LYPB54R85zI ;
MsgType : news ;
ArticleCount : 1 ;
Articles : Array ;

2016-05-23 15:25:03 trace :
------------
String:
<xml><ToUserName><![CDATA[gh_d5c808a7666e]]></ToUserName>
<FromUserName><![CDATA[om_6jt2KN5m2a7PN8LYPB54R85zI]]></FromUserName>
<CreateTime>1463988276</CreateTime>
<MsgType><![CDATA[event]]></MsgType>
<Event><![CDATA[unsubscribe]]></Event>
<EventKey><![CDATA[]]></EventKey>
</xml>

2016-05-23 15:26:11 trace :
------------
String:
<xml><ToUserName><![CDATA[gh_d5c808a7666e]]></ToUserName>
<FromUserName><![CDATA[om_6jt2KN5m2a7PN8LYPB54R85zI]]></FromUserName>
<CreateTime>1463988343</CreateTime>
<MsgType><![CDATA[event]]></MsgType>
<Event><![CDATA[subscribe]]></Event>
<EventKey><![CDATA[]]></EventKey>
</xml>

2016-05-23 15:26:11 params :
------------
Array:
rule : -2 ;
module :  ;
message : Array ;

2016-05-23 15:26:11 response :
------------

2016-05-23 15:26:20 trace :
------------
String:
<xml><ToUserName><![CDATA[gh_d5c808a7666e]]></ToUserName>
<FromUserName><![CDATA[om_6jt2KN5m2a7PN8LYPB54R85zI]]></FromUserName>
<CreateTime>1463988352</CreateTime>
<MsgType><![CDATA[text]]></MsgType>
<Content><![CDATA[ 女神投票]]></Content>
<MsgId>6287782093969043539</MsgId>
</xml>

2016-05-23 15:26:20 params :
------------
Array:
rule : -2 ;
module :  ;
message : Array ;

2016-05-23 15:26:20 response :
------------

2016-05-23 15:28:01 trace :
------------
String:
<xml><ToUserName><![CDATA[gh_d5c808a7666e]]></ToUserName>
<FromUserName><![CDATA[om_6jt2KN5m2a7PN8LYPB54R85zI]]></FromUserName>
<CreateTime>1463988452</CreateTime>
<MsgType><![CDATA[text]]></MsgType>
<Content><![CDATA[女神投票]]></Content>
<MsgId>6287782523465773144</MsgId>
</xml>

2016-05-23 15:28:01 params :
------------
Array:
message : Array ;
module : fm_photosvote ;
rule : 20 ;
priority : 0 ;
keyword : Array ;

2016-05-23 15:28:01 response :
------------
Array:
FromUserName : gh_d5c808a7666e ;
ToUserName : om_6jt2KN5m2a7PN8LYPB54R85zI ;
MsgType : news ;
ArticleCount : 1 ;
Articles : Array ;

2016-05-23 15:29:20 trace :
------------
String:
<xml><ToUserName><![CDATA[gh_d5c808a7666e]]></ToUserName>
<FromUserName><![CDATA[om_6jt2reuXZKpn7S21ogqL9aK0I]]></FromUserName>
<CreateTime>1463988530</CreateTime>
<MsgType><![CDATA[event]]></MsgType>
<Event><![CDATA[LOCATION]]></Event>
<Latitude>24.307570</Latitude>
<Longitude>109.403053</Longitude>
<Precision>65.000000</Precision>
</xml>

2016-05-23 15:29:20 params :
------------
Array:
message : Array ;
module : default ;
rule : -1 ;

2016-05-23 15:29:20 response :
------------
Array:
errno : -1 ;
message : Invaild value ;

2016-05-23 15:29:31 trace :
------------
String:
<xml><ToUserName><![CDATA[gh_d5c808a7666e]]></ToUserName>
<FromUserName><![CDATA[om_6jt2reuXZKpn7S21ogqL9aK0I]]></FromUserName>
<CreateTime>1463988541</CreateTime>
<MsgType><![CDATA[text]]></MsgType>
<Content><![CDATA[女神投票]]></Content>
<MsgId>6287782905717862490</MsgId>
</xml>

2016-05-23 15:29:31 params :
------------
Array:
message : Array ;
module : fm_photosvote ;
rule : 20 ;
priority : 0 ;
keyword : Array ;

2016-05-23 15:29:31 response :
------------
Array:
FromUserName : gh_d5c808a7666e ;
ToUserName : om_6jt2reuXZKpn7S21ogqL9aK0I ;
MsgType : news ;
ArticleCount : 1 ;
Articles : Array ;

2016-05-23 15:47:40 trace :
------------
String:
<xml><ToUserName><![CDATA[gh_d5c808a7666e]]></ToUserName>
<FromUserName><![CDATA[om_6jt68FHP9JSRivKAKrExErDEo]]></FromUserName>
<CreateTime>1463989652</CreateTime>
<MsgType><![CDATA[event]]></MsgType>
<Event><![CDATA[LOCATION]]></Event>
<Latitude>24.307726</Latitude>
<Longitude>109.403046</Longitude>
<Precision>110.000000</Precision>
</xml>

2016-05-23 15:47:41 params :
------------
Array:
message : Array ;
module : default ;
rule : -1 ;

2016-05-23 15:47:41 response :
------------
Array:
errno : -1 ;
message : Invaild value ;

2016-05-23 15:47:59 trace :
------------
String:
<xml><ToUserName><![CDATA[gh_d5c808a7666e]]></ToUserName>
<FromUserName><![CDATA[om_6jt68FHP9JSRivKAKrExErDEo]]></FromUserName>
<CreateTime>1463989670</CreateTime>
<MsgType><![CDATA[text]]></MsgType>
<Content><![CDATA[女神投票]]></Content>
<MsgId>6287787754735939676</MsgId>
</xml>

2016-05-23 15:47:59 params :
------------
Array:
message : Array ;
module : fm_photosvote ;
rule : 20 ;
priority : 0 ;
keyword : Array ;

2016-05-23 15:47:59 response :
------------
Array:
FromUserName : gh_d5c808a7666e ;
ToUserName : om_6jt68FHP9JSRivKAKrExErDEo ;
MsgType : text ;
Content : 投票时间已经结束! ;

2016-05-23 16:00:18 trace :
------------
Array:
tousername : gh_d5c808a7666e ;
fromusername : om_6jt68FHP9JSRivKAKrExErDEo ;
createtime : 1463990394 ;
msgtype : event ;
event : LOCATION ;
latitude : 24.307598 ;
longitude : 109.402954 ;
precision : 110.000000 ;
from : om_6jt68FHP9JSRivKAKrExErDEo ;
to : gh_d5c808a7666e ;
time : 1463990394 ;
type : trace ;
location_x : 24.307598 ;
location_y : 109.402954 ;

2016-05-23 16:00:18 params :
------------
Array:
message : Array ;
module : default ;
rule : -1 ;

2016-05-23 16:00:18 response :
------------
Array:
errno : -1 ;
message : Invaild value ;

2016-05-23 16:13:06 trace :
------------
String:
<xml><ToUserName><![CDATA[gh_d5c808a7666e]]></ToUserName>
<FromUserName><![CDATA[om_6jt68FHP9JSRivKAKrExErDEo]]></FromUserName>
<CreateTime>1463991140</CreateTime>
<MsgType><![CDATA[event]]></MsgType>
<Event><![CDATA[LOCATION]]></Event>
<Latitude>24.307989</Latitude>
<Longitude>109.403152</Longitude>
<Precision>120.000000</Precision>
</xml>

2016-05-23 16:13:07 params :
------------
Array:
message : Array ;
module : default ;
rule : -1 ;

2016-05-23 16:13:07 response :
------------
Array:
errno : -1 ;
message : Invaild value ;

2016-05-23 16:13:18 trace :
------------
String:
<xml><ToUserName><![CDATA[gh_d5c808a7666e]]></ToUserName>
<FromUserName><![CDATA[om_6jt68FHP9JSRivKAKrExErDEo]]></FromUserName>
<CreateTime>1463991151</CreateTime>
<MsgType><![CDATA[text]]></MsgType>
<Content><![CDATA[投票]]></Content>
<MsgId>6287794115582505054</MsgId>
</xml>

2016-05-23 16:13:18 params :
------------
Array:
message : Array ;
module : fm_photosvote ;
rule : 20 ;
priority : 0 ;
keyword : Array ;

2016-05-23 16:13:18 response :
------------
Array:
FromUserName : gh_d5c808a7666e ;
ToUserName : om_6jt68FHP9JSRivKAKrExErDEo ;
MsgType : text ;
Content : 欢迎参加女神来了!的活动，现在开始报名

请按下面的顺序报名：
▶️ 上传封面
▶️ 上传相册照片
▶️ 根据提示，填写报名资料

秦曹易购感谢您的参与!
 ;

2016-05-23 16:14:48 trace :
------------
String:
<xml><ToUserName><![CDATA[gh_d5c808a7666e]]></ToUserName>
<FromUserName><![CDATA[om_6jt68FHP9JSRivKAKrExErDEo]]></FromUserName>
<CreateTime>1463991241</CreateTime>
<MsgType><![CDATA[event]]></MsgType>
<Event><![CDATA[LOCATION]]></Event>
<Latitude>24.308100</Latitude>
<Longitude>109.403191</Longitude>
<Precision>90.000000</Precision>
</xml>

2016-05-23 16:14:48 params :
------------
Array:
message : Array ;
module : fm_photosvote ;
rule : 20 ;
priority : 0 ;
context : 1 ;

2016-05-23 16:14:48 response :
------------
Array:
FromUserName : gh_d5c808a7666e ;
ToUserName : om_6jt68FHP9JSRivKAKrExErDEo ;
MsgType : text ;
Content : 亲，女神来了!活动暂停了！您可以
1、<a href='http://wqq.xyj0772.com/app/index.php?i=2&j=2&c=entry&rid=20&m=fm_photosvote&do=paihang&uniacid=2'>看看排行榜</a>
 ;

2016-05-23 16:14:54 trace :
------------
String:
<xml><ToUserName><![CDATA[gh_d5c808a7666e]]></ToUserName>
<FromUserName><![CDATA[om_6jt68FHP9JSRivKAKrExErDEo]]></FromUserName>
<CreateTime>1463991246</CreateTime>
<MsgType><![CDATA[text]]></MsgType>
<Content><![CDATA[投票]]></Content>
<MsgId>6287794523604398179</MsgId>
</xml>

2016-05-23 16:14:54 params :
------------
Array:
message : Array ;
module : fm_photosvote ;
rule : 20 ;
priority : 0 ;
keyword : Array ;

2016-05-23 16:14:54 response :
------------
Array:
FromUserName : gh_d5c808a7666e ;
ToUserName : om_6jt68FHP9JSRivKAKrExErDEo ;
MsgType : text ;
Content : 亲，女神来了!活动暂停了！您可以
1、<a href='http://wqq.xyj0772.com/app/index.php?i=2&j=2&c=entry&rid=20&m=fm_photosvote&do=paihang&uniacid=2'>看看排行榜</a>
 ;

2016-05-23 16:15:10 trace :
------------
String:
<xml><ToUserName><![CDATA[gh_d5c808a7666e]]></ToUserName>
<FromUserName><![CDATA[om_6jt68FHP9JSRivKAKrExErDEo]]></FromUserName>
<CreateTime>1463991263</CreateTime>
<MsgType><![CDATA[event]]></MsgType>
<Event><![CDATA[LOCATION]]></Event>
<Latitude>24.308100</Latitude>
<Longitude>109.403191</Longitude>
<Precision>90.000000</Precision>
</xml>

2016-05-23 16:15:10 params :
------------
Array:
message : Array ;
module : fm_photosvote ;
rule : 20 ;
priority : 0 ;
context : 1 ;

2016-05-23 16:15:10 response :
------------
Array:
FromUserName : gh_d5c808a7666e ;
ToUserName : om_6jt68FHP9JSRivKAKrExErDEo ;
MsgType : text ;
Content : 亲，女神来了!活动暂停了！您可以
1、<a href='http://wqq.xyj0772.com/app/index.php?i=2&j=2&c=entry&rid=20&m=fm_photosvote&do=paihang&uniacid=2'>看看排行榜</a>
 ;

2016-05-23 16:15:21 trace :
------------
String:
<xml><ToUserName><![CDATA[gh_d5c808a7666e]]></ToUserName>
<FromUserName><![CDATA[om_6jt68FHP9JSRivKAKrExErDEo]]></FromUserName>
<CreateTime>1463991274</CreateTime>
<MsgType><![CDATA[text]]></MsgType>
<Content><![CDATA[投票]]></Content>
<MsgId>6287794643863482472</MsgId>
</xml>

2016-05-23 16:15:21 params :
------------
Array:
message : Array ;
module : fm_photosvote ;
rule : 20 ;
priority : 0 ;
keyword : Array ;

2016-05-23 16:15:21 response :
------------
Array:
FromUserName : gh_d5c808a7666e ;
ToUserName : om_6jt68FHP9JSRivKAKrExErDEo ;
MsgType : text ;
Content : 亲，女神来了!活动暂停了！您可以
1、<a href='http://wqq.xyj0772.com/app/index.php?i=2&j=2&c=entry&rid=20&m=fm_photosvote&do=paihang&uniacid=2'>看看排行榜</a>
 ;

2016-05-23 16:17:12 trace :
------------
String:
<xml><ToUserName><![CDATA[gh_d5c808a7666e]]></ToUserName>
<FromUserName><![CDATA[om_6jt68FHP9JSRivKAKrExErDEo]]></FromUserName>
<CreateTime>1463991384</CreateTime>
<MsgType><![CDATA[event]]></MsgType>
<Event><![CDATA[LOCATION]]></Event>
<Latitude>24.307257</Latitude>
<Longitude>109.403053</Longitude>
<Precision>90.000000</Precision>
</xml>

2016-05-23 16:17:12 params :
------------
Array:
message : Array ;
module : default ;
rule : -1 ;

2016-05-23 16:17:12 response :
------------
Array:
errno : -1 ;
message : Invaild value ;

2016-05-23 16:17:18 trace :
------------
String:
<xml><ToUserName><![CDATA[gh_d5c808a7666e]]></ToUserName>
<FromUserName><![CDATA[om_6jt68FHP9JSRivKAKrExErDEo]]></FromUserName>
<CreateTime>1463991389</CreateTime>
<MsgType><![CDATA[text]]></MsgType>
<Content><![CDATA[投票]]></Content>
<MsgId>6287795137784721514</MsgId>
</xml>

2016-05-23 16:17:18 params :
------------
Array:
message : Array ;
module : fm_photosvote ;
rule : 20 ;
priority : 0 ;
keyword : Array ;

2016-05-23 16:17:18 response :
------------
Array:
FromUserName : gh_d5c808a7666e ;
ToUserName : om_6jt68FHP9JSRivKAKrExErDEo ;
MsgType : text ;
Content : 帮助信息：
--------------

请按下面的顺序报名：
▶️ 上传封面
▶️ 上传相册照片
▶️ 根据提示，填写报名资料

秦曹易购感谢您的参与!
 ;

2016-05-23 16:20:43 trace :
------------
String:
<xml><ToUserName><![CDATA[gh_d5c808a7666e]]></ToUserName>
<FromUserName><![CDATA[om_6jt68FHP9JSRivKAKrExErDEo]]></FromUserName>
<CreateTime>1463991592</CreateTime>
<MsgType><![CDATA[event]]></MsgType>
<Event><![CDATA[LOCATION]]></Event>
<Latitude>24.307581</Latitude>
<Longitude>109.403099</Longitude>
<Precision>40.000000</Precision>
</xml>

2016-05-23 16:20:43 params :
------------
Array:
message : Array ;
module : default ;
rule : -1 ;

2016-05-23 16:20:43 response :
------------
Array:
errno : -1 ;
message : Invaild value ;

2016-05-23 16:23:40 trace :
------------
String:
<xml><ToUserName><![CDATA[gh_d5c808a7666e]]></ToUserName>
<FromUserName><![CDATA[om_6jt2KN5m2a7PN8LYPB54R85zI]]></FromUserName>
<CreateTime>1463991767</CreateTime>
<MsgType><![CDATA[text]]></MsgType>
<Content><![CDATA[投票]]></Content>
<MsgId>6287796761282359404</MsgId>
</xml>

2016-05-23 16:23:40 params :
------------
Array:
message : Array ;
module : fm_photosvote ;
rule : 20 ;
priority : 0 ;
keyword : Array ;

2016-05-23 16:23:40 response :
------------
Array:
FromUserName : gh_d5c808a7666e ;
ToUserName : om_6jt2KN5m2a7PN8LYPB54R85zI ;
MsgType : news ;
ArticleCount : 1 ;
Articles : Array ;

2016-05-23 16:24:50 trace :
------------
String:
<xml><ToUserName><![CDATA[gh_d5c808a7666e]]></ToUserName>
<FromUserName><![CDATA[om_6jt68FHP9JSRivKAKrExErDEo]]></FromUserName>
<CreateTime>1463991836</CreateTime>
<MsgType><![CDATA[event]]></MsgType>
<Event><![CDATA[LOCATION]]></Event>
<Latitude>24.307680</Latitude>
<Longitude>109.403000</Longitude>
<Precision>110.000000</Precision>
</xml>

2016-05-23 16:24:50 params :
------------
Array:
message : Array ;
module : default ;
rule : -1 ;

2016-05-23 16:24:50 response :
------------
Array:
errno : -1 ;
message : Invaild value ;

2016-05-23 16:24:56 trace :
------------
String:
<xml><ToUserName><![CDATA[gh_d5c808a7666e]]></ToUserName>
<FromUserName><![CDATA[om_6jt68FHP9JSRivKAKrExErDEo]]></FromUserName>
<CreateTime>1463991842</CreateTime>
<MsgType><![CDATA[event]]></MsgType>
<Event><![CDATA[LOCATION]]></Event>
<Latitude>24.307680</Latitude>
<Longitude>109.403000</Longitude>
<Precision>110.000000</Precision>
</xml>

2016-05-23 16:24:56 params :
------------
Array:
message : Array ;
module : default ;
rule : -1 ;

2016-05-23 16:24:56 response :
------------
Array:
errno : -1 ;
message : Invaild value ;

2016-05-23 16:25:17 trace :
------------
String:
<xml><ToUserName><![CDATA[gh_d5c808a7666e]]></ToUserName>
<FromUserName><![CDATA[om_6jt68FHP9JSRivKAKrExErDEo]]></FromUserName>
<CreateTime>1463991863</CreateTime>
<MsgType><![CDATA[event]]></MsgType>
<Event><![CDATA[LOCATION]]></Event>
<Latitude>24.307680</Latitude>
<Longitude>109.403000</Longitude>
<Precision>110.000000</Precision>
</xml>

2016-05-23 16:25:17 params :
------------
Array:
message : Array ;
module : default ;
rule : -1 ;

2016-05-23 16:25:17 response :
------------
Array:
errno : -1 ;
message : Invaild value ;

2016-05-23 16:26:56 trace :
------------
String:
<xml><ToUserName><![CDATA[gh_d5c808a7666e]]></ToUserName>
<FromUserName><![CDATA[om_6jt68FHP9JSRivKAKrExErDEo]]></FromUserName>
<CreateTime>1463991960</CreateTime>
<MsgType><![CDATA[event]]></MsgType>
<Event><![CDATA[LOCATION]]></Event>
<Latitude>24.307659</Latitude>
<Longitude>109.403076</Longitude>
<Precision>110.000000</Precision>
</xml>

2016-05-23 16:26:56 params :
------------
Array:
message : Array ;
module : default ;
rule : -1 ;

2016-05-23 16:26:56 response :
------------
Array:
errno : -1 ;
message : Invaild value ;

2016-05-23 17:50:25 trace :
------------
String:
<xml><ToUserName><![CDATA[gh_339b357d6bcb]]></ToUserName>
<FromUserName><![CDATA[oq5x0uNTyfYvINg-J2kIUHlK9eyM]]></FromUserName>
<CreateTime>1463997018</CreateTime>
<MsgType><![CDATA[event]]></MsgType>
<Event><![CDATA[subscribe]]></Event>
<EventKey><![CDATA[]]></EventKey>
</xml>

2016-05-23 17:50:26 params :
------------
Array:
message : Array ;
module : ewei_vote ;
rule : 19 ;
priority : 0 ;
keyword : Array ;

2016-05-23 17:50:26 response :
------------
Array:
FromUserName : gh_339b357d6bcb ;
ToUserName : oq5x0uNTyfYvINg-J2kIUHlK9eyM ;
MsgType : news ;
ArticleCount : 1 ;
Articles : Array ;

2016-05-23 18:41:13 trace :
------------
String:
<xml><ToUserName><![CDATA[gh_d5c808a7666e]]></ToUserName>
<FromUserName><![CDATA[om_6jt68FHP9JSRivKAKrExErDEo]]></FromUserName>
<CreateTime>1464000072</CreateTime>
<MsgType><![CDATA[event]]></MsgType>
<Event><![CDATA[LOCATION]]></Event>
<Latitude>24.307898</Latitude>
<Longitude>109.403168</Longitude>
<Precision>40.000000</Precision>
</xml>

2016-05-23 18:41:13 params :
------------
Array:
message : Array ;
module : default ;
rule : -1 ;

2016-05-23 18:41:13 response :
------------
Array:
errno : -1 ;
message : Invaild value ;

2016-05-23 19:27:30 trace :
------------
String:
<xml><ToUserName><![CDATA[gh_339b357d6bcb]]></ToUserName>
<FromUserName><![CDATA[oq5x0uO5MyWwjWMCv3P0EZuuYwqE]]></FromUserName>
<CreateTime>1464002834</CreateTime>
<MsgType><![CDATA[event]]></MsgType>
<Event><![CDATA[subscribe]]></Event>
<EventKey><![CDATA[]]></EventKey>
</xml>

2016-05-23 19:27:30 params :
------------
Array:
message : Array ;
module : ewei_vote ;
rule : 19 ;
priority : 0 ;
keyword : Array ;

2016-05-23 19:27:30 response :
------------
Array:
FromUserName : gh_339b357d6bcb ;
ToUserName : oq5x0uO5MyWwjWMCv3P0EZuuYwqE ;
MsgType : news ;
ArticleCount : 1 ;
Articles : Array ;

2016-05-23 19:39:39 trace :
------------
String:
<xml><ToUserName><![CDATA[gh_339b357d6bcb]]></ToUserName>
<FromUserName><![CDATA[oq5x0uE0kBQ9oEyROrQcMkZzqYxw]]></FromUserName>
<CreateTime>1464003576</CreateTime>
<MsgType><![CDATA[event]]></MsgType>
<Event><![CDATA[subscribe]]></Event>
<EventKey><![CDATA[]]></EventKey>
</xml>

2016-05-23 19:39:39 params :
------------
Array:
message : Array ;
module : ewei_vote ;
rule : 19 ;
priority : 0 ;
keyword : Array ;

2016-05-23 19:39:39 response :
------------
Array:
FromUserName : gh_339b357d6bcb ;
ToUserName : oq5x0uE0kBQ9oEyROrQcMkZzqYxw ;
MsgType : news ;
ArticleCount : 1 ;
Articles : Array ;

2016-05-23 20:56:32 trace :
------------
String:
<xml><ToUserName><![CDATA[gh_339b357d6bcb]]></ToUserName>
<FromUserName><![CDATA[oq5x0uLpi_8iIAVYy7O6FJYCPFKI]]></FromUserName>
<CreateTime>1464008184</CreateTime>
<MsgType><![CDATA[event]]></MsgType>
<Event><![CDATA[unsubscribe]]></Event>
<EventKey><![CDATA[]]></EventKey>
</xml>

2016-05-23 21:22:36 trace :
------------
String:
<xml><ToUserName><![CDATA[gh_d5c808a7666e]]></ToUserName>
<FromUserName><![CDATA[om_6jt1RUBJtHAbIhyT4jqtTKbfo]]></FromUserName>
<CreateTime>1464009739</CreateTime>
<MsgType><![CDATA[event]]></MsgType>
<Event><![CDATA[unsubscribe]]></Event>
<EventKey><![CDATA[]]></EventKey>
</xml>

2016-05-23 22:09:18 trace :
------------
String:
<xml><ToUserName><![CDATA[gh_339b357d6bcb]]></ToUserName>
<FromUserName><![CDATA[oq5x0uIRR_z_SSjdrObNDc2LhKfU]]></FromUserName>
<CreateTime>1464012543</CreateTime>
<MsgType><![CDATA[event]]></MsgType>
<Event><![CDATA[subscribe]]></Event>
<EventKey><![CDATA[]]></EventKey>
</xml>

2016-05-23 22:09:19 params :
------------
Array:
message : Array ;
module : ewei_vote ;
rule : 19 ;
priority : 0 ;
keyword : Array ;

2016-05-23 22:09:19 response :
------------
Array:
FromUserName : gh_339b357d6bcb ;
ToUserName : oq5x0uIRR_z_SSjdrObNDc2LhKfU ;
MsgType : news ;
ArticleCount : 1 ;
Articles : Array ;

