2016-05-18 13:22:39 trace :
------------
String:
<xml><ToUserName><![CDATA[gh_d5c808a7666e]]></ToUserName>
<FromUserName><![CDATA[om_6jt5SDZmJVfSo1qmMhEqHBcUo]]></FromUserName>
<CreateTime>1463548958</CreateTime>
<MsgType><![CDATA[event]]></MsgType>
<Event><![CDATA[WifiConnected]]></Event><ConnectTime>1463548957</ConnectTime><ExpireTime>0</ExpireTime><VendorId><![CDATA[3001224419]]></VendorId><ShopId><![CDATA[7737770]]></ShopId><DeviceNo><![CDATA[70:3a:d8:30:e6:e0]]></DeviceNo></xml>

2016-05-18 13:22:39 trace :
------------
String:
<xml><ToUserName><![CDATA[gh_d5c808a7666e]]></ToUserName>
<FromUserName><![CDATA[om_6jt5SDZmJVfSo1qmMhEqHBcUo]]></FromUserName>
<CreateTime>1463548958</CreateTime>
<MsgType><![CDATA[event]]></MsgType>
<Event><![CDATA[WifiConnected]]></Event><ConnectTime>1463548958</ConnectTime><ExpireTime>0</ExpireTime><VendorId><![CDATA[3001224419]]></VendorId><ShopId><![CDATA[7737770]]></ShopId><DeviceNo><![CDATA[70:3a:d8:30:e6:e0]]></DeviceNo></xml>

2016-05-18 13:22:39 params :
------------
Array:
rule : -2 ;
module :  ;
message : Array ;

2016-05-18 13:22:39 response :
------------

2016-05-18 13:22:39 params :
------------
Array:
rule : -2 ;
module :  ;
message : Array ;

2016-05-18 13:22:39 response :
------------

2016-05-18 15:33:17 trace :
------------
String:
<xml><ToUserName><![CDATA[gh_d5c808a7666e]]></ToUserName>
<FromUserName><![CDATA[om_6jt2reuXZKpn7S21ogqL9aK0I]]></FromUserName>
<CreateTime>1463556791</CreateTime>
<MsgType><![CDATA[event]]></MsgType>
<Event><![CDATA[WifiConnected]]></Event><ConnectTime>1463556791</ConnectTime><ExpireTime>0</ExpireTime><VendorId><![CDATA[3001224419]]></VendorId><ShopId><![CDATA[7737770]]></ShopId><DeviceNo><![CDATA[70:3a:d8:30:e6:e0]]></DeviceNo></xml>

2016-05-18 15:33:17 params :
------------
Array:
rule : -2 ;
module :  ;
message : Array ;

2016-05-18 15:33:17 response :
------------

2016-05-18 18:39:25 trace :
------------
String:
<xml><ToUserName><![CDATA[gh_d5c808a7666e]]></ToUserName>
<FromUserName><![CDATA[om_6jtwK1SqXYxH3qyYgABWGiCR4]]></FromUserName>
<CreateTime>1463567955</CreateTime>
<MsgType><![CDATA[event]]></MsgType>
<Event><![CDATA[unsubscribe]]></Event>
<EventKey><![CDATA[]]></EventKey>
</xml>

2016-05-18 18:39:26 trace :
------------
String:
<xml><ToUserName><![CDATA[gh_d5c808a7666e]]></ToUserName>
<FromUserName><![CDATA[om_6jtwK1SqXYxH3qyYgABWGiCR4]]></FromUserName>
<CreateTime>1463567956</CreateTime>
<MsgType><![CDATA[event]]></MsgType>
<Event><![CDATA[LOCATION]]></Event>
<Latitude>24.315870</Latitude>
<Longitude>109.393593</Longitude>
<Precision>5.000000</Precision>
</xml>

2016-05-18 18:39:26 params :
------------
Array:
message : Array ;
module : default ;
rule : -1 ;

2016-05-18 18:39:26 response :
------------
Array:
errno : -1 ;
message : Invaild value ;

2016-05-18 18:39:29 trace :
------------
String:
<xml><ToUserName><![CDATA[gh_d5c808a7666e]]></ToUserName>
<FromUserName><![CDATA[om_6jtwK1SqXYxH3qyYgABWGiCR4]]></FromUserName>
<CreateTime>1463567959</CreateTime>
<MsgType><![CDATA[event]]></MsgType>
<Event><![CDATA[subscribe]]></Event>
<EventKey><![CDATA[]]></EventKey>
</xml>

2016-05-18 18:39:29 params :
------------
Array:
rule : -2 ;
module :  ;
message : Array ;

2016-05-18 18:39:29 response :
------------

2016-05-18 18:39:48 trace :
------------
String:
<xml><ToUserName><![CDATA[gh_d5c808a7666e]]></ToUserName>
<FromUserName><![CDATA[om_6jtwK1SqXYxH3qyYgABWGiCR4]]></FromUserName>
<CreateTime>1463567978</CreateTime>
<MsgType><![CDATA[event]]></MsgType>
<Event><![CDATA[VIEW]]></Event>
<EventKey><![CDATA[http://wqq.xyj0772.com/app/index.php?i=2&c=entry&eid=512]]></EventKey>
<MenuId>404104525</MenuId>
</xml>

2016-05-18 18:39:48 params :
------------
Array:
rule : -2 ;
module :  ;
message : Array ;

2016-05-18 18:39:48 response :
------------

2016-05-18 22:12:21 trace :
------------
String:
<xml><ToUserName><![CDATA[gh_d5c808a7666e]]></ToUserName>
<FromUserName><![CDATA[om_6jt9PHXSZNcgkDCWmBQpDofkU]]></FromUserName>
<CreateTime>1463580740</CreateTime>
<MsgType><![CDATA[event]]></MsgType>
<Event><![CDATA[VIEW]]></Event>
<EventKey><![CDATA[http://wqq.xyj0772.com/app/index.php?i=2&c=entry&eid=512]]></EventKey>
<MenuId>404104525</MenuId>
</xml>

2016-05-18 22:12:21 trace :
------------
String:
<xml><ToUserName><![CDATA[gh_d5c808a7666e]]></ToUserName>
<FromUserName><![CDATA[om_6jt9PHXSZNcgkDCWmBQpDofkU]]></FromUserName>
<CreateTime>1463580740</CreateTime>
<MsgType><![CDATA[event]]></MsgType>
<Event><![CDATA[LOCATION]]></Event>
<Latitude>22.829376</Latitude>
<Longitude>108.384048</Longitude>
<Precision>70.000000</Precision>
</xml>

2016-05-18 22:12:21 params :
------------
Array:
rule : -2 ;
module :  ;
message : Array ;

2016-05-18 22:12:21 response :
------------

2016-05-18 22:12:21 params :
------------
Array:
message : Array ;
module : default ;
rule : -1 ;

2016-05-18 22:12:21 response :
------------
Array:
errno : -1 ;
message : Invaild value ;

2016-05-18 22:12:42 trace :
------------
String:
<xml><ToUserName><![CDATA[gh_d5c808a7666e]]></ToUserName>
<FromUserName><![CDATA[om_6jt9PHXSZNcgkDCWmBQpDofkU]]></FromUserName>
<CreateTime>1463580761</CreateTime>
<MsgType><![CDATA[event]]></MsgType>
<Event><![CDATA[LOCATION]]></Event>
<Latitude>22.829376</Latitude>
<Longitude>108.384048</Longitude>
<Precision>70.000000</Precision>
</xml>

2016-05-18 22:12:42 params :
------------
Array:
message : Array ;
module : default ;
rule : -1 ;

2016-05-18 22:12:42 response :
------------
Array:
errno : -1 ;
message : Invaild value ;

2016-05-18 22:40:25 trace :
------------
String:
<xml><ToUserName><![CDATA[gh_d5c808a7666e]]></ToUserName>
<FromUserName><![CDATA[om_6jt6FLbVqsVtG2wVARtpWAC6o]]></FromUserName>
<CreateTime>1463582422</CreateTime>
<MsgType><![CDATA[event]]></MsgType>
<Event><![CDATA[subscribe]]></Event>
<EventKey><![CDATA[]]></EventKey>
</xml>

2016-05-18 22:40:25 params :
------------
Array:
rule : -2 ;
module :  ;
message : Array ;

2016-05-18 22:40:25 response :
------------

2016-05-18 22:40:32 trace :
------------
String:
<xml><ToUserName><![CDATA[gh_d5c808a7666e]]></ToUserName>
<FromUserName><![CDATA[om_6jt6FLbVqsVtG2wVARtpWAC6o]]></FromUserName>
<CreateTime>1463582429</CreateTime>
<MsgType><![CDATA[event]]></MsgType>
<Event><![CDATA[VIEW]]></Event>
<EventKey><![CDATA[http://wqq.xyj0772.com/app/index.php?i=2&c=entry&eid=512]]></EventKey>
<MenuId>404104525</MenuId>
</xml>

2016-05-18 22:40:32 params :
------------
Array:
rule : -2 ;
module :  ;
message : Array ;

2016-05-18 22:40:32 response :
------------

2016-05-18 22:42:19 trace :
------------
String:
<xml><ToUserName><![CDATA[gh_d5c808a7666e]]></ToUserName>
<FromUserName><![CDATA[om_6jt6FLbVqsVtG2wVARtpWAC6o]]></FromUserName>
<CreateTime>1463582536</CreateTime>
<MsgType><![CDATA[event]]></MsgType>
<Event><![CDATA[VIEW]]></Event>
<EventKey><![CDATA[http://wqq.xyj0772.com/app/index.php?i=2&c=entry&method=register&p=commission&m=ewei_shop&do=plugin]]></EventKey>
<MenuId>404104525</MenuId>
</xml>

2016-05-18 22:42:19 params :
------------
Array:
rule : -2 ;
module :  ;
message : Array ;

2016-05-18 22:42:19 response :
------------

2016-05-18 22:42:24 trace :
------------
String:
<xml><ToUserName><![CDATA[gh_d5c808a7666e]]></ToUserName>
<FromUserName><![CDATA[om_6jt6FLbVqsVtG2wVARtpWAC6o]]></FromUserName>
<CreateTime>1463582541</CreateTime>
<MsgType><![CDATA[event]]></MsgType>
<Event><![CDATA[VIEW]]></Event>
<EventKey><![CDATA[http://wqq.xyj0772.com/app/index.php?i=2&c=entry&eid=63]]></EventKey>
<MenuId>404104525</MenuId>
</xml>

2016-05-18 22:42:24 params :
------------
Array:
rule : -2 ;
module :  ;
message : Array ;

2016-05-18 22:42:24 response :
------------

2016-05-18 22:42:39 trace :
------------
String:
<xml><ToUserName><![CDATA[gh_d5c808a7666e]]></ToUserName>
<FromUserName><![CDATA[om_6jt6FLbVqsVtG2wVARtpWAC6o]]></FromUserName>
<CreateTime>1463582555</CreateTime>
<MsgType><![CDATA[event]]></MsgType>
<Event><![CDATA[VIEW]]></Event>
<EventKey><![CDATA[http://wqq.xyj0772.com/app/index.php?i=2&c=entry&eid=120]]></EventKey>
<MenuId>404104525</MenuId>
</xml>

2016-05-18 22:42:39 params :
------------
Array:
rule : -2 ;
module :  ;
message : Array ;

2016-05-18 22:42:39 response :
------------

2016-05-18 22:42:48 trace :
------------
String:
<xml><ToUserName><![CDATA[gh_d5c808a7666e]]></ToUserName>
<FromUserName><![CDATA[om_6jt6FLbVqsVtG2wVARtpWAC6o]]></FromUserName>
<CreateTime>1463582565</CreateTime>
<MsgType><![CDATA[event]]></MsgType>
<Event><![CDATA[VIEW]]></Event>
<EventKey><![CDATA[http://wqq.xyj0772.com/app/index.php?i=2&c=entry&eid=512]]></EventKey>
<MenuId>404104525</MenuId>
</xml>

2016-05-18 22:42:48 params :
------------
Array:
rule : -2 ;
module :  ;
message : Array ;

2016-05-18 22:42:48 response :
------------

2016-05-18 22:43:29 trace :
------------
String:
<xml><ToUserName><![CDATA[gh_d5c808a7666e]]></ToUserName>
<FromUserName><![CDATA[om_6jt6FLbVqsVtG2wVARtpWAC6o]]></FromUserName>
<CreateTime>1463582605</CreateTime>
<MsgType><![CDATA[event]]></MsgType>
<Event><![CDATA[VIEW]]></Event>
<EventKey><![CDATA[http://wqq.xyj0772.com/app/index.php?i=2&c=entry&eid=516]]></EventKey>
<MenuId>404104525</MenuId>
</xml>

2016-05-18 22:43:29 params :
------------
Array:
rule : -2 ;
module :  ;
message : Array ;

2016-05-18 22:43:29 response :
------------

