2016-01-28 08:11:37 trace :
------------
String:
<xml><ToUserName><![CDATA[gh_19f3b98aa3d7]]></ToUserName>
<FromUserName><![CDATA[ouLX4ty7_5eCNTKMYf1dhVq37fNk]]></FromUserName>
<CreateTime>1453939897</CreateTime>
<MsgType><![CDATA[event]]></MsgType>
<Event><![CDATA[unsubscribe]]></Event>
<EventKey><![CDATA[]]></EventKey>
</xml>

2016-01-28 09:25:16 trace :
------------
String:
<xml><ToUserName><![CDATA[gh_ccbf343b8498]]></ToUserName>
<FromUserName><![CDATA[oc2pYwKHDCkVRfybTwnXSJ16QfCQ]]></FromUserName>
<CreateTime>1453944316</CreateTime>
<MsgType><![CDATA[text]]></MsgType>
<Content><![CDATA[上墙]]></Content>
<MsgId>6244643287828573182</MsgId>
</xml>

2016-01-28 09:25:16 params :
------------
Array:
message : Array ;
module : meepo_bigerwall ;
rule : 333 ;
priority : 0 ;
keyword : Array ;

2016-01-28 09:25:16 response :
------------
Array:
FromUserName : gh_ccbf343b8498 ;
ToUserName : oc2pYwKHDCkVRfybTwnXSJ16QfCQ ;
MsgType : text ;
Content : 管理员后台参数配置有误，请呼叫管理员！ ;

2016-01-28 09:29:22 trace :
------------
String:
<xml><ToUserName><![CDATA[gh_ccbf343b8498]]></ToUserName>
<FromUserName><![CDATA[oc2pYwKHDCkVRfybTwnXSJ16QfCQ]]></FromUserName>
<CreateTime>1453944559</CreateTime>
<MsgType><![CDATA[text]]></MsgType>
<Content><![CDATA[现场]]></Content>
<MsgId>6244644331505626134</MsgId>
</xml>

2016-01-28 09:29:23 params :
------------
Array:
message : Array ;
module : meepo_bigerwall ;
rule : 333 ;
priority : 0 ;
keyword : Array ;

2016-01-28 09:29:23 response :
------------
Array:
FromUserName : gh_ccbf343b8498 ;
ToUserName : oc2pYwKHDCkVRfybTwnXSJ16QfCQ ;
MsgType : text ;
Content : 管理员后台参数配置有误，请呼叫管理员！ ;

2016-01-28 09:32:12 trace :
------------
String:
<xml><ToUserName><![CDATA[gh_ccbf343b8498]]></ToUserName>
<FromUserName><![CDATA[oc2pYwKHDCkVRfybTwnXSJ16QfCQ]]></FromUserName>
<CreateTime>1453944732</CreateTime>
<MsgType><![CDATA[text]]></MsgType>
<Content><![CDATA[现场]]></Content>
<MsgId>6244645074534968365</MsgId>
</xml>

2016-01-28 09:32:14 params :
------------
Array:
message : Array ;
module : meepo_bigerwall ;
rule : 333 ;
priority : 0 ;
keyword : Array ;

2016-01-28 09:32:14 response :
------------
Array:
FromUserName : gh_ccbf343b8498 ;
ToUserName : oc2pYwKHDCkVRfybTwnXSJ16QfCQ ;
MsgType : text ;
Content : 管理员后台参数配置有误，请呼叫管理员！ ;

2016-01-28 09:34:55 trace :
------------
String:
<xml><ToUserName><![CDATA[gh_ccbf343b8498]]></ToUserName>
<FromUserName><![CDATA[oc2pYwKHDCkVRfybTwnXSJ16QfCQ]]></FromUserName>
<CreateTime>1453944887</CreateTime>
<MsgType><![CDATA[text]]></MsgType>
<Content><![CDATA[现场]]></Content>
<MsgId>6244645740254899265</MsgId>
</xml>

2016-01-28 09:35:31 trace :
------------
String:
<xml><ToUserName><![CDATA[gh_ccbf343b8498]]></ToUserName>
<FromUserName><![CDATA[oc2pYwKHDCkVRfybTwnXSJ16QfCQ]]></FromUserName>
<CreateTime>1453944931</CreateTime>
<MsgType><![CDATA[text]]></MsgType>
<Content><![CDATA[现场]]></Content>
<MsgId>6244645929233460292</MsgId>
</xml>

2016-01-28 09:35:59 trace :
------------
String:
<xml><ToUserName><![CDATA[gh_ccbf343b8498]]></ToUserName>
<FromUserName><![CDATA[oc2pYwKHDCkVRfybTwnXSJ16QfCQ]]></FromUserName>
<CreateTime>1453944959</CreateTime>
<MsgType><![CDATA[text]]></MsgType>
<Content><![CDATA[现场]]></Content>
<MsgId>6244646049492544582</MsgId>
</xml>

2016-01-28 09:36:00 params :
------------
Array:
message : Array ;
module : meepo_bigerwall ;
rule : 333 ;
priority : 0 ;
keyword : Array ;

2016-01-28 09:36:00 response :
------------
Array:
errno : -1 ;
message : Invaild value ;

2016-01-28 09:36:41 trace :
------------
String:
<xml><ToUserName><![CDATA[gh_ccbf343b8498]]></ToUserName>
<FromUserName><![CDATA[oc2pYwKHDCkVRfybTwnXSJ16QfCQ]]></FromUserName>
<CreateTime>1453945000</CreateTime>
<MsgType><![CDATA[text]]></MsgType>
<Content><![CDATA[现场]]></Content>
<MsgId>6244646225586203727</MsgId>
</xml>

2016-01-28 09:36:41 params :
------------
Array:
message : Array ;
module : meepo_bigerwall ;
rule : 333 ;
priority : 0 ;
keyword : Array ;

2016-01-28 09:36:41 response :
------------
Array:
FromUserName : gh_ccbf343b8498 ;
ToUserName : oc2pYwKHDCkVRfybTwnXSJ16QfCQ ;
MsgType : text ;
Content : 管理员后台参数配置有误，请呼叫管理员！ ;

2016-01-28 09:37:12 trace :
------------
String:
<xml><ToUserName><![CDATA[gh_ccbf343b8498]]></ToUserName>
<FromUserName><![CDATA[oc2pYwKHDCkVRfybTwnXSJ16QfCQ]]></FromUserName>
<CreateTime>1453945032</CreateTime>
<MsgType><![CDATA[text]]></MsgType>
<Content><![CDATA[现场]]></Content>
<MsgId>6244646363025157206</MsgId>
</xml>

2016-01-28 09:37:13 params :
------------
Array:
message : Array ;
module : meepo_bigerwall ;
rule : 333 ;
priority : 0 ;
keyword : Array ;

2016-01-28 09:37:13 response :
------------
Array:
FromUserName : gh_ccbf343b8498 ;
ToUserName : oc2pYwKHDCkVRfybTwnXSJ16QfCQ ;
MsgType : text ;
Content : 管理员后台参数配置有误，请呼叫管理员！ ;

2016-01-28 09:37:56 trace :
------------
String:
<xml><ToUserName><![CDATA[gh_ccbf343b8498]]></ToUserName>
<FromUserName><![CDATA[oc2pYwKHDCkVRfybTwnXSJ16QfCQ]]></FromUserName>
<CreateTime>1453945076</CreateTime>
<MsgType><![CDATA[text]]></MsgType>
<Content><![CDATA[现场]]></Content>
<MsgId>6244646552003718250</MsgId>
</xml>

2016-01-28 09:37:56 params :
------------
Array:
message : Array ;
module : meepo_bigerwall ;
rule : 333 ;
priority : 0 ;
keyword : Array ;

2016-01-28 09:37:56 response :
------------
Array:
FromUserName : gh_ccbf343b8498 ;
ToUserName : oc2pYwKHDCkVRfybTwnXSJ16QfCQ ;
MsgType : text ;
Content : 请输入您的真实姓名以及联系方式，验证您的真实身份！\n<a target="_blank" href="http://www.wx866.com/app/index.php?i=5&c=auth&a=forward&uniacid=5&__auth=eyJvcGVuaWQiOiJvYzJwWXdLSERDa1ZSZnliVHduWFNKMTZRZkNRIiwiYWNpZCI6IjUiLCJ0aW1lIjoxNDUzOTQ1MDc2LCJoYXNoIjoiMzBjZDA4MDQyMzZhMmJiMGI1MTJkN2UzNzBjYjM1ZWIifQ%3D%3D&forward=Li9pbmRleC5waHA%2FaT01JmM9ZW50cnkmcmlkPTMzMyZkbz1nZXRtb2JpbGVyZWFsbmFtZSZtPW1lZXBvX2JpZ2Vyd2FsbA%3D%3D&wxref=mp.weixin.qq.com#wechat_redirect">点击进入</a> ;

2016-01-28 09:38:13 trace :
------------
String:
<xml><ToUserName><![CDATA[gh_ccbf343b8498]]></ToUserName>
<FromUserName><![CDATA[oc2pYwKHDCkVRfybTwnXSJ16QfCQ]]></FromUserName>
<CreateTime>1453945092</CreateTime>
<MsgType><![CDATA[text]]></MsgType>
<Content><![CDATA[现场]]></Content>
<MsgId>6244646620723194989</MsgId>
</xml>

2016-01-28 09:38:13 params :
------------
Array:
message : Array ;
module : meepo_bigerwall ;
rule : 333 ;
priority : 0 ;
keyword : Array ;

2016-01-28 09:38:13 response :
------------
Array:
FromUserName : gh_ccbf343b8498 ;
ToUserName : oc2pYwKHDCkVRfybTwnXSJ16QfCQ ;
MsgType : text ;
Content : 您已经录入基本信息！直接回复任意内容即可上墙！ ;

2016-01-28 09:38:31 trace :
------------
String:
<xml><ToUserName><![CDATA[gh_ccbf343b8498]]></ToUserName>
<FromUserName><![CDATA[oc2pYwKHDCkVRfybTwnXSJ16QfCQ]]></FromUserName>
<CreateTime>1453945110</CreateTime>
<MsgType><![CDATA[text]]></MsgType>
<Content><![CDATA[测试]]></Content>
<MsgId>6244646698032606322</MsgId>
</xml>

2016-01-28 09:38:31 params :
------------
Array:
message : Array ;
module : meepo_bigerwall ;
rule : 333 ;
priority : 0 ;
context : 1 ;

2016-01-28 09:38:31 response :
------------
Array:
FromUserName : gh_ccbf343b8498 ;
ToUserName : oc2pYwKHDCkVRfybTwnXSJ16QfCQ ;
MsgType : text ;
Content : 上墙成功，再次回复任意内容或图片即可再次上墙哦！ ;

2016-01-28 09:38:39 trace :
------------
String:
<xml><ToUserName><![CDATA[gh_ccbf343b8498]]></ToUserName>
<FromUserName><![CDATA[oc2pYwKHDCkVRfybTwnXSJ16QfCQ]]></FromUserName>
<CreateTime>1453945119</CreateTime>
<MsgType><![CDATA[image]]></MsgType>
<PicUrl><![CDATA[http://mmbiz.qpic.cn/mmbiz/giczmN23MNia5btDYyLXcGdhecnTtsQ2ic9f52iaD4QvkbOHttVJN3YZf00UWEAR0852hMER2SofOoq0vwd48dzoKg/0]]></PicUrl>
<MsgId>6244646736687311988</MsgId>
<MediaId><![CDATA[QWiMzCjdsr8fGo_dueRE-P44rlW3feTuF0gZSzWytLYmmTzW0-YTtpYo2XoyCUxV]]></MediaId>
</xml>

2016-01-28 09:38:40 params :
------------
Array:
message : Array ;
module : meepo_bigerwall ;
rule : 333 ;
priority : 0 ;
context : 1 ;

2016-01-28 09:38:40 response :
------------
Array:
FromUserName : gh_ccbf343b8498 ;
ToUserName : oc2pYwKHDCkVRfybTwnXSJ16QfCQ ;
MsgType : text ;
Content : 上墙成功，再次回复任意内容或图片即可再次上墙哦！ ;

2016-01-28 09:48:38 trace :
------------
String:
<xml><ToUserName><![CDATA[gh_ccbf343b8498]]></ToUserName>
<FromUserName><![CDATA[oc2pYwA2XjLp5Yy7XfoHEcNZxlGw]]></FromUserName>
<CreateTime>1453945718</CreateTime>
<MsgType><![CDATA[event]]></MsgType>
<Event><![CDATA[subscribe]]></Event>
<EventKey><![CDATA[]]></EventKey>
</xml>

2016-01-28 09:48:38 params :
------------
Array:
rule : -2 ;
module :  ;
message : Array ;

2016-01-28 09:48:38 response :
------------

2016-01-28 09:48:47 trace :
------------
String:
<xml><ToUserName><![CDATA[gh_ccbf343b8498]]></ToUserName>
<FromUserName><![CDATA[oc2pYwA2XjLp5Yy7XfoHEcNZxlGw]]></FromUserName>
<CreateTime>1453945726</CreateTime>
<MsgType><![CDATA[text]]></MsgType>
<Content><![CDATA[摇一摇]]></Content>
<MsgId>6244649343732460748</MsgId>
</xml>

2016-01-28 09:48:47 params :
------------
Array:
message : Array ;
module : mon_qmshake ;
rule : 23 ;
priority : 0 ;
keyword : Array ;

2016-01-28 09:48:47 response :
------------
Array:
FromUserName : gh_ccbf343b8498 ;
ToUserName : oc2pYwA2XjLp5Yy7XfoHEcNZxlGw ;
MsgType : news ;
ArticleCount : 1 ;
Articles : Array ;

2016-01-28 10:04:48 trace :
------------
String:
<xml><ToUserName><![CDATA[gh_ccbf343b8498]]></ToUserName>
<FromUserName><![CDATA[oc2pYwA2XjLp5Yy7XfoHEcNZxlGw]]></FromUserName>
<CreateTime>1453946688</CreateTime>
<MsgType><![CDATA[event]]></MsgType>
<Event><![CDATA[unsubscribe]]></Event>
<EventKey><![CDATA[]]></EventKey>
</xml>

2016-01-28 10:36:11 trace :
------------
String:
<xml><ToUserName><![CDATA[gh_19f3b98aa3d7]]></ToUserName>
<FromUserName><![CDATA[ouLX4twffReuOkBPQGKbNdQJuSNg]]></FromUserName>
<CreateTime>1453948567</CreateTime>
<MsgType><![CDATA[event]]></MsgType>
<Event><![CDATA[unsubscribe]]></Event>
<EventKey><![CDATA[]]></EventKey>
</xml>

2016-01-28 12:38:03 trace :
------------
String:
<xml><ToUserName><![CDATA[gh_80cdec6dd855]]></ToUserName>
<FromUserName><![CDATA[omSUBtxnYNZ1aW6HL4gmLqeN1U8M]]></FromUserName>
<CreateTime>1453955882</CreateTime>
<MsgType><![CDATA[event]]></MsgType>
<Event><![CDATA[unsubscribe]]></Event>
<EventKey><![CDATA[]]></EventKey>
</xml>

2016-01-28 15:41:19 trace :
------------
String:
<xml><ToUserName><![CDATA[gh_ccbf343b8498]]></ToUserName>
<FromUserName><![CDATA[oc2pYwKHDCkVRfybTwnXSJ16QfCQ]]></FromUserName>
<CreateTime>1453966879</CreateTime>
<MsgType><![CDATA[text]]></MsgType>
<Content><![CDATA[现场]]></Content>
<MsgId>6244740195175678274</MsgId>
</xml>

2016-01-28 15:41:19 params :
------------
Array:
message : Array ;
module : meepo_bigerwall ;
rule : 333 ;
priority : 0 ;
keyword : Array ;

2016-01-28 15:41:19 response :
------------
Array:
FromUserName : gh_ccbf343b8498 ;
ToUserName : oc2pYwKHDCkVRfybTwnXSJ16QfCQ ;
MsgType : text ;
Content : 您已经录入基本信息！直接回复任意内容即可上墙！ ;

2016-01-28 16:09:35 trace :
------------
String:
<xml><ToUserName><![CDATA[gh_ccbf343b8498]]></ToUserName>
<FromUserName><![CDATA[oc2pYwKHDCkVRfybTwnXSJ16QfCQ]]></FromUserName>
<CreateTime>1453968574</CreateTime>
<MsgType><![CDATA[text]]></MsgType>
<Content><![CDATA[小区]]></Content>
<MsgId>6244747475145245501</MsgId>
</xml>

2016-01-28 16:09:35 params :
------------
Array:
message : Array ;
module : cover ;
rule : 338 ;
priority : 0 ;
keyword : Array ;

2016-01-28 16:09:35 response :
------------
Array:
FromUserName : gh_ccbf343b8498 ;
ToUserName : oc2pYwKHDCkVRfybTwnXSJ16QfCQ ;
MsgType : news ;
ArticleCount : 1 ;
Articles : Array ;

2016-01-28 20:34:36 trace :
------------
String:
<xml><ToUserName><![CDATA[gh_ccbf343b8498]]></ToUserName>
<FromUserName><![CDATA[oc2pYwEgEzgmV3l2wdaZdJAY2NSE]]></FromUserName>
<CreateTime>1453984476</CreateTime>
<MsgType><![CDATA[event]]></MsgType>
<Event><![CDATA[subscribe]]></Event>
<EventKey><![CDATA[]]></EventKey>
</xml>

2016-01-28 20:34:36 params :
------------
Array:
rule : -2 ;
module :  ;
message : Array ;

2016-01-28 20:34:36 response :
------------

2016-01-28 20:34:46 trace :
------------
String:
<xml><ToUserName><![CDATA[gh_ccbf343b8498]]></ToUserName>
<FromUserName><![CDATA[oc2pYwEgEzgmV3l2wdaZdJAY2NSE]]></FromUserName>
<CreateTime>1453984485</CreateTime>
<MsgType><![CDATA[text]]></MsgType>
<Content><![CDATA[拼团]]></Content>
<MsgId>6244815812369900645</MsgId>
</xml>

2016-01-28 20:34:46 params :
------------
Array:
message : Array ;
module : cover ;
rule : 15 ;
priority : 0 ;
keyword : Array ;

2016-01-28 20:34:46 response :
------------
Array:
FromUserName : gh_ccbf343b8498 ;
ToUserName : oc2pYwEgEzgmV3l2wdaZdJAY2NSE ;
MsgType : news ;
ArticleCount : 1 ;
Articles : Array ;

2016-01-28 23:04:14 trace :
------------
String:
<xml><ToUserName><![CDATA[gh_4a88bcb35142]]></ToUserName>
<FromUserName><![CDATA[oXvf4juu2fXog8rFWqX2jovMWn1A]]></FromUserName>
<CreateTime>1453993454</CreateTime>
<MsgType><![CDATA[event]]></MsgType>
<Event><![CDATA[subscribe]]></Event>
<EventKey><![CDATA[]]></EventKey>
</xml>

2016-01-28 23:04:14 params :
------------
Array:
rule : -2 ;
module :  ;
message : Array ;

2016-01-28 23:04:14 response :
------------

2016-01-28 23:04:18 trace :
------------
String:
<xml><ToUserName><![CDATA[gh_4a88bcb35142]]></ToUserName>
<FromUserName><![CDATA[oXvf4juu2fXog8rFWqX2jovMWn1A]]></FromUserName>
<CreateTime>1453993458</CreateTime>
<MsgType><![CDATA[event]]></MsgType>
<Event><![CDATA[VIEW]]></Event>
<EventKey><![CDATA[http://www.wx866.com/app/index.php?i=94&c=entry&p=designer&pageid=5&m=ewei_shop&do=plugin]]></EventKey>
<MenuId>401797536</MenuId>
</xml>

2016-01-28 23:04:18 params :
------------
Array:
rule : -2 ;
module :  ;
message : Array ;

2016-01-28 23:04:18 response :
------------

2016-01-28 23:14:22 trace :
------------
String:
<xml><ToUserName><![CDATA[gh_4a88bcb35142]]></ToUserName>
<FromUserName><![CDATA[oXvf4jttsu3n2TD-kVnSJUfEb5iE]]></FromUserName>
<CreateTime>1453994062</CreateTime>
<MsgType><![CDATA[event]]></MsgType>
<Event><![CDATA[subscribe]]></Event>
<EventKey><![CDATA[]]></EventKey>
</xml>

2016-01-28 23:14:22 params :
------------
Array:
rule : -2 ;
module :  ;
message : Array ;

2016-01-28 23:14:22 response :
------------

2016-01-28 23:14:33 trace :
------------
String:
<xml><ToUserName><![CDATA[gh_4a88bcb35142]]></ToUserName>
<FromUserName><![CDATA[oXvf4jttsu3n2TD-kVnSJUfEb5iE]]></FromUserName>
<CreateTime>1453994073</CreateTime>
<MsgType><![CDATA[text]]></MsgType>
<Content><![CDATA[/::)]]></Content>
<MsgId>6244856992514634335</MsgId>
</xml>

2016-01-28 23:14:33 params :
------------
Array:
rule : -2 ;
module :  ;
message : Array ;

2016-01-28 23:14:33 response :
------------

2016-01-28 23:14:43 trace :
------------
String:
<xml><ToUserName><![CDATA[gh_4a88bcb35142]]></ToUserName>
<FromUserName><![CDATA[oXvf4jttsu3n2TD-kVnSJUfEb5iE]]></FromUserName>
<CreateTime>1453994083</CreateTime>
<MsgType><![CDATA[event]]></MsgType>
<Event><![CDATA[unsubscribe]]></Event>
<EventKey><![CDATA[]]></EventKey>
</xml>

