2016-02-05 05:49:15 trace :
------------
String:
<xml><ToUserName><![CDATA[gh_4e2dc508e67f]]></ToUserName>
<FromUserName><![CDATA[oKmr0jnkA7UAaSuGGQMLwZqqCjXA]]></FromUserName>
<CreateTime>1454622555</CreateTime>
<MsgType><![CDATA[event]]></MsgType>
<Event><![CDATA[unsubscribe]]></Event>
<EventKey><![CDATA[]]></EventKey>
</xml>

2016-02-05 12:45:32 trace :
------------
String:
<xml><ToUserName><![CDATA[gh_4e2dc508e67f]]></ToUserName>
<FromUserName><![CDATA[oKmr0jqTN8-qcfh0UvKUZPGqxuo8]]></FromUserName>
<CreateTime>1454647532</CreateTime>
<MsgType><![CDATA[event]]></MsgType>
<Event><![CDATA[unsubscribe]]></Event>
<EventKey><![CDATA[]]></EventKey>
</xml>

2016-02-05 19:19:48 trace :
------------
String:
<xml><ToUserName><![CDATA[gh_ccbf343b8498]]></ToUserName>
<FromUserName><![CDATA[oc2pYwPNXyaWMNRk7wIRJdeIfRPE]]></FromUserName>
<CreateTime>1454671188</CreateTime>
<MsgType><![CDATA[event]]></MsgType>
<Event><![CDATA[subscribe]]></Event>
<EventKey><![CDATA[]]></EventKey>
</xml>

2016-02-05 19:19:48 params :
------------
Array:
rule : -2 ;
module :  ;
message : Array ;

2016-02-05 19:19:48 response :
------------

2016-02-05 20:39:52 trace :
------------
String:
<xml><ToUserName><![CDATA[gh_ad9baf0a0436]]></ToUserName>
<FromUserName><![CDATA[oQ8xGt7Qd3JXTyfYInnz381RD3wI]]></FromUserName>
<CreateTime>1454675991</CreateTime>
<MsgType><![CDATA[event]]></MsgType>
<Event><![CDATA[subscribe]]></Event>
<EventKey><![CDATA[]]></EventKey>
</xml>

2016-02-05 20:39:52 params :
------------
Array:
rule : -2 ;
module :  ;
message : Array ;

2016-02-05 20:39:52 response :
------------

2016-02-05 20:39:54 trace :
------------
String:
<xml><ToUserName><![CDATA[gh_ad9baf0a0436]]></ToUserName>
<FromUserName><![CDATA[oQ8xGt7Qd3JXTyfYInnz381RD3wI]]></FromUserName>
<CreateTime>1454675994</CreateTime>
<MsgType><![CDATA[event]]></MsgType>
<Event><![CDATA[VIEW]]></Event>
<EventKey><![CDATA[http://1.gifcare.com/main/chaikais.index.php?adminid=1]]></EventKey>
<MenuId>208997388</MenuId>
</xml>

2016-02-05 20:39:54 params :
------------
Array:
rule : -2 ;
module :  ;
message : Array ;

2016-02-05 20:39:54 response :
------------

2016-02-05 21:24:21 trace :
------------
String:
<xml><ToUserName><![CDATA[gh_ad9baf0a0436]]></ToUserName>
<FromUserName><![CDATA[oQ8xGt67tymiWtcK41G_Y-GnE7N8]]></FromUserName>
<CreateTime>1454678660</CreateTime>
<MsgType><![CDATA[event]]></MsgType>
<Event><![CDATA[subscribe]]></Event>
<EventKey><![CDATA[]]></EventKey>
</xml>

2016-02-05 21:24:21 params :
------------
Array:
rule : -2 ;
module :  ;
message : Array ;

2016-02-05 21:24:21 response :
------------

2016-02-05 21:24:24 trace :
------------
String:
<xml><ToUserName><![CDATA[gh_ad9baf0a0436]]></ToUserName>
<FromUserName><![CDATA[oQ8xGt67tymiWtcK41G_Y-GnE7N8]]></FromUserName>
<CreateTime>1454678664</CreateTime>
<MsgType><![CDATA[event]]></MsgType>
<Event><![CDATA[VIEW]]></Event>
<EventKey><![CDATA[http://1.gifcare.com/main/chaikais.index.php?adminid=1]]></EventKey>
<MenuId>208997388</MenuId>
</xml>

2016-02-05 21:24:24 params :
------------
Array:
rule : -2 ;
module :  ;
message : Array ;

2016-02-05 21:24:24 response :
------------

2016-02-05 21:24:39 trace :
------------
String:
<xml><ToUserName><![CDATA[gh_ad9baf0a0436]]></ToUserName>
<FromUserName><![CDATA[oQ8xGt67tymiWtcK41G_Y-GnE7N8]]></FromUserName>
<CreateTime>1454678679</CreateTime>
<MsgType><![CDATA[text]]></MsgType>
<Content><![CDATA[抢红包]]></Content>
<MsgId>6247797352898548846</MsgId>
</xml>

2016-02-05 21:24:39 params :
------------
Array:
rule : -2 ;
module :  ;
message : Array ;

2016-02-05 21:24:39 response :
------------

2016-02-05 21:24:48 trace :
------------
String:
<xml><ToUserName><![CDATA[gh_ad9baf0a0436]]></ToUserName>
<FromUserName><![CDATA[oQ8xGt67tymiWtcK41G_Y-GnE7N8]]></FromUserName>
<CreateTime>1454678688</CreateTime>
<MsgType><![CDATA[text]]></MsgType>
<Content><![CDATA[猜红包]]></Content>
<MsgId>6247797391553254511</MsgId>
</xml>

2016-02-05 21:24:48 params :
------------
Array:
message : Array ;
module : cover ;
rule : 375 ;
priority : 0 ;
keyword : Array ;

2016-02-05 21:24:48 response :
------------
Array:
FromUserName : gh_ad9baf0a0436 ;
ToUserName : oQ8xGt67tymiWtcK41G_Y-GnE7N8 ;
MsgType : news ;
ArticleCount : 1 ;
Articles : Array ;

2016-02-05 21:40:25 trace :
------------
String:
<xml><ToUserName><![CDATA[gh_ccbf343b8498]]></ToUserName>
<FromUserName><![CDATA[oc2pYwP68FuZ8pUx4JsCtRiLpde8]]></FromUserName>
<CreateTime>1454679625</CreateTime>
<MsgType><![CDATA[event]]></MsgType>
<Event><![CDATA[subscribe]]></Event>
<EventKey><![CDATA[]]></EventKey>
</xml>

2016-02-05 21:40:25 params :
------------
Array:
rule : -2 ;
module :  ;
message : Array ;

2016-02-05 21:40:25 response :
------------

2016-02-05 21:40:36 trace :
------------
String:
<xml><ToUserName><![CDATA[gh_ccbf343b8498]]></ToUserName>
<FromUserName><![CDATA[oc2pYwP68FuZ8pUx4JsCtRiLpde8]]></FromUserName>
<CreateTime>1454679635</CreateTime>
<MsgType><![CDATA[text]]></MsgType>
<Content><![CDATA[一元抽奖]]></Content>
<MsgId>6247801458885853330</MsgId>
</xml>

2016-02-05 21:40:36 params :
------------
Array:
rule : -2 ;
module :  ;
message : Array ;

2016-02-05 21:40:36 response :
------------

2016-02-05 21:47:00 trace :
------------
String:
<xml><ToUserName><![CDATA[gh_ad9baf0a0436]]></ToUserName>
<FromUserName><![CDATA[oQ8xGt2mFVEmPnAIE_s0aLV2Wwt0]]></FromUserName>
<CreateTime>1454680019</CreateTime>
<MsgType><![CDATA[event]]></MsgType>
<Event><![CDATA[subscribe]]></Event>
<EventKey><![CDATA[]]></EventKey>
</xml>

2016-02-05 21:47:00 params :
------------
Array:
rule : -2 ;
module :  ;
message : Array ;

2016-02-05 21:47:00 response :
------------

2016-02-05 21:47:43 trace :
------------
String:
<xml><ToUserName><![CDATA[gh_ba6d5d765f6a]]></ToUserName>
<FromUserName><![CDATA[ojeUgt7tD5ukQQQMNOSGsy39TyTA]]></FromUserName>
<CreateTime>1454680063</CreateTime>
<MsgType><![CDATA[event]]></MsgType>
<Event><![CDATA[subscribe]]></Event>
<EventKey><![CDATA[]]></EventKey>
</xml>

2016-02-05 21:47:43 params :
------------
Array:
rule : -2 ;
module :  ;
message : Array ;

2016-02-05 21:47:43 response :
------------

2016-02-05 21:47:46 trace :
------------
String:
<xml><ToUserName><![CDATA[gh_ba6d5d765f6a]]></ToUserName>
<FromUserName><![CDATA[ojeUgt7tD5ukQQQMNOSGsy39TyTA]]></FromUserName>
<CreateTime>1454680066</CreateTime>
<MsgType><![CDATA[event]]></MsgType>
<Event><![CDATA[CLICK]]></Event>
<EventKey><![CDATA[商城]]></EventKey>
</xml>

2016-02-05 21:47:46 params :
------------
Array:
rule : -2 ;
module :  ;
message : Array ;

2016-02-05 21:47:46 response :
------------

2016-02-05 21:47:52 trace :
------------
String:
<xml><ToUserName><![CDATA[gh_ba6d5d765f6a]]></ToUserName>
<FromUserName><![CDATA[ojeUgt7tD5ukQQQMNOSGsy39TyTA]]></FromUserName>
<CreateTime>1454680072</CreateTime>
<MsgType><![CDATA[event]]></MsgType>
<Event><![CDATA[CLICK]]></Event>
<EventKey><![CDATA[首页]]></EventKey>
</xml>

2016-02-05 21:47:52 params :
------------
Array:
rule : -2 ;
module :  ;
message : Array ;

2016-02-05 21:47:52 response :
------------

2016-02-05 21:47:59 trace :
------------
String:
<xml><ToUserName><![CDATA[gh_ba6d5d765f6a]]></ToUserName>
<FromUserName><![CDATA[ojeUgt7tD5ukQQQMNOSGsy39TyTA]]></FromUserName>
<CreateTime>1454680079</CreateTime>
<MsgType><![CDATA[event]]></MsgType>
<Event><![CDATA[CLICK]]></Event>
<EventKey><![CDATA[业务合作]]></EventKey>
</xml>

2016-02-05 21:47:59 params :
------------
Array:
rule : -2 ;
module :  ;
message : Array ;

2016-02-05 21:47:59 response :
------------

