2016-09-21 09:28:54 trace :
------------
String:
<xml><ToUserName><![CDATA[gh_d5c808a7666e]]></ToUserName>
<FromUserName><![CDATA[om_6jt_it_Zd46ZUoVYxdt9n_fSM]]></FromUserName>
<CreateTime>1474421334</CreateTime>
<MsgType><![CDATA[event]]></MsgType>
<Event><![CDATA[VIEW]]></Event>
<EventKey><![CDATA[http://shanghai.xyj0772.com/app/index.php?i=1&c=entry&do=orderlist&m=weisrc_dish]]></EventKey>
<MenuId>405795979</MenuId>
</xml>

2016-09-21 09:28:54 params :
------------
Array:
rule : -2 ;
module :  ;
message : Array ;

2016-09-21 09:28:54 response :
------------

2016-09-21 10:25:18 trace :
------------
String:
<xml><ToUserName><![CDATA[gh_d5c808a7666e]]></ToUserName>
<FromUserName><![CDATA[om_6jt_it_Zd46ZUoVYxdt9n_fSM]]></FromUserName>
<CreateTime>1474424718</CreateTime>
<MsgType><![CDATA[event]]></MsgType>
<Event><![CDATA[VIEW]]></Event>
<EventKey><![CDATA[http://shanghai.xyj0772.com/app/index.php?i=1&c=entry&do=orderlist&m=weisrc_dish]]></EventKey>
<MenuId>405795979</MenuId>
</xml>

2016-09-21 10:25:18 params :
------------
Array:
rule : -2 ;
module :  ;
message : Array ;

2016-09-21 10:25:18 response :
------------

2016-09-21 10:32:20 trace :
------------
String:
<xml><ToUserName><![CDATA[gh_d5c808a7666e]]></ToUserName>
<FromUserName><![CDATA[om_6jt_it_Zd46ZUoVYxdt9n_fSM]]></FromUserName>
<CreateTime>1474425140</CreateTime>
<MsgType><![CDATA[event]]></MsgType>
<Event><![CDATA[VIEW]]></Event>
<EventKey><![CDATA[http://shanghai.xyj0772.com/app/index.php?i=1&c=entry&do=orderlist&m=weisrc_dish]]></EventKey>
<MenuId>405795979</MenuId>
</xml>

2016-09-21 10:32:20 params :
------------
Array:
rule : -2 ;
module :  ;
message : Array ;

2016-09-21 10:32:20 response :
------------

2016-09-21 10:42:38 trace :
------------
String:
<xml><ToUserName><![CDATA[gh_d5c808a7666e]]></ToUserName>
<FromUserName><![CDATA[om_6jt_it_Zd46ZUoVYxdt9n_fSM]]></FromUserName>
<CreateTime>1474425758</CreateTime>
<MsgType><![CDATA[event]]></MsgType>
<Event><![CDATA[VIEW]]></Event>
<EventKey><![CDATA[http://shanghai.xyj0772.com/app/index.php?i=1&c=entry&do=orderlist&m=weisrc_dish]]></EventKey>
<MenuId>405795979</MenuId>
</xml>

2016-09-21 10:42:38 params :
------------
Array:
rule : -2 ;
module :  ;
message : Array ;

2016-09-21 10:42:38 response :
------------

2016-09-21 10:47:20 trace :
------------
String:
<xml><ToUserName><![CDATA[gh_d5c808a7666e]]></ToUserName>
<FromUserName><![CDATA[om_6jt_it_Zd46ZUoVYxdt9n_fSM]]></FromUserName>
<CreateTime>1474426040</CreateTime>
<MsgType><![CDATA[event]]></MsgType>
<Event><![CDATA[VIEW]]></Event>
<EventKey><![CDATA[http://shanghai.xyj0772.com/app/index.php?i=1&c=entry&do=orderlist&m=weisrc_dish]]></EventKey>
<MenuId>405795979</MenuId>
</xml>

2016-09-21 10:47:20 params :
------------
Array:
rule : -2 ;
module :  ;
message : Array ;

2016-09-21 10:47:20 response :
------------

2016-09-21 10:47:37 trace :
------------
String:
<xml><ToUserName><![CDATA[gh_d5c808a7666e]]></ToUserName>
<FromUserName><![CDATA[om_6jt_it_Zd46ZUoVYxdt9n_fSM]]></FromUserName>
<CreateTime>1474426057</CreateTime>
<MsgType><![CDATA[event]]></MsgType>
<Event><![CDATA[VIEW]]></Event>
<EventKey><![CDATA[http://shanghai.xyj0772.com/app/index.php?i=1&c=entry&do=orderlist&m=weisrc_dish]]></EventKey>
<MenuId>405795979</MenuId>
</xml>

2016-09-21 10:47:37 params :
------------
Array:
rule : -2 ;
module :  ;
message : Array ;

2016-09-21 10:47:37 response :
------------

2016-09-21 10:48:04 trace :
------------
String:
<xml><ToUserName><![CDATA[gh_d5c808a7666e]]></ToUserName>
<FromUserName><![CDATA[om_6jt_it_Zd46ZUoVYxdt9n_fSM]]></FromUserName>
<CreateTime>1474426084</CreateTime>
<MsgType><![CDATA[event]]></MsgType>
<Event><![CDATA[VIEW]]></Event>
<EventKey><![CDATA[http://shanghai.xyj0772.com/app/index.php?i=1&c=entry&do=orderlist&m=weisrc_dish]]></EventKey>
<MenuId>405795979</MenuId>
</xml>

2016-09-21 10:48:04 params :
------------
Array:
rule : -2 ;
module :  ;
message : Array ;

2016-09-21 10:48:04 response :
------------

2016-09-21 10:49:55 trace :
------------
String:
<xml><ToUserName><![CDATA[gh_d5c808a7666e]]></ToUserName>
<FromUserName><![CDATA[om_6jt_it_Zd46ZUoVYxdt9n_fSM]]></FromUserName>
<CreateTime>1474426194</CreateTime>
<MsgType><![CDATA[event]]></MsgType>
<Event><![CDATA[VIEW]]></Event>
<EventKey><![CDATA[http://shanghai.xyj0772.com/app/index.php?i=1&c=entry&do=orderlist&m=weisrc_dish]]></EventKey>
<MenuId>405795979</MenuId>
</xml>

2016-09-21 10:49:55 params :
------------
Array:
rule : -2 ;
module :  ;
message : Array ;

2016-09-21 10:49:55 response :
------------

2016-09-21 10:53:12 trace :
------------
String:
<xml><ToUserName><![CDATA[gh_d5c808a7666e]]></ToUserName>
<FromUserName><![CDATA[om_6jt0ZdsS0OlLSpfO0DVzyqMGU]]></FromUserName>
<CreateTime>1474426392</CreateTime>
<MsgType><![CDATA[event]]></MsgType>
<Event><![CDATA[VIEW]]></Event>
<EventKey><![CDATA[http://shanghai.xyj0772.com/app/index.php?i=1&c=entry&do=orderlist&m=weisrc_dish]]></EventKey>
<MenuId>405795979</MenuId>
</xml>

2016-09-21 10:53:12 params :
------------
Array:
rule : -2 ;
module :  ;
message : Array ;

2016-09-21 10:53:12 response :
------------

2016-09-21 10:56:30 trace :
------------
String:
<xml><ToUserName><![CDATA[gh_d5c808a7666e]]></ToUserName>
<FromUserName><![CDATA[om_6jt0ZdsS0OlLSpfO0DVzyqMGU]]></FromUserName>
<CreateTime>1474426590</CreateTime>
<MsgType><![CDATA[event]]></MsgType>
<Event><![CDATA[VIEW]]></Event>
<EventKey><![CDATA[http://shanghai.xyj0772.com/app/index.php?i=1&c=entry&do=orderlist&m=weisrc_dish]]></EventKey>
<MenuId>405795979</MenuId>
</xml>

2016-09-21 10:56:30 params :
------------
Array:
rule : -2 ;
module :  ;
message : Array ;

2016-09-21 10:56:30 response :
------------

2016-09-21 10:58:32 trace :
------------
String:
<xml><ToUserName><![CDATA[gh_d5c808a7666e]]></ToUserName>
<FromUserName><![CDATA[om_6jt_it_Zd46ZUoVYxdt9n_fSM]]></FromUserName>
<CreateTime>1474426712</CreateTime>
<MsgType><![CDATA[event]]></MsgType>
<Event><![CDATA[VIEW]]></Event>
<EventKey><![CDATA[http://shanghai.xyj0772.com/app/index.php?i=1&c=entry&do=orderlist&m=weisrc_dish]]></EventKey>
<MenuId>405795979</MenuId>
</xml>

2016-09-21 10:58:32 params :
------------
Array:
rule : -2 ;
module :  ;
message : Array ;

2016-09-21 10:58:32 response :
------------

2016-09-21 11:57:39 trace :
------------
String:
<xml><ToUserName><![CDATA[gh_d5c808a7666e]]></ToUserName>
<FromUserName><![CDATA[om_6jt7Dr0PF6hJ1TUs0f0Pbkw_Q]]></FromUserName>
<CreateTime>1474430259</CreateTime>
<MsgType><![CDATA[event]]></MsgType>
<Event><![CDATA[LOCATION]]></Event>
<Latitude>24.396082</Latitude>
<Longitude>109.407219</Longitude>
<Precision>70.000000</Precision>
</xml>

2016-09-21 11:57:39 params :
------------
Array:
message : Array ;
module : default ;
rule : -1 ;

2016-09-21 11:57:39 response :
------------
Array:
errno : -1 ;
message : Invaild value ;

2016-09-21 11:58:22 trace :
------------
String:
<xml><ToUserName><![CDATA[gh_d5c808a7666e]]></ToUserName>
<FromUserName><![CDATA[om_6jt7Dr0PF6hJ1TUs0f0Pbkw_Q]]></FromUserName>
<CreateTime>1474430301</CreateTime>
<MsgType><![CDATA[event]]></MsgType>
<Event><![CDATA[LOCATION]]></Event>
<Latitude>24.396082</Latitude>
<Longitude>109.407219</Longitude>
<Precision>70.000000</Precision>
</xml>

2016-09-21 11:58:22 params :
------------
Array:
message : Array ;
module : default ;
rule : -1 ;

2016-09-21 11:58:22 response :
------------
Array:
errno : -1 ;
message : Invaild value ;

2016-09-21 11:58:32 trace :
------------
String:
<xml><ToUserName><![CDATA[gh_d5c808a7666e]]></ToUserName>
<FromUserName><![CDATA[om_6jt7Dr0PF6hJ1TUs0f0Pbkw_Q]]></FromUserName>
<CreateTime>1474430312</CreateTime>
<MsgType><![CDATA[event]]></MsgType>
<Event><![CDATA[LOCATION]]></Event>
<Latitude>24.396070</Latitude>
<Longitude>109.407219</Longitude>
<Precision>70.000000</Precision>
</xml>

2016-09-21 11:58:32 params :
------------
Array:
message : Array ;
module : default ;
rule : -1 ;

2016-09-21 11:58:32 response :
------------
Array:
errno : -1 ;
message : Invaild value ;

2016-09-21 14:45:52 trace :
------------
String:
<xml><ToUserName><![CDATA[gh_d5c808a7666e]]></ToUserName>
<FromUserName><![CDATA[om_6jt0ZdsS0OlLSpfO0DVzyqMGU]]></FromUserName>
<CreateTime>1474440352</CreateTime>
<MsgType><![CDATA[event]]></MsgType>
<Event><![CDATA[VIEW]]></Event>
<EventKey><![CDATA[http://shanghai.xyj0772.com/app/index.php?i=1&c=entry&do=orderlist&m=weisrc_dish]]></EventKey>
<MenuId>405795979</MenuId>
</xml>

2016-09-21 14:45:52 params :
------------
Array:
rule : -2 ;
module :  ;
message : Array ;

2016-09-21 14:45:52 response :
------------

2016-09-21 14:53:03 trace :
------------
String:
<xml><ToUserName><![CDATA[gh_d5c808a7666e]]></ToUserName>
<FromUserName><![CDATA[om_6jt0ZdsS0OlLSpfO0DVzyqMGU]]></FromUserName>
<CreateTime>1474440783</CreateTime>
<MsgType><![CDATA[event]]></MsgType>
<Event><![CDATA[VIEW]]></Event>
<EventKey><![CDATA[http://shanghai.xyj0772.com/app/index.php?i=1&c=entry&do=orderlist&m=weisrc_dish]]></EventKey>
<MenuId>405795979</MenuId>
</xml>

2016-09-21 14:53:03 params :
------------
Array:
rule : -2 ;
module :  ;
message : Array ;

2016-09-21 14:53:03 response :
------------

2016-09-21 14:53:37 trace :
------------
String:
<xml><ToUserName><![CDATA[gh_d5c808a7666e]]></ToUserName>
<FromUserName><![CDATA[om_6jt0mq0SXwqYbKTteo5rulNco]]></FromUserName>
<CreateTime>1474440817</CreateTime>
<MsgType><![CDATA[event]]></MsgType>
<Event><![CDATA[VIEW]]></Event>
<EventKey><![CDATA[http://shanghai.xyj0772.com/app/index.php?i=1&c=entry&do=orderlist&m=weisrc_dish]]></EventKey>
<MenuId>405795979</MenuId>
</xml>

2016-09-21 14:53:37 params :
------------
Array:
rule : -2 ;
module :  ;
message : Array ;

2016-09-21 14:53:37 response :
------------

2016-09-21 17:53:16 trace :
------------
String:
<xml><ToUserName><![CDATA[gh_d5c808a7666e]]></ToUserName>
<FromUserName><![CDATA[om_6jt0mq0SXwqYbKTteo5rulNco]]></FromUserName>
<CreateTime>1474451595</CreateTime>
<MsgType><![CDATA[text]]></MsgType>
<Content><![CDATA[http://shanghai.xyj0772.com/app/index.php?i=1&c=entry&storeid=1&mode=1&tablesid=8&do=waplist&m=weisrc_dish&code=001n4Nvp1UEBAu0WARup1rNGvp1n4NvN&state=0]]></Content>
<MsgId>6332721380465833620</MsgId>
</xml>

2016-09-21 17:53:16 params :
------------
Array:
rule : -2 ;
module :  ;
message : Array ;

2016-09-21 17:53:16 response :
------------

2016-09-21 20:54:58 trace :
------------
String:
<xml><ToUserName><![CDATA[gh_d5c808a7666e]]></ToUserName>
<FromUserName><![CDATA[om_6jt9D2j9GpjWR_SLm2VHxCMO0]]></FromUserName>
<CreateTime>1474462498</CreateTime>
<MsgType><![CDATA[event]]></MsgType>
<Event><![CDATA[VIEW]]></Event>
<EventKey><![CDATA[http://shanghai.xyj0772.com/app/index.php?i=1&c=entry&eid=110]]></EventKey>
<MenuId>405795979</MenuId>
</xml>

2016-09-21 20:54:58 params :
------------
Array:
rule : -2 ;
module :  ;
message : Array ;

2016-09-21 20:54:58 response :
------------

2016-09-21 20:55:22 trace :
------------
String:
<xml><ToUserName><![CDATA[gh_d5c808a7666e]]></ToUserName>
<FromUserName><![CDATA[om_6jt9D2j9GpjWR_SLm2VHxCMO0]]></FromUserName>
<CreateTime>1474462522</CreateTime>
<MsgType><![CDATA[event]]></MsgType>
<Event><![CDATA[VIEW]]></Event>
<EventKey><![CDATA[http://shanghai.xyj0772.com/app/index.php?i=1&c=entry&do=orderlist&m=weisrc_dish]]></EventKey>
<MenuId>405795979</MenuId>
</xml>

2016-09-21 20:55:22 params :
------------
Array:
rule : -2 ;
module :  ;
message : Array ;

2016-09-21 20:55:22 response :
------------

2016-09-21 21:06:09 trace :
------------
String:
<xml><ToUserName><![CDATA[gh_d5c808a7666e]]></ToUserName>
<FromUserName><![CDATA[om_6jt9D2j9GpjWR_SLm2VHxCMO0]]></FromUserName>
<CreateTime>1474463168</CreateTime>
<MsgType><![CDATA[event]]></MsgType>
<Event><![CDATA[VIEW]]></Event>
<EventKey><![CDATA[http://shanghai.xyj0772.com/app/index.php?i=1&c=entry&do=orderlist&m=weisrc_dish]]></EventKey>
<MenuId>405795979</MenuId>
</xml>

2016-09-21 21:06:09 params :
------------
Array:
rule : -2 ;
module :  ;
message : Array ;

2016-09-21 21:06:09 response :
------------

2016-09-21 21:07:48 trace :
------------
String:
<xml><ToUserName><![CDATA[gh_d5c808a7666e]]></ToUserName>
<FromUserName><![CDATA[om_6jt9D2j9GpjWR_SLm2VHxCMO0]]></FromUserName>
<CreateTime>1474463268</CreateTime>
<MsgType><![CDATA[event]]></MsgType>
<Event><![CDATA[VIEW]]></Event>
<EventKey><![CDATA[http://shanghai.xyj0772.com/app/index.php?i=1&c=entry&do=orderlist&m=weisrc_dish]]></EventKey>
<MenuId>405795979</MenuId>
</xml>

2016-09-21 21:07:48 params :
------------
Array:
rule : -2 ;
module :  ;
message : Array ;

2016-09-21 21:07:48 response :
------------

2016-09-21 21:08:50 trace :
------------
String:
<xml><ToUserName><![CDATA[gh_d5c808a7666e]]></ToUserName>
<FromUserName><![CDATA[om_6jt9D2j9GpjWR_SLm2VHxCMO0]]></FromUserName>
<CreateTime>1474463330</CreateTime>
<MsgType><![CDATA[event]]></MsgType>
<Event><![CDATA[VIEW]]></Event>
<EventKey><![CDATA[http://shanghai.xyj0772.com/app/index.php?i=1&c=entry&eid=110]]></EventKey>
<MenuId>405795979</MenuId>
</xml>

2016-09-21 21:08:50 params :
------------
Array:
rule : -2 ;
module :  ;
message : Array ;

2016-09-21 21:08:50 response :
------------

