2016-05-25 00:03:46 trace :
------------
String:
<xml><ToUserName><![CDATA[gh_339b357d6bcb]]></ToUserName>
<FromUserName><![CDATA[oq5x0uHJMltUM6o70RqHruGo5O5c]]></FromUserName>
<CreateTime>1464105795</CreateTime>
<MsgType><![CDATA[event]]></MsgType>
<Event><![CDATA[unsubscribe]]></Event>
<EventKey><![CDATA[]]></EventKey>
</xml>

2016-05-25 03:20:59 trace :
------------
String:
<xml><ToUserName><![CDATA[gh_339b357d6bcb]]></ToUserName>
<FromUserName><![CDATA[oq5x0uFLtPbs7ATnU-wvnoR-XHzo]]></FromUserName>
<CreateTime>1464117652</CreateTime>
<MsgType><![CDATA[event]]></MsgType>
<Event><![CDATA[unsubscribe]]></Event>
<EventKey><![CDATA[]]></EventKey>
</xml>

2016-05-25 07:42:01 trace :
------------
String:
<xml><ToUserName><![CDATA[gh_339b357d6bcb]]></ToUserName>
<FromUserName><![CDATA[oq5x0uJdbJKiDMWMlsk_xQ6eMTIg]]></FromUserName>
<CreateTime>1464133299</CreateTime>
<MsgType><![CDATA[event]]></MsgType>
<Event><![CDATA[unsubscribe]]></Event>
<EventKey><![CDATA[]]></EventKey>
</xml>

2016-05-25 10:31:22 trace :
------------
String:
<xml><ToUserName><![CDATA[gh_d5c808a7666e]]></ToUserName>
<FromUserName><![CDATA[om_6jt2KN5m2a7PN8LYPB54R85zI]]></FromUserName>
<CreateTime>1464143468</CreateTime>
<MsgType><![CDATA[event]]></MsgType>
<Event><![CDATA[VIEW]]></Event>
<EventKey><![CDATA[http://wqq.xyj0772.com/app/index.php?i=2&c=entry&eid=524]]></EventKey>
<MenuId>404112999</MenuId>
</xml>

2016-05-25 10:31:23 params :
------------
Array:
rule : -2 ;
module :  ;
message : Array ;

2016-05-25 10:31:23 response :
------------

2016-05-25 10:33:23 trace :
------------
String:
<xml><ToUserName><![CDATA[gh_d5c808a7666e]]></ToUserName>
<FromUserName><![CDATA[om_6jt2KN5m2a7PN8LYPB54R85zI]]></FromUserName>
<CreateTime>1464143587</CreateTime>
<MsgType><![CDATA[event]]></MsgType>
<Event><![CDATA[unsubscribe]]></Event>
<EventKey><![CDATA[]]></EventKey>
</xml>

2016-05-25 10:35:44 trace :
------------
String:
<xml><ToUserName><![CDATA[gh_d5c808a7666e]]></ToUserName>
<FromUserName><![CDATA[om_6jt9nx0Vn3i2pXSydeJEeGeUU]]></FromUserName>
<CreateTime>1464143726</CreateTime>
<MsgType><![CDATA[event]]></MsgType>
<Event><![CDATA[LOCATION]]></Event>
<Latitude>24.307631</Latitude>
<Longitude>109.403168</Longitude>
<Precision>65.000000</Precision>
</xml>

2016-05-25 10:35:44 params :
------------
Array:
message : Array ;
module : default ;
rule : -1 ;

2016-05-25 10:35:44 response :
------------
Array:
errno : -1 ;
message : Invaild value ;

2016-05-25 10:35:47 trace :
------------
String:
<xml><ToUserName><![CDATA[gh_d5c808a7666e]]></ToUserName>
<FromUserName><![CDATA[om_6jt9nx0Vn3i2pXSydeJEeGeUU]]></FromUserName>
<CreateTime>1464143729</CreateTime>
<MsgType><![CDATA[event]]></MsgType>
<Event><![CDATA[VIEW]]></Event>
<EventKey><![CDATA[http://wqq.xyj0772.com/app/index.php?i=2&c=entry&eid=525]]></EventKey>
<MenuId>404113000</MenuId>
</xml>

2016-05-25 10:35:47 params :
------------
Array:
rule : -2 ;
module :  ;
message : Array ;

2016-05-25 10:35:47 response :
------------

2016-05-25 10:35:54 trace :
------------
String:
<xml><ToUserName><![CDATA[gh_d5c808a7666e]]></ToUserName>
<FromUserName><![CDATA[om_6jt9nx0Vn3i2pXSydeJEeGeUU]]></FromUserName>
<CreateTime>1464143735</CreateTime>
<MsgType><![CDATA[event]]></MsgType>
<Event><![CDATA[VIEW]]></Event>
<EventKey><![CDATA[http://wqq.xyj0772.com/app/index.php?i=2&c=entry&eid=526]]></EventKey>
<MenuId>404113000</MenuId>
</xml>

2016-05-25 10:35:54 params :
------------
Array:
rule : -2 ;
module :  ;
message : Array ;

2016-05-25 10:35:54 response :
------------

2016-05-25 10:37:17 trace :
------------
String:
<xml><ToUserName><![CDATA[gh_d5c808a7666e]]></ToUserName>
<FromUserName><![CDATA[om_6jt9nx0Vn3i2pXSydeJEeGeUU]]></FromUserName>
<CreateTime>1464143817</CreateTime>
<MsgType><![CDATA[event]]></MsgType>
<Event><![CDATA[VIEW]]></Event>
<EventKey><![CDATA[http://wqq.xyj0772.com/app/index.php?i=2&c=entry&eid=523]]></EventKey>
<MenuId>404113000</MenuId>
</xml>

2016-05-25 10:37:17 params :
------------
Array:
rule : -2 ;
module :  ;
message : Array ;

2016-05-25 10:37:17 response :
------------

2016-05-25 10:37:50 trace :
------------
String:
<xml><ToUserName><![CDATA[gh_d5c808a7666e]]></ToUserName>
<FromUserName><![CDATA[om_6jt9nx0Vn3i2pXSydeJEeGeUU]]></FromUserName>
<CreateTime>1464143850</CreateTime>
<MsgType><![CDATA[event]]></MsgType>
<Event><![CDATA[VIEW]]></Event>
<EventKey><![CDATA[http://wqq.xyj0772.com/app/index.php?i=2&c=entry&eid=526]]></EventKey>
<MenuId>404113000</MenuId>
</xml>

2016-05-25 10:37:50 params :
------------
Array:
rule : -2 ;
module :  ;
message : Array ;

2016-05-25 10:37:50 response :
------------

2016-05-25 10:41:23 trace :
------------
String:
<xml><ToUserName><![CDATA[gh_d5c808a7666e]]></ToUserName>
<FromUserName><![CDATA[om_6jt9nx0Vn3i2pXSydeJEeGeUU]]></FromUserName>
<CreateTime>1464144060</CreateTime>
<MsgType><![CDATA[event]]></MsgType>
<Event><![CDATA[VIEW]]></Event>
<EventKey><![CDATA[http://wqq.xyj0772.com/app/index.php?i=2&c=entry&eid=525]]></EventKey>
<MenuId>404113000</MenuId>
</xml>

2016-05-25 10:41:23 params :
------------
Array:
rule : -2 ;
module :  ;
message : Array ;

2016-05-25 10:41:23 response :
------------

2016-05-25 10:41:27 trace :
------------
String:
<xml><ToUserName><![CDATA[gh_d5c808a7666e]]></ToUserName>
<FromUserName><![CDATA[om_6jt9nx0Vn3i2pXSydeJEeGeUU]]></FromUserName>
<CreateTime>1464144064</CreateTime>
<MsgType><![CDATA[event]]></MsgType>
<Event><![CDATA[VIEW]]></Event>
<EventKey><![CDATA[http://wqq.xyj0772.com/app/index.php?i=2&c=entry&eid=523]]></EventKey>
<MenuId>404113000</MenuId>
</xml>

2016-05-25 10:41:27 params :
------------
Array:
rule : -2 ;
module :  ;
message : Array ;

2016-05-25 10:41:27 response :
------------

2016-05-25 10:59:54 trace :
------------
String:
<xml><ToUserName><![CDATA[gh_d5c808a7666e]]></ToUserName>
<FromUserName><![CDATA[om_6jt9nx0Vn3i2pXSydeJEeGeUU]]></FromUserName>
<CreateTime>1464145156</CreateTime>
<MsgType><![CDATA[event]]></MsgType>
<Event><![CDATA[LOCATION]]></Event>
<Latitude>24.307585</Latitude>
<Longitude>109.403145</Longitude>
<Precision>65.000000</Precision>
</xml>

2016-05-25 10:59:55 params :
------------
Array:
message : Array ;
module : default ;
rule : -1 ;

2016-05-25 10:59:55 response :
------------
Array:
errno : -1 ;
message : Invaild value ;

2016-05-25 10:59:59 trace :
------------
String:
<xml><ToUserName><![CDATA[gh_d5c808a7666e]]></ToUserName>
<FromUserName><![CDATA[om_6jt9nx0Vn3i2pXSydeJEeGeUU]]></FromUserName>
<CreateTime>1464145162</CreateTime>
<MsgType><![CDATA[event]]></MsgType>
<Event><![CDATA[VIEW]]></Event>
<EventKey><![CDATA[http://wqq.xyj0772.com/app/index.php?i=2&c=entry&eid=512]]></EventKey>
<MenuId>404113000</MenuId>
</xml>

2016-05-25 10:59:59 params :
------------
Array:
rule : -2 ;
module :  ;
message : Array ;

2016-05-25 10:59:59 response :
------------

2016-05-25 16:23:15 trace :
------------
String:
<xml><ToUserName><![CDATA[gh_339b357d6bcb]]></ToUserName>
<FromUserName><![CDATA[oq5x0uA2Es3MENWbhT0xVIVNf-nY]]></FromUserName>
<CreateTime>1464164578</CreateTime>
<MsgType><![CDATA[event]]></MsgType>
<Event><![CDATA[subscribe]]></Event>
<EventKey><![CDATA[]]></EventKey>
</xml>

2016-05-25 16:23:15 params :
------------
Array:
message : Array ;
module : ewei_vote ;
rule : 19 ;
priority : 0 ;
keyword : Array ;

2016-05-25 16:23:15 response :
------------
Array:
FromUserName : gh_339b357d6bcb ;
ToUserName : oq5x0uA2Es3MENWbhT0xVIVNf-nY ;
MsgType : news ;
ArticleCount : 1 ;
Articles : Array ;

2016-05-25 18:32:45 trace :
------------
String:
<xml><ToUserName><![CDATA[gh_339b357d6bcb]]></ToUserName>
<FromUserName><![CDATA[oq5x0uA2Es3MENWbhT0xVIVNf-nY]]></FromUserName>
<CreateTime>1464172349</CreateTime>
<MsgType><![CDATA[text]]></MsgType>
<Content><![CDATA[/::)]]></Content>
<MsgId>6288572355068567994</MsgId>
</xml>

2016-05-25 18:32:45 params :
------------
Array:
message : Array ;
module : ewei_vote ;
rule : 19 ;
priority : 0 ;
keyword : Array ;

2016-05-25 18:32:45 response :
------------
Array:
FromUserName : gh_339b357d6bcb ;
ToUserName : oq5x0uA2Es3MENWbhT0xVIVNf-nY ;
MsgType : news ;
ArticleCount : 1 ;
Articles : Array ;

2016-05-25 20:45:00 trace :
------------
String:
<xml><ToUserName><![CDATA[gh_339b357d6bcb]]></ToUserName>
<FromUserName><![CDATA[oq5x0uLqYUOZ9KV0ohSnq02485zY]]></FromUserName>
<CreateTime>1464180281</CreateTime>
<MsgType><![CDATA[event]]></MsgType>
<Event><![CDATA[subscribe]]></Event>
<EventKey><![CDATA[]]></EventKey>
</xml>

2016-05-25 20:45:01 params :
------------
Array:
message : Array ;
module : ewei_vote ;
rule : 19 ;
priority : 0 ;
keyword : Array ;

2016-05-25 20:45:01 response :
------------
Array:
FromUserName : gh_339b357d6bcb ;
ToUserName : oq5x0uLqYUOZ9KV0ohSnq02485zY ;
MsgType : news ;
ArticleCount : 1 ;
Articles : Array ;

2016-05-25 21:11:49 trace :
------------
String:
<xml><ToUserName><![CDATA[gh_339b357d6bcb]]></ToUserName>
<FromUserName><![CDATA[oq5x0uHplX4eyEsqQYqe_3io0Kv0]]></FromUserName>
<CreateTime>1464181903</CreateTime>
<MsgType><![CDATA[event]]></MsgType>
<Event><![CDATA[unsubscribe]]></Event>
<EventKey><![CDATA[]]></EventKey>
</xml>

2016-05-25 22:27:42 trace :
------------
String:
<xml><ToUserName><![CDATA[gh_339b357d6bcb]]></ToUserName>
<FromUserName><![CDATA[oq5x0uFf63tq7oZQ6ZJv7snSCm08]]></FromUserName>
<CreateTime>1464186447</CreateTime>
<MsgType><![CDATA[event]]></MsgType>
<Event><![CDATA[subscribe]]></Event>
<EventKey><![CDATA[]]></EventKey>
</xml>

2016-05-25 22:27:43 params :
------------
Array:
message : Array ;
module : ewei_vote ;
rule : 19 ;
priority : 0 ;
keyword : Array ;

2016-05-25 22:27:43 response :
------------
Array:
FromUserName : gh_339b357d6bcb ;
ToUserName : oq5x0uFf63tq7oZQ6ZJv7snSCm08 ;
MsgType : news ;
ArticleCount : 1 ;
Articles : Array ;

2016-05-25 22:46:08 trace :
------------
String:
<xml><ToUserName><![CDATA[gh_d5c808a7666e]]></ToUserName>
<FromUserName><![CDATA[om_6jt-NJMtEFOQshxkWV3aXdPzs]]></FromUserName>
<CreateTime>1464187546</CreateTime>
<MsgType><![CDATA[event]]></MsgType>
<Event><![CDATA[LOCATION]]></Event>
<Latitude>24.698023</Latitude>
<Longitude>108.085655</Longitude>
<Precision>40.000000</Precision>
</xml>

2016-05-25 22:46:08 params :
------------
Array:
message : Array ;
module : default ;
rule : -1 ;

2016-05-25 22:46:08 response :
------------
Array:
errno : -1 ;
message : Invaild value ;

2016-05-25 22:46:34 trace :
------------
String:
<xml><ToUserName><![CDATA[gh_d5c808a7666e]]></ToUserName>
<FromUserName><![CDATA[om_6jt-NJMtEFOQshxkWV3aXdPzs]]></FromUserName>
<CreateTime>1464187573</CreateTime>
<MsgType><![CDATA[event]]></MsgType>
<Event><![CDATA[LOCATION]]></Event>
<Latitude>24.698023</Latitude>
<Longitude>108.085655</Longitude>
<Precision>40.000000</Precision>
</xml>

2016-05-25 22:46:34 params :
------------
Array:
message : Array ;
module : default ;
rule : -1 ;

2016-05-25 22:46:34 response :
------------
Array:
errno : -1 ;
message : Invaild value ;

