2016-01-16 00:03:51 trace :
------------
String:
<xml><ToUserName><![CDATA[gh_e26d20e10319]]></ToUserName>
<FromUserName><![CDATA[owpeouDzmWdtnO2nNe8uVlIpMwrU]]></FromUserName>
<CreateTime>1452873831</CreateTime>
<MsgType><![CDATA[event]]></MsgType>
<Event><![CDATA[LOCATION]]></Event>
<Latitude>35.942753</Latitude>
<Longitude>114.345627</Longitude>
<Precision>150.000000</Precision>
</xml>

2016-01-16 00:03:51 params :
------------
Array:
message : Array ;
module : default ;
rule : -1 ;

2016-01-16 00:03:51 response :
------------
Array:
errno : -1 ;
message : Invaild value ;

2016-01-16 00:05:08 trace :
------------
String:
<xml><ToUserName><![CDATA[gh_e26d20e10319]]></ToUserName>
<FromUserName><![CDATA[owpeouDzmWdtnO2nNe8uVlIpMwrU]]></FromUserName>
<CreateTime>1452873908</CreateTime>
<MsgType><![CDATA[event]]></MsgType>
<Event><![CDATA[LOCATION]]></Event>
<Latitude>35.942757</Latitude>
<Longitude>114.345619</Longitude>
<Precision>150.000000</Precision>
</xml>

2016-01-16 00:05:08 params :
------------
Array:
message : Array ;
module : default ;
rule : -1 ;

2016-01-16 00:05:08 response :
------------
Array:
errno : -1 ;
message : Invaild value ;

2016-01-16 00:05:22 trace :
------------
String:
<xml><ToUserName><![CDATA[gh_e26d20e10319]]></ToUserName>
<FromUserName><![CDATA[owpeouDzmWdtnO2nNe8uVlIpMwrU]]></FromUserName>
<CreateTime>1452873922</CreateTime>
<MsgType><![CDATA[event]]></MsgType>
<Event><![CDATA[LOCATION]]></Event>
<Latitude>35.942757</Latitude>
<Longitude>114.345619</Longitude>
<Precision>150.000000</Precision>
</xml>

2016-01-16 00:05:22 params :
------------
Array:
message : Array ;
module : default ;
rule : -1 ;

2016-01-16 00:05:22 response :
------------
Array:
errno : -1 ;
message : Invaild value ;

2016-01-16 00:12:14 trace :
------------
String:
<xml><ToUserName><![CDATA[gh_e26d20e10319]]></ToUserName>
<FromUserName><![CDATA[owpeouDzmWdtnO2nNe8uVlIpMwrU]]></FromUserName>
<CreateTime>1452874333</CreateTime>
<MsgType><![CDATA[event]]></MsgType>
<Event><![CDATA[LOCATION]]></Event>
<Latitude>35.942753</Latitude>
<Longitude>114.345627</Longitude>
<Precision>150.000000</Precision>
</xml>

2016-01-16 00:12:14 params :
------------
Array:
message : Array ;
module : default ;
rule : -1 ;

2016-01-16 00:12:14 response :
------------
Array:
errno : -1 ;
message : Invaild value ;

2016-01-16 00:20:31 trace :
------------
String:
<xml><ToUserName><![CDATA[gh_e26d20e10319]]></ToUserName>
<FromUserName><![CDATA[owpeouElOCAQq0roRj6w2sMHA3NU]]></FromUserName>
<CreateTime>1452874830</CreateTime>
<MsgType><![CDATA[event]]></MsgType>
<Event><![CDATA[LOCATION]]></Event>
<Latitude>35.962521</Latitude>
<Longitude>114.871269</Longitude>
<Precision>65.000000</Precision>
</xml>

2016-01-16 00:20:31 params :
------------
Array:
message : Array ;
module : default ;
rule : -1 ;

2016-01-16 00:20:31 response :
------------
Array:
errno : -1 ;
message : Invaild value ;

2016-01-16 00:22:56 trace :
------------
String:
<xml><ToUserName><![CDATA[gh_e26d20e10319]]></ToUserName>
<FromUserName><![CDATA[owpeouElOCAQq0roRj6w2sMHA3NU]]></FromUserName>
<CreateTime>1452874976</CreateTime>
<MsgType><![CDATA[event]]></MsgType>
<Event><![CDATA[LOCATION]]></Event>
<Latitude>35.962639</Latitude>
<Longitude>114.870865</Longitude>
<Precision>10.000000</Precision>
</xml>

2016-01-16 00:22:56 params :
------------
Array:
message : Array ;
module : default ;
rule : -1 ;

2016-01-16 00:22:56 response :
------------
Array:
errno : -1 ;
message : Invaild value ;

2016-01-16 00:23:36 trace :
------------
String:
<xml><ToUserName><![CDATA[gh_19f3b98aa3d7]]></ToUserName>
<FromUserName><![CDATA[ouLX4twFamXORyF3Fh2QFCbqab2w]]></FromUserName>
<CreateTime>1452875016</CreateTime>
<MsgType><![CDATA[event]]></MsgType>
<Event><![CDATA[subscribe]]></Event>
<EventKey><![CDATA[]]></EventKey>
</xml>

2016-01-16 00:23:37 params :
------------
Array:
rule : -2 ;
module :  ;
message : Array ;

2016-01-16 00:23:37 response :
------------

2016-01-16 00:23:41 trace :
------------
String:
<xml><ToUserName><![CDATA[gh_19f3b98aa3d7]]></ToUserName>
<FromUserName><![CDATA[ouLX4twFamXORyF3Fh2QFCbqab2w]]></FromUserName>
<CreateTime>1452875021</CreateTime>
<MsgType><![CDATA[text]]></MsgType>
<Content><![CDATA[助力]]></Content>
<MsgId>6240050700772522597</MsgId>
</xml>

2016-01-16 00:23:41 params :
------------
Array:
message : Array ;
module : mon_zl ;
rule : 59 ;
priority : 0 ;
keyword : Array ;

2016-01-16 00:23:41 response :
------------
Array:
FromUserName : gh_19f3b98aa3d7 ;
ToUserName : ouLX4twFamXORyF3Fh2QFCbqab2w ;
MsgType : news ;
ArticleCount : 1 ;
Articles : Array ;

2016-01-16 00:29:15 trace :
------------
String:
<xml><ToUserName><![CDATA[gh_e26d20e10319]]></ToUserName>
<FromUserName><![CDATA[owpeouBivz4n2-E1CTiWyNYT6LTI]]></FromUserName>
<CreateTime>1452875355</CreateTime>
<MsgType><![CDATA[event]]></MsgType>
<Event><![CDATA[LOCATION]]></Event>
<Latitude>36.203735</Latitude>
<Longitude>114.379936</Longitude>
<Precision>150.000000</Precision>
</xml>

2016-01-16 00:29:15 params :
------------
Array:
message : Array ;
module : default ;
rule : -1 ;

2016-01-16 00:29:15 response :
------------
Array:
errno : -1 ;
message : Invaild value ;

2016-01-16 00:30:39 trace :
------------
String:
<xml><ToUserName><![CDATA[gh_e26d20e10319]]></ToUserName>
<FromUserName><![CDATA[owpeouG2wxLow-c3rdk4MvrAXm_8]]></FromUserName>
<CreateTime>1452875439</CreateTime>
<MsgType><![CDATA[event]]></MsgType>
<Event><![CDATA[LOCATION]]></Event>
<Latitude>36.104797</Latitude>
<Longitude>114.343971</Longitude>
<Precision>2058.000000</Precision>
</xml>

2016-01-16 00:30:39 params :
------------
Array:
message : Array ;
module : default ;
rule : -1 ;

2016-01-16 00:30:39 response :
------------
Array:
errno : -1 ;
message : Invaild value ;

2016-01-16 00:30:53 trace :
------------
String:
<xml><ToUserName><![CDATA[gh_e26d20e10319]]></ToUserName>
<FromUserName><![CDATA[owpeouG2wxLow-c3rdk4MvrAXm_8]]></FromUserName>
<CreateTime>1452875453</CreateTime>
<MsgType><![CDATA[event]]></MsgType>
<Event><![CDATA[LOCATION]]></Event>
<Latitude>36.104797</Latitude>
<Longitude>114.343971</Longitude>
<Precision>2058.000000</Precision>
</xml>

2016-01-16 00:30:53 params :
------------
Array:
message : Array ;
module : default ;
rule : -1 ;

2016-01-16 00:30:53 response :
------------
Array:
errno : -1 ;
message : Invaild value ;

2016-01-16 00:32:01 trace :
------------
String:
<xml><ToUserName><![CDATA[gh_e26d20e10319]]></ToUserName>
<FromUserName><![CDATA[owpeouKPYajuWXXcaBCF8cu0BzF8]]></FromUserName>
<CreateTime>1452875521</CreateTime>
<MsgType><![CDATA[event]]></MsgType>
<Event><![CDATA[LOCATION]]></Event>
<Latitude>31.173658</Latitude>
<Longitude>120.656685</Longitude>
<Precision>3275.000000</Precision>
</xml>

2016-01-16 00:32:01 params :
------------
Array:
message : Array ;
module : default ;
rule : -1 ;

2016-01-16 00:32:01 response :
------------
Array:
errno : -1 ;
message : Invaild value ;

2016-01-16 00:32:09 trace :
------------
String:
<xml><ToUserName><![CDATA[gh_e26d20e10319]]></ToUserName>
<FromUserName><![CDATA[owpeouG2wxLow-c3rdk4MvrAXm_8]]></FromUserName>
<CreateTime>1452875529</CreateTime>
<MsgType><![CDATA[event]]></MsgType>
<Event><![CDATA[LOCATION]]></Event>
<Latitude>36.104797</Latitude>
<Longitude>114.343971</Longitude>
<Precision>2058.000000</Precision>
</xml>

2016-01-16 00:32:09 params :
------------
Array:
message : Array ;
module : default ;
rule : -1 ;

2016-01-16 00:32:09 response :
------------
Array:
errno : -1 ;
message : Invaild value ;

2016-01-16 00:34:55 trace :
------------
String:
<xml><ToUserName><![CDATA[gh_e26d20e10319]]></ToUserName>
<FromUserName><![CDATA[owpeouDzmWdtnO2nNe8uVlIpMwrU]]></FromUserName>
<CreateTime>1452875695</CreateTime>
<MsgType><![CDATA[event]]></MsgType>
<Event><![CDATA[LOCATION]]></Event>
<Latitude>35.942616</Latitude>
<Longitude>114.345558</Longitude>
<Precision>150.000000</Precision>
</xml>

2016-01-16 00:34:55 params :
------------
Array:
message : Array ;
module : default ;
rule : -1 ;

2016-01-16 00:34:55 response :
------------
Array:
errno : -1 ;
message : Invaild value ;

2016-01-16 00:35:11 trace :
------------
String:
<xml><ToUserName><![CDATA[gh_e26d20e10319]]></ToUserName>
<FromUserName><![CDATA[owpeouDzmWdtnO2nNe8uVlIpMwrU]]></FromUserName>
<CreateTime>1452875711</CreateTime>
<MsgType><![CDATA[event]]></MsgType>
<Event><![CDATA[LOCATION]]></Event>
<Latitude>35.942616</Latitude>
<Longitude>114.345558</Longitude>
<Precision>150.000000</Precision>
</xml>

2016-01-16 00:35:11 params :
------------
Array:
message : Array ;
module : default ;
rule : -1 ;

2016-01-16 00:35:11 response :
------------
Array:
errno : -1 ;
message : Invaild value ;

2016-01-16 00:36:44 trace :
------------
String:
<xml><ToUserName><![CDATA[gh_e26d20e10319]]></ToUserName>
<FromUserName><![CDATA[owpeouDzmWdtnO2nNe8uVlIpMwrU]]></FromUserName>
<CreateTime>1452875804</CreateTime>
<MsgType><![CDATA[event]]></MsgType>
<Event><![CDATA[LOCATION]]></Event>
<Latitude>35.942753</Latitude>
<Longitude>114.345627</Longitude>
<Precision>150.000000</Precision>
</xml>

2016-01-16 00:36:44 params :
------------
Array:
message : Array ;
module : default ;
rule : -1 ;

2016-01-16 00:36:44 response :
------------
Array:
errno : -1 ;
message : Invaild value ;

2016-01-16 00:45:29 trace :
------------
String:
<xml><ToUserName><![CDATA[gh_e26d20e10319]]></ToUserName>
<FromUserName><![CDATA[owpeouBivz4n2-E1CTiWyNYT6LTI]]></FromUserName>
<CreateTime>1452876328</CreateTime>
<MsgType><![CDATA[event]]></MsgType>
<Event><![CDATA[LOCATION]]></Event>
<Latitude>36.203735</Latitude>
<Longitude>114.379936</Longitude>
<Precision>150.000000</Precision>
</xml>

2016-01-16 00:45:29 params :
------------
Array:
message : Array ;
module : default ;
rule : -1 ;

2016-01-16 00:45:29 response :
------------
Array:
errno : -1 ;
message : Invaild value ;

2016-01-16 00:48:04 trace :
------------
String:
<xml><ToUserName><![CDATA[gh_e26d20e10319]]></ToUserName>
<FromUserName><![CDATA[owpeouBivz4n2-E1CTiWyNYT6LTI]]></FromUserName>
<CreateTime>1452876484</CreateTime>
<MsgType><![CDATA[event]]></MsgType>
<Event><![CDATA[LOCATION]]></Event>
<Latitude>36.203724</Latitude>
<Longitude>114.380150</Longitude>
<Precision>150.000000</Precision>
</xml>

2016-01-16 00:48:04 params :
------------
Array:
message : Array ;
module : default ;
rule : -1 ;

2016-01-16 00:48:04 response :
------------
Array:
errno : -1 ;
message : Invaild value ;

2016-01-16 00:48:11 trace :
------------
String:
<xml><ToUserName><![CDATA[gh_e26d20e10319]]></ToUserName>
<FromUserName><![CDATA[owpeouBivz4n2-E1CTiWyNYT6LTI]]></FromUserName>
<CreateTime>1452876491</CreateTime>
<MsgType><![CDATA[event]]></MsgType>
<Event><![CDATA[LOCATION]]></Event>
<Latitude>36.203724</Latitude>
<Longitude>114.380150</Longitude>
<Precision>150.000000</Precision>
</xml>

2016-01-16 00:48:11 params :
------------
Array:
message : Array ;
module : default ;
rule : -1 ;

2016-01-16 00:48:11 response :
------------
Array:
errno : -1 ;
message : Invaild value ;

2016-01-16 00:51:15 trace :
------------
String:
<xml><ToUserName><![CDATA[gh_e26d20e10319]]></ToUserName>
<FromUserName><![CDATA[owpeouKhfh21YwZE5qjttY91SGac]]></FromUserName>
<CreateTime>1452876675</CreateTime>
<MsgType><![CDATA[event]]></MsgType>
<Event><![CDATA[LOCATION]]></Event>
<Latitude>36.053410</Latitude>
<Longitude>114.377785</Longitude>
<Precision>65.000000</Precision>
</xml>

2016-01-16 00:51:15 params :
------------
Array:
message : Array ;
module : default ;
rule : -1 ;

2016-01-16 00:51:15 response :
------------
Array:
errno : -1 ;
message : Invaild value ;

2016-01-16 00:56:39 trace :
------------
String:
<xml><ToUserName><![CDATA[gh_ccbf343b8498]]></ToUserName>
<FromUserName><![CDATA[oc2pYwGHqlgvvmOP3k2RVnc54M7E]]></FromUserName>
<CreateTime>1452876999</CreateTime>
<MsgType><![CDATA[event]]></MsgType>
<Event><![CDATA[subscribe]]></Event>
<EventKey><![CDATA[]]></EventKey>
</xml>

2016-01-16 00:56:39 params :
------------
Array:
rule : -2 ;
module :  ;
message : Array ;

2016-01-16 00:56:39 response :
------------

2016-01-16 00:57:08 trace :
------------
String:
<xml><ToUserName><![CDATA[gh_ccbf343b8498]]></ToUserName>
<FromUserName><![CDATA[oc2pYwGHqlgvvmOP3k2RVnc54M7E]]></FromUserName>
<CreateTime>1452877028</CreateTime>
<MsgType><![CDATA[text]]></MsgType>
<Content><![CDATA[2]]></Content>
<MsgId>6240059320773004478</MsgId>
</xml>

2016-01-16 00:57:08 params :
------------
Array:
rule : -2 ;
module :  ;
message : Array ;

2016-01-16 00:57:08 response :
------------

2016-01-16 00:57:18 trace :
------------
String:
<xml><ToUserName><![CDATA[gh_ccbf343b8498]]></ToUserName>
<FromUserName><![CDATA[oc2pYwGHqlgvvmOP3k2RVnc54M7E]]></FromUserName>
<CreateTime>1452877038</CreateTime>
<MsgType><![CDATA[event]]></MsgType>
<Event><![CDATA[unsubscribe]]></Event>
<EventKey><![CDATA[]]></EventKey>
</xml>

2016-01-16 01:09:51 trace :
------------
String:
<xml><ToUserName><![CDATA[gh_8a7bfa85e897]]></ToUserName>
<FromUserName><![CDATA[of5Fyw1XvQLUw9oUZqsddaW569ek]]></FromUserName>
<CreateTime>1452877791</CreateTime>
<MsgType><![CDATA[event]]></MsgType>
<Event><![CDATA[LOCATION]]></Event>
<Latitude>30.232464</Latitude>
<Longitude>119.697670</Longitude>
<Precision>150.000000</Precision>
</xml>

2016-01-16 01:09:51 params :
------------
Array:
message : Array ;
module : default ;
rule : -1 ;

2016-01-16 01:09:51 response :
------------
Array:
errno : -1 ;
message : Invaild value ;

2016-01-16 01:09:56 trace :
------------
String:
<xml><ToUserName><![CDATA[gh_8a7bfa85e897]]></ToUserName>
<FromUserName><![CDATA[of5Fyw1XvQLUw9oUZqsddaW569ek]]></FromUserName>
<CreateTime>1452877796</CreateTime>
<MsgType><![CDATA[text]]></MsgType>
<Content><![CDATA[夜店]]></Content>
<MsgId>6240062619306670415</MsgId>
</xml>

2016-01-16 01:09:56 params :
------------
Array:
message : Array ;
module : cover ;
rule : 290 ;
priority : 0 ;
keyword : Array ;

2016-01-16 01:09:56 response :
------------
Array:
FromUserName : gh_8a7bfa85e897 ;
ToUserName : of5Fyw1XvQLUw9oUZqsddaW569ek ;
MsgType : news ;
ArticleCount : 1 ;
Articles : Array ;

2016-01-16 01:10:39 trace :
------------
String:
<xml><ToUserName><![CDATA[gh_8a7bfa85e897]]></ToUserName>
<FromUserName><![CDATA[of5Fyw1XvQLUw9oUZqsddaW569ek]]></FromUserName>
<CreateTime>1452877839</CreateTime>
<MsgType><![CDATA[event]]></MsgType>
<Event><![CDATA[LOCATION]]></Event>
<Latitude>30.232464</Latitude>
<Longitude>119.697670</Longitude>
<Precision>150.000000</Precision>
</xml>

2016-01-16 01:10:39 params :
------------
Array:
message : Array ;
module : default ;
rule : -1 ;

2016-01-16 01:10:39 response :
------------
Array:
errno : -1 ;
message : Invaild value ;

2016-01-16 01:11:09 trace :
------------
String:
<xml><ToUserName><![CDATA[gh_8a7bfa85e897]]></ToUserName>
<FromUserName><![CDATA[of5Fyw1XvQLUw9oUZqsddaW569ek]]></FromUserName>
<CreateTime>1452877869</CreateTime>
<MsgType><![CDATA[event]]></MsgType>
<Event><![CDATA[LOCATION]]></Event>
<Latitude>30.232498</Latitude>
<Longitude>119.697632</Longitude>
<Precision>150.000000</Precision>
</xml>

2016-01-16 01:11:09 params :
------------
Array:
message : Array ;
module : default ;
rule : -1 ;

2016-01-16 01:11:09 response :
------------
Array:
errno : -1 ;
message : Invaild value ;

2016-01-16 01:55:48 trace :
------------
String:
<xml><ToUserName><![CDATA[gh_e26d20e10319]]></ToUserName>
<FromUserName><![CDATA[owpeouE0ex4q5DAw7JPJdOSP48TA]]></FromUserName>
<CreateTime>1452880548</CreateTime>
<MsgType><![CDATA[event]]></MsgType>
<Event><![CDATA[unsubscribe]]></Event>
<EventKey><![CDATA[]]></EventKey>
</xml>

2016-01-16 03:13:07 trace :
------------
String:
<xml><ToUserName><![CDATA[gh_e26d20e10319]]></ToUserName>
<FromUserName><![CDATA[owpeouKPYajuWXXcaBCF8cu0BzF8]]></FromUserName>
<CreateTime>1452885186</CreateTime>
<MsgType><![CDATA[event]]></MsgType>
<Event><![CDATA[LOCATION]]></Event>
<Latitude>31.173662</Latitude>
<Longitude>120.656693</Longitude>
<Precision>3275.000000</Precision>
</xml>

2016-01-16 03:13:07 params :
------------
Array:
message : Array ;
module : default ;
rule : -1 ;

2016-01-16 03:13:07 response :
------------
Array:
errno : -1 ;
message : Invaild value ;

2016-01-16 03:19:14 trace :
------------
String:
<xml><ToUserName><![CDATA[gh_e26d20e10319]]></ToUserName>
<FromUserName><![CDATA[owpeouNtbO3ROyAOAfNfckaxXd60]]></FromUserName>
<CreateTime>1452885554</CreateTime>
<MsgType><![CDATA[event]]></MsgType>
<Event><![CDATA[LOCATION]]></Event>
<Latitude>36.109238</Latitude>
<Longitude>114.369949</Longitude>
<Precision>150.000000</Precision>
</xml>

2016-01-16 03:19:14 params :
------------
Array:
message : Array ;
module : default ;
rule : -1 ;

2016-01-16 03:19:14 response :
------------
Array:
errno : -1 ;
message : Invaild value ;

2016-01-16 03:19:30 trace :
------------
String:
<xml><ToUserName><![CDATA[gh_e26d20e10319]]></ToUserName>
<FromUserName><![CDATA[owpeouNtbO3ROyAOAfNfckaxXd60]]></FromUserName>
<CreateTime>1452885569</CreateTime>
<MsgType><![CDATA[event]]></MsgType>
<Event><![CDATA[LOCATION]]></Event>
<Latitude>36.109238</Latitude>
<Longitude>114.369949</Longitude>
<Precision>150.000000</Precision>
</xml>

2016-01-16 03:19:30 params :
------------
Array:
message : Array ;
module : default ;
rule : -1 ;

2016-01-16 03:19:30 response :
------------
Array:
errno : -1 ;
message : Invaild value ;

2016-01-16 03:19:46 trace :
------------
String:
<xml><ToUserName><![CDATA[gh_e26d20e10319]]></ToUserName>
<FromUserName><![CDATA[owpeouNtbO3ROyAOAfNfckaxXd60]]></FromUserName>
<CreateTime>1452885586</CreateTime>
<MsgType><![CDATA[event]]></MsgType>
<Event><![CDATA[LOCATION]]></Event>
<Latitude>36.109196</Latitude>
<Longitude>114.370026</Longitude>
<Precision>150.000000</Precision>
</xml>

2016-01-16 03:19:46 params :
------------
Array:
message : Array ;
module : default ;
rule : -1 ;

2016-01-16 03:19:46 response :
------------
Array:
errno : -1 ;
message : Invaild value ;

2016-01-16 03:20:58 trace :
------------
String:
<xml><ToUserName><![CDATA[gh_e26d20e10319]]></ToUserName>
<FromUserName><![CDATA[owpeouNtbO3ROyAOAfNfckaxXd60]]></FromUserName>
<CreateTime>1452885658</CreateTime>
<MsgType><![CDATA[event]]></MsgType>
<Event><![CDATA[LOCATION]]></Event>
<Latitude>36.109184</Latitude>
<Longitude>114.369995</Longitude>
<Precision>150.000000</Precision>
</xml>

2016-01-16 03:20:58 params :
------------
Array:
message : Array ;
module : default ;
rule : -1 ;

2016-01-16 03:20:58 response :
------------
Array:
errno : -1 ;
message : Invaild value ;

2016-01-16 05:23:00 trace :
------------
String:
<xml><ToUserName><![CDATA[gh_e26d20e10319]]></ToUserName>
<FromUserName><![CDATA[owpeouKCXpKeTKISMIhR4nUMJiS0]]></FromUserName>
<CreateTime>1452892979</CreateTime>
<MsgType><![CDATA[event]]></MsgType>
<Event><![CDATA[LOCATION]]></Event>
<Latitude>36.132008</Latitude>
<Longitude>114.360939</Longitude>
<Precision>150.000000</Precision>
</xml>

2016-01-16 05:23:00 params :
------------
Array:
message : Array ;
module : default ;
rule : -1 ;

2016-01-16 05:23:00 response :
------------
Array:
errno : -1 ;
message : Invaild value ;

2016-01-16 05:23:22 trace :
------------
String:
<xml><ToUserName><![CDATA[gh_e26d20e10319]]></ToUserName>
<FromUserName><![CDATA[owpeouKCXpKeTKISMIhR4nUMJiS0]]></FromUserName>
<CreateTime>1452893002</CreateTime>
<MsgType><![CDATA[event]]></MsgType>
<Event><![CDATA[LOCATION]]></Event>
<Latitude>36.132008</Latitude>
<Longitude>114.360939</Longitude>
<Precision>150.000000</Precision>
</xml>

2016-01-16 05:23:22 params :
------------
Array:
message : Array ;
module : default ;
rule : -1 ;

2016-01-16 05:23:22 response :
------------
Array:
errno : -1 ;
message : Invaild value ;

2016-01-16 06:08:30 trace :
------------
String:
<xml><ToUserName><![CDATA[gh_e26d20e10319]]></ToUserName>
<FromUserName><![CDATA[owpeouErAAYboHKFLbLNoCD0LKjg]]></FromUserName>
<CreateTime>1452895710</CreateTime>
<MsgType><![CDATA[event]]></MsgType>
<Event><![CDATA[LOCATION]]></Event>
<Latitude>36.091228</Latitude>
<Longitude>114.319695</Longitude>
<Precision>150.000000</Precision>
</xml>

2016-01-16 06:08:30 params :
------------
Array:
message : Array ;
module : default ;
rule : -1 ;

2016-01-16 06:08:30 response :
------------
Array:
errno : -1 ;
message : Invaild value ;

2016-01-16 06:09:02 trace :
------------
String:
<xml><ToUserName><![CDATA[gh_e26d20e10319]]></ToUserName>
<FromUserName><![CDATA[owpeouErAAYboHKFLbLNoCD0LKjg]]></FromUserName>
<CreateTime>1452895742</CreateTime>
<MsgType><![CDATA[event]]></MsgType>
<Event><![CDATA[LOCATION]]></Event>
<Latitude>36.091228</Latitude>
<Longitude>114.319695</Longitude>
<Precision>150.000000</Precision>
</xml>

2016-01-16 06:09:02 params :
------------
Array:
message : Array ;
module : default ;
rule : -1 ;

2016-01-16 06:09:02 response :
------------
Array:
errno : -1 ;
message : Invaild value ;

2016-01-16 06:09:10 trace :
------------
String:
<xml><ToUserName><![CDATA[gh_e26d20e10319]]></ToUserName>
<FromUserName><![CDATA[owpeouErAAYboHKFLbLNoCD0LKjg]]></FromUserName>
<CreateTime>1452895750</CreateTime>
<MsgType><![CDATA[event]]></MsgType>
<Event><![CDATA[LOCATION]]></Event>
<Latitude>36.091190</Latitude>
<Longitude>114.319717</Longitude>
<Precision>150.000000</Precision>
</xml>

2016-01-16 06:09:10 params :
------------
Array:
message : Array ;
module : default ;
rule : -1 ;

2016-01-16 06:09:10 response :
------------
Array:
errno : -1 ;
message : Invaild value ;

2016-01-16 06:25:13 trace :
------------
String:
<xml><ToUserName><![CDATA[gh_e26d20e10319]]></ToUserName>
<FromUserName><![CDATA[owpeouBgblId5gO2U_vM8TCayhe0]]></FromUserName>
<CreateTime>1452896712</CreateTime>
<MsgType><![CDATA[event]]></MsgType>
<Event><![CDATA[LOCATION]]></Event>
<Latitude>36.092442</Latitude>
<Longitude>114.377647</Longitude>
<Precision>150.000000</Precision>
</xml>

2016-01-16 06:25:13 params :
------------
Array:
message : Array ;
module : default ;
rule : -1 ;

2016-01-16 06:25:13 response :
------------
Array:
errno : -1 ;
message : Invaild value ;

2016-01-16 06:27:45 trace :
------------
String:
<xml><ToUserName><![CDATA[gh_e26d20e10319]]></ToUserName>
<FromUserName><![CDATA[owpeouJERkYihEarLFMXlJzXqAZs]]></FromUserName>
<CreateTime>1452896865</CreateTime>
<MsgType><![CDATA[event]]></MsgType>
<Event><![CDATA[LOCATION]]></Event>
<Latitude>36.054272</Latitude>
<Longitude>114.709396</Longitude>
<Precision>150.000000</Precision>
</xml>

2016-01-16 06:27:45 params :
------------
Array:
message : Array ;
module : default ;
rule : -1 ;

2016-01-16 06:27:45 response :
------------
Array:
errno : -1 ;
message : Invaild value ;

2016-01-16 06:36:07 trace :
------------
String:
<xml><ToUserName><![CDATA[gh_e26d20e10319]]></ToUserName>
<FromUserName><![CDATA[owpeouHQcLiVVtkL1GjUXPaqXyBY]]></FromUserName>
<CreateTime>1452897366</CreateTime>
<MsgType><![CDATA[event]]></MsgType>
<Event><![CDATA[LOCATION]]></Event>
<Latitude>35.977222</Latitude>
<Longitude>114.391617</Longitude>
<Precision>110.000000</Precision>
</xml>

2016-01-16 06:36:07 params :
------------
Array:
message : Array ;
module : default ;
rule : -1 ;

2016-01-16 06:36:07 response :
------------
Array:
errno : -1 ;
message : Invaild value ;

2016-01-16 06:37:21 trace :
------------
String:
<xml><ToUserName><![CDATA[gh_4e2dc508e67f]]></ToUserName>
<FromUserName><![CDATA[oKmr0jklxt9AU9Trtprd6Xulbb5g]]></FromUserName>
<CreateTime>1452897440</CreateTime>
<MsgType><![CDATA[event]]></MsgType>
<Event><![CDATA[unsubscribe]]></Event>
<EventKey><![CDATA[]]></EventKey>
</xml>

2016-01-16 06:47:00 trace :
------------
String:
<xml><ToUserName><![CDATA[gh_e26d20e10319]]></ToUserName>
<FromUserName><![CDATA[owpeouDzmWdtnO2nNe8uVlIpMwrU]]></FromUserName>
<CreateTime>1452898020</CreateTime>
<MsgType><![CDATA[event]]></MsgType>
<Event><![CDATA[LOCATION]]></Event>
<Latitude>35.942726</Latitude>
<Longitude>114.345604</Longitude>
<Precision>150.000000</Precision>
</xml>

2016-01-16 06:47:00 params :
------------
Array:
message : Array ;
module : default ;
rule : -1 ;

2016-01-16 06:47:00 response :
------------
Array:
errno : -1 ;
message : Invaild value ;

2016-01-16 06:50:00 trace :
------------
String:
<xml><ToUserName><![CDATA[gh_e26d20e10319]]></ToUserName>
<FromUserName><![CDATA[owpeouFdNFcFQ_bLsHsw-9gqQcs4]]></FromUserName>
<CreateTime>1452898200</CreateTime>
<MsgType><![CDATA[event]]></MsgType>
<Event><![CDATA[LOCATION]]></Event>
<Latitude>36.040932</Latitude>
<Longitude>114.351379</Longitude>
<Precision>150.000000</Precision>
</xml>

2016-01-16 06:50:00 params :
------------
Array:
message : Array ;
module : default ;
rule : -1 ;

2016-01-16 06:50:00 response :
------------
Array:
errno : -1 ;
message : Invaild value ;

2016-01-16 06:51:29 trace :
------------
String:
<xml><ToUserName><![CDATA[gh_e26d20e10319]]></ToUserName>
<FromUserName><![CDATA[owpeouFdNFcFQ_bLsHsw-9gqQcs4]]></FromUserName>
<CreateTime>1452898289</CreateTime>
<MsgType><![CDATA[event]]></MsgType>
<Event><![CDATA[LOCATION]]></Event>
<Latitude>36.040932</Latitude>
<Longitude>114.351379</Longitude>
<Precision>150.000000</Precision>
</xml>

2016-01-16 06:51:29 params :
------------
Array:
message : Array ;
module : default ;
rule : -1 ;

2016-01-16 06:51:29 response :
------------
Array:
errno : -1 ;
message : Invaild value ;

2016-01-16 06:59:00 trace :
------------
String:
<xml><ToUserName><![CDATA[gh_e26d20e10319]]></ToUserName>
<FromUserName><![CDATA[owpeouJsLiZZuiMg6ZJ6kvG9uTp4]]></FromUserName>
<CreateTime>1452898740</CreateTime>
<MsgType><![CDATA[event]]></MsgType>
<Event><![CDATA[unsubscribe]]></Event>
<EventKey><![CDATA[]]></EventKey>
</xml>

2016-01-16 07:01:53 trace :
------------
String:
<xml><ToUserName><![CDATA[gh_e26d20e10319]]></ToUserName>
<FromUserName><![CDATA[owpeouKeLTVxr1p7ljP8lB_8w2fs]]></FromUserName>
<CreateTime>1452898913</CreateTime>
<MsgType><![CDATA[event]]></MsgType>
<Event><![CDATA[LOCATION]]></Event>
<Latitude>36.091969</Latitude>
<Longitude>114.365471</Longitude>
<Precision>150.000000</Precision>
</xml>

2016-01-16 07:01:53 params :
------------
Array:
message : Array ;
module : default ;
rule : -1 ;

2016-01-16 07:01:53 response :
------------
Array:
errno : -1 ;
message : Invaild value ;

2016-01-16 07:04:15 trace :
------------
String:
<xml><ToUserName><![CDATA[gh_e26d20e10319]]></ToUserName>
<FromUserName><![CDATA[owpeouNtQ92Jf_3yLobnPCDLQfVg]]></FromUserName>
<CreateTime>1452899055</CreateTime>
<MsgType><![CDATA[event]]></MsgType>
<Event><![CDATA[LOCATION]]></Event>
<Latitude>36.091415</Latitude>
<Longitude>114.338005</Longitude>
<Precision>150.000000</Precision>
</xml>

2016-01-16 07:04:15 params :
------------
Array:
message : Array ;
module : default ;
rule : -1 ;

2016-01-16 07:04:15 response :
------------
Array:
errno : -1 ;
message : Invaild value ;

2016-01-16 07:05:43 trace :
------------
String:
<xml><ToUserName><![CDATA[gh_e26d20e10319]]></ToUserName>
<FromUserName><![CDATA[owpeouNtQ92Jf_3yLobnPCDLQfVg]]></FromUserName>
<CreateTime>1452899143</CreateTime>
<MsgType><![CDATA[event]]></MsgType>
<Event><![CDATA[LOCATION]]></Event>
<Latitude>36.091473</Latitude>
<Longitude>114.337959</Longitude>
<Precision>150.000000</Precision>
</xml>

2016-01-16 07:05:43 params :
------------
Array:
message : Array ;
module : default ;
rule : -1 ;

2016-01-16 07:05:43 response :
------------
Array:
errno : -1 ;
message : Invaild value ;

2016-01-16 07:05:49 trace :
------------
String:
<xml><ToUserName><![CDATA[gh_e26d20e10319]]></ToUserName>
<FromUserName><![CDATA[owpeouOgmyFEdcBkwQQta1bjqyH0]]></FromUserName>
<CreateTime>1452899149</CreateTime>
<MsgType><![CDATA[event]]></MsgType>
<Event><![CDATA[LOCATION]]></Event>
<Latitude>36.065613</Latitude>
<Longitude>114.367294</Longitude>
<Precision>150.000000</Precision>
</xml>

2016-01-16 07:05:49 params :
------------
Array:
message : Array ;
module : default ;
rule : -1 ;

2016-01-16 07:05:49 response :
------------
Array:
errno : -1 ;
message : Invaild value ;

2016-01-16 07:06:09 trace :
------------
String:
<xml><ToUserName><![CDATA[gh_e26d20e10319]]></ToUserName>
<FromUserName><![CDATA[owpeouOgmyFEdcBkwQQta1bjqyH0]]></FromUserName>
<CreateTime>1452899169</CreateTime>
<MsgType><![CDATA[event]]></MsgType>
<Event><![CDATA[LOCATION]]></Event>
<Latitude>36.065613</Latitude>
<Longitude>114.367294</Longitude>
<Precision>150.000000</Precision>
</xml>

2016-01-16 07:06:09 params :
------------
Array:
message : Array ;
module : default ;
rule : -1 ;

2016-01-16 07:06:09 response :
------------
Array:
errno : -1 ;
message : Invaild value ;

2016-01-16 07:06:45 trace :
------------
String:
<xml><ToUserName><![CDATA[gh_e26d20e10319]]></ToUserName>
<FromUserName><![CDATA[owpeouBgblId5gO2U_vM8TCayhe0]]></FromUserName>
<CreateTime>1452899205</CreateTime>
<MsgType><![CDATA[event]]></MsgType>
<Event><![CDATA[LOCATION]]></Event>
<Latitude>36.092773</Latitude>
<Longitude>114.377670</Longitude>
<Precision>150.000000</Precision>
</xml>

2016-01-16 07:06:45 params :
------------
Array:
message : Array ;
module : default ;
rule : -1 ;

2016-01-16 07:06:45 response :
------------
Array:
errno : -1 ;
message : Invaild value ;

2016-01-16 07:11:14 trace :
------------
String:
<xml><ToUserName><![CDATA[gh_e26d20e10319]]></ToUserName>
<FromUserName><![CDATA[owpeouE2lll5vYhDuKJxg1GzeqQ0]]></FromUserName>
<CreateTime>1452899473</CreateTime>
<MsgType><![CDATA[event]]></MsgType>
<Event><![CDATA[LOCATION]]></Event>
<Latitude>36.122990</Latitude>
<Longitude>114.269012</Longitude>
<Precision>150.000000</Precision>
</xml>

2016-01-16 07:11:14 params :
------------
Array:
message : Array ;
module : default ;
rule : -1 ;

2016-01-16 07:11:14 response :
------------
Array:
errno : -1 ;
message : Invaild value ;

2016-01-16 07:11:41 trace :
------------
String:
<xml><ToUserName><![CDATA[gh_e26d20e10319]]></ToUserName>
<FromUserName><![CDATA[owpeouE2lll5vYhDuKJxg1GzeqQ0]]></FromUserName>
<CreateTime>1452899501</CreateTime>
<MsgType><![CDATA[event]]></MsgType>
<Event><![CDATA[LOCATION]]></Event>
<Latitude>36.122990</Latitude>
<Longitude>114.269012</Longitude>
<Precision>150.000000</Precision>
</xml>

2016-01-16 07:11:41 params :
------------
Array:
message : Array ;
module : default ;
rule : -1 ;

2016-01-16 07:11:41 response :
------------
Array:
errno : -1 ;
message : Invaild value ;

2016-01-16 07:26:00 trace :
------------
String:
<xml><ToUserName><![CDATA[gh_e26d20e10319]]></ToUserName>
<FromUserName><![CDATA[owpeouPmMgTkJAVLd5F0uTfyvHPA]]></FromUserName>
<CreateTime>1452900360</CreateTime>
<MsgType><![CDATA[event]]></MsgType>
<Event><![CDATA[subscribe]]></Event>
<EventKey><![CDATA[]]></EventKey>
</xml>

2016-01-16 07:26:00 params :
------------
Array:
rule : -2 ;
module :  ;
message : Array ;

2016-01-16 07:26:00 response :
------------

2016-01-16 07:40:27 trace :
------------
String:
<xml><ToUserName><![CDATA[gh_e26d20e10319]]></ToUserName>
<FromUserName><![CDATA[owpeouP6m839k61IwnehJSsCI3wU]]></FromUserName>
<CreateTime>1452901226</CreateTime>
<MsgType><![CDATA[event]]></MsgType>
<Event><![CDATA[LOCATION]]></Event>
<Latitude>36.098755</Latitude>
<Longitude>114.290565</Longitude>
<Precision>150.000000</Precision>
</xml>

2016-01-16 07:40:27 params :
------------
Array:
message : Array ;
module : default ;
rule : -1 ;

2016-01-16 07:40:27 response :
------------
Array:
errno : -1 ;
message : Invaild value ;

2016-01-16 08:22:48 trace :
------------
String:
<xml><ToUserName><![CDATA[gh_e26d20e10319]]></ToUserName>
<FromUserName><![CDATA[owpeouDjtcnMV1iWQM730kQALPxA]]></FromUserName>
<CreateTime>1452903768</CreateTime>
<MsgType><![CDATA[event]]></MsgType>
<Event><![CDATA[unsubscribe]]></Event>
<EventKey><![CDATA[]]></EventKey>
</xml>

2016-01-16 08:26:09 trace :
------------
String:
<xml><ToUserName><![CDATA[gh_e26d20e10319]]></ToUserName>
<FromUserName><![CDATA[owpeouJAdCcekopPLr52hrq3FMWU]]></FromUserName>
<CreateTime>1452903969</CreateTime>
<MsgType><![CDATA[event]]></MsgType>
<Event><![CDATA[LOCATION]]></Event>
<Latitude>36.085381</Latitude>
<Longitude>114.351723</Longitude>
<Precision>2302.000000</Precision>
</xml>

2016-01-16 08:26:09 params :
------------
Array:
message : Array ;
module : default ;
rule : -1 ;

2016-01-16 08:26:09 response :
------------
Array:
errno : -1 ;
message : Invaild value ;

2016-01-16 08:31:24 trace :
------------
String:
<xml><ToUserName><![CDATA[gh_e26d20e10319]]></ToUserName>
<FromUserName><![CDATA[owpeouHDMdo7zbv1FWOrP1HabBsQ]]></FromUserName>
<CreateTime>1452904283</CreateTime>
<MsgType><![CDATA[event]]></MsgType>
<Event><![CDATA[LOCATION]]></Event>
<Latitude>36.085636</Latitude>
<Longitude>114.445450</Longitude>
<Precision>1858.000000</Precision>
</xml>

2016-01-16 08:31:24 params :
------------
Array:
message : Array ;
module : default ;
rule : -1 ;

2016-01-16 08:31:24 response :
------------
Array:
errno : -1 ;
message : Invaild value ;

2016-01-16 08:43:14 trace :
------------
String:
<xml><ToUserName><![CDATA[gh_e26d20e10319]]></ToUserName>
<FromUserName><![CDATA[owpeouHDMdo7zbv1FWOrP1HabBsQ]]></FromUserName>
<CreateTime>1452904994</CreateTime>
<MsgType><![CDATA[event]]></MsgType>
<Event><![CDATA[LOCATION]]></Event>
<Latitude>36.071228</Latitude>
<Longitude>114.454971</Longitude>
<Precision>150.000000</Precision>
</xml>

2016-01-16 08:43:14 params :
------------
Array:
message : Array ;
module : default ;
rule : -1 ;

2016-01-16 08:43:14 response :
------------
Array:
errno : -1 ;
message : Invaild value ;

2016-01-16 08:57:25 trace :
------------
String:
<xml><ToUserName><![CDATA[gh_e26d20e10319]]></ToUserName>
<FromUserName><![CDATA[owpeouElefXKFyEGuWDKkJ0jJQjY]]></FromUserName>
<CreateTime>1452905845</CreateTime>
<MsgType><![CDATA[event]]></MsgType>
<Event><![CDATA[LOCATION]]></Event>
<Latitude>36.117237</Latitude>
<Longitude>114.115044</Longitude>
<Precision>2492.000000</Precision>
</xml>

2016-01-16 08:57:25 params :
------------
Array:
message : Array ;
module : default ;
rule : -1 ;

2016-01-16 08:57:25 response :
------------
Array:
errno : -1 ;
message : Invaild value ;

2016-01-16 09:29:33 trace :
------------
String:
<xml><ToUserName><![CDATA[gh_e26d20e10319]]></ToUserName>
<FromUserName><![CDATA[owpeouPL46xlXUfFAYMk-TCpWFa8]]></FromUserName>
<CreateTime>1452907772</CreateTime>
<MsgType><![CDATA[event]]></MsgType>
<Event><![CDATA[unsubscribe]]></Event>
<EventKey><![CDATA[]]></EventKey>
</xml>

2016-01-16 10:05:17 trace :
------------
String:
<xml><ToUserName><![CDATA[gh_e26d20e10319]]></ToUserName>
<FromUserName><![CDATA[owpeouDbFQEh4GeHv_u3OAJfHEQQ]]></FromUserName>
<CreateTime>1452909917</CreateTime>
<MsgType><![CDATA[event]]></MsgType>
<Event><![CDATA[LOCATION]]></Event>
<Latitude>36.233212</Latitude>
<Longitude>114.069221</Longitude>
<Precision>150.000000</Precision>
</xml>

2016-01-16 10:05:17 params :
------------
Array:
message : Array ;
module : default ;
rule : -1 ;

2016-01-16 10:05:17 response :
------------
Array:
errno : -1 ;
message : Invaild value ;

2016-01-16 10:06:40 trace :
------------
String:
<xml><ToUserName><![CDATA[gh_e26d20e10319]]></ToUserName>
<FromUserName><![CDATA[owpeouO3ntK8AaakDwTNmMZl2Hqs]]></FromUserName>
<CreateTime>1452910000</CreateTime>
<MsgType><![CDATA[event]]></MsgType>
<Event><![CDATA[LOCATION]]></Event>
<Latitude>35.984676</Latitude>
<Longitude>114.349319</Longitude>
<Precision>2284.000000</Precision>
</xml>

2016-01-16 10:06:40 params :
------------
Array:
message : Array ;
module : default ;
rule : -1 ;

2016-01-16 10:06:40 response :
------------
Array:
errno : -1 ;
message : Invaild value ;

2016-01-16 10:08:37 trace :
------------
String:
<xml><ToUserName><![CDATA[gh_e26d20e10319]]></ToUserName>
<FromUserName><![CDATA[owpeouO3ntK8AaakDwTNmMZl2Hqs]]></FromUserName>
<CreateTime>1452910116</CreateTime>
<MsgType><![CDATA[event]]></MsgType>
<Event><![CDATA[LOCATION]]></Event>
<Latitude>35.984501</Latitude>
<Longitude>114.350677</Longitude>
<Precision>150.000000</Precision>
</xml>

2016-01-16 10:08:37 params :
------------
Array:
message : Array ;
module : default ;
rule : -1 ;

2016-01-16 10:08:37 response :
------------
Array:
errno : -1 ;
message : Invaild value ;

2016-01-16 10:09:24 trace :
------------
String:
<xml><ToUserName><![CDATA[gh_e26d20e10319]]></ToUserName>
<FromUserName><![CDATA[owpeouO3ntK8AaakDwTNmMZl2Hqs]]></FromUserName>
<CreateTime>1452910164</CreateTime>
<MsgType><![CDATA[event]]></MsgType>
<Event><![CDATA[LOCATION]]></Event>
<Latitude>35.984501</Latitude>
<Longitude>114.350677</Longitude>
<Precision>150.000000</Precision>
</xml>

2016-01-16 10:09:24 params :
------------
Array:
message : Array ;
module : default ;
rule : -1 ;

2016-01-16 10:09:24 response :
------------
Array:
errno : -1 ;
message : Invaild value ;

2016-01-16 10:34:06 trace :
------------
String:
<xml><ToUserName><![CDATA[toUser]]></ToUserName><FromUserName><![CDATA[fromUser]]></FromUserName><CreateTime>1452911622</CreateTime><MsgType><![CDATA[text]]></MsgType><Content><![CDATA[测试内容]]></Content><MsgId>1234567890123456</MsgId></xml>

2016-01-16 10:34:06 params :
------------
Array:
rule : -2 ;
module :  ;
message : Array ;

2016-01-16 10:34:06 response :
------------

2016-01-16 10:44:24 trace :
------------
String:
<xml><ToUserName><![CDATA[gh_e92e996ea9ef]]></ToUserName>
<FromUserName><![CDATA[o8DZtwVnZjlctXF0yxmaB9WJrmcg]]></FromUserName>
<CreateTime>1452912263</CreateTime>
<MsgType><![CDATA[text]]></MsgType>
<Content><![CDATA[快递]]></Content>
<MsgId>6240210653944759892</MsgId>
</xml>

2016-01-16 10:44:24 params :
------------
Array:
rule : -2 ;
module :  ;
message : Array ;

2016-01-16 10:44:24 response :
------------

2016-01-16 10:44:34 trace :
------------
String:
<xml><ToUserName><![CDATA[gh_e92e996ea9ef]]></ToUserName>
<FromUserName><![CDATA[o8DZtwVnZjlctXF0yxmaB9WJrmcg]]></FromUserName>
<CreateTime>1452912274</CreateTime>
<MsgType><![CDATA[text]]></MsgType>
<Content><![CDATA[申通12544898]]></Content>
<MsgId>6240210701189400149</MsgId>
</xml>

2016-01-16 10:44:34 params :
------------
Array:
rule : -2 ;
module :  ;
message : Array ;

2016-01-16 10:44:34 response :
------------

2016-01-16 11:02:59 trace :
------------
String:
<xml><ToUserName><![CDATA[gh_e92e996ea9ef]]></ToUserName>
<FromUserName><![CDATA[o8DZtwVnZjlctXF0yxmaB9WJrmcg]]></FromUserName>
<CreateTime>1452913378</CreateTime>
<MsgType><![CDATA[text]]></MsgType>
<Content><![CDATA[洗]]></Content>
<MsgId>6240215442833295263</MsgId>
</xml>

2016-01-16 11:02:59 params :
------------
Array:
rule : -2 ;
module :  ;
message : Array ;

2016-01-16 11:02:59 response :
------------

2016-01-16 11:03:03 trace :
------------
String:
<xml><ToUserName><![CDATA[gh_e92e996ea9ef]]></ToUserName>
<FromUserName><![CDATA[o8DZtwVnZjlctXF0yxmaB9WJrmcg]]></FromUserName>
<CreateTime>1452913383</CreateTime>
<MsgType><![CDATA[text]]></MsgType>
<Content><![CDATA[工作]]></Content>
<MsgId>6240215464308131744</MsgId>
</xml>

2016-01-16 11:03:03 params :
------------
Array:
rule : -2 ;
module :  ;
message : Array ;

2016-01-16 11:03:03 response :
------------

2016-01-16 11:11:28 trace :
------------
String:
<xml><ToUserName><![CDATA[gh_ccbf343b8498]]></ToUserName>
<FromUserName><![CDATA[oc2pYwHrvBmcVluSw9uLL-v4aT_0]]></FromUserName>
<CreateTime>1452913888</CreateTime>
<MsgType><![CDATA[event]]></MsgType>
<Event><![CDATA[subscribe]]></Event>
<EventKey><![CDATA[]]></EventKey>
</xml>

2016-01-16 11:11:29 params :
------------
Array:
rule : -2 ;
module :  ;
message : Array ;

2016-01-16 11:11:29 response :
------------

2016-01-16 11:11:37 trace :
------------
String:
<xml><ToUserName><![CDATA[gh_ccbf343b8498]]></ToUserName>
<FromUserName><![CDATA[oc2pYwHrvBmcVluSw9uLL-v4aT_0]]></FromUserName>
<CreateTime>1452913897</CreateTime>
<MsgType><![CDATA[text]]></MsgType>
<Content><![CDATA[转盘]]></Content>
<MsgId>6240217671922243810</MsgId>
</xml>

2016-01-16 11:11:37 params :
------------
Array:
rule : -2 ;
module :  ;
message : Array ;

2016-01-16 11:11:37 response :
------------

2016-01-16 11:11:55 trace :
------------
String:
<xml><ToUserName><![CDATA[gh_ccbf343b8498]]></ToUserName>
<FromUserName><![CDATA[oc2pYwHrvBmcVluSw9uLL-v4aT_0]]></FromUserName>
<CreateTime>1452913915</CreateTime>
<MsgType><![CDATA[event]]></MsgType>
<Event><![CDATA[unsubscribe]]></Event>
<EventKey><![CDATA[]]></EventKey>
</xml>

2016-01-16 12:15:34 trace :
------------
String:
<xml><ToUserName><![CDATA[gh_e92e996ea9ef]]></ToUserName>
<FromUserName><![CDATA[o8DZtwXy4geKsGLalGeb85i0iX5k]]></FromUserName>
<CreateTime>1452917734</CreateTime>
<MsgType><![CDATA[event]]></MsgType>
<Event><![CDATA[subscribe]]></Event>
<EventKey><![CDATA[]]></EventKey>
</xml>

2016-01-16 12:15:34 params :
------------
Array:
rule : -2 ;
module :  ;
message : Array ;

2016-01-16 12:15:34 response :
------------

2016-01-16 12:16:25 trace :
------------
String:
<xml><ToUserName><![CDATA[gh_e92e996ea9ef]]></ToUserName>
<FromUserName><![CDATA[o8DZtwXy4geKsGLalGeb85i0iX5k]]></FromUserName>
<CreateTime>1452917784</CreateTime>
<MsgType><![CDATA[text]]></MsgType>
<Content><![CDATA[111]]></Content>
<MsgId>6240234366459202383</MsgId>
</xml>

2016-01-16 12:16:25 params :
------------
Array:
message : Array ;
module : basic ;
rule : 296 ;
priority : 0 ;
keyword : Array ;

2016-01-16 12:16:25 response :
------------
Array:
FromUserName : gh_e92e996ea9ef ;
ToUserName : o8DZtwXy4geKsGLalGeb85i0iX5k ;
MsgType : text ;
Content : 111111111111 ;

2016-01-16 12:20:52 trace :
------------
String:
<xml><ToUserName><![CDATA[gh_e92e996ea9ef]]></ToUserName>
<FromUserName><![CDATA[o8DZtwXy4geKsGLalGeb85i0iX5k]]></FromUserName>
<CreateTime>1452918052</CreateTime>
<MsgType><![CDATA[text]]></MsgType>
<Content><![CDATA[大转盘]]></Content>
<MsgId>6240235517510437782</MsgId>
</xml>

2016-01-16 12:20:52 params :
------------
Array:
message : Array ;
module : stonefish_bigwheel ;
rule : 297 ;
priority : 0 ;
keyword : Array ;

2016-01-16 12:20:52 response :
------------
Array:
FromUserName : gh_e92e996ea9ef ;
ToUserName : o8DZtwXy4geKsGLalGeb85i0iX5k ;
MsgType : news ;
ArticleCount : 1 ;
Articles : Array ;

2016-01-16 16:36:42 trace :
------------
String:
<xml><ToUserName><![CDATA[toUser]]></ToUserName><FromUserName><![CDATA[fromUser]]></FromUserName><CreateTime>1452933403</CreateTime><MsgType><![CDATA[text]]></MsgType><Content><![CDATA[测试内容]]></Content><MsgId>1234567890123456</MsgId></xml>

2016-01-16 16:36:43 params :
------------
Array:
rule : -2 ;
module :  ;
message : Array ;

2016-01-16 16:36:43 response :
------------

2016-01-16 16:36:52 trace :
------------
String:
<xml><ToUserName><![CDATA[toUser]]></ToUserName><FromUserName><![CDATA[fromUser]]></FromUserName><CreateTime>1452933413</CreateTime><MsgType><![CDATA[text]]></MsgType><Content><![CDATA[测试内容]]></Content><MsgId>1234567890123456</MsgId></xml>

2016-01-16 16:36:52 params :
------------
Array:
rule : -2 ;
module :  ;
message : Array ;

2016-01-16 16:36:52 response :
------------

2016-01-16 16:39:35 trace :
------------
String:
<xml><ToUserName><![CDATA[gh_ccbf343b8498]]></ToUserName>
<FromUserName><![CDATA[oc2pYwAIm5ckC1pTKioyCZLMU5Fc]]></FromUserName>
<CreateTime>1452933574</CreateTime>
<MsgType><![CDATA[event]]></MsgType>
<Event><![CDATA[subscribe]]></Event>
<EventKey><![CDATA[]]></EventKey>
</xml>

2016-01-16 16:39:35 params :
------------
Array:
rule : -2 ;
module :  ;
message : Array ;

2016-01-16 16:39:35 response :
------------

2016-01-16 16:39:49 trace :
------------
String:
<xml><ToUserName><![CDATA[gh_ccbf343b8498]]></ToUserName>
<FromUserName><![CDATA[oc2pYwAIm5ckC1pTKioyCZLMU5Fc]]></FromUserName>
<CreateTime>1452933588</CreateTime>
<MsgType><![CDATA[text]]></MsgType>
<Content><![CDATA[全民抢红包]]></Content>
<MsgId>6240302244123273483</MsgId>
</xml>

2016-01-16 16:39:49 params :
------------
Array:
rule : -2 ;
module :  ;
message : Array ;

2016-01-16 16:39:49 response :
------------

2016-01-16 16:40:11 trace :
------------
String:
<xml><ToUserName><![CDATA[gh_ccbf343b8498]]></ToUserName>
<FromUserName><![CDATA[oc2pYwAIm5ckC1pTKioyCZLMU5Fc]]></FromUserName>
<CreateTime>1452933611</CreateTime>
<MsgType><![CDATA[event]]></MsgType>
<Event><![CDATA[unsubscribe]]></Event>
<EventKey><![CDATA[]]></EventKey>
</xml>

2016-01-16 17:29:13 trace :
------------
String:
<xml><ToUserName><![CDATA[gh_ccbf343b8498]]></ToUserName>
<FromUserName><![CDATA[oc2pYwD4UX0NbsXrmT0k-qwd0Dzc]]></FromUserName>
<CreateTime>1452936553</CreateTime>
<MsgType><![CDATA[text]]></MsgType>
<Content><![CDATA[一元抽奖]]></Content>
<MsgId>6240314978701306556</MsgId>
</xml>

2016-01-16 17:29:14 params :
------------
Array:
rule : -2 ;
module :  ;
message : Array ;

2016-01-16 17:29:14 response :
------------

2016-01-16 17:29:21 trace :
------------
String:
<xml><ToUserName><![CDATA[gh_ccbf343b8498]]></ToUserName>
<FromUserName><![CDATA[oc2pYwD4UX0NbsXrmT0k-qwd0Dzc]]></FromUserName>
<CreateTime>1452936561</CreateTime>
<MsgType><![CDATA[text]]></MsgType>
<Content><![CDATA[测试]]></Content>
<MsgId>6240315013061044927</MsgId>
</xml>

2016-01-16 17:29:21 params :
------------
Array:
rule : -2 ;
module :  ;
message : Array ;

2016-01-16 17:29:21 response :
------------

2016-01-16 18:16:14 trace :
------------
String:
<xml><ToUserName><![CDATA[gh_ccbf343b8498]]></ToUserName>
<FromUserName><![CDATA[oc2pYwBVDzQmHrKOoi50j3cE6ODA]]></FromUserName>
<CreateTime>1452939374</CreateTime>
<MsgType><![CDATA[event]]></MsgType>
<Event><![CDATA[subscribe]]></Event>
<EventKey><![CDATA[]]></EventKey>
</xml>

2016-01-16 18:16:14 params :
------------
Array:
rule : -2 ;
module :  ;
message : Array ;

2016-01-16 18:16:14 response :
------------

2016-01-16 18:16:31 trace :
------------
String:
<xml><ToUserName><![CDATA[gh_ccbf343b8498]]></ToUserName>
<FromUserName><![CDATA[oc2pYwBVDzQmHrKOoi50j3cE6ODA]]></FromUserName>
<CreateTime>1452939391</CreateTime>
<MsgType><![CDATA[text]]></MsgType>
<Content><![CDATA[微人才]]></Content>
<MsgId>6240327167818493041</MsgId>
</xml>

2016-01-16 18:16:31 params :
------------
Array:
message : Array ;
module : thinkidea_rencai ;
rule : 108 ;
priority : 0 ;
keyword : Array ;

2016-01-16 18:16:31 response :
------------
Array:
FromUserName : gh_ccbf343b8498 ;
ToUserName : oc2pYwBVDzQmHrKOoi50j3cE6ODA ;
MsgType : news ;
ArticleCount : 1 ;
Articles : Array ;

2016-01-16 18:16:46 trace :
------------
String:
<xml><ToUserName><![CDATA[gh_ccbf343b8498]]></ToUserName>
<FromUserName><![CDATA[oc2pYwBVDzQmHrKOoi50j3cE6ODA]]></FromUserName>
<CreateTime>1452939406</CreateTime>
<MsgType><![CDATA[event]]></MsgType>
<Event><![CDATA[unsubscribe]]></Event>
<EventKey><![CDATA[]]></EventKey>
</xml>

2016-01-16 18:24:43 trace :
------------
String:
<xml><ToUserName><![CDATA[gh_4e2dc508e67f]]></ToUserName>
<FromUserName><![CDATA[oKmr0jqXUEHZreZV8011WOjTiPoE]]></FromUserName>
<CreateTime>1452939882</CreateTime>
<MsgType><![CDATA[event]]></MsgType>
<Event><![CDATA[unsubscribe]]></Event>
<EventKey><![CDATA[]]></EventKey>
</xml>

2016-01-16 18:34:11 trace :
------------
String:
<xml><ToUserName><![CDATA[gh_19f3b98aa3d7]]></ToUserName>
<FromUserName><![CDATA[ouLX4t_o434tezFrJ8jztOZeObcY]]></FromUserName>
<CreateTime>1452940450</CreateTime>
<MsgType><![CDATA[event]]></MsgType>
<Event><![CDATA[unsubscribe]]></Event>
<EventKey><![CDATA[]]></EventKey>
</xml>

2016-01-16 19:56:50 trace :
------------
String:
<xml><ToUserName><![CDATA[gh_19f3b98aa3d7]]></ToUserName>
<FromUserName><![CDATA[ouLX4t-NkncmA258pFh_Ji3Zpyqk]]></FromUserName>
<CreateTime>1452945410</CreateTime>
<MsgType><![CDATA[event]]></MsgType>
<Event><![CDATA[subscribe]]></Event>
<EventKey><![CDATA[]]></EventKey>
</xml>

2016-01-16 19:56:50 params :
------------
Array:
rule : -2 ;
module :  ;
message : Array ;

2016-01-16 19:56:50 response :
------------

2016-01-16 19:57:00 trace :
------------
String:
<xml><ToUserName><![CDATA[gh_19f3b98aa3d7]]></ToUserName>
<FromUserName><![CDATA[ouLX4t-NkncmA258pFh_Ji3Zpyqk]]></FromUserName>
<CreateTime>1452945420</CreateTime>
<MsgType><![CDATA[text]]></MsgType>
<Content><![CDATA[粉色]]></Content>
<MsgId>6240353062175207498</MsgId>
</xml>

2016-01-16 19:57:03 params :
------------
Array:
message : Array ;
module : czt_zhuanfa ;
rule : 47 ;
priority : 0 ;
keyword : Array ;

2016-01-16 19:57:03 response :
------------
Array:
FromUserName : gh_19f3b98aa3d7 ;
ToUserName : ouLX4t-NkncmA258pFh_Ji3Zpyqk ;
MsgType : news ;
ArticleCount : 1 ;
Articles : Array ;

2016-01-16 19:59:30 trace :
------------
String:
<xml><ToUserName><![CDATA[gh_19f3b98aa3d7]]></ToUserName>
<FromUserName><![CDATA[ouLX4t-NkncmA258pFh_Ji3Zpyqk]]></FromUserName>
<CreateTime>1452945569</CreateTime>
<MsgType><![CDATA[text]]></MsgType>
<Content><![CDATA[淡色]]></Content>
<MsgId>6240353702125334708</MsgId>
</xml>

2016-01-16 19:59:30 params :
------------
Array:
rule : -2 ;
module :  ;
message : Array ;

2016-01-16 19:59:30 response :
------------

2016-01-16 19:59:56 trace :
------------
String:
<xml><ToUserName><![CDATA[gh_19f3b98aa3d7]]></ToUserName>
<FromUserName><![CDATA[ouLX4t-NkncmA258pFh_Ji3Zpyqk]]></FromUserName>
<CreateTime>1452945595</CreateTime>
<MsgType><![CDATA[text]]></MsgType>
<Content><![CDATA[蓝色]]></Content>
<MsgId>6240353813794484417</MsgId>
</xml>

2016-01-16 19:59:56 params :
------------
Array:
rule : -2 ;
module :  ;
message : Array ;

2016-01-16 19:59:56 response :
------------

2016-01-16 21:02:12 trace :
------------
String:
<xml><ToUserName><![CDATA[gh_ccbf343b8498]]></ToUserName>
<FromUserName><![CDATA[oc2pYwBPAYvKNOmzEQAlaj0kBHjM]]></FromUserName>
<CreateTime>1452949332</CreateTime>
<MsgType><![CDATA[event]]></MsgType>
<Event><![CDATA[subscribe]]></Event>
<EventKey><![CDATA[]]></EventKey>
</xml>

2016-01-16 21:02:12 params :
------------
Array:
rule : -2 ;
module :  ;
message : Array ;

2016-01-16 21:02:12 response :
------------

2016-01-16 21:02:23 trace :
------------
String:
<xml><ToUserName><![CDATA[gh_ccbf343b8498]]></ToUserName>
<FromUserName><![CDATA[oc2pYwBPAYvKNOmzEQAlaj0kBHjM]]></FromUserName>
<CreateTime>1452949343</CreateTime>
<MsgType><![CDATA[text]]></MsgType>
<Content><![CDATA[摇一摇]]></Content>
<MsgId>6240369911333024739</MsgId>
</xml>

2016-01-16 21:02:23 params :
------------
Array:
message : Array ;
module : mon_qmshake ;
rule : 23 ;
priority : 0 ;
keyword : Array ;

2016-01-16 21:02:23 response :
------------
Array:
FromUserName : gh_ccbf343b8498 ;
ToUserName : oc2pYwBPAYvKNOmzEQAlaj0kBHjM ;
MsgType : news ;
ArticleCount : 1 ;
Articles : Array ;

2016-01-16 21:48:23 trace :
------------
String:
<xml><ToUserName><![CDATA[gh_4e2dc508e67f]]></ToUserName>
<FromUserName><![CDATA[oKmr0jqVnXiaIxfLJPyjcFYvjK4Q]]></FromUserName>
<CreateTime>1452952103</CreateTime>
<MsgType><![CDATA[event]]></MsgType>
<Event><![CDATA[unsubscribe]]></Event>
<EventKey><![CDATA[]]></EventKey>
</xml>

2016-01-16 21:57:37 trace :
------------
String:
<xml><ToUserName><![CDATA[toUser]]></ToUserName><FromUserName><![CDATA[fromUser]]></FromUserName><CreateTime>1452952661</CreateTime><MsgType><![CDATA[text]]></MsgType><Content><![CDATA[测试内容]]></Content><MsgId>1234567890123456</MsgId></xml>

2016-01-16 21:57:37 params :
------------
Array:
rule : -2 ;
module :  ;
message : Array ;

2016-01-16 21:57:37 response :
------------

2016-01-16 21:57:39 trace :
------------
String:
<xml><ToUserName><![CDATA[toUser]]></ToUserName><FromUserName><![CDATA[fromUser]]></FromUserName><CreateTime>1452952663</CreateTime><MsgType><![CDATA[text]]></MsgType><Content><![CDATA[测试内容]]></Content><MsgId>1234567890123456</MsgId></xml>

2016-01-16 21:57:39 params :
------------
Array:
rule : -2 ;
module :  ;
message : Array ;

2016-01-16 21:57:39 response :
------------

2016-01-16 21:57:40 trace :
------------
String:
<xml><ToUserName><![CDATA[toUser]]></ToUserName><FromUserName><![CDATA[fromUser]]></FromUserName><CreateTime>1452952664</CreateTime><MsgType><![CDATA[text]]></MsgType><Content><![CDATA[测试内容]]></Content><MsgId>1234567890123456</MsgId></xml>

2016-01-16 21:57:40 params :
------------
Array:
rule : -2 ;
module :  ;
message : Array ;

2016-01-16 21:57:40 response :
------------

2016-01-16 21:57:40 trace :
------------
String:
<xml><ToUserName><![CDATA[toUser]]></ToUserName><FromUserName><![CDATA[fromUser]]></FromUserName><CreateTime>1452952664</CreateTime><MsgType><![CDATA[text]]></MsgType><Content><![CDATA[测试内容]]></Content><MsgId>1234567890123456</MsgId></xml>

2016-01-16 21:57:40 params :
------------
Array:
rule : -2 ;
module :  ;
message : Array ;

2016-01-16 21:57:40 response :
------------

2016-01-16 21:57:40 trace :
------------
String:
<xml><ToUserName><![CDATA[toUser]]></ToUserName><FromUserName><![CDATA[fromUser]]></FromUserName><CreateTime>1452952665</CreateTime><MsgType><![CDATA[text]]></MsgType><Content><![CDATA[测试内容]]></Content><MsgId>1234567890123456</MsgId></xml>

2016-01-16 21:57:40 params :
------------
Array:
rule : -2 ;
module :  ;
message : Array ;

2016-01-16 21:57:40 response :
------------

2016-01-16 23:18:40 trace :
------------
String:
<xml><ToUserName><![CDATA[gh_4e2dc508e67f]]></ToUserName>
<FromUserName><![CDATA[oKmr0jj1AQl8zUX05HET08Z1nSBc]]></FromUserName>
<CreateTime>1452957519</CreateTime>
<MsgType><![CDATA[event]]></MsgType>
<Event><![CDATA[unsubscribe]]></Event>
<EventKey><![CDATA[]]></EventKey>
</xml>

2016-01-16 23:41:58 trace :
------------
String:
<xml><ToUserName><![CDATA[gh_20b8ed5a9ec5]]></ToUserName>
<FromUserName><![CDATA[owIe6uCV6Perov9nOB87LjUAynfs]]></FromUserName>
<CreateTime>1452958918</CreateTime>
<MsgType><![CDATA[event]]></MsgType>
<Event><![CDATA[CLICK]]></Event>
<EventKey><![CDATA[商城]]></EventKey>
</xml>

2016-01-16 23:41:59 params :
------------
Array:
rule : -2 ;
module :  ;
message : Array ;

2016-01-16 23:41:59 response :
------------

2016-01-16 23:42:13 trace :
------------
String:
<xml><ToUserName><![CDATA[gh_20b8ed5a9ec5]]></ToUserName>
<FromUserName><![CDATA[owIe6uCV6Perov9nOB87LjUAynfs]]></FromUserName>
<CreateTime>1452958933</CreateTime>
<MsgType><![CDATA[event]]></MsgType>
<Event><![CDATA[CLICK]]></Event>
<EventKey><![CDATA[商城]]></EventKey>
</xml>

2016-01-16 23:42:13 params :
------------
Array:
rule : -2 ;
module :  ;
message : Array ;

2016-01-16 23:42:13 response :
------------

2016-01-16 23:42:18 trace :
------------
String:
<xml><ToUserName><![CDATA[gh_20b8ed5a9ec5]]></ToUserName>
<FromUserName><![CDATA[owIe6uCV6Perov9nOB87LjUAynfs]]></FromUserName>
<CreateTime>1452958937</CreateTime>
<MsgType><![CDATA[text]]></MsgType>
<Content><![CDATA[商城]]></Content>
<MsgId>6240411117247043939</MsgId>
</xml>

2016-01-16 23:42:18 params :
------------
Array:
rule : -2 ;
module :  ;
message : Array ;

2016-01-16 23:42:18 response :
------------

2016-01-16 23:42:55 trace :
------------
String:
<xml><ToUserName><![CDATA[gh_20b8ed5a9ec5]]></ToUserName>
<FromUserName><![CDATA[owIe6uCV6Perov9nOB87LjUAynfs]]></FromUserName>
<CreateTime>1452958975</CreateTime>
<MsgType><![CDATA[event]]></MsgType>
<Event><![CDATA[CLICK]]></Event>
<EventKey><![CDATA[商城]]></EventKey>
</xml>

2016-01-16 23:42:55 params :
------------
Array:
rule : -2 ;
module :  ;
message : Array ;

2016-01-16 23:42:55 response :
------------

