2016-09-12 10:48:22 trace :
------------
String:
<xml><ToUserName><![CDATA[gh_d5c808a7666e]]></ToUserName>
<FromUserName><![CDATA[om_6jtx2UmLkgZFO5ybbruaFRuXE]]></FromUserName>
<CreateTime>1473648502</CreateTime>
<MsgType><![CDATA[event]]></MsgType>
<Event><![CDATA[unsubscribe]]></Event>
<EventKey><![CDATA[]]></EventKey>
</xml>

2016-09-12 12:19:22 trace :
------------
String:
<xml><ToUserName><![CDATA[gh_d5c808a7666e]]></ToUserName>
<FromUserName><![CDATA[om_6jt_it_Zd46ZUoVYxdt9n_fSM]]></FromUserName>
<CreateTime>1473653962</CreateTime>
<MsgType><![CDATA[event]]></MsgType>
<Event><![CDATA[VIEW]]></Event>
<EventKey><![CDATA[http://shanghai.xyj0772.com/app/index.php?i=1&c=entry&do=orderlist&m=weisrc_dish]]></EventKey>
<MenuId>404364969</MenuId>
</xml>

2016-09-12 12:19:22 params :
------------
Array:
rule : -2 ;
module :  ;
message : Array ;

2016-09-12 12:19:22 response :
------------

2016-09-12 16:44:00 trace :
------------
String:
<xml><ToUserName><![CDATA[gh_d5c808a7666e]]></ToUserName>
<FromUserName><![CDATA[om_6jt_it_Zd46ZUoVYxdt9n_fSM]]></FromUserName>
<CreateTime>1473669839</CreateTime>
<MsgType><![CDATA[event]]></MsgType>
<Event><![CDATA[VIEW]]></Event>
<EventKey><![CDATA[http://shanghai.xyj0772.com/app/index.php?i=1&c=entry&do=orderlist&m=weisrc_dish]]></EventKey>
<MenuId>404364969</MenuId>
</xml>

2016-09-12 16:44:00 params :
------------
Array:
rule : -2 ;
module :  ;
message : Array ;

2016-09-12 16:44:00 response :
------------

2016-09-12 16:44:34 trace :
------------
String:
<xml><ToUserName><![CDATA[gh_d5c808a7666e]]></ToUserName>
<FromUserName><![CDATA[om_6jt_it_Zd46ZUoVYxdt9n_fSM]]></FromUserName>
<CreateTime>1473669874</CreateTime>
<MsgType><![CDATA[event]]></MsgType>
<Event><![CDATA[VIEW]]></Event>
<EventKey><![CDATA[http://shanghai.xyj0772.com/app/index.php?i=1&c=entry&do=orderlist&m=weisrc_dish]]></EventKey>
<MenuId>404364969</MenuId>
</xml>

2016-09-12 16:44:34 params :
------------
Array:
rule : -2 ;
module :  ;
message : Array ;

2016-09-12 16:44:34 response :
------------

2016-09-12 16:46:11 trace :
------------
String:
<xml><ToUserName><![CDATA[gh_d5c808a7666e]]></ToUserName>
<FromUserName><![CDATA[om_6jt_it_Zd46ZUoVYxdt9n_fSM]]></FromUserName>
<CreateTime>1473669971</CreateTime>
<MsgType><![CDATA[event]]></MsgType>
<Event><![CDATA[VIEW]]></Event>
<EventKey><![CDATA[http://shanghai.xyj0772.com/app/index.php?i=1&c=entry&do=orderlist&m=weisrc_dish]]></EventKey>
<MenuId>404364969</MenuId>
</xml>

2016-09-12 16:46:11 params :
------------
Array:
rule : -2 ;
module :  ;
message : Array ;

2016-09-12 16:46:11 response :
------------

2016-09-12 16:46:50 trace :
------------
String:
<xml><ToUserName><![CDATA[gh_d5c808a7666e]]></ToUserName>
<FromUserName><![CDATA[om_6jt_it_Zd46ZUoVYxdt9n_fSM]]></FromUserName>
<CreateTime>1473670009</CreateTime>
<MsgType><![CDATA[event]]></MsgType>
<Event><![CDATA[scancode_push]]></Event>
<EventKey><![CDATA[11]]></EventKey>
<ScanCodeInfo><ScanType><![CDATA[qrcode]]></ScanType>
<ScanResult><![CDATA[http://shanghai.xyj0772.com/app/index.php?i=1&c=entry&mode=1&storeid=1&tablesid=28&do=waplist&m=weisrc_dish]]></ScanResult>
</ScanCodeInfo>
</xml>

2016-09-12 16:46:50 params :
------------
Array:
rule : -2 ;
module :  ;
message : Array ;

2016-09-12 16:46:50 response :
------------

2016-09-12 17:01:05 trace :
------------
String:
<xml><ToUserName><![CDATA[gh_d5c808a7666e]]></ToUserName>
<FromUserName><![CDATA[om_6jt_it_Zd46ZUoVYxdt9n_fSM]]></FromUserName>
<CreateTime>1473670864</CreateTime>
<MsgType><![CDATA[event]]></MsgType>
<Event><![CDATA[VIEW]]></Event>
<EventKey><![CDATA[http://shanghai.xyj0772.com/app/index.php?i=1&c=entry&do=orderlist&m=weisrc_dish]]></EventKey>
<MenuId>404364969</MenuId>
</xml>

2016-09-12 17:01:05 params :
------------
Array:
rule : -2 ;
module :  ;
message : Array ;

2016-09-12 17:01:05 response :
------------

2016-09-12 17:04:12 trace :
------------
String:
<xml><ToUserName><![CDATA[gh_d5c808a7666e]]></ToUserName>
<FromUserName><![CDATA[om_6jt_it_Zd46ZUoVYxdt9n_fSM]]></FromUserName>
<CreateTime>1473671051</CreateTime>
<MsgType><![CDATA[event]]></MsgType>
<Event><![CDATA[scancode_push]]></Event>
<EventKey><![CDATA[11]]></EventKey>
<ScanCodeInfo><ScanType><![CDATA[qrcode]]></ScanType>
<ScanResult><![CDATA[http://shanghai.xyj0772.com/app/index.php?i=1&c=entry&mode=1&storeid=1&tablesid=32&do=waplist&m=weisrc_dish]]></ScanResult>
</ScanCodeInfo>
</xml>

2016-09-12 17:04:12 params :
------------
Array:
rule : -2 ;
module :  ;
message : Array ;

2016-09-12 17:04:12 response :
------------

2016-09-12 17:19:56 trace :
------------
String:
<xml><ToUserName><![CDATA[gh_d5c808a7666e]]></ToUserName>
<FromUserName><![CDATA[om_6jt_it_Zd46ZUoVYxdt9n_fSM]]></FromUserName>
<CreateTime>1473671996</CreateTime>
<MsgType><![CDATA[event]]></MsgType>
<Event><![CDATA[VIEW]]></Event>
<EventKey><![CDATA[http://shanghai.xyj0772.com/app/index.php?i=1&c=entry&do=orderlist&m=weisrc_dish]]></EventKey>
<MenuId>404364969</MenuId>
</xml>

2016-09-12 17:19:56 params :
------------
Array:
rule : -2 ;
module :  ;
message : Array ;

2016-09-12 17:19:56 response :
------------

2016-09-12 17:29:18 trace :
------------
String:
<xml><ToUserName><![CDATA[gh_d5c808a7666e]]></ToUserName>
<FromUserName><![CDATA[om_6jt_it_Zd46ZUoVYxdt9n_fSM]]></FromUserName>
<CreateTime>1473672557</CreateTime>
<MsgType><![CDATA[event]]></MsgType>
<Event><![CDATA[scancode_push]]></Event>
<EventKey><![CDATA[11]]></EventKey>
<ScanCodeInfo><ScanType><![CDATA[qrcode]]></ScanType>
<ScanResult><![CDATA[http://shanghai.xyj0772.com/app/index.php?i=1&c=entry&mode=1&storeid=1&tablesid=6&do=waplist&m=weisrc_dish]]></ScanResult>
</ScanCodeInfo>
</xml>

2016-09-12 17:29:18 params :
------------
Array:
rule : -2 ;
module :  ;
message : Array ;

2016-09-12 17:29:18 response :
------------

2016-09-12 17:49:33 trace :
------------
String:
<xml><ToUserName><![CDATA[gh_d5c808a7666e]]></ToUserName>
<FromUserName><![CDATA[om_6jt2UYeBBQXQUwYFtBoavBC7w]]></FromUserName>
<CreateTime>1473673773</CreateTime>
<MsgType><![CDATA[event]]></MsgType>
<Event><![CDATA[LOCATION]]></Event>
<Latitude>30.915545</Latitude>
<Longitude>121.479927</Longitude>
<Precision>120.000000</Precision>
</xml>

2016-09-12 17:49:33 params :
------------
Array:
message : Array ;
module : default ;
rule : -1 ;

2016-09-12 17:49:33 response :
------------
Array:
errno : -1 ;
message : Invaild value ;

