2016-05-30 00:18:41 trace :
------------
String:
<xml><ToUserName><![CDATA[gh_371dfdf2ba7a]]></ToUserName>
<FromUserName><![CDATA[oe632wOQD3Wz8vQC7QYpwYCL4G5Y]]></FromUserName>
<CreateTime>1464538713</CreateTime>
<MsgType><![CDATA[event]]></MsgType>
<Event><![CDATA[VIEW]]></Event>
<EventKey><![CDATA[http://wqq.xyj0772.com/app/index.php?i=4&c=mc&]]></EventKey>
<MenuId>408121384</MenuId>
</xml>

2016-05-30 00:18:41 params :
------------
Array:
rule : -2 ;
module :  ;
message : Array ;

2016-05-30 00:18:41 response :
------------

2016-05-30 00:19:04 trace :
------------
String:
<xml><ToUserName><![CDATA[gh_371dfdf2ba7a]]></ToUserName>
<FromUserName><![CDATA[oe632wOQD3Wz8vQC7QYpwYCL4G5Y]]></FromUserName>
<CreateTime>1464538736</CreateTime>
<MsgType><![CDATA[event]]></MsgType>
<Event><![CDATA[VIEW]]></Event>
<EventKey><![CDATA[http://wqq.xyj0772.com/app/index.php?i=4&c=mc&]]></EventKey>
<MenuId>408121384</MenuId>
</xml>

2016-05-30 00:19:04 params :
------------
Array:
rule : -2 ;
module :  ;
message : Array ;

2016-05-30 00:19:04 response :
------------

2016-05-30 00:19:07 trace :
------------
String:
<xml><ToUserName><![CDATA[gh_371dfdf2ba7a]]></ToUserName>
<FromUserName><![CDATA[oe632wOQD3Wz8vQC7QYpwYCL4G5Y]]></FromUserName>
<CreateTime>1464538739</CreateTime>
<MsgType><![CDATA[event]]></MsgType>
<Event><![CDATA[VIEW]]></Event>
<EventKey><![CDATA[http://wqq.xyj0772.com/app/index.php?i=4&c=mc&]]></EventKey>
<MenuId>408121384</MenuId>
</xml>

2016-05-30 00:19:07 params :
------------
Array:
rule : -2 ;
module :  ;
message : Array ;

2016-05-30 00:19:07 response :
------------

2016-05-30 00:19:09 trace :
------------
String:
<xml><ToUserName><![CDATA[gh_371dfdf2ba7a]]></ToUserName>
<FromUserName><![CDATA[oe632wOQD3Wz8vQC7QYpwYCL4G5Y]]></FromUserName>
<CreateTime>1464538741</CreateTime>
<MsgType><![CDATA[event]]></MsgType>
<Event><![CDATA[VIEW]]></Event>
<EventKey><![CDATA[http://wqq.xyj0772.com/app/index.php?i=4&c=mc&]]></EventKey>
<MenuId>408121384</MenuId>
</xml>

2016-05-30 00:19:09 params :
------------
Array:
rule : -2 ;
module :  ;
message : Array ;

2016-05-30 00:19:09 response :
------------

2016-05-30 00:19:11 trace :
------------
String:
<xml><ToUserName><![CDATA[gh_371dfdf2ba7a]]></ToUserName>
<FromUserName><![CDATA[oe632wOQD3Wz8vQC7QYpwYCL4G5Y]]></FromUserName>
<CreateTime>1464538743</CreateTime>
<MsgType><![CDATA[event]]></MsgType>
<Event><![CDATA[VIEW]]></Event>
<EventKey><![CDATA[http://wqq.xyj0772.com/app/index.php?i=4&c=mc&]]></EventKey>
<MenuId>408121384</MenuId>
</xml>

2016-05-30 00:19:11 params :
------------
Array:
rule : -2 ;
module :  ;
message : Array ;

2016-05-30 00:19:11 response :
------------

2016-05-30 00:19:13 trace :
------------
String:
<xml><ToUserName><![CDATA[gh_371dfdf2ba7a]]></ToUserName>
<FromUserName><![CDATA[oe632wOQD3Wz8vQC7QYpwYCL4G5Y]]></FromUserName>
<CreateTime>1464538745</CreateTime>
<MsgType><![CDATA[event]]></MsgType>
<Event><![CDATA[VIEW]]></Event>
<EventKey><![CDATA[http://wqq.xyj0772.com/app/index.php?i=4&c=mc&]]></EventKey>
<MenuId>408121384</MenuId>
</xml>

2016-05-30 00:19:13 params :
------------
Array:
rule : -2 ;
module :  ;
message : Array ;

2016-05-30 00:19:13 response :
------------

2016-05-30 00:19:15 trace :
------------
String:
<xml><ToUserName><![CDATA[gh_371dfdf2ba7a]]></ToUserName>
<FromUserName><![CDATA[oe632wOQD3Wz8vQC7QYpwYCL4G5Y]]></FromUserName>
<CreateTime>1464538747</CreateTime>
<MsgType><![CDATA[event]]></MsgType>
<Event><![CDATA[VIEW]]></Event>
<EventKey><![CDATA[http://wqq.xyj0772.com/app/index.php?i=4&c=mc&]]></EventKey>
<MenuId>408121384</MenuId>
</xml>

2016-05-30 00:19:16 params :
------------
Array:
rule : -2 ;
module :  ;
message : Array ;

2016-05-30 00:19:16 response :
------------

2016-05-30 00:19:17 trace :
------------
String:
<xml><ToUserName><![CDATA[gh_371dfdf2ba7a]]></ToUserName>
<FromUserName><![CDATA[oe632wOQD3Wz8vQC7QYpwYCL4G5Y]]></FromUserName>
<CreateTime>1464538749</CreateTime>
<MsgType><![CDATA[event]]></MsgType>
<Event><![CDATA[VIEW]]></Event>
<EventKey><![CDATA[http://wqq.xyj0772.com/app/index.php?i=4&c=mc&]]></EventKey>
<MenuId>408121384</MenuId>
</xml>

2016-05-30 00:19:17 params :
------------
Array:
rule : -2 ;
module :  ;
message : Array ;

2016-05-30 00:19:17 response :
------------

2016-05-30 00:19:19 trace :
------------
String:
<xml><ToUserName><![CDATA[gh_371dfdf2ba7a]]></ToUserName>
<FromUserName><![CDATA[oe632wOQD3Wz8vQC7QYpwYCL4G5Y]]></FromUserName>
<CreateTime>1464538751</CreateTime>
<MsgType><![CDATA[event]]></MsgType>
<Event><![CDATA[VIEW]]></Event>
<EventKey><![CDATA[http://wqq.xyj0772.com/app/index.php?i=4&c=mc&]]></EventKey>
<MenuId>408121384</MenuId>
</xml>

2016-05-30 00:19:20 params :
------------
Array:
rule : -2 ;
module :  ;
message : Array ;

2016-05-30 00:19:20 response :
------------

2016-05-30 00:19:22 trace :
------------
String:
<xml><ToUserName><![CDATA[gh_371dfdf2ba7a]]></ToUserName>
<FromUserName><![CDATA[oe632wOQD3Wz8vQC7QYpwYCL4G5Y]]></FromUserName>
<CreateTime>1464538753</CreateTime>
<MsgType><![CDATA[event]]></MsgType>
<Event><![CDATA[VIEW]]></Event>
<EventKey><![CDATA[http://wqq.xyj0772.com/app/index.php?i=4&c=mc&]]></EventKey>
<MenuId>408121384</MenuId>
</xml>

2016-05-30 00:19:22 params :
------------
Array:
rule : -2 ;
module :  ;
message : Array ;

2016-05-30 00:19:22 response :
------------

2016-05-30 00:19:24 trace :
------------
String:
<xml><ToUserName><![CDATA[gh_371dfdf2ba7a]]></ToUserName>
<FromUserName><![CDATA[oe632wOQD3Wz8vQC7QYpwYCL4G5Y]]></FromUserName>
<CreateTime>1464538755</CreateTime>
<MsgType><![CDATA[event]]></MsgType>
<Event><![CDATA[VIEW]]></Event>
<EventKey><![CDATA[http://wqq.xyj0772.com/app/index.php?i=2&j=2&c=entry&rid=20&do=photosvoteview&m=fm_photosvote&from=click]]></EventKey>
<MenuId>408121384</MenuId>
</xml>

2016-05-30 00:19:24 params :
------------
Array:
rule : -2 ;
module :  ;
message : Array ;

2016-05-30 00:19:24 response :
------------

2016-05-30 00:20:23 trace :
------------
String:
<xml><ToUserName><![CDATA[gh_371dfdf2ba7a]]></ToUserName>
<FromUserName><![CDATA[oe632wOQD3Wz8vQC7QYpwYCL4G5Y]]></FromUserName>
<CreateTime>1464538814</CreateTime>
<MsgType><![CDATA[event]]></MsgType>
<Event><![CDATA[VIEW]]></Event>
<EventKey><![CDATA[http://wqq.xyj0772.com/app/index.php?i=2&j=2&c=entry&rid=20&do=photosvoteview&m=fm_photosvote&from=click]]></EventKey>
<MenuId>408121384</MenuId>
</xml>

2016-05-30 00:20:23 params :
------------
Array:
rule : -2 ;
module :  ;
message : Array ;

2016-05-30 00:20:23 response :
------------

2016-05-30 00:26:33 trace :
------------
String:
<xml><ToUserName><![CDATA[gh_371dfdf2ba7a]]></ToUserName>
<FromUserName><![CDATA[oe632wOQD3Wz8vQC7QYpwYCL4G5Y]]></FromUserName>
<CreateTime>1464539182</CreateTime>
<MsgType><![CDATA[event]]></MsgType>
<Event><![CDATA[VIEW]]></Event>
<EventKey><![CDATA[http://wqq.xyj0772.com/app/index.php?i=4&c=mc&]]></EventKey>
<MenuId>408121384</MenuId>
</xml>

2016-05-30 00:26:33 params :
------------
Array:
rule : -2 ;
module :  ;
message : Array ;

2016-05-30 00:26:33 response :
------------

2016-05-30 00:26:35 trace :
------------
String:
<xml><ToUserName><![CDATA[gh_371dfdf2ba7a]]></ToUserName>
<FromUserName><![CDATA[oe632wOQD3Wz8vQC7QYpwYCL4G5Y]]></FromUserName>
<CreateTime>1464539184</CreateTime>
<MsgType><![CDATA[event]]></MsgType>
<Event><![CDATA[VIEW]]></Event>
<EventKey><![CDATA[http://wqq.xyj0772.com/app/index.php?i=2&j=2&c=entry&rid=20&do=photosvoteview&m=fm_photosvote&from=click]]></EventKey>
<MenuId>408121384</MenuId>
</xml>

2016-05-30 00:26:35 params :
------------
Array:
rule : -2 ;
module :  ;
message : Array ;

2016-05-30 00:26:35 response :
------------

2016-05-30 00:28:12 trace :
------------
String:
<xml><ToUserName><![CDATA[gh_371dfdf2ba7a]]></ToUserName>
<FromUserName><![CDATA[oe632wOQD3Wz8vQC7QYpwYCL4G5Y]]></FromUserName>
<CreateTime>1464539281</CreateTime>
<MsgType><![CDATA[text]]></MsgType>
<Content><![CDATA[æŠ•ç¥¨]]></Content>
<MsgId>6290148316010484375</MsgId>
</xml>

2016-05-30 00:28:12 params :
------------
Array:
message : Array ;
module : fm_photosvote ;
rule : 22 ;
priority : 0 ;
keyword : Array ;

2016-05-30 00:28:12 response :
------------
Array:
FromUserName : gh_371dfdf2ba7a ;
ToUserName : oe632wOQD3Wz8vQC7QYpwYCL4G5Y ;
MsgType : news ;
ArticleCount : 1 ;
Articles : Array ;

2016-05-30 00:28:19 trace :
------------
String:
<xml><ToUserName><![CDATA[gh_371dfdf2ba7a]]></ToUserName>
<FromUserName><![CDATA[oe632wOQD3Wz8vQC7QYpwYCL4G5Y]]></FromUserName>
<CreateTime>1464539288</CreateTime>
<MsgType><![CDATA[event]]></MsgType>
<Event><![CDATA[VIEW]]></Event>
<EventKey><![CDATA[http://wqq.xyj0772.com/app/index.php?i=2&j=2&c=entry&rid=20&do=photosvoteview&m=fm_photosvote&from=click]]></EventKey>
<MenuId>408121384</MenuId>
</xml>

2016-05-30 00:28:19 params :
------------
Array:
rule : -2 ;
module :  ;
message : Array ;

2016-05-30 00:28:19 response :
------------

2016-05-30 00:39:00 trace :
------------
String:
<xml><ToUserName><![CDATA[gh_339b357d6bcb]]></ToUserName>
<FromUserName><![CDATA[oq5x0uP-iVtYE4nyPHeRliAj2wEg]]></FromUserName>
<CreateTime>1464539938</CreateTime>
<MsgType><![CDATA[event]]></MsgType>
<Event><![CDATA[subscribe]]></Event>
<EventKey><![CDATA[]]></EventKey>
</xml>

2016-05-30 00:39:00 params :
------------
Array:
message : Array ;
module : ewei_vote ;
rule : 19 ;
priority : 0 ;
keyword : Array ;

2016-05-30 00:39:00 response :
------------
Array:
FromUserName : gh_339b357d6bcb ;
ToUserName : oq5x0uP-iVtYE4nyPHeRliAj2wEg ;
MsgType : news ;
ArticleCount : 1 ;
Articles : Array ;

2016-05-30 03:17:41 trace :
------------
String:
<xml><ToUserName><![CDATA[gh_339b357d6bcb]]></ToUserName>
<FromUserName><![CDATA[oq5x0uAccfPl75Qamxth2Qc1kWQM]]></FromUserName>
<CreateTime>1464549449</CreateTime>
<MsgType><![CDATA[event]]></MsgType>
<Event><![CDATA[subscribe]]></Event>
<EventKey><![CDATA[]]></EventKey>
</xml>

2016-05-30 03:17:41 params :
------------
Array:
message : Array ;
module : ewei_vote ;
rule : 19 ;
priority : 0 ;
keyword : Array ;

2016-05-30 03:17:41 response :
------------
Array:
FromUserName : gh_339b357d6bcb ;
ToUserName : oq5x0uAccfPl75Qamxth2Qc1kWQM ;
MsgType : news ;
ArticleCount : 1 ;
Articles : Array ;

2016-05-30 06:37:29 trace :
------------
String:
<xml><ToUserName><![CDATA[gh_339b357d6bcb]]></ToUserName>
<FromUserName><![CDATA[oq5x0uLWeUA-45fIeRL7LKTFFgPQ]]></FromUserName>
<CreateTime>1464561446</CreateTime>
<MsgType><![CDATA[event]]></MsgType>
<Event><![CDATA[subscribe]]></Event>
<EventKey><![CDATA[]]></EventKey>
</xml>

2016-05-30 06:37:29 params :
------------
Array:
message : Array ;
module : ewei_vote ;
rule : 19 ;
priority : 0 ;
keyword : Array ;

2016-05-30 06:37:29 response :
------------
Array:
FromUserName : gh_339b357d6bcb ;
ToUserName : oq5x0uLWeUA-45fIeRL7LKTFFgPQ ;
MsgType : news ;
ArticleCount : 1 ;
Articles : Array ;

2016-05-30 07:35:04 trace :
------------
String:
<xml><ToUserName><![CDATA[gh_339b357d6bcb]]></ToUserName>
<FromUserName><![CDATA[oq5x0uOVo3qdm7k_A9fDT9Xky2cM]]></FromUserName>
<CreateTime>1464564902</CreateTime>
<MsgType><![CDATA[text]]></MsgType>
<Content><![CDATA[ç«žçŒœ]]></Content>
<MsgId>6290258357365614048</MsgId>
</xml>

2016-05-30 07:35:05 params :
------------
Array:
message : Array ;
module : ewei_vote ;
rule : 19 ;
priority : 0 ;
keyword : Array ;

2016-05-30 07:35:05 response :
------------
Array:
FromUserName : gh_339b357d6bcb ;
ToUserName : oq5x0uOVo3qdm7k_A9fDT9Xky2cM ;
MsgType : news ;
ArticleCount : 1 ;
Articles : Array ;

2016-05-30 07:44:24 trace :
------------
String:
<xml><ToUserName><![CDATA[gh_339b357d6bcb]]></ToUserName>
<FromUserName><![CDATA[oq5x0uAYd6prAOwx_-FFML_BnPUo]]></FromUserName>
<CreateTime>1464565457</CreateTime>
<MsgType><![CDATA[event]]></MsgType>
<Event><![CDATA[subscribe]]></Event>
<EventKey><![CDATA[]]></EventKey>
</xml>

2016-05-30 07:44:24 params :
------------
Array:
message : Array ;
module : ewei_vote ;
rule : 19 ;
priority : 0 ;
keyword : Array ;

2016-05-30 07:44:24 response :
------------
Array:
FromUserName : gh_339b357d6bcb ;
ToUserName : oq5x0uAYd6prAOwx_-FFML_BnPUo ;
MsgType : news ;
ArticleCount : 1 ;
Articles : Array ;

2016-05-30 07:44:41 trace :
------------
String:
<xml><ToUserName><![CDATA[gh_339b357d6bcb]]></ToUserName>
<FromUserName><![CDATA[oq5x0uAYd6prAOwx_-FFML_BnPUo]]></FromUserName>
<CreateTime>1464565474</CreateTime>
<MsgType><![CDATA[text]]></MsgType>
<Content><![CDATA[ç«žçŒœ]]></Content>
<MsgId>6290260814086907410</MsgId>
</xml>

2016-05-30 07:44:41 params :
------------
Array:
message : Array ;
module : ewei_vote ;
rule : 19 ;
priority : 0 ;
keyword : Array ;

2016-05-30 07:44:41 response :
------------
Array:
FromUserName : gh_339b357d6bcb ;
ToUserName : oq5x0uAYd6prAOwx_-FFML_BnPUo ;
MsgType : news ;
ArticleCount : 1 ;
Articles : Array ;

2016-05-30 07:45:49 trace :
------------
String:
<xml><ToUserName><![CDATA[gh_339b357d6bcb]]></ToUserName>
<FromUserName><![CDATA[oq5x0uAYd6prAOwx_-FFML_BnPUo]]></FromUserName>
<CreateTime>1464565541</CreateTime>
<MsgType><![CDATA[text]]></MsgType>
<Content><![CDATA[ç«žçŒœ]]></Content>
<MsgId>6290261101849716264</MsgId>
</xml>

2016-05-30 07:45:49 params :
------------
Array:
message : Array ;
module : ewei_vote ;
rule : 19 ;
priority : 0 ;
keyword : Array ;

2016-05-30 07:45:49 response :
------------
Array:
FromUserName : gh_339b357d6bcb ;
ToUserName : oq5x0uAYd6prAOwx_-FFML_BnPUo ;
MsgType : news ;
ArticleCount : 1 ;
Articles : Array ;

2016-05-30 07:46:16 trace :
------------
String:
<xml><ToUserName><![CDATA[gh_339b357d6bcb]]></ToUserName>
<FromUserName><![CDATA[oq5x0uAYd6prAOwx_-FFML_BnPUo]]></FromUserName>
<CreateTime>1464565569</CreateTime>
<MsgType><![CDATA[text]]></MsgType>
<Content><![CDATA[        æ‚¨å¥½ï¼Œæ¬¢è¿Žå…‰ä¸´ä¸­å›½ç¬¬ä¸€å®¶æ— é£Žé™©åˆ›ä¸šå¹³å°ä¸€ä¸€å°åº·ä¹‹å®¶å›¢è´­ç½‘ï¼åœ¨å®¶åˆ›ä¸šï¼ŒåŠžæ³•é—®æˆ‘ï¼Œå°†å…è´¹è¿›è¡Œåˆ°åº•ï¼
        å‹æƒ…åˆ†äº«ä¸€ä¸€ä¼è”å¡çš„åŠŸèƒ½ï¼š
ã€1.ã€‘VIPåŠŸèƒ½ï¼šæ¶ˆè´¹åˆ†çº¢ã€æ‰“æŠ˜ï¼Œåªè¦åœ¨æˆ‘ä»¬çš„è”ç›Ÿå•†å®¶å°±å¯ä»¥äº«å—æ‰“æŠ˜ã€åˆ†çº¢çš„å¢žå€¼æœåŠ¡åŒæ—¶äº«å—ä½æ±‰åº­äº«å—198å…ƒçš„é‡‘å¡å¾…é‡ï¼Œä¸‹åˆè¿˜å»¶è¿Ÿåˆ°2ç‚¹é€€æˆ¿ï¼æ ¼æž—è±ªæ³°85æŠ˜ï¼Œè¦çŸ¥é“åœ¨æ ¼æž—è±ªæ³°æ‰“85æŠ˜éœ€è¦398å…ƒåŠžè´µå®¾å¡æ‰å¯ä»¥äº«å—ï¼ç»´ä¹Ÿçº³ã€é”¦æ±Ÿä¹‹æ˜Ÿã€é€Ÿ8ã€ä¸ƒå¤©è¿žé”......å‡å¯äº«å—ä¼šå‘˜ä»·
ã€2.ã€‘æ—…æ¸¸åŠŸèƒ½ï¼šå…è´¹åœ°æŽ¥å¼çš„æ—…æ¸¸ï¼ˆäº‘å—ã€æ¸¯æ¾³ã€æµ·å—ã€æ¡‚æž—ã€æ³°å›½åƒä½çŽ©æ™¯ç‚¹é—¨ç¥¨å…¨å…è´¹ï¼‰çŽ°åœ¨å³å°†å¼€é€šå†…è’™4å¤©3å¤œæ—…æ¸¸å’Œæ–°è¥¿å…°ï¼Œæ¾³å¤§åˆ©äºš12å¤©11å¤œè±ªåŽæ¸¸ï¼
ã€3.ã€‘ç¦åˆ©å¡ï¼šä¼è”å…¬å¸å’ŒTCLå…¬å¸è¾¾æˆæˆ˜ç•¥åˆä½œåªéœ€390å…ƒå®‰è£…è´¹å°±å¯é¢†å–2000å…ƒå‡€æ°´å™¨ä¸€å°ã€‚ 
ã€4ã€‘èµšé’±åŠŸèƒ½ï¼šä¸€ä»½é’±ä¸‰ä»½ç”¨ï¼Œä¼è”æœ‰ç½‘ä¸Šå•†åŸŽï¼Œä¼è”å•†åŸŽå®šä½ä¸º0åˆ©æ¶¦å•†åŸŽï¼ŒæŠŠå•†åŸŽåº”å¾—åˆ©æ¶¦ä»¥ä¼è”å¸çš„å½¢å¼èµ é€ç»™ä¼šå‘˜ï¼Œä¼šå‘˜å¯ä»¥ç”¨æ¥åœ¨è”ç›Ÿå•†å®¶æ¶ˆè´¹ï¼Œæ¶ˆè´¹å¾—åˆ†çº¢çš„åŒæ—¶è¿˜æœ‰ç§¯åˆ†çš„äº§ç”Ÿå¯ä»¥åœ¨ç½‘ä¸Šå•†åŸŽå…‘æ¢åŒç­‰ä»·å€¼å•†å“.
ã€5ã€‘æ›´å¤šåŠŸèƒ½æ•¬è¯·æœŸå¾…......
ðŸ’°ðŸ’°ðŸ’°ã€ä¼è”ã€‘è®©æ‚¨æ­£å¸¸æ¶ˆè´¹ã€é¢å¤–èŽ·åˆ©ï¼è¯¦ç”µ13872966584å°åº·ä¹‹å®¶å›¢è´­ç½‘ï¼]]></Content>
<MsgId>6290261222108800555</MsgId>
</xml>

2016-05-30 07:46:16 params :
------------
Array:
message : Array ;
module : ewei_vote ;
rule : 19 ;
priority : 0 ;
keyword : Array ;

2016-05-30 07:46:16 response :
------------
Array:
FromUserName : gh_339b357d6bcb ;
ToUserName : oq5x0uAYd6prAOwx_-FFML_BnPUo ;
MsgType : news ;
ArticleCount : 1 ;
Articles : Array ;

2016-05-30 07:46:27 trace :
------------
String:
<xml><ToUserName><![CDATA[gh_339b357d6bcb]]></ToUserName>
<FromUserName><![CDATA[oq5x0uAYd6prAOwx_-FFML_BnPUo]]></FromUserName>
<CreateTime>1464565579</CreateTime>
<MsgType><![CDATA[image]]></MsgType>
<PicUrl><![CDATA[http://mmbiz.qpic.cn/mmbiz/v9BibOFgov4gMYnccP0Ijpib04QxaQrMLnFeysV1CEealdZedDfjTQRDBgdPHdyiaEUAWEhpMCzR7AicxeYiaLrib6sA/0]]></PicUrl>
<MsgId>6290261265058473517</MsgId>
<MediaId><![CDATA[wk5VKAYparR69fdonNZn9c8IiYcAKMNzzOxaWQkGw0U-8VAg5RF64Thom1PtzzJ_]]></MediaId>
</xml>

2016-05-30 07:46:28 params :
------------
Array:
message : Array ;
module : ewei_vote ;
rule : 19 ;
priority : 0 ;
keyword : Array ;

2016-05-30 07:46:28 response :
------------
Array:
FromUserName : gh_339b357d6bcb ;
ToUserName : oq5x0uAYd6prAOwx_-FFML_BnPUo ;
MsgType : news ;
ArticleCount : 1 ;
Articles : Array ;

2016-05-30 07:47:11 trace :
------------
String:
<xml><ToUserName><![CDATA[gh_339b357d6bcb]]></ToUserName>
<FromUserName><![CDATA[oq5x0uN36Z5G_fNTm7aF3Z04tArM]]></FromUserName>
<CreateTime>1464565623</CreateTime>
<MsgType><![CDATA[event]]></MsgType>
<Event><![CDATA[subscribe]]></Event>
<EventKey><![CDATA[]]></EventKey>
</xml>

2016-05-30 07:47:11 params :
------------
Array:
message : Array ;
module : ewei_vote ;
rule : 19 ;
priority : 0 ;
keyword : Array ;

2016-05-30 07:47:11 response :
------------
Array:
FromUserName : gh_339b357d6bcb ;
ToUserName : oq5x0uN36Z5G_fNTm7aF3Z04tArM ;
MsgType : news ;
ArticleCount : 1 ;
Articles : Array ;

2016-05-30 07:48:35 trace :
------------
String:
<xml><ToUserName><![CDATA[gh_339b357d6bcb]]></ToUserName>
<FromUserName><![CDATA[oq5x0uN36Z5G_fNTm7aF3Z04tArM]]></FromUserName>
<CreateTime>1464565707</CreateTime>
<MsgType><![CDATA[text]]></MsgType>
<Content><![CDATA[ç«žçŒœ]]></Content>
<MsgId>6290261814814287417</MsgId>
</xml>

2016-05-30 07:48:35 params :
------------
Array:
message : Array ;
module : ewei_vote ;
rule : 19 ;
priority : 0 ;
keyword : Array ;

2016-05-30 07:48:35 response :
------------
Array:
FromUserName : gh_339b357d6bcb ;
ToUserName : oq5x0uN36Z5G_fNTm7aF3Z04tArM ;
MsgType : news ;
ArticleCount : 1 ;
Articles : Array ;

2016-05-30 08:04:41 trace :
------------
String:
<xml><ToUserName><![CDATA[gh_339b357d6bcb]]></ToUserName>
<FromUserName><![CDATA[oq5x0uKvxoAaR_HmopP_LPl7zqkc]]></FromUserName>
<CreateTime>1464566668</CreateTime>
<MsgType><![CDATA[event]]></MsgType>
<Event><![CDATA[subscribe]]></Event>
<EventKey><![CDATA[]]></EventKey>
</xml>

2016-05-30 08:04:41 params :
------------
Array:
message : Array ;
module : ewei_vote ;
rule : 19 ;
priority : 0 ;
keyword : Array ;

2016-05-30 08:04:41 response :
------------
Array:
FromUserName : gh_339b357d6bcb ;
ToUserName : oq5x0uKvxoAaR_HmopP_LPl7zqkc ;
MsgType : news ;
ArticleCount : 1 ;
Articles : Array ;

2016-05-30 08:10:47 trace :
------------
String:
<xml><ToUserName><![CDATA[gh_339b357d6bcb]]></ToUserName>
<FromUserName><![CDATA[oq5x0uAYd6prAOwx_-FFML_BnPUo]]></FromUserName>
<CreateTime>1464567031</CreateTime>
<MsgType><![CDATA[text]]></MsgType>
<Content><![CDATA[ç¼ºå°‘ä¸€ä¸ªæ¬¢è¿Žè¯]]></Content>
<MsgId>6290267501350987417</MsgId>
</xml>

2016-05-30 08:10:47 params :
------------
Array:
message : Array ;
module : ewei_vote ;
rule : 19 ;
priority : 0 ;
keyword : Array ;

2016-05-30 08:10:47 response :
------------
Array:
FromUserName : gh_339b357d6bcb ;
ToUserName : oq5x0uAYd6prAOwx_-FFML_BnPUo ;
MsgType : news ;
ArticleCount : 1 ;
Articles : Array ;

2016-05-30 08:26:31 trace :
------------
String:
<xml><ToUserName><![CDATA[gh_371dfdf2ba7a]]></ToUserName>
<FromUserName><![CDATA[oe632wEKJqXkLKYhO9YbwC0ucUWk]]></FromUserName>
<CreateTime>1464567969</CreateTime>
<MsgType><![CDATA[event]]></MsgType>
<Event><![CDATA[subscribe]]></Event>
<EventKey><![CDATA[]]></EventKey>
</xml>

2016-05-30 08:26:31 params :
------------
Array:
rule : -2 ;
module :  ;
message : Array ;

2016-05-30 08:26:31 response :
------------

2016-05-30 10:29:16 trace :
------------
String:
<xml><ToUserName><![CDATA[gh_371dfdf2ba7a]]></ToUserName>
<FromUserName><![CDATA[oe632wNBRrJVg1N-WCOMQLAp65SY]]></FromUserName>
<CreateTime>1464575333</CreateTime>
<MsgType><![CDATA[event]]></MsgType>
<Event><![CDATA[VIEW]]></Event>
<EventKey><![CDATA[http://wqq.xyj0772.com/app/index.php?i=2&j=2&c=entry&rid=20&do=photosvoteview&m=fm_photosvote&from=click]]></EventKey>
<MenuId>408121384</MenuId>
</xml>

2016-05-30 10:29:16 params :
------------
Array:
rule : -2 ;
module :  ;
message : Array ;

2016-05-30 10:29:16 response :
------------

2016-05-30 10:30:38 trace :
------------
String:
<xml><ToUserName><![CDATA[gh_339b357d6bcb]]></ToUserName>
<FromUserName><![CDATA[oq5x0uFAZCLAQ1ab8eWpiUR6orcs]]></FromUserName>
<CreateTime>1464575438</CreateTime>
<MsgType><![CDATA[text]]></MsgType>
<Content><![CDATA[ç«žçŒœ]]></Content>
<MsgId>6290303609141048128</MsgId>
</xml>

2016-05-30 10:30:38 params :
------------
Array:
message : Array ;
module : ewei_vote ;
rule : 19 ;
priority : 0 ;
keyword : Array ;

2016-05-30 10:30:38 response :
------------
Array:
FromUserName : gh_339b357d6bcb ;
ToUserName : oq5x0uFAZCLAQ1ab8eWpiUR6orcs ;
MsgType : news ;
ArticleCount : 1 ;
Articles : Array ;

2016-05-30 11:00:40 trace :
------------
String:
<xml><ToUserName><![CDATA[gh_339b357d6bcb]]></ToUserName>
<FromUserName><![CDATA[oq5x0uOkwfcVrp2VlMeRcxnwxGG8]]></FromUserName>
<CreateTime>1464577227</CreateTime>
<MsgType><![CDATA[event]]></MsgType>
<Event><![CDATA[subscribe]]></Event>
<EventKey><![CDATA[]]></EventKey>
</xml>

2016-05-30 11:00:40 params :
------------
Array:
message : Array ;
module : ewei_vote ;
rule : 19 ;
priority : 0 ;
keyword : Array ;

2016-05-30 11:00:40 response :
------------
Array:
FromUserName : gh_339b357d6bcb ;
ToUserName : oq5x0uOkwfcVrp2VlMeRcxnwxGG8 ;
MsgType : news ;
ArticleCount : 1 ;
Articles : Array ;

2016-05-30 11:05:05 trace :
------------
String:
<xml><ToUserName><![CDATA[gh_339b357d6bcb]]></ToUserName>
<FromUserName><![CDATA[oq5x0uC9EW7ty8YDZkigouC2_JtU]]></FromUserName>
<CreateTime>1464577489</CreateTime>
<MsgType><![CDATA[event]]></MsgType>
<Event><![CDATA[subscribe]]></Event>
<EventKey><![CDATA[]]></EventKey>
</xml>

2016-05-30 11:05:05 params :
------------
Array:
message : Array ;
module : ewei_vote ;
rule : 19 ;
priority : 0 ;
keyword : Array ;

2016-05-30 11:05:05 response :
------------
Array:
FromUserName : gh_339b357d6bcb ;
ToUserName : oq5x0uC9EW7ty8YDZkigouC2_JtU ;
MsgType : news ;
ArticleCount : 1 ;
Articles : Array ;

2016-05-30 11:08:41 trace :
------------
String:
<xml><ToUserName><![CDATA[gh_d5c808a7666e]]></ToUserName>
<FromUserName><![CDATA[om_6jt2KN5m2a7PN8LYPB54R85zI]]></FromUserName>
<CreateTime>1464577703</CreateTime>
<MsgType><![CDATA[text]]></MsgType>
<Content><![CDATA[æŠ•ç¥¨]]></Content>
<MsgId>6290313337239915713</MsgId>
</xml>

2016-05-30 11:08:41 params :
------------
Array:
message : Array ;
module : fm_photosvote ;
rule : 20 ;
priority : 0 ;
keyword : Array ;

2016-05-30 11:08:41 response :
------------
Array:
FromUserName : gh_d5c808a7666e ;
ToUserName : om_6jt2KN5m2a7PN8LYPB54R85zI ;
MsgType : news ;
ArticleCount : 1 ;
Articles : Array ;

2016-05-30 11:11:03 trace :
------------
String:
<xml><ToUserName><![CDATA[gh_d5c808a7666e]]></ToUserName>
<FromUserName><![CDATA[om_6jtwK1SqXYxH3qyYgABWGiCR4]]></FromUserName>
<CreateTime>1464577844</CreateTime>
<MsgType><![CDATA[event]]></MsgType>
<Event><![CDATA[VIEW]]></Event>
<EventKey><![CDATA[http://wqq.xyj0772.com/app/index.php?i=2&c=entry&eid=524]]></EventKey>
<MenuId>404113000</MenuId>
</xml>

2016-05-30 11:11:03 params :
------------
Array:
rule : -2 ;
module :  ;
message : Array ;

2016-05-30 11:11:03 response :
------------

2016-05-30 11:11:09 trace :
------------
String:
<xml><ToUserName><![CDATA[gh_339b357d6bcb]]></ToUserName>
<FromUserName><![CDATA[oq5x0uCZAxxqGDPNxUkC32xB4kaI]]></FromUserName>
<CreateTime>1464577850</CreateTime>
<MsgType><![CDATA[event]]></MsgType>
<Event><![CDATA[subscribe]]></Event>
<EventKey><![CDATA[]]></EventKey>
</xml>

2016-05-30 11:11:09 params :
------------
Array:
message : Array ;
module : ewei_vote ;
rule : 19 ;
priority : 0 ;
keyword : Array ;

2016-05-30 11:11:09 response :
------------
Array:
FromUserName : gh_339b357d6bcb ;
ToUserName : oq5x0uCZAxxqGDPNxUkC32xB4kaI ;
MsgType : news ;
ArticleCount : 1 ;
Articles : Array ;

2016-05-30 11:11:16 trace :
------------
String:
<xml><ToUserName><![CDATA[gh_d5c808a7666e]]></ToUserName>
<FromUserName><![CDATA[om_6jtwK1SqXYxH3qyYgABWGiCR4]]></FromUserName>
<CreateTime>1464577856</CreateTime>
<MsgType><![CDATA[event]]></MsgType>
<Event><![CDATA[VIEW]]></Event>
<EventKey><![CDATA[http://wqq.xyj0772.com/app/index.php?i=2&c=entry&eid=523]]></EventKey>
<MenuId>404113000</MenuId>
</xml>

2016-05-30 11:11:16 params :
------------
Array:
rule : -2 ;
module :  ;
message : Array ;

2016-05-30 11:11:16 response :
------------

2016-05-30 11:11:46 trace :
------------
String:
<xml><ToUserName><![CDATA[gh_d5c808a7666e]]></ToUserName>
<FromUserName><![CDATA[om_6jtwK1SqXYxH3qyYgABWGiCR4]]></FromUserName>
<CreateTime>1464577887</CreateTime>
<MsgType><![CDATA[event]]></MsgType>
<Event><![CDATA[VIEW]]></Event>
<EventKey><![CDATA[http://wqq.xyj0772.com/app/index.php?i=2&c=entry&eid=512]]></EventKey>
<MenuId>404113000</MenuId>
</xml>

2016-05-30 11:11:46 params :
------------
Array:
rule : -2 ;
module :  ;
message : Array ;

2016-05-30 11:11:46 response :
------------

2016-05-30 11:12:46 trace :
------------
String:
<xml><ToUserName><![CDATA[gh_d5c808a7666e]]></ToUserName>
<FromUserName><![CDATA[om_6jtwK1SqXYxH3qyYgABWGiCR4]]></FromUserName>
<CreateTime>1464577945</CreateTime>
<MsgType><![CDATA[event]]></MsgType>
<Event><![CDATA[VIEW]]></Event>
<EventKey><![CDATA[http://wqq.xyj0772.com/app/index.php?i=2&c=entry&method=register&p=commission&m=ewei_shop&do=plugin]]></EventKey>
<MenuId>404113000</MenuId>
</xml>

2016-05-30 11:12:46 params :
------------
Array:
rule : -2 ;
module :  ;
message : Array ;

2016-05-30 11:12:46 response :
------------

2016-05-30 11:14:40 trace :
------------
String:
<xml><ToUserName><![CDATA[gh_339b357d6bcb]]></ToUserName>
<FromUserName><![CDATA[oq5x0uD22Z4Ei5AFN1WO6pjoOltQ]]></FromUserName>
<CreateTime>1464578059</CreateTime>
<MsgType><![CDATA[event]]></MsgType>
<Event><![CDATA[subscribe]]></Event>
<EventKey><![CDATA[]]></EventKey>
</xml>

2016-05-30 11:14:40 params :
------------
Array:
message : Array ;
module : ewei_vote ;
rule : 19 ;
priority : 0 ;
keyword : Array ;

2016-05-30 11:14:40 response :
------------
Array:
FromUserName : gh_339b357d6bcb ;
ToUserName : oq5x0uD22Z4Ei5AFN1WO6pjoOltQ ;
MsgType : news ;
ArticleCount : 1 ;
Articles : Array ;

2016-05-30 11:19:12 trace :
------------
String:
<xml><ToUserName><![CDATA[gh_339b357d6bcb]]></ToUserName>
<FromUserName><![CDATA[oq5x0uHa3pe9mwTmkLiIN5fHXL90]]></FromUserName>
<CreateTime>1464578330</CreateTime>
<MsgType><![CDATA[event]]></MsgType>
<Event><![CDATA[subscribe]]></Event>
<EventKey><![CDATA[]]></EventKey>
</xml>

2016-05-30 11:19:12 params :
------------
Array:
message : Array ;
module : ewei_vote ;
rule : 19 ;
priority : 0 ;
keyword : Array ;

2016-05-30 11:19:12 response :
------------
Array:
FromUserName : gh_339b357d6bcb ;
ToUserName : oq5x0uHa3pe9mwTmkLiIN5fHXL90 ;
MsgType : news ;
ArticleCount : 1 ;
Articles : Array ;

2016-05-30 11:21:35 trace :
------------
String:
<xml><ToUserName><![CDATA[gh_371dfdf2ba7a]]></ToUserName>
<FromUserName><![CDATA[oe632wBY9kc04gHoHmG74_7NDCns]]></FromUserName>
<CreateTime>1464578471</CreateTime>
<MsgType><![CDATA[event]]></MsgType>
<Event><![CDATA[VIEW]]></Event>
<EventKey><![CDATA[http://wqq.xyj0772.com/app/index.php?i=2&j=2&c=entry&rid=20&do=photosvoteview&m=fm_photosvote&from=click]]></EventKey>
<MenuId>408121384</MenuId>
</xml>

2016-05-30 11:21:35 params :
------------
Array:
rule : -2 ;
module :  ;
message : Array ;

2016-05-30 11:21:35 response :
------------

2016-05-30 11:24:01 trace :
------------
String:
<xml><ToUserName><![CDATA[gh_371dfdf2ba7a]]></ToUserName>
<FromUserName><![CDATA[oe632wBY9kc04gHoHmG74_7NDCns]]></FromUserName>
<CreateTime>1464578616</CreateTime>
<MsgType><![CDATA[event]]></MsgType>
<Event><![CDATA[VIEW]]></Event>
<EventKey><![CDATA[http://wqq.xyj0772.com/app/index.php?i=2&j=2&c=entry&rid=20&do=photosvoteview&m=fm_photosvote&from=click]]></EventKey>
<MenuId>408121384</MenuId>
</xml>

2016-05-30 11:24:01 params :
------------
Array:
rule : -2 ;
module :  ;
message : Array ;

2016-05-30 11:24:01 response :
------------

2016-05-30 11:26:36 trace :
------------
String:
<xml><ToUserName><![CDATA[gh_339b357d6bcb]]></ToUserName>
<FromUserName><![CDATA[oq5x0uF44bFYqCh17481ghpPFDX8]]></FromUserName>
<CreateTime>1464578769</CreateTime>
<MsgType><![CDATA[event]]></MsgType>
<Event><![CDATA[subscribe]]></Event>
<EventKey><![CDATA[]]></EventKey>
</xml>

2016-05-30 11:26:36 params :
------------
Array:
message : Array ;
module : ewei_vote ;
rule : 19 ;
priority : 0 ;
keyword : Array ;

2016-05-30 11:26:36 response :
------------
Array:
FromUserName : gh_339b357d6bcb ;
ToUserName : oq5x0uF44bFYqCh17481ghpPFDX8 ;
MsgType : news ;
ArticleCount : 1 ;
Articles : Array ;

2016-05-30 11:38:12 trace :
------------
String:
<xml><ToUserName><![CDATA[gh_371dfdf2ba7a]]></ToUserName>
<FromUserName><![CDATA[oe632wBY9kc04gHoHmG74_7NDCns]]></FromUserName>
<CreateTime>1464579486</CreateTime>
<MsgType><![CDATA[event]]></MsgType>
<Event><![CDATA[VIEW]]></Event>
<EventKey><![CDATA[http://wqq.xyj0772.com/app/index.php?i=2&j=2&c=entry&rid=20&do=photosvoteview&m=fm_photosvote&from=click]]></EventKey>
<MenuId>408121384</MenuId>
</xml>

2016-05-30 11:38:12 params :
------------
Array:
rule : -2 ;
module :  ;
message : Array ;

2016-05-30 11:38:12 response :
------------

2016-05-30 13:47:05 trace :
------------
String:
<xml><ToUserName><![CDATA[gh_371dfdf2ba7a]]></ToUserName>
<FromUserName><![CDATA[oe632wMNbjwGwtZ7GeifVjhYZJGw]]></FromUserName>
<CreateTime>1464587218</CreateTime>
<MsgType><![CDATA[event]]></MsgType>
<Event><![CDATA[VIEW]]></Event>
<EventKey><![CDATA[http://dede.vlldoo.com/down_ser.aspx]]></EventKey>
<MenuId>408121384</MenuId>
</xml>

2016-05-30 13:47:05 params :
------------
Array:
rule : -2 ;
module :  ;
message : Array ;

2016-05-30 13:47:05 response :
------------

2016-05-30 14:12:40 trace :
------------
String:
<xml><ToUserName><![CDATA[gh_339b357d6bcb]]></ToUserName>
<FromUserName><![CDATA[oq5x0uPMafNxWizyDev01yo2TZ4U]]></FromUserName>
<CreateTime>1464588742</CreateTime>
<MsgType><![CDATA[event]]></MsgType>
<Event><![CDATA[subscribe]]></Event>
<EventKey><![CDATA[]]></EventKey>
</xml>

2016-05-30 14:12:40 params :
------------
Array:
message : Array ;
module : ewei_vote ;
rule : 19 ;
priority : 0 ;
keyword : Array ;

2016-05-30 14:12:40 response :
------------
Array:
FromUserName : gh_339b357d6bcb ;
ToUserName : oq5x0uPMafNxWizyDev01yo2TZ4U ;
MsgType : news ;
ArticleCount : 1 ;
Articles : Array ;

2016-05-30 14:38:38 trace :
------------
String:
<xml><ToUserName><![CDATA[gh_339b357d6bcb]]></ToUserName>
<FromUserName><![CDATA[oq5x0uJidQJTrCy0N8laqv9i0_pY]]></FromUserName>
<CreateTime>1464590314</CreateTime>
<MsgType><![CDATA[event]]></MsgType>
<Event><![CDATA[subscribe]]></Event>
<EventKey><![CDATA[]]></EventKey>
</xml>

2016-05-30 14:38:38 params :
------------
Array:
message : Array ;
module : ewei_vote ;
rule : 19 ;
priority : 0 ;
keyword : Array ;

2016-05-30 14:38:38 response :
------------
Array:
FromUserName : gh_339b357d6bcb ;
ToUserName : oq5x0uJidQJTrCy0N8laqv9i0_pY ;
MsgType : news ;
ArticleCount : 1 ;
Articles : Array ;

2016-05-30 14:48:01 trace :
------------
String:
<xml><ToUserName><![CDATA[gh_339b357d6bcb]]></ToUserName>
<FromUserName><![CDATA[oq5x0uErHgP1KDjmkf_clwcICiaw]]></FromUserName>
<CreateTime>1464590873</CreateTime>
<MsgType><![CDATA[event]]></MsgType>
<Event><![CDATA[subscribe]]></Event>
<EventKey><![CDATA[]]></EventKey>
</xml>

2016-05-30 14:48:01 params :
------------
Array:
message : Array ;
module : ewei_vote ;
rule : 19 ;
priority : 0 ;
keyword : Array ;

2016-05-30 14:48:01 response :
------------
Array:
FromUserName : gh_339b357d6bcb ;
ToUserName : oq5x0uErHgP1KDjmkf_clwcICiaw ;
MsgType : news ;
ArticleCount : 1 ;
Articles : Array ;

2016-05-30 15:22:49 trace :
------------
String:
<xml><ToUserName><![CDATA[gh_371dfdf2ba7a]]></ToUserName>
<FromUserName><![CDATA[oe632wNBRrJVg1N-WCOMQLAp65SY]]></FromUserName>
<CreateTime>1464592946</CreateTime>
<MsgType><![CDATA[event]]></MsgType>
<Event><![CDATA[VIEW]]></Event>
<EventKey><![CDATA[http://wqq.xyj0772.com/app/index.php?i=2&j=2&c=entry&rid=20&do=photosvoteview&m=fm_photosvote&from=click]]></EventKey>
<MenuId>408121384</MenuId>
</xml>

2016-05-30 15:22:49 params :
------------
Array:
rule : -2 ;
module :  ;
message : Array ;

2016-05-30 15:22:49 response :
------------

2016-05-30 15:27:55 trace :
------------
String:
<xml><ToUserName><![CDATA[gh_371dfdf2ba7a]]></ToUserName>
<FromUserName><![CDATA[oe632wMNbjwGwtZ7GeifVjhYZJGw]]></FromUserName>
<CreateTime>1464593274</CreateTime>
<MsgType><![CDATA[event]]></MsgType>
<Event><![CDATA[VIEW]]></Event>
<EventKey><![CDATA[http://dede.vlldoo.com/down_ser.aspx]]></EventKey>
<MenuId>408121384</MenuId>
</xml>

2016-05-30 15:27:55 params :
------------
Array:
rule : -2 ;
module :  ;
message : Array ;

2016-05-30 15:27:55 response :
------------

2016-05-30 15:38:38 trace :
------------
String:
<xml><ToUserName><![CDATA[gh_371dfdf2ba7a]]></ToUserName>
<FromUserName><![CDATA[oe632wPPtg4jC2cXkUiV85qn6hVA]]></FromUserName>
<CreateTime>1464593914</CreateTime>
<MsgType><![CDATA[event]]></MsgType>
<Event><![CDATA[subscribe]]></Event>
<EventKey><![CDATA[]]></EventKey>
</xml>

2016-05-30 15:38:38 params :
------------
Array:
rule : -2 ;
module :  ;
message : Array ;

2016-05-30 15:38:38 response :
------------

2016-05-30 15:51:58 trace :
------------
String:
<xml><ToUserName><![CDATA[gh_371dfdf2ba7a]]></ToUserName>
<FromUserName><![CDATA[oe632wKuZzefN58OyN0ph9RJiLNw]]></FromUserName>
<CreateTime>1464594703</CreateTime>
<MsgType><![CDATA[event]]></MsgType>
<Event><![CDATA[VIEW]]></Event>
<EventKey><![CDATA[http://wqq.xyj0772.com/app/index.php?i=2&j=2&c=entry&rid=20&do=photosvoteview&m=fm_photosvote&from=click]]></EventKey>
<MenuId>408121384</MenuId>
</xml>

2016-05-30 15:51:58 params :
------------
Array:
rule : -2 ;
module :  ;
message : Array ;

2016-05-30 15:51:58 response :
------------

2016-05-30 16:01:41 trace :
------------
String:
<xml><ToUserName><![CDATA[gh_371dfdf2ba7a]]></ToUserName>
<FromUserName><![CDATA[oe632wPPtg4jC2cXkUiV85qn6hVA]]></FromUserName>
<CreateTime>1464595272</CreateTime>
<MsgType><![CDATA[event]]></MsgType>
<Event><![CDATA[VIEW]]></Event>
<EventKey><![CDATA[http://dede.vlldoo.com/down_ser.aspx]]></EventKey>
<MenuId>408121384</MenuId>
</xml>

2016-05-30 16:01:41 params :
------------
Array:
rule : -2 ;
module :  ;
message : Array ;

2016-05-30 16:01:41 response :
------------

2016-05-30 16:21:08 trace :
------------
String:
<xml><ToUserName><![CDATA[gh_339b357d6bcb]]></ToUserName>
<FromUserName><![CDATA[oq5x0uLo1NbUIcrvs7F2WCdAoA6k]]></FromUserName>
<CreateTime>1464596415</CreateTime>
<MsgType><![CDATA[event]]></MsgType>
<Event><![CDATA[subscribe]]></Event>
<EventKey><![CDATA[]]></EventKey>
</xml>

2016-05-30 16:21:08 params :
------------
Array:
message : Array ;
module : ewei_vote ;
rule : 19 ;
priority : 0 ;
keyword : Array ;

2016-05-30 16:21:08 response :
------------
Array:
FromUserName : gh_339b357d6bcb ;
ToUserName : oq5x0uLo1NbUIcrvs7F2WCdAoA6k ;
MsgType : news ;
ArticleCount : 1 ;
Articles : Array ;

2016-05-30 17:21:29 trace :
------------
String:
<xml><ToUserName><![CDATA[gh_339b357d6bcb]]></ToUserName>
<FromUserName><![CDATA[oq5x0uBbZ6q8zX0V--mzmzaBoXhA]]></FromUserName>
<CreateTime>1464600083</CreateTime>
<MsgType><![CDATA[event]]></MsgType>
<Event><![CDATA[subscribe]]></Event>
<EventKey><![CDATA[]]></EventKey>
</xml>

2016-05-30 17:21:29 params :
------------
Array:
message : Array ;
module : ewei_vote ;
rule : 19 ;
priority : 0 ;
keyword : Array ;

2016-05-30 17:21:29 response :
------------
Array:
FromUserName : gh_339b357d6bcb ;
ToUserName : oq5x0uBbZ6q8zX0V--mzmzaBoXhA ;
MsgType : news ;
ArticleCount : 1 ;
Articles : Array ;

2016-05-30 17:26:48 trace :
------------
String:
<xml><ToUserName><![CDATA[gh_371dfdf2ba7a]]></ToUserName>
<FromUserName><![CDATA[oe632wKuZzefN58OyN0ph9RJiLNw]]></FromUserName>
<CreateTime>1464600406</CreateTime>
<MsgType><![CDATA[event]]></MsgType>
<Event><![CDATA[VIEW]]></Event>
<EventKey><![CDATA[http://wqq.xyj0772.com/app/index.php?i=2&j=2&c=entry&rid=20&do=photosvoteview&m=fm_photosvote&from=click]]></EventKey>
<MenuId>408121384</MenuId>
</xml>

2016-05-30 17:26:48 params :
------------
Array:
rule : -2 ;
module :  ;
message : Array ;

2016-05-30 17:26:48 response :
------------

2016-05-30 17:49:56 trace :
------------
String:
<xml><ToUserName><![CDATA[gh_371dfdf2ba7a]]></ToUserName>
<FromUserName><![CDATA[oe632wKuZzefN58OyN0ph9RJiLNw]]></FromUserName>
<CreateTime>1464601781</CreateTime>
<MsgType><![CDATA[event]]></MsgType>
<Event><![CDATA[VIEW]]></Event>
<EventKey><![CDATA[http://wqq.xyj0772.com/app/index.php?i=2&j=2&c=entry&rid=20&do=photosvoteview&m=fm_photosvote&from=click]]></EventKey>
<MenuId>408121384</MenuId>
</xml>

2016-05-30 17:49:56 params :
------------
Array:
rule : -2 ;
module :  ;
message : Array ;

2016-05-30 17:49:56 response :
------------

2016-05-30 17:56:41 trace :
------------
String:
<xml><ToUserName><![CDATA[gh_339b357d6bcb]]></ToUserName>
<FromUserName><![CDATA[oq5x0uGXv4tz3kViusnSK_7WC0S4]]></FromUserName>
<CreateTime>1464602182</CreateTime>
<MsgType><![CDATA[event]]></MsgType>
<Event><![CDATA[subscribe]]></Event>
<EventKey><![CDATA[]]></EventKey>
</xml>

2016-05-30 17:56:41 params :
------------
Array:
message : Array ;
module : ewei_vote ;
rule : 19 ;
priority : 0 ;
keyword : Array ;

2016-05-30 17:56:41 response :
------------
Array:
FromUserName : gh_339b357d6bcb ;
ToUserName : oq5x0uGXv4tz3kViusnSK_7WC0S4 ;
MsgType : news ;
ArticleCount : 1 ;
Articles : Array ;

2016-05-30 19:16:18 trace :
------------
String:
<xml><ToUserName><![CDATA[gh_339b357d6bcb]]></ToUserName>
<FromUserName><![CDATA[oq5x0uAnQwTzid4EEDSWqqbDqSAU]]></FromUserName>
<CreateTime>1464606959</CreateTime>
<MsgType><![CDATA[event]]></MsgType>
<Event><![CDATA[subscribe]]></Event>
<EventKey><![CDATA[]]></EventKey>
</xml>

2016-05-30 19:16:18 params :
------------
Array:
message : Array ;
module : ewei_vote ;
rule : 19 ;
priority : 0 ;
keyword : Array ;

2016-05-30 19:16:18 response :
------------
Array:
FromUserName : gh_339b357d6bcb ;
ToUserName : oq5x0uAnQwTzid4EEDSWqqbDqSAU ;
MsgType : news ;
ArticleCount : 1 ;
Articles : Array ;

2016-05-30 21:12:52 trace :
------------
String:
<xml><ToUserName><![CDATA[gh_371dfdf2ba7a]]></ToUserName>
<FromUserName><![CDATA[oe632wFU4LbSPVwWFKFeOkdzb6Hw]]></FromUserName>
<CreateTime>1464613958</CreateTime>
<MsgType><![CDATA[event]]></MsgType>
<Event><![CDATA[subscribe]]></Event>
<EventKey><![CDATA[]]></EventKey>
</xml>

2016-05-30 21:12:52 params :
------------
Array:
rule : -2 ;
module :  ;
message : Array ;

2016-05-30 21:12:52 response :
------------

2016-05-30 22:46:23 trace :
------------
String:
<xml><ToUserName><![CDATA[gh_339b357d6bcb]]></ToUserName>
<FromUserName><![CDATA[oq5x0uK2h6oRpG9vN7JxbEz15J7U]]></FromUserName>
<CreateTime>1464619568</CreateTime>
<MsgType><![CDATA[event]]></MsgType>
<Event><![CDATA[subscribe]]></Event>
<EventKey><![CDATA[]]></EventKey>
</xml>

2016-05-30 22:46:23 params :
------------
Array:
message : Array ;
module : ewei_vote ;
rule : 19 ;
priority : 0 ;
keyword : Array ;

2016-05-30 22:46:23 response :
------------
Array:
FromUserName : gh_339b357d6bcb ;
ToUserName : oq5x0uK2h6oRpG9vN7JxbEz15J7U ;
MsgType : news ;
ArticleCount : 1 ;
Articles : Array ;

2016-05-30 23:02:24 trace :
------------
String:
<xml><ToUserName><![CDATA[gh_371dfdf2ba7a]]></ToUserName>
<FromUserName><![CDATA[oe632wOQD3Wz8vQC7QYpwYCL4G5Y]]></FromUserName>
<CreateTime>1464620523</CreateTime>
<MsgType><![CDATA[event]]></MsgType>
<Event><![CDATA[VIEW]]></Event>
<EventKey><![CDATA[http://wqq.xyj0772.com/app/index.php?i=2&j=2&c=entry&rid=20&do=photosvoteview&m=fm_photosvote&from=click]]></EventKey>
<MenuId>408121384</MenuId>
</xml>

2016-05-30 23:02:24 params :
------------
Array:
rule : -2 ;
module :  ;
message : Array ;

2016-05-30 23:02:24 response :
------------

2016-05-30 23:02:55 trace :
------------
String:
<xml><ToUserName><![CDATA[gh_371dfdf2ba7a]]></ToUserName>
<FromUserName><![CDATA[oe632wOQD3Wz8vQC7QYpwYCL4G5Y]]></FromUserName>
<CreateTime>1464620554</CreateTime>
<MsgType><![CDATA[event]]></MsgType>
<Event><![CDATA[VIEW]]></Event>
<EventKey><![CDATA[http://wqq.xyj0772.com/app/index.php?i=2&j=2&c=entry&rid=20&do=photosvoteview&m=fm_photosvote&from=click]]></EventKey>
<MenuId>408121384</MenuId>
</xml>

2016-05-30 23:02:55 params :
------------
Array:
rule : -2 ;
module :  ;
message : Array ;

2016-05-30 23:02:55 response :
------------

2016-05-30 23:03:01 trace :
------------
String:
<xml><ToUserName><![CDATA[gh_371dfdf2ba7a]]></ToUserName>
<FromUserName><![CDATA[oe632wOQD3Wz8vQC7QYpwYCL4G5Y]]></FromUserName>
<CreateTime>1464620560</CreateTime>
<MsgType><![CDATA[event]]></MsgType>
<Event><![CDATA[VIEW]]></Event>
<EventKey><![CDATA[http://wqq.xyj0772.com/app/index.php?i=4&c=mc&]]></EventKey>
<MenuId>408121384</MenuId>
</xml>

2016-05-30 23:03:01 params :
------------
Array:
rule : -2 ;
module :  ;
message : Array ;

2016-05-30 23:03:01 response :
------------

2016-05-30 23:03:05 trace :
------------
String:
<xml><ToUserName><![CDATA[gh_371dfdf2ba7a]]></ToUserName>
<FromUserName><![CDATA[oe632wOQD3Wz8vQC7QYpwYCL4G5Y]]></FromUserName>
<CreateTime>1464620563</CreateTime>
<MsgType><![CDATA[event]]></MsgType>
<Event><![CDATA[VIEW]]></Event>
<EventKey><![CDATA[http://wqq.xyj0772.com/app/index.php?i=2&j=2&c=entry&rid=20&do=photosvoteview&m=fm_photosvote&from=click]]></EventKey>
<MenuId>408121384</MenuId>
</xml>

2016-05-30 23:03:05 params :
------------
Array:
rule : -2 ;
module :  ;
message : Array ;

2016-05-30 23:03:05 response :
------------

2016-05-30 23:44:48 trace :
------------
String:
<xml><ToUserName><![CDATA[gh_339b357d6bcb]]></ToUserName>
<FromUserName><![CDATA[oq5x0uN32C0NYu-2w6ZQDypKK3YI]]></FromUserName>
<CreateTime>1464623082</CreateTime>
<MsgType><![CDATA[event]]></MsgType>
<Event><![CDATA[subscribe]]></Event>
<EventKey><![CDATA[]]></EventKey>
</xml>

2016-05-30 23:44:48 params :
------------
Array:
message : Array ;
module : ewei_vote ;
rule : 19 ;
priority : 0 ;
keyword : Array ;

2016-05-30 23:44:48 response :
------------
Array:
FromUserName : gh_339b357d6bcb ;
ToUserName : oq5x0uN32C0NYu-2w6ZQDypKK3YI ;
MsgType : news ;
ArticleCount : 1 ;
Articles : Array ;

2016-05-30 23:58:57 trace :
------------
String:
<xml><ToUserName><![CDATA[gh_339b357d6bcb]]></ToUserName>
<FromUserName><![CDATA[oq5x0uCCU5avBnpy1Eo5eF41Q8ec]]></FromUserName>
<CreateTime>1464623928</CreateTime>
<MsgType><![CDATA[event]]></MsgType>
<Event><![CDATA[subscribe]]></Event>
<EventKey><![CDATA[]]></EventKey>
</xml>

2016-05-30 23:58:57 params :
------------
Array:
message : Array ;
module : ewei_vote ;
rule : 19 ;
priority : 0 ;
keyword : Array ;

2016-05-30 23:58:57 response :
------------
Array:
FromUserName : gh_339b357d6bcb ;
ToUserName : oq5x0uCCU5avBnpy1Eo5eF41Q8ec ;
MsgType : news ;
ArticleCount : 1 ;
Articles : Array ;

2016-05-30 23:59:03 trace :
------------
String:
<xml><ToUserName><![CDATA[gh_339b357d6bcb]]></ToUserName>
<FromUserName><![CDATA[oq5x0uCCU5avBnpy1Eo5eF41Q8ec]]></FromUserName>
<CreateTime>1464623934</CreateTime>
<MsgType><![CDATA[text]]></MsgType>
<Content><![CDATA[ç«žçŒœ]]></Content>
<MsgId>6290511897875053614</MsgId>
</xml>

2016-05-30 23:59:03 params :
------------
Array:
message : Array ;
module : ewei_vote ;
rule : 19 ;
priority : 0 ;
keyword : Array ;

2016-05-30 23:59:03 response :
------------
Array:
FromUserName : gh_339b357d6bcb ;
ToUserName : oq5x0uCCU5avBnpy1Eo5eF41Q8ec ;
MsgType : news ;
ArticleCount : 1 ;
Articles : Array ;

