2016-05-27 10:32:16 trace :
------------
String:
<xml><ToUserName><![CDATA[gh_d5c808a7666e]]></ToUserName>
<FromUserName><![CDATA[om_6jt2KN5m2a7PN8LYPB54R85zI]]></FromUserName>
<CreateTime>1464316334</CreateTime>
<MsgType><![CDATA[event]]></MsgType>
<Event><![CDATA[subscribe]]></Event>
<EventKey><![CDATA[]]></EventKey>
</xml>

2016-05-27 10:32:16 params :
------------
Array:
rule : -2 ;
module :  ;
message : Array ;

2016-05-27 10:32:16 response :
------------

2016-05-27 10:32:28 trace :
------------
String:
<xml><ToUserName><![CDATA[gh_d5c808a7666e]]></ToUserName>
<FromUserName><![CDATA[om_6jt2KN5m2a7PN8LYPB54R85zI]]></FromUserName>
<CreateTime>1464316346</CreateTime>
<MsgType><![CDATA[text]]></MsgType>
<Content><![CDATA[投票]]></Content>
<MsgId>6289190817472333791</MsgId>
</xml>

2016-05-27 10:32:28 params :
------------
Array:
message : Array ;
module : fm_photosvote ;
rule : 20 ;
priority : 0 ;
keyword : Array ;

2016-05-27 10:32:28 response :
------------
Array:
FromUserName : gh_d5c808a7666e ;
ToUserName : om_6jt2KN5m2a7PN8LYPB54R85zI ;
MsgType : news ;
ArticleCount : 1 ;
Articles : Array ;

2016-05-27 10:34:35 trace :
------------
String:
<xml><ToUserName><![CDATA[gh_d5c808a7666e]]></ToUserName>
<FromUserName><![CDATA[om_6jt68FHP9JSRivKAKrExErDEo]]></FromUserName>
<CreateTime>1464316473</CreateTime>
<MsgType><![CDATA[event]]></MsgType>
<Event><![CDATA[LOCATION]]></Event>
<Latitude>24.307711</Latitude>
<Longitude>109.403015</Longitude>
<Precision>40.000000</Precision>
</xml>

2016-05-27 10:34:35 params :
------------
Array:
message : Array ;
module : default ;
rule : -1 ;

2016-05-27 10:34:35 response :
------------
Array:
errno : -1 ;
message : Invaild value ;

2016-05-27 10:34:58 trace :
------------
String:
<xml><ToUserName><![CDATA[gh_d5c808a7666e]]></ToUserName>
<FromUserName><![CDATA[om_6jt68FHP9JSRivKAKrExErDEo]]></FromUserName>
<CreateTime>1464316496</CreateTime>
<MsgType><![CDATA[text]]></MsgType>
<Content><![CDATA[投票]]></Content>
<MsgId>6289191461717428193</MsgId>
</xml>

2016-05-27 10:34:58 params :
------------
Array:
message : Array ;
module : fm_photosvote ;
rule : 20 ;
priority : 0 ;
keyword : Array ;

2016-05-27 10:34:58 response :
------------
Array:
FromUserName : gh_d5c808a7666e ;
ToUserName : om_6jt68FHP9JSRivKAKrExErDEo ;
MsgType : news ;
ArticleCount : 1 ;
Articles : Array ;

2016-05-27 10:36:34 trace :
------------
String:
<xml><ToUserName><![CDATA[gh_d5c808a7666e]]></ToUserName>
<FromUserName><![CDATA[om_6jt68FHP9JSRivKAKrExErDEo]]></FromUserName>
<CreateTime>1464316592</CreateTime>
<MsgType><![CDATA[event]]></MsgType>
<Event><![CDATA[LOCATION]]></Event>
<Latitude>24.307659</Latitude>
<Longitude>109.403168</Longitude>
<Precision>40.000000</Precision>
</xml>

2016-05-27 10:36:34 params :
------------
Array:
message : Array ;
module : default ;
rule : -1 ;

2016-05-27 10:36:34 response :
------------
Array:
errno : -1 ;
message : Invaild value ;

2016-05-27 14:51:20 trace :
------------
String:
<xml><ToUserName><![CDATA[gh_371dfdf2ba7a]]></ToUserName>
<FromUserName><![CDATA[oe632wNBRrJVg1N-WCOMQLAp65SY]]></FromUserName>
<CreateTime>1464331879</CreateTime>
<MsgType><![CDATA[event]]></MsgType>
<Event><![CDATA[VIEW]]></Event>
<EventKey><![CDATA[http://wqq.xyj0772.com/app/index.php?i=4&c=entry&eid=157]]></EventKey>
<MenuId>408106322</MenuId>
</xml>

2016-05-27 14:51:20 params :
------------
Array:
rule : -2 ;
module :  ;
message : Array ;

2016-05-27 14:51:20 response :
------------

2016-05-27 14:51:32 trace :
------------
String:
<xml><ToUserName><![CDATA[gh_371dfdf2ba7a]]></ToUserName>
<FromUserName><![CDATA[oe632wNBRrJVg1N-WCOMQLAp65SY]]></FromUserName>
<CreateTime>1464331891</CreateTime>
<MsgType><![CDATA[event]]></MsgType>
<Event><![CDATA[CLICK]]></Event>
<EventKey><![CDATA[投票]]></EventKey>
</xml>

2016-05-27 14:51:32 params :
------------
Array:
rule : -2 ;
module :  ;
message : Array ;

2016-05-27 14:51:32 response :
------------

2016-05-27 14:51:53 trace :
------------
String:
<xml><ToUserName><![CDATA[gh_371dfdf2ba7a]]></ToUserName>
<FromUserName><![CDATA[oe632wNBRrJVg1N-WCOMQLAp65SY]]></FromUserName>
<CreateTime>1464331912</CreateTime>
<MsgType><![CDATA[event]]></MsgType>
<Event><![CDATA[VIEW]]></Event>
<EventKey><![CDATA[http://wqq.xyj0772.com/app/index.php?i=4&c=mc&a=bond&do=mycard&]]></EventKey>
<MenuId>408106322</MenuId>
</xml>

2016-05-27 14:51:53 params :
------------
Array:
rule : -2 ;
module :  ;
message : Array ;

2016-05-27 14:51:53 response :
------------

2016-05-27 14:52:01 trace :
------------
String:
<xml><ToUserName><![CDATA[gh_371dfdf2ba7a]]></ToUserName>
<FromUserName><![CDATA[oe632wNBRrJVg1N-WCOMQLAp65SY]]></FromUserName>
<CreateTime>1464331920</CreateTime>
<MsgType><![CDATA[event]]></MsgType>
<Event><![CDATA[CLICK]]></Event>
<EventKey><![CDATA[投票]]></EventKey>
</xml>

2016-05-27 14:52:01 params :
------------
Array:
rule : -2 ;
module :  ;
message : Array ;

2016-05-27 14:52:01 response :
------------

2016-05-27 16:13:28 trace :
------------
String:
<xml><ToUserName><![CDATA[gh_339b357d6bcb]]></ToUserName>
<FromUserName><![CDATA[oq5x0uDYtcYjXKCDfofXy5nBMgY8]]></FromUserName>
<CreateTime>1464336806</CreateTime>
<MsgType><![CDATA[event]]></MsgType>
<Event><![CDATA[subscribe]]></Event>
<EventKey><![CDATA[]]></EventKey>
</xml>

2016-05-27 16:13:28 params :
------------
Array:
message : Array ;
module : ewei_vote ;
rule : 19 ;
priority : 0 ;
keyword : Array ;

2016-05-27 16:13:28 response :
------------
Array:
FromUserName : gh_339b357d6bcb ;
ToUserName : oq5x0uDYtcYjXKCDfofXy5nBMgY8 ;
MsgType : news ;
ArticleCount : 1 ;
Articles : Array ;

2016-05-27 16:13:32 trace :
------------
String:
<xml><ToUserName><![CDATA[gh_339b357d6bcb]]></ToUserName>
<FromUserName><![CDATA[oq5x0uGYyH4J8cLcJgfnQcNZ9yss]]></FromUserName>
<CreateTime>1464336810</CreateTime>
<MsgType><![CDATA[event]]></MsgType>
<Event><![CDATA[subscribe]]></Event>
<EventKey><![CDATA[]]></EventKey>
</xml>

2016-05-27 16:13:32 params :
------------
Array:
message : Array ;
module : ewei_vote ;
rule : 19 ;
priority : 0 ;
keyword : Array ;

2016-05-27 16:13:32 response :
------------
Array:
FromUserName : gh_339b357d6bcb ;
ToUserName : oq5x0uGYyH4J8cLcJgfnQcNZ9yss ;
MsgType : news ;
ArticleCount : 1 ;
Articles : Array ;

2016-05-27 16:47:41 trace :
------------
String:
<xml><ToUserName><![CDATA[gh_339b357d6bcb]]></ToUserName>
<FromUserName><![CDATA[oq5x0uLOKOoDmpIMZqW-oGSKUGOw]]></FromUserName>
<CreateTime>1464338860</CreateTime>
<MsgType><![CDATA[event]]></MsgType>
<Event><![CDATA[subscribe]]></Event>
<EventKey><![CDATA[]]></EventKey>
</xml>

2016-05-27 16:47:41 params :
------------
Array:
message : Array ;
module : ewei_vote ;
rule : 19 ;
priority : 0 ;
keyword : Array ;

2016-05-27 16:47:41 response :
------------
Array:
FromUserName : gh_339b357d6bcb ;
ToUserName : oq5x0uLOKOoDmpIMZqW-oGSKUGOw ;
MsgType : news ;
ArticleCount : 1 ;
Articles : Array ;

2016-05-27 17:09:08 trace :
------------
String:
<xml><ToUserName><![CDATA[gh_339b357d6bcb]]></ToUserName>
<FromUserName><![CDATA[oq5x0uL8AjCzvOoigYpEJVwbWpyc]]></FromUserName>
<CreateTime>1464340146</CreateTime>
<MsgType><![CDATA[event]]></MsgType>
<Event><![CDATA[unsubscribe]]></Event>
<EventKey><![CDATA[]]></EventKey>
</xml>

2016-05-27 18:29:02 trace :
------------
String:
<xml><ToUserName><![CDATA[gh_339b357d6bcb]]></ToUserName>
<FromUserName><![CDATA[oq5x0uDOB9HU155uGF88MH1EGvqA]]></FromUserName>
<CreateTime>1464344920</CreateTime>
<MsgType><![CDATA[text]]></MsgType>
<Content><![CDATA[竞猜]]></Content>
<MsgId>6289313541869862333</MsgId>
</xml>

2016-05-27 18:29:02 params :
------------
Array:
message : Array ;
module : ewei_vote ;
rule : 19 ;
priority : 0 ;
keyword : Array ;

2016-05-27 18:29:02 response :
------------
Array:
FromUserName : gh_339b357d6bcb ;
ToUserName : oq5x0uDOB9HU155uGF88MH1EGvqA ;
MsgType : news ;
ArticleCount : 1 ;
Articles : Array ;

2016-05-27 18:36:06 trace :
------------
String:
<xml><ToUserName><![CDATA[gh_339b357d6bcb]]></ToUserName>
<FromUserName><![CDATA[oq5x0uAWRDOO-xi9mD4EOSYjr0-c]]></FromUserName>
<CreateTime>1464345343</CreateTime>
<MsgType><![CDATA[event]]></MsgType>
<Event><![CDATA[unsubscribe]]></Event>
<EventKey><![CDATA[]]></EventKey>
</xml>

2016-05-27 20:42:13 trace :
------------
String:
<xml><ToUserName><![CDATA[gh_339b357d6bcb]]></ToUserName>
<FromUserName><![CDATA[oq5x0uOVQKG6KyZgF19uyKv-fRZM]]></FromUserName>
<CreateTime>1464352932</CreateTime>
<MsgType><![CDATA[event]]></MsgType>
<Event><![CDATA[unsubscribe]]></Event>
<EventKey><![CDATA[]]></EventKey>
</xml>

2016-05-27 20:43:57 trace :
------------
String:
<xml><ToUserName><![CDATA[gh_371dfdf2ba7a]]></ToUserName>
<FromUserName><![CDATA[oe632wNBRrJVg1N-WCOMQLAp65SY]]></FromUserName>
<CreateTime>1464353036</CreateTime>
<MsgType><![CDATA[event]]></MsgType>
<Event><![CDATA[CLICK]]></Event>
<EventKey><![CDATA[投票]]></EventKey>
</xml>

2016-05-27 20:43:57 params :
------------
Array:
rule : -2 ;
module :  ;
message : Array ;

2016-05-27 20:43:57 response :
------------

2016-05-27 20:44:02 trace :
------------
String:
<xml><ToUserName><![CDATA[gh_371dfdf2ba7a]]></ToUserName>
<FromUserName><![CDATA[oe632wNBRrJVg1N-WCOMQLAp65SY]]></FromUserName>
<CreateTime>1464353042</CreateTime>
<MsgType><![CDATA[event]]></MsgType>
<Event><![CDATA[VIEW]]></Event>
<EventKey><![CDATA[http://wqq.xyj0772.com/app/index.php?i=4&c=entry&eid=157]]></EventKey>
<MenuId>408106322</MenuId>
</xml>

2016-05-27 20:44:02 params :
------------
Array:
rule : -2 ;
module :  ;
message : Array ;

2016-05-27 20:44:02 response :
------------

2016-05-27 20:44:09 trace :
------------
String:
<xml><ToUserName><![CDATA[gh_371dfdf2ba7a]]></ToUserName>
<FromUserName><![CDATA[oe632wNBRrJVg1N-WCOMQLAp65SY]]></FromUserName>
<CreateTime>1464353048</CreateTime>
<MsgType><![CDATA[event]]></MsgType>
<Event><![CDATA[VIEW]]></Event>
<EventKey><![CDATA[http://wqq.xyj0772.com/app/index.php?i=4&c=mc&a=bond&do=mycard&]]></EventKey>
<MenuId>408106322</MenuId>
</xml>

2016-05-27 20:44:09 params :
------------
Array:
rule : -2 ;
module :  ;
message : Array ;

2016-05-27 20:44:09 response :
------------

2016-05-27 20:44:22 trace :
------------
String:
<xml><ToUserName><![CDATA[gh_371dfdf2ba7a]]></ToUserName>
<FromUserName><![CDATA[oe632wOQD3Wz8vQC7QYpwYCL4G5Y]]></FromUserName>
<CreateTime>1464353061</CreateTime>
<MsgType><![CDATA[event]]></MsgType>
<Event><![CDATA[CLICK]]></Event>
<EventKey><![CDATA[投票]]></EventKey>
</xml>

2016-05-27 20:44:22 params :
------------
Array:
rule : -2 ;
module :  ;
message : Array ;

2016-05-27 20:44:22 response :
------------

2016-05-27 20:44:45 trace :
------------
String:
<xml><ToUserName><![CDATA[gh_371dfdf2ba7a]]></ToUserName>
<FromUserName><![CDATA[oe632wOQD3Wz8vQC7QYpwYCL4G5Y]]></FromUserName>
<CreateTime>1464353085</CreateTime>
<MsgType><![CDATA[event]]></MsgType>
<Event><![CDATA[VIEW]]></Event>
<EventKey><![CDATA[http://wqq.xyj0772.com/app/index.php?i=4&c=mc&a=bond&do=mycard&]]></EventKey>
<MenuId>408106322</MenuId>
</xml>

2016-05-27 20:44:45 params :
------------
Array:
rule : -2 ;
module :  ;
message : Array ;

2016-05-27 20:44:45 response :
------------

2016-05-27 20:44:59 trace :
------------
String:
<xml><ToUserName><![CDATA[gh_371dfdf2ba7a]]></ToUserName>
<FromUserName><![CDATA[oe632wOQD3Wz8vQC7QYpwYCL4G5Y]]></FromUserName>
<CreateTime>1464353099</CreateTime>
<MsgType><![CDATA[event]]></MsgType>
<Event><![CDATA[VIEW]]></Event>
<EventKey><![CDATA[http://wqq.xyj0772.com/app/index.php?i=4&c=entry&eid=157]]></EventKey>
<MenuId>408106322</MenuId>
</xml>

2016-05-27 20:44:59 params :
------------
Array:
rule : -2 ;
module :  ;
message : Array ;

2016-05-27 20:44:59 response :
------------

2016-05-27 20:45:20 trace :
------------
String:
<xml><ToUserName><![CDATA[gh_371dfdf2ba7a]]></ToUserName>
<FromUserName><![CDATA[oe632wOQD3Wz8vQC7QYpwYCL4G5Y]]></FromUserName>
<CreateTime>1464353120</CreateTime>
<MsgType><![CDATA[event]]></MsgType>
<Event><![CDATA[CLICK]]></Event>
<EventKey><![CDATA[投票]]></EventKey>
</xml>

2016-05-27 20:45:20 params :
------------
Array:
rule : -2 ;
module :  ;
message : Array ;

2016-05-27 20:45:20 response :
------------

2016-05-27 22:52:17 trace :
------------
String:
<xml><ToUserName><![CDATA[gh_371dfdf2ba7a]]></ToUserName>
<FromUserName><![CDATA[oe632wPzuB4I7QJ7MWCwozYwbGCw]]></FromUserName>
<CreateTime>1464360736</CreateTime>
<MsgType><![CDATA[event]]></MsgType>
<Event><![CDATA[CLICK]]></Event>
<EventKey><![CDATA[投票]]></EventKey>
</xml>

2016-05-27 22:52:17 params :
------------
Array:
rule : -2 ;
module :  ;
message : Array ;

2016-05-27 22:52:17 response :
------------

2016-05-27 22:52:25 trace :
------------
String:
<xml><ToUserName><![CDATA[gh_371dfdf2ba7a]]></ToUserName>
<FromUserName><![CDATA[oe632wPzuB4I7QJ7MWCwozYwbGCw]]></FromUserName>
<CreateTime>1464360745</CreateTime>
<MsgType><![CDATA[event]]></MsgType>
<Event><![CDATA[CLICK]]></Event>
<EventKey><![CDATA[投票]]></EventKey>
</xml>

2016-05-27 22:52:25 params :
------------
Array:
rule : -2 ;
module :  ;
message : Array ;

2016-05-27 22:52:25 response :
------------

2016-05-27 22:52:38 trace :
------------
String:
<xml><ToUserName><![CDATA[gh_371dfdf2ba7a]]></ToUserName>
<FromUserName><![CDATA[oe632wPzuB4I7QJ7MWCwozYwbGCw]]></FromUserName>
<CreateTime>1464360758</CreateTime>
<MsgType><![CDATA[event]]></MsgType>
<Event><![CDATA[CLICK]]></Event>
<EventKey><![CDATA[投票]]></EventKey>
</xml>

2016-05-27 22:52:38 params :
------------
Array:
rule : -2 ;
module :  ;
message : Array ;

2016-05-27 22:52:38 response :
------------

2016-05-27 22:52:58 trace :
------------
String:
<xml><ToUserName><![CDATA[gh_371dfdf2ba7a]]></ToUserName>
<FromUserName><![CDATA[oe632wPzuB4I7QJ7MWCwozYwbGCw]]></FromUserName>
<CreateTime>1464360777</CreateTime>
<MsgType><![CDATA[event]]></MsgType>
<Event><![CDATA[VIEW]]></Event>
<EventKey><![CDATA[http://wqq.xyj0772.com/app/index.php?i=4&c=mc&a=bond&do=mycard&]]></EventKey>
<MenuId>408106322</MenuId>
</xml>

2016-05-27 22:52:58 params :
------------
Array:
rule : -2 ;
module :  ;
message : Array ;

2016-05-27 22:52:58 response :
------------

