2016-05-15 16:20:47 trace :
------------
String:
<xml><ToUserName><![CDATA[gh_d5c808a7666e]]></ToUserName>
<FromUserName><![CDATA[om_6jt_kZYT_nceeo_9SR1k1fqls]]></FromUserName>
<CreateTime>1463300443</CreateTime>
<MsgType><![CDATA[event]]></MsgType>
<Event><![CDATA[VIEW]]></Event>
<EventKey><![CDATA[http://wqq.xyj0772.com/app/index.php?i=2&c=entry&eid=512]]></EventKey>
<MenuId>404104272</MenuId>
</xml>

2016-05-15 16:20:47 params :
------------
Array:
rule : -2 ;
module :  ;
message : Array ;

2016-05-15 16:20:47 response :
------------

2016-05-15 16:33:38 trace :
------------
String:
<xml><ToUserName><![CDATA[gh_d5c808a7666e]]></ToUserName>
<FromUserName><![CDATA[om_6jt_kZYT_nceeo_9SR1k1fqls]]></FromUserName>
<CreateTime>1463301214</CreateTime>
<MsgType><![CDATA[event]]></MsgType>
<Event><![CDATA[VIEW]]></Event>
<EventKey><![CDATA[http://wqq.xyj0772.com/app/index.php?i=2&c=entry&eid=512]]></EventKey>
<MenuId>404104272</MenuId>
</xml>

2016-05-15 16:33:38 params :
------------
Array:
rule : -2 ;
module :  ;
message : Array ;

2016-05-15 16:33:38 response :
------------

2016-05-15 16:34:01 trace :
------------
String:
<xml><ToUserName><![CDATA[gh_d5c808a7666e]]></ToUserName>
<FromUserName><![CDATA[om_6jt_kZYT_nceeo_9SR1k1fqls]]></FromUserName>
<CreateTime>1463301237</CreateTime>
<MsgType><![CDATA[event]]></MsgType>
<Event><![CDATA[VIEW]]></Event>
<EventKey><![CDATA[http://wqq.xyj0772.com/app/index.php?i=2&c=entry&eid=512]]></EventKey>
<MenuId>404104272</MenuId>
</xml>

2016-05-15 16:34:01 params :
------------
Array:
rule : -2 ;
module :  ;
message : Array ;

2016-05-15 16:34:01 response :
------------

2016-05-15 16:34:30 trace :
------------
String:
<xml><ToUserName><![CDATA[gh_d5c808a7666e]]></ToUserName>
<FromUserName><![CDATA[om_6jt_kZYT_nceeo_9SR1k1fqls]]></FromUserName>
<CreateTime>1463301266</CreateTime>
<MsgType><![CDATA[event]]></MsgType>
<Event><![CDATA[LOCATION]]></Event>
<Latitude>24.296722</Latitude>
<Longitude>109.416145</Longitude>
<Precision>10.000000</Precision>
</xml>

2016-05-15 16:34:30 params :
------------
Array:
message : Array ;
module : default ;
rule : -1 ;

2016-05-15 16:34:30 response :
------------
Array:
errno : -1 ;
message : Invaild value ;

2016-05-15 16:34:32 trace :
------------
String:
<xml><ToUserName><![CDATA[gh_d5c808a7666e]]></ToUserName>
<FromUserName><![CDATA[om_6jt_kZYT_nceeo_9SR1k1fqls]]></FromUserName>
<CreateTime>1463301268</CreateTime>
<MsgType><![CDATA[event]]></MsgType>
<Event><![CDATA[VIEW]]></Event>
<EventKey><![CDATA[http://wqq.xyj0772.com/app/index.php?i=2&c=entry&eid=512]]></EventKey>
<MenuId>404104272</MenuId>
</xml>

2016-05-15 16:34:32 params :
------------
Array:
rule : -2 ;
module :  ;
message : Array ;

2016-05-15 16:34:32 response :
------------

