2016-10-04 14:22:50 trace :
------------
String:
<xml><ToUserName><![CDATA[gh_d5c808a7666e]]></ToUserName>
<FromUserName><![CDATA[om_6jt5yrU_QStQfPoW3USHLU7Ms]]></FromUserName>
<CreateTime>1475562170</CreateTime>
<MsgType><![CDATA[event]]></MsgType>
<Event><![CDATA[LOCATION]]></Event>
<Latitude>31.247326</Latitude>
<Longitude>121.568047</Longitude>
<Precision>65.000000</Precision>
</xml>

2016-10-04 14:22:50 params :
------------
Array:
message : Array ;
module : default ;
rule : -1 ;

2016-10-04 14:22:50 response :
------------
Array:
errno : -1 ;
message : Invaild value ;

2016-10-04 14:22:54 trace :
------------
String:
<xml><ToUserName><![CDATA[gh_d5c808a7666e]]></ToUserName>
<FromUserName><![CDATA[om_6jt5yrU_QStQfPoW3USHLU7Ms]]></FromUserName>
<CreateTime>1475562174</CreateTime>
<MsgType><![CDATA[event]]></MsgType>
<Event><![CDATA[unsubscribe]]></Event>
<EventKey><![CDATA[]]></EventKey>
</xml>

2016-10-04 18:32:58 trace :
------------
String:
<xml><ToUserName><![CDATA[gh_d5c808a7666e]]></ToUserName>
<FromUserName><![CDATA[om_6jt_i14ZoH14EkDT6oOEJqiCo]]></FromUserName>
<CreateTime>1475577178</CreateTime>
<MsgType><![CDATA[event]]></MsgType>
<Event><![CDATA[unsubscribe]]></Event>
<EventKey><![CDATA[]]></EventKey>
</xml>

2016-10-04 20:21:50 trace :
------------
String:
<xml><ToUserName><![CDATA[gh_d5c808a7666e]]></ToUserName>
<FromUserName><![CDATA[om_6jt4CFpr24G5TS1M3vHwe_IWM]]></FromUserName>
<CreateTime>1475583710</CreateTime>
<MsgType><![CDATA[event]]></MsgType>
<Event><![CDATA[subscribe]]></Event>
<EventKey><![CDATA[last_trade_no_4008842001201610045811739172]]></EventKey>
</xml>

2016-10-04 20:21:50 params :
------------
Array:
rule : -2 ;
module :  ;
message : Array ;

2016-10-04 20:21:50 response :
------------

