2016-10-31 15:05:10 trace :
------------
String:
<xml><ToUserName><![CDATA[gh_d5c808a7666e]]></ToUserName>
<FromUserName><![CDATA[om_6jt_PiIJ4sJxizOxrmUQwzD88]]></FromUserName>
<CreateTime>1477897510</CreateTime>
<MsgType><![CDATA[event]]></MsgType>
<Event><![CDATA[subscribe]]></Event>
<EventKey><![CDATA[]]></EventKey>
</xml>

2016-10-31 15:05:10 params :
------------
Array:
rule : -2 ;
module :  ;
message : Array ;

2016-10-31 15:05:10 response :
------------

2016-10-31 15:05:13 trace :
------------
String:
<xml><ToUserName><![CDATA[gh_d5c808a7666e]]></ToUserName>
<FromUserName><![CDATA[om_6jt_PiIJ4sJxizOxrmUQwzD88]]></FromUserName>
<CreateTime>1477897513</CreateTime>
<MsgType><![CDATA[event]]></MsgType>
<Event><![CDATA[LOCATION]]></Event>
<Latitude>24.303778</Latitude>
<Longitude>109.413574</Longitude>
<Precision>40.000000</Precision>
</xml>

2016-10-31 15:05:13 params :
------------
Array:
message : Array ;
module : default ;
rule : -1 ;

2016-10-31 15:05:13 response :
------------
Array:
errno : -1 ;
message : Invaild value ;

2016-10-31 21:40:14 trace :
------------
String:
<xml><ToUserName><![CDATA[gh_d5c808a7666e]]></ToUserName>
<FromUserName><![CDATA[om_6jt_it_Zd46ZUoVYxdt9n_fSM]]></FromUserName>
<CreateTime>1477921213</CreateTime>
<MsgType><![CDATA[text]]></MsgType>
<Content><![CDATA[为什么月薪1500的年轻人都想买iPhone？http://z.yirendai.com/ggk/WebCard/index1?rel=AG1XMwNjAWAHYVBgV20IYgc2UjFSZVYw&media=umb&flag=yrd&skin=9&from=message&isappinstalled=0]]></Content>
<MsgId>6347623276305476040</MsgId>
</xml>

2016-10-31 21:40:14 params :
------------
Array:
rule : -2 ;
module :  ;
message : Array ;

2016-10-31 21:40:14 response :
------------

