2016-05-26 01:06:53 trace :
------------
String:
<xml><ToUserName><![CDATA[gh_d5c808a7666e]]></ToUserName>
<FromUserName><![CDATA[om_6jtwOJ4eq6v8eZ0XyZIZAyTKA]]></FromUserName>
<CreateTime>1464196008</CreateTime>
<MsgType><![CDATA[event]]></MsgType>
<Event><![CDATA[LOCATION]]></Event>
<Latitude>22.632076</Latitude>
<Longitude>113.214546</Longitude>
<Precision>70.947624</Precision>
</xml>

2016-05-26 01:06:53 params :
------------
Array:
message : Array ;
module : default ;
rule : -1 ;

2016-05-26 01:06:53 response :
------------
Array:
errno : -1 ;
message : Invaild value ;

2016-05-26 09:25:24 trace :
------------
String:
<xml><ToUserName><![CDATA[gh_339b357d6bcb]]></ToUserName>
<FromUserName><![CDATA[oq5x0uDOB9HU155uGF88MH1EGvqA]]></FromUserName>
<CreateTime>1464225908</CreateTime>
<MsgType><![CDATA[text]]></MsgType>
<Content><![CDATA[竞猜]]></Content>
<MsgId>6288802389221985899</MsgId>
</xml>

2016-05-26 09:25:24 params :
------------
Array:
message : Array ;
module : ewei_vote ;
rule : 19 ;
priority : 0 ;
keyword : Array ;

2016-05-26 09:25:24 response :
------------
Array:
FromUserName : gh_339b357d6bcb ;
ToUserName : oq5x0uDOB9HU155uGF88MH1EGvqA ;
MsgType : news ;
ArticleCount : 1 ;
Articles : Array ;

2016-05-26 09:34:33 trace :
------------
String:
<xml><ToUserName><![CDATA[gh_339b357d6bcb]]></ToUserName>
<FromUserName><![CDATA[oq5x0uDOB9HU155uGF88MH1EGvqA]]></FromUserName>
<CreateTime>1464226450</CreateTime>
<MsgType><![CDATA[event]]></MsgType>
<Event><![CDATA[unsubscribe]]></Event>
<EventKey><![CDATA[]]></EventKey>
</xml>

2016-05-26 09:35:42 trace :
------------
String:
<xml><ToUserName><![CDATA[gh_339b357d6bcb]]></ToUserName>
<FromUserName><![CDATA[oq5x0uDOB9HU155uGF88MH1EGvqA]]></FromUserName>
<CreateTime>1464226518</CreateTime>
<MsgType><![CDATA[event]]></MsgType>
<Event><![CDATA[subscribe]]></Event>
<EventKey><![CDATA[qrscene_10000004]]></EventKey>
</xml>

2016-05-26 09:35:42 params :
------------
Array:
message : Array ;
module : ewei_vote ;
rule : 19 ;
priority : 0 ;
keyword : Array ;

2016-05-26 09:35:42 response :
------------
Array:
FromUserName : gh_339b357d6bcb ;
ToUserName : oq5x0uDOB9HU155uGF88MH1EGvqA ;
MsgType : news ;
ArticleCount : 1 ;
Articles : Array ;

2016-05-26 09:38:53 trace :
------------
String:
<xml><ToUserName><![CDATA[gh_339b357d6bcb]]></ToUserName>
<FromUserName><![CDATA[oq5x0uOovxZWZ5ZaeVTZuc-1Lmes]]></FromUserName>
<CreateTime>1464226708</CreateTime>
<MsgType><![CDATA[event]]></MsgType>
<Event><![CDATA[unsubscribe]]></Event>
<EventKey><![CDATA[]]></EventKey>
</xml>

2016-05-26 09:39:08 trace :
------------
String:
<xml><ToUserName><![CDATA[gh_339b357d6bcb]]></ToUserName>
<FromUserName><![CDATA[oq5x0uOovxZWZ5ZaeVTZuc-1Lmes]]></FromUserName>
<CreateTime>1464226723</CreateTime>
<MsgType><![CDATA[event]]></MsgType>
<Event><![CDATA[subscribe]]></Event>
<EventKey><![CDATA[qrscene_10000004]]></EventKey>
</xml>

2016-05-26 09:39:08 params :
------------
Array:
message : Array ;
module : ewei_vote ;
rule : 19 ;
priority : 0 ;
keyword : Array ;

2016-05-26 09:39:08 response :
------------
Array:
FromUserName : gh_339b357d6bcb ;
ToUserName : oq5x0uOovxZWZ5ZaeVTZuc-1Lmes ;
MsgType : news ;
ArticleCount : 1 ;
Articles : Array ;

2016-05-26 10:14:32 trace :
------------
String:
<xml><ToUserName><![CDATA[gh_339b357d6bcb]]></ToUserName>
<FromUserName><![CDATA[oq5x0uBVqVTKzwYYoCQTsaevsDiU]]></FromUserName>
<CreateTime>1464228848</CreateTime>
<MsgType><![CDATA[event]]></MsgType>
<Event><![CDATA[unsubscribe]]></Event>
<EventKey><![CDATA[]]></EventKey>
</xml>

2016-05-26 10:15:23 trace :
------------
String:
<xml><ToUserName><![CDATA[gh_339b357d6bcb]]></ToUserName>
<FromUserName><![CDATA[oq5x0uMoOIzL0tMVq79kWryXXuag]]></FromUserName>
<CreateTime>1464228898</CreateTime>
<MsgType><![CDATA[event]]></MsgType>
<Event><![CDATA[unsubscribe]]></Event>
<EventKey><![CDATA[]]></EventKey>
</xml>

2016-05-26 10:15:23 trace :
------------
String:
<xml><ToUserName><![CDATA[gh_d5c808a7666e]]></ToUserName>
<FromUserName><![CDATA[om_6jt5D-TQ7wAVLZZ5cmEA37aQk]]></FromUserName>
<CreateTime>1464228899</CreateTime>
<MsgType><![CDATA[event]]></MsgType>
<Event><![CDATA[unsubscribe]]></Event>
<EventKey><![CDATA[]]></EventKey>
</xml>

2016-05-26 15:11:19 trace :
------------
String:
<xml><ToUserName><![CDATA[gh_339b357d6bcb]]></ToUserName>
<FromUserName><![CDATA[oq5x0uOovxZWZ5ZaeVTZuc-1Lmes]]></FromUserName>
<CreateTime>1464246534</CreateTime>
<MsgType><![CDATA[event]]></MsgType>
<Event><![CDATA[unsubscribe]]></Event>
<EventKey><![CDATA[]]></EventKey>
</xml>

2016-05-26 15:14:24 trace :
------------
String:
<xml><ToUserName><![CDATA[gh_339b357d6bcb]]></ToUserName>
<FromUserName><![CDATA[oq5x0uOovxZWZ5ZaeVTZuc-1Lmes]]></FromUserName>
<CreateTime>1464246694</CreateTime>
<MsgType><![CDATA[event]]></MsgType>
<Event><![CDATA[subscribe]]></Event>
<EventKey><![CDATA[qrscene_10000004]]></EventKey>
</xml>

2016-05-26 15:14:24 params :
------------
Array:
message : Array ;
module : ewei_vote ;
rule : 19 ;
priority : 0 ;
keyword : Array ;

2016-05-26 15:14:24 response :
------------
Array:
FromUserName : gh_339b357d6bcb ;
ToUserName : oq5x0uOovxZWZ5ZaeVTZuc-1Lmes ;
MsgType : news ;
ArticleCount : 1 ;
Articles : Array ;

2016-05-26 19:27:40 trace :
------------
String:
<xml><ToUserName><![CDATA[gh_d5c808a7666e]]></ToUserName>
<FromUserName><![CDATA[om_6jt6FLbVqsVtG2wVARtpWAC6o]]></FromUserName>
<CreateTime>1464262056</CreateTime>
<MsgType><![CDATA[event]]></MsgType>
<Event><![CDATA[VIEW]]></Event>
<EventKey><![CDATA[http://wqq.xyj0772.com/app/index.php?i=2&c=entry&eid=523]]></EventKey>
<MenuId>404113000</MenuId>
</xml>

2016-05-26 19:27:40 params :
------------
Array:
rule : -2 ;
module :  ;
message : Array ;

2016-05-26 19:27:40 response :
------------

2016-05-26 19:28:11 trace :
------------
String:
<xml><ToUserName><![CDATA[gh_d5c808a7666e]]></ToUserName>
<FromUserName><![CDATA[om_6jt6FLbVqsVtG2wVARtpWAC6o]]></FromUserName>
<CreateTime>1464262086</CreateTime>
<MsgType><![CDATA[event]]></MsgType>
<Event><![CDATA[VIEW]]></Event>
<EventKey><![CDATA[http://wqq.xyj0772.com/app/index.php?i=2&c=entry&eid=524]]></EventKey>
<MenuId>404113000</MenuId>
</xml>

2016-05-26 19:28:11 params :
------------
Array:
rule : -2 ;
module :  ;
message : Array ;

2016-05-26 19:28:11 response :
------------

2016-05-26 19:28:15 trace :
------------
String:
<xml><ToUserName><![CDATA[gh_d5c808a7666e]]></ToUserName>
<FromUserName><![CDATA[om_6jt6FLbVqsVtG2wVARtpWAC6o]]></FromUserName>
<CreateTime>1464262091</CreateTime>
<MsgType><![CDATA[event]]></MsgType>
<Event><![CDATA[CLICK]]></Event>
<EventKey><![CDATA[花店海报]]></EventKey>
</xml>

2016-05-26 19:28:20 trace :
------------
String:
<xml><ToUserName><![CDATA[gh_d5c808a7666e]]></ToUserName>
<FromUserName><![CDATA[om_6jt6FLbVqsVtG2wVARtpWAC6o]]></FromUserName>
<CreateTime>1464262091</CreateTime>
<MsgType><![CDATA[event]]></MsgType>
<Event><![CDATA[CLICK]]></Event>
<EventKey><![CDATA[花店海报]]></EventKey>
</xml>

2016-05-26 19:28:38 trace :
------------
String:
<xml><ToUserName><![CDATA[gh_d5c808a7666e]]></ToUserName>
<FromUserName><![CDATA[om_6jt6FLbVqsVtG2wVARtpWAC6o]]></FromUserName>
<CreateTime>1464262114</CreateTime>
<MsgType><![CDATA[event]]></MsgType>
<Event><![CDATA[VIEW]]></Event>
<EventKey><![CDATA[http://wqq.xyj0772.com/app/index.php?i=2&c=entry&eid=526]]></EventKey>
<MenuId>404113000</MenuId>
</xml>

2016-05-26 19:28:38 params :
------------
Array:
rule : -2 ;
module :  ;
message : Array ;

2016-05-26 19:28:38 response :
------------

2016-05-26 19:28:46 trace :
------------
String:
<xml><ToUserName><![CDATA[gh_d5c808a7666e]]></ToUserName>
<FromUserName><![CDATA[om_6jt6FLbVqsVtG2wVARtpWAC6o]]></FromUserName>
<CreateTime>1464262122</CreateTime>
<MsgType><![CDATA[event]]></MsgType>
<Event><![CDATA[VIEW]]></Event>
<EventKey><![CDATA[http://wqq.xyj0772.com/app/index.php?i=2&c=entry&eid=525]]></EventKey>
<MenuId>404113000</MenuId>
</xml>

2016-05-26 19:28:46 params :
------------
Array:
rule : -2 ;
module :  ;
message : Array ;

2016-05-26 19:28:46 response :
------------

2016-05-26 19:28:53 trace :
------------
String:
<xml><ToUserName><![CDATA[gh_d5c808a7666e]]></ToUserName>
<FromUserName><![CDATA[om_6jt6FLbVqsVtG2wVARtpWAC6o]]></FromUserName>
<CreateTime>1464262128</CreateTime>
<MsgType><![CDATA[event]]></MsgType>
<Event><![CDATA[unsubscribe]]></Event>
<EventKey><![CDATA[]]></EventKey>
</xml>

