2016-02-14 10:44:47 trace :
------------
String:
<xml><ToUserName><![CDATA[gh_ccbf343b8498]]></ToUserName>
<FromUserName><![CDATA[oc2pYwGGHf7jaJXuwPVPFZPfv6K4]]></FromUserName>
<CreateTime>1455417887</CreateTime>
<MsgType><![CDATA[event]]></MsgType>
<Event><![CDATA[subscribe]]></Event>
<EventKey><![CDATA[]]></EventKey>
</xml>

2016-02-14 10:44:47 params :
------------
Array:
rule : -2 ;
module :  ;
message : Array ;

2016-02-14 10:44:47 response :
------------

2016-02-14 10:45:43 trace :
------------
String:
<xml><ToUserName><![CDATA[gh_ccbf343b8498]]></ToUserName>
<FromUserName><![CDATA[oc2pYwGGHf7jaJXuwPVPFZPfv6K4]]></FromUserName>
<CreateTime>1455417943</CreateTime>
<MsgType><![CDATA[text]]></MsgType>
<Content><![CDATA[占楼送礼]]></Content>
<MsgId>6250972467600356753</MsgId>
</xml>

2016-02-14 10:45:43 params :
------------
Array:
rule : -2 ;
module :  ;
message : Array ;

2016-02-14 10:45:43 response :
------------

2016-02-14 10:46:33 trace :
------------
String:
<xml><ToUserName><![CDATA[gh_ccbf343b8498]]></ToUserName>
<FromUserName><![CDATA[oc2pYwGGHf7jaJXuwPVPFZPfv6K4]]></FromUserName>
<CreateTime>1455417993</CreateTime>
<MsgType><![CDATA[text]]></MsgType>
<Content><![CDATA[占楼送礼（新抢楼）]]></Content>
<MsgId>6250972682348721624</MsgId>
</xml>

2016-02-14 10:46:33 params :
------------
Array:
rule : -2 ;
module :  ;
message : Array ;

2016-02-14 10:46:33 response :
------------

2016-02-14 11:18:14 trace :
------------
String:
<xml><ToUserName><![CDATA[gh_ccbf343b8498]]></ToUserName>
<FromUserName><![CDATA[oc2pYwIh9cZ97FzaR1-qE_eZHKwk]]></FromUserName>
<CreateTime>1455419894</CreateTime>
<MsgType><![CDATA[event]]></MsgType>
<Event><![CDATA[subscribe]]></Event>
<EventKey><![CDATA[]]></EventKey>
</xml>

2016-02-14 11:18:14 params :
------------
Array:
rule : -2 ;
module :  ;
message : Array ;

2016-02-14 11:18:14 response :
------------

2016-02-14 11:18:23 trace :
------------
String:
<xml><ToUserName><![CDATA[gh_ccbf343b8498]]></ToUserName>
<FromUserName><![CDATA[oc2pYwIh9cZ97FzaR1-qE_eZHKwk]]></FromUserName>
<CreateTime>1455419902</CreateTime>
<MsgType><![CDATA[text]]></MsgType>
<Content><![CDATA[超级店]]></Content>
<MsgId>6250980881441291545</MsgId>
</xml>

2016-02-14 11:18:23 params :
------------
Array:
message : Array ;
module : cover ;
rule : 27 ;
priority : 0 ;
keyword : Array ;

2016-02-14 11:18:23 response :
------------
Array:
FromUserName : gh_ccbf343b8498 ;
ToUserName : oc2pYwIh9cZ97FzaR1-qE_eZHKwk ;
MsgType : news ;
ArticleCount : 1 ;
Articles : Array ;

2016-02-14 11:21:59 trace :
------------
String:
<xml><ToUserName><![CDATA[gh_ccbf343b8498]]></ToUserName>
<FromUserName><![CDATA[oc2pYwIh9cZ97FzaR1-qE_eZHKwk]]></FromUserName>
<CreateTime>1455420119</CreateTime>
<MsgType><![CDATA[event]]></MsgType>
<Event><![CDATA[unsubscribe]]></Event>
<EventKey><![CDATA[]]></EventKey>
</xml>

2016-02-14 11:43:31 trace :
------------
String:
<xml><ToUserName><![CDATA[gh_ccbf343b8498]]></ToUserName>
<FromUserName><![CDATA[oc2pYwGGHf7jaJXuwPVPFZPfv6K4]]></FromUserName>
<CreateTime>1455421411</CreateTime>
<MsgType><![CDATA[event]]></MsgType>
<Event><![CDATA[unsubscribe]]></Event>
<EventKey><![CDATA[]]></EventKey>
</xml>

2016-02-14 11:49:57 trace :
------------
String:
<xml><ToUserName><![CDATA[gh_80cdec6dd855]]></ToUserName>
<FromUserName><![CDATA[omSUBt7_m9kgNYOt0MPBeqgg_RCU]]></FromUserName>
<CreateTime>1455421797</CreateTime>
<MsgType><![CDATA[event]]></MsgType>
<Event><![CDATA[unsubscribe]]></Event>
<EventKey><![CDATA[]]></EventKey>
</xml>

2016-02-14 12:03:56 trace :
------------
String:
<xml><ToUserName><![CDATA[gh_19f3b98aa3d7]]></ToUserName>
<FromUserName><![CDATA[ouLX4txNgJTzxzx-33OGLg9K3etw]]></FromUserName>
<CreateTime>1455422635</CreateTime>
<MsgType><![CDATA[event]]></MsgType>
<Event><![CDATA[unsubscribe]]></Event>
<EventKey><![CDATA[]]></EventKey>
</xml>

2016-02-14 14:16:41 trace :
------------
String:
<xml><ToUserName><![CDATA[gh_ccbf343b8498]]></ToUserName>
<FromUserName><![CDATA[oc2pYwGGHf7jaJXuwPVPFZPfv6K4]]></FromUserName>
<CreateTime>1455430601</CreateTime>
<MsgType><![CDATA[event]]></MsgType>
<Event><![CDATA[subscribe]]></Event>
<EventKey><![CDATA[]]></EventKey>
</xml>

2016-02-14 14:16:41 params :
------------
Array:
rule : -2 ;
module :  ;
message : Array ;

2016-02-14 14:16:41 response :
------------

2016-02-14 14:16:51 trace :
------------
String:
<xml><ToUserName><![CDATA[gh_ccbf343b8498]]></ToUserName>
<FromUserName><![CDATA[oc2pYwGGHf7jaJXuwPVPFZPfv6K4]]></FromUserName>
<CreateTime>1455430610</CreateTime>
<MsgType><![CDATA[text]]></MsgType>
<Content><![CDATA[拼团]]></Content>
<MsgId>6251026871951101617</MsgId>
</xml>

2016-02-14 14:16:51 params :
------------
Array:
message : Array ;
module : cover ;
rule : 15 ;
priority : 0 ;
keyword : Array ;

2016-02-14 14:16:51 response :
------------
Array:
FromUserName : gh_ccbf343b8498 ;
ToUserName : oc2pYwGGHf7jaJXuwPVPFZPfv6K4 ;
MsgType : news ;
ArticleCount : 1 ;
Articles : Array ;

2016-02-14 14:17:57 trace :
------------
String:
<xml><ToUserName><![CDATA[gh_ccbf343b8498]]></ToUserName>
<FromUserName><![CDATA[oc2pYwGGHf7jaJXuwPVPFZPfv6K4]]></FromUserName>
<CreateTime>1455430677</CreateTime>
<MsgType><![CDATA[event]]></MsgType>
<Event><![CDATA[unsubscribe]]></Event>
<EventKey><![CDATA[]]></EventKey>
</xml>

2016-02-14 14:32:44 trace :
------------
String:
<xml><ToUserName><![CDATA[gh_80cdec6dd855]]></ToUserName>
<FromUserName><![CDATA[omSUBtz9kt6pEtVZhq81XVY8sFbk]]></FromUserName>
<CreateTime>1455431563</CreateTime>
<MsgType><![CDATA[text]]></MsgType>
<Content><![CDATA[你好]]></Content>
<MsgId>6251030965080308807</MsgId>
</xml>

2016-02-14 14:32:44 params :
------------
Array:
rule : -2 ;
module :  ;
message : Array ;

2016-02-14 14:32:44 response :
------------

2016-02-14 16:10:37 trace :
------------
String:
<xml><ToUserName><![CDATA[gh_80cdec6dd855]]></ToUserName>
<FromUserName><![CDATA[omSUBtz9kt6pEtVZhq81XVY8sFbk]]></FromUserName>
<CreateTime>1455437437</CreateTime>
<MsgType><![CDATA[event]]></MsgType>
<Event><![CDATA[unsubscribe]]></Event>
<EventKey><![CDATA[]]></EventKey>
</xml>

2016-02-14 16:11:11 trace :
------------
String:
<xml><ToUserName><![CDATA[gh_80cdec6dd855]]></ToUserName>
<FromUserName><![CDATA[omSUBtz9kt6pEtVZhq81XVY8sFbk]]></FromUserName>
<CreateTime>1455437468</CreateTime>
<MsgType><![CDATA[event]]></MsgType>
<Event><![CDATA[subscribe]]></Event>
<EventKey><![CDATA[]]></EventKey>
</xml>

2016-02-14 16:11:11 params :
------------
Array:
rule : -2 ;
module :  ;
message : Array ;

2016-02-14 16:11:11 response :
------------

2016-02-14 16:14:38 trace :
------------
String:
<xml><ToUserName><![CDATA[gh_80cdec6dd855]]></ToUserName>
<FromUserName><![CDATA[omSUBtz9kt6pEtVZhq81XVY8sFbk]]></FromUserName>
<CreateTime>1455437678</CreateTime>
<MsgType><![CDATA[event]]></MsgType>
<Event><![CDATA[unsubscribe]]></Event>
<EventKey><![CDATA[]]></EventKey>
</xml>

2016-02-14 16:14:55 trace :
------------
String:
<xml><ToUserName><![CDATA[gh_80cdec6dd855]]></ToUserName>
<FromUserName><![CDATA[omSUBtz9kt6pEtVZhq81XVY8sFbk]]></FromUserName>
<CreateTime>1455437692</CreateTime>
<MsgType><![CDATA[event]]></MsgType>
<Event><![CDATA[subscribe]]></Event>
<EventKey><![CDATA[]]></EventKey>
</xml>

2016-02-14 16:14:55 params :
------------
Array:
rule : -2 ;
module :  ;
message : Array ;

2016-02-14 16:14:55 response :
------------

2016-02-14 16:20:39 trace :
------------
String:
<xml><ToUserName><![CDATA[gh_19f3b98aa3d7]]></ToUserName>
<FromUserName><![CDATA[ouLX4tycWVRfCG22449aF1zvD3Is]]></FromUserName>
<CreateTime>1455438039</CreateTime>
<MsgType><![CDATA[event]]></MsgType>
<Event><![CDATA[unsubscribe]]></Event>
<EventKey><![CDATA[]]></EventKey>
</xml>

