2016-04-28 10:24:52 trace :
------------
String:
<xml><ToUserName><![CDATA[gh_d5c808a7666e]]></ToUserName>
<FromUserName><![CDATA[om_6jt2KN5m2a7PN8LYPB54R85zI]]></FromUserName>
<CreateTime>1461810243</CreateTime>
<MsgType><![CDATA[event]]></MsgType>
<Event><![CDATA[unsubscribe]]></Event>
<EventKey><![CDATA[]]></EventKey>
</xml>

2016-04-28 10:26:04 trace :
------------
String:
<xml><ToUserName><![CDATA[gh_d5c808a7666e]]></ToUserName>
<FromUserName><![CDATA[om_6jt2KN5m2a7PN8LYPB54R85zI]]></FromUserName>
<CreateTime>1461810324</CreateTime>
<MsgType><![CDATA[event]]></MsgType>
<Event><![CDATA[subscribe]]></Event>
<EventKey><![CDATA[last_trade_no_4003412001201604265245689744]]></EventKey>
</xml>

2016-04-28 10:26:04 params :
------------
Array:
rule : -2 ;
module :  ;
message : Array ;

2016-04-28 10:26:04 response :
------------

2016-04-28 10:25:44 trace :
------------
String:
<xml><ToUserName><![CDATA[gh_d5c808a7666e]]></ToUserName>
<FromUserName><![CDATA[om_6jt2KN5m2a7PN8LYPB54R85zI]]></FromUserName>
<CreateTime>1461810344</CreateTime>
<MsgType><![CDATA[event]]></MsgType>
<Event><![CDATA[VIEW]]></Event>
<EventKey><![CDATA[http://wqq.xyj0772.com/app/index.php?i=2&c=entry&eid=512]]></EventKey>
<MenuId>404078165</MenuId>
</xml>

2016-04-28 10:25:44 params :
------------
Array:
rule : -2 ;
module :  ;
message : Array ;

2016-04-28 10:25:44 response :
------------

2016-04-28 10:26:33 trace :
------------
String:
<xml><ToUserName><![CDATA[gh_d5c808a7666e]]></ToUserName>
<FromUserName><![CDATA[om_6jt2KN5m2a7PN8LYPB54R85zI]]></FromUserName>
<CreateTime>1461810392</CreateTime>
<MsgType><![CDATA[event]]></MsgType>
<Event><![CDATA[VIEW]]></Event>
<EventKey><![CDATA[http://wqq.xyj0772.com/app/index.php?i=2&c=entry&eid=516]]></EventKey>
<MenuId>404078165</MenuId>
</xml>

2016-04-28 10:26:33 params :
------------
Array:
rule : -2 ;
module :  ;
message : Array ;

2016-04-28 10:26:33 response :
------------

2016-04-28 10:26:52 trace :
------------
String:
<xml><ToUserName><![CDATA[gh_d5c808a7666e]]></ToUserName>
<FromUserName><![CDATA[om_6jt2KN5m2a7PN8LYPB54R85zI]]></FromUserName>
<CreateTime>1461810411</CreateTime>
<MsgType><![CDATA[event]]></MsgType>
<Event><![CDATA[CLICK]]></Event>
<EventKey><![CDATA[海报]]></EventKey>
</xml>

2016-04-28 10:29:42 trace :
------------
String:
<xml><ToUserName><![CDATA[gh_d5c808a7666e]]></ToUserName>
<FromUserName><![CDATA[om_6jt2KN5m2a7PN8LYPB54R85zI]]></FromUserName>
<CreateTime>1461810578</CreateTime>
<MsgType><![CDATA[event]]></MsgType>
<Event><![CDATA[VIEW]]></Event>
<EventKey><![CDATA[http://wqq.xyj0772.com/app/index.php?i=2&c=entry&eid=512]]></EventKey>
<MenuId>404078165</MenuId>
</xml>

2016-04-28 10:29:42 params :
------------
Array:
rule : -2 ;
module :  ;
message : Array ;

2016-04-28 10:29:42 response :
------------

2016-04-28 10:35:47 trace :
------------
String:
<xml><ToUserName><![CDATA[gh_d5c808a7666e]]></ToUserName>
<FromUserName><![CDATA[om_6jt2KN5m2a7PN8LYPB54R85zI]]></FromUserName>
<CreateTime>1461810939</CreateTime>
<MsgType><![CDATA[event]]></MsgType>
<Event><![CDATA[VIEW]]></Event>
<EventKey><![CDATA[http://wqq.xyj0772.com/app/index.php?i=2&c=entry&eid=512]]></EventKey>
<MenuId>404078165</MenuId>
</xml>

2016-04-28 10:35:47 params :
------------
Array:
rule : -2 ;
module :  ;
message : Array ;

2016-04-28 10:35:47 response :
------------

2016-04-28 10:44:04 trace :
------------
String:
<xml><ToUserName><![CDATA[gh_d5c808a7666e]]></ToUserName>
<FromUserName><![CDATA[om_6jt2KN5m2a7PN8LYPB54R85zI]]></FromUserName>
<CreateTime>1461811428</CreateTime>
<MsgType><![CDATA[event]]></MsgType>
<Event><![CDATA[LOCATION]]></Event>
<Latitude>24.307713</Latitude>
<Longitude>109.403107</Longitude>
<Precision>65.000000</Precision>
</xml>

2016-04-28 10:44:04 params :
------------
Array:
message : Array ;
module : default ;
rule : -1 ;

2016-04-28 10:44:04 response :
------------
Array:
errno : -1 ;
message : Invaild value ;

2016-04-28 10:44:04 trace :
------------
String:
<xml><ToUserName><![CDATA[gh_d5c808a7666e]]></ToUserName>
<FromUserName><![CDATA[om_6jt2KN5m2a7PN8LYPB54R85zI]]></FromUserName>
<CreateTime>1461811429</CreateTime>
<MsgType><![CDATA[event]]></MsgType>
<Event><![CDATA[CLICK]]></Event>
<EventKey><![CDATA[花店海报]]></EventKey>
</xml>

2016-04-28 10:44:54 trace :
------------
String:
<xml><ToUserName><![CDATA[gh_d5c808a7666e]]></ToUserName>
<FromUserName><![CDATA[om_6jt2KN5m2a7PN8LYPB54R85zI]]></FromUserName>
<CreateTime>1461811478</CreateTime>
<MsgType><![CDATA[event]]></MsgType>
<Event><![CDATA[unsubscribe]]></Event>
<EventKey><![CDATA[]]></EventKey>
</xml>

2016-04-28 10:45:05 trace :
------------
String:
<xml><ToUserName><![CDATA[gh_d5c808a7666e]]></ToUserName>
<FromUserName><![CDATA[om_6jt2KN5m2a7PN8LYPB54R85zI]]></FromUserName>
<CreateTime>1461811489</CreateTime>
<MsgType><![CDATA[event]]></MsgType>
<Event><![CDATA[subscribe]]></Event>
<EventKey><![CDATA[last_trade_no_4003412001201604265245689744]]></EventKey>
</xml>

2016-04-28 10:45:05 params :
------------
Array:
rule : -2 ;
module :  ;
message : Array ;

2016-04-28 10:45:05 response :
------------

2016-04-28 10:45:10 trace :
------------
String:
<xml><ToUserName><![CDATA[gh_d5c808a7666e]]></ToUserName>
<FromUserName><![CDATA[om_6jt2KN5m2a7PN8LYPB54R85zI]]></FromUserName>
<CreateTime>1461811494</CreateTime>
<MsgType><![CDATA[event]]></MsgType>
<Event><![CDATA[CLICK]]></Event>
<EventKey><![CDATA[花店海报]]></EventKey>
</xml>

2016-04-28 10:45:43 trace :
------------
String:
<xml><ToUserName><![CDATA[gh_d5c808a7666e]]></ToUserName>
<FromUserName><![CDATA[om_6jt2KN5m2a7PN8LYPB54R85zI]]></FromUserName>
<CreateTime>1461811527</CreateTime>
<MsgType><![CDATA[event]]></MsgType>
<Event><![CDATA[CLICK]]></Event>
<EventKey><![CDATA[花店海报]]></EventKey>
</xml>

2016-04-28 10:49:32 trace :
------------
String:
<xml><ToUserName><![CDATA[gh_d5c808a7666e]]></ToUserName>
<FromUserName><![CDATA[om_6jt2KN5m2a7PN8LYPB54R85zI]]></FromUserName>
<CreateTime>1461811752</CreateTime>
<MsgType><![CDATA[event]]></MsgType>
<Event><![CDATA[VIEW]]></Event>
<EventKey><![CDATA[http://wqq.xyj0772.com/app/index.php?i=2&c=entry&eid=512]]></EventKey>
<MenuId>404078186</MenuId>
</xml>

2016-04-28 10:49:32 params :
------------
Array:
rule : -2 ;
module :  ;
message : Array ;

2016-04-28 10:49:32 response :
------------

2016-04-28 10:49:35 trace :
------------
String:
<xml><ToUserName><![CDATA[gh_d5c808a7666e]]></ToUserName>
<FromUserName><![CDATA[om_6jt2KN5m2a7PN8LYPB54R85zI]]></FromUserName>
<CreateTime>1461811755</CreateTime>
<MsgType><![CDATA[event]]></MsgType>
<Event><![CDATA[CLICK]]></Event>
<EventKey><![CDATA[花店海报]]></EventKey>
</xml>

2016-04-28 10:49:57 trace :
------------
String:
<xml><ToUserName><![CDATA[gh_d5c808a7666e]]></ToUserName>
<FromUserName><![CDATA[om_6jt2KN5m2a7PN8LYPB54R85zI]]></FromUserName>
<CreateTime>1461811776</CreateTime>
<MsgType><![CDATA[event]]></MsgType>
<Event><![CDATA[unsubscribe]]></Event>
<EventKey><![CDATA[]]></EventKey>
</xml>

2016-04-28 10:50:07 trace :
------------
String:
<xml><ToUserName><![CDATA[gh_d5c808a7666e]]></ToUserName>
<FromUserName><![CDATA[om_6jt2KN5m2a7PN8LYPB54R85zI]]></FromUserName>
<CreateTime>1461811786</CreateTime>
<MsgType><![CDATA[event]]></MsgType>
<Event><![CDATA[subscribe]]></Event>
<EventKey><![CDATA[last_trade_no_4003412001201604265245689744]]></EventKey>
</xml>

2016-04-28 10:50:07 params :
------------
Array:
rule : -2 ;
module :  ;
message : Array ;

2016-04-28 10:50:07 response :
------------

2016-04-28 10:50:12 trace :
------------
String:
<xml><ToUserName><![CDATA[gh_d5c808a7666e]]></ToUserName>
<FromUserName><![CDATA[om_6jt2KN5m2a7PN8LYPB54R85zI]]></FromUserName>
<CreateTime>1461811792</CreateTime>
<MsgType><![CDATA[event]]></MsgType>
<Event><![CDATA[CLICK]]></Event>
<EventKey><![CDATA[花店海报]]></EventKey>
</xml>

2016-04-28 10:50:29 trace :
------------
String:
<xml><ToUserName><![CDATA[gh_d5c808a7666e]]></ToUserName>
<FromUserName><![CDATA[om_6jt2KN5m2a7PN8LYPB54R85zI]]></FromUserName>
<CreateTime>1461811809</CreateTime>
<MsgType><![CDATA[event]]></MsgType>
<Event><![CDATA[CLICK]]></Event>
<EventKey><![CDATA[花店海报]]></EventKey>
</xml>

2016-04-28 10:50:58 trace :
------------
String:
<xml><ToUserName><![CDATA[gh_d5c808a7666e]]></ToUserName>
<FromUserName><![CDATA[om_6jt2KN5m2a7PN8LYPB54R85zI]]></FromUserName>
<CreateTime>1461811837</CreateTime>
<MsgType><![CDATA[event]]></MsgType>
<Event><![CDATA[unsubscribe]]></Event>
<EventKey><![CDATA[]]></EventKey>
</xml>

2016-04-28 10:51:56 trace :
------------
String:
<xml><ToUserName><![CDATA[gh_d5c808a7666e]]></ToUserName>
<FromUserName><![CDATA[om_6jt2KN5m2a7PN8LYPB54R85zI]]></FromUserName>
<CreateTime>1461811894</CreateTime>
<MsgType><![CDATA[event]]></MsgType>
<Event><![CDATA[subscribe]]></Event>
<EventKey><![CDATA[last_trade_no_4003412001201604265245689744]]></EventKey>
</xml>

2016-04-28 10:51:56 params :
------------
Array:
rule : -2 ;
module :  ;
message : Array ;

2016-04-28 10:51:56 response :
------------

2016-04-28 10:52:01 trace :
------------
String:
<xml><ToUserName><![CDATA[gh_d5c808a7666e]]></ToUserName>
<FromUserName><![CDATA[om_6jt2KN5m2a7PN8LYPB54R85zI]]></FromUserName>
<CreateTime>1461811899</CreateTime>
<MsgType><![CDATA[event]]></MsgType>
<Event><![CDATA[CLICK]]></Event>
<EventKey><![CDATA[花店海报]]></EventKey>
</xml>

2016-04-28 10:52:09 trace :
------------
String:
<xml><ToUserName><![CDATA[gh_d5c808a7666e]]></ToUserName>
<FromUserName><![CDATA[om_6jt2KN5m2a7PN8LYPB54R85zI]]></FromUserName>
<CreateTime>1461811906</CreateTime>
<MsgType><![CDATA[event]]></MsgType>
<Event><![CDATA[VIEW]]></Event>
<EventKey><![CDATA[http://wqq.xyj0772.com/app/index.php?i=2&c=entry&eid=512]]></EventKey>
<MenuId>404078186</MenuId>
</xml>

2016-04-28 10:52:09 params :
------------
Array:
rule : -2 ;
module :  ;
message : Array ;

2016-04-28 10:52:09 response :
------------

2016-04-28 10:52:47 trace :
------------
String:
<xml><ToUserName><![CDATA[gh_d5c808a7666e]]></ToUserName>
<FromUserName><![CDATA[om_6jt2KN5m2a7PN8LYPB54R85zI]]></FromUserName>
<CreateTime>1461811944</CreateTime>
<MsgType><![CDATA[event]]></MsgType>
<Event><![CDATA[VIEW]]></Event>
<EventKey><![CDATA[http://wqq.xyj0772.com/app/index.php?i=2&c=entry&eid=512]]></EventKey>
<MenuId>404078186</MenuId>
</xml>

2016-04-28 10:52:47 params :
------------
Array:
rule : -2 ;
module :  ;
message : Array ;

2016-04-28 10:52:47 response :
------------

2016-04-28 10:54:02 trace :
------------
String:
<xml><ToUserName><![CDATA[gh_d5c808a7666e]]></ToUserName>
<FromUserName><![CDATA[om_6jt2KN5m2a7PN8LYPB54R85zI]]></FromUserName>
<CreateTime>1461812019</CreateTime>
<MsgType><![CDATA[event]]></MsgType>
<Event><![CDATA[CLICK]]></Event>
<EventKey><![CDATA[花店海报]]></EventKey>
</xml>

2016-04-28 10:55:14 trace :
------------
String:
<xml><ToUserName><![CDATA[gh_d5c808a7666e]]></ToUserName>
<FromUserName><![CDATA[om_6jt2KN5m2a7PN8LYPB54R85zI]]></FromUserName>
<CreateTime>1461812090</CreateTime>
<MsgType><![CDATA[event]]></MsgType>
<Event><![CDATA[CLICK]]></Event>
<EventKey><![CDATA[花店海报]]></EventKey>
</xml>

2016-04-28 10:55:27 trace :
------------
String:
<xml><ToUserName><![CDATA[gh_d5c808a7666e]]></ToUserName>
<FromUserName><![CDATA[om_6jt2KN5m2a7PN8LYPB54R85zI]]></FromUserName>
<CreateTime>1461812102</CreateTime>
<MsgType><![CDATA[event]]></MsgType>
<Event><![CDATA[VIEW]]></Event>
<EventKey><![CDATA[http://wqq.xyj0772.com/app/index.php?i=2&c=entry&eid=512]]></EventKey>
<MenuId>404078186</MenuId>
</xml>

2016-04-28 10:55:27 params :
------------
Array:
rule : -2 ;
module :  ;
message : Array ;

2016-04-28 10:55:27 response :
------------

2016-04-28 10:55:41 trace :
------------
String:
<xml><ToUserName><![CDATA[gh_d5c808a7666e]]></ToUserName>
<FromUserName><![CDATA[om_6jt2KN5m2a7PN8LYPB54R85zI]]></FromUserName>
<CreateTime>1461812116</CreateTime>
<MsgType><![CDATA[event]]></MsgType>
<Event><![CDATA[LOCATION]]></Event>
<Latitude>24.307749</Latitude>
<Longitude>109.403145</Longitude>
<Precision>65.000000</Precision>
</xml>

2016-04-28 10:55:41 params :
------------
Array:
message : Array ;
module : default ;
rule : -1 ;

2016-04-28 10:55:41 response :
------------
Array:
errno : -1 ;
message : Invaild value ;

2016-04-28 10:56:14 trace :
------------
String:
<xml><ToUserName><![CDATA[gh_d5c808a7666e]]></ToUserName>
<FromUserName><![CDATA[om_6jt8yhJ1OMReBHgaxfs-XHga4]]></FromUserName>
<CreateTime>1461812148</CreateTime>
<MsgType><![CDATA[event]]></MsgType>
<Event><![CDATA[LOCATION]]></Event>
<Latitude>24.307697</Latitude>
<Longitude>109.403175</Longitude>
<Precision>65.000000</Precision>
</xml>

2016-04-28 10:56:14 params :
------------
Array:
message : Array ;
module : default ;
rule : -1 ;

2016-04-28 10:56:14 response :
------------
Array:
errno : -1 ;
message : Invaild value ;

2016-04-28 10:56:25 trace :
------------
String:
<xml><ToUserName><![CDATA[gh_d5c808a7666e]]></ToUserName>
<FromUserName><![CDATA[om_6jt8yhJ1OMReBHgaxfs-XHga4]]></FromUserName>
<CreateTime>1461812159</CreateTime>
<MsgType><![CDATA[event]]></MsgType>
<Event><![CDATA[VIEW]]></Event>
<EventKey><![CDATA[http://wqq.xyj0772.com/app/index.php?i=2&c=entry&eid=512]]></EventKey>
<MenuId>404078186</MenuId>
</xml>

2016-04-28 10:56:25 params :
------------
Array:
rule : -2 ;
module :  ;
message : Array ;

2016-04-28 10:56:25 response :
------------

2016-04-28 10:56:47 trace :
------------
String:
<xml><ToUserName><![CDATA[gh_d5c808a7666e]]></ToUserName>
<FromUserName><![CDATA[om_6jt8yhJ1OMReBHgaxfs-XHga4]]></FromUserName>
<CreateTime>1461812181</CreateTime>
<MsgType><![CDATA[event]]></MsgType>
<Event><![CDATA[CLICK]]></Event>
<EventKey><![CDATA[花店海报]]></EventKey>
</xml>

2016-04-28 10:56:59 trace :
------------
String:
<xml><ToUserName><![CDATA[gh_d5c808a7666e]]></ToUserName>
<FromUserName><![CDATA[om_6jt8yhJ1OMReBHgaxfs-XHga4]]></FromUserName>
<CreateTime>1461812193</CreateTime>
<MsgType><![CDATA[event]]></MsgType>
<Event><![CDATA[VIEW]]></Event>
<EventKey><![CDATA[http://wqq.xyj0772.com/app/index.php?i=2&c=entry&eid=512]]></EventKey>
<MenuId>404078186</MenuId>
</xml>

2016-04-28 10:56:59 params :
------------
Array:
rule : -2 ;
module :  ;
message : Array ;

2016-04-28 10:56:59 response :
------------

2016-04-28 11:00:39 trace :
------------
String:
<xml><ToUserName><![CDATA[gh_d5c808a7666e]]></ToUserName>
<FromUserName><![CDATA[om_6jt8yhJ1OMReBHgaxfs-XHga4]]></FromUserName>
<CreateTime>1461812410</CreateTime>
<MsgType><![CDATA[event]]></MsgType>
<Event><![CDATA[CLICK]]></Event>
<EventKey><![CDATA[花店海报]]></EventKey>
</xml>

2016-04-28 11:00:43 trace :
------------
String:
<xml><ToUserName><![CDATA[gh_d5c808a7666e]]></ToUserName>
<FromUserName><![CDATA[om_6jt8yhJ1OMReBHgaxfs-XHga4]]></FromUserName>
<CreateTime>1461812414</CreateTime>
<MsgType><![CDATA[event]]></MsgType>
<Event><![CDATA[VIEW]]></Event>
<EventKey><![CDATA[http://wqq.xyj0772.com/app/index.php?i=2&c=entry&eid=512]]></EventKey>
<MenuId>404078186</MenuId>
</xml>

2016-04-28 11:00:43 params :
------------
Array:
rule : -2 ;
module :  ;
message : Array ;

2016-04-28 11:00:43 response :
------------

2016-04-28 11:00:55 trace :
------------
String:
<xml><ToUserName><![CDATA[gh_d5c808a7666e]]></ToUserName>
<FromUserName><![CDATA[om_6jt8yhJ1OMReBHgaxfs-XHga4]]></FromUserName>
<CreateTime>1461812425</CreateTime>
<MsgType><![CDATA[event]]></MsgType>
<Event><![CDATA[VIEW]]></Event>
<EventKey><![CDATA[http://wqq.xyj0772.com/app/index.php?i=2&c=entry&eid=512]]></EventKey>
<MenuId>404078186</MenuId>
</xml>

2016-04-28 11:00:55 params :
------------
Array:
rule : -2 ;
module :  ;
message : Array ;

2016-04-28 11:00:55 response :
------------

2016-04-28 11:01:39 trace :
------------
String:
<xml><ToUserName><![CDATA[gh_d5c808a7666e]]></ToUserName>
<FromUserName><![CDATA[om_6jt8yhJ1OMReBHgaxfs-XHga4]]></FromUserName>
<CreateTime>1461812468</CreateTime>
<MsgType><![CDATA[event]]></MsgType>
<Event><![CDATA[VIEW]]></Event>
<EventKey><![CDATA[http://wqq.xyj0772.com/app/index.php?i=2&c=entry&eid=512]]></EventKey>
<MenuId>404078186</MenuId>
</xml>

2016-04-28 11:01:39 params :
------------
Array:
rule : -2 ;
module :  ;
message : Array ;

2016-04-28 11:01:39 response :
------------

2016-04-28 11:02:13 trace :
------------
String:
<xml><ToUserName><![CDATA[gh_d5c808a7666e]]></ToUserName>
<FromUserName><![CDATA[om_6jt8yhJ1OMReBHgaxfs-XHga4]]></FromUserName>
<CreateTime>1461812502</CreateTime>
<MsgType><![CDATA[event]]></MsgType>
<Event><![CDATA[VIEW]]></Event>
<EventKey><![CDATA[http://wqq.xyj0772.com/app/index.php?i=2&c=entry&eid=120]]></EventKey>
<MenuId>404078186</MenuId>
</xml>

2016-04-28 11:02:13 params :
------------
Array:
rule : -2 ;
module :  ;
message : Array ;

2016-04-28 11:02:13 response :
------------

2016-04-28 11:02:43 trace :
------------
String:
<xml><ToUserName><![CDATA[gh_d5c808a7666e]]></ToUserName>
<FromUserName><![CDATA[om_6jt8yhJ1OMReBHgaxfs-XHga4]]></FromUserName>
<CreateTime>1461812531</CreateTime>
<MsgType><![CDATA[event]]></MsgType>
<Event><![CDATA[LOCATION]]></Event>
<Latitude>24.308201</Latitude>
<Longitude>109.403427</Longitude>
<Precision>65.000000</Precision>
</xml>

2016-04-28 11:02:43 params :
------------
Array:
message : Array ;
module : default ;
rule : -1 ;

2016-04-28 11:02:43 response :
------------
Array:
errno : -1 ;
message : Invaild value ;

2016-04-28 11:02:46 trace :
------------
String:
<xml><ToUserName><![CDATA[gh_d5c808a7666e]]></ToUserName>
<FromUserName><![CDATA[om_6jt2KN5m2a7PN8LYPB54R85zI]]></FromUserName>
<CreateTime>1461812535</CreateTime>
<MsgType><![CDATA[event]]></MsgType>
<Event><![CDATA[VIEW]]></Event>
<EventKey><![CDATA[http://wqq.xyj0772.com/app/index.php?i=2&c=entry&eid=512]]></EventKey>
<MenuId>404078186</MenuId>
</xml>

2016-04-28 11:02:46 params :
------------
Array:
rule : -2 ;
module :  ;
message : Array ;

2016-04-28 11:02:46 response :
------------

2016-04-28 11:02:56 trace :
------------
String:
<xml><ToUserName><![CDATA[gh_d5c808a7666e]]></ToUserName>
<FromUserName><![CDATA[om_6jt8yhJ1OMReBHgaxfs-XHga4]]></FromUserName>
<CreateTime>1461812544</CreateTime>
<MsgType><![CDATA[event]]></MsgType>
<Event><![CDATA[LOCATION]]></Event>
<Latitude>24.307699</Latitude>
<Longitude>109.403145</Longitude>
<Precision>65.000000</Precision>
</xml>

2016-04-28 11:02:56 params :
------------
Array:
message : Array ;
module : default ;
rule : -1 ;

2016-04-28 11:02:56 response :
------------
Array:
errno : -1 ;
message : Invaild value ;

2016-04-28 11:04:22 trace :
------------
String:
<xml><ToUserName><![CDATA[gh_d5c808a7666e]]></ToUserName>
<FromUserName><![CDATA[om_6jtyQf-cCdhTl69D60wRrcizI]]></FromUserName>
<CreateTime>1461812629</CreateTime>
<MsgType><![CDATA[event]]></MsgType>
<Event><![CDATA[unsubscribe]]></Event>
<EventKey><![CDATA[]]></EventKey>
</xml>

2016-04-28 11:05:11 trace :
------------
String:
<xml><ToUserName><![CDATA[gh_d5c808a7666e]]></ToUserName>
<FromUserName><![CDATA[om_6jt8yhJ1OMReBHgaxfs-XHga4]]></FromUserName>
<CreateTime>1461812677</CreateTime>
<MsgType><![CDATA[event]]></MsgType>
<Event><![CDATA[LOCATION]]></Event>
<Latitude>24.307676</Latitude>
<Longitude>109.403168</Longitude>
<Precision>65.000000</Precision>
</xml>

2016-04-28 11:05:11 params :
------------
Array:
message : Array ;
module : default ;
rule : -1 ;

2016-04-28 11:05:11 response :
------------
Array:
errno : -1 ;
message : Invaild value ;

2016-04-28 11:05:13 trace :
------------
String:
<xml><ToUserName><![CDATA[gh_d5c808a7666e]]></ToUserName>
<FromUserName><![CDATA[om_6jt8yhJ1OMReBHgaxfs-XHga4]]></FromUserName>
<CreateTime>1461812679</CreateTime>
<MsgType><![CDATA[event]]></MsgType>
<Event><![CDATA[VIEW]]></Event>
<EventKey><![CDATA[http://wqq.xyj0772.com/app/index.php?i=2&c=entry&eid=512]]></EventKey>
<MenuId>404078186</MenuId>
</xml>

2016-04-28 11:05:13 params :
------------
Array:
rule : -2 ;
module :  ;
message : Array ;

2016-04-28 11:05:13 response :
------------

2016-04-28 11:05:57 trace :
------------
String:
<xml><ToUserName><![CDATA[gh_d5c808a7666e]]></ToUserName>
<FromUserName><![CDATA[om_6jt2KN5m2a7PN8LYPB54R85zI]]></FromUserName>
<CreateTime>1461812723</CreateTime>
<MsgType><![CDATA[event]]></MsgType>
<Event><![CDATA[LOCATION]]></Event>
<Latitude>24.307705</Latitude>
<Longitude>109.403114</Longitude>
<Precision>65.000000</Precision>
</xml>

2016-04-28 11:05:57 params :
------------
Array:
message : Array ;
module : default ;
rule : -1 ;

2016-04-28 11:05:57 response :
------------
Array:
errno : -1 ;
message : Invaild value ;

2016-04-28 11:36:47 trace :
------------
String:
<xml><ToUserName><![CDATA[gh_d5c808a7666e]]></ToUserName>
<FromUserName><![CDATA[om_6jt8yhJ1OMReBHgaxfs-XHga4]]></FromUserName>
<CreateTime>1461814597</CreateTime>
<MsgType><![CDATA[event]]></MsgType>
<Event><![CDATA[LOCATION]]></Event>
<Latitude>24.306955</Latitude>
<Longitude>109.403168</Longitude>
<Precision>65.000000</Precision>
</xml>

2016-04-28 11:36:47 params :
------------
Array:
message : Array ;
module : default ;
rule : -1 ;

2016-04-28 11:36:47 response :
------------
Array:
errno : -1 ;
message : Invaild value ;

2016-04-28 11:44:56 trace :
------------
String:
<xml><ToUserName><![CDATA[gh_d5c808a7666e]]></ToUserName>
<FromUserName><![CDATA[om_6jt2KN5m2a7PN8LYPB54R85zI]]></FromUserName>
<CreateTime>1461815081</CreateTime>
<MsgType><![CDATA[event]]></MsgType>
<Event><![CDATA[LOCATION]]></Event>
<Latitude>24.307550</Latitude>
<Longitude>109.403107</Longitude>
<Precision>65.000000</Precision>
</xml>

2016-04-28 11:44:56 params :
------------
Array:
message : Array ;
module : default ;
rule : -1 ;

2016-04-28 11:44:56 response :
------------
Array:
errno : -1 ;
message : Invaild value ;

2016-04-28 11:45:01 trace :
------------
String:
<xml><ToUserName><![CDATA[gh_d5c808a7666e]]></ToUserName>
<FromUserName><![CDATA[om_6jt2KN5m2a7PN8LYPB54R85zI]]></FromUserName>
<CreateTime>1461815086</CreateTime>
<MsgType><![CDATA[event]]></MsgType>
<Event><![CDATA[VIEW]]></Event>
<EventKey><![CDATA[http://wqq.xyj0772.com/app/index.php?i=2&c=entry&eid=516]]></EventKey>
<MenuId>404078186</MenuId>
</xml>

2016-04-28 11:45:01 params :
------------
Array:
rule : -2 ;
module :  ;
message : Array ;

2016-04-28 11:45:01 response :
------------

2016-04-28 11:53:13 trace :
------------
String:
<xml><ToUserName><![CDATA[gh_d5c808a7666e]]></ToUserName>
<FromUserName><![CDATA[om_6jt8yhJ1OMReBHgaxfs-XHga4]]></FromUserName>
<CreateTime>1461815573</CreateTime>
<MsgType><![CDATA[event]]></MsgType>
<Event><![CDATA[VIEW]]></Event>
<EventKey><![CDATA[http://wqq.xyj0772.com/app/index.php?i=2&c=entry&eid=512]]></EventKey>
<MenuId>404078186</MenuId>
</xml>

2016-04-28 11:53:13 params :
------------
Array:
rule : -2 ;
module :  ;
message : Array ;

2016-04-28 11:53:13 response :
------------

2016-04-28 12:02:05 trace :
------------
String:
<xml><ToUserName><![CDATA[gh_d5c808a7666e]]></ToUserName>
<FromUserName><![CDATA[om_6jt2KN5m2a7PN8LYPB54R85zI]]></FromUserName>
<CreateTime>1461816097</CreateTime>
<MsgType><![CDATA[event]]></MsgType>
<Event><![CDATA[CLICK]]></Event>
<EventKey><![CDATA[花店海报]]></EventKey>
</xml>

2016-04-28 12:02:38 trace :
------------
String:
<xml><ToUserName><![CDATA[gh_d5c808a7666e]]></ToUserName>
<FromUserName><![CDATA[om_6jt9nx0Vn3i2pXSydeJEeGeUU]]></FromUserName>
<CreateTime>1461816130</CreateTime>
<MsgType><![CDATA[event]]></MsgType>
<Event><![CDATA[unsubscribe]]></Event>
<EventKey><![CDATA[]]></EventKey>
</xml>

2016-04-28 12:03:07 trace :
------------
String:
<xml><ToUserName><![CDATA[gh_d5c808a7666e]]></ToUserName>
<FromUserName><![CDATA[om_6jt9nx0Vn3i2pXSydeJEeGeUU]]></FromUserName>
<CreateTime>1461816158</CreateTime>
<MsgType><![CDATA[event]]></MsgType>
<Event><![CDATA[subscribe]]></Event>
<EventKey><![CDATA[qrscene_b61cc861555195a0c8a6661f39aceb4d]]></EventKey>
<Ticket><![CDATA[gQEE7zoAAAAAAAAAASxodHRwOi8vd2VpeGluLnFxLmNvbS9xL1preHpqdmJra0NUcHhtMlNwbVJmAAIEGiwXVwMEAAAAAA==]]></Ticket>
</xml>

2016-04-28 12:03:40 trace :
------------
String:
<xml><ToUserName><![CDATA[gh_d5c808a7666e]]></ToUserName>
<FromUserName><![CDATA[om_6jt2KN5m2a7PN8LYPB54R85zI]]></FromUserName>
<CreateTime>1461816191</CreateTime>
<MsgType><![CDATA[event]]></MsgType>
<Event><![CDATA[VIEW]]></Event>
<EventKey><![CDATA[http://wqq.xyj0772.com/app/index.php?i=2&c=entry&eid=512]]></EventKey>
<MenuId>404078186</MenuId>
</xml>

2016-04-28 12:03:40 params :
------------
Array:
rule : -2 ;
module :  ;
message : Array ;

2016-04-28 12:03:40 response :
------------

2016-04-28 12:04:07 trace :
------------
String:
<xml><ToUserName><![CDATA[gh_d5c808a7666e]]></ToUserName>
<FromUserName><![CDATA[om_6jt9nx0Vn3i2pXSydeJEeGeUU]]></FromUserName>
<CreateTime>1461816218</CreateTime>
<MsgType><![CDATA[event]]></MsgType>
<Event><![CDATA[LOCATION]]></Event>
<Latitude>24.307638</Latitude>
<Longitude>109.403145</Longitude>
<Precision>65.000000</Precision>
</xml>

2016-04-28 12:04:07 params :
------------
Array:
message : Array ;
module : default ;
rule : -1 ;

2016-04-28 12:04:07 response :
------------
Array:
errno : -1 ;
message : Invaild value ;

2016-04-28 12:04:09 trace :
------------
String:
<xml><ToUserName><![CDATA[gh_d5c808a7666e]]></ToUserName>
<FromUserName><![CDATA[om_6jt9nx0Vn3i2pXSydeJEeGeUU]]></FromUserName>
<CreateTime>1461816220</CreateTime>
<MsgType><![CDATA[event]]></MsgType>
<Event><![CDATA[LOCATION]]></Event>
<Latitude>24.307610</Latitude>
<Longitude>109.403053</Longitude>
<Precision>65.000000</Precision>
</xml>

2016-04-28 12:04:09 params :
------------
Array:
message : Array ;
module : default ;
rule : -1 ;

2016-04-28 12:04:09 response :
------------
Array:
errno : -1 ;
message : Invaild value ;

2016-04-28 12:04:09 trace :
------------
String:
<xml><ToUserName><![CDATA[gh_d5c808a7666e]]></ToUserName>
<FromUserName><![CDATA[om_6jt9nx0Vn3i2pXSydeJEeGeUU]]></FromUserName>
<CreateTime>1461816220</CreateTime>
<MsgType><![CDATA[event]]></MsgType>
<Event><![CDATA[VIEW]]></Event>
<EventKey><![CDATA[http://wqq.xyj0772.com/app/index.php?i=2&c=entry&eid=512]]></EventKey>
<MenuId>404078186</MenuId>
</xml>

2016-04-28 12:04:09 params :
------------
Array:
rule : -2 ;
module :  ;
message : Array ;

2016-04-28 12:04:09 response :
------------

2016-04-28 12:05:33 trace :
------------
String:
<xml><ToUserName><![CDATA[gh_d5c808a7666e]]></ToUserName>
<FromUserName><![CDATA[om_6jt9nx0Vn3i2pXSydeJEeGeUU]]></FromUserName>
<CreateTime>1461816302</CreateTime>
<MsgType><![CDATA[event]]></MsgType>
<Event><![CDATA[VIEW]]></Event>
<EventKey><![CDATA[http://wqq.xyj0772.com/app/index.php?i=2&c=entry&eid=516]]></EventKey>
<MenuId>404078186</MenuId>
</xml>

2016-04-28 12:05:33 params :
------------
Array:
rule : -2 ;
module :  ;
message : Array ;

2016-04-28 12:05:33 response :
------------

2016-04-28 12:06:06 trace :
------------
String:
<xml><ToUserName><![CDATA[gh_d5c808a7666e]]></ToUserName>
<FromUserName><![CDATA[om_6jt2KN5m2a7PN8LYPB54R85zI]]></FromUserName>
<CreateTime>1461816335</CreateTime>
<MsgType><![CDATA[event]]></MsgType>
<Event><![CDATA[VIEW]]></Event>
<EventKey><![CDATA[http://wqq.xyj0772.com/app/index.php?i=2&c=entry&eid=516]]></EventKey>
<MenuId>404078186</MenuId>
</xml>

2016-04-28 12:06:06 params :
------------
Array:
rule : -2 ;
module :  ;
message : Array ;

2016-04-28 12:06:06 response :
------------

2016-04-28 12:06:15 trace :
------------
String:
<xml><ToUserName><![CDATA[gh_d5c808a7666e]]></ToUserName>
<FromUserName><![CDATA[om_6jt9nx0Vn3i2pXSydeJEeGeUU]]></FromUserName>
<CreateTime>1461816344</CreateTime>
<MsgType><![CDATA[event]]></MsgType>
<Event><![CDATA[CLICK]]></Event>
<EventKey><![CDATA[花店海报]]></EventKey>
</xml>

2016-04-28 12:06:19 trace :
------------
String:
<xml><ToUserName><![CDATA[gh_d5c808a7666e]]></ToUserName>
<FromUserName><![CDATA[om_6jt9nx0Vn3i2pXSydeJEeGeUU]]></FromUserName>
<CreateTime>1461816348</CreateTime>
<MsgType><![CDATA[event]]></MsgType>
<Event><![CDATA[VIEW]]></Event>
<EventKey><![CDATA[http://wqq.xyj0772.com/app/index.php?i=2&c=entry&eid=516]]></EventKey>
<MenuId>404078186</MenuId>
</xml>

2016-04-28 12:06:20 params :
------------
Array:
rule : -2 ;
module :  ;
message : Array ;

2016-04-28 12:06:20 response :
------------

2016-04-28 12:06:33 trace :
------------
String:
<xml><ToUserName><![CDATA[gh_d5c808a7666e]]></ToUserName>
<FromUserName><![CDATA[om_6jt2KN5m2a7PN8LYPB54R85zI]]></FromUserName>
<CreateTime>1461816361</CreateTime>
<MsgType><![CDATA[event]]></MsgType>
<Event><![CDATA[VIEW]]></Event>
<EventKey><![CDATA[http://wqq.xyj0772.com/app/index.php?i=2&c=entry&eid=516]]></EventKey>
<MenuId>404078186</MenuId>
</xml>

2016-04-28 12:06:33 params :
------------
Array:
rule : -2 ;
module :  ;
message : Array ;

2016-04-28 12:06:33 response :
------------

2016-04-28 12:07:12 trace :
------------
String:
<xml><ToUserName><![CDATA[gh_d5c808a7666e]]></ToUserName>
<FromUserName><![CDATA[om_6jt9nx0Vn3i2pXSydeJEeGeUU]]></FromUserName>
<CreateTime>1461816400</CreateTime>
<MsgType><![CDATA[event]]></MsgType>
<Event><![CDATA[VIEW]]></Event>
<EventKey><![CDATA[http://wqq.xyj0772.com/app/index.php?i=2&c=entry&eid=516]]></EventKey>
<MenuId>404078186</MenuId>
</xml>

2016-04-28 12:07:12 params :
------------
Array:
rule : -2 ;
module :  ;
message : Array ;

2016-04-28 12:07:12 response :
------------

2016-04-28 12:07:35 trace :
------------
String:
<xml><ToUserName><![CDATA[gh_d5c808a7666e]]></ToUserName>
<FromUserName><![CDATA[om_6jt9nx0Vn3i2pXSydeJEeGeUU]]></FromUserName>
<CreateTime>1461816423</CreateTime>
<MsgType><![CDATA[event]]></MsgType>
<Event><![CDATA[LOCATION]]></Event>
<Latitude>24.307590</Latitude>
<Longitude>109.403084</Longitude>
<Precision>65.000000</Precision>
</xml>

2016-04-28 12:07:35 params :
------------
Array:
message : Array ;
module : default ;
rule : -1 ;

2016-04-28 12:07:35 response :
------------
Array:
errno : -1 ;
message : Invaild value ;

2016-04-28 12:18:34 trace :
------------
String:
<xml><ToUserName><![CDATA[gh_d5c808a7666e]]></ToUserName>
<FromUserName><![CDATA[om_6jt9nx0Vn3i2pXSydeJEeGeUU]]></FromUserName>
<CreateTime>1461817074</CreateTime>
<MsgType><![CDATA[event]]></MsgType>
<Event><![CDATA[LOCATION]]></Event>
<Latitude>24.307587</Latitude>
<Longitude>109.403107</Longitude>
<Precision>65.000000</Precision>
</xml>

2016-04-28 12:18:34 params :
------------
Array:
message : Array ;
module : default ;
rule : -1 ;

2016-04-28 12:18:34 response :
------------
Array:
errno : -1 ;
message : Invaild value ;

2016-04-28 12:20:17 trace :
------------
String:
<xml><ToUserName><![CDATA[gh_d5c808a7666e]]></ToUserName>
<FromUserName><![CDATA[om_6jt9nx0Vn3i2pXSydeJEeGeUU]]></FromUserName>
<CreateTime>1461817175</CreateTime>
<MsgType><![CDATA[event]]></MsgType>
<Event><![CDATA[VIEW]]></Event>
<EventKey><![CDATA[http://wqq.xyj0772.com/app/index.php?i=2&c=entry&eid=512]]></EventKey>
<MenuId>404078186</MenuId>
</xml>

2016-04-28 12:20:17 params :
------------
Array:
rule : -2 ;
module :  ;
message : Array ;

2016-04-28 12:20:17 response :
------------

2016-04-28 12:20:58 trace :
------------
String:
<xml><ToUserName><![CDATA[gh_d5c808a7666e]]></ToUserName>
<FromUserName><![CDATA[om_6jt9nx0Vn3i2pXSydeJEeGeUU]]></FromUserName>
<CreateTime>1461817216</CreateTime>
<MsgType><![CDATA[event]]></MsgType>
<Event><![CDATA[VIEW]]></Event>
<EventKey><![CDATA[http://wqq.xyj0772.com/app/index.php?i=2&c=entry&eid=512]]></EventKey>
<MenuId>404078186</MenuId>
</xml>

2016-04-28 12:20:58 params :
------------
Array:
rule : -2 ;
module :  ;
message : Array ;

2016-04-28 12:20:58 response :
------------

2016-04-28 12:21:25 trace :
------------
String:
<xml><ToUserName><![CDATA[gh_d5c808a7666e]]></ToUserName>
<FromUserName><![CDATA[om_6jt9nx0Vn3i2pXSydeJEeGeUU]]></FromUserName>
<CreateTime>1461817242</CreateTime>
<MsgType><![CDATA[event]]></MsgType>
<Event><![CDATA[VIEW]]></Event>
<EventKey><![CDATA[http://wqq.xyj0772.com/app/index.php?i=2&c=entry&eid=512]]></EventKey>
<MenuId>404078186</MenuId>
</xml>

2016-04-28 12:21:25 params :
------------
Array:
rule : -2 ;
module :  ;
message : Array ;

2016-04-28 12:21:25 response :
------------

2016-04-28 12:21:58 trace :
------------
String:
<xml><ToUserName><![CDATA[gh_d5c808a7666e]]></ToUserName>
<FromUserName><![CDATA[om_6jt9nx0Vn3i2pXSydeJEeGeUU]]></FromUserName>
<CreateTime>1461817276</CreateTime>
<MsgType><![CDATA[event]]></MsgType>
<Event><![CDATA[VIEW]]></Event>
<EventKey><![CDATA[http://wqq.xyj0772.com/app/index.php?i=2&c=entry&eid=512]]></EventKey>
<MenuId>404078186</MenuId>
</xml>

2016-04-28 12:21:58 params :
------------
Array:
rule : -2 ;
module :  ;
message : Array ;

2016-04-28 12:21:58 response :
------------

2016-04-28 12:23:16 trace :
------------
String:
<xml><ToUserName><![CDATA[gh_d5c808a7666e]]></ToUserName>
<FromUserName><![CDATA[om_6jt9nx0Vn3i2pXSydeJEeGeUU]]></FromUserName>
<CreateTime>1461817352</CreateTime>
<MsgType><![CDATA[event]]></MsgType>
<Event><![CDATA[VIEW]]></Event>
<EventKey><![CDATA[http://wqq.xyj0772.com/app/index.php?i=2&c=entry&eid=512]]></EventKey>
<MenuId>404078186</MenuId>
</xml>

2016-04-28 12:23:16 params :
------------
Array:
rule : -2 ;
module :  ;
message : Array ;

2016-04-28 12:23:16 response :
------------

2016-04-28 13:02:12 trace :
------------
String:
<xml><ToUserName><![CDATA[gh_d5c808a7666e]]></ToUserName>
<FromUserName><![CDATA[om_6jt8yhJ1OMReBHgaxfs-XHga4]]></FromUserName>
<CreateTime>1461819710</CreateTime>
<MsgType><![CDATA[event]]></MsgType>
<Event><![CDATA[LOCATION]]></Event>
<Latitude>24.306992</Latitude>
<Longitude>109.403427</Longitude>
<Precision>65.000000</Precision>
</xml>

2016-04-28 13:02:12 params :
------------
Array:
message : Array ;
module : default ;
rule : -1 ;

2016-04-28 13:02:12 response :
------------
Array:
errno : -1 ;
message : Invaild value ;

2016-04-28 13:02:12 trace :
------------
String:
<xml><ToUserName><![CDATA[gh_d5c808a7666e]]></ToUserName>
<FromUserName><![CDATA[om_6jt8yhJ1OMReBHgaxfs-XHga4]]></FromUserName>
<CreateTime>1461819710</CreateTime>
<MsgType><![CDATA[event]]></MsgType>
<Event><![CDATA[VIEW]]></Event>
<EventKey><![CDATA[http://wqq.xyj0772.com/app/index.php?i=2&c=entry&eid=512]]></EventKey>
<MenuId>404078186</MenuId>
</xml>

2016-04-28 13:02:12 params :
------------
Array:
rule : -2 ;
module :  ;
message : Array ;

2016-04-28 13:02:12 response :
------------

2016-04-28 13:13:09 trace :
------------
String:
<xml><ToUserName><![CDATA[gh_d5c808a7666e]]></ToUserName>
<FromUserName><![CDATA[om_6jt8yhJ1OMReBHgaxfs-XHga4]]></FromUserName>
<CreateTime>1461820361</CreateTime>
<MsgType><![CDATA[event]]></MsgType>
<Event><![CDATA[VIEW]]></Event>
<EventKey><![CDATA[http://wqq.xyj0772.com/app/index.php?i=2&c=entry&eid=512]]></EventKey>
<MenuId>404078186</MenuId>
</xml>

2016-04-28 13:13:09 params :
------------
Array:
rule : -2 ;
module :  ;
message : Array ;

2016-04-28 13:13:09 response :
------------

2016-04-28 13:15:22 trace :
------------
String:
<xml><ToUserName><![CDATA[gh_d5c808a7666e]]></ToUserName>
<FromUserName><![CDATA[om_6jt8yhJ1OMReBHgaxfs-XHga4]]></FromUserName>
<CreateTime>1461820492</CreateTime>
<MsgType><![CDATA[event]]></MsgType>
<Event><![CDATA[CLICK]]></Event>
<EventKey><![CDATA[花店海报]]></EventKey>
</xml>

2016-04-28 13:16:08 trace :
------------
String:
<xml><ToUserName><![CDATA[gh_d5c808a7666e]]></ToUserName>
<FromUserName><![CDATA[om_6jt8yhJ1OMReBHgaxfs-XHga4]]></FromUserName>
<CreateTime>1461820537</CreateTime>
<MsgType><![CDATA[event]]></MsgType>
<Event><![CDATA[VIEW]]></Event>
<EventKey><![CDATA[http://wqq.xyj0772.com/app/index.php?i=2&c=entry&eid=516]]></EventKey>
<MenuId>404078186</MenuId>
</xml>

2016-04-28 13:16:08 params :
------------
Array:
rule : -2 ;
module :  ;
message : Array ;

2016-04-28 13:16:08 response :
------------

2016-04-28 13:16:16 trace :
------------
String:
<xml><ToUserName><![CDATA[gh_d5c808a7666e]]></ToUserName>
<FromUserName><![CDATA[om_6jt8yhJ1OMReBHgaxfs-XHga4]]></FromUserName>
<CreateTime>1461820545</CreateTime>
<MsgType><![CDATA[event]]></MsgType>
<Event><![CDATA[VIEW]]></Event>
<EventKey><![CDATA[http://wqq.xyj0772.com/app/index.php?i=2&c=entry&eid=512]]></EventKey>
<MenuId>404078186</MenuId>
</xml>

2016-04-28 13:16:16 params :
------------
Array:
rule : -2 ;
module :  ;
message : Array ;

2016-04-28 13:16:16 response :
------------

2016-04-28 14:40:33 trace :
------------
String:
<xml><ToUserName><![CDATA[gh_d5c808a7666e]]></ToUserName>
<FromUserName><![CDATA[om_6jt2KN5m2a7PN8LYPB54R85zI]]></FromUserName>
<CreateTime>1461825623</CreateTime>
<MsgType><![CDATA[event]]></MsgType>
<Event><![CDATA[VIEW]]></Event>
<EventKey><![CDATA[http://wqq.xyj0772.com/app/index.php?i=2&c=entry&eid=516]]></EventKey>
<MenuId>404078186</MenuId>
</xml>

2016-04-28 14:40:33 params :
------------
Array:
rule : -2 ;
module :  ;
message : Array ;

2016-04-28 14:40:33 response :
------------

2016-04-28 14:40:42 trace :
------------
String:
<xml><ToUserName><![CDATA[gh_d5c808a7666e]]></ToUserName>
<FromUserName><![CDATA[om_6jt2KN5m2a7PN8LYPB54R85zI]]></FromUserName>
<CreateTime>1461825631</CreateTime>
<MsgType><![CDATA[event]]></MsgType>
<Event><![CDATA[VIEW]]></Event>
<EventKey><![CDATA[http://wqq.xyj0772.com/app/index.php?i=2&c=entry&eid=512]]></EventKey>
<MenuId>404078186</MenuId>
</xml>

2016-04-28 14:40:42 params :
------------
Array:
rule : -2 ;
module :  ;
message : Array ;

2016-04-28 14:40:42 response :
------------

2016-04-28 14:48:26 trace :
------------
String:
<xml><ToUserName><![CDATA[gh_d5c808a7666e]]></ToUserName>
<FromUserName><![CDATA[om_6jt2KN5m2a7PN8LYPB54R85zI]]></FromUserName>
<CreateTime>1461826090</CreateTime>
<MsgType><![CDATA[event]]></MsgType>
<Event><![CDATA[VIEW]]></Event>
<EventKey><![CDATA[http://wqq.xyj0772.com/app/index.php?i=2&c=entry&eid=512]]></EventKey>
<MenuId>404078186</MenuId>
</xml>

2016-04-28 14:48:26 params :
------------
Array:
rule : -2 ;
module :  ;
message : Array ;

2016-04-28 14:48:26 response :
------------

2016-04-28 14:51:38 trace :
------------
String:
<xml><ToUserName><![CDATA[gh_d5c808a7666e]]></ToUserName>
<FromUserName><![CDATA[om_6jt2KN5m2a7PN8LYPB54R85zI]]></FromUserName>
<CreateTime>1461826279</CreateTime>
<MsgType><![CDATA[event]]></MsgType>
<Event><![CDATA[LOCATION]]></Event>
<Latitude>24.307688</Latitude>
<Longitude>109.403122</Longitude>
<Precision>65.000000</Precision>
</xml>

2016-04-28 14:51:38 params :
------------
Array:
message : Array ;
module : default ;
rule : -1 ;

2016-04-28 14:51:38 response :
------------
Array:
errno : -1 ;
message : Invaild value ;

2016-04-28 14:51:45 trace :
------------
String:
<xml><ToUserName><![CDATA[gh_d5c808a7666e]]></ToUserName>
<FromUserName><![CDATA[om_6jt2KN5m2a7PN8LYPB54R85zI]]></FromUserName>
<CreateTime>1461826286</CreateTime>
<MsgType><![CDATA[event]]></MsgType>
<Event><![CDATA[unsubscribe]]></Event>
<EventKey><![CDATA[]]></EventKey>
</xml>

2016-04-28 14:52:17 trace :
------------
String:
<xml><ToUserName><![CDATA[gh_d5c808a7666e]]></ToUserName>
<FromUserName><![CDATA[om_6jt2KN5m2a7PN8LYPB54R85zI]]></FromUserName>
<CreateTime>1461826317</CreateTime>
<MsgType><![CDATA[event]]></MsgType>
<Event><![CDATA[subscribe]]></Event>
<EventKey><![CDATA[last_trade_no_4003412001201604265245689744]]></EventKey>
</xml>

2016-04-28 14:52:17 params :
------------
Array:
rule : -2 ;
module :  ;
message : Array ;

2016-04-28 14:52:17 response :
------------

2016-04-28 14:52:21 trace :
------------
String:
<xml><ToUserName><![CDATA[gh_d5c808a7666e]]></ToUserName>
<FromUserName><![CDATA[om_6jt2KN5m2a7PN8LYPB54R85zI]]></FromUserName>
<CreateTime>1461826321</CreateTime>
<MsgType><![CDATA[event]]></MsgType>
<Event><![CDATA[VIEW]]></Event>
<EventKey><![CDATA[http://hh.xyj0772.com/mobile/]]></EventKey>
<MenuId>404078413</MenuId>
</xml>

2016-04-28 14:52:21 params :
------------
Array:
rule : -2 ;
module :  ;
message : Array ;

2016-04-28 14:52:21 response :
------------

2016-04-28 15:03:46 trace :
------------
String:
<xml><ToUserName><![CDATA[gh_d5c808a7666e]]></ToUserName>
<FromUserName><![CDATA[om_6jt2KN5m2a7PN8LYPB54R85zI]]></FromUserName>
<CreateTime>1461826998</CreateTime>
<MsgType><![CDATA[event]]></MsgType>
<Event><![CDATA[VIEW]]></Event>
<EventKey><![CDATA[http://hh.xyj0772.com/mobile/]]></EventKey>
<MenuId>404078414</MenuId>
</xml>

2016-04-28 15:03:46 params :
------------
Array:
rule : -2 ;
module :  ;
message : Array ;

2016-04-28 15:03:46 response :
------------

2016-04-28 16:18:57 trace :
------------
String:
<xml><ToUserName><![CDATA[gh_d5c808a7666e]]></ToUserName>
<FromUserName><![CDATA[om_6jt2KN5m2a7PN8LYPB54R85zI]]></FromUserName>
<CreateTime>1461831500</CreateTime>
<MsgType><![CDATA[event]]></MsgType>
<Event><![CDATA[VIEW]]></Event>
<EventKey><![CDATA[http://hh.xyj0772.com/mobile/]]></EventKey>
<MenuId>404078414</MenuId>
</xml>

2016-04-28 16:18:57 params :
------------
Array:
rule : -2 ;
module :  ;
message : Array ;

2016-04-28 16:18:57 response :
------------

2016-04-28 16:30:29 trace :
------------
String:
<xml><ToUserName><![CDATA[gh_d5c808a7666e]]></ToUserName>
<FromUserName><![CDATA[om_6jt2KN5m2a7PN8LYPB54R85zI]]></FromUserName>
<CreateTime>1461832224</CreateTime>
<MsgType><![CDATA[event]]></MsgType>
<Event><![CDATA[VIEW]]></Event>
<EventKey><![CDATA[http://hh.xyj0772.com/mobile/]]></EventKey>
<MenuId>404078414</MenuId>
</xml>

2016-04-28 16:30:29 params :
------------
Array:
rule : -2 ;
module :  ;
message : Array ;

2016-04-28 16:30:29 response :
------------

2016-04-28 17:29:51 trace :
------------
String:
<xml><ToUserName><![CDATA[gh_d5c808a7666e]]></ToUserName>
<FromUserName><![CDATA[om_6jt2KN5m2a7PN8LYPB54R85zI]]></FromUserName>
<CreateTime>1461835785</CreateTime>
<MsgType><![CDATA[event]]></MsgType>
<Event><![CDATA[LOCATION]]></Event>
<Latitude>24.307789</Latitude>
<Longitude>109.403168</Longitude>
<Precision>65.000000</Precision>
</xml>

2016-04-28 17:29:51 params :
------------
Array:
message : Array ;
module : default ;
rule : -1 ;

2016-04-28 17:29:51 response :
------------
Array:
errno : -1 ;
message : Invaild value ;

2016-04-28 17:29:57 trace :
------------
String:
<xml><ToUserName><![CDATA[gh_d5c808a7666e]]></ToUserName>
<FromUserName><![CDATA[om_6jt2KN5m2a7PN8LYPB54R85zI]]></FromUserName>
<CreateTime>1461835790</CreateTime>
<MsgType><![CDATA[event]]></MsgType>
<Event><![CDATA[unsubscribe]]></Event>
<EventKey><![CDATA[]]></EventKey>
</xml>

2016-04-28 17:30:08 trace :
------------
String:
<xml><ToUserName><![CDATA[gh_d5c808a7666e]]></ToUserName>
<FromUserName><![CDATA[om_6jt2KN5m2a7PN8LYPB54R85zI]]></FromUserName>
<CreateTime>1461835801</CreateTime>
<MsgType><![CDATA[event]]></MsgType>
<Event><![CDATA[subscribe]]></Event>
<EventKey><![CDATA[last_trade_no_4003412001201604285311084744]]></EventKey>
</xml>

2016-04-28 17:30:08 params :
------------
Array:
rule : -2 ;
module :  ;
message : Array ;

2016-04-28 17:30:08 response :
------------

2016-04-28 17:31:20 trace :
------------
String:
<xml><ToUserName><![CDATA[gh_d5c808a7666e]]></ToUserName>
<FromUserName><![CDATA[om_6jt2KN5m2a7PN8LYPB54R85zI]]></FromUserName>
<CreateTime>1461835872</CreateTime>
<MsgType><![CDATA[event]]></MsgType>
<Event><![CDATA[LOCATION]]></Event>
<Latitude>24.308207</Latitude>
<Longitude>109.403397</Longitude>
<Precision>91.881134</Precision>
</xml>

2016-04-28 17:31:20 params :
------------
Array:
message : Array ;
module : default ;
rule : -1 ;

2016-04-28 17:31:20 response :
------------
Array:
errno : -1 ;
message : Invaild value ;

2016-04-28 17:31:21 trace :
------------
String:
<xml><ToUserName><![CDATA[gh_d5c808a7666e]]></ToUserName>
<FromUserName><![CDATA[om_6jt2KN5m2a7PN8LYPB54R85zI]]></FromUserName>
<CreateTime>1461835874</CreateTime>
<MsgType><![CDATA[event]]></MsgType>
<Event><![CDATA[unsubscribe]]></Event>
<EventKey><![CDATA[]]></EventKey>
</xml>

2016-04-28 17:31:35 trace :
------------
String:
<xml><ToUserName><![CDATA[gh_d5c808a7666e]]></ToUserName>
<FromUserName><![CDATA[om_6jt2KN5m2a7PN8LYPB54R85zI]]></FromUserName>
<CreateTime>1461835887</CreateTime>
<MsgType><![CDATA[event]]></MsgType>
<Event><![CDATA[subscribe]]></Event>
<EventKey><![CDATA[last_trade_no_4003412001201604285311084744]]></EventKey>
</xml>

2016-04-28 17:31:35 params :
------------
Array:
rule : -2 ;
module :  ;
message : Array ;

2016-04-28 17:31:35 response :
------------

2016-04-28 17:32:27 trace :
------------
String:
<xml><ToUserName><![CDATA[gh_d5c808a7666e]]></ToUserName>
<FromUserName><![CDATA[om_6jt2KN5m2a7PN8LYPB54R85zI]]></FromUserName>
<CreateTime>1461835939</CreateTime>
<MsgType><![CDATA[event]]></MsgType>
<Event><![CDATA[unsubscribe]]></Event>
<EventKey><![CDATA[]]></EventKey>
</xml>

2016-04-28 17:32:37 trace :
------------
String:
<xml><ToUserName><![CDATA[gh_d5c808a7666e]]></ToUserName>
<FromUserName><![CDATA[om_6jt2KN5m2a7PN8LYPB54R85zI]]></FromUserName>
<CreateTime>1461835948</CreateTime>
<MsgType><![CDATA[event]]></MsgType>
<Event><![CDATA[subscribe]]></Event>
<EventKey><![CDATA[last_trade_no_4003412001201604285311084744]]></EventKey>
</xml>

2016-04-28 17:32:37 params :
------------
Array:
rule : -2 ;
module :  ;
message : Array ;

2016-04-28 17:32:37 response :
------------

2016-04-28 17:32:42 trace :
------------
String:
<xml><ToUserName><![CDATA[gh_d5c808a7666e]]></ToUserName>
<FromUserName><![CDATA[om_6jt2KN5m2a7PN8LYPB54R85zI]]></FromUserName>
<CreateTime>1461835953</CreateTime>
<MsgType><![CDATA[event]]></MsgType>
<Event><![CDATA[VIEW]]></Event>
<EventKey><![CDATA[http://hh.xyj0772.com/mobile/]]></EventKey>
<MenuId>404078622</MenuId>
</xml>

2016-04-28 17:32:42 params :
------------
Array:
rule : -2 ;
module :  ;
message : Array ;

2016-04-28 17:32:42 response :
------------

2016-04-28 17:35:36 trace :
------------
String:
<xml><ToUserName><![CDATA[gh_d5c808a7666e]]></ToUserName>
<FromUserName><![CDATA[om_6jt2KN5m2a7PN8LYPB54R85zI]]></FromUserName>
<CreateTime>1461836126</CreateTime>
<MsgType><![CDATA[event]]></MsgType>
<Event><![CDATA[unsubscribe]]></Event>
<EventKey><![CDATA[]]></EventKey>
</xml>

2016-04-28 17:35:48 trace :
------------
String:
<xml><ToUserName><![CDATA[gh_d5c808a7666e]]></ToUserName>
<FromUserName><![CDATA[om_6jt2KN5m2a7PN8LYPB54R85zI]]></FromUserName>
<CreateTime>1461836137</CreateTime>
<MsgType><![CDATA[event]]></MsgType>
<Event><![CDATA[subscribe]]></Event>
<EventKey><![CDATA[last_trade_no_4003412001201604285311084744]]></EventKey>
</xml>

2016-04-28 17:35:48 params :
------------
Array:
rule : -2 ;
module :  ;
message : Array ;

2016-04-28 17:35:48 response :
------------

2016-04-28 17:35:53 trace :
------------
String:
<xml><ToUserName><![CDATA[gh_d5c808a7666e]]></ToUserName>
<FromUserName><![CDATA[om_6jt2KN5m2a7PN8LYPB54R85zI]]></FromUserName>
<CreateTime>1461836142</CreateTime>
<MsgType><![CDATA[event]]></MsgType>
<Event><![CDATA[VIEW]]></Event>
<EventKey><![CDATA[http://wqq.xyj0772.com/app/index.php?i=2&c=entry&eid=512]]></EventKey>
<MenuId>404078643</MenuId>
</xml>

2016-04-28 17:35:53 params :
------------
Array:
rule : -2 ;
module :  ;
message : Array ;

2016-04-28 17:35:53 response :
------------

2016-04-28 17:56:29 trace :
------------
String:
<xml><ToUserName><![CDATA[gh_d5c808a7666e]]></ToUserName>
<FromUserName><![CDATA[om_6jt2VpCJapRg0zJw12FD3VykI]]></FromUserName>
<CreateTime>1461837367</CreateTime>
<MsgType><![CDATA[event]]></MsgType>
<Event><![CDATA[subscribe]]></Event>
<EventKey><![CDATA[]]></EventKey>
</xml>

2016-04-28 17:56:29 params :
------------
Array:
rule : -2 ;
module :  ;
message : Array ;

2016-04-28 17:56:29 response :
------------

2016-04-28 17:56:34 trace :
------------
String:
<xml><ToUserName><![CDATA[gh_d5c808a7666e]]></ToUserName>
<FromUserName><![CDATA[om_6jt2VpCJapRg0zJw12FD3VykI]]></FromUserName>
<CreateTime>1461837372</CreateTime>
<MsgType><![CDATA[event]]></MsgType>
<Event><![CDATA[VIEW]]></Event>
<EventKey><![CDATA[http://wqq.xyj0772.com/app/index.php?i=2&c=entry&eid=516]]></EventKey>
<MenuId>404078643</MenuId>
</xml>

2016-04-28 17:56:34 params :
------------
Array:
rule : -2 ;
module :  ;
message : Array ;

2016-04-28 17:56:34 response :
------------

2016-04-28 17:59:42 trace :
------------
String:
<xml><ToUserName><![CDATA[gh_d5c808a7666e]]></ToUserName>
<FromUserName><![CDATA[om_6jt2VpCJapRg0zJw12FD3VykI]]></FromUserName>
<CreateTime>1461837559</CreateTime>
<MsgType><![CDATA[event]]></MsgType>
<Event><![CDATA[unsubscribe]]></Event>
<EventKey><![CDATA[]]></EventKey>
</xml>

