2016-06-30 17:30:22 trace :
------------
String:
<xml><ToUserName><![CDATA[gh_a4f9178c9538]]></ToUserName>
<FromUserName><![CDATA[oPAtQtwN8I22P_TieMHB1LZwncBo]]></FromUserName>
<CreateTime>1467279022</CreateTime>
<MsgType><![CDATA[text]]></MsgType>
<Content><![CDATA[你好 ]]></Content>
<MsgId>6301915414113306257</MsgId>
</xml>

2016-06-30 17:30:22 params :
------------
Array:
rule : -2 ;
module :  ;
message : Array ;

2016-06-30 17:30:22 response :
------------

2016-06-30 17:31:57 trace :
------------
String:
<xml><ToUserName><![CDATA[gh_a4f9178c9538]]></ToUserName>
<FromUserName><![CDATA[oPAtQtwN8I22P_TieMHB1LZwncBo]]></FromUserName>
<CreateTime>1467279117</CreateTime>
<MsgType><![CDATA[text]]></MsgType>
<Content><![CDATA[你好]]></Content>
<MsgId>6301915822135199423</MsgId>
</xml>

2016-06-30 17:31:57 params :
------------
Array:
rule : -2 ;
module :  ;
message : Array ;

2016-06-30 17:31:57 response :
------------

2016-06-30 17:32:01 trace :
------------
String:
<xml><ToUserName><![CDATA[gh_a4f9178c9538]]></ToUserName>
<FromUserName><![CDATA[oPAtQtwN8I22P_TieMHB1LZwncBo]]></FromUserName>
<CreateTime>1467279121</CreateTime>
<MsgType><![CDATA[text]]></MsgType>
<Content><![CDATA[mika]]></Content>
<MsgId>6301915839315068610</MsgId>
</xml>

2016-06-30 17:32:01 params :
------------
Array:
rule : -2 ;
module :  ;
message : Array ;

2016-06-30 17:32:01 response :
------------

2016-06-30 17:32:39 trace :
------------
String:
<xml><ToUserName><![CDATA[gh_a4f9178c9538]]></ToUserName>
<FromUserName><![CDATA[oPAtQtwN8I22P_TieMHB1LZwncBo]]></FromUserName>
<CreateTime>1467279158</CreateTime>
<MsgType><![CDATA[text]]></MsgType>
<Content><![CDATA[你好]]></Content>
<MsgId>6301915998228858563</MsgId>
</xml>

2016-06-30 17:32:39 params :
------------
Array:
rule : -2 ;
module :  ;
message : Array ;

2016-06-30 17:32:39 response :
------------

2016-06-30 17:32:58 trace :
------------
String:
<xml><ToUserName><![CDATA[gh_a4f9178c9538]]></ToUserName>
<FromUserName><![CDATA[oPAtQtwN8I22P_TieMHB1LZwncBo]]></FromUserName>
<CreateTime>1467279178</CreateTime>
<MsgType><![CDATA[event]]></MsgType>
<Event><![CDATA[unsubscribe]]></Event>
<EventKey><![CDATA[]]></EventKey>
</xml>

2016-06-30 17:33:07 trace :
------------
String:
<xml><ToUserName><![CDATA[gh_a4f9178c9538]]></ToUserName>
<FromUserName><![CDATA[oPAtQtwN8I22P_TieMHB1LZwncBo]]></FromUserName>
<CreateTime>1467279186</CreateTime>
<MsgType><![CDATA[event]]></MsgType>
<Event><![CDATA[subscribe]]></Event>
<EventKey><![CDATA[]]></EventKey>
</xml>

2016-06-30 17:33:07 params :
------------
Array:
rule : -2 ;
module :  ;
message : Array ;

2016-06-30 17:33:07 response :
------------

2016-06-30 17:33:14 trace :
------------
String:
<xml><ToUserName><![CDATA[gh_a4f9178c9538]]></ToUserName>
<FromUserName><![CDATA[oPAtQtwN8I22P_TieMHB1LZwncBo]]></FromUserName>
<CreateTime>1467279193</CreateTime>
<MsgType><![CDATA[text]]></MsgType>
<Content><![CDATA[你好]]></Content>
<MsgId>6301916148552713938</MsgId>
</xml>

2016-06-30 17:33:14 params :
------------
Array:
rule : -2 ;
module :  ;
message : Array ;

2016-06-30 17:33:14 response :
------------

2016-06-30 17:35:46 trace :
------------
String:
<xml><ToUserName><![CDATA[gh_a4f9178c9538]]></ToUserName>
<FromUserName><![CDATA[oPAtQtwN8I22P_TieMHB1LZwncBo]]></FromUserName>
<CreateTime>1467279346</CreateTime>
<MsgType><![CDATA[event]]></MsgType>
<Event><![CDATA[CLICK]]></Event>
<EventKey><![CDATA[点餐]]></EventKey>
</xml>

2016-06-30 17:35:46 params :
------------
Array:
rule : -2 ;
module :  ;
message : Array ;

2016-06-30 17:35:46 response :
------------

2016-06-30 18:35:57 trace :
------------
String:
<xml><ToUserName><![CDATA[gh_a4f9178c9538]]></ToUserName>
<FromUserName><![CDATA[oPAtQtwN8I22P_TieMHB1LZwncBo]]></FromUserName>
<CreateTime>1467282957</CreateTime>
<MsgType><![CDATA[event]]></MsgType>
<Event><![CDATA[CLICK]]></Event>
<EventKey><![CDATA[点餐]]></EventKey>
</xml>

2016-06-30 18:35:57 params :
------------
Array:
rule : -2 ;
module :  ;
message : Array ;

2016-06-30 18:35:57 response :
------------

2016-06-30 18:36:06 trace :
------------
String:
<xml><ToUserName><![CDATA[gh_a4f9178c9538]]></ToUserName>
<FromUserName><![CDATA[oPAtQtwN8I22P_TieMHB1LZwncBo]]></FromUserName>
<CreateTime>1467282966</CreateTime>
<MsgType><![CDATA[event]]></MsgType>
<Event><![CDATA[CLICK]]></Event>
<EventKey><![CDATA[点餐]]></EventKey>
</xml>

2016-06-30 18:36:06 params :
------------
Array:
rule : -2 ;
module :  ;
message : Array ;

2016-06-30 18:36:06 response :
------------

2016-06-30 18:36:10 trace :
------------
String:
<xml><ToUserName><![CDATA[gh_a4f9178c9538]]></ToUserName>
<FromUserName><![CDATA[oPAtQtwN8I22P_TieMHB1LZwncBo]]></FromUserName>
<CreateTime>1467282970</CreateTime>
<MsgType><![CDATA[event]]></MsgType>
<Event><![CDATA[CLICK]]></Event>
<EventKey><![CDATA[点餐]]></EventKey>
</xml>

2016-06-30 18:36:10 params :
------------
Array:
rule : -2 ;
module :  ;
message : Array ;

2016-06-30 18:36:10 response :
------------

2016-06-30 18:36:14 trace :
------------
String:
<xml><ToUserName><![CDATA[gh_a4f9178c9538]]></ToUserName>
<FromUserName><![CDATA[oPAtQtwN8I22P_TieMHB1LZwncBo]]></FromUserName>
<CreateTime>1467282974</CreateTime>
<MsgType><![CDATA[event]]></MsgType>
<Event><![CDATA[CLICK]]></Event>
<EventKey><![CDATA[点餐]]></EventKey>
</xml>

2016-06-30 18:36:14 params :
------------
Array:
rule : -2 ;
module :  ;
message : Array ;

2016-06-30 18:36:14 response :
------------

2016-06-30 18:37:10 trace :
------------
String:
<xml><ToUserName><![CDATA[gh_a4f9178c9538]]></ToUserName>
<FromUserName><![CDATA[oPAtQtwN8I22P_TieMHB1LZwncBo]]></FromUserName>
<CreateTime>1467283030</CreateTime>
<MsgType><![CDATA[event]]></MsgType>
<Event><![CDATA[CLICK]]></Event>
<EventKey><![CDATA[点餐]]></EventKey>
</xml>

2016-06-30 18:37:10 params :
------------
Array:
rule : -2 ;
module :  ;
message : Array ;

2016-06-30 18:37:10 response :
------------

2016-06-30 18:37:18 trace :
------------
String:
<xml><ToUserName><![CDATA[gh_a4f9178c9538]]></ToUserName>
<FromUserName><![CDATA[oPAtQtwN8I22P_TieMHB1LZwncBo]]></FromUserName>
<CreateTime>1467283038</CreateTime>
<MsgType><![CDATA[text]]></MsgType>
<Content><![CDATA[订餐]]></Content>
<MsgId>6301932662701967886</MsgId>
</xml>

2016-06-30 18:37:18 params :
------------
Array:
message : Array ;
module : cover ;
rule : 9 ;
priority : 0 ;
keyword : Array ;

2016-06-30 18:37:18 response :
------------
Array:
FromUserName : gh_a4f9178c9538 ;
ToUserName : oPAtQtwN8I22P_TieMHB1LZwncBo ;
MsgType : news ;
ArticleCount : 1 ;
Articles : Array ;

