2016-01-27 02:30:54 trace :
------------
String:
<xml><ToUserName><![CDATA[gh_4a88bcb35142]]></ToUserName>
<FromUserName><![CDATA[oXvf4jlG-azUHu9WJfd5g9L5Jzc8]]></FromUserName>
<CreateTime>1453833054</CreateTime>
<MsgType><![CDATA[text]]></MsgType>
<Content><![CDATA[你好]]></Content>
<MsgId>6244165421175576079</MsgId>
</xml>

2016-01-27 02:30:54 params :
------------
Array:
rule : -2 ;
module :  ;
message : Array ;

2016-01-27 02:30:54 response :
------------

2016-01-27 13:30:49 trace :
------------
String:
<xml><ToUserName><![CDATA[gh_4e2dc508e67f]]></ToUserName>
<FromUserName><![CDATA[oKmr0juIpA4kMnQRYJHSnLPo_J0o]]></FromUserName>
<CreateTime>1453872648</CreateTime>
<MsgType><![CDATA[event]]></MsgType>
<Event><![CDATA[unsubscribe]]></Event>
<EventKey><![CDATA[]]></EventKey>
</xml>

2016-01-27 16:25:33 trace :
------------
String:
<xml><ToUserName><![CDATA[gh_ccbf343b8498]]></ToUserName>
<FromUserName><![CDATA[oc2pYwA2XjLp5Yy7XfoHEcNZxlGw]]></FromUserName>
<CreateTime>1453883133</CreateTime>
<MsgType><![CDATA[text]]></MsgType>
<Content><![CDATA[摇一摇]]></Content>
<MsgId>6244380508844492854</MsgId>
</xml>

2016-01-27 16:25:33 params :
------------
Array:
message : Array ;
module : mon_qmshake ;
rule : 23 ;
priority : 0 ;
keyword : Array ;

2016-01-27 16:25:33 response :
------------
Array:
FromUserName : gh_ccbf343b8498 ;
ToUserName : oc2pYwA2XjLp5Yy7XfoHEcNZxlGw ;
MsgType : news ;
ArticleCount : 1 ;
Articles : Array ;

2016-01-27 16:26:19 trace :
------------
String:
<xml><ToUserName><![CDATA[gh_ccbf343b8498]]></ToUserName>
<FromUserName><![CDATA[oc2pYwA2XjLp5Yy7XfoHEcNZxlGw]]></FromUserName>
<CreateTime>1453883179</CreateTime>
<MsgType><![CDATA[event]]></MsgType>
<Event><![CDATA[unsubscribe]]></Event>
<EventKey><![CDATA[]]></EventKey>
</xml>

2016-01-27 19:31:18 trace :
------------
String:
<xml><ToUserName><![CDATA[gh_ccbf343b8498]]></ToUserName>
<FromUserName><![CDATA[oc2pYwFEiqhe4TcqFIAeJuks80us]]></FromUserName>
<CreateTime>1453894278</CreateTime>
<MsgType><![CDATA[event]]></MsgType>
<Event><![CDATA[unsubscribe]]></Event>
<EventKey><![CDATA[]]></EventKey>
</xml>

