2016-04-29 11:56:56 trace :
------------
String:
<xml><ToUserName><![CDATA[gh_d5c808a7666e]]></ToUserName>
<FromUserName><![CDATA[om_6jt2reuXZKpn7S21ogqL9aK0I]]></FromUserName>
<CreateTime>1461902193</CreateTime>
<MsgType><![CDATA[event]]></MsgType>
<Event><![CDATA[LOCATION]]></Event>
<Latitude>24.307581</Latitude>
<Longitude>109.403152</Longitude>
<Precision>65.000000</Precision>
</xml>

2016-04-29 11:56:56 params :
------------
Array:
message : Array ;
module : default ;
rule : -1 ;

2016-04-29 11:56:56 response :
------------
Array:
errno : -1 ;
message : Invaild value ;

2016-04-29 12:06:27 trace :
------------
String:
<xml><ToUserName><![CDATA[gh_d5c808a7666e]]></ToUserName>
<FromUserName><![CDATA[om_6jt2KN5m2a7PN8LYPB54R85zI]]></FromUserName>
<CreateTime>1461902758</CreateTime>
<MsgType><![CDATA[event]]></MsgType>
<Event><![CDATA[unsubscribe]]></Event>
<EventKey><![CDATA[]]></EventKey>
</xml>

2016-04-29 12:06:44 trace :
------------
String:
<xml><ToUserName><![CDATA[gh_d5c808a7666e]]></ToUserName>
<FromUserName><![CDATA[om_6jt2KN5m2a7PN8LYPB54R85zI]]></FromUserName>
<CreateTime>1461902774</CreateTime>
<MsgType><![CDATA[event]]></MsgType>
<Event><![CDATA[subscribe]]></Event>
<EventKey><![CDATA[last_trade_no_4003412001201604285311084744]]></EventKey>
</xml>

2016-04-29 12:06:44 params :
------------
Array:
rule : -2 ;
module :  ;
message : Array ;

2016-04-29 12:06:44 response :
------------

2016-04-29 12:06:51 trace :
------------
String:
<xml><ToUserName><![CDATA[gh_d5c808a7666e]]></ToUserName>
<FromUserName><![CDATA[om_6jt2KN5m2a7PN8LYPB54R85zI]]></FromUserName>
<CreateTime>1461902781</CreateTime>
<MsgType><![CDATA[event]]></MsgType>
<Event><![CDATA[VIEW]]></Event>
<EventKey><![CDATA[http://wqq.xyj0772.com/app/index.php?i=2&c=entry&eid=512]]></EventKey>
<MenuId>404079085</MenuId>
</xml>

2016-04-29 12:06:51 params :
------------
Array:
rule : -2 ;
module :  ;
message : Array ;

2016-04-29 12:06:51 response :
------------

2016-04-29 12:16:48 trace :
------------
String:
<xml><ToUserName><![CDATA[gh_d5c808a7666e]]></ToUserName>
<FromUserName><![CDATA[om_6jtx4cLUIoUOoaGweKC52B0LY]]></FromUserName>
<CreateTime>1461903408</CreateTime>
<MsgType><![CDATA[event]]></MsgType>
<Event><![CDATA[LOCATION]]></Event>
<Latitude>24.312201</Latitude>
<Longitude>109.405464</Longitude>
<Precision>65.000000</Precision>
</xml>

2016-04-29 12:16:48 params :
------------
Array:
message : Array ;
module : default ;
rule : -1 ;

2016-04-29 12:16:48 response :
------------
Array:
errno : -1 ;
message : Invaild value ;

2016-04-29 12:16:57 trace :
------------
String:
<xml><ToUserName><![CDATA[gh_d5c808a7666e]]></ToUserName>
<FromUserName><![CDATA[om_6jtx4cLUIoUOoaGweKC52B0LY]]></FromUserName>
<CreateTime>1461903417</CreateTime>
<MsgType><![CDATA[event]]></MsgType>
<Event><![CDATA[unsubscribe]]></Event>
<EventKey><![CDATA[]]></EventKey>
</xml>

2016-04-29 14:33:40 trace :
------------
String:
<xml><ToUserName><![CDATA[gh_d5c808a7666e]]></ToUserName>
<FromUserName><![CDATA[om_6jt2KN5m2a7PN8LYPB54R85zI]]></FromUserName>
<CreateTime>1461911620</CreateTime>
<MsgType><![CDATA[event]]></MsgType>
<Event><![CDATA[VIEW]]></Event>
<EventKey><![CDATA[http://wqq.xyj0772.com/app/index.php?i=2&c=entry&eid=512]]></EventKey>
<MenuId>404079085</MenuId>
</xml>

2016-04-29 14:33:40 params :
------------
Array:
rule : -2 ;
module :  ;
message : Array ;

2016-04-29 14:33:40 response :
------------

