2016-09-23 02:16:08 trace :
------------
String:
<xml><ToUserName><![CDATA[gh_d5c808a7666e]]></ToUserName>
<FromUserName><![CDATA[om_6jt84I-qSh3mb6i9eiKLFkGmA]]></FromUserName>
<CreateTime>1474568168</CreateTime>
<MsgType><![CDATA[event]]></MsgType>
<Event><![CDATA[unsubscribe]]></Event>
<EventKey><![CDATA[]]></EventKey>
</xml>

2016-09-23 09:12:17 trace :
------------
String:
<xml><ToUserName><![CDATA[gh_d5c808a7666e]]></ToUserName>
<FromUserName><![CDATA[om_6jt_it_Zd46ZUoVYxdt9n_fSM]]></FromUserName>
<CreateTime>1474593137</CreateTime>
<MsgType><![CDATA[event]]></MsgType>
<Event><![CDATA[VIEW]]></Event>
<EventKey><![CDATA[http://shanghai.xyj0772.com/app/index.php?i=1&c=entry&do=orderlist&m=weisrc_dish]]></EventKey>
<MenuId>405795979</MenuId>
</xml>

2016-09-23 09:12:17 params :
------------
Array:
rule : -2 ;
module :  ;
message : Array ;

2016-09-23 09:12:17 response :
------------

2016-09-23 09:33:26 trace :
------------
String:
<xml><ToUserName><![CDATA[gh_d5c808a7666e]]></ToUserName>
<FromUserName><![CDATA[om_6jt_it_Zd46ZUoVYxdt9n_fSM]]></FromUserName>
<CreateTime>1474594405</CreateTime>
<MsgType><![CDATA[event]]></MsgType>
<Event><![CDATA[VIEW]]></Event>
<EventKey><![CDATA[http://shanghai.xyj0772.com/app/index.php?i=1&c=entry&do=orderlist&m=weisrc_dish]]></EventKey>
<MenuId>405795979</MenuId>
</xml>

2016-09-23 09:33:26 params :
------------
Array:
rule : -2 ;
module :  ;
message : Array ;

2016-09-23 09:33:26 response :
------------

2016-09-23 14:34:45 trace :
------------
String:
<xml><ToUserName><![CDATA[gh_d5c808a7666e]]></ToUserName>
<FromUserName><![CDATA[om_6jt0mq0SXwqYbKTteo5rulNco]]></FromUserName>
<CreateTime>1474612485</CreateTime>
<MsgType><![CDATA[event]]></MsgType>
<Event><![CDATA[VIEW]]></Event>
<EventKey><![CDATA[http://shanghai.xyj0772.com/app/index.php?i=1&c=entry&do=orderlist&m=weisrc_dish]]></EventKey>
<MenuId>405795979</MenuId>
</xml>

2016-09-23 14:34:45 params :
------------
Array:
rule : -2 ;
module :  ;
message : Array ;

2016-09-23 14:34:45 response :
------------

2016-09-23 15:44:31 trace :
------------
String:
<xml><ToUserName><![CDATA[gh_d5c808a7666e]]></ToUserName>
<FromUserName><![CDATA[om_6jt_it_Zd46ZUoVYxdt9n_fSM]]></FromUserName>
<CreateTime>1474616671</CreateTime>
<MsgType><![CDATA[event]]></MsgType>
<Event><![CDATA[VIEW]]></Event>
<EventKey><![CDATA[http://shanghai.xyj0772.com/app/index.php?i=1&c=entry&do=waprestList&m=weisrc_dish]]></EventKey>
<MenuId>405795979</MenuId>
</xml>

2016-09-23 15:44:31 params :
------------
Array:
rule : -2 ;
module :  ;
message : Array ;

2016-09-23 15:44:31 response :
------------

2016-09-23 17:40:38 trace :
------------
String:
<xml><ToUserName><![CDATA[gh_d5c808a7666e]]></ToUserName>
<FromUserName><![CDATA[om_6jt_it_Zd46ZUoVYxdt9n_fSM]]></FromUserName>
<CreateTime>1474623638</CreateTime>
<MsgType><![CDATA[event]]></MsgType>
<Event><![CDATA[VIEW]]></Event>
<EventKey><![CDATA[http://shanghai.xyj0772.com/app/index.php?i=1&c=entry&do=orderlist&m=weisrc_dish]]></EventKey>
<MenuId>405795979</MenuId>
</xml>

2016-09-23 17:40:38 params :
------------
Array:
rule : -2 ;
module :  ;
message : Array ;

2016-09-23 17:40:38 response :
------------

2016-09-23 17:43:27 trace :
------------
String:
<xml><ToUserName><![CDATA[gh_d5c808a7666e]]></ToUserName>
<FromUserName><![CDATA[om_6jt0ZdsS0OlLSpfO0DVzyqMGU]]></FromUserName>
<CreateTime>1474623807</CreateTime>
<MsgType><![CDATA[event]]></MsgType>
<Event><![CDATA[VIEW]]></Event>
<EventKey><![CDATA[http://shanghai.xyj0772.com/app/index.php?i=1&c=entry&do=orderlist&m=weisrc_dish]]></EventKey>
<MenuId>405795979</MenuId>
</xml>

2016-09-23 17:43:27 params :
------------
Array:
rule : -2 ;
module :  ;
message : Array ;

2016-09-23 17:43:27 response :
------------

