2016-08-01 13:15:07 trace :
------------
String:
<xml><ToUserName><![CDATA[gh_a4f9178c9538]]></ToUserName>
<FromUserName><![CDATA[oPAtQt2d8Dcn8qR_gvUwYaVvpfeg]]></FromUserName>
<CreateTime>1470028507</CreateTime>
<MsgType><![CDATA[event]]></MsgType>
<Event><![CDATA[VIEW]]></Event>
<EventKey><![CDATA[http://shanghai.xyj0772.com/app/index.php?i=1&c=entry&do=orderlist&m=weisrc_dish]]></EventKey>
<MenuId>516808282</MenuId>
</xml>

2016-08-01 13:15:07 params :
------------
Array:
rule : -2 ;
module :  ;
message : Array ;

2016-08-01 13:15:07 response :
------------

2016-08-01 13:42:22 trace :
------------
String:
<xml><ToUserName><![CDATA[gh_a4f9178c9538]]></ToUserName>
<FromUserName><![CDATA[oPAtQt2d8Dcn8qR_gvUwYaVvpfeg]]></FromUserName>
<CreateTime>1470030142</CreateTime>
<MsgType><![CDATA[event]]></MsgType>
<Event><![CDATA[VIEW]]></Event>
<EventKey><![CDATA[http://shanghai.xyj0772.com/app/index.php?i=1&c=entry&do=orderlist&m=weisrc_dish]]></EventKey>
<MenuId>516808282</MenuId>
</xml>

2016-08-01 13:42:22 params :
------------
Array:
rule : -2 ;
module :  ;
message : Array ;

2016-08-01 13:42:22 response :
------------

2016-08-01 13:50:28 trace :
------------
String:
<xml><ToUserName><![CDATA[gh_a4f9178c9538]]></ToUserName>
<FromUserName><![CDATA[oPAtQt2d8Dcn8qR_gvUwYaVvpfeg]]></FromUserName>
<CreateTime>1470030628</CreateTime>
<MsgType><![CDATA[event]]></MsgType>
<Event><![CDATA[VIEW]]></Event>
<EventKey><![CDATA[http://shanghai.xyj0772.com/app/index.php?i=1&c=entry&do=orderlist&m=weisrc_dish]]></EventKey>
<MenuId>516808282</MenuId>
</xml>

2016-08-01 13:50:28 params :
------------
Array:
rule : -2 ;
module :  ;
message : Array ;

2016-08-01 13:50:28 response :
------------

2016-08-01 13:53:47 trace :
------------
String:
<xml><ToUserName><![CDATA[gh_a4f9178c9538]]></ToUserName>
<FromUserName><![CDATA[oPAtQt2d8Dcn8qR_gvUwYaVvpfeg]]></FromUserName>
<CreateTime>1470030827</CreateTime>
<MsgType><![CDATA[event]]></MsgType>
<Event><![CDATA[VIEW]]></Event>
<EventKey><![CDATA[http://shanghai.xyj0772.com/app/index.php?i=1&c=entry&do=orderlist&m=weisrc_dish]]></EventKey>
<MenuId>516808282</MenuId>
</xml>

2016-08-01 13:53:47 params :
------------
Array:
rule : -2 ;
module :  ;
message : Array ;

2016-08-01 13:53:47 response :
------------

2016-08-01 14:11:18 trace :
------------
String:
<xml><ToUserName><![CDATA[gh_a4f9178c9538]]></ToUserName>
<FromUserName><![CDATA[oPAtQt2d8Dcn8qR_gvUwYaVvpfeg]]></FromUserName>
<CreateTime>1470031878</CreateTime>
<MsgType><![CDATA[event]]></MsgType>
<Event><![CDATA[VIEW]]></Event>
<EventKey><![CDATA[http://shanghai.xyj0772.com/app/index.php?i=1&c=entry&do=orderlist&m=weisrc_dish]]></EventKey>
<MenuId>516808282</MenuId>
</xml>

2016-08-01 14:11:18 params :
------------
Array:
rule : -2 ;
module :  ;
message : Array ;

2016-08-01 14:11:18 response :
------------

2016-08-01 14:44:11 trace :
------------
String:
<xml><ToUserName><![CDATA[gh_a4f9178c9538]]></ToUserName>
<FromUserName><![CDATA[oPAtQt2d8Dcn8qR_gvUwYaVvpfeg]]></FromUserName>
<CreateTime>1470033851</CreateTime>
<MsgType><![CDATA[event]]></MsgType>
<Event><![CDATA[VIEW]]></Event>
<EventKey><![CDATA[http://shanghai.xyj0772.com/app/index.php?i=1&c=entry&do=orderlist&m=weisrc_dish]]></EventKey>
<MenuId>516808282</MenuId>
</xml>

2016-08-01 14:44:11 params :
------------
Array:
rule : -2 ;
module :  ;
message : Array ;

2016-08-01 14:44:11 response :
------------

2016-08-01 15:02:50 trace :
------------
String:
<xml><ToUserName><![CDATA[gh_a4f9178c9538]]></ToUserName>
<FromUserName><![CDATA[oPAtQt2d8Dcn8qR_gvUwYaVvpfeg]]></FromUserName>
<CreateTime>1470034970</CreateTime>
<MsgType><![CDATA[event]]></MsgType>
<Event><![CDATA[VIEW]]></Event>
<EventKey><![CDATA[http://shanghai.xyj0772.com/app/index.php?i=1&c=entry&do=orderlist&m=weisrc_dish]]></EventKey>
<MenuId>516808282</MenuId>
</xml>

2016-08-01 15:02:50 params :
------------
Array:
rule : -2 ;
module :  ;
message : Array ;

2016-08-01 15:02:50 response :
------------

2016-08-01 15:38:48 trace :
------------
String:
<xml><ToUserName><![CDATA[gh_a4f9178c9538]]></ToUserName>
<FromUserName><![CDATA[oPAtQt2d8Dcn8qR_gvUwYaVvpfeg]]></FromUserName>
<CreateTime>1470037128</CreateTime>
<MsgType><![CDATA[event]]></MsgType>
<Event><![CDATA[VIEW]]></Event>
<EventKey><![CDATA[http://shanghai.xyj0772.com/app/index.php?i=1&c=entry&do=orderlist&m=weisrc_dish]]></EventKey>
<MenuId>516808282</MenuId>
</xml>

2016-08-01 15:38:48 params :
------------
Array:
rule : -2 ;
module :  ;
message : Array ;

2016-08-01 15:38:48 response :
------------

2016-08-01 16:33:42 trace :
------------
String:
<xml><ToUserName><![CDATA[gh_a4f9178c9538]]></ToUserName>
<FromUserName><![CDATA[oPAtQt2d8Dcn8qR_gvUwYaVvpfeg]]></FromUserName>
<CreateTime>1470040422</CreateTime>
<MsgType><![CDATA[event]]></MsgType>
<Event><![CDATA[VIEW]]></Event>
<EventKey><![CDATA[http://shanghai.xyj0772.com/app/index.php?i=1&c=entry&do=orderlist&m=weisrc_dish]]></EventKey>
<MenuId>516808282</MenuId>
</xml>

2016-08-01 16:33:42 params :
------------
Array:
rule : -2 ;
module :  ;
message : Array ;

2016-08-01 16:33:42 response :
------------

2016-08-01 16:55:45 trace :
------------
String:
<xml><ToUserName><![CDATA[gh_a4f9178c9538]]></ToUserName>
<FromUserName><![CDATA[oPAtQt2d8Dcn8qR_gvUwYaVvpfeg]]></FromUserName>
<CreateTime>1470041745</CreateTime>
<MsgType><![CDATA[event]]></MsgType>
<Event><![CDATA[VIEW]]></Event>
<EventKey><![CDATA[http://shanghai.xyj0772.com/app/index.php?i=1&c=entry&do=orderlist&m=weisrc_dish]]></EventKey>
<MenuId>516808282</MenuId>
</xml>

2016-08-01 16:55:45 params :
------------
Array:
rule : -2 ;
module :  ;
message : Array ;

2016-08-01 16:55:45 response :
------------

2016-08-01 16:57:25 trace :
------------
String:
<xml><ToUserName><![CDATA[gh_a4f9178c9538]]></ToUserName>
<FromUserName><![CDATA[oPAtQt2d8Dcn8qR_gvUwYaVvpfeg]]></FromUserName>
<CreateTime>1470041845</CreateTime>
<MsgType><![CDATA[event]]></MsgType>
<Event><![CDATA[VIEW]]></Event>
<EventKey><![CDATA[http://shanghai.xyj0772.com/app/index.php?i=1&c=entry&do=orderlist&m=weisrc_dish]]></EventKey>
<MenuId>516808282</MenuId>
</xml>

2016-08-01 16:57:25 params :
------------
Array:
rule : -2 ;
module :  ;
message : Array ;

2016-08-01 16:57:25 response :
------------

2016-08-01 17:14:03 trace :
------------
String:
<xml><ToUserName><![CDATA[gh_a4f9178c9538]]></ToUserName>
<FromUserName><![CDATA[oPAtQt2d8Dcn8qR_gvUwYaVvpfeg]]></FromUserName>
<CreateTime>1470042843</CreateTime>
<MsgType><![CDATA[event]]></MsgType>
<Event><![CDATA[VIEW]]></Event>
<EventKey><![CDATA[http://shanghai.xyj0772.com/app/index.php?i=1&c=entry&do=orderlist&m=weisrc_dish]]></EventKey>
<MenuId>516808282</MenuId>
</xml>

2016-08-01 17:14:03 params :
------------
Array:
rule : -2 ;
module :  ;
message : Array ;

2016-08-01 17:14:03 response :
------------

2016-08-01 17:17:04 trace :
------------
String:
<xml><ToUserName><![CDATA[gh_a4f9178c9538]]></ToUserName>
<FromUserName><![CDATA[oPAtQt2d8Dcn8qR_gvUwYaVvpfeg]]></FromUserName>
<CreateTime>1470043024</CreateTime>
<MsgType><![CDATA[event]]></MsgType>
<Event><![CDATA[VIEW]]></Event>
<EventKey><![CDATA[http://shanghai.xyj0772.com/app/index.php?i=1&c=entry&do=orderlist&m=weisrc_dish]]></EventKey>
<MenuId>516808282</MenuId>
</xml>

2016-08-01 17:17:04 params :
------------
Array:
rule : -2 ;
module :  ;
message : Array ;

2016-08-01 17:17:04 response :
------------

2016-08-01 17:17:34 trace :
------------
String:
<xml><ToUserName><![CDATA[gh_a4f9178c9538]]></ToUserName>
<FromUserName><![CDATA[oPAtQtwN8I22P_TieMHB1LZwncBo]]></FromUserName>
<CreateTime>1470043054</CreateTime>
<MsgType><![CDATA[event]]></MsgType>
<Event><![CDATA[VIEW]]></Event>
<EventKey><![CDATA[http://shanghai.xyj0772.com/app/index.php?i=1&c=entry&id=1&do=detail&m=weisrc_dish]]></EventKey>
<MenuId>516808282</MenuId>
</xml>

2016-08-01 17:17:34 params :
------------
Array:
rule : -2 ;
module :  ;
message : Array ;

2016-08-01 17:17:34 response :
------------

2016-08-01 17:54:08 trace :
------------
String:
<xml><ToUserName><![CDATA[gh_a4f9178c9538]]></ToUserName>
<FromUserName><![CDATA[oPAtQt2d8Dcn8qR_gvUwYaVvpfeg]]></FromUserName>
<CreateTime>1470045248</CreateTime>
<MsgType><![CDATA[event]]></MsgType>
<Event><![CDATA[VIEW]]></Event>
<EventKey><![CDATA[http://shanghai.xyj0772.com/app/index.php?i=1&c=entry&do=orderlist&m=weisrc_dish]]></EventKey>
<MenuId>516808282</MenuId>
</xml>

2016-08-01 17:54:08 params :
------------
Array:
rule : -2 ;
module :  ;
message : Array ;

2016-08-01 17:54:08 response :
------------

2016-08-01 18:04:06 trace :
------------
String:
<xml><ToUserName><![CDATA[gh_a4f9178c9538]]></ToUserName>
<FromUserName><![CDATA[oPAtQt2d8Dcn8qR_gvUwYaVvpfeg]]></FromUserName>
<CreateTime>1470045845</CreateTime>
<MsgType><![CDATA[event]]></MsgType>
<Event><![CDATA[VIEW]]></Event>
<EventKey><![CDATA[http://shanghai.xyj0772.com/app/index.php?i=1&c=entry&do=orderlist&m=weisrc_dish]]></EventKey>
<MenuId>516808282</MenuId>
</xml>

2016-08-01 18:04:06 params :
------------
Array:
rule : -2 ;
module :  ;
message : Array ;

2016-08-01 18:04:06 response :
------------

2016-08-01 18:15:20 trace :
------------
String:
<xml><ToUserName><![CDATA[gh_a4f9178c9538]]></ToUserName>
<FromUserName><![CDATA[oPAtQt2d8Dcn8qR_gvUwYaVvpfeg]]></FromUserName>
<CreateTime>1470046520</CreateTime>
<MsgType><![CDATA[event]]></MsgType>
<Event><![CDATA[VIEW]]></Event>
<EventKey><![CDATA[http://shanghai.xyj0772.com/app/index.php?i=1&c=entry&do=orderlist&m=weisrc_dish]]></EventKey>
<MenuId>516808282</MenuId>
</xml>

2016-08-01 18:15:20 params :
------------
Array:
rule : -2 ;
module :  ;
message : Array ;

2016-08-01 18:15:20 response :
------------

