2016-05-21 00:27:25 trace :
------------
String:
<xml><ToUserName><![CDATA[gh_339b357d6bcb]]></ToUserName>
<FromUserName><![CDATA[oq5x0uP1I9ji4t-CUz8v4naRUKjg]]></FromUserName>
<CreateTime>1463761641</CreateTime>
<MsgType><![CDATA[event]]></MsgType>
<Event><![CDATA[subscribe]]></Event>
<EventKey><![CDATA[]]></EventKey>
</xml>

2016-05-21 00:27:25 params :
------------
Array:
message : Array ;
module : ewei_vote ;
rule : 19 ;
priority : 0 ;
keyword : Array ;

2016-05-21 00:27:25 response :
------------
Array:
FromUserName : gh_339b357d6bcb ;
ToUserName : oq5x0uP1I9ji4t-CUz8v4naRUKjg ;
MsgType : news ;
ArticleCount : 1 ;
Articles : Array ;

2016-05-21 00:27:26 trace :
------------
String:
<xml><ToUserName><![CDATA[gh_339b357d6bcb]]></ToUserName>
<FromUserName><![CDATA[oq5x0uBPdq-aR5GTYXeA1KRcz8FA]]></FromUserName>
<CreateTime>1463761642</CreateTime>
<MsgType><![CDATA[text]]></MsgType>
<Content><![CDATA[摇一摇]]></Content>
<MsgId>6286808381934783548</MsgId>
</xml>

2016-05-21 00:27:26 params :
------------
Array:
message : Array ;
module : ewei_vote ;
rule : 19 ;
priority : 0 ;
keyword : Array ;

2016-05-21 00:27:26 response :
------------
Array:
FromUserName : gh_339b357d6bcb ;
ToUserName : oq5x0uBPdq-aR5GTYXeA1KRcz8FA ;
MsgType : news ;
ArticleCount : 1 ;
Articles : Array ;

2016-05-21 00:27:26 trace :
------------
String:
<xml><ToUserName><![CDATA[gh_339b357d6bcb]]></ToUserName>
<FromUserName><![CDATA[oq5x0uH3G7UbLJXz2Op1nCAPN6OI]]></FromUserName>
<CreateTime>1463761642</CreateTime>
<MsgType><![CDATA[event]]></MsgType>
<Event><![CDATA[subscribe]]></Event>
<EventKey><![CDATA[]]></EventKey>
</xml>

2016-05-21 00:27:26 params :
------------
Array:
message : Array ;
module : ewei_vote ;
rule : 19 ;
priority : 0 ;
keyword : Array ;

2016-05-21 00:27:26 response :
------------
Array:
FromUserName : gh_339b357d6bcb ;
ToUserName : oq5x0uH3G7UbLJXz2Op1nCAPN6OI ;
MsgType : news ;
ArticleCount : 1 ;
Articles : Array ;

2016-05-21 00:27:28 trace :
------------
String:
<xml><ToUserName><![CDATA[gh_339b357d6bcb]]></ToUserName>
<FromUserName><![CDATA[oq5x0uMewWh-NgYH29UIvGaP5vOI]]></FromUserName>
<CreateTime>1463761644</CreateTime>
<MsgType><![CDATA[event]]></MsgType>
<Event><![CDATA[subscribe]]></Event>
<EventKey><![CDATA[]]></EventKey>
</xml>

2016-05-21 00:27:28 params :
------------
Array:
message : Array ;
module : ewei_vote ;
rule : 19 ;
priority : 0 ;
keyword : Array ;

2016-05-21 00:27:28 response :
------------
Array:
FromUserName : gh_339b357d6bcb ;
ToUserName : oq5x0uMewWh-NgYH29UIvGaP5vOI ;
MsgType : news ;
ArticleCount : 1 ;
Articles : Array ;

2016-05-21 00:27:28 trace :
------------
String:
<xml><ToUserName><![CDATA[gh_339b357d6bcb]]></ToUserName>
<FromUserName><![CDATA[oq5x0uMyrCmy9yN4hOC2nakAbFu8]]></FromUserName>
<CreateTime>1463761644</CreateTime>
<MsgType><![CDATA[event]]></MsgType>
<Event><![CDATA[subscribe]]></Event>
<EventKey><![CDATA[]]></EventKey>
</xml>

2016-05-21 00:27:28 params :
------------
Array:
message : Array ;
module : ewei_vote ;
rule : 19 ;
priority : 0 ;
keyword : Array ;

2016-05-21 00:27:28 response :
------------
Array:
FromUserName : gh_339b357d6bcb ;
ToUserName : oq5x0uMyrCmy9yN4hOC2nakAbFu8 ;
MsgType : news ;
ArticleCount : 1 ;
Articles : Array ;

2016-05-21 00:27:30 trace :
------------
String:
<xml><ToUserName><![CDATA[gh_339b357d6bcb]]></ToUserName>
<FromUserName><![CDATA[oq5x0uLI8sfcbKmyFTtaIfpqVOOU]]></FromUserName>
<CreateTime>1463761646</CreateTime>
<MsgType><![CDATA[event]]></MsgType>
<Event><![CDATA[subscribe]]></Event>
<EventKey><![CDATA[]]></EventKey>
</xml>

2016-05-21 00:27:30 params :
------------
Array:
message : Array ;
module : ewei_vote ;
rule : 19 ;
priority : 0 ;
keyword : Array ;

2016-05-21 00:27:30 response :
------------
Array:
FromUserName : gh_339b357d6bcb ;
ToUserName : oq5x0uLI8sfcbKmyFTtaIfpqVOOU ;
MsgType : news ;
ArticleCount : 1 ;
Articles : Array ;

2016-05-21 00:27:34 trace :
------------
String:
<xml><ToUserName><![CDATA[gh_339b357d6bcb]]></ToUserName>
<FromUserName><![CDATA[oq5x0uHE6sL9aQJBi9QeJYlA8VBc]]></FromUserName>
<CreateTime>1463761650</CreateTime>
<MsgType><![CDATA[event]]></MsgType>
<Event><![CDATA[subscribe]]></Event>
<EventKey><![CDATA[]]></EventKey>
</xml>

2016-05-21 00:27:34 params :
------------
Array:
message : Array ;
module : ewei_vote ;
rule : 19 ;
priority : 0 ;
keyword : Array ;

2016-05-21 00:27:34 response :
------------
Array:
FromUserName : gh_339b357d6bcb ;
ToUserName : oq5x0uHE6sL9aQJBi9QeJYlA8VBc ;
MsgType : news ;
ArticleCount : 1 ;
Articles : Array ;

2016-05-21 00:27:36 trace :
------------
String:
<xml><ToUserName><![CDATA[gh_339b357d6bcb]]></ToUserName>
<FromUserName><![CDATA[oq5x0uF61L4HfmVjAkBHPljcsROo]]></FromUserName>
<CreateTime>1463761652</CreateTime>
<MsgType><![CDATA[event]]></MsgType>
<Event><![CDATA[subscribe]]></Event>
<EventKey><![CDATA[]]></EventKey>
</xml>

2016-05-21 00:27:36 params :
------------
Array:
message : Array ;
module : ewei_vote ;
rule : 19 ;
priority : 0 ;
keyword : Array ;

2016-05-21 00:27:36 response :
------------
Array:
FromUserName : gh_339b357d6bcb ;
ToUserName : oq5x0uF61L4HfmVjAkBHPljcsROo ;
MsgType : news ;
ArticleCount : 1 ;
Articles : Array ;

2016-05-21 00:27:37 trace :
------------
String:
<xml><ToUserName><![CDATA[gh_339b357d6bcb]]></ToUserName>
<FromUserName><![CDATA[oq5x0uBaK5jfqdSX4QmArWWkY0lA]]></FromUserName>
<CreateTime>1463761653</CreateTime>
<MsgType><![CDATA[event]]></MsgType>
<Event><![CDATA[subscribe]]></Event>
<EventKey><![CDATA[]]></EventKey>
</xml>

2016-05-21 00:27:37 params :
------------
Array:
message : Array ;
module : ewei_vote ;
rule : 19 ;
priority : 0 ;
keyword : Array ;

2016-05-21 00:27:37 response :
------------
Array:
FromUserName : gh_339b357d6bcb ;
ToUserName : oq5x0uBaK5jfqdSX4QmArWWkY0lA ;
MsgType : news ;
ArticleCount : 1 ;
Articles : Array ;

2016-05-21 00:27:42 trace :
------------
String:
<xml><ToUserName><![CDATA[gh_339b357d6bcb]]></ToUserName>
<FromUserName><![CDATA[oq5x0uPUzJLfUpworQvNitVvvtcQ]]></FromUserName>
<CreateTime>1463761657</CreateTime>
<MsgType><![CDATA[event]]></MsgType>
<Event><![CDATA[subscribe]]></Event>
<EventKey><![CDATA[]]></EventKey>
</xml>

2016-05-21 00:27:42 params :
------------
Array:
message : Array ;
module : ewei_vote ;
rule : 19 ;
priority : 0 ;
keyword : Array ;

2016-05-21 00:27:42 response :
------------
Array:
FromUserName : gh_339b357d6bcb ;
ToUserName : oq5x0uPUzJLfUpworQvNitVvvtcQ ;
MsgType : news ;
ArticleCount : 1 ;
Articles : Array ;

2016-05-21 00:27:44 trace :
------------
String:
<xml><ToUserName><![CDATA[gh_339b357d6bcb]]></ToUserName>
<FromUserName><![CDATA[oq5x0uCkZWmmxX8pXtY9l5ePh-tI]]></FromUserName>
<CreateTime>1463761660</CreateTime>
<MsgType><![CDATA[event]]></MsgType>
<Event><![CDATA[subscribe]]></Event>
<EventKey><![CDATA[]]></EventKey>
</xml>

2016-05-21 00:27:44 params :
------------
Array:
message : Array ;
module : ewei_vote ;
rule : 19 ;
priority : 0 ;
keyword : Array ;

2016-05-21 00:27:44 response :
------------
Array:
FromUserName : gh_339b357d6bcb ;
ToUserName : oq5x0uCkZWmmxX8pXtY9l5ePh-tI ;
MsgType : news ;
ArticleCount : 1 ;
Articles : Array ;

2016-05-21 00:27:50 trace :
------------
String:
<xml><ToUserName><![CDATA[gh_339b357d6bcb]]></ToUserName>
<FromUserName><![CDATA[oq5x0uF61L4HfmVjAkBHPljcsROo]]></FromUserName>
<CreateTime>1463761666</CreateTime>
<MsgType><![CDATA[text]]></MsgType>
<Content><![CDATA[摇一摇]]></Content>
<MsgId>6286808485013998663</MsgId>
</xml>

2016-05-21 00:27:50 params :
------------
Array:
message : Array ;
module : ewei_vote ;
rule : 19 ;
priority : 0 ;
keyword : Array ;

2016-05-21 00:27:50 response :
------------
Array:
FromUserName : gh_339b357d6bcb ;
ToUserName : oq5x0uF61L4HfmVjAkBHPljcsROo ;
MsgType : news ;
ArticleCount : 1 ;
Articles : Array ;

2016-05-21 00:27:53 trace :
------------
String:
<xml><ToUserName><![CDATA[gh_339b357d6bcb]]></ToUserName>
<FromUserName><![CDATA[oq5x0uHE6sL9aQJBi9QeJYlA8VBc]]></FromUserName>
<CreateTime>1463761669</CreateTime>
<MsgType><![CDATA[text]]></MsgType>
<Content><![CDATA[摇一摇]]></Content>
<MsgId>6286808497898900553</MsgId>
</xml>

2016-05-21 00:27:53 params :
------------
Array:
message : Array ;
module : ewei_vote ;
rule : 19 ;
priority : 0 ;
keyword : Array ;

2016-05-21 00:27:53 response :
------------
Array:
FromUserName : gh_339b357d6bcb ;
ToUserName : oq5x0uHE6sL9aQJBi9QeJYlA8VBc ;
MsgType : news ;
ArticleCount : 1 ;
Articles : Array ;

2016-05-21 00:27:53 trace :
------------
String:
<xml><ToUserName><![CDATA[gh_339b357d6bcb]]></ToUserName>
<FromUserName><![CDATA[oq5x0uNtkV-k_z3lMrNBvr9uh5mM]]></FromUserName>
<CreateTime>1463761669</CreateTime>
<MsgType><![CDATA[event]]></MsgType>
<Event><![CDATA[subscribe]]></Event>
<EventKey><![CDATA[]]></EventKey>
</xml>

2016-05-21 00:27:53 params :
------------
Array:
message : Array ;
module : ewei_vote ;
rule : 19 ;
priority : 0 ;
keyword : Array ;

2016-05-21 00:27:53 response :
------------
Array:
FromUserName : gh_339b357d6bcb ;
ToUserName : oq5x0uNtkV-k_z3lMrNBvr9uh5mM ;
MsgType : news ;
ArticleCount : 1 ;
Articles : Array ;

2016-05-21 00:27:54 trace :
------------
String:
<xml><ToUserName><![CDATA[gh_339b357d6bcb]]></ToUserName>
<FromUserName><![CDATA[oq5x0uMyrCmy9yN4hOC2nakAbFu8]]></FromUserName>
<CreateTime>1463761670</CreateTime>
<MsgType><![CDATA[text]]></MsgType>
<Content><![CDATA[摇一摇]]></Content>
<MsgId>6286808502193867853</MsgId>
</xml>

2016-05-21 00:27:54 params :
------------
Array:
message : Array ;
module : ewei_vote ;
rule : 19 ;
priority : 0 ;
keyword : Array ;

2016-05-21 00:27:54 response :
------------
Array:
FromUserName : gh_339b357d6bcb ;
ToUserName : oq5x0uMyrCmy9yN4hOC2nakAbFu8 ;
MsgType : news ;
ArticleCount : 1 ;
Articles : Array ;

2016-05-21 00:27:55 trace :
------------
String:
<xml><ToUserName><![CDATA[gh_339b357d6bcb]]></ToUserName>
<FromUserName><![CDATA[oq5x0uIyz5yZNC5WbhOLBv3RH8IM]]></FromUserName>
<CreateTime>1463761670</CreateTime>
<MsgType><![CDATA[event]]></MsgType>
<Event><![CDATA[subscribe]]></Event>
<EventKey><![CDATA[]]></EventKey>
</xml>

2016-05-21 00:27:55 params :
------------
Array:
message : Array ;
module : ewei_vote ;
rule : 19 ;
priority : 0 ;
keyword : Array ;

2016-05-21 00:27:55 response :
------------
Array:
FromUserName : gh_339b357d6bcb ;
ToUserName : oq5x0uIyz5yZNC5WbhOLBv3RH8IM ;
MsgType : news ;
ArticleCount : 1 ;
Articles : Array ;

2016-05-21 00:27:55 trace :
------------
String:
<xml><ToUserName><![CDATA[gh_339b357d6bcb]]></ToUserName>
<FromUserName><![CDATA[oq5x0uLRmjwQsk9ZieZPx-Rnq9f8]]></FromUserName>
<CreateTime>1463761670</CreateTime>
<MsgType><![CDATA[event]]></MsgType>
<Event><![CDATA[subscribe]]></Event>
<EventKey><![CDATA[]]></EventKey>
</xml>

2016-05-21 00:27:55 params :
------------
Array:
message : Array ;
module : ewei_vote ;
rule : 19 ;
priority : 0 ;
keyword : Array ;

2016-05-21 00:27:55 response :
------------
Array:
FromUserName : gh_339b357d6bcb ;
ToUserName : oq5x0uLRmjwQsk9ZieZPx-Rnq9f8 ;
MsgType : news ;
ArticleCount : 1 ;
Articles : Array ;

2016-05-21 00:27:56 trace :
------------
String:
<xml><ToUserName><![CDATA[gh_339b357d6bcb]]></ToUserName>
<FromUserName><![CDATA[oq5x0uCzR8LEhx3Jm6KneNOh-Qr0]]></FromUserName>
<CreateTime>1463761672</CreateTime>
<MsgType><![CDATA[event]]></MsgType>
<Event><![CDATA[subscribe]]></Event>
<EventKey><![CDATA[]]></EventKey>
</xml>

2016-05-21 00:27:56 params :
------------
Array:
message : Array ;
module : ewei_vote ;
rule : 19 ;
priority : 0 ;
keyword : Array ;

2016-05-21 00:27:56 response :
------------
Array:
FromUserName : gh_339b357d6bcb ;
ToUserName : oq5x0uCzR8LEhx3Jm6KneNOh-Qr0 ;
MsgType : news ;
ArticleCount : 1 ;
Articles : Array ;

2016-05-21 00:28:01 trace :
------------
String:
<xml><ToUserName><![CDATA[gh_339b357d6bcb]]></ToUserName>
<FromUserName><![CDATA[oq5x0uCzR8LEhx3Jm6KneNOh-Qr0]]></FromUserName>
<CreateTime>1463761677</CreateTime>
<MsgType><![CDATA[text]]></MsgType>
<Content><![CDATA[111]]></Content>
<MsgId>6286808532258638931</MsgId>
</xml>

2016-05-21 00:28:01 params :
------------
Array:
message : Array ;
module : ewei_vote ;
rule : 19 ;
priority : 0 ;
keyword : Array ;

2016-05-21 00:28:01 response :
------------
Array:
FromUserName : gh_339b357d6bcb ;
ToUserName : oq5x0uCzR8LEhx3Jm6KneNOh-Qr0 ;
MsgType : news ;
ArticleCount : 1 ;
Articles : Array ;

2016-05-21 00:28:01 trace :
------------
String:
<xml><ToUserName><![CDATA[gh_339b357d6bcb]]></ToUserName>
<FromUserName><![CDATA[oq5x0uOCnV2wOghqqz08Ja8vXkxU]]></FromUserName>
<CreateTime>1463761677</CreateTime>
<MsgType><![CDATA[text]]></MsgType>
<Content><![CDATA[摇一摇]]></Content>
<MsgId>6286808532258638932</MsgId>
</xml>

2016-05-21 00:28:01 params :
------------
Array:
message : Array ;
module : ewei_vote ;
rule : 19 ;
priority : 0 ;
keyword : Array ;

2016-05-21 00:28:01 response :
------------
Array:
FromUserName : gh_339b357d6bcb ;
ToUserName : oq5x0uOCnV2wOghqqz08Ja8vXkxU ;
MsgType : news ;
ArticleCount : 1 ;
Articles : Array ;

2016-05-21 00:28:02 trace :
------------
String:
<xml><ToUserName><![CDATA[gh_339b357d6bcb]]></ToUserName>
<FromUserName><![CDATA[oq5x0uBaK5jfqdSX4QmArWWkY0lA]]></FromUserName>
<CreateTime>1463761677</CreateTime>
<MsgType><![CDATA[text]]></MsgType>
<Content><![CDATA[11]]></Content>
<MsgId>6286808532258638934</MsgId>
</xml>

2016-05-21 00:28:02 params :
------------
Array:
message : Array ;
module : ewei_vote ;
rule : 19 ;
priority : 0 ;
keyword : Array ;

2016-05-21 00:28:02 response :
------------
Array:
FromUserName : gh_339b357d6bcb ;
ToUserName : oq5x0uBaK5jfqdSX4QmArWWkY0lA ;
MsgType : news ;
ArticleCount : 1 ;
Articles : Array ;

2016-05-21 00:28:02 trace :
------------
String:
<xml><ToUserName><![CDATA[gh_339b357d6bcb]]></ToUserName>
<FromUserName><![CDATA[oq5x0uIyz5yZNC5WbhOLBv3RH8IM]]></FromUserName>
<CreateTime>1463761678</CreateTime>
<MsgType><![CDATA[text]]></MsgType>
<Content><![CDATA[摇一摇]]></Content>
<MsgId>6286808536553606233</MsgId>
</xml>

2016-05-21 00:28:02 params :
------------
Array:
message : Array ;
module : ewei_vote ;
rule : 19 ;
priority : 0 ;
keyword : Array ;

2016-05-21 00:28:02 response :
------------
Array:
FromUserName : gh_339b357d6bcb ;
ToUserName : oq5x0uIyz5yZNC5WbhOLBv3RH8IM ;
MsgType : news ;
ArticleCount : 1 ;
Articles : Array ;

2016-05-21 00:28:03 trace :
------------
String:
<xml><ToUserName><![CDATA[gh_339b357d6bcb]]></ToUserName>
<FromUserName><![CDATA[oq5x0uMewWh-NgYH29UIvGaP5vOI]]></FromUserName>
<CreateTime>1463761679</CreateTime>
<MsgType><![CDATA[text]]></MsgType>
<Content><![CDATA[摇一摇]]></Content>
<MsgId>6286808540848573531</MsgId>
</xml>

2016-05-21 00:28:04 params :
------------
Array:
message : Array ;
module : ewei_vote ;
rule : 19 ;
priority : 0 ;
keyword : Array ;

2016-05-21 00:28:04 response :
------------
Array:
FromUserName : gh_339b357d6bcb ;
ToUserName : oq5x0uMewWh-NgYH29UIvGaP5vOI ;
MsgType : news ;
ArticleCount : 1 ;
Articles : Array ;

2016-05-21 00:28:04 trace :
------------
String:
<xml><ToUserName><![CDATA[gh_339b357d6bcb]]></ToUserName>
<FromUserName><![CDATA[oq5x0uH3G7UbLJXz2Op1nCAPN6OI]]></FromUserName>
<CreateTime>1463761679</CreateTime>
<MsgType><![CDATA[text]]></MsgType>
<Content><![CDATA[121]]></Content>
<MsgId>6286808540848573532</MsgId>
</xml>

2016-05-21 00:28:04 params :
------------
Array:
message : Array ;
module : ewei_vote ;
rule : 19 ;
priority : 0 ;
keyword : Array ;

2016-05-21 00:28:04 response :
------------
Array:
FromUserName : gh_339b357d6bcb ;
ToUserName : oq5x0uH3G7UbLJXz2Op1nCAPN6OI ;
MsgType : news ;
ArticleCount : 1 ;
Articles : Array ;

2016-05-21 00:28:04 trace :
------------
String:
<xml><ToUserName><![CDATA[gh_339b357d6bcb]]></ToUserName>
<FromUserName><![CDATA[oq5x0uC_2ovDrEtkAtz4jkFA5ex0]]></FromUserName>
<CreateTime>1463761680</CreateTime>
<MsgType><![CDATA[text]]></MsgType>
<Content><![CDATA[摇一摇]]></Content>
<MsgId>6286808545143540831</MsgId>
</xml>

2016-05-21 00:28:04 params :
------------
Array:
message : Array ;
module : ewei_vote ;
rule : 19 ;
priority : 0 ;
keyword : Array ;

2016-05-21 00:28:04 response :
------------
Array:
FromUserName : gh_339b357d6bcb ;
ToUserName : oq5x0uC_2ovDrEtkAtz4jkFA5ex0 ;
MsgType : news ;
ArticleCount : 1 ;
Articles : Array ;

2016-05-21 00:28:07 trace :
------------
String:
<xml><ToUserName><![CDATA[gh_339b357d6bcb]]></ToUserName>
<FromUserName><![CDATA[oq5x0uEBBA475HjaVVVhpP6AP2Cg]]></FromUserName>
<CreateTime>1463761682</CreateTime>
<MsgType><![CDATA[event]]></MsgType>
<Event><![CDATA[subscribe]]></Event>
<EventKey><![CDATA[]]></EventKey>
</xml>

2016-05-21 00:28:07 params :
------------
Array:
message : Array ;
module : ewei_vote ;
rule : 19 ;
priority : 0 ;
keyword : Array ;

2016-05-21 00:28:07 response :
------------
Array:
FromUserName : gh_339b357d6bcb ;
ToUserName : oq5x0uEBBA475HjaVVVhpP6AP2Cg ;
MsgType : news ;
ArticleCount : 1 ;
Articles : Array ;

2016-05-21 00:28:08 trace :
------------
String:
<xml><ToUserName><![CDATA[gh_339b357d6bcb]]></ToUserName>
<FromUserName><![CDATA[oq5x0uDfxsuRiehgm6E0dVu-miP4]]></FromUserName>
<CreateTime>1463761683</CreateTime>
<MsgType><![CDATA[text]]></MsgType>
<Content><![CDATA[摇一摇]]></Content>
<MsgId>6286808558028442723</MsgId>
</xml>

2016-05-21 00:28:08 params :
------------
Array:
message : Array ;
module : ewei_vote ;
rule : 19 ;
priority : 0 ;
keyword : Array ;

2016-05-21 00:28:08 response :
------------
Array:
FromUserName : gh_339b357d6bcb ;
ToUserName : oq5x0uDfxsuRiehgm6E0dVu-miP4 ;
MsgType : news ;
ArticleCount : 1 ;
Articles : Array ;

2016-05-21 00:28:08 trace :
------------
String:
<xml><ToUserName><![CDATA[gh_339b357d6bcb]]></ToUserName>
<FromUserName><![CDATA[oq5x0uNtkV-k_z3lMrNBvr9uh5mM]]></FromUserName>
<CreateTime>1463761683</CreateTime>
<MsgType><![CDATA[text]]></MsgType>
<Content><![CDATA[摇一摇]]></Content>
<MsgId>6286808558028442724</MsgId>
</xml>

2016-05-21 00:28:08 params :
------------
Array:
message : Array ;
module : ewei_vote ;
rule : 19 ;
priority : 0 ;
keyword : Array ;

2016-05-21 00:28:08 response :
------------
Array:
FromUserName : gh_339b357d6bcb ;
ToUserName : oq5x0uNtkV-k_z3lMrNBvr9uh5mM ;
MsgType : news ;
ArticleCount : 1 ;
Articles : Array ;

2016-05-21 00:28:10 trace :
------------
String:
<xml><ToUserName><![CDATA[gh_339b357d6bcb]]></ToUserName>
<FromUserName><![CDATA[oq5x0uF61L4HfmVjAkBHPljcsROo]]></FromUserName>
<CreateTime>1463761685</CreateTime>
<MsgType><![CDATA[text]]></MsgType>
<Content><![CDATA[摇一摇]]></Content>
<MsgId>6286808566618377319</MsgId>
</xml>

2016-05-21 00:28:10 params :
------------
Array:
message : Array ;
module : ewei_vote ;
rule : 19 ;
priority : 0 ;
keyword : Array ;

2016-05-21 00:28:10 response :
------------
Array:
FromUserName : gh_339b357d6bcb ;
ToUserName : oq5x0uF61L4HfmVjAkBHPljcsROo ;
MsgType : news ;
ArticleCount : 1 ;
Articles : Array ;

2016-05-21 00:28:10 trace :
------------
String:
<xml><ToUserName><![CDATA[gh_339b357d6bcb]]></ToUserName>
<FromUserName><![CDATA[oq5x0uLRmjwQsk9ZieZPx-Rnq9f8]]></FromUserName>
<CreateTime>1463761685</CreateTime>
<MsgType><![CDATA[text]]></MsgType>
<Content><![CDATA[摇一摇]]></Content>
<MsgId>6286808566618377320</MsgId>
</xml>

2016-05-21 00:28:10 params :
------------
Array:
message : Array ;
module : ewei_vote ;
rule : 19 ;
priority : 0 ;
keyword : Array ;

2016-05-21 00:28:10 response :
------------
Array:
FromUserName : gh_339b357d6bcb ;
ToUserName : oq5x0uLRmjwQsk9ZieZPx-Rnq9f8 ;
MsgType : news ;
ArticleCount : 1 ;
Articles : Array ;

2016-05-21 00:28:11 trace :
------------
String:
<xml><ToUserName><![CDATA[gh_339b357d6bcb]]></ToUserName>
<FromUserName><![CDATA[oq5x0uAsRRJsvs7EdXlCSGGktZLI]]></FromUserName>
<CreateTime>1463761686</CreateTime>
<MsgType><![CDATA[text]]></MsgType>
<Content><![CDATA[摇一摇]]></Content>
<MsgId>6286808570913344619</MsgId>
</xml>

2016-05-21 00:28:11 params :
------------
Array:
message : Array ;
module : ewei_vote ;
rule : 19 ;
priority : 0 ;
keyword : Array ;

2016-05-21 00:28:11 response :
------------
Array:
FromUserName : gh_339b357d6bcb ;
ToUserName : oq5x0uAsRRJsvs7EdXlCSGGktZLI ;
MsgType : news ;
ArticleCount : 1 ;
Articles : Array ;

2016-05-21 00:28:11 trace :
------------
String:
<xml><ToUserName><![CDATA[gh_339b357d6bcb]]></ToUserName>
<FromUserName><![CDATA[oq5x0uCzR8LEhx3Jm6KneNOh-Qr0]]></FromUserName>
<CreateTime>1463761686</CreateTime>
<MsgType><![CDATA[text]]></MsgType>
<Content><![CDATA[摇一摇]]></Content>
<MsgId>6286808570913344621</MsgId>
</xml>

2016-05-21 00:28:11 params :
------------
Array:
message : Array ;
module : ewei_vote ;
rule : 19 ;
priority : 0 ;
keyword : Array ;

2016-05-21 00:28:11 response :
------------
Array:
FromUserName : gh_339b357d6bcb ;
ToUserName : oq5x0uCzR8LEhx3Jm6KneNOh-Qr0 ;
MsgType : news ;
ArticleCount : 1 ;
Articles : Array ;

2016-05-21 00:28:14 trace :
------------
String:
<xml><ToUserName><![CDATA[gh_339b357d6bcb]]></ToUserName>
<FromUserName><![CDATA[oq5x0uIv5L4W-tdf-ImouXA-VS-Y]]></FromUserName>
<CreateTime>1463761690</CreateTime>
<MsgType><![CDATA[text]]></MsgType>
<Content><![CDATA[摇一摇]]></Content>
<MsgId>6286808588093213807</MsgId>
</xml>

2016-05-21 00:28:14 params :
------------
Array:
message : Array ;
module : ewei_vote ;
rule : 19 ;
priority : 0 ;
keyword : Array ;

2016-05-21 00:28:14 response :
------------
Array:
FromUserName : gh_339b357d6bcb ;
ToUserName : oq5x0uIv5L4W-tdf-ImouXA-VS-Y ;
MsgType : news ;
ArticleCount : 1 ;
Articles : Array ;

2016-05-21 00:28:16 trace :
------------
String:
<xml><ToUserName><![CDATA[gh_339b357d6bcb]]></ToUserName>
<FromUserName><![CDATA[oq5x0uCzR8LEhx3Jm6KneNOh-Qr0]]></FromUserName>
<CreateTime>1463761686</CreateTime>
<MsgType><![CDATA[text]]></MsgType>
<Content><![CDATA[摇一摇]]></Content>
<MsgId>6286808570913344621</MsgId>
</xml>

2016-05-21 00:28:16 params :
------------
Array:
message : Array ;
module : ewei_vote ;
rule : 19 ;
priority : 0 ;
keyword : Array ;

2016-05-21 00:28:16 response :
------------
Array:
FromUserName : gh_339b357d6bcb ;
ToUserName : oq5x0uCzR8LEhx3Jm6KneNOh-Qr0 ;
MsgType : news ;
ArticleCount : 1 ;
Articles : Array ;

2016-05-21 00:28:17 trace :
------------
String:
<xml><ToUserName><![CDATA[gh_339b357d6bcb]]></ToUserName>
<FromUserName><![CDATA[oq5x0uLI8sfcbKmyFTtaIfpqVOOU]]></FromUserName>
<CreateTime>1463761693</CreateTime>
<MsgType><![CDATA[text]]></MsgType>
<Content><![CDATA[摇一摇]]></Content>
<MsgId>6286808600978115698</MsgId>
</xml>

2016-05-21 00:28:17 params :
------------
Array:
message : Array ;
module : ewei_vote ;
rule : 19 ;
priority : 0 ;
keyword : Array ;

2016-05-21 00:28:17 response :
------------
Array:
FromUserName : gh_339b357d6bcb ;
ToUserName : oq5x0uLI8sfcbKmyFTtaIfpqVOOU ;
MsgType : news ;
ArticleCount : 1 ;
Articles : Array ;

2016-05-21 00:28:19 trace :
------------
String:
<xml><ToUserName><![CDATA[gh_339b357d6bcb]]></ToUserName>
<FromUserName><![CDATA[oq5x0uP1I9ji4t-CUz8v4naRUKjg]]></FromUserName>
<CreateTime>1463761694</CreateTime>
<MsgType><![CDATA[text]]></MsgType>
<Content><![CDATA[摇一摇]]></Content>
<MsgId>6286808605273082996</MsgId>
</xml>

2016-05-21 00:28:19 params :
------------
Array:
message : Array ;
module : ewei_vote ;
rule : 19 ;
priority : 0 ;
keyword : Array ;

2016-05-21 00:28:19 response :
------------
Array:
FromUserName : gh_339b357d6bcb ;
ToUserName : oq5x0uP1I9ji4t-CUz8v4naRUKjg ;
MsgType : news ;
ArticleCount : 1 ;
Articles : Array ;

2016-05-21 00:28:21 trace :
------------
String:
<xml><ToUserName><![CDATA[gh_339b357d6bcb]]></ToUserName>
<FromUserName><![CDATA[oq5x0uNaae4d_chClcR3zQ36sQDw]]></FromUserName>
<CreateTime>1463761696</CreateTime>
<MsgType><![CDATA[event]]></MsgType>
<Event><![CDATA[subscribe]]></Event>
<EventKey><![CDATA[]]></EventKey>
</xml>

2016-05-21 00:28:21 params :
------------
Array:
message : Array ;
module : ewei_vote ;
rule : 19 ;
priority : 0 ;
keyword : Array ;

2016-05-21 00:28:21 response :
------------
Array:
FromUserName : gh_339b357d6bcb ;
ToUserName : oq5x0uNaae4d_chClcR3zQ36sQDw ;
MsgType : news ;
ArticleCount : 1 ;
Articles : Array ;

2016-05-21 00:28:21 trace :
------------
String:
<xml><ToUserName><![CDATA[gh_339b357d6bcb]]></ToUserName>
<FromUserName><![CDATA[oq5x0uCTuj0HU4EGQjUKE8WBHndY]]></FromUserName>
<CreateTime>1463761697</CreateTime>
<MsgType><![CDATA[text]]></MsgType>
<Content><![CDATA[摇一摇]]></Content>
<MsgId>6286808618157984886</MsgId>
</xml>

2016-05-21 00:28:21 params :
------------
Array:
message : Array ;
module : ewei_vote ;
rule : 19 ;
priority : 0 ;
keyword : Array ;

2016-05-21 00:28:21 response :
------------
Array:
FromUserName : gh_339b357d6bcb ;
ToUserName : oq5x0uCTuj0HU4EGQjUKE8WBHndY ;
MsgType : news ;
ArticleCount : 1 ;
Articles : Array ;

2016-05-21 00:28:24 trace :
------------
String:
<xml><ToUserName><![CDATA[gh_339b357d6bcb]]></ToUserName>
<FromUserName><![CDATA[oq5x0uP1I9ji4t-CUz8v4naRUKjg]]></FromUserName>
<CreateTime>1463761694</CreateTime>
<MsgType><![CDATA[text]]></MsgType>
<Content><![CDATA[摇一摇]]></Content>
<MsgId>6286808605273082996</MsgId>
</xml>

2016-05-21 00:28:24 params :
------------
Array:
message : Array ;
module : ewei_vote ;
rule : 19 ;
priority : 0 ;
keyword : Array ;

2016-05-21 00:28:24 response :
------------
Array:
FromUserName : gh_339b357d6bcb ;
ToUserName : oq5x0uP1I9ji4t-CUz8v4naRUKjg ;
MsgType : news ;
ArticleCount : 1 ;
Articles : Array ;

2016-05-21 00:28:24 trace :
------------
String:
<xml><ToUserName><![CDATA[gh_339b357d6bcb]]></ToUserName>
<FromUserName><![CDATA[oq5x0uKs9vLUat8SE-aYH8M-wuMc]]></FromUserName>
<CreateTime>1463761700</CreateTime>
<MsgType><![CDATA[text]]></MsgType>
<Content><![CDATA[摇一摇]]></Content>
<MsgId>6286808631042886776</MsgId>
</xml>

2016-05-21 00:28:24 params :
------------
Array:
message : Array ;
module : ewei_vote ;
rule : 19 ;
priority : 0 ;
keyword : Array ;

2016-05-21 00:28:24 response :
------------
Array:
FromUserName : gh_339b357d6bcb ;
ToUserName : oq5x0uKs9vLUat8SE-aYH8M-wuMc ;
MsgType : news ;
ArticleCount : 1 ;
Articles : Array ;

2016-05-21 00:28:26 trace :
------------
String:
<xml><ToUserName><![CDATA[gh_339b357d6bcb]]></ToUserName>
<FromUserName><![CDATA[oq5x0uEBBA475HjaVVVhpP6AP2Cg]]></FromUserName>
<CreateTime>1463761701</CreateTime>
<MsgType><![CDATA[text]]></MsgType>
<Content><![CDATA[摇一摇]]></Content>
<MsgId>6286808635337854074</MsgId>
</xml>

2016-05-21 00:28:26 params :
------------
Array:
message : Array ;
module : ewei_vote ;
rule : 19 ;
priority : 0 ;
keyword : Array ;

2016-05-21 00:28:26 response :
------------
Array:
FromUserName : gh_339b357d6bcb ;
ToUserName : oq5x0uEBBA475HjaVVVhpP6AP2Cg ;
MsgType : news ;
ArticleCount : 1 ;
Articles : Array ;

2016-05-21 00:28:31 trace :
------------
String:
<xml><ToUserName><![CDATA[gh_339b357d6bcb]]></ToUserName>
<FromUserName><![CDATA[oq5x0uHebQCUx74zouR8V4xG3e00]]></FromUserName>
<CreateTime>1463761707</CreateTime>
<MsgType><![CDATA[event]]></MsgType>
<Event><![CDATA[subscribe]]></Event>
<EventKey><![CDATA[]]></EventKey>
</xml>

2016-05-21 00:28:31 params :
------------
Array:
message : Array ;
module : ewei_vote ;
rule : 19 ;
priority : 0 ;
keyword : Array ;

2016-05-21 00:28:31 response :
------------
Array:
FromUserName : gh_339b357d6bcb ;
ToUserName : oq5x0uHebQCUx74zouR8V4xG3e00 ;
MsgType : news ;
ArticleCount : 1 ;
Articles : Array ;

2016-05-21 00:28:36 trace :
------------
String:
<xml><ToUserName><![CDATA[gh_339b357d6bcb]]></ToUserName>
<FromUserName><![CDATA[oq5x0uIv5L4W-tdf-ImouXA-VS-Y]]></FromUserName>
<CreateTime>1463761711</CreateTime>
<MsgType><![CDATA[text]]></MsgType>
<Content><![CDATA[摇一摇]]></Content>
<MsgId>6286808678287527039</MsgId>
</xml>

2016-05-21 00:28:36 params :
------------
Array:
message : Array ;
module : ewei_vote ;
rule : 19 ;
priority : 0 ;
keyword : Array ;

2016-05-21 00:28:36 response :
------------
Array:
FromUserName : gh_339b357d6bcb ;
ToUserName : oq5x0uIv5L4W-tdf-ImouXA-VS-Y ;
MsgType : news ;
ArticleCount : 1 ;
Articles : Array ;

2016-05-21 00:28:38 trace :
------------
String:
<xml><ToUserName><![CDATA[gh_339b357d6bcb]]></ToUserName>
<FromUserName><![CDATA[oq5x0uPDpgQ3CcIPas4fz8YyLptE]]></FromUserName>
<CreateTime>1463761714</CreateTime>
<MsgType><![CDATA[event]]></MsgType>
<Event><![CDATA[subscribe]]></Event>
<EventKey><![CDATA[]]></EventKey>
</xml>

2016-05-21 00:28:38 params :
------------
Array:
message : Array ;
module : ewei_vote ;
rule : 19 ;
priority : 0 ;
keyword : Array ;

2016-05-21 00:28:38 response :
------------
Array:
FromUserName : gh_339b357d6bcb ;
ToUserName : oq5x0uPDpgQ3CcIPas4fz8YyLptE ;
MsgType : news ;
ArticleCount : 1 ;
Articles : Array ;

2016-05-21 00:28:39 trace :
------------
String:
<xml><ToUserName><![CDATA[gh_339b357d6bcb]]></ToUserName>
<FromUserName><![CDATA[oq5x0uF61L4HfmVjAkBHPljcsROo]]></FromUserName>
<CreateTime>1463761714</CreateTime>
<MsgType><![CDATA[text]]></MsgType>
<Content><![CDATA[摇一摇]]></Content>
<MsgId>6286808691172428929</MsgId>
</xml>

2016-05-21 00:28:39 params :
------------
Array:
message : Array ;
module : ewei_vote ;
rule : 19 ;
priority : 0 ;
keyword : Array ;

2016-05-21 00:28:39 response :
------------
Array:
FromUserName : gh_339b357d6bcb ;
ToUserName : oq5x0uF61L4HfmVjAkBHPljcsROo ;
MsgType : news ;
ArticleCount : 1 ;
Articles : Array ;

2016-05-21 00:28:39 trace :
------------
String:
<xml><ToUserName><![CDATA[gh_339b357d6bcb]]></ToUserName>
<FromUserName><![CDATA[oq5x0uLI8sfcbKmyFTtaIfpqVOOU]]></FromUserName>
<CreateTime>1463761714</CreateTime>
<MsgType><![CDATA[text]]></MsgType>
<Content><![CDATA[摇一摇]]></Content>
<MsgId>6286808691172428931</MsgId>
</xml>

2016-05-21 00:28:39 params :
------------
Array:
message : Array ;
module : ewei_vote ;
rule : 19 ;
priority : 0 ;
keyword : Array ;

2016-05-21 00:28:39 response :
------------
Array:
FromUserName : gh_339b357d6bcb ;
ToUserName : oq5x0uLI8sfcbKmyFTtaIfpqVOOU ;
MsgType : news ;
ArticleCount : 1 ;
Articles : Array ;

2016-05-21 00:28:39 trace :
------------
String:
<xml><ToUserName><![CDATA[gh_339b357d6bcb]]></ToUserName>
<FromUserName><![CDATA[oq5x0uBaK5jfqdSX4QmArWWkY0lA]]></FromUserName>
<CreateTime>1463761715</CreateTime>
<MsgType><![CDATA[text]]></MsgType>
<Content><![CDATA[摇一摇]]></Content>
<MsgId>6286808695467396230</MsgId>
</xml>

2016-05-21 00:28:39 params :
------------
Array:
message : Array ;
module : ewei_vote ;
rule : 19 ;
priority : 0 ;
keyword : Array ;

2016-05-21 00:28:39 response :
------------
Array:
FromUserName : gh_339b357d6bcb ;
ToUserName : oq5x0uBaK5jfqdSX4QmArWWkY0lA ;
MsgType : news ;
ArticleCount : 1 ;
Articles : Array ;

2016-05-21 00:28:44 trace :
------------
String:
<xml><ToUserName><![CDATA[gh_339b357d6bcb]]></ToUserName>
<FromUserName><![CDATA[oq5x0uNPXsVHUkffFLq34V6Zv4s8]]></FromUserName>
<CreateTime>1463761718</CreateTime>
<MsgType><![CDATA[text]]></MsgType>
<Content><![CDATA[摇一摇]]></Content>
<MsgId>6286808708352298120</MsgId>
</xml>

2016-05-21 00:28:44 params :
------------
Array:
message : Array ;
module : ewei_vote ;
rule : 19 ;
priority : 0 ;
keyword : Array ;

2016-05-21 00:28:44 response :
------------
Array:
FromUserName : gh_339b357d6bcb ;
ToUserName : oq5x0uNPXsVHUkffFLq34V6Zv4s8 ;
MsgType : news ;
ArticleCount : 1 ;
Articles : Array ;

2016-05-21 00:28:51 trace :
------------
String:
<xml><ToUserName><![CDATA[gh_339b357d6bcb]]></ToUserName>
<FromUserName><![CDATA[oq5x0uCzR8LEhx3Jm6KneNOh-Qr0]]></FromUserName>
<CreateTime>1463761726</CreateTime>
<MsgType><![CDATA[text]]></MsgType>
<Content><![CDATA[摇一摇]]></Content>
<MsgId>6286808742712036490</MsgId>
</xml>

2016-05-21 00:28:51 params :
------------
Array:
message : Array ;
module : ewei_vote ;
rule : 19 ;
priority : 0 ;
keyword : Array ;

2016-05-21 00:28:51 response :
------------
Array:
FromUserName : gh_339b357d6bcb ;
ToUserName : oq5x0uCzR8LEhx3Jm6KneNOh-Qr0 ;
MsgType : news ;
ArticleCount : 1 ;
Articles : Array ;

2016-05-21 00:29:01 trace :
------------
String:
<xml><ToUserName><![CDATA[gh_339b357d6bcb]]></ToUserName>
<FromUserName><![CDATA[oq5x0uGMJMGmQ48fQ2NEBTwOd9YA]]></FromUserName>
<CreateTime>1463761735</CreateTime>
<MsgType><![CDATA[text]]></MsgType>
<Content><![CDATA[摇一摇]]></Content>
<MsgId>6286808781366742157</MsgId>
</xml>

2016-05-21 00:29:01 params :
------------
Array:
message : Array ;
module : ewei_vote ;
rule : 19 ;
priority : 0 ;
keyword : Array ;

2016-05-21 00:29:01 response :
------------
Array:
FromUserName : gh_339b357d6bcb ;
ToUserName : oq5x0uGMJMGmQ48fQ2NEBTwOd9YA ;
MsgType : news ;
ArticleCount : 1 ;
Articles : Array ;

2016-05-21 00:29:02 trace :
------------
String:
<xml><ToUserName><![CDATA[gh_339b357d6bcb]]></ToUserName>
<FromUserName><![CDATA[oq5x0uCzR8LEhx3Jm6KneNOh-Qr0]]></FromUserName>
<CreateTime>1463761737</CreateTime>
<MsgType><![CDATA[text]]></MsgType>
<Content><![CDATA[摇一摇]]></Content>
<MsgId>6286808789956676750</MsgId>
</xml>

2016-05-21 00:29:03 params :
------------
Array:
message : Array ;
module : ewei_vote ;
rule : 19 ;
priority : 0 ;
keyword : Array ;

2016-05-21 00:29:03 response :
------------
Array:
FromUserName : gh_339b357d6bcb ;
ToUserName : oq5x0uCzR8LEhx3Jm6KneNOh-Qr0 ;
MsgType : news ;
ArticleCount : 1 ;
Articles : Array ;

2016-05-21 00:29:06 trace :
------------
String:
<xml><ToUserName><![CDATA[gh_339b357d6bcb]]></ToUserName>
<FromUserName><![CDATA[oq5x0uGMJMGmQ48fQ2NEBTwOd9YA]]></FromUserName>
<CreateTime>1463761735</CreateTime>
<MsgType><![CDATA[text]]></MsgType>
<Content><![CDATA[摇一摇]]></Content>
<MsgId>6286808781366742157</MsgId>
</xml>

2016-05-21 00:29:06 params :
------------
Array:
message : Array ;
module : ewei_vote ;
rule : 19 ;
priority : 0 ;
keyword : Array ;

2016-05-21 00:29:06 response :
------------
Array:
FromUserName : gh_339b357d6bcb ;
ToUserName : oq5x0uGMJMGmQ48fQ2NEBTwOd9YA ;
MsgType : news ;
ArticleCount : 1 ;
Articles : Array ;

2016-05-21 00:29:24 trace :
------------
String:
<xml><ToUserName><![CDATA[gh_339b357d6bcb]]></ToUserName>
<FromUserName><![CDATA[oq5x0uF61L4HfmVjAkBHPljcsROo]]></FromUserName>
<CreateTime>1463761758</CreateTime>
<MsgType><![CDATA[text]]></MsgType>
<Content><![CDATA[摇一摇]]></Content>
<MsgId>6286808880150989969</MsgId>
</xml>

2016-05-21 00:29:24 params :
------------
Array:
message : Array ;
module : ewei_vote ;
rule : 19 ;
priority : 0 ;
keyword : Array ;

2016-05-21 00:29:24 response :
------------
Array:
FromUserName : gh_339b357d6bcb ;
ToUserName : oq5x0uF61L4HfmVjAkBHPljcsROo ;
MsgType : news ;
ArticleCount : 1 ;
Articles : Array ;

2016-05-21 00:29:34 trace :
------------
String:
<xml><ToUserName><![CDATA[gh_339b357d6bcb]]></ToUserName>
<FromUserName><![CDATA[oq5x0uHvNyb18RIbAfCXoiLWoHYI]]></FromUserName>
<CreateTime>1463761769</CreateTime>
<MsgType><![CDATA[event]]></MsgType>
<Event><![CDATA[subscribe]]></Event>
<EventKey><![CDATA[]]></EventKey>
</xml>

2016-05-21 00:29:35 params :
------------
Array:
message : Array ;
module : ewei_vote ;
rule : 19 ;
priority : 0 ;
keyword : Array ;

2016-05-21 00:29:35 response :
------------
Array:
FromUserName : gh_339b357d6bcb ;
ToUserName : oq5x0uHvNyb18RIbAfCXoiLWoHYI ;
MsgType : news ;
ArticleCount : 1 ;
Articles : Array ;

2016-05-21 00:29:38 trace :
------------
String:
<xml><ToUserName><![CDATA[gh_339b357d6bcb]]></ToUserName>
<FromUserName><![CDATA[oq5x0uH3G7UbLJXz2Op1nCAPN6OI]]></FromUserName>
<CreateTime>1463761772</CreateTime>
<MsgType><![CDATA[text]]></MsgType>
<Content><![CDATA[123]]></Content>
<MsgId>6286808940280532118</MsgId>
</xml>

2016-05-21 00:29:38 params :
------------
Array:
message : Array ;
module : ewei_vote ;
rule : 19 ;
priority : 0 ;
keyword : Array ;

2016-05-21 00:29:38 response :
------------
Array:
FromUserName : gh_339b357d6bcb ;
ToUserName : oq5x0uH3G7UbLJXz2Op1nCAPN6OI ;
MsgType : news ;
ArticleCount : 1 ;
Articles : Array ;

2016-05-21 00:29:43 trace :
------------
String:
<xml><ToUserName><![CDATA[gh_339b357d6bcb]]></ToUserName>
<FromUserName><![CDATA[oq5x0uH3G7UbLJXz2Op1nCAPN6OI]]></FromUserName>
<CreateTime>1463761772</CreateTime>
<MsgType><![CDATA[text]]></MsgType>
<Content><![CDATA[123]]></Content>
<MsgId>6286808940280532118</MsgId>
</xml>

2016-05-21 00:29:43 params :
------------
Array:
message : Array ;
module : ewei_vote ;
rule : 19 ;
priority : 0 ;
keyword : Array ;

2016-05-21 00:29:43 response :
------------
Array:
FromUserName : gh_339b357d6bcb ;
ToUserName : oq5x0uH3G7UbLJXz2Op1nCAPN6OI ;
MsgType : news ;
ArticleCount : 1 ;
Articles : Array ;

2016-05-21 00:29:46 trace :
------------
String:
<xml><ToUserName><![CDATA[gh_339b357d6bcb]]></ToUserName>
<FromUserName><![CDATA[oq5x0uBPdq-aR5GTYXeA1KRcz8FA]]></FromUserName>
<CreateTime>1463761780</CreateTime>
<MsgType><![CDATA[text]]></MsgType>
<Content><![CDATA[摇一摇]]></Content>
<MsgId>6286808974640270488</MsgId>
</xml>

2016-05-21 00:29:46 params :
------------
Array:
message : Array ;
module : ewei_vote ;
rule : 19 ;
priority : 0 ;
keyword : Array ;

2016-05-21 00:29:46 response :
------------
Array:
FromUserName : gh_339b357d6bcb ;
ToUserName : oq5x0uBPdq-aR5GTYXeA1KRcz8FA ;
MsgType : news ;
ArticleCount : 1 ;
Articles : Array ;

2016-05-21 00:30:05 trace :
------------
String:
<xml><ToUserName><![CDATA[gh_339b357d6bcb]]></ToUserName>
<FromUserName><![CDATA[oq5x0uM46vBwKEGsGR3iZCnbeHL4]]></FromUserName>
<CreateTime>1463761799</CreateTime>
<MsgType><![CDATA[event]]></MsgType>
<Event><![CDATA[subscribe]]></Event>
<EventKey><![CDATA[]]></EventKey>
</xml>

2016-05-21 00:30:05 params :
------------
Array:
message : Array ;
module : ewei_vote ;
rule : 19 ;
priority : 0 ;
keyword : Array ;

2016-05-21 00:30:05 response :
------------
Array:
FromUserName : gh_339b357d6bcb ;
ToUserName : oq5x0uM46vBwKEGsGR3iZCnbeHL4 ;
MsgType : news ;
ArticleCount : 1 ;
Articles : Array ;

2016-05-21 00:30:06 trace :
------------
String:
<xml><ToUserName><![CDATA[gh_339b357d6bcb]]></ToUserName>
<FromUserName><![CDATA[oq5x0uPuApwWfVQnkTZL0W95xxRo]]></FromUserName>
<CreateTime>1463761800</CreateTime>
<MsgType><![CDATA[text]]></MsgType>
<Content><![CDATA[摇一摇]]></Content>
<MsgId>6286809060539616412</MsgId>
</xml>

2016-05-21 00:30:06 params :
------------
Array:
message : Array ;
module : ewei_vote ;
rule : 19 ;
priority : 0 ;
keyword : Array ;

2016-05-21 00:30:06 response :
------------
Array:
FromUserName : gh_339b357d6bcb ;
ToUserName : oq5x0uPuApwWfVQnkTZL0W95xxRo ;
MsgType : news ;
ArticleCount : 1 ;
Articles : Array ;

2016-05-21 00:30:29 trace :
------------
String:
<xml><ToUserName><![CDATA[gh_339b357d6bcb]]></ToUserName>
<FromUserName><![CDATA[oq5x0uNtkV-k_z3lMrNBvr9uh5mM]]></FromUserName>
<CreateTime>1463761823</CreateTime>
<MsgType><![CDATA[text]]></MsgType>
<Content><![CDATA[摇一摇]]></Content>
<MsgId>6286809159323864222</MsgId>
</xml>

2016-05-21 00:30:29 params :
------------
Array:
message : Array ;
module : ewei_vote ;
rule : 19 ;
priority : 0 ;
keyword : Array ;

2016-05-21 00:30:29 response :
------------
Array:
FromUserName : gh_339b357d6bcb ;
ToUserName : oq5x0uNtkV-k_z3lMrNBvr9uh5mM ;
MsgType : news ;
ArticleCount : 1 ;
Articles : Array ;

2016-05-21 00:30:29 trace :
------------
String:
<xml><ToUserName><![CDATA[gh_339b357d6bcb]]></ToUserName>
<FromUserName><![CDATA[oq5x0uHvNyb18RIbAfCXoiLWoHYI]]></FromUserName>
<CreateTime>1463761823</CreateTime>
<MsgType><![CDATA[text]]></MsgType>
<Content><![CDATA[摇一摇]]></Content>
<MsgId>6286809159323864224</MsgId>
</xml>

2016-05-21 00:30:29 params :
------------
Array:
message : Array ;
module : ewei_vote ;
rule : 19 ;
priority : 0 ;
keyword : Array ;

2016-05-21 00:30:29 response :
------------
Array:
FromUserName : gh_339b357d6bcb ;
ToUserName : oq5x0uHvNyb18RIbAfCXoiLWoHYI ;
MsgType : news ;
ArticleCount : 1 ;
Articles : Array ;

2016-05-21 00:30:29 trace :
------------
String:
<xml><ToUserName><![CDATA[gh_339b357d6bcb]]></ToUserName>
<FromUserName><![CDATA[oq5x0uM46vBwKEGsGR3iZCnbeHL4]]></FromUserName>
<CreateTime>1463761823</CreateTime>
<MsgType><![CDATA[text]]></MsgType>
<Content><![CDATA[摇一摇]]></Content>
<MsgId>6286809159323864227</MsgId>
</xml>

2016-05-21 00:30:29 params :
------------
Array:
message : Array ;
module : ewei_vote ;
rule : 19 ;
priority : 0 ;
keyword : Array ;

2016-05-21 00:30:29 response :
------------
Array:
FromUserName : gh_339b357d6bcb ;
ToUserName : oq5x0uM46vBwKEGsGR3iZCnbeHL4 ;
MsgType : news ;
ArticleCount : 1 ;
Articles : Array ;

2016-05-21 00:30:38 trace :
------------
String:
<xml><ToUserName><![CDATA[gh_339b357d6bcb]]></ToUserName>
<FromUserName><![CDATA[oq5x0uD99AH0PdMLR3fqhCK5k78A]]></FromUserName>
<CreateTime>1463761832</CreateTime>
<MsgType><![CDATA[text]]></MsgType>
<Content><![CDATA[摇一摇]]></Content>
<MsgId>6286809197978569894</MsgId>
</xml>

2016-05-21 00:30:38 params :
------------
Array:
message : Array ;
module : ewei_vote ;
rule : 19 ;
priority : 0 ;
keyword : Array ;

2016-05-21 00:30:38 response :
------------
Array:
FromUserName : gh_339b357d6bcb ;
ToUserName : oq5x0uD99AH0PdMLR3fqhCK5k78A ;
MsgType : news ;
ArticleCount : 1 ;
Articles : Array ;

2016-05-21 00:30:42 trace :
------------
String:
<xml><ToUserName><![CDATA[gh_339b357d6bcb]]></ToUserName>
<FromUserName><![CDATA[oq5x0uFLdQb4f2mfaS83SlYBw-ac]]></FromUserName>
<CreateTime>1463761835</CreateTime>
<MsgType><![CDATA[event]]></MsgType>
<Event><![CDATA[subscribe]]></Event>
<EventKey><![CDATA[]]></EventKey>
</xml>

2016-05-21 00:30:42 params :
------------
Array:
message : Array ;
module : ewei_vote ;
rule : 19 ;
priority : 0 ;
keyword : Array ;

2016-05-21 00:30:42 response :
------------
Array:
FromUserName : gh_339b357d6bcb ;
ToUserName : oq5x0uFLdQb4f2mfaS83SlYBw-ac ;
MsgType : news ;
ArticleCount : 1 ;
Articles : Array ;

2016-05-21 00:30:44 trace :
------------
String:
<xml><ToUserName><![CDATA[gh_339b357d6bcb]]></ToUserName>
<FromUserName><![CDATA[oq5x0uH3G7UbLJXz2Op1nCAPN6OI]]></FromUserName>
<CreateTime>1463761838</CreateTime>
<MsgType><![CDATA[text]]></MsgType>
<Content><![CDATA[ 摇一摇]]></Content>
<MsgId>6286809223748373673</MsgId>
</xml>

2016-05-21 00:30:44 params :
------------
Array:
message : Array ;
module : ewei_vote ;
rule : 19 ;
priority : 0 ;
keyword : Array ;

2016-05-21 00:30:44 response :
------------
Array:
FromUserName : gh_339b357d6bcb ;
ToUserName : oq5x0uH3G7UbLJXz2Op1nCAPN6OI ;
MsgType : news ;
ArticleCount : 1 ;
Articles : Array ;

2016-05-21 00:30:44 trace :
------------
String:
<xml><ToUserName><![CDATA[gh_339b357d6bcb]]></ToUserName>
<FromUserName><![CDATA[oq5x0uEBBA475HjaVVVhpP6AP2Cg]]></FromUserName>
<CreateTime>1463761838</CreateTime>
<MsgType><![CDATA[text]]></MsgType>
<Content><![CDATA[摇一摇]]></Content>
<MsgId>6286809223748373674</MsgId>
</xml>

2016-05-21 00:30:44 params :
------------
Array:
message : Array ;
module : ewei_vote ;
rule : 19 ;
priority : 0 ;
keyword : Array ;

2016-05-21 00:30:44 response :
------------
Array:
FromUserName : gh_339b357d6bcb ;
ToUserName : oq5x0uEBBA475HjaVVVhpP6AP2Cg ;
MsgType : news ;
ArticleCount : 1 ;
Articles : Array ;

2016-05-21 00:30:46 trace :
------------
String:
<xml><ToUserName><![CDATA[gh_339b357d6bcb]]></ToUserName>
<FromUserName><![CDATA[oq5x0uBPdq-aR5GTYXeA1KRcz8FA]]></FromUserName>
<CreateTime>1463761840</CreateTime>
<MsgType><![CDATA[text]]></MsgType>
<Content><![CDATA[摇一摇]]></Content>
<MsgId>6286809232338308268</MsgId>
</xml>

2016-05-21 00:30:46 params :
------------
Array:
message : Array ;
module : ewei_vote ;
rule : 19 ;
priority : 0 ;
keyword : Array ;

2016-05-21 00:30:46 response :
------------
Array:
FromUserName : gh_339b357d6bcb ;
ToUserName : oq5x0uBPdq-aR5GTYXeA1KRcz8FA ;
MsgType : news ;
ArticleCount : 1 ;
Articles : Array ;

2016-05-21 00:30:48 trace :
------------
String:
<xml><ToUserName><![CDATA[gh_339b357d6bcb]]></ToUserName>
<FromUserName><![CDATA[oq5x0uPuApwWfVQnkTZL0W95xxRo]]></FromUserName>
<CreateTime>1463761841</CreateTime>
<MsgType><![CDATA[text]]></MsgType>
<Content><![CDATA[摇一摇]]></Content>
<MsgId>6286809236633275565</MsgId>
</xml>

2016-05-21 00:30:48 params :
------------
Array:
message : Array ;
module : ewei_vote ;
rule : 19 ;
priority : 0 ;
keyword : Array ;

2016-05-21 00:30:48 response :
------------
Array:
FromUserName : gh_339b357d6bcb ;
ToUserName : oq5x0uPuApwWfVQnkTZL0W95xxRo ;
MsgType : news ;
ArticleCount : 1 ;
Articles : Array ;

2016-05-21 00:30:49 trace :
------------
String:
<xml><ToUserName><![CDATA[gh_339b357d6bcb]]></ToUserName>
<FromUserName><![CDATA[oq5x0uH3G7UbLJXz2Op1nCAPN6OI]]></FromUserName>
<CreateTime>1463761838</CreateTime>
<MsgType><![CDATA[text]]></MsgType>
<Content><![CDATA[ 摇一摇]]></Content>
<MsgId>6286809223748373673</MsgId>
</xml>

2016-05-21 00:30:49 params :
------------
Array:
message : Array ;
module : ewei_vote ;
rule : 19 ;
priority : 0 ;
keyword : Array ;

2016-05-21 00:30:49 response :
------------
Array:
FromUserName : gh_339b357d6bcb ;
ToUserName : oq5x0uH3G7UbLJXz2Op1nCAPN6OI ;
MsgType : news ;
ArticleCount : 1 ;
Articles : Array ;

2016-05-21 00:30:59 trace :
------------
String:
<xml><ToUserName><![CDATA[gh_339b357d6bcb]]></ToUserName>
<FromUserName><![CDATA[oq5x0uCTuj0HU4EGQjUKE8WBHndY]]></FromUserName>
<CreateTime>1463761852</CreateTime>
<MsgType><![CDATA[text]]></MsgType>
<Content><![CDATA[摇一摇]]></Content>
<MsgId>6286809283877915824</MsgId>
</xml>

2016-05-21 00:30:59 params :
------------
Array:
message : Array ;
module : ewei_vote ;
rule : 19 ;
priority : 0 ;
keyword : Array ;

2016-05-21 00:30:59 response :
------------
Array:
FromUserName : gh_339b357d6bcb ;
ToUserName : oq5x0uCTuj0HU4EGQjUKE8WBHndY ;
MsgType : news ;
ArticleCount : 1 ;
Articles : Array ;

2016-05-21 00:31:00 trace :
------------
String:
<xml><ToUserName><![CDATA[gh_339b357d6bcb]]></ToUserName>
<FromUserName><![CDATA[oq5x0uBPdq-aR5GTYXeA1KRcz8FA]]></FromUserName>
<CreateTime>1463761854</CreateTime>
<MsgType><![CDATA[text]]></MsgType>
<Content><![CDATA[摇一摇]]></Content>
<MsgId>6286809292467850418</MsgId>
</xml>

2016-05-21 00:31:00 params :
------------
Array:
message : Array ;
module : ewei_vote ;
rule : 19 ;
priority : 0 ;
keyword : Array ;

2016-05-21 00:31:00 response :
------------
Array:
FromUserName : gh_339b357d6bcb ;
ToUserName : oq5x0uBPdq-aR5GTYXeA1KRcz8FA ;
MsgType : news ;
ArticleCount : 1 ;
Articles : Array ;

2016-05-21 00:31:03 trace :
------------
String:
<xml><ToUserName><![CDATA[gh_339b357d6bcb]]></ToUserName>
<FromUserName><![CDATA[oq5x0uF61L4HfmVjAkBHPljcsROo]]></FromUserName>
<CreateTime>1463761856</CreateTime>
<MsgType><![CDATA[text]]></MsgType>
<Content><![CDATA[摇一摇]]></Content>
<MsgId>6286809301057785012</MsgId>
</xml>

2016-05-21 00:31:03 params :
------------
Array:
message : Array ;
module : ewei_vote ;
rule : 19 ;
priority : 0 ;
keyword : Array ;

2016-05-21 00:31:03 response :
------------
Array:
FromUserName : gh_339b357d6bcb ;
ToUserName : oq5x0uF61L4HfmVjAkBHPljcsROo ;
MsgType : news ;
ArticleCount : 1 ;
Articles : Array ;

2016-05-21 00:31:11 trace :
------------
String:
<xml><ToUserName><![CDATA[gh_339b357d6bcb]]></ToUserName>
<FromUserName><![CDATA[oq5x0uKynpwJVD7UXN6S2k2UsNWE]]></FromUserName>
<CreateTime>1463761865</CreateTime>
<MsgType><![CDATA[event]]></MsgType>
<Event><![CDATA[subscribe]]></Event>
<EventKey><![CDATA[]]></EventKey>
</xml>

2016-05-21 00:31:11 params :
------------
Array:
message : Array ;
module : ewei_vote ;
rule : 19 ;
priority : 0 ;
keyword : Array ;

2016-05-21 00:31:11 response :
------------
Array:
FromUserName : gh_339b357d6bcb ;
ToUserName : oq5x0uKynpwJVD7UXN6S2k2UsNWE ;
MsgType : news ;
ArticleCount : 1 ;
Articles : Array ;

2016-05-21 00:31:15 trace :
------------
String:
<xml><ToUserName><![CDATA[gh_339b357d6bcb]]></ToUserName>
<FromUserName><![CDATA[oq5x0uPDpgQ3CcIPas4fz8YyLptE]]></FromUserName>
<CreateTime>1463761869</CreateTime>
<MsgType><![CDATA[text]]></MsgType>
<Content><![CDATA[摇一摇]]></Content>
<MsgId>6286809356892359864</MsgId>
</xml>

2016-05-21 00:31:15 params :
------------
Array:
message : Array ;
module : ewei_vote ;
rule : 19 ;
priority : 0 ;
keyword : Array ;

2016-05-21 00:31:15 response :
------------
Array:
FromUserName : gh_339b357d6bcb ;
ToUserName : oq5x0uPDpgQ3CcIPas4fz8YyLptE ;
MsgType : news ;
ArticleCount : 1 ;
Articles : Array ;

2016-05-21 00:31:19 trace :
------------
String:
<xml><ToUserName><![CDATA[gh_339b357d6bcb]]></ToUserName>
<FromUserName><![CDATA[oq5x0uEBBA475HjaVVVhpP6AP2Cg]]></FromUserName>
<CreateTime>1463761872</CreateTime>
<MsgType><![CDATA[text]]></MsgType>
<Content><![CDATA[摇一摇]]></Content>
<MsgId>6286809369777261754</MsgId>
</xml>

2016-05-21 00:31:19 params :
------------
Array:
message : Array ;
module : ewei_vote ;
rule : 19 ;
priority : 0 ;
keyword : Array ;

2016-05-21 00:31:19 response :
------------
Array:
FromUserName : gh_339b357d6bcb ;
ToUserName : oq5x0uEBBA475HjaVVVhpP6AP2Cg ;
MsgType : news ;
ArticleCount : 1 ;
Articles : Array ;

2016-05-21 00:31:31 trace :
------------
String:
<xml><ToUserName><![CDATA[gh_339b357d6bcb]]></ToUserName>
<FromUserName><![CDATA[oq5x0uPUzJLfUpworQvNitVvvtcQ]]></FromUserName>
<CreateTime>1463761884</CreateTime>
<MsgType><![CDATA[text]]></MsgType>
<Content><![CDATA[摇一摇]]></Content>
<MsgId>6286809421316869310</MsgId>
</xml>

2016-05-21 00:31:31 params :
------------
Array:
message : Array ;
module : ewei_vote ;
rule : 19 ;
priority : 0 ;
keyword : Array ;

2016-05-21 00:31:31 response :
------------
Array:
FromUserName : gh_339b357d6bcb ;
ToUserName : oq5x0uPUzJLfUpworQvNitVvvtcQ ;
MsgType : news ;
ArticleCount : 1 ;
Articles : Array ;

2016-05-21 00:31:48 trace :
------------
String:
<xml><ToUserName><![CDATA[gh_339b357d6bcb]]></ToUserName>
<FromUserName><![CDATA[oq5x0uNaae4d_chClcR3zQ36sQDw]]></FromUserName>
<CreateTime>1463761901</CreateTime>
<MsgType><![CDATA[text]]></MsgType>
<Content><![CDATA[摇一摇]]></Content>
<MsgId>6286809494331313346</MsgId>
</xml>

2016-05-21 00:31:48 params :
------------
Array:
message : Array ;
module : ewei_vote ;
rule : 19 ;
priority : 0 ;
keyword : Array ;

2016-05-21 00:31:48 response :
------------
Array:
FromUserName : gh_339b357d6bcb ;
ToUserName : oq5x0uNaae4d_chClcR3zQ36sQDw ;
MsgType : news ;
ArticleCount : 1 ;
Articles : Array ;

2016-05-21 00:32:12 trace :
------------
String:
<xml><ToUserName><![CDATA[gh_339b357d6bcb]]></ToUserName>
<FromUserName><![CDATA[oq5x0uGMJMGmQ48fQ2NEBTwOd9YA]]></FromUserName>
<CreateTime>1463761926</CreateTime>
<MsgType><![CDATA[text]]></MsgType>
<Content><![CDATA[摇一摇]]></Content>
<MsgId>6286809601705495748</MsgId>
</xml>

2016-05-21 00:32:12 params :
------------
Array:
message : Array ;
module : ewei_vote ;
rule : 19 ;
priority : 0 ;
keyword : Array ;

2016-05-21 00:32:12 response :
------------
Array:
FromUserName : gh_339b357d6bcb ;
ToUserName : oq5x0uGMJMGmQ48fQ2NEBTwOd9YA ;
MsgType : news ;
ArticleCount : 1 ;
Articles : Array ;

2016-05-21 00:32:32 trace :
------------
String:
<xml><ToUserName><![CDATA[gh_339b357d6bcb]]></ToUserName>
<FromUserName><![CDATA[oq5x0uKs9vLUat8SE-aYH8M-wuMc]]></FromUserName>
<CreateTime>1463761945</CreateTime>
<MsgType><![CDATA[text]]></MsgType>
<Content><![CDATA[摇一摇]]></Content>
<MsgId>6286809683309874377</MsgId>
</xml>

2016-05-21 00:32:32 params :
------------
Array:
message : Array ;
module : ewei_vote ;
rule : 19 ;
priority : 0 ;
keyword : Array ;

2016-05-21 00:32:32 response :
------------
Array:
FromUserName : gh_339b357d6bcb ;
ToUserName : oq5x0uKs9vLUat8SE-aYH8M-wuMc ;
MsgType : news ;
ArticleCount : 1 ;
Articles : Array ;

2016-05-21 00:32:52 trace :
------------
String:
<xml><ToUserName><![CDATA[gh_339b357d6bcb]]></ToUserName>
<FromUserName><![CDATA[oq5x0uGMJMGmQ48fQ2NEBTwOd9YA]]></FromUserName>
<CreateTime>1463761965</CreateTime>
<MsgType><![CDATA[text]]></MsgType>
<Content><![CDATA[摇一摇]]></Content>
<MsgId>6286809769209220300</MsgId>
</xml>

2016-05-21 00:32:52 params :
------------
Array:
message : Array ;
module : ewei_vote ;
rule : 19 ;
priority : 0 ;
keyword : Array ;

2016-05-21 00:32:52 response :
------------
Array:
FromUserName : gh_339b357d6bcb ;
ToUserName : oq5x0uGMJMGmQ48fQ2NEBTwOd9YA ;
MsgType : news ;
ArticleCount : 1 ;
Articles : Array ;

2016-05-21 00:34:38 trace :
------------
String:
<xml><ToUserName><![CDATA[gh_339b357d6bcb]]></ToUserName>
<FromUserName><![CDATA[oq5x0uCzR8LEhx3Jm6KneNOh-Qr0]]></FromUserName>
<CreateTime>1463762070</CreateTime>
<MsgType><![CDATA[text]]></MsgType>
<Content><![CDATA[摇一摇]]></Content>
<MsgId>6286810220180786392</MsgId>
</xml>

2016-05-21 00:34:38 params :
------------
Array:
message : Array ;
module : ewei_vote ;
rule : 19 ;
priority : 0 ;
keyword : Array ;

2016-05-21 00:34:38 response :
------------
Array:
FromUserName : gh_339b357d6bcb ;
ToUserName : oq5x0uCzR8LEhx3Jm6KneNOh-Qr0 ;
MsgType : news ;
ArticleCount : 1 ;
Articles : Array ;

2016-05-21 00:35:19 trace :
------------
String:
<xml><ToUserName><![CDATA[gh_339b357d6bcb]]></ToUserName>
<FromUserName><![CDATA[oq5x0uEBBA475HjaVVVhpP6AP2Cg]]></FromUserName>
<CreateTime>1463762112</CreateTime>
<MsgType><![CDATA[event]]></MsgType>
<Event><![CDATA[unsubscribe]]></Event>
<EventKey><![CDATA[]]></EventKey>
</xml>

2016-05-21 00:35:43 trace :
------------
String:
<xml><ToUserName><![CDATA[gh_339b357d6bcb]]></ToUserName>
<FromUserName><![CDATA[oq5x0uDfxsuRiehgm6E0dVu-miP4]]></FromUserName>
<CreateTime>1463762136</CreateTime>
<MsgType><![CDATA[text]]></MsgType>
<Content><![CDATA[摇一摇]]></Content>
<MsgId>6286810503648627941</MsgId>
</xml>

2016-05-21 00:35:43 params :
------------
Array:
message : Array ;
module : ewei_vote ;
rule : 19 ;
priority : 0 ;
keyword : Array ;

2016-05-21 00:35:43 response :
------------
Array:
FromUserName : gh_339b357d6bcb ;
ToUserName : oq5x0uDfxsuRiehgm6E0dVu-miP4 ;
MsgType : news ;
ArticleCount : 1 ;
Articles : Array ;

2016-05-21 01:19:52 trace :
------------
String:
<xml><ToUserName><![CDATA[gh_339b357d6bcb]]></ToUserName>
<FromUserName><![CDATA[oq5x0uB7SRKmaTR-5wVswWfaLLw4]]></FromUserName>
<CreateTime>1463764789</CreateTime>
<MsgType><![CDATA[event]]></MsgType>
<Event><![CDATA[subscribe]]></Event>
<EventKey><![CDATA[]]></EventKey>
</xml>

2016-05-21 01:19:52 params :
------------
Array:
message : Array ;
module : ewei_vote ;
rule : 19 ;
priority : 0 ;
keyword : Array ;

2016-05-21 01:19:52 response :
------------
Array:
FromUserName : gh_339b357d6bcb ;
ToUserName : oq5x0uB7SRKmaTR-5wVswWfaLLw4 ;
MsgType : news ;
ArticleCount : 1 ;
Articles : Array ;

2016-05-21 01:19:57 trace :
------------
String:
<xml><ToUserName><![CDATA[gh_339b357d6bcb]]></ToUserName>
<FromUserName><![CDATA[oq5x0uB7SRKmaTR-5wVswWfaLLw4]]></FromUserName>
<CreateTime>1463764794</CreateTime>
<MsgType><![CDATA[text]]></MsgType>
<Content><![CDATA[怎么玩]]></Content>
<MsgId>6286821919671701050</MsgId>
</xml>

2016-05-21 01:19:57 params :
------------
Array:
message : Array ;
module : ewei_vote ;
rule : 19 ;
priority : 0 ;
keyword : Array ;

2016-05-21 01:19:57 response :
------------
Array:
FromUserName : gh_339b357d6bcb ;
ToUserName : oq5x0uB7SRKmaTR-5wVswWfaLLw4 ;
MsgType : news ;
ArticleCount : 1 ;
Articles : Array ;

2016-05-21 01:40:44 trace :
------------
String:
<xml><ToUserName><![CDATA[gh_339b357d6bcb]]></ToUserName>
<FromUserName><![CDATA[oq5x0uOZHwkGrdguR-Jyp7Io7jEM]]></FromUserName>
<CreateTime>1463766038</CreateTime>
<MsgType><![CDATA[event]]></MsgType>
<Event><![CDATA[unsubscribe]]></Event>
<EventKey><![CDATA[]]></EventKey>
</xml>

2016-05-21 07:06:08 trace :
------------
String:
<xml><ToUserName><![CDATA[gh_339b357d6bcb]]></ToUserName>
<FromUserName><![CDATA[oq5x0uC0H8jbmlqexcheXW9wo9Hw]]></FromUserName>
<CreateTime>1463785567</CreateTime>
<MsgType><![CDATA[event]]></MsgType>
<Event><![CDATA[unsubscribe]]></Event>
<EventKey><![CDATA[]]></EventKey>
</xml>

2016-05-21 08:50:38 trace :
------------
String:
<xml><ToUserName><![CDATA[gh_339b357d6bcb]]></ToUserName>
<FromUserName><![CDATA[oq5x0uBECpscZcBFDVthDSvzt1Fo]]></FromUserName>
<CreateTime>1463791829</CreateTime>
<MsgType><![CDATA[event]]></MsgType>
<Event><![CDATA[unsubscribe]]></Event>
<EventKey><![CDATA[]]></EventKey>
</xml>

2016-05-21 11:49:07 trace :
------------
String:
<xml><ToUserName><![CDATA[gh_339b357d6bcb]]></ToUserName>
<FromUserName><![CDATA[oq5x0uGys_z3KNec9pw7rkU4NdgE]]></FromUserName>
<CreateTime>1463802525</CreateTime>
<MsgType><![CDATA[event]]></MsgType>
<Event><![CDATA[unsubscribe]]></Event>
<EventKey><![CDATA[]]></EventKey>
</xml>

2016-05-21 13:13:35 trace :
------------
String:
<xml><ToUserName><![CDATA[gh_339b357d6bcb]]></ToUserName>
<FromUserName><![CDATA[oq5x0uPDpgQ3CcIPas4fz8YyLptE]]></FromUserName>
<CreateTime>1463807601</CreateTime>
<MsgType><![CDATA[event]]></MsgType>
<Event><![CDATA[unsubscribe]]></Event>
<EventKey><![CDATA[]]></EventKey>
</xml>

2016-05-21 13:31:08 trace :
------------
String:
<xml><ToUserName><![CDATA[gh_339b357d6bcb]]></ToUserName>
<FromUserName><![CDATA[oq5x0uFLdQb4f2mfaS83SlYBw-ac]]></FromUserName>
<CreateTime>1463808643</CreateTime>
<MsgType><![CDATA[event]]></MsgType>
<Event><![CDATA[unsubscribe]]></Event>
<EventKey><![CDATA[]]></EventKey>
</xml>

2016-05-21 14:20:21 trace :
------------
String:
<xml><ToUserName><![CDATA[gh_d5c808a7666e]]></ToUserName>
<FromUserName><![CDATA[om_6jtx30eKhsWqmDxsH7_EbUvuw]]></FromUserName>
<CreateTime>1463811601</CreateTime>
<MsgType><![CDATA[event]]></MsgType>
<Event><![CDATA[subscribe]]></Event>
<EventKey><![CDATA[]]></EventKey>
</xml>

2016-05-21 14:20:21 params :
------------
Array:
rule : -2 ;
module :  ;
message : Array ;

2016-05-21 14:20:21 response :
------------

2016-05-21 14:20:25 trace :
------------
String:
<xml><ToUserName><![CDATA[gh_d5c808a7666e]]></ToUserName>
<FromUserName><![CDATA[om_6jtx30eKhsWqmDxsH7_EbUvuw]]></FromUserName>
<CreateTime>1463811606</CreateTime>
<MsgType><![CDATA[event]]></MsgType>
<Event><![CDATA[LOCATION]]></Event>
<Latitude>23.047052</Latitude>
<Longitude>113.754616</Longitude>
<Precision>1510.000000</Precision>
</xml>

2016-05-21 14:20:25 params :
------------
Array:
message : Array ;
module : default ;
rule : -1 ;

2016-05-21 14:20:25 response :
------------
Array:
errno : -1 ;
message : Invaild value ;

2016-05-21 15:45:23 trace :
------------
String:
<xml><ToUserName><![CDATA[gh_339b357d6bcb]]></ToUserName>
<FromUserName><![CDATA[oq5x0uHBs3jJ4SVOA5XS5JEKppq0]]></FromUserName>
<CreateTime>1463816690</CreateTime>
<MsgType><![CDATA[text]]></MsgType>
<Content><![CDATA[竞猜]]></Content>
<MsgId>6287044811294524745</MsgId>
</xml>

2016-05-21 15:45:23 params :
------------
Array:
message : Array ;
module : ewei_vote ;
rule : 19 ;
priority : 0 ;
keyword : Array ;

2016-05-21 15:45:23 response :
------------
Array:
FromUserName : gh_339b357d6bcb ;
ToUserName : oq5x0uHBs3jJ4SVOA5XS5JEKppq0 ;
MsgType : news ;
ArticleCount : 1 ;
Articles : Array ;

2016-05-21 15:50:27 trace :
------------
String:
<xml><ToUserName><![CDATA[gh_339b357d6bcb]]></ToUserName>
<FromUserName><![CDATA[oq5x0uO6vVXMk6S6IaB3VdXPUO4E]]></FromUserName>
<CreateTime>1463816993</CreateTime>
<MsgType><![CDATA[text]]></MsgType>
<Content><![CDATA[竞猜]]></Content>
<MsgId>6287046112669615636</MsgId>
</xml>

2016-05-21 15:50:27 params :
------------
Array:
message : Array ;
module : ewei_vote ;
rule : 19 ;
priority : 0 ;
keyword : Array ;

2016-05-21 15:50:27 response :
------------
Array:
FromUserName : gh_339b357d6bcb ;
ToUserName : oq5x0uO6vVXMk6S6IaB3VdXPUO4E ;
MsgType : news ;
ArticleCount : 1 ;
Articles : Array ;

2016-05-21 15:59:23 trace :
------------
String:
<xml><ToUserName><![CDATA[gh_339b357d6bcb]]></ToUserName>
<FromUserName><![CDATA[oq5x0uHrztXKAIsritQSOmi-uZwU]]></FromUserName>
<CreateTime>1463817559</CreateTime>
<MsgType><![CDATA[text]]></MsgType>
<Content><![CDATA[竞猜]]></Content>
<MsgId>6287048543621105485</MsgId>
</xml>

2016-05-21 15:59:23 params :
------------
Array:
message : Array ;
module : ewei_vote ;
rule : 19 ;
priority : 0 ;
keyword : Array ;

2016-05-21 15:59:23 response :
------------
Array:
FromUserName : gh_339b357d6bcb ;
ToUserName : oq5x0uHrztXKAIsritQSOmi-uZwU ;
MsgType : news ;
ArticleCount : 1 ;
Articles : Array ;

2016-05-21 16:52:02 trace :
------------
String:
<xml><ToUserName><![CDATA[gh_339b357d6bcb]]></ToUserName>
<FromUserName><![CDATA[oq5x0uDmWp9RwS6COjMJ4baKDVKA]]></FromUserName>
<CreateTime>1463820682</CreateTime>
<MsgType><![CDATA[text]]></MsgType>
<Content><![CDATA[竞猜]]></Content>
<MsgId>6287061956803972433</MsgId>
</xml>

2016-05-21 16:52:02 params :
------------
Array:
message : Array ;
module : ewei_vote ;
rule : 19 ;
priority : 0 ;
keyword : Array ;

2016-05-21 16:52:02 response :
------------
Array:
FromUserName : gh_339b357d6bcb ;
ToUserName : oq5x0uDmWp9RwS6COjMJ4baKDVKA ;
MsgType : news ;
ArticleCount : 1 ;
Articles : Array ;

2016-05-21 17:15:12 trace :
------------
String:
<xml><ToUserName><![CDATA[gh_339b357d6bcb]]></ToUserName>
<FromUserName><![CDATA[oq5x0uMY_qmV5qGVvLKDcdp5JqAk]]></FromUserName>
<CreateTime>1463822096</CreateTime>
<MsgType><![CDATA[event]]></MsgType>
<Event><![CDATA[subscribe]]></Event>
<EventKey><![CDATA[]]></EventKey>
</xml>

2016-05-21 17:15:12 params :
------------
Array:
message : Array ;
module : ewei_vote ;
rule : 19 ;
priority : 0 ;
keyword : Array ;

2016-05-21 17:15:12 response :
------------
Array:
FromUserName : gh_339b357d6bcb ;
ToUserName : oq5x0uMY_qmV5qGVvLKDcdp5JqAk ;
MsgType : news ;
ArticleCount : 1 ;
Articles : Array ;

2016-05-21 17:15:53 trace :
------------
String:
<xml><ToUserName><![CDATA[gh_339b357d6bcb]]></ToUserName>
<FromUserName><![CDATA[oq5x0uMY_qmV5qGVvLKDcdp5JqAk]]></FromUserName>
<CreateTime>1463822136</CreateTime>
<MsgType><![CDATA[text]]></MsgType>
<Content><![CDATA[电话]]></Content>
<MsgId>6287068201686421569</MsgId>
</xml>

2016-05-21 17:15:53 params :
------------
Array:
message : Array ;
module : ewei_vote ;
rule : 19 ;
priority : 0 ;
keyword : Array ;

2016-05-21 17:15:53 response :
------------
Array:
FromUserName : gh_339b357d6bcb ;
ToUserName : oq5x0uMY_qmV5qGVvLKDcdp5JqAk ;
MsgType : news ;
ArticleCount : 1 ;
Articles : Array ;

2016-05-21 17:56:42 trace :
------------
String:
<xml><ToUserName><![CDATA[gh_339b357d6bcb]]></ToUserName>
<FromUserName><![CDATA[oq5x0uH6SB9tYBVJhhnleOHOfK80]]></FromUserName>
<CreateTime>1463824600</CreateTime>
<MsgType><![CDATA[event]]></MsgType>
<Event><![CDATA[subscribe]]></Event>
<EventKey><![CDATA[]]></EventKey>
</xml>

2016-05-21 17:56:43 params :
------------
Array:
message : Array ;
module : ewei_vote ;
rule : 19 ;
priority : 0 ;
keyword : Array ;

2016-05-21 17:56:43 response :
------------
Array:
FromUserName : gh_339b357d6bcb ;
ToUserName : oq5x0uH6SB9tYBVJhhnleOHOfK80 ;
MsgType : news ;
ArticleCount : 1 ;
Articles : Array ;

2016-05-21 18:57:07 trace :
------------
String:
<xml><ToUserName><![CDATA[gh_339b357d6bcb]]></ToUserName>
<FromUserName><![CDATA[oq5x0uHNrtN1VqlXeCC1Foqg8czI]]></FromUserName>
<CreateTime>1463828226</CreateTime>
<MsgType><![CDATA[event]]></MsgType>
<Event><![CDATA[subscribe]]></Event>
<EventKey><![CDATA[]]></EventKey>
</xml>

2016-05-21 18:57:07 params :
------------
Array:
message : Array ;
module : ewei_vote ;
rule : 19 ;
priority : 0 ;
keyword : Array ;

2016-05-21 18:57:07 response :
------------
Array:
FromUserName : gh_339b357d6bcb ;
ToUserName : oq5x0uHNrtN1VqlXeCC1Foqg8czI ;
MsgType : news ;
ArticleCount : 1 ;
Articles : Array ;

