2016-08-02 10:36:49 trace :
------------
String:
<xml><ToUserName><![CDATA[gh_d5c808a7666e]]></ToUserName>
<FromUserName><![CDATA[om_6jt2KN5m2a7PN8LYPB54R85zI]]></FromUserName>
<CreateTime>1470105408</CreateTime>
<MsgType><![CDATA[event]]></MsgType>
<Event><![CDATA[subscribe]]></Event>
<EventKey><![CDATA[]]></EventKey>
</xml>

2016-08-02 10:36:49 params :
------------
Array:
rule : -2 ;
module :  ;
message : Array ;

2016-08-02 10:36:49 response :
------------

2016-08-02 10:36:51 trace :
------------
String:
<xml><ToUserName><![CDATA[gh_d5c808a7666e]]></ToUserName>
<FromUserName><![CDATA[om_6jt2KN5m2a7PN8LYPB54R85zI]]></FromUserName>
<CreateTime>1470105400</CreateTime>
<MsgType><![CDATA[event]]></MsgType>
<Event><![CDATA[unsubscribe]]></Event>
<EventKey><![CDATA[]]></EventKey>
</xml>

2016-08-02 10:36:52 trace :
------------
String:
<xml><ToUserName><![CDATA[gh_d5c808a7666e]]></ToUserName>
<FromUserName><![CDATA[om_6jt2KN5m2a7PN8LYPB54R85zI]]></FromUserName>
<CreateTime>1470105412</CreateTime>
<MsgType><![CDATA[event]]></MsgType>
<Event><![CDATA[VIEW]]></Event>
<EventKey><![CDATA[http://shanghai.xyj0772.com/app/index.php?i=2&c=entry&eid=22]]></EventKey>
<MenuId>404307949</MenuId>
</xml>

2016-08-02 10:36:52 params :
------------
Array:
rule : -2 ;
module :  ;
message : Array ;

2016-08-02 10:36:52 response :
------------

2016-08-02 10:47:10 trace :
------------
String:
<xml><ToUserName><![CDATA[gh_d5c808a7666e]]></ToUserName>
<FromUserName><![CDATA[om_6jt2KN5m2a7PN8LYPB54R85zI]]></FromUserName>
<CreateTime>1470106030</CreateTime>
<MsgType><![CDATA[event]]></MsgType>
<Event><![CDATA[VIEW]]></Event>
<EventKey><![CDATA[http://shanghai.xyj0772.com/app/index.php?i=2&c=entry&eid=22]]></EventKey>
<MenuId>404307949</MenuId>
</xml>

2016-08-02 10:47:10 params :
------------
Array:
rule : -2 ;
module :  ;
message : Array ;

2016-08-02 10:47:10 response :
------------

2016-08-02 10:52:50 trace :
------------
String:
<xml><ToUserName><![CDATA[gh_d5c808a7666e]]></ToUserName>
<FromUserName><![CDATA[om_6jt2KN5m2a7PN8LYPB54R85zI]]></FromUserName>
<CreateTime>1470106370</CreateTime>
<MsgType><![CDATA[text]]></MsgType>
<Content><![CDATA[扫码]]></Content>
<MsgId>6314058781195583471</MsgId>
</xml>

2016-08-02 10:52:50 params :
------------
Array:
rule : -2 ;
module :  ;
message : Array ;

2016-08-02 10:52:50 response :
------------

2016-08-02 10:54:29 trace :
------------
String:
<xml><ToUserName><![CDATA[gh_d5c808a7666e]]></ToUserName>
<FromUserName><![CDATA[om_6jt2KN5m2a7PN8LYPB54R85zI]]></FromUserName>
<CreateTime>1470106469</CreateTime>
<MsgType><![CDATA[event]]></MsgType>
<Event><![CDATA[VIEW]]></Event>
<EventKey><![CDATA[http://shanghai.xyj0772.com/app/index.php?i=2&c=entry&eid=22]]></EventKey>
<MenuId>404307949</MenuId>
</xml>

2016-08-02 10:54:29 params :
------------
Array:
rule : -2 ;
module :  ;
message : Array ;

2016-08-02 10:54:29 response :
------------

2016-08-02 10:55:48 trace :
------------
String:
<xml><ToUserName><![CDATA[gh_d5c808a7666e]]></ToUserName>
<FromUserName><![CDATA[om_6jt2KN5m2a7PN8LYPB54R85zI]]></FromUserName>
<CreateTime>1470106548</CreateTime>
<MsgType><![CDATA[event]]></MsgType>
<Event><![CDATA[LOCATION]]></Event>
<Latitude>24.307722</Latitude>
<Longitude>109.403152</Longitude>
<Precision>79.415855</Precision>
</xml>

2016-08-02 10:55:48 params :
------------
Array:
message : Array ;
module : default ;
rule : -1 ;

2016-08-02 10:55:48 response :
------------
Array:
errno : -1 ;
message : Invaild value ;

2016-08-02 10:55:49 trace :
------------
String:
<xml><ToUserName><![CDATA[gh_d5c808a7666e]]></ToUserName>
<FromUserName><![CDATA[om_6jt2KN5m2a7PN8LYPB54R85zI]]></FromUserName>
<CreateTime>1470106549</CreateTime>
<MsgType><![CDATA[event]]></MsgType>
<Event><![CDATA[VIEW]]></Event>
<EventKey><![CDATA[http://shanghai.xyj0772.com/app/index.php?i=2&c=entry&eid=22]]></EventKey>
<MenuId>404307950</MenuId>
</xml>

2016-08-02 10:55:49 params :
------------
Array:
rule : -2 ;
module :  ;
message : Array ;

2016-08-02 10:55:49 response :
------------

2016-08-02 10:57:29 trace :
------------
String:
<xml><ToUserName><![CDATA[gh_d5c808a7666e]]></ToUserName>
<FromUserName><![CDATA[om_6jt2KN5m2a7PN8LYPB54R85zI]]></FromUserName>
<CreateTime>1470106649</CreateTime>
<MsgType><![CDATA[event]]></MsgType>
<Event><![CDATA[VIEW]]></Event>
<EventKey><![CDATA[http://shanghai.xyj0772.com/app/index.php?i=2&c=entry&eid=22]]></EventKey>
<MenuId>404307950</MenuId>
</xml>

2016-08-02 10:57:29 params :
------------
Array:
rule : -2 ;
module :  ;
message : Array ;

2016-08-02 10:57:29 response :
------------

2016-08-02 10:57:35 trace :
------------
String:
<xml><ToUserName><![CDATA[gh_d5c808a7666e]]></ToUserName>
<FromUserName><![CDATA[om_6jt2KN5m2a7PN8LYPB54R85zI]]></FromUserName>
<CreateTime>1470106655</CreateTime>
<MsgType><![CDATA[event]]></MsgType>
<Event><![CDATA[unsubscribe]]></Event>
<EventKey><![CDATA[]]></EventKey>
</xml>

2016-08-02 10:58:29 trace :
------------
String:
<xml><ToUserName><![CDATA[gh_d5c808a7666e]]></ToUserName>
<FromUserName><![CDATA[om_6jt2KN5m2a7PN8LYPB54R85zI]]></FromUserName>
<CreateTime>1470106709</CreateTime>
<MsgType><![CDATA[event]]></MsgType>
<Event><![CDATA[subscribe]]></Event>
<EventKey><![CDATA[]]></EventKey>
</xml>

2016-08-02 10:58:29 params :
------------
Array:
rule : -2 ;
module :  ;
message : Array ;

2016-08-02 10:58:29 response :
------------

2016-08-02 10:58:31 trace :
------------
String:
<xml><ToUserName><![CDATA[gh_d5c808a7666e]]></ToUserName>
<FromUserName><![CDATA[om_6jt2KN5m2a7PN8LYPB54R85zI]]></FromUserName>
<CreateTime>1470106711</CreateTime>
<MsgType><![CDATA[event]]></MsgType>
<Event><![CDATA[VIEW]]></Event>
<EventKey><![CDATA[http://shanghai.xyj0772.com/app/index.php?i=2&c=entry&eid=22]]></EventKey>
<MenuId>404307950</MenuId>
</xml>

2016-08-02 10:58:31 params :
------------
Array:
rule : -2 ;
module :  ;
message : Array ;

2016-08-02 10:58:31 response :
------------

2016-08-02 10:58:42 trace :
------------
String:
<xml><ToUserName><![CDATA[gh_a4f9178c9538]]></ToUserName>
<FromUserName><![CDATA[oPAtQtxGBk67rTluxEdSudrSejAA]]></FromUserName>
<CreateTime>1470106722</CreateTime>
<MsgType><![CDATA[event]]></MsgType>
<Event><![CDATA[LOCATION]]></Event>
<Latitude>31.093885</Latitude>
<Longitude>121.640984</Longitude>
<Precision>5.000000</Precision>
</xml>

2016-08-02 10:58:42 params :
------------
Array:
message : Array ;
module : default ;
rule : -1 ;

2016-08-02 10:58:42 response :
------------
Array:
errno : -1 ;
message : Invaild value ;

2016-08-02 10:59:14 trace :
------------
String:
<xml><ToUserName><![CDATA[gh_a4f9178c9538]]></ToUserName>
<FromUserName><![CDATA[oPAtQtxGBk67rTluxEdSudrSejAA]]></FromUserName>
<CreateTime>1470106754</CreateTime>
<MsgType><![CDATA[event]]></MsgType>
<Event><![CDATA[VIEW]]></Event>
<EventKey><![CDATA[http://shanghai.xyj0772.com/app/index.php?i=1&c=entry&do=orderlist&m=weisrc_dish]]></EventKey>
<MenuId>516808282</MenuId>
</xml>

2016-08-02 10:59:14 params :
------------
Array:
rule : -2 ;
module :  ;
message : Array ;

2016-08-02 10:59:14 response :
------------

2016-08-02 10:59:22 trace :
------------
String:
<xml><ToUserName><![CDATA[gh_a4f9178c9538]]></ToUserName>
<FromUserName><![CDATA[oPAtQtxGBk67rTluxEdSudrSejAA]]></FromUserName>
<CreateTime>1470106761</CreateTime>
<MsgType><![CDATA[event]]></MsgType>
<Event><![CDATA[VIEW]]></Event>
<EventKey><![CDATA[http://shanghai.xyj0772.com/app/index.php?i=1&c=entry&do=wapselect&m=weisrc_dish]]></EventKey>
<MenuId>516808282</MenuId>
</xml>

2016-08-02 10:59:22 params :
------------
Array:
rule : -2 ;
module :  ;
message : Array ;

2016-08-02 10:59:22 response :
------------

2016-08-02 10:59:49 trace :
------------
String:
<xml><ToUserName><![CDATA[gh_d5c808a7666e]]></ToUserName>
<FromUserName><![CDATA[om_6jt2KN5m2a7PN8LYPB54R85zI]]></FromUserName>
<CreateTime>1470106789</CreateTime>
<MsgType><![CDATA[event]]></MsgType>
<Event><![CDATA[LOCATION]]></Event>
<Latitude>24.307653</Latitude>
<Longitude>109.403114</Longitude>
<Precision>65.000000</Precision>
</xml>

2016-08-02 10:59:49 params :
------------
Array:
message : Array ;
module : default ;
rule : -1 ;

2016-08-02 10:59:49 response :
------------
Array:
errno : -1 ;
message : Invaild value ;

2016-08-02 10:59:50 trace :
------------
String:
<xml><ToUserName><![CDATA[gh_d5c808a7666e]]></ToUserName>
<FromUserName><![CDATA[om_6jt2KN5m2a7PN8LYPB54R85zI]]></FromUserName>
<CreateTime>1470106789</CreateTime>
<MsgType><![CDATA[event]]></MsgType>
<Event><![CDATA[VIEW]]></Event>
<EventKey><![CDATA[http://shanghai.xyj0772.com/app/index.php?i=2&c=entry&eid=22]]></EventKey>
<MenuId>404307950</MenuId>
</xml>

2016-08-02 10:59:50 params :
------------
Array:
rule : -2 ;
module :  ;
message : Array ;

2016-08-02 10:59:50 response :
------------

2016-08-02 11:02:15 trace :
------------
String:
<xml><ToUserName><![CDATA[gh_d5c808a7666e]]></ToUserName>
<FromUserName><![CDATA[om_6jt2KN5m2a7PN8LYPB54R85zI]]></FromUserName>
<CreateTime>1470106935</CreateTime>
<MsgType><![CDATA[event]]></MsgType>
<Event><![CDATA[VIEW]]></Event>
<EventKey><![CDATA[http://shanghai.xyj0772.com/app/index.php?i=2&c=entry&eid=22]]></EventKey>
<MenuId>404307950</MenuId>
</xml>

2016-08-02 11:02:15 params :
------------
Array:
rule : -2 ;
module :  ;
message : Array ;

2016-08-02 11:02:15 response :
------------

2016-08-02 11:03:32 trace :
------------
String:
<xml><ToUserName><![CDATA[gh_d5c808a7666e]]></ToUserName>
<FromUserName><![CDATA[om_6jt2KN5m2a7PN8LYPB54R85zI]]></FromUserName>
<CreateTime>1470107012</CreateTime>
<MsgType><![CDATA[event]]></MsgType>
<Event><![CDATA[VIEW]]></Event>
<EventKey><![CDATA[http://shanghai.xyj0772.com/app/index.php?i=2&c=entry&eid=22]]></EventKey>
<MenuId>404307950</MenuId>
</xml>

2016-08-02 11:03:32 params :
------------
Array:
rule : -2 ;
module :  ;
message : Array ;

2016-08-02 11:03:32 response :
------------

2016-08-02 11:09:29 trace :
------------
String:
<xml><ToUserName><![CDATA[gh_d5c808a7666e]]></ToUserName>
<FromUserName><![CDATA[om_6jt2KN5m2a7PN8LYPB54R85zI]]></FromUserName>
<CreateTime>1470107369</CreateTime>
<MsgType><![CDATA[event]]></MsgType>
<Event><![CDATA[LOCATION]]></Event>
<Latitude>24.307533</Latitude>
<Longitude>109.403152</Longitude>
<Precision>65.000000</Precision>
</xml>

2016-08-02 11:09:29 params :
------------
Array:
message : Array ;
module : default ;
rule : -1 ;

2016-08-02 11:09:29 response :
------------
Array:
errno : -1 ;
message : Invaild value ;

2016-08-02 11:10:16 trace :
------------
String:
<xml><ToUserName><![CDATA[gh_d5c808a7666e]]></ToUserName>
<FromUserName><![CDATA[om_6jt2KN5m2a7PN8LYPB54R85zI]]></FromUserName>
<CreateTime>1470107415</CreateTime>
<MsgType><![CDATA[event]]></MsgType>
<Event><![CDATA[VIEW]]></Event>
<EventKey><![CDATA[http://shanghai.xyj0772.com/app/index.php?i=2&c=entry&eid=22]]></EventKey>
<MenuId>404307950</MenuId>
</xml>

2016-08-02 11:10:16 params :
------------
Array:
rule : -2 ;
module :  ;
message : Array ;

2016-08-02 11:10:16 response :
------------

2016-08-02 11:10:30 trace :
------------
String:
<xml><ToUserName><![CDATA[gh_d5c808a7666e]]></ToUserName>
<FromUserName><![CDATA[om_6jt2KN5m2a7PN8LYPB54R85zI]]></FromUserName>
<CreateTime>1470107430</CreateTime>
<MsgType><![CDATA[event]]></MsgType>
<Event><![CDATA[VIEW]]></Event>
<EventKey><![CDATA[http://shanghai.xyj0772.com/app/index.php?i=2&c=entry&eid=22]]></EventKey>
<MenuId>404307950</MenuId>
</xml>

2016-08-02 11:10:30 params :
------------
Array:
rule : -2 ;
module :  ;
message : Array ;

2016-08-02 11:10:30 response :
------------

2016-08-02 11:12:57 trace :
------------
String:
<xml><ToUserName><![CDATA[gh_d5c808a7666e]]></ToUserName>
<FromUserName><![CDATA[om_6jt2KN5m2a7PN8LYPB54R85zI]]></FromUserName>
<CreateTime>1470107577</CreateTime>
<MsgType><![CDATA[event]]></MsgType>
<Event><![CDATA[VIEW]]></Event>
<EventKey><![CDATA[http://shanghai.xyj0772.com/app/index.php?i=2&c=entry&eid=22]]></EventKey>
<MenuId>404307950</MenuId>
</xml>

2016-08-02 11:12:57 params :
------------
Array:
rule : -2 ;
module :  ;
message : Array ;

2016-08-02 11:12:57 response :
------------

2016-08-02 11:13:18 trace :
------------
String:
<xml><ToUserName><![CDATA[gh_d5c808a7666e]]></ToUserName>
<FromUserName><![CDATA[om_6jt2KN5m2a7PN8LYPB54R85zI]]></FromUserName>
<CreateTime>1470107598</CreateTime>
<MsgType><![CDATA[event]]></MsgType>
<Event><![CDATA[VIEW]]></Event>
<EventKey><![CDATA[http://shanghai.xyj0772.com/app/index.php?i=2&c=entry&eid=22]]></EventKey>
<MenuId>404307950</MenuId>
</xml>

2016-08-02 11:13:18 params :
------------
Array:
rule : -2 ;
module :  ;
message : Array ;

2016-08-02 11:13:18 response :
------------

2016-08-02 11:14:58 trace :
------------
String:
<xml><ToUserName><![CDATA[gh_d5c808a7666e]]></ToUserName>
<FromUserName><![CDATA[om_6jt2KN5m2a7PN8LYPB54R85zI]]></FromUserName>
<CreateTime>1470107698</CreateTime>
<MsgType><![CDATA[event]]></MsgType>
<Event><![CDATA[VIEW]]></Event>
<EventKey><![CDATA[http://shanghai.xyj0772.com/app/index.php?i=2&c=entry&eid=22]]></EventKey>
<MenuId>404307950</MenuId>
</xml>

2016-08-02 11:14:58 params :
------------
Array:
rule : -2 ;
module :  ;
message : Array ;

2016-08-02 11:14:58 response :
------------

2016-08-02 11:24:26 trace :
------------
String:
<xml><ToUserName><![CDATA[gh_d5c808a7666e]]></ToUserName>
<FromUserName><![CDATA[om_6jt2KN5m2a7PN8LYPB54R85zI]]></FromUserName>
<CreateTime>1470108266</CreateTime>
<MsgType><![CDATA[event]]></MsgType>
<Event><![CDATA[VIEW]]></Event>
<EventKey><![CDATA[http://shanghai.xyj0772.com/app/index.php?i=2&c=entry&eid=22]]></EventKey>
<MenuId>404307950</MenuId>
</xml>

2016-08-02 11:24:26 params :
------------
Array:
rule : -2 ;
module :  ;
message : Array ;

2016-08-02 11:24:26 response :
------------

2016-08-02 11:25:11 trace :
------------
String:
<xml><ToUserName><![CDATA[gh_d5c808a7666e]]></ToUserName>
<FromUserName><![CDATA[om_6jt2KN5m2a7PN8LYPB54R85zI]]></FromUserName>
<CreateTime>1470108311</CreateTime>
<MsgType><![CDATA[event]]></MsgType>
<Event><![CDATA[LOCATION]]></Event>
<Latitude>24.307714</Latitude>
<Longitude>109.403076</Longitude>
<Precision>65.000000</Precision>
</xml>

2016-08-02 11:25:11 params :
------------
Array:
message : Array ;
module : default ;
rule : -1 ;

2016-08-02 11:25:11 response :
------------
Array:
errno : -1 ;
message : Invaild value ;

2016-08-02 11:25:13 trace :
------------
String:
<xml><ToUserName><![CDATA[gh_d5c808a7666e]]></ToUserName>
<FromUserName><![CDATA[om_6jt2KN5m2a7PN8LYPB54R85zI]]></FromUserName>
<CreateTime>1470108313</CreateTime>
<MsgType><![CDATA[event]]></MsgType>
<Event><![CDATA[VIEW]]></Event>
<EventKey><![CDATA[http://shanghai.xyj0772.com/app/index.php?i=2&c=entry&eid=22]]></EventKey>
<MenuId>404307950</MenuId>
</xml>

2016-08-02 11:25:13 params :
------------
Array:
rule : -2 ;
module :  ;
message : Array ;

2016-08-02 11:25:13 response :
------------

2016-08-02 11:52:42 trace :
------------
String:
<xml><ToUserName><![CDATA[gh_d5c808a7666e]]></ToUserName>
<FromUserName><![CDATA[om_6jt2KN5m2a7PN8LYPB54R85zI]]></FromUserName>
<CreateTime>1470109961</CreateTime>
<MsgType><![CDATA[event]]></MsgType>
<Event><![CDATA[unsubscribe]]></Event>
<EventKey><![CDATA[]]></EventKey>
</xml>

2016-08-02 11:52:48 trace :
------------
String:
<xml><ToUserName><![CDATA[gh_d5c808a7666e]]></ToUserName>
<FromUserName><![CDATA[om_6jt2KN5m2a7PN8LYPB54R85zI]]></FromUserName>
<CreateTime>1470109968</CreateTime>
<MsgType><![CDATA[event]]></MsgType>
<Event><![CDATA[subscribe]]></Event>
<EventKey><![CDATA[]]></EventKey>
</xml>

2016-08-02 11:52:48 params :
------------
Array:
rule : -2 ;
module :  ;
message : Array ;

2016-08-02 11:52:48 response :
------------

2016-08-02 11:53:51 trace :
------------
String:
<xml><ToUserName><![CDATA[gh_d5c808a7666e]]></ToUserName>
<FromUserName><![CDATA[om_6jt2KN5m2a7PN8LYPB54R85zI]]></FromUserName>
<CreateTime>1470110031</CreateTime>
<MsgType><![CDATA[event]]></MsgType>
<Event><![CDATA[VIEW]]></Event>
<EventKey><![CDATA[http://shanghai.xyj0772.com/app/index.php?i=2&c=entry&eid=22]]></EventKey>
<MenuId>404307950</MenuId>
</xml>

2016-08-02 11:53:51 params :
------------
Array:
rule : -2 ;
module :  ;
message : Array ;

2016-08-02 11:53:51 response :
------------

2016-08-02 11:55:18 trace :
------------
String:
<xml><ToUserName><![CDATA[gh_d5c808a7666e]]></ToUserName>
<FromUserName><![CDATA[om_6jt2KN5m2a7PN8LYPB54R85zI]]></FromUserName>
<CreateTime>1470110118</CreateTime>
<MsgType><![CDATA[event]]></MsgType>
<Event><![CDATA[VIEW]]></Event>
<EventKey><![CDATA[http://shanghai.xyj0772.com/app/index.php?i=2&c=entry&eid=22]]></EventKey>
<MenuId>404307950</MenuId>
</xml>

2016-08-02 11:55:18 params :
------------
Array:
rule : -2 ;
module :  ;
message : Array ;

2016-08-02 11:55:18 response :
------------

2016-08-02 11:55:24 trace :
------------
String:
<xml><ToUserName><![CDATA[gh_d5c808a7666e]]></ToUserName>
<FromUserName><![CDATA[om_6jt2KN5m2a7PN8LYPB54R85zI]]></FromUserName>
<CreateTime>1470110124</CreateTime>
<MsgType><![CDATA[event]]></MsgType>
<Event><![CDATA[VIEW]]></Event>
<EventKey><![CDATA[http://shanghai.xyj0772.com/app/index.php?i=2&c=entry&eid=22]]></EventKey>
<MenuId>404307950</MenuId>
</xml>

2016-08-02 11:55:24 params :
------------
Array:
rule : -2 ;
module :  ;
message : Array ;

2016-08-02 11:55:24 response :
------------

2016-08-02 11:58:53 trace :
------------
String:
<xml><ToUserName><![CDATA[gh_d5c808a7666e]]></ToUserName>
<FromUserName><![CDATA[om_6jt2KN5m2a7PN8LYPB54R85zI]]></FromUserName>
<CreateTime>1470110332</CreateTime>
<MsgType><![CDATA[event]]></MsgType>
<Event><![CDATA[VIEW]]></Event>
<EventKey><![CDATA[http://shanghai.xyj0772.com/app/index.php?i=1&c=entry&eid=22]]></EventKey>
<MenuId>404307955</MenuId>
</xml>

2016-08-02 11:58:53 params :
------------
Array:
rule : -2 ;
module :  ;
message : Array ;

2016-08-02 11:58:53 response :
------------

2016-08-02 13:33:40 trace :
------------
String:
<xml><ToUserName><![CDATA[gh_d5c808a7666e]]></ToUserName>
<FromUserName><![CDATA[om_6jt0mq0SXwqYbKTteo5rulNco]]></FromUserName>
<CreateTime>1470116020</CreateTime>
<MsgType><![CDATA[event]]></MsgType>
<Event><![CDATA[VIEW]]></Event>
<EventKey><![CDATA[http://shanghai.xyj0772.com/app/index.php?i=1&c=entry&eid=22]]></EventKey>
<MenuId>404307955</MenuId>
</xml>

2016-08-02 13:33:40 params :
------------
Array:
rule : -2 ;
module :  ;
message : Array ;

2016-08-02 13:33:40 response :
------------

2016-08-02 13:36:05 trace :
------------
String:
<xml><ToUserName><![CDATA[gh_d5c808a7666e]]></ToUserName>
<FromUserName><![CDATA[om_6jt0mq0SXwqYbKTteo5rulNco]]></FromUserName>
<CreateTime>1470116165</CreateTime>
<MsgType><![CDATA[event]]></MsgType>
<Event><![CDATA[LOCATION]]></Event>
<Latitude>24.307684</Latitude>
<Longitude>109.403152</Longitude>
<Precision>65.000000</Precision>
</xml>

2016-08-02 13:36:05 params :
------------
Array:
message : Array ;
module : default ;
rule : -1 ;

2016-08-02 13:36:05 response :
------------
Array:
errno : -1 ;
message : Invaild value ;

2016-08-02 13:36:15 trace :
------------
String:
<xml><ToUserName><![CDATA[gh_d5c808a7666e]]></ToUserName>
<FromUserName><![CDATA[om_6jt0mq0SXwqYbKTteo5rulNco]]></FromUserName>
<CreateTime>1470116175</CreateTime>
<MsgType><![CDATA[event]]></MsgType>
<Event><![CDATA[VIEW]]></Event>
<EventKey><![CDATA[http://shanghai.xyj0772.com/app/index.php?i=1&c=entry&eid=22]]></EventKey>
<MenuId>404307955</MenuId>
</xml>

2016-08-02 13:36:15 params :
------------
Array:
rule : -2 ;
module :  ;
message : Array ;

2016-08-02 13:36:15 response :
------------

2016-08-02 13:36:19 trace :
------------
String:
<xml><ToUserName><![CDATA[gh_d5c808a7666e]]></ToUserName>
<FromUserName><![CDATA[om_6jt0mq0SXwqYbKTteo5rulNco]]></FromUserName>
<CreateTime>1470116179</CreateTime>
<MsgType><![CDATA[event]]></MsgType>
<Event><![CDATA[VIEW]]></Event>
<EventKey><![CDATA[http://shanghai.xyj0772.com/app/index.php?i=1&c=entry&eid=22]]></EventKey>
<MenuId>404307955</MenuId>
</xml>

2016-08-02 13:36:19 params :
------------
Array:
rule : -2 ;
module :  ;
message : Array ;

2016-08-02 13:36:19 response :
------------

2016-08-02 13:36:41 trace :
------------
String:
<xml><ToUserName><![CDATA[gh_d5c808a7666e]]></ToUserName>
<FromUserName><![CDATA[om_6jt0mq0SXwqYbKTteo5rulNco]]></FromUserName>
<CreateTime>1470116201</CreateTime>
<MsgType><![CDATA[event]]></MsgType>
<Event><![CDATA[VIEW]]></Event>
<EventKey><![CDATA[http://shanghai.xyj0772.com/app/index.php?i=1&c=entry&eid=22]]></EventKey>
<MenuId>404307955</MenuId>
</xml>

2016-08-02 13:36:41 params :
------------
Array:
rule : -2 ;
module :  ;
message : Array ;

2016-08-02 13:36:41 response :
------------

2016-08-02 13:38:41 trace :
------------
String:
<xml><ToUserName><![CDATA[gh_d5c808a7666e]]></ToUserName>
<FromUserName><![CDATA[om_6jt0ZdsS0OlLSpfO0DVzyqMGU]]></FromUserName>
<CreateTime>1470116321</CreateTime>
<MsgType><![CDATA[event]]></MsgType>
<Event><![CDATA[VIEW]]></Event>
<EventKey><![CDATA[http://shanghai.xyj0772.com/app/index.php?i=1&c=entry&eid=22]]></EventKey>
<MenuId>404307955</MenuId>
</xml>

2016-08-02 13:38:41 params :
------------
Array:
rule : -2 ;
module :  ;
message : Array ;

2016-08-02 13:38:41 response :
------------

2016-08-02 13:39:30 trace :
------------
String:
<xml><ToUserName><![CDATA[gh_d5c808a7666e]]></ToUserName>
<FromUserName><![CDATA[om_6jt0ZdsS0OlLSpfO0DVzyqMGU]]></FromUserName>
<CreateTime>1470116370</CreateTime>
<MsgType><![CDATA[event]]></MsgType>
<Event><![CDATA[VIEW]]></Event>
<EventKey><![CDATA[http://shanghai.xyj0772.com/app/index.php?i=1&c=entry&eid=22]]></EventKey>
<MenuId>404307955</MenuId>
</xml>

2016-08-02 13:39:30 params :
------------
Array:
rule : -2 ;
module :  ;
message : Array ;

2016-08-02 13:39:30 response :
------------

2016-08-02 13:41:37 trace :
------------
String:
<xml><ToUserName><![CDATA[gh_d5c808a7666e]]></ToUserName>
<FromUserName><![CDATA[om_6jt0ZdsS0OlLSpfO0DVzyqMGU]]></FromUserName>
<CreateTime>1470116496</CreateTime>
<MsgType><![CDATA[event]]></MsgType>
<Event><![CDATA[VIEW]]></Event>
<EventKey><![CDATA[http://shanghai.xyj0772.com/app/index.php?i=1&c=entry&eid=22]]></EventKey>
<MenuId>404307955</MenuId>
</xml>

2016-08-02 13:41:37 params :
------------
Array:
rule : -2 ;
module :  ;
message : Array ;

2016-08-02 13:41:37 response :
------------

2016-08-02 13:42:42 trace :
------------
String:
<xml><ToUserName><![CDATA[gh_d5c808a7666e]]></ToUserName>
<FromUserName><![CDATA[om_6jt0ZdsS0OlLSpfO0DVzyqMGU]]></FromUserName>
<CreateTime>1470116562</CreateTime>
<MsgType><![CDATA[event]]></MsgType>
<Event><![CDATA[VIEW]]></Event>
<EventKey><![CDATA[http://shanghai.xyj0772.com/app/index.php?i=1&c=entry&eid=22]]></EventKey>
<MenuId>404307955</MenuId>
</xml>

2016-08-02 13:42:43 params :
------------
Array:
rule : -2 ;
module :  ;
message : Array ;

2016-08-02 13:42:43 response :
------------

2016-08-02 13:54:18 trace :
------------
String:
<xml><ToUserName><![CDATA[gh_d5c808a7666e]]></ToUserName>
<FromUserName><![CDATA[om_6jt0ZdsS0OlLSpfO0DVzyqMGU]]></FromUserName>
<CreateTime>1470117258</CreateTime>
<MsgType><![CDATA[event]]></MsgType>
<Event><![CDATA[VIEW]]></Event>
<EventKey><![CDATA[http://shanghai.xyj0772.com/app/index.php?i=1&c=entry&eid=22]]></EventKey>
<MenuId>404307955</MenuId>
</xml>

2016-08-02 13:54:18 params :
------------
Array:
rule : -2 ;
module :  ;
message : Array ;

2016-08-02 13:54:18 response :
------------

2016-08-02 13:59:36 trace :
------------
String:
<xml><ToUserName><![CDATA[gh_d5c808a7666e]]></ToUserName>
<FromUserName><![CDATA[om_6jt0mq0SXwqYbKTteo5rulNco]]></FromUserName>
<CreateTime>1470117575</CreateTime>
<MsgType><![CDATA[event]]></MsgType>
<Event><![CDATA[VIEW]]></Event>
<EventKey><![CDATA[http://shanghai.xyj0772.com/app/index.php?i=1&c=entry&eid=22]]></EventKey>
<MenuId>404307955</MenuId>
</xml>

2016-08-02 13:59:36 params :
------------
Array:
rule : -2 ;
module :  ;
message : Array ;

2016-08-02 13:59:36 response :
------------

2016-08-02 14:39:45 trace :
------------
String:
<xml><ToUserName><![CDATA[gh_d5c808a7666e]]></ToUserName>
<FromUserName><![CDATA[om_6jt8RJaRUezR7Vq_l0QHvyCMA]]></FromUserName>
<CreateTime>1470119985</CreateTime>
<MsgType><![CDATA[event]]></MsgType>
<Event><![CDATA[subscribe]]></Event>
<EventKey><![CDATA[]]></EventKey>
</xml>

2016-08-02 14:39:45 params :
------------
Array:
rule : -2 ;
module :  ;
message : Array ;

2016-08-02 14:39:45 response :
------------

2016-08-02 16:06:26 trace :
------------
String:
<xml><ToUserName><![CDATA[gh_d5c808a7666e]]></ToUserName>
<FromUserName><![CDATA[om_6jt0mq0SXwqYbKTteo5rulNco]]></FromUserName>
<CreateTime>1470125186</CreateTime>
<MsgType><![CDATA[event]]></MsgType>
<Event><![CDATA[VIEW]]></Event>
<EventKey><![CDATA[http://shanghai.xyj0772.com/app/index.php?i=1&c=entry&eid=22]]></EventKey>
<MenuId>404307955</MenuId>
</xml>

2016-08-02 16:06:26 params :
------------
Array:
rule : -2 ;
module :  ;
message : Array ;

2016-08-02 16:06:26 response :
------------

2016-08-02 16:06:53 trace :
------------
String:
<xml><ToUserName><![CDATA[gh_d5c808a7666e]]></ToUserName>
<FromUserName><![CDATA[om_6jt0mq0SXwqYbKTteo5rulNco]]></FromUserName>
<CreateTime>1470125213</CreateTime>
<MsgType><![CDATA[event]]></MsgType>
<Event><![CDATA[VIEW]]></Event>
<EventKey><![CDATA[http://shanghai.xyj0772.com/app/index.php?i=1&c=entry&eid=22]]></EventKey>
<MenuId>404307955</MenuId>
</xml>

2016-08-02 16:06:53 params :
------------
Array:
rule : -2 ;
module :  ;
message : Array ;

2016-08-02 16:06:53 response :
------------

2016-08-02 16:27:06 trace :
------------
String:
<xml><ToUserName><![CDATA[gh_d5c808a7666e]]></ToUserName>
<FromUserName><![CDATA[om_6jt0mq0SXwqYbKTteo5rulNco]]></FromUserName>
<CreateTime>1470126426</CreateTime>
<MsgType><![CDATA[event]]></MsgType>
<Event><![CDATA[VIEW]]></Event>
<EventKey><![CDATA[http://shanghai.xyj0772.com/app/index.php?i=1&c=entry&eid=22]]></EventKey>
<MenuId>404307955</MenuId>
</xml>

2016-08-02 16:27:06 params :
------------
Array:
rule : -2 ;
module :  ;
message : Array ;

2016-08-02 16:27:06 response :
------------

2016-08-02 16:27:26 trace :
------------
String:
<xml><ToUserName><![CDATA[gh_d5c808a7666e]]></ToUserName>
<FromUserName><![CDATA[om_6jt0mq0SXwqYbKTteo5rulNco]]></FromUserName>
<CreateTime>1470126446</CreateTime>
<MsgType><![CDATA[event]]></MsgType>
<Event><![CDATA[VIEW]]></Event>
<EventKey><![CDATA[http://shanghai.xyj0772.com/app/index.php?i=1&c=entry&eid=22]]></EventKey>
<MenuId>404307955</MenuId>
</xml>

2016-08-02 16:27:26 params :
------------
Array:
rule : -2 ;
module :  ;
message : Array ;

2016-08-02 16:27:26 response :
------------

2016-08-02 16:27:31 trace :
------------
String:
<xml><ToUserName><![CDATA[gh_d5c808a7666e]]></ToUserName>
<FromUserName><![CDATA[om_6jt0mq0SXwqYbKTteo5rulNco]]></FromUserName>
<CreateTime>1470126451</CreateTime>
<MsgType><![CDATA[event]]></MsgType>
<Event><![CDATA[VIEW]]></Event>
<EventKey><![CDATA[http://shanghai.xyj0772.com/app/index.php?i=1&c=entry&eid=22]]></EventKey>
<MenuId>404307955</MenuId>
</xml>

2016-08-02 16:27:31 params :
------------
Array:
rule : -2 ;
module :  ;
message : Array ;

2016-08-02 16:27:31 response :
------------

2016-08-02 17:42:13 trace :
------------
String:
<xml><ToUserName><![CDATA[gh_d5c808a7666e]]></ToUserName>
<FromUserName><![CDATA[om_6jt0ZdsS0OlLSpfO0DVzyqMGU]]></FromUserName>
<CreateTime>1470130932</CreateTime>
<MsgType><![CDATA[event]]></MsgType>
<Event><![CDATA[VIEW]]></Event>
<EventKey><![CDATA[http://shanghai.xyj0772.com/app/index.php?i=1&c=entry&eid=22]]></EventKey>
<MenuId>404307955</MenuId>
</xml>

2016-08-02 17:42:13 params :
------------
Array:
rule : -2 ;
module :  ;
message : Array ;

2016-08-02 17:42:13 response :
------------

2016-08-02 17:45:47 trace :
------------
String:
<xml><ToUserName><![CDATA[gh_d5c808a7666e]]></ToUserName>
<FromUserName><![CDATA[om_6jt0ZdsS0OlLSpfO0DVzyqMGU]]></FromUserName>
<CreateTime>1470131147</CreateTime>
<MsgType><![CDATA[event]]></MsgType>
<Event><![CDATA[VIEW]]></Event>
<EventKey><![CDATA[http://shanghai.xyj0772.com/app/index.php?i=1&c=entry&eid=22]]></EventKey>
<MenuId>404307955</MenuId>
</xml>

2016-08-02 17:45:47 params :
------------
Array:
rule : -2 ;
module :  ;
message : Array ;

2016-08-02 17:45:47 response :
------------

2016-08-02 17:48:45 trace :
------------
String:
<xml><ToUserName><![CDATA[gh_d5c808a7666e]]></ToUserName>
<FromUserName><![CDATA[om_6jt0ZdsS0OlLSpfO0DVzyqMGU]]></FromUserName>
<CreateTime>1470131325</CreateTime>
<MsgType><![CDATA[event]]></MsgType>
<Event><![CDATA[VIEW]]></Event>
<EventKey><![CDATA[http://shanghai.xyj0772.com/app/index.php?i=1&c=entry&eid=22]]></EventKey>
<MenuId>404307955</MenuId>
</xml>

2016-08-02 17:48:45 params :
------------
Array:
rule : -2 ;
module :  ;
message : Array ;

2016-08-02 17:48:45 response :
------------

2016-08-02 17:50:28 trace :
------------
String:
<xml><ToUserName><![CDATA[gh_d5c808a7666e]]></ToUserName>
<FromUserName><![CDATA[om_6jt0ZdsS0OlLSpfO0DVzyqMGU]]></FromUserName>
<CreateTime>1470131428</CreateTime>
<MsgType><![CDATA[event]]></MsgType>
<Event><![CDATA[CLICK]]></Event>
<EventKey><![CDATA[info]]></EventKey>
</xml>

2016-08-02 17:50:28 params :
------------
Array:
rule : -2 ;
module :  ;
message : Array ;

2016-08-02 17:50:28 response :
------------

2016-08-02 17:50:59 trace :
------------
String:
<xml><ToUserName><![CDATA[gh_d5c808a7666e]]></ToUserName>
<FromUserName><![CDATA[om_6jt0ZdsS0OlLSpfO0DVzyqMGU]]></FromUserName>
<CreateTime>1470131459</CreateTime>
<MsgType><![CDATA[event]]></MsgType>
<Event><![CDATA[VIEW]]></Event>
<EventKey><![CDATA[http://shanghai.xyj0772.com/app/index.php?i=1&c=entry&eid=22]]></EventKey>
<MenuId>404307955</MenuId>
</xml>

2016-08-02 17:50:59 params :
------------
Array:
rule : -2 ;
module :  ;
message : Array ;

2016-08-02 17:50:59 response :
------------

2016-08-02 17:53:19 trace :
------------
String:
<xml><ToUserName><![CDATA[gh_d5c808a7666e]]></ToUserName>
<FromUserName><![CDATA[om_6jt0ZdsS0OlLSpfO0DVzyqMGU]]></FromUserName>
<CreateTime>1470131599</CreateTime>
<MsgType><![CDATA[event]]></MsgType>
<Event><![CDATA[VIEW]]></Event>
<EventKey><![CDATA[http://shanghai.xyj0772.com/app/index.php?i=1&c=entry&eid=22]]></EventKey>
<MenuId>404307955</MenuId>
</xml>

2016-08-02 17:53:19 params :
------------
Array:
rule : -2 ;
module :  ;
message : Array ;

2016-08-02 17:53:19 response :
------------

2016-08-02 17:56:55 trace :
------------
String:
<xml><ToUserName><![CDATA[gh_d5c808a7666e]]></ToUserName>
<FromUserName><![CDATA[om_6jt0mq0SXwqYbKTteo5rulNco]]></FromUserName>
<CreateTime>1470131814</CreateTime>
<MsgType><![CDATA[event]]></MsgType>
<Event><![CDATA[LOCATION]]></Event>
<Latitude>24.307657</Latitude>
<Longitude>109.403168</Longitude>
<Precision>65.000000</Precision>
</xml>

2016-08-02 17:56:55 params :
------------
Array:
message : Array ;
module : default ;
rule : -1 ;

2016-08-02 17:56:55 response :
------------
Array:
errno : -1 ;
message : Invaild value ;

2016-08-02 17:56:59 trace :
------------
String:
<xml><ToUserName><![CDATA[gh_d5c808a7666e]]></ToUserName>
<FromUserName><![CDATA[om_6jt0mq0SXwqYbKTteo5rulNco]]></FromUserName>
<CreateTime>1470131819</CreateTime>
<MsgType><![CDATA[text]]></MsgType>
<Content><![CDATA[http://localhost:9096/we73/app/index.php?i=1&c=entry&mid=1&do=list&m=eso_sale]]></Content>
<MsgId>6314168083818299431</MsgId>
</xml>

2016-08-02 17:56:59 params :
------------
Array:
rule : -2 ;
module :  ;
message : Array ;

2016-08-02 17:56:59 response :
------------

2016-08-02 17:57:05 trace :
------------
String:
<xml><ToUserName><![CDATA[gh_d5c808a7666e]]></ToUserName>
<FromUserName><![CDATA[om_6jt0ZdsS0OlLSpfO0DVzyqMGU]]></FromUserName>
<CreateTime>1470131824</CreateTime>
<MsgType><![CDATA[event]]></MsgType>
<Event><![CDATA[CLICK]]></Event>
<EventKey><![CDATA[bdhy]]></EventKey>
</xml>

2016-08-02 17:57:05 params :
------------
Array:
rule : -2 ;
module :  ;
message : Array ;

2016-08-02 17:57:05 response :
------------

2016-08-02 17:57:12 trace :
------------
String:
<xml><ToUserName><![CDATA[gh_d5c808a7666e]]></ToUserName>
<FromUserName><![CDATA[om_6jt0ZdsS0OlLSpfO0DVzyqMGU]]></FromUserName>
<CreateTime>1470131832</CreateTime>
<MsgType><![CDATA[event]]></MsgType>
<Event><![CDATA[CLICK]]></Event>
<EventKey><![CDATA[bdhy]]></EventKey>
</xml>

2016-08-02 17:57:12 params :
------------
Array:
rule : -2 ;
module :  ;
message : Array ;

2016-08-02 17:57:12 response :
------------

2016-08-02 18:06:29 trace :
------------
String:
<xml><ToUserName><![CDATA[gh_d5c808a7666e]]></ToUserName>
<FromUserName><![CDATA[om_6jt0ZdsS0OlLSpfO0DVzyqMGU]]></FromUserName>
<CreateTime>1470132389</CreateTime>
<MsgType><![CDATA[event]]></MsgType>
<Event><![CDATA[VIEW]]></Event>
<EventKey><![CDATA[http://shanghai.xyj0772.com/app/index.php?i=1&c=entry&eid=22]]></EventKey>
<MenuId>404307955</MenuId>
</xml>

2016-08-02 18:06:29 params :
------------
Array:
rule : -2 ;
module :  ;
message : Array ;

2016-08-02 18:06:29 response :
------------

