2016-05-04 15:35:10 trace :
------------
String:
<xml><ToUserName><![CDATA[gh_d5c808a7666e]]></ToUserName>
<FromUserName><![CDATA[om_6jt9nx0Vn3i2pXSydeJEeGeUU]]></FromUserName>
<CreateTime>1462347292</CreateTime>
<MsgType><![CDATA[event]]></MsgType>
<Event><![CDATA[LOCATION]]></Event>
<Latitude>24.307537</Latitude>
<Longitude>109.403069</Longitude>
<Precision>65.000000</Precision>
</xml>

2016-05-04 15:35:10 params :
------------
Array:
message : Array ;
module : default ;
rule : -1 ;

2016-05-04 15:35:10 response :
------------
Array:
errno : -1 ;
message : Invaild value ;

2016-05-04 15:39:37 trace :
------------
String:
<xml><ToUserName><![CDATA[gh_d5c808a7666e]]></ToUserName>
<FromUserName><![CDATA[om_6jt9nx0Vn3i2pXSydeJEeGeUU]]></FromUserName>
<CreateTime>1462347558</CreateTime>
<MsgType><![CDATA[event]]></MsgType>
<Event><![CDATA[LOCATION]]></Event>
<Latitude>24.307404</Latitude>
<Longitude>109.403099</Longitude>
<Precision>65.000000</Precision>
</xml>

2016-05-04 15:39:37 params :
------------
Array:
message : Array ;
module : default ;
rule : -1 ;

2016-05-04 15:39:37 response :
------------
Array:
errno : -1 ;
message : Invaild value ;

2016-05-04 15:39:43 trace :
------------
String:
<xml><ToUserName><![CDATA[gh_d5c808a7666e]]></ToUserName>
<FromUserName><![CDATA[om_6jt9nx0Vn3i2pXSydeJEeGeUU]]></FromUserName>
<CreateTime>1462347563</CreateTime>
<MsgType><![CDATA[event]]></MsgType>
<Event><![CDATA[unsubscribe]]></Event>
<EventKey><![CDATA[]]></EventKey>
</xml>

2016-05-04 15:40:01 trace :
------------
String:
<xml><ToUserName><![CDATA[gh_d5c808a7666e]]></ToUserName>
<FromUserName><![CDATA[om_6jt9nx0Vn3i2pXSydeJEeGeUU]]></FromUserName>
<CreateTime>1462347581</CreateTime>
<MsgType><![CDATA[event]]></MsgType>
<Event><![CDATA[subscribe]]></Event>
<EventKey><![CDATA[]]></EventKey>
</xml>

2016-05-04 15:40:01 params :
------------
Array:
rule : -2 ;
module :  ;
message : Array ;

2016-05-04 15:40:01 response :
------------

2016-05-04 15:40:04 trace :
------------
String:
<xml><ToUserName><![CDATA[gh_d5c808a7666e]]></ToUserName>
<FromUserName><![CDATA[om_6jt9nx0Vn3i2pXSydeJEeGeUU]]></FromUserName>
<CreateTime>1462347584</CreateTime>
<MsgType><![CDATA[event]]></MsgType>
<Event><![CDATA[LOCATION]]></Event>
<Latitude>24.307608</Latitude>
<Longitude>109.403099</Longitude>
<Precision>65.000000</Precision>
</xml>

2016-05-04 15:40:04 params :
------------
Array:
message : Array ;
module : default ;
rule : -1 ;

2016-05-04 15:40:04 response :
------------
Array:
errno : -1 ;
message : Invaild value ;

2016-05-04 15:40:04 trace :
------------
String:
<xml><ToUserName><![CDATA[gh_d5c808a7666e]]></ToUserName>
<FromUserName><![CDATA[om_6jt9nx0Vn3i2pXSydeJEeGeUU]]></FromUserName>
<CreateTime>1462347585</CreateTime>
<MsgType><![CDATA[event]]></MsgType>
<Event><![CDATA[VIEW]]></Event>
<EventKey><![CDATA[http://wqq.xyj0772.com/app/index.php?i=2&c=entry&eid=512]]></EventKey>
<MenuId>404080332</MenuId>
</xml>

2016-05-04 15:40:04 params :
------------
Array:
rule : -2 ;
module :  ;
message : Array ;

2016-05-04 15:40:04 response :
------------

2016-05-04 15:40:47 trace :
------------
String:
<xml><ToUserName><![CDATA[gh_d5c808a7666e]]></ToUserName>
<FromUserName><![CDATA[om_6jt9nx0Vn3i2pXSydeJEeGeUU]]></FromUserName>
<CreateTime>1462347626</CreateTime>
<MsgType><![CDATA[event]]></MsgType>
<Event><![CDATA[VIEW]]></Event>
<EventKey><![CDATA[http://wqq.xyj0772.com/app/index.php?i=2&c=entry&eid=512]]></EventKey>
<MenuId>404080332</MenuId>
</xml>

2016-05-04 15:40:47 params :
------------
Array:
rule : -2 ;
module :  ;
message : Array ;

2016-05-04 15:40:47 response :
------------

2016-05-04 15:41:28 trace :
------------
String:
<xml><ToUserName><![CDATA[gh_d5c808a7666e]]></ToUserName>
<FromUserName><![CDATA[om_6jt9nx0Vn3i2pXSydeJEeGeUU]]></FromUserName>
<CreateTime>1462347667</CreateTime>
<MsgType><![CDATA[event]]></MsgType>
<Event><![CDATA[VIEW]]></Event>
<EventKey><![CDATA[http://wqq.xyj0772.com/app/index.php?i=2&c=entry&eid=516]]></EventKey>
<MenuId>404080332</MenuId>
</xml>

2016-05-04 15:41:28 params :
------------
Array:
rule : -2 ;
module :  ;
message : Array ;

2016-05-04 15:41:28 response :
------------

2016-05-04 15:41:35 trace :
------------
String:
<xml><ToUserName><![CDATA[gh_d5c808a7666e]]></ToUserName>
<FromUserName><![CDATA[om_6jt9nx0Vn3i2pXSydeJEeGeUU]]></FromUserName>
<CreateTime>1462347674</CreateTime>
<MsgType><![CDATA[event]]></MsgType>
<Event><![CDATA[CLICK]]></Event>
<EventKey><![CDATA[花店海报]]></EventKey>
</xml>

2016-05-04 15:43:01 trace :
------------
String:
<xml><ToUserName><![CDATA[gh_d5c808a7666e]]></ToUserName>
<FromUserName><![CDATA[om_6jt9nx0Vn3i2pXSydeJEeGeUU]]></FromUserName>
<CreateTime>1462347760</CreateTime>
<MsgType><![CDATA[event]]></MsgType>
<Event><![CDATA[VIEW]]></Event>
<EventKey><![CDATA[http://wqq.xyj0772.com/app/index.php?i=2&c=entry&eid=512]]></EventKey>
<MenuId>404080332</MenuId>
</xml>

2016-05-04 15:43:01 params :
------------
Array:
rule : -2 ;
module :  ;
message : Array ;

2016-05-04 15:43:01 response :
------------

2016-05-04 15:43:27 trace :
------------
String:
<xml><ToUserName><![CDATA[gh_d5c808a7666e]]></ToUserName>
<FromUserName><![CDATA[om_6jt9nx0Vn3i2pXSydeJEeGeUU]]></FromUserName>
<CreateTime>1462347786</CreateTime>
<MsgType><![CDATA[event]]></MsgType>
<Event><![CDATA[VIEW]]></Event>
<EventKey><![CDATA[http://wqq.xyj0772.com/app/index.php?i=2&c=entry&eid=120]]></EventKey>
<MenuId>404080332</MenuId>
</xml>

2016-05-04 15:43:27 params :
------------
Array:
rule : -2 ;
module :  ;
message : Array ;

2016-05-04 15:43:27 response :
------------

2016-05-04 15:43:35 trace :
------------
String:
<xml><ToUserName><![CDATA[gh_d5c808a7666e]]></ToUserName>
<FromUserName><![CDATA[om_6jt9nx0Vn3i2pXSydeJEeGeUU]]></FromUserName>
<CreateTime>1462347793</CreateTime>
<MsgType><![CDATA[event]]></MsgType>
<Event><![CDATA[VIEW]]></Event>
<EventKey><![CDATA[http://wqq.xyj0772.com/app/index.php?i=2&c=entry&eid=512]]></EventKey>
<MenuId>404080332</MenuId>
</xml>

2016-05-04 15:43:35 params :
------------
Array:
rule : -2 ;
module :  ;
message : Array ;

2016-05-04 15:43:35 response :
------------

2016-05-04 15:50:23 trace :
------------
String:
<xml><ToUserName><![CDATA[gh_d5c808a7666e]]></ToUserName>
<FromUserName><![CDATA[om_6jt9nx0Vn3i2pXSydeJEeGeUU]]></FromUserName>
<CreateTime>1462348198</CreateTime>
<MsgType><![CDATA[event]]></MsgType>
<Event><![CDATA[CLICK]]></Event>
<EventKey><![CDATA[花店海报]]></EventKey>
</xml>

2016-05-04 15:50:31 trace :
------------
String:
<xml><ToUserName><![CDATA[gh_d5c808a7666e]]></ToUserName>
<FromUserName><![CDATA[om_6jt9nx0Vn3i2pXSydeJEeGeUU]]></FromUserName>
<CreateTime>1462348207</CreateTime>
<MsgType><![CDATA[event]]></MsgType>
<Event><![CDATA[unsubscribe]]></Event>
<EventKey><![CDATA[]]></EventKey>
</xml>

2016-05-04 15:52:50 trace :
------------
String:
<xml><ToUserName><![CDATA[gh_d5c808a7666e]]></ToUserName>
<FromUserName><![CDATA[om_6jt9nx0Vn3i2pXSydeJEeGeUU]]></FromUserName>
<CreateTime>1462348343</CreateTime>
<MsgType><![CDATA[event]]></MsgType>
<Event><![CDATA[subscribe]]></Event>
<EventKey><![CDATA[]]></EventKey>
</xml>

2016-05-04 15:52:50 params :
------------
Array:
rule : -2 ;
module :  ;
message : Array ;

2016-05-04 15:52:50 response :
------------

2016-05-04 15:52:53 trace :
------------
String:
<xml><ToUserName><![CDATA[gh_d5c808a7666e]]></ToUserName>
<FromUserName><![CDATA[om_6jt9nx0Vn3i2pXSydeJEeGeUU]]></FromUserName>
<CreateTime>1462348346</CreateTime>
<MsgType><![CDATA[event]]></MsgType>
<Event><![CDATA[LOCATION]]></Event>
<Latitude>24.307528</Latitude>
<Longitude>109.403114</Longitude>
<Precision>65.000000</Precision>
</xml>

2016-05-04 15:52:53 params :
------------
Array:
message : Array ;
module : default ;
rule : -1 ;

2016-05-04 15:52:53 response :
------------
Array:
errno : -1 ;
message : Invaild value ;

2016-05-04 15:52:56 trace :
------------
String:
<xml><ToUserName><![CDATA[gh_d5c808a7666e]]></ToUserName>
<FromUserName><![CDATA[om_6jt9nx0Vn3i2pXSydeJEeGeUU]]></FromUserName>
<CreateTime>1462348349</CreateTime>
<MsgType><![CDATA[event]]></MsgType>
<Event><![CDATA[CLICK]]></Event>
<EventKey><![CDATA[花店海报]]></EventKey>
</xml>

2016-05-04 15:53:11 trace :
------------
String:
<xml><ToUserName><![CDATA[gh_d5c808a7666e]]></ToUserName>
<FromUserName><![CDATA[om_6jt9nx0Vn3i2pXSydeJEeGeUU]]></FromUserName>
<CreateTime>1462348364</CreateTime>
<MsgType><![CDATA[event]]></MsgType>
<Event><![CDATA[CLICK]]></Event>
<EventKey><![CDATA[花店海报]]></EventKey>
</xml>

2016-05-04 15:53:40 trace :
------------
String:
<xml><ToUserName><![CDATA[gh_d5c808a7666e]]></ToUserName>
<FromUserName><![CDATA[om_6jt2reuXZKpn7S21ogqL9aK0I]]></FromUserName>
<CreateTime>1462348393</CreateTime>
<MsgType><![CDATA[event]]></MsgType>
<Event><![CDATA[SCAN]]></Event>
<EventKey><![CDATA[b8a130d2efd991dfc576c5128e69b2bc]]></EventKey>
<Ticket><![CDATA[gQG67zoAAAAAAAAAASxodHRwOi8vd2VpeGluLnFxLmNvbS9xL2VVeEp5aFhraFNUOGZuTDVuR1JmAAIEDS8XVwMEAAAAAA==]]></Ticket>
</xml>

2016-05-04 15:53:42 trace :
------------
String:
<xml><ToUserName><![CDATA[gh_d5c808a7666e]]></ToUserName>
<FromUserName><![CDATA[om_6jt2reuXZKpn7S21ogqL9aK0I]]></FromUserName>
<CreateTime>1462348395</CreateTime>
<MsgType><![CDATA[event]]></MsgType>
<Event><![CDATA[LOCATION]]></Event>
<Latitude>24.307722</Latitude>
<Longitude>109.403229</Longitude>
<Precision>65.000000</Precision>
</xml>

2016-05-04 15:53:42 params :
------------
Array:
message : Array ;
module : default ;
rule : -1 ;

2016-05-04 15:53:42 response :
------------
Array:
errno : -1 ;
message : Invaild value ;

2016-05-04 15:53:47 trace :
------------
String:
<xml><ToUserName><![CDATA[gh_d5c808a7666e]]></ToUserName>
<FromUserName><![CDATA[om_6jt2reuXZKpn7S21ogqL9aK0I]]></FromUserName>
<CreateTime>1462348400</CreateTime>
<MsgType><![CDATA[event]]></MsgType>
<Event><![CDATA[unsubscribe]]></Event>
<EventKey><![CDATA[]]></EventKey>
</xml>

2016-05-04 15:53:58 trace :
------------
String:
<xml><ToUserName><![CDATA[gh_d5c808a7666e]]></ToUserName>
<FromUserName><![CDATA[om_6jt2reuXZKpn7S21ogqL9aK0I]]></FromUserName>
<CreateTime>1462348411</CreateTime>
<MsgType><![CDATA[event]]></MsgType>
<Event><![CDATA[subscribe]]></Event>
<EventKey><![CDATA[qrscene_b8a130d2efd991dfc576c5128e69b2bc]]></EventKey>
<Ticket><![CDATA[gQG67zoAAAAAAAAAASxodHRwOi8vd2VpeGluLnFxLmNvbS9xL2VVeEp5aFhraFNUOGZuTDVuR1JmAAIEDS8XVwMEAAAAAA==]]></Ticket>
</xml>

2016-05-04 15:54:04 trace :
------------
String:
<xml><ToUserName><![CDATA[gh_d5c808a7666e]]></ToUserName>
<FromUserName><![CDATA[om_6jt2reuXZKpn7S21ogqL9aK0I]]></FromUserName>
<CreateTime>1462348417</CreateTime>
<MsgType><![CDATA[event]]></MsgType>
<Event><![CDATA[VIEW]]></Event>
<EventKey><![CDATA[http://wqq.xyj0772.com/app/index.php?i=2&c=entry&eid=512]]></EventKey>
<MenuId>404080332</MenuId>
</xml>

2016-05-04 15:54:04 params :
------------
Array:
rule : -2 ;
module :  ;
message : Array ;

2016-05-04 15:54:04 response :
------------

2016-05-04 15:57:04 trace :
------------
String:
<xml><ToUserName><![CDATA[gh_d5c808a7666e]]></ToUserName>
<FromUserName><![CDATA[om_6jt2reuXZKpn7S21ogqL9aK0I]]></FromUserName>
<CreateTime>1462348594</CreateTime>
<MsgType><![CDATA[event]]></MsgType>
<Event><![CDATA[VIEW]]></Event>
<EventKey><![CDATA[http://wqq.xyj0772.com/app/index.php?i=2&c=entry&eid=512]]></EventKey>
<MenuId>404080332</MenuId>
</xml>

2016-05-04 15:57:04 params :
------------
Array:
rule : -2 ;
module :  ;
message : Array ;

2016-05-04 15:57:04 response :
------------

2016-05-04 15:57:30 trace :
------------
String:
<xml><ToUserName><![CDATA[gh_d5c808a7666e]]></ToUserName>
<FromUserName><![CDATA[om_6jt9nx0Vn3i2pXSydeJEeGeUU]]></FromUserName>
<CreateTime>1462348620</CreateTime>
<MsgType><![CDATA[event]]></MsgType>
<Event><![CDATA[LOCATION]]></Event>
<Latitude>24.307570</Latitude>
<Longitude>109.403069</Longitude>
<Precision>65.000000</Precision>
</xml>

2016-05-04 15:57:30 params :
------------
Array:
message : Array ;
module : default ;
rule : -1 ;

2016-05-04 15:57:30 response :
------------
Array:
errno : -1 ;
message : Invaild value ;

2016-05-04 16:00:30 trace :
------------
String:
<xml><ToUserName><![CDATA[gh_d5c808a7666e]]></ToUserName>
<FromUserName><![CDATA[om_6jt9nx0Vn3i2pXSydeJEeGeUU]]></FromUserName>
<CreateTime>1462348798</CreateTime>
<MsgType><![CDATA[event]]></MsgType>
<Event><![CDATA[LOCATION]]></Event>
<Latitude>24.307581</Latitude>
<Longitude>109.403076</Longitude>
<Precision>65.000000</Precision>
</xml>

2016-05-04 16:00:30 params :
------------
Array:
message : Array ;
module : default ;
rule : -1 ;

2016-05-04 16:00:30 response :
------------
Array:
errno : -1 ;
message : Invaild value ;

2016-05-04 16:00:30 trace :
------------
String:
<xml><ToUserName><![CDATA[gh_d5c808a7666e]]></ToUserName>
<FromUserName><![CDATA[om_6jt9nx0Vn3i2pXSydeJEeGeUU]]></FromUserName>
<CreateTime>1462348798</CreateTime>
<MsgType><![CDATA[event]]></MsgType>
<Event><![CDATA[VIEW]]></Event>
<EventKey><![CDATA[http://wqq.xyj0772.com/app/index.php?i=2&c=entry&eid=512]]></EventKey>
<MenuId>404080332</MenuId>
</xml>

2016-05-04 16:00:30 params :
------------
Array:
rule : -2 ;
module :  ;
message : Array ;

2016-05-04 16:00:30 response :
------------

2016-05-04 16:01:35 trace :
------------
String:
<xml><ToUserName><![CDATA[gh_d5c808a7666e]]></ToUserName>
<FromUserName><![CDATA[om_6jt2reuXZKpn7S21ogqL9aK0I]]></FromUserName>
<CreateTime>1462348863</CreateTime>
<MsgType><![CDATA[event]]></MsgType>
<Event><![CDATA[LOCATION]]></Event>
<Latitude>24.308586</Latitude>
<Longitude>109.403084</Longitude>
<Precision>65.000000</Precision>
</xml>

2016-05-04 16:01:35 params :
------------
Array:
message : Array ;
module : default ;
rule : -1 ;

2016-05-04 16:01:35 response :
------------
Array:
errno : -1 ;
message : Invaild value ;

2016-05-04 16:02:46 trace :
------------
String:
<xml><ToUserName><![CDATA[gh_d5c808a7666e]]></ToUserName>
<FromUserName><![CDATA[om_6jt2reuXZKpn7S21ogqL9aK0I]]></FromUserName>
<CreateTime>1462348933</CreateTime>
<MsgType><![CDATA[event]]></MsgType>
<Event><![CDATA[LOCATION]]></Event>
<Latitude>24.307604</Latitude>
<Longitude>109.403099</Longitude>
<Precision>65.000000</Precision>
</xml>

2016-05-04 16:02:46 params :
------------
Array:
message : Array ;
module : default ;
rule : -1 ;

2016-05-04 16:02:46 response :
------------
Array:
errno : -1 ;
message : Invaild value ;

2016-05-04 16:02:50 trace :
------------
String:
<xml><ToUserName><![CDATA[gh_d5c808a7666e]]></ToUserName>
<FromUserName><![CDATA[om_6jt2reuXZKpn7S21ogqL9aK0I]]></FromUserName>
<CreateTime>1462348937</CreateTime>
<MsgType><![CDATA[event]]></MsgType>
<Event><![CDATA[VIEW]]></Event>
<EventKey><![CDATA[http://wqq.xyj0772.com/app/index.php?i=2&c=entry&eid=512]]></EventKey>
<MenuId>404080332</MenuId>
</xml>

2016-05-04 16:02:50 params :
------------
Array:
rule : -2 ;
module :  ;
message : Array ;

2016-05-04 16:02:50 response :
------------

2016-05-04 16:03:06 trace :
------------
String:
<xml><ToUserName><![CDATA[gh_d5c808a7666e]]></ToUserName>
<FromUserName><![CDATA[om_6jt9nx0Vn3i2pXSydeJEeGeUU]]></FromUserName>
<CreateTime>1462348953</CreateTime>
<MsgType><![CDATA[event]]></MsgType>
<Event><![CDATA[LOCATION]]></Event>
<Latitude>24.307596</Latitude>
<Longitude>109.403076</Longitude>
<Precision>65.000000</Precision>
</xml>

2016-05-04 16:03:06 params :
------------
Array:
message : Array ;
module : default ;
rule : -1 ;

2016-05-04 16:03:06 response :
------------
Array:
errno : -1 ;
message : Invaild value ;

2016-05-04 16:03:07 trace :
------------
String:
<xml><ToUserName><![CDATA[gh_d5c808a7666e]]></ToUserName>
<FromUserName><![CDATA[om_6jt9nx0Vn3i2pXSydeJEeGeUU]]></FromUserName>
<CreateTime>1462348954</CreateTime>
<MsgType><![CDATA[event]]></MsgType>
<Event><![CDATA[VIEW]]></Event>
<EventKey><![CDATA[http://wqq.xyj0772.com/app/index.php?i=2&c=entry&eid=516]]></EventKey>
<MenuId>404080332</MenuId>
</xml>

2016-05-04 16:03:07 params :
------------
Array:
rule : -2 ;
module :  ;
message : Array ;

2016-05-04 16:03:07 response :
------------

2016-05-04 16:06:11 trace :
------------
String:
<xml><ToUserName><![CDATA[gh_d5c808a7666e]]></ToUserName>
<FromUserName><![CDATA[om_6jt9nx0Vn3i2pXSydeJEeGeUU]]></FromUserName>
<CreateTime>1462349137</CreateTime>
<MsgType><![CDATA[event]]></MsgType>
<Event><![CDATA[LOCATION]]></Event>
<Latitude>24.307508</Latitude>
<Longitude>109.403122</Longitude>
<Precision>65.000000</Precision>
</xml>

2016-05-04 16:06:11 params :
------------
Array:
message : Array ;
module : default ;
rule : -1 ;

2016-05-04 16:06:11 response :
------------
Array:
errno : -1 ;
message : Invaild value ;

2016-05-04 16:31:45 trace :
------------
String:
<xml><ToUserName><![CDATA[gh_d5c808a7666e]]></ToUserName>
<FromUserName><![CDATA[om_6jt9nx0Vn3i2pXSydeJEeGeUU]]></FromUserName>
<CreateTime>1462350691</CreateTime>
<MsgType><![CDATA[event]]></MsgType>
<Event><![CDATA[LOCATION]]></Event>
<Latitude>24.307545</Latitude>
<Longitude>109.403076</Longitude>
<Precision>65.000000</Precision>
</xml>

2016-05-04 16:31:45 params :
------------
Array:
message : Array ;
module : default ;
rule : -1 ;

2016-05-04 16:31:45 response :
------------
Array:
errno : -1 ;
message : Invaild value ;

2016-05-04 16:31:46 trace :
------------
String:
<xml><ToUserName><![CDATA[gh_d5c808a7666e]]></ToUserName>
<FromUserName><![CDATA[om_6jt9nx0Vn3i2pXSydeJEeGeUU]]></FromUserName>
<CreateTime>1462350691</CreateTime>
<MsgType><![CDATA[event]]></MsgType>
<Event><![CDATA[VIEW]]></Event>
<EventKey><![CDATA[http://wqq.xyj0772.com/app/index.php?i=2&c=entry&eid=512]]></EventKey>
<MenuId>404080332</MenuId>
</xml>

2016-05-04 16:31:46 params :
------------
Array:
rule : -2 ;
module :  ;
message : Array ;

2016-05-04 16:31:46 response :
------------

2016-05-04 16:31:58 trace :
------------
String:
<xml><ToUserName><![CDATA[gh_d5c808a7666e]]></ToUserName>
<FromUserName><![CDATA[om_6jt9nx0Vn3i2pXSydeJEeGeUU]]></FromUserName>
<CreateTime>1462350703</CreateTime>
<MsgType><![CDATA[event]]></MsgType>
<Event><![CDATA[CLICK]]></Event>
<EventKey><![CDATA[花店海报]]></EventKey>
</xml>

2016-05-04 16:56:00 trace :
------------
String:
<xml><ToUserName><![CDATA[gh_d5c808a7666e]]></ToUserName>
<FromUserName><![CDATA[om_6jt5SDZmJVfSo1qmMhEqHBcUo]]></FromUserName>
<CreateTime>1462352135</CreateTime>
<MsgType><![CDATA[event]]></MsgType>
<Event><![CDATA[WifiConnected]]></Event><ConnectTime>1462352135</ConnectTime><ExpireTime>0</ExpireTime><VendorId><![CDATA[3001224419]]></VendorId><ShopId><![CDATA[7737770]]></ShopId><DeviceNo><![CDATA[70:3a:d8:30:e6:e0]]></DeviceNo></xml>

2016-05-04 16:56:00 params :
------------
Array:
rule : -2 ;
module :  ;
message : Array ;

2016-05-04 16:56:00 response :
------------

2016-05-04 19:36:55 trace :
------------
String:
<xml><ToUserName><![CDATA[gh_d5c808a7666e]]></ToUserName>
<FromUserName><![CDATA[om_6jtwK1SqXYxH3qyYgABWGiCR4]]></FromUserName>
<CreateTime>1462361805</CreateTime>
<MsgType><![CDATA[event]]></MsgType>
<Event><![CDATA[VIEW]]></Event>
<EventKey><![CDATA[http://wqq.xyj0772.com/app/index.php?i=2&c=entry&eid=512]]></EventKey>
<MenuId>404080332</MenuId>
</xml>

2016-05-04 19:36:55 params :
------------
Array:
rule : -2 ;
module :  ;
message : Array ;

2016-05-04 19:36:55 response :
------------

2016-05-04 19:37:09 trace :
------------
String:
<xml><ToUserName><![CDATA[gh_d5c808a7666e]]></ToUserName>
<FromUserName><![CDATA[om_6jtwK1SqXYxH3qyYgABWGiCR4]]></FromUserName>
<CreateTime>1462361819</CreateTime>
<MsgType><![CDATA[event]]></MsgType>
<Event><![CDATA[CLICK]]></Event>
<EventKey><![CDATA[花店海报]]></EventKey>
</xml>

2016-05-04 19:37:30 trace :
------------
String:
<xml><ToUserName><![CDATA[gh_d5c808a7666e]]></ToUserName>
<FromUserName><![CDATA[om_6jtwK1SqXYxH3qyYgABWGiCR4]]></FromUserName>
<CreateTime>1462361839</CreateTime>
<MsgType><![CDATA[event]]></MsgType>
<Event><![CDATA[VIEW]]></Event>
<EventKey><![CDATA[http://wqq.xyj0772.com/app/index.php?i=2&c=entry&eid=120]]></EventKey>
<MenuId>404080332</MenuId>
</xml>

2016-05-04 19:37:30 params :
------------
Array:
rule : -2 ;
module :  ;
message : Array ;

2016-05-04 19:37:30 response :
------------

