2016-02-15 09:47:11 trace :
------------
String:
<xml><ToUserName><![CDATA[gh_ccbf343b8498]]></ToUserName>
<FromUserName><![CDATA[oc2pYwLc8m0C5CFM_8lKwetaHX_o]]></FromUserName>
<CreateTime>1455500831</CreateTime>
<MsgType><![CDATA[event]]></MsgType>
<Event><![CDATA[subscribe]]></Event>
<EventKey><![CDATA[]]></EventKey>
</xml>

2016-02-15 09:47:11 params :
------------
Array:
rule : -2 ;
module :  ;
message : Array ;

2016-02-15 09:47:11 response :
------------

2016-02-15 09:47:18 trace :
------------
String:
<xml><ToUserName><![CDATA[gh_ccbf343b8498]]></ToUserName>
<FromUserName><![CDATA[oc2pYwLc8m0C5CFM_8lKwetaHX_o]]></FromUserName>
<CreateTime>1455500838</CreateTime>
<MsgType><![CDATA[text]]></MsgType>
<Content><![CDATA[拼团]]></Content>
<MsgId>6251328498914379005</MsgId>
</xml>

2016-02-15 09:47:18 params :
------------
Array:
message : Array ;
module : cover ;
rule : 15 ;
priority : 0 ;
keyword : Array ;

2016-02-15 09:47:18 response :
------------
Array:
FromUserName : gh_ccbf343b8498 ;
ToUserName : oc2pYwLc8m0C5CFM_8lKwetaHX_o ;
MsgType : news ;
ArticleCount : 1 ;
Articles : Array ;

2016-02-15 09:47:55 trace :
------------
String:
<xml><ToUserName><![CDATA[gh_ccbf343b8498]]></ToUserName>
<FromUserName><![CDATA[oc2pYwLc8m0C5CFM_8lKwetaHX_o]]></FromUserName>
<CreateTime>1455500874</CreateTime>
<MsgType><![CDATA[event]]></MsgType>
<Event><![CDATA[unsubscribe]]></Event>
<EventKey><![CDATA[]]></EventKey>
</xml>

2016-02-15 10:03:12 trace :
------------
String:
<xml><ToUserName><![CDATA[gh_4a88bcb35142]]></ToUserName>
<FromUserName><![CDATA[oXvf4juiSxHUcaM1reZ_YUM7UoYE]]></FromUserName>
<CreateTime>1455501792</CreateTime>
<MsgType><![CDATA[event]]></MsgType>
<Event><![CDATA[unsubscribe]]></Event>
<EventKey><![CDATA[]]></EventKey>
</xml>

2016-02-15 21:07:25 trace :
------------
String:
<xml><ToUserName><![CDATA[gh_ccbf343b8498]]></ToUserName>
<FromUserName><![CDATA[oc2pYwJ15JAlg90tL72Z5pYoqmVQ]]></FromUserName>
<CreateTime>1455541644</CreateTime>
<MsgType><![CDATA[event]]></MsgType>
<Event><![CDATA[subscribe]]></Event>
<EventKey><![CDATA[]]></EventKey>
</xml>

2016-02-15 21:07:25 params :
------------
Array:
rule : -2 ;
module :  ;
message : Array ;

2016-02-15 21:07:25 response :
------------

2016-02-15 21:07:42 trace :
------------
String:
<xml><ToUserName><![CDATA[gh_ccbf343b8498]]></ToUserName>
<FromUserName><![CDATA[oc2pYwJ15JAlg90tL72Z5pYoqmVQ]]></FromUserName>
<CreateTime>1455541662</CreateTime>
<MsgType><![CDATA[text]]></MsgType>
<Content><![CDATA[一元抽奖]]></Content>
<MsgId>6251503836659283536</MsgId>
</xml>

2016-02-15 21:07:42 params :
------------
Array:
rule : -2 ;
module :  ;
message : Array ;

2016-02-15 21:07:42 response :
------------

