2016-05-31 00:04:50 trace :
------------
String:
<xml><ToUserName><![CDATA[gh_d5c808a7666e]]></ToUserName>
<FromUserName><![CDATA[om_6jt7Hsz6DtWOGulzXtZbZLpdQ]]></FromUserName>
<CreateTime>1464624279</CreateTime>
<MsgType><![CDATA[event]]></MsgType>
<Event><![CDATA[subscribe]]></Event>
<EventKey><![CDATA[]]></EventKey>
</xml>

2016-05-31 00:04:50 params :
------------
Array:
rule : -2 ;
module :  ;
message : Array ;

2016-05-31 00:04:50 response :
------------

2016-05-31 00:06:26 trace :
------------
String:
<xml><ToUserName><![CDATA[gh_339b357d6bcb]]></ToUserName>
<FromUserName><![CDATA[oq5x0uKnkHxxSqXWWYzoyVxs3Maw]]></FromUserName>
<CreateTime>1464624375</CreateTime>
<MsgType><![CDATA[event]]></MsgType>
<Event><![CDATA[subscribe]]></Event>
<EventKey><![CDATA[]]></EventKey>
</xml>

2016-05-31 00:06:26 params :
------------
Array:
message : Array ;
module : ewei_vote ;
rule : 19 ;
priority : 0 ;
keyword : Array ;

2016-05-31 00:06:26 response :
------------
Array:
FromUserName : gh_339b357d6bcb ;
ToUserName : oq5x0uKnkHxxSqXWWYzoyVxs3Maw ;
MsgType : news ;
ArticleCount : 1 ;
Articles : Array ;

2016-05-31 00:19:09 trace :
------------
String:
<xml><ToUserName><![CDATA[gh_339b357d6bcb]]></ToUserName>
<FromUserName><![CDATA[oq5x0uOY7sC47-N5y474d4NFR2kM]]></FromUserName>
<CreateTime>1464625133</CreateTime>
<MsgType><![CDATA[event]]></MsgType>
<Event><![CDATA[subscribe]]></Event>
<EventKey><![CDATA[]]></EventKey>
</xml>

2016-05-31 00:19:09 params :
------------
Array:
message : Array ;
module : ewei_vote ;
rule : 19 ;
priority : 0 ;
keyword : Array ;

2016-05-31 00:19:09 response :
------------
Array:
FromUserName : gh_339b357d6bcb ;
ToUserName : oq5x0uOY7sC47-N5y474d4NFR2kM ;
MsgType : news ;
ArticleCount : 1 ;
Articles : Array ;

2016-05-31 00:22:51 trace :
------------
String:
<xml><ToUserName><![CDATA[gh_339b357d6bcb]]></ToUserName>
<FromUserName><![CDATA[oq5x0uFaVInm_3dX5uCTCqK2K-d0]]></FromUserName>
<CreateTime>1464625371</CreateTime>
<MsgType><![CDATA[event]]></MsgType>
<Event><![CDATA[subscribe]]></Event>
<EventKey><![CDATA[]]></EventKey>
</xml>

2016-05-31 00:22:51 params :
------------
Array:
message : Array ;
module : ewei_vote ;
rule : 19 ;
priority : 0 ;
keyword : Array ;

2016-05-31 00:22:51 response :
------------
Array:
FromUserName : gh_339b357d6bcb ;
ToUserName : oq5x0uFaVInm_3dX5uCTCqK2K-d0 ;
MsgType : news ;
ArticleCount : 1 ;
Articles : Array ;

2016-05-31 00:47:11 trace :
------------
String:
<xml><ToUserName><![CDATA[gh_371dfdf2ba7a]]></ToUserName>
<FromUserName><![CDATA[oe632wAb_iK9eyemvUUCLktBScDI]]></FromUserName>
<CreateTime>1464626823</CreateTime>
<MsgType><![CDATA[event]]></MsgType>
<Event><![CDATA[VIEW]]></Event>
<EventKey><![CDATA[http://wqq.xyj0772.com/app/index.php?i=2&j=2&c=entry&rid=20&do=photosvoteview&m=fm_photosvote&from=click]]></EventKey>
<MenuId>408121384</MenuId>
</xml>

2016-05-31 00:47:11 params :
------------
Array:
rule : -2 ;
module :  ;
message : Array ;

2016-05-31 00:47:11 response :
------------

2016-05-31 00:48:14 trace :
------------
String:
<xml><ToUserName><![CDATA[gh_371dfdf2ba7a]]></ToUserName>
<FromUserName><![CDATA[oe632wAb_iK9eyemvUUCLktBScDI]]></FromUserName>
<CreateTime>1464626886</CreateTime>
<MsgType><![CDATA[event]]></MsgType>
<Event><![CDATA[VIEW]]></Event>
<EventKey><![CDATA[http://wqq.xyj0772.com/app/index.php?i=2&j=2&c=entry&rid=20&do=photosvoteview&m=fm_photosvote&from=click]]></EventKey>
<MenuId>408121384</MenuId>
</xml>

2016-05-31 00:48:14 params :
------------
Array:
rule : -2 ;
module :  ;
message : Array ;

2016-05-31 00:48:14 response :
------------

2016-05-31 01:08:37 trace :
------------
String:
<xml><ToUserName><![CDATA[gh_339b357d6bcb]]></ToUserName>
<FromUserName><![CDATA[oq5x0uFKmm_ZpFMtKKQVWCfbyl9E]]></FromUserName>
<CreateTime>1464628101</CreateTime>
<MsgType><![CDATA[event]]></MsgType>
<Event><![CDATA[unsubscribe]]></Event>
<EventKey><![CDATA[]]></EventKey>
</xml>

2016-05-31 02:27:56 trace :
------------
String:
<xml><ToUserName><![CDATA[gh_339b357d6bcb]]></ToUserName>
<FromUserName><![CDATA[oq5x0uGe-eV7_onyRwwleonlW92Q]]></FromUserName>
<CreateTime>1464632873</CreateTime>
<MsgType><![CDATA[event]]></MsgType>
<Event><![CDATA[subscribe]]></Event>
<EventKey><![CDATA[]]></EventKey>
</xml>

2016-05-31 02:27:56 params :
------------
Array:
message : Array ;
module : ewei_vote ;
rule : 19 ;
priority : 0 ;
keyword : Array ;

2016-05-31 02:27:56 response :
------------
Array:
FromUserName : gh_339b357d6bcb ;
ToUserName : oq5x0uGe-eV7_onyRwwleonlW92Q ;
MsgType : news ;
ArticleCount : 1 ;
Articles : Array ;

2016-05-31 04:05:52 trace :
------------
String:
<xml><ToUserName><![CDATA[gh_d5c808a7666e]]></ToUserName>
<FromUserName><![CDATA[om_6jtwAbv-xLNKieZBl31JAKgXc]]></FromUserName>
<CreateTime>1464638739</CreateTime>
<MsgType><![CDATA[event]]></MsgType>
<Event><![CDATA[LOCATION]]></Event>
<Latitude>24.323708</Latitude>
<Longitude>109.385307</Longitude>
<Precision>65.000000</Precision>
</xml>

2016-05-31 04:05:52 params :
------------
Array:
message : Array ;
module : default ;
rule : -1 ;

2016-05-31 04:05:52 response :
------------
Array:
errno : -1 ;
message : Invaild value ;

2016-05-31 04:05:58 trace :
------------
String:
<xml><ToUserName><![CDATA[gh_d5c808a7666e]]></ToUserName>
<FromUserName><![CDATA[om_6jtwAbv-xLNKieZBl31JAKgXc]]></FromUserName>
<CreateTime>1464638745</CreateTime>
<MsgType><![CDATA[event]]></MsgType>
<Event><![CDATA[unsubscribe]]></Event>
<EventKey><![CDATA[]]></EventKey>
</xml>

2016-05-31 09:32:22 trace :
------------
String:
<xml><ToUserName><![CDATA[gh_371dfdf2ba7a]]></ToUserName>
<FromUserName><![CDATA[oe632wKuZzefN58OyN0ph9RJiLNw]]></FromUserName>
<CreateTime>1464658335</CreateTime>
<MsgType><![CDATA[event]]></MsgType>
<Event><![CDATA[VIEW]]></Event>
<EventKey><![CDATA[http://wqq.xyj0772.com/app/index.php?i=2&j=2&c=entry&rid=20&do=photosvoteview&m=fm_photosvote&from=click]]></EventKey>
<MenuId>408121384</MenuId>
</xml>

2016-05-31 09:32:22 params :
------------
Array:
rule : -2 ;
module :  ;
message : Array ;

2016-05-31 09:32:22 response :
------------

2016-05-31 09:32:29 trace :
------------
String:
<xml><ToUserName><![CDATA[gh_371dfdf2ba7a]]></ToUserName>
<FromUserName><![CDATA[oe632wKuZzefN58OyN0ph9RJiLNw]]></FromUserName>
<CreateTime>1464658342</CreateTime>
<MsgType><![CDATA[event]]></MsgType>
<Event><![CDATA[VIEW]]></Event>
<EventKey><![CDATA[http://wqq.xyj0772.com/app/index.php?i=2&j=2&c=entry&rid=20&do=photosvoteview&m=fm_photosvote&from=click]]></EventKey>
<MenuId>408121384</MenuId>
</xml>

2016-05-31 09:32:29 params :
------------
Array:
rule : -2 ;
module :  ;
message : Array ;

2016-05-31 09:32:29 response :
------------

2016-05-31 09:38:30 trace :
------------
String:
<xml><ToUserName><![CDATA[gh_371dfdf2ba7a]]></ToUserName>
<FromUserName><![CDATA[oe632wKuZzefN58OyN0ph9RJiLNw]]></FromUserName>
<CreateTime>1464658700</CreateTime>
<MsgType><![CDATA[event]]></MsgType>
<Event><![CDATA[VIEW]]></Event>
<EventKey><![CDATA[http://wqq.xyj0772.com/app/index.php?i=2&j=2&c=entry&rid=20&do=photosvoteview&m=fm_photosvote&from=click]]></EventKey>
<MenuId>408121384</MenuId>
</xml>

2016-05-31 09:38:30 params :
------------
Array:
rule : -2 ;
module :  ;
message : Array ;

2016-05-31 09:38:30 response :
------------

2016-05-31 09:58:47 trace :
------------
String:
<xml><ToUserName><![CDATA[gh_371dfdf2ba7a]]></ToUserName>
<FromUserName><![CDATA[oe632wKuZzefN58OyN0ph9RJiLNw]]></FromUserName>
<CreateTime>1464659905</CreateTime>
<MsgType><![CDATA[event]]></MsgType>
<Event><![CDATA[VIEW]]></Event>
<EventKey><![CDATA[http://wqq.xyj0772.com/app/index.php?i=2&j=2&c=entry&rid=20&do=photosvoteview&m=fm_photosvote&from=click]]></EventKey>
<MenuId>408121384</MenuId>
</xml>

2016-05-31 09:58:47 params :
------------
Array:
rule : -2 ;
module :  ;
message : Array ;

2016-05-31 09:58:47 response :
------------

2016-05-31 11:22:58 trace :
------------
String:
<xml><ToUserName><![CDATA[gh_371dfdf2ba7a]]></ToUserName>
<FromUserName><![CDATA[oe632wFAkCJsh9l9US3Ms36nhAv4]]></FromUserName>
<CreateTime>1464664975</CreateTime>
<MsgType><![CDATA[event]]></MsgType>
<Event><![CDATA[subscribe]]></Event>
<EventKey><![CDATA[]]></EventKey>
</xml>

2016-05-31 11:22:58 params :
------------
Array:
rule : -2 ;
module :  ;
message : Array ;

2016-05-31 11:22:58 response :
------------

2016-05-31 11:23:05 trace :
------------
String:
<xml><ToUserName><![CDATA[gh_371dfdf2ba7a]]></ToUserName>
<FromUserName><![CDATA[oe632wFAkCJsh9l9US3Ms36nhAv4]]></FromUserName>
<CreateTime>1464664981</CreateTime>
<MsgType><![CDATA[event]]></MsgType>
<Event><![CDATA[VIEW]]></Event>
<EventKey><![CDATA[http://wqq.xyj0772.com/app/index.php?i=2&j=2&c=entry&rid=20&do=photosvoteview&m=fm_photosvote&from=click]]></EventKey>
<MenuId>408121384</MenuId>
</xml>

2016-05-31 11:23:05 params :
------------
Array:
rule : -2 ;
module :  ;
message : Array ;

2016-05-31 11:23:05 response :
------------

2016-05-31 11:25:07 trace :
------------
String:
<xml><ToUserName><![CDATA[gh_371dfdf2ba7a]]></ToUserName>
<FromUserName><![CDATA[oe632wFAkCJsh9l9US3Ms36nhAv4]]></FromUserName>
<CreateTime>1464665101</CreateTime>
<MsgType><![CDATA[event]]></MsgType>
<Event><![CDATA[VIEW]]></Event>
<EventKey><![CDATA[http://wqq.xyj0772.com/app/index.php?i=4&c=mc&]]></EventKey>
<MenuId>408121384</MenuId>
</xml>

2016-05-31 11:25:07 params :
------------
Array:
rule : -2 ;
module :  ;
message : Array ;

2016-05-31 11:25:07 response :
------------

2016-05-31 11:25:13 trace :
------------
String:
<xml><ToUserName><![CDATA[gh_371dfdf2ba7a]]></ToUserName>
<FromUserName><![CDATA[oe632wFAkCJsh9l9US3Ms36nhAv4]]></FromUserName>
<CreateTime>1464665107</CreateTime>
<MsgType><![CDATA[event]]></MsgType>
<Event><![CDATA[VIEW]]></Event>
<EventKey><![CDATA[http://dede.vlldoo.com/down.aspx]]></EventKey>
<MenuId>408121384</MenuId>
</xml>

2016-05-31 11:25:13 params :
------------
Array:
rule : -2 ;
module :  ;
message : Array ;

2016-05-31 11:25:13 response :
------------

2016-05-31 12:00:29 trace :
------------
String:
<xml><ToUserName><![CDATA[gh_339b357d6bcb]]></ToUserName>
<FromUserName><![CDATA[oq5x0uOYvIaLuEwn8-OV8LqLvMZ4]]></FromUserName>
<CreateTime>1464667188</CreateTime>
<MsgType><![CDATA[event]]></MsgType>
<Event><![CDATA[subscribe]]></Event>
<EventKey><![CDATA[]]></EventKey>
</xml>

2016-05-31 12:00:29 params :
------------
Array:
message : Array ;
module : ewei_vote ;
rule : 19 ;
priority : 0 ;
keyword : Array ;

2016-05-31 12:00:29 response :
------------
Array:
FromUserName : gh_339b357d6bcb ;
ToUserName : oq5x0uOYvIaLuEwn8-OV8LqLvMZ4 ;
MsgType : news ;
ArticleCount : 1 ;
Articles : Array ;

2016-05-31 12:04:06 trace :
------------
String:
<xml><ToUserName><![CDATA[gh_339b357d6bcb]]></ToUserName>
<FromUserName><![CDATA[oq5x0uKnZ-C_7SUK0Tq1aXVIasZU]]></FromUserName>
<CreateTime>1464667401</CreateTime>
<MsgType><![CDATA[event]]></MsgType>
<Event><![CDATA[subscribe]]></Event>
<EventKey><![CDATA[]]></EventKey>
</xml>

2016-05-31 12:04:06 params :
------------
Array:
message : Array ;
module : ewei_vote ;
rule : 19 ;
priority : 0 ;
keyword : Array ;

2016-05-31 12:04:06 response :
------------
Array:
FromUserName : gh_339b357d6bcb ;
ToUserName : oq5x0uKnZ-C_7SUK0Tq1aXVIasZU ;
MsgType : news ;
ArticleCount : 1 ;
Articles : Array ;

2016-05-31 12:30:09 trace :
------------
String:
<xml><ToUserName><![CDATA[gh_371dfdf2ba7a]]></ToUserName>
<FromUserName><![CDATA[oe632wMSB9GBEM83GK3-pE0DDlUw]]></FromUserName>
<CreateTime>1464669003</CreateTime>
<MsgType><![CDATA[event]]></MsgType>
<Event><![CDATA[VIEW]]></Event>
<EventKey><![CDATA[http://wqq.xyj0772.com/app/index.php?i=2&j=2&c=entry&rid=20&do=photosvoteview&m=fm_photosvote&from=click]]></EventKey>
<MenuId>408121384</MenuId>
</xml>

2016-05-31 12:30:09 params :
------------
Array:
rule : -2 ;
module :  ;
message : Array ;

2016-05-31 12:30:09 response :
------------

2016-05-31 12:30:33 trace :
------------
String:
<xml><ToUserName><![CDATA[gh_371dfdf2ba7a]]></ToUserName>
<FromUserName><![CDATA[oe632wMSB9GBEM83GK3-pE0DDlUw]]></FromUserName>
<CreateTime>1464669026</CreateTime>
<MsgType><![CDATA[event]]></MsgType>
<Event><![CDATA[VIEW]]></Event>
<EventKey><![CDATA[http://dede.vlldoo.com/down_ser.aspx]]></EventKey>
<MenuId>408121384</MenuId>
</xml>

2016-05-31 12:30:33 params :
------------
Array:
rule : -2 ;
module :  ;
message : Array ;

2016-05-31 12:30:33 response :
------------

2016-05-31 12:30:39 trace :
------------
String:
<xml><ToUserName><![CDATA[gh_371dfdf2ba7a]]></ToUserName>
<FromUserName><![CDATA[oe632wMSB9GBEM83GK3-pE0DDlUw]]></FromUserName>
<CreateTime>1464669032</CreateTime>
<MsgType><![CDATA[event]]></MsgType>
<Event><![CDATA[VIEW]]></Event>
<EventKey><![CDATA[http://wqq.xyj0772.com/app/index.php?i=4&c=mc&]]></EventKey>
<MenuId>408121384</MenuId>
</xml>

2016-05-31 12:30:39 params :
------------
Array:
rule : -2 ;
module :  ;
message : Array ;

2016-05-31 12:30:39 response :
------------

2016-05-31 12:44:59 trace :
------------
String:
<xml><ToUserName><![CDATA[gh_371dfdf2ba7a]]></ToUserName>
<FromUserName><![CDATA[oe632wNBRrJVg1N-WCOMQLAp65SY]]></FromUserName>
<CreateTime>1464669888</CreateTime>
<MsgType><![CDATA[event]]></MsgType>
<Event><![CDATA[VIEW]]></Event>
<EventKey><![CDATA[http://wqq.xyj0772.com/app/index.php?i=2&j=2&c=entry&rid=20&do=photosvoteview&m=fm_photosvote&from=click]]></EventKey>
<MenuId>408121384</MenuId>
</xml>

2016-05-31 12:44:59 params :
------------
Array:
rule : -2 ;
module :  ;
message : Array ;

2016-05-31 12:44:59 response :
------------

2016-05-31 12:45:01 trace :
------------
String:
<xml><ToUserName><![CDATA[gh_371dfdf2ba7a]]></ToUserName>
<FromUserName><![CDATA[oe632wC5dQbfRwuB0meQwDGEM5gw]]></FromUserName>
<CreateTime>1464669890</CreateTime>
<MsgType><![CDATA[event]]></MsgType>
<Event><![CDATA[subscribe]]></Event>
<EventKey><![CDATA[]]></EventKey>
</xml>

2016-05-31 12:45:01 params :
------------
Array:
rule : -2 ;
module :  ;
message : Array ;

2016-05-31 12:45:01 response :
------------

2016-05-31 12:45:47 trace :
------------
String:
<xml><ToUserName><![CDATA[gh_371dfdf2ba7a]]></ToUserName>
<FromUserName><![CDATA[oe632wNBRrJVg1N-WCOMQLAp65SY]]></FromUserName>
<CreateTime>1464669936</CreateTime>
<MsgType><![CDATA[event]]></MsgType>
<Event><![CDATA[VIEW]]></Event>
<EventKey><![CDATA[http://wqq.xyj0772.com/app/index.php?i=2&j=2&c=entry&rid=20&do=photosvoteview&m=fm_photosvote&from=click]]></EventKey>
<MenuId>408121384</MenuId>
</xml>

2016-05-31 12:45:47 params :
------------
Array:
rule : -2 ;
module :  ;
message : Array ;

2016-05-31 12:45:47 response :
------------

2016-05-31 12:48:59 trace :
------------
String:
<xml><ToUserName><![CDATA[gh_371dfdf2ba7a]]></ToUserName>
<FromUserName><![CDATA[oe632wNBRrJVg1N-WCOMQLAp65SY]]></FromUserName>
<CreateTime>1464670126</CreateTime>
<MsgType><![CDATA[event]]></MsgType>
<Event><![CDATA[VIEW]]></Event>
<EventKey><![CDATA[http://wqq.xyj0772.com/app/index.php?i=2&j=2&c=entry&rid=20&do=photosvoteview&m=fm_photosvote&from=click]]></EventKey>
<MenuId>408121384</MenuId>
</xml>

2016-05-31 12:48:59 params :
------------
Array:
rule : -2 ;
module :  ;
message : Array ;

2016-05-31 12:48:59 response :
------------

2016-05-31 13:03:59 trace :
------------
String:
<xml><ToUserName><![CDATA[gh_371dfdf2ba7a]]></ToUserName>
<FromUserName><![CDATA[oe632wNBRrJVg1N-WCOMQLAp65SY]]></FromUserName>
<CreateTime>1464671020</CreateTime>
<MsgType><![CDATA[event]]></MsgType>
<Event><![CDATA[VIEW]]></Event>
<EventKey><![CDATA[http://wqq.xyj0772.com/app/index.php?i=2&j=2&c=entry&rid=20&do=photosvoteview&m=fm_photosvote&from=click]]></EventKey>
<MenuId>408121384</MenuId>
</xml>

2016-05-31 13:03:59 params :
------------
Array:
rule : -2 ;
module :  ;
message : Array ;

2016-05-31 13:03:59 response :
------------

2016-05-31 13:04:27 trace :
------------
String:
<xml><ToUserName><![CDATA[gh_371dfdf2ba7a]]></ToUserName>
<FromUserName><![CDATA[oe632wNBRrJVg1N-WCOMQLAp65SY]]></FromUserName>
<CreateTime>1464671048</CreateTime>
<MsgType><![CDATA[event]]></MsgType>
<Event><![CDATA[VIEW]]></Event>
<EventKey><![CDATA[http://wqq.xyj0772.com/app/index.php?i=2&j=2&c=entry&rid=20&do=photosvoteview&m=fm_photosvote&from=click]]></EventKey>
<MenuId>408121384</MenuId>
</xml>

2016-05-31 13:04:27 params :
------------
Array:
rule : -2 ;
module :  ;
message : Array ;

2016-05-31 13:04:27 response :
------------

2016-05-31 13:20:36 trace :
------------
String:
<xml><ToUserName><![CDATA[gh_371dfdf2ba7a]]></ToUserName>
<FromUserName><![CDATA[oe632wAb_iK9eyemvUUCLktBScDI]]></FromUserName>
<CreateTime>1464672034</CreateTime>
<MsgType><![CDATA[event]]></MsgType>
<Event><![CDATA[VIEW]]></Event>
<EventKey><![CDATA[http://wqq.xyj0772.com/app/index.php?i=2&j=2&c=entry&rid=20&do=photosvoteview&m=fm_photosvote&from=click]]></EventKey>
<MenuId>408121384</MenuId>
</xml>

2016-05-31 13:20:36 params :
------------
Array:
rule : -2 ;
module :  ;
message : Array ;

2016-05-31 13:20:36 response :
------------

2016-05-31 13:52:49 trace :
------------
String:
<xml><ToUserName><![CDATA[gh_371dfdf2ba7a]]></ToUserName>
<FromUserName><![CDATA[oe632wNBRrJVg1N-WCOMQLAp65SY]]></FromUserName>
<CreateTime>1464673958</CreateTime>
<MsgType><![CDATA[event]]></MsgType>
<Event><![CDATA[VIEW]]></Event>
<EventKey><![CDATA[http://wqq.xyj0772.com/app/index.php?i=2&j=2&c=entry&rid=20&do=photosvoteview&m=fm_photosvote&from=click]]></EventKey>
<MenuId>408121384</MenuId>
</xml>

2016-05-31 13:52:49 params :
------------
Array:
rule : -2 ;
module :  ;
message : Array ;

2016-05-31 13:52:49 response :
------------

2016-05-31 14:15:27 trace :
------------
String:
<xml><ToUserName><![CDATA[gh_371dfdf2ba7a]]></ToUserName>
<FromUserName><![CDATA[oe632wC5dQbfRwuB0meQwDGEM5gw]]></FromUserName>
<CreateTime>1464675310</CreateTime>
<MsgType><![CDATA[event]]></MsgType>
<Event><![CDATA[VIEW]]></Event>
<EventKey><![CDATA[http://wqq.xyj0772.com/app/index.php?i=2&j=2&c=entry&rid=20&do=photosvoteview&m=fm_photosvote&from=click]]></EventKey>
<MenuId>408121384</MenuId>
</xml>

2016-05-31 14:15:27 params :
------------
Array:
rule : -2 ;
module :  ;
message : Array ;

2016-05-31 14:15:27 response :
------------

2016-05-31 14:17:33 trace :
------------
String:
<xml><ToUserName><![CDATA[gh_371dfdf2ba7a]]></ToUserName>
<FromUserName><![CDATA[oe632wC5dQbfRwuB0meQwDGEM5gw]]></FromUserName>
<CreateTime>1464675452</CreateTime>
<MsgType><![CDATA[event]]></MsgType>
<Event><![CDATA[VIEW]]></Event>
<EventKey><![CDATA[http://wqq.xyj0772.com/app/index.php?i=4&c=mc&]]></EventKey>
<MenuId>408121384</MenuId>
</xml>

2016-05-31 14:17:33 params :
------------
Array:
rule : -2 ;
module :  ;
message : Array ;

2016-05-31 14:17:33 response :
------------

2016-05-31 14:17:38 trace :
------------
String:
<xml><ToUserName><![CDATA[gh_371dfdf2ba7a]]></ToUserName>
<FromUserName><![CDATA[oe632wC5dQbfRwuB0meQwDGEM5gw]]></FromUserName>
<CreateTime>1464675458</CreateTime>
<MsgType><![CDATA[event]]></MsgType>
<Event><![CDATA[VIEW]]></Event>
<EventKey><![CDATA[http://wqq.xyj0772.com/app/index.php?i=2&j=2&c=entry&rid=20&do=photosvoteview&m=fm_photosvote&from=click]]></EventKey>
<MenuId>408121384</MenuId>
</xml>

2016-05-31 14:17:38 params :
------------
Array:
rule : -2 ;
module :  ;
message : Array ;

2016-05-31 14:17:38 response :
------------

2016-05-31 14:48:40 trace :
------------
String:
<xml><ToUserName><![CDATA[gh_339b357d6bcb]]></ToUserName>
<FromUserName><![CDATA[oq5x0uDOB9HU155uGF88MH1EGvqA]]></FromUserName>
<CreateTime>1464677303</CreateTime>
<MsgType><![CDATA[text]]></MsgType>
<Content><![CDATA[竞猜]]></Content>
<MsgId>6290741115984680588</MsgId>
</xml>

2016-05-31 14:48:40 params :
------------
Array:
message : Array ;
module : ewei_vote ;
rule : 19 ;
priority : 0 ;
keyword : Array ;

2016-05-31 14:48:40 response :
------------
Array:
FromUserName : gh_339b357d6bcb ;
ToUserName : oq5x0uDOB9HU155uGF88MH1EGvqA ;
MsgType : news ;
ArticleCount : 1 ;
Articles : Array ;

2016-05-31 15:28:16 trace :
------------
String:
<xml><ToUserName><![CDATA[gh_339b357d6bcb]]></ToUserName>
<FromUserName><![CDATA[oq5x0uMHRNObSSvof_CwAAHbA_ks]]></FromUserName>
<CreateTime>1464679660</CreateTime>
<MsgType><![CDATA[event]]></MsgType>
<Event><![CDATA[subscribe]]></Event>
<EventKey><![CDATA[]]></EventKey>
</xml>

2016-05-31 15:28:16 params :
------------
Array:
message : Array ;
module : ewei_vote ;
rule : 19 ;
priority : 0 ;
keyword : Array ;

2016-05-31 15:28:16 response :
------------
Array:
FromUserName : gh_339b357d6bcb ;
ToUserName : oq5x0uMHRNObSSvof_CwAAHbA_ks ;
MsgType : news ;
ArticleCount : 1 ;
Articles : Array ;

2016-05-31 15:34:32 trace :
------------
String:
<xml><ToUserName><![CDATA[gh_371dfdf2ba7a]]></ToUserName>
<FromUserName><![CDATA[oe632wNBRrJVg1N-WCOMQLAp65SY]]></FromUserName>
<CreateTime>1464680032</CreateTime>
<MsgType><![CDATA[event]]></MsgType>
<Event><![CDATA[VIEW]]></Event>
<EventKey><![CDATA[http://wqq.xyj0772.com/app/index.php?i=2&j=2&c=entry&rid=20&do=photosvoteview&m=fm_photosvote&from=click]]></EventKey>
<MenuId>408121384</MenuId>
</xml>

2016-05-31 15:34:32 params :
------------
Array:
rule : -2 ;
module :  ;
message : Array ;

2016-05-31 15:34:32 response :
------------

2016-05-31 15:35:11 trace :
------------
String:
<xml><ToUserName><![CDATA[gh_371dfdf2ba7a]]></ToUserName>
<FromUserName><![CDATA[oe632wKuZzefN58OyN0ph9RJiLNw]]></FromUserName>
<CreateTime>1464680070</CreateTime>
<MsgType><![CDATA[event]]></MsgType>
<Event><![CDATA[VIEW]]></Event>
<EventKey><![CDATA[http://wqq.xyj0772.com/app/index.php?i=2&j=2&c=entry&rid=20&do=photosvoteview&m=fm_photosvote&from=click]]></EventKey>
<MenuId>408121384</MenuId>
</xml>

2016-05-31 15:35:11 params :
------------
Array:
rule : -2 ;
module :  ;
message : Array ;

2016-05-31 15:35:11 response :
------------

2016-05-31 15:36:04 trace :
------------
String:
<xml><ToUserName><![CDATA[gh_371dfdf2ba7a]]></ToUserName>
<FromUserName><![CDATA[oe632wKuZzefN58OyN0ph9RJiLNw]]></FromUserName>
<CreateTime>1464680123</CreateTime>
<MsgType><![CDATA[event]]></MsgType>
<Event><![CDATA[VIEW]]></Event>
<EventKey><![CDATA[http://wqq.xyj0772.com/app/index.php?i=2&j=2&c=entry&rid=20&do=photosvoteview&m=fm_photosvote&from=click]]></EventKey>
<MenuId>408121384</MenuId>
</xml>

2016-05-31 15:36:04 params :
------------
Array:
rule : -2 ;
module :  ;
message : Array ;

2016-05-31 15:36:04 response :
------------

2016-05-31 16:29:31 trace :
------------
String:
<xml><ToUserName><![CDATA[gh_339b357d6bcb]]></ToUserName>
<FromUserName><![CDATA[oq5x0uNFUghQnwoUJMA-5M8o53bo]]></FromUserName>
<CreateTime>1464683309</CreateTime>
<MsgType><![CDATA[event]]></MsgType>
<Event><![CDATA[subscribe]]></Event>
<EventKey><![CDATA[]]></EventKey>
</xml>

2016-05-31 16:29:31 params :
------------
Array:
message : Array ;
module : ewei_vote ;
rule : 19 ;
priority : 0 ;
keyword : Array ;

2016-05-31 16:29:31 response :
------------
Array:
FromUserName : gh_339b357d6bcb ;
ToUserName : oq5x0uNFUghQnwoUJMA-5M8o53bo ;
MsgType : news ;
ArticleCount : 1 ;
Articles : Array ;

2016-05-31 16:41:15 trace :
------------
String:
<xml><ToUserName><![CDATA[gh_339b357d6bcb]]></ToUserName>
<FromUserName><![CDATA[oq5x0uMHF616krPrTbiEp1mkRIy0]]></FromUserName>
<CreateTime>1464684003</CreateTime>
<MsgType><![CDATA[event]]></MsgType>
<Event><![CDATA[subscribe]]></Event>
<EventKey><![CDATA[]]></EventKey>
</xml>

2016-05-31 16:41:15 params :
------------
Array:
message : Array ;
module : ewei_vote ;
rule : 19 ;
priority : 0 ;
keyword : Array ;

2016-05-31 16:41:15 response :
------------
Array:
FromUserName : gh_339b357d6bcb ;
ToUserName : oq5x0uMHF616krPrTbiEp1mkRIy0 ;
MsgType : news ;
ArticleCount : 1 ;
Articles : Array ;

2016-05-31 16:44:49 trace :
------------
String:
<xml><ToUserName><![CDATA[gh_371dfdf2ba7a]]></ToUserName>
<FromUserName><![CDATA[oe632wNBRrJVg1N-WCOMQLAp65SY]]></FromUserName>
<CreateTime>1464684216</CreateTime>
<MsgType><![CDATA[event]]></MsgType>
<Event><![CDATA[VIEW]]></Event>
<EventKey><![CDATA[http://wqq.xyj0772.com/app/index.php?i=2&j=2&c=entry&rid=20&do=photosvoteview&m=fm_photosvote&from=click]]></EventKey>
<MenuId>408121384</MenuId>
</xml>

2016-05-31 16:44:49 params :
------------
Array:
rule : -2 ;
module :  ;
message : Array ;

2016-05-31 16:44:49 response :
------------

2016-05-31 16:58:14 trace :
------------
String:
<xml><ToUserName><![CDATA[gh_339b357d6bcb]]></ToUserName>
<FromUserName><![CDATA[oq5x0uGRyBa4Cw19ogh8JE05SBEk]]></FromUserName>
<CreateTime>1464685014</CreateTime>
<MsgType><![CDATA[event]]></MsgType>
<Event><![CDATA[unsubscribe]]></Event>
<EventKey><![CDATA[]]></EventKey>
</xml>

2016-05-31 17:23:21 trace :
------------
String:
<xml><ToUserName><![CDATA[gh_371dfdf2ba7a]]></ToUserName>
<FromUserName><![CDATA[oe632wNBRrJVg1N-WCOMQLAp65SY]]></FromUserName>
<CreateTime>1464686589</CreateTime>
<MsgType><![CDATA[event]]></MsgType>
<Event><![CDATA[VIEW]]></Event>
<EventKey><![CDATA[http://wqq.xyj0772.com/app/index.php?i=2&j=2&c=entry&rid=20&do=photosvoteview&m=fm_photosvote&from=click]]></EventKey>
<MenuId>408121384</MenuId>
</xml>

2016-05-31 17:23:21 params :
------------
Array:
rule : -2 ;
module :  ;
message : Array ;

2016-05-31 17:23:21 response :
------------

2016-05-31 17:34:30 trace :
------------
String:
<xml><ToUserName><![CDATA[gh_d5c808a7666e]]></ToUserName>
<FromUserName><![CDATA[om_6jt0mq0SXwqYbKTteo5rulNco]]></FromUserName>
<CreateTime>1464687253</CreateTime>
<MsgType><![CDATA[event]]></MsgType>
<Event><![CDATA[subscribe]]></Event>
<EventKey><![CDATA[]]></EventKey>
</xml>

2016-05-31 17:34:30 params :
------------
Array:
rule : -2 ;
module :  ;
message : Array ;

2016-05-31 17:34:30 response :
------------

2016-05-31 17:34:33 trace :
------------
String:
<xml><ToUserName><![CDATA[gh_d5c808a7666e]]></ToUserName>
<FromUserName><![CDATA[om_6jt0mq0SXwqYbKTteo5rulNco]]></FromUserName>
<CreateTime>1464687256</CreateTime>
<MsgType><![CDATA[event]]></MsgType>
<Event><![CDATA[LOCATION]]></Event>
<Latitude>24.307510</Latitude>
<Longitude>109.403252</Longitude>
<Precision>65.000000</Precision>
</xml>

2016-05-31 17:34:33 params :
------------
Array:
message : Array ;
module : default ;
rule : -1 ;

2016-05-31 17:34:33 response :
------------
Array:
errno : -1 ;
message : Invaild value ;

2016-05-31 17:34:35 trace :
------------
String:
<xml><ToUserName><![CDATA[gh_d5c808a7666e]]></ToUserName>
<FromUserName><![CDATA[om_6jt0mq0SXwqYbKTteo5rulNco]]></FromUserName>
<CreateTime>1464687258</CreateTime>
<MsgType><![CDATA[event]]></MsgType>
<Event><![CDATA[VIEW]]></Event>
<EventKey><![CDATA[http://wqq.xyj0772.com/app/index.php?i=2&c=entry&eid=524]]></EventKey>
<MenuId>404113000</MenuId>
</xml>

2016-05-31 17:34:35 params :
------------
Array:
rule : -2 ;
module :  ;
message : Array ;

2016-05-31 17:34:35 response :
------------

2016-05-31 17:34:55 trace :
------------
String:
<xml><ToUserName><![CDATA[gh_d5c808a7666e]]></ToUserName>
<FromUserName><![CDATA[om_6jt0mq0SXwqYbKTteo5rulNco]]></FromUserName>
<CreateTime>1464687278</CreateTime>
<MsgType><![CDATA[text]]></MsgType>
<Content><![CDATA[码上]]></Content>
<MsgId>6290783958281379237</MsgId>
</xml>

2016-05-31 17:34:55 params :
------------
Array:
message : Array ;
module : cover ;
rule : 25 ;
priority : 0 ;
keyword : Array ;

2016-05-31 17:34:55 response :
------------
Array:
FromUserName : gh_d5c808a7666e ;
ToUserName : om_6jt0mq0SXwqYbKTteo5rulNco ;
MsgType : news ;
ArticleCount : 1 ;
Articles : Array ;

2016-05-31 17:53:02 trace :
------------
String:
<xml><ToUserName><![CDATA[gh_371dfdf2ba7a]]></ToUserName>
<FromUserName><![CDATA[oe632wNBRrJVg1N-WCOMQLAp65SY]]></FromUserName>
<CreateTime>1464688359</CreateTime>
<MsgType><![CDATA[event]]></MsgType>
<Event><![CDATA[VIEW]]></Event>
<EventKey><![CDATA[http://wqq.xyj0772.com/app/index.php?i=2&j=2&c=entry&rid=20&do=photosvoteview&m=fm_photosvote&from=click]]></EventKey>
<MenuId>408121384</MenuId>
</xml>

2016-05-31 17:53:02 params :
------------
Array:
rule : -2 ;
module :  ;
message : Array ;

2016-05-31 17:53:02 response :
------------

2016-05-31 17:56:35 trace :
------------
String:
<xml><ToUserName><![CDATA[gh_371dfdf2ba7a]]></ToUserName>
<FromUserName><![CDATA[oe632wNBRrJVg1N-WCOMQLAp65SY]]></FromUserName>
<CreateTime>1464688570</CreateTime>
<MsgType><![CDATA[event]]></MsgType>
<Event><![CDATA[VIEW]]></Event>
<EventKey><![CDATA[http://wqq.xyj0772.com/app/index.php?i=2&j=2&c=entry&rid=20&do=photosvoteview&m=fm_photosvote&from=click]]></EventKey>
<MenuId>408121384</MenuId>
</xml>

2016-05-31 17:56:35 params :
------------
Array:
rule : -2 ;
module :  ;
message : Array ;

2016-05-31 17:56:35 response :
------------

2016-05-31 17:58:15 trace :
------------
String:
<xml><ToUserName><![CDATA[gh_371dfdf2ba7a]]></ToUserName>
<FromUserName><![CDATA[oe632wNBRrJVg1N-WCOMQLAp65SY]]></FromUserName>
<CreateTime>1464688669</CreateTime>
<MsgType><![CDATA[event]]></MsgType>
<Event><![CDATA[VIEW]]></Event>
<EventKey><![CDATA[http://wqq.xyj0772.com/app/index.php?i=2&j=2&c=entry&rid=20&do=photosvoteview&m=fm_photosvote&from=click]]></EventKey>
<MenuId>408121384</MenuId>
</xml>

2016-05-31 17:58:15 params :
------------
Array:
rule : -2 ;
module :  ;
message : Array ;

2016-05-31 17:58:15 response :
------------

2016-05-31 18:00:09 trace :
------------
String:
<xml><ToUserName><![CDATA[gh_d5c808a7666e]]></ToUserName>
<FromUserName><![CDATA[om_6jt2KN5m2a7PN8LYPB54R85zI]]></FromUserName>
<CreateTime>1464688782</CreateTime>
<MsgType><![CDATA[event]]></MsgType>
<Event><![CDATA[unsubscribe]]></Event>
<EventKey><![CDATA[]]></EventKey>
</xml>

2016-05-31 18:01:27 trace :
------------
String:
<xml><ToUserName><![CDATA[gh_371dfdf2ba7a]]></ToUserName>
<FromUserName><![CDATA[oe632wNBRrJVg1N-WCOMQLAp65SY]]></FromUserName>
<CreateTime>1464688858</CreateTime>
<MsgType><![CDATA[event]]></MsgType>
<Event><![CDATA[VIEW]]></Event>
<EventKey><![CDATA[http://wqq.xyj0772.com/app/index.php?i=2&j=2&c=entry&rid=20&do=photosvoteview&m=fm_photosvote&from=click]]></EventKey>
<MenuId>408121384</MenuId>
</xml>

2016-05-31 18:01:27 params :
------------
Array:
rule : -2 ;
module :  ;
message : Array ;

2016-05-31 18:01:27 response :
------------

2016-05-31 18:01:39 trace :
------------
String:
<xml><ToUserName><![CDATA[gh_371dfdf2ba7a]]></ToUserName>
<FromUserName><![CDATA[oe632wBY9kc04gHoHmG74_7NDCns]]></FromUserName>
<CreateTime>1464688870</CreateTime>
<MsgType><![CDATA[event]]></MsgType>
<Event><![CDATA[VIEW]]></Event>
<EventKey><![CDATA[http://wqq.xyj0772.com/app/index.php?i=2&j=2&c=entry&rid=20&do=photosvoteview&m=fm_photosvote&from=click]]></EventKey>
<MenuId>408121384</MenuId>
</xml>

2016-05-31 18:01:40 params :
------------
Array:
rule : -2 ;
module :  ;
message : Array ;

2016-05-31 18:01:40 response :
------------

2016-05-31 18:01:48 trace :
------------
String:
<xml><ToUserName><![CDATA[gh_d5c808a7666e]]></ToUserName>
<FromUserName><![CDATA[om_6jt2KN5m2a7PN8LYPB54R85zI]]></FromUserName>
<CreateTime>1464688879</CreateTime>
<MsgType><![CDATA[event]]></MsgType>
<Event><![CDATA[subscribe]]></Event>
<EventKey><![CDATA[]]></EventKey>
</xml>

2016-05-31 18:01:48 params :
------------
Array:
rule : -2 ;
module :  ;
message : Array ;

2016-05-31 18:01:48 response :
------------

2016-05-31 18:02:09 trace :
------------
String:
<xml><ToUserName><![CDATA[gh_d5c808a7666e]]></ToUserName>
<FromUserName><![CDATA[om_6jt2KN5m2a7PN8LYPB54R85zI]]></FromUserName>
<CreateTime>1464688892</CreateTime>
<MsgType><![CDATA[text]]></MsgType>
<Content><![CDATA[投票]]></Content>
<MsgId>6290790890358595069</MsgId>
</xml>

2016-05-31 18:02:09 params :
------------
Array:
message : Array ;
module : fm_photosvote ;
rule : 20 ;
priority : 0 ;
keyword : Array ;

2016-05-31 18:02:09 response :
------------
Array:
FromUserName : gh_d5c808a7666e ;
ToUserName : om_6jt2KN5m2a7PN8LYPB54R85zI ;
MsgType : news ;
ArticleCount : 1 ;
Articles : Array ;

2016-05-31 18:02:09 trace :
------------
String:
<xml><ToUserName><![CDATA[gh_d5c808a7666e]]></ToUserName>
<FromUserName><![CDATA[om_6jt2KN5m2a7PN8LYPB54R85zI]]></FromUserName>
<CreateTime>1464688892</CreateTime>
<MsgType><![CDATA[text]]></MsgType>
<Content><![CDATA[投票]]></Content>
<MsgId>6290790890358595069</MsgId>
</xml>

2016-05-31 18:02:09 params :
------------
Array:
message : Array ;
module : fm_photosvote ;
rule : 20 ;
priority : 0 ;
keyword : Array ;

2016-05-31 18:02:09 response :
------------
Array:
FromUserName : gh_d5c808a7666e ;
ToUserName : om_6jt2KN5m2a7PN8LYPB54R85zI ;
MsgType : news ;
ArticleCount : 1 ;
Articles : Array ;

2016-05-31 18:02:32 trace :
------------
String:
<xml><ToUserName><![CDATA[gh_371dfdf2ba7a]]></ToUserName>
<FromUserName><![CDATA[oe632wBY9kc04gHoHmG74_7NDCns]]></FromUserName>
<CreateTime>1464688922</CreateTime>
<MsgType><![CDATA[event]]></MsgType>
<Event><![CDATA[VIEW]]></Event>
<EventKey><![CDATA[http://wqq.xyj0772.com/app/index.php?i=2&j=2&c=entry&rid=20&do=photosvoteview&m=fm_photosvote&from=click]]></EventKey>
<MenuId>408121384</MenuId>
</xml>

2016-05-31 18:02:32 params :
------------
Array:
rule : -2 ;
module :  ;
message : Array ;

2016-05-31 18:02:32 response :
------------

2016-05-31 18:03:21 trace :
------------
String:
<xml><ToUserName><![CDATA[gh_371dfdf2ba7a]]></ToUserName>
<FromUserName><![CDATA[oe632wBY9kc04gHoHmG74_7NDCns]]></FromUserName>
<CreateTime>1464688971</CreateTime>
<MsgType><![CDATA[text]]></MsgType>
<Content><![CDATA[你好]]></Content>
<MsgId>6290791229665043361</MsgId>
</xml>

2016-05-31 18:03:22 params :
------------
Array:
rule : -2 ;
module :  ;
message : Array ;

2016-05-31 18:03:22 response :
------------

2016-05-31 18:03:45 trace :
------------
String:
<xml><ToUserName><![CDATA[gh_371dfdf2ba7a]]></ToUserName>
<FromUserName><![CDATA[oe632wBY9kc04gHoHmG74_7NDCns]]></FromUserName>
<CreateTime>1464688994</CreateTime>
<MsgType><![CDATA[event]]></MsgType>
<Event><![CDATA[VIEW]]></Event>
<EventKey><![CDATA[http://wqq.xyj0772.com/app/index.php?i=2&j=2&c=entry&rid=20&do=photosvoteview&m=fm_photosvote&from=click]]></EventKey>
<MenuId>408121384</MenuId>
</xml>

2016-05-31 18:03:45 params :
------------
Array:
rule : -2 ;
module :  ;
message : Array ;

2016-05-31 18:03:45 response :
------------

2016-05-31 18:04:22 trace :
------------
String:
<xml><ToUserName><![CDATA[gh_371dfdf2ba7a]]></ToUserName>
<FromUserName><![CDATA[oe632wBY9kc04gHoHmG74_7NDCns]]></FromUserName>
<CreateTime>1464689031</CreateTime>
<MsgType><![CDATA[event]]></MsgType>
<Event><![CDATA[VIEW]]></Event>
<EventKey><![CDATA[http://wqq.xyj0772.com/app/index.php?i=2&j=2&c=entry&rid=20&do=photosvoteview&m=fm_photosvote&from=click]]></EventKey>
<MenuId>408121384</MenuId>
</xml>

2016-05-31 18:04:22 params :
------------
Array:
rule : -2 ;
module :  ;
message : Array ;

2016-05-31 18:04:22 response :
------------

2016-05-31 18:04:35 trace :
------------
String:
<xml><ToUserName><![CDATA[gh_371dfdf2ba7a]]></ToUserName>
<FromUserName><![CDATA[oe632wBY9kc04gHoHmG74_7NDCns]]></FromUserName>
<CreateTime>1464689043</CreateTime>
<MsgType><![CDATA[text]]></MsgType>
<Content><![CDATA[http://wqq.xyj0772.com/app/index.php?i=2&j=2&c=entry&rid=20&do=photosvoteview&m=fm_photosvote&from=click]]></Content>
<MsgId>6290791538902688689</MsgId>
</xml>

2016-05-31 18:04:35 params :
------------
Array:
rule : -2 ;
module :  ;
message : Array ;

2016-05-31 18:04:35 response :
------------

2016-05-31 18:04:45 trace :
------------
String:
<xml><ToUserName><![CDATA[gh_371dfdf2ba7a]]></ToUserName>
<FromUserName><![CDATA[oe632wBY9kc04gHoHmG74_7NDCns]]></FromUserName>
<CreateTime>1464689053</CreateTime>
<MsgType><![CDATA[event]]></MsgType>
<Event><![CDATA[VIEW]]></Event>
<EventKey><![CDATA[http://wqq.xyj0772.com/app/index.php?i=2&j=2&c=entry&rid=20&do=photosvoteview&m=fm_photosvote&from=click]]></EventKey>
<MenuId>408121384</MenuId>
</xml>

2016-05-31 18:04:45 params :
------------
Array:
rule : -2 ;
module :  ;
message : Array ;

2016-05-31 18:04:45 response :
------------

2016-05-31 18:05:32 trace :
------------
String:
<xml><ToUserName><![CDATA[gh_371dfdf2ba7a]]></ToUserName>
<FromUserName><![CDATA[oe632wBY9kc04gHoHmG74_7NDCns]]></FromUserName>
<CreateTime>1464689100</CreateTime>
<MsgType><![CDATA[event]]></MsgType>
<Event><![CDATA[VIEW]]></Event>
<EventKey><![CDATA[http://wqq.xyj0772.com/app/index.php?i=2&j=2&c=entry&rid=20&do=photosvoteview&m=fm_photosvote&from=click]]></EventKey>
<MenuId>408121384</MenuId>
</xml>

2016-05-31 18:05:32 params :
------------
Array:
rule : -2 ;
module :  ;
message : Array ;

2016-05-31 18:05:32 response :
------------

2016-05-31 18:06:40 trace :
------------
String:
<xml><ToUserName><![CDATA[gh_371dfdf2ba7a]]></ToUserName>
<FromUserName><![CDATA[oe632wBY9kc04gHoHmG74_7NDCns]]></FromUserName>
<CreateTime>1464689167</CreateTime>
<MsgType><![CDATA[event]]></MsgType>
<Event><![CDATA[VIEW]]></Event>
<EventKey><![CDATA[http://wqq.xyj0772.com/app/index.php?i=2&j=2&c=entry&rid=20&do=photosvoteview&m=fm_photosvote&from=click]]></EventKey>
<MenuId>408121384</MenuId>
</xml>

2016-05-31 18:06:40 params :
------------
Array:
rule : -2 ;
module :  ;
message : Array ;

2016-05-31 18:06:40 response :
------------

2016-05-31 18:07:21 trace :
------------
String:
<xml><ToUserName><![CDATA[gh_371dfdf2ba7a]]></ToUserName>
<FromUserName><![CDATA[oe632wBY9kc04gHoHmG74_7NDCns]]></FromUserName>
<CreateTime>1464689208</CreateTime>
<MsgType><![CDATA[event]]></MsgType>
<Event><![CDATA[VIEW]]></Event>
<EventKey><![CDATA[http://wqq.xyj0772.com/app/index.php?i=2&j=2&c=entry&rid=20&do=photosvoteview&m=fm_photosvote&from=click]]></EventKey>
<MenuId>408121384</MenuId>
</xml>

2016-05-31 18:07:21 params :
------------
Array:
rule : -2 ;
module :  ;
message : Array ;

2016-05-31 18:07:21 response :
------------

2016-05-31 18:07:39 trace :
------------
String:
<xml><ToUserName><![CDATA[gh_371dfdf2ba7a]]></ToUserName>
<FromUserName><![CDATA[oe632wBY9kc04gHoHmG74_7NDCns]]></FromUserName>
<CreateTime>1464689225</CreateTime>
<MsgType><![CDATA[text]]></MsgType>
<Content><![CDATA[http://wqq.xyj0772.com/app/index.php?i=2&c=entry&rid=20&tfrom_user=om_6jtwK1SqXYxH3qyYgABWGiCR4&do=tuserphotos&m=fm_photosvote]]></Content>
<MsgId>6290792320586736575</MsgId>
</xml>

2016-05-31 18:07:39 params :
------------
Array:
rule : -2 ;
module :  ;
message : Array ;

2016-05-31 18:07:39 response :
------------

2016-05-31 18:10:18 trace :
------------
String:
<xml><ToUserName><![CDATA[gh_371dfdf2ba7a]]></ToUserName>
<FromUserName><![CDATA[oe632wBY9kc04gHoHmG74_7NDCns]]></FromUserName>
<CreateTime>1464689383</CreateTime>
<MsgType><![CDATA[event]]></MsgType>
<Event><![CDATA[VIEW]]></Event>
<EventKey><![CDATA[http://wqq.xyj0772.com/app/index.php?i=2&j=2&c=entry&rid=20&do=photosvoteview&m=fm_photosvote&from=click]]></EventKey>
<MenuId>408121384</MenuId>
</xml>

2016-05-31 18:10:18 params :
------------
Array:
rule : -2 ;
module :  ;
message : Array ;

2016-05-31 18:10:18 response :
------------

2016-05-31 18:10:36 trace :
------------
String:
<xml><ToUserName><![CDATA[gh_371dfdf2ba7a]]></ToUserName>
<FromUserName><![CDATA[oe632wNBRrJVg1N-WCOMQLAp65SY]]></FromUserName>
<CreateTime>1464689401</CreateTime>
<MsgType><![CDATA[event]]></MsgType>
<Event><![CDATA[VIEW]]></Event>
<EventKey><![CDATA[http://wqq.xyj0772.com/app/index.php?i=2&j=2&c=entry&rid=20&do=photosvoteview&m=fm_photosvote&from=click]]></EventKey>
<MenuId>408121384</MenuId>
</xml>

2016-05-31 18:10:36 params :
------------
Array:
rule : -2 ;
module :  ;
message : Array ;

2016-05-31 18:10:36 response :
------------

2016-05-31 18:13:42 trace :
------------
String:
<xml><ToUserName><![CDATA[gh_371dfdf2ba7a]]></ToUserName>
<FromUserName><![CDATA[oe632wBY9kc04gHoHmG74_7NDCns]]></FromUserName>
<CreateTime>1464689585</CreateTime>
<MsgType><![CDATA[text]]></MsgType>
<Content><![CDATA[http://wqq.xyj0772.com/app/index.php?i=2&c=entry&rid=20&tfrom_user=om_6jt0mq0SXwqYbKTteo5rulNco&do=tuser&m=fm_photosvote]]></Content>
<MsgId>6290793866774963195</MsgId>
</xml>

2016-05-31 18:13:42 params :
------------
Array:
rule : -2 ;
module :  ;
message : Array ;

2016-05-31 18:13:42 response :
------------

2016-05-31 18:14:18 trace :
------------
String:
<xml><ToUserName><![CDATA[gh_371dfdf2ba7a]]></ToUserName>
<FromUserName><![CDATA[oe632wNBRrJVg1N-WCOMQLAp65SY]]></FromUserName>
<CreateTime>1464689620</CreateTime>
<MsgType><![CDATA[event]]></MsgType>
<Event><![CDATA[VIEW]]></Event>
<EventKey><![CDATA[http://wqq.xyj0772.com/app/index.php?i=2&j=2&c=entry&rid=20&do=photosvoteview&m=fm_photosvote&from=click]]></EventKey>
<MenuId>408121384</MenuId>
</xml>

2016-05-31 18:14:18 params :
------------
Array:
rule : -2 ;
module :  ;
message : Array ;

2016-05-31 18:14:18 response :
------------

2016-05-31 18:15:24 trace :
------------
String:
<xml><ToUserName><![CDATA[gh_371dfdf2ba7a]]></ToUserName>
<FromUserName><![CDATA[oe632wNBRrJVg1N-WCOMQLAp65SY]]></FromUserName>
<CreateTime>1464689685</CreateTime>
<MsgType><![CDATA[event]]></MsgType>
<Event><![CDATA[VIEW]]></Event>
<EventKey><![CDATA[http://wqq.xyj0772.com/app/index.php?i=2&j=2&c=entry&rid=20&do=photosvoteview&m=fm_photosvote&from=click]]></EventKey>
<MenuId>408121384</MenuId>
</xml>

2016-05-31 18:15:24 params :
------------
Array:
rule : -2 ;
module :  ;
message : Array ;

2016-05-31 18:15:24 response :
------------

2016-05-31 18:15:27 trace :
------------
String:
<xml><ToUserName><![CDATA[gh_371dfdf2ba7a]]></ToUserName>
<FromUserName><![CDATA[oe632wNBRrJVg1N-WCOMQLAp65SY]]></FromUserName>
<CreateTime>1464689689</CreateTime>
<MsgType><![CDATA[event]]></MsgType>
<Event><![CDATA[VIEW]]></Event>
<EventKey><![CDATA[http://wqq.xyj0772.com/app/index.php?i=2&j=2&c=entry&rid=20&do=photosvoteview&m=fm_photosvote&from=click]]></EventKey>
<MenuId>408121384</MenuId>
</xml>

2016-05-31 18:15:27 params :
------------
Array:
rule : -2 ;
module :  ;
message : Array ;

2016-05-31 18:15:27 response :
------------

2016-05-31 18:15:35 trace :
------------
String:
<xml><ToUserName><![CDATA[gh_371dfdf2ba7a]]></ToUserName>
<FromUserName><![CDATA[oe632wNBRrJVg1N-WCOMQLAp65SY]]></FromUserName>
<CreateTime>1464689697</CreateTime>
<MsgType><![CDATA[event]]></MsgType>
<Event><![CDATA[VIEW]]></Event>
<EventKey><![CDATA[http://wqq.xyj0772.com/app/index.php?i=2&j=2&c=entry&rid=20&do=photosvoteview&m=fm_photosvote&from=click]]></EventKey>
<MenuId>408121384</MenuId>
</xml>

2016-05-31 18:15:35 params :
------------
Array:
rule : -2 ;
module :  ;
message : Array ;

2016-05-31 18:15:35 response :
------------

2016-05-31 18:15:41 trace :
------------
String:
<xml><ToUserName><![CDATA[gh_371dfdf2ba7a]]></ToUserName>
<FromUserName><![CDATA[oe632wNBRrJVg1N-WCOMQLAp65SY]]></FromUserName>
<CreateTime>1464689702</CreateTime>
<MsgType><![CDATA[event]]></MsgType>
<Event><![CDATA[VIEW]]></Event>
<EventKey><![CDATA[http://wqq.xyj0772.com/app/index.php?i=2&j=2&c=entry&rid=20&do=photosvoteview&m=fm_photosvote&from=click]]></EventKey>
<MenuId>408121384</MenuId>
</xml>

2016-05-31 18:15:41 params :
------------
Array:
rule : -2 ;
module :  ;
message : Array ;

2016-05-31 18:15:41 response :
------------

2016-05-31 18:15:50 trace :
------------
String:
<xml><ToUserName><![CDATA[gh_371dfdf2ba7a]]></ToUserName>
<FromUserName><![CDATA[oe632wNBRrJVg1N-WCOMQLAp65SY]]></FromUserName>
<CreateTime>1464689710</CreateTime>
<MsgType><![CDATA[event]]></MsgType>
<Event><![CDATA[VIEW]]></Event>
<EventKey><![CDATA[http://wqq.xyj0772.com/app/index.php?i=2&j=2&c=entry&rid=20&do=photosvoteview&m=fm_photosvote&from=click]]></EventKey>
<MenuId>408121384</MenuId>
</xml>

2016-05-31 18:15:50 params :
------------
Array:
rule : -2 ;
module :  ;
message : Array ;

2016-05-31 18:15:50 response :
------------

2016-05-31 18:16:15 trace :
------------
String:
<xml><ToUserName><![CDATA[gh_371dfdf2ba7a]]></ToUserName>
<FromUserName><![CDATA[oe632wNBRrJVg1N-WCOMQLAp65SY]]></FromUserName>
<CreateTime>1464689735</CreateTime>
<MsgType><![CDATA[event]]></MsgType>
<Event><![CDATA[VIEW]]></Event>
<EventKey><![CDATA[http://wqq.xyj0772.com/app/index.php?i=2&j=2&c=entry&rid=20&do=photosvoteview&m=fm_photosvote&from=click]]></EventKey>
<MenuId>408121384</MenuId>
</xml>

2016-05-31 18:16:15 params :
------------
Array:
rule : -2 ;
module :  ;
message : Array ;

2016-05-31 18:16:15 response :
------------

2016-05-31 18:17:02 trace :
------------
String:
<xml><ToUserName><![CDATA[gh_371dfdf2ba7a]]></ToUserName>
<FromUserName><![CDATA[oe632wNBRrJVg1N-WCOMQLAp65SY]]></FromUserName>
<CreateTime>1464689782</CreateTime>
<MsgType><![CDATA[event]]></MsgType>
<Event><![CDATA[VIEW]]></Event>
<EventKey><![CDATA[http://wqq.xyj0772.com/app/index.php?i=2&j=2&c=entry&rid=20&do=photosvoteview&m=fm_photosvote&from=click]]></EventKey>
<MenuId>408121384</MenuId>
</xml>

2016-05-31 18:17:02 params :
------------
Array:
rule : -2 ;
module :  ;
message : Array ;

2016-05-31 18:17:02 response :
------------

2016-05-31 18:19:54 trace :
------------
String:
<xml><ToUserName><![CDATA[gh_371dfdf2ba7a]]></ToUserName>
<FromUserName><![CDATA[oe632wBY9kc04gHoHmG74_7NDCns]]></FromUserName>
<CreateTime>1464689951</CreateTime>
<MsgType><![CDATA[event]]></MsgType>
<Event><![CDATA[VIEW]]></Event>
<EventKey><![CDATA[http://wqq.xyj0772.com/app/index.php?i=2&j=2&c=entry&rid=20&do=photosvoteview&m=fm_photosvote&from=click]]></EventKey>
<MenuId>408121384</MenuId>
</xml>

2016-05-31 18:19:54 params :
------------
Array:
rule : -2 ;
module :  ;
message : Array ;

2016-05-31 18:19:54 response :
------------

2016-05-31 18:20:50 trace :
------------
String:
<xml><ToUserName><![CDATA[gh_371dfdf2ba7a]]></ToUserName>
<FromUserName><![CDATA[oe632wNBRrJVg1N-WCOMQLAp65SY]]></FromUserName>
<CreateTime>1464690007</CreateTime>
<MsgType><![CDATA[event]]></MsgType>
<Event><![CDATA[VIEW]]></Event>
<EventKey><![CDATA[http://wqq.xyj0772.com/app/index.php?i=2&j=2&c=entry&rid=20&do=photosvoteview&m=fm_photosvote&from=click]]></EventKey>
<MenuId>408121384</MenuId>
</xml>

2016-05-31 18:20:50 params :
------------
Array:
rule : -2 ;
module :  ;
message : Array ;

2016-05-31 18:20:50 response :
------------

2016-05-31 18:31:35 trace :
------------
String:
<xml><ToUserName><![CDATA[gh_371dfdf2ba7a]]></ToUserName>
<FromUserName><![CDATA[oe632wNBRrJVg1N-WCOMQLAp65SY]]></FromUserName>
<CreateTime>1464690646</CreateTime>
<MsgType><![CDATA[event]]></MsgType>
<Event><![CDATA[VIEW]]></Event>
<EventKey><![CDATA[http://wqq.xyj0772.com/app/index.php?i=2&j=2&c=entry&rid=20&do=photosvoteview&m=fm_photosvote&from=click]]></EventKey>
<MenuId>408121384</MenuId>
</xml>

2016-05-31 18:31:35 params :
------------
Array:
rule : -2 ;
module :  ;
message : Array ;

2016-05-31 18:31:35 response :
------------

2016-05-31 18:34:41 trace :
------------
String:
<xml><ToUserName><![CDATA[gh_371dfdf2ba7a]]></ToUserName>
<FromUserName><![CDATA[oe632wNBRrJVg1N-WCOMQLAp65SY]]></FromUserName>
<CreateTime>1464690830</CreateTime>
<MsgType><![CDATA[event]]></MsgType>
<Event><![CDATA[VIEW]]></Event>
<EventKey><![CDATA[http://wqq.xyj0772.com/app/index.php?i=2&j=2&c=entry&rid=20&do=photosvoteview&m=fm_photosvote&from=click]]></EventKey>
<MenuId>408121384</MenuId>
</xml>

2016-05-31 18:34:41 params :
------------
Array:
rule : -2 ;
module :  ;
message : Array ;

2016-05-31 18:34:41 response :
------------

2016-05-31 18:37:55 trace :
------------
String:
<xml><ToUserName><![CDATA[gh_371dfdf2ba7a]]></ToUserName>
<FromUserName><![CDATA[oe632wBY9kc04gHoHmG74_7NDCns]]></FromUserName>
<CreateTime>1464691023</CreateTime>
<MsgType><![CDATA[event]]></MsgType>
<Event><![CDATA[VIEW]]></Event>
<EventKey><![CDATA[http://wqq.xyj0772.com/app/index.php?i=2&j=2&c=entry&rid=20&do=photosvoteview&m=fm_photosvote&from=click]]></EventKey>
<MenuId>408121384</MenuId>
</xml>

2016-05-31 18:37:55 params :
------------
Array:
rule : -2 ;
module :  ;
message : Array ;

2016-05-31 18:37:55 response :
------------

2016-05-31 18:39:53 trace :
------------
String:
<xml><ToUserName><![CDATA[gh_371dfdf2ba7a]]></ToUserName>
<FromUserName><![CDATA[oe632wNBRrJVg1N-WCOMQLAp65SY]]></FromUserName>
<CreateTime>1464691140</CreateTime>
<MsgType><![CDATA[event]]></MsgType>
<Event><![CDATA[VIEW]]></Event>
<EventKey><![CDATA[http://wqq.xyj0772.com/app/index.php?i=2&j=2&c=entry&rid=20&do=photosvoteview&m=fm_photosvote&from=click]]></EventKey>
<MenuId>408121384</MenuId>
</xml>

2016-05-31 18:39:53 params :
------------
Array:
rule : -2 ;
module :  ;
message : Array ;

2016-05-31 18:39:53 response :
------------

2016-05-31 18:43:52 trace :
------------
String:
<xml><ToUserName><![CDATA[gh_371dfdf2ba7a]]></ToUserName>
<FromUserName><![CDATA[oe632wNBRrJVg1N-WCOMQLAp65SY]]></FromUserName>
<CreateTime>1464691377</CreateTime>
<MsgType><![CDATA[event]]></MsgType>
<Event><![CDATA[VIEW]]></Event>
<EventKey><![CDATA[http://wqq.xyj0772.com/app/index.php?i=2&j=2&c=entry&rid=20&do=photosvoteview&m=fm_photosvote&from=click]]></EventKey>
<MenuId>408121384</MenuId>
</xml>

2016-05-31 18:43:52 params :
------------
Array:
rule : -2 ;
module :  ;
message : Array ;

2016-05-31 18:43:52 response :
------------

2016-05-31 18:52:05 trace :
------------
String:
<xml><ToUserName><![CDATA[gh_371dfdf2ba7a]]></ToUserName>
<FromUserName><![CDATA[oe632wNBRrJVg1N-WCOMQLAp65SY]]></FromUserName>
<CreateTime>1464691867</CreateTime>
<MsgType><![CDATA[event]]></MsgType>
<Event><![CDATA[VIEW]]></Event>
<EventKey><![CDATA[http://wqq.xyj0772.com/app/index.php?i=2&j=2&c=entry&rid=20&do=photosvoteview&m=fm_photosvote&from=click]]></EventKey>
<MenuId>408121384</MenuId>
</xml>

2016-05-31 18:52:05 params :
------------
Array:
rule : -2 ;
module :  ;
message : Array ;

2016-05-31 18:52:05 response :
------------

2016-05-31 18:54:16 trace :
------------
String:
<xml><ToUserName><![CDATA[gh_371dfdf2ba7a]]></ToUserName>
<FromUserName><![CDATA[oe632wLL7TbETum17nCSC33zSMY4]]></FromUserName>
<CreateTime>1464691996</CreateTime>
<MsgType><![CDATA[event]]></MsgType>
<Event><![CDATA[VIEW]]></Event>
<EventKey><![CDATA[http://wqq.xyj0772.com/app/index.php?i=2&j=2&c=entry&rid=20&do=photosvoteview&m=fm_photosvote&from=click]]></EventKey>
<MenuId>408121384</MenuId>
</xml>

2016-05-31 18:54:16 params :
------------
Array:
rule : -2 ;
module :  ;
message : Array ;

2016-05-31 18:54:16 response :
------------

2016-05-31 18:57:53 trace :
------------
String:
<xml><ToUserName><![CDATA[gh_371dfdf2ba7a]]></ToUserName>
<FromUserName><![CDATA[oe632wNBRrJVg1N-WCOMQLAp65SY]]></FromUserName>
<CreateTime>1464692211</CreateTime>
<MsgType><![CDATA[event]]></MsgType>
<Event><![CDATA[VIEW]]></Event>
<EventKey><![CDATA[http://wqq.xyj0772.com/app/index.php?i=2&j=2&c=entry&rid=20&do=photosvoteview&m=fm_photosvote&from=click]]></EventKey>
<MenuId>408121384</MenuId>
</xml>

2016-05-31 18:57:53 params :
------------
Array:
rule : -2 ;
module :  ;
message : Array ;

2016-05-31 18:57:53 response :
------------

2016-05-31 18:58:36 trace :
------------
String:
<xml><ToUserName><![CDATA[gh_371dfdf2ba7a]]></ToUserName>
<FromUserName><![CDATA[oe632wLL7TbETum17nCSC33zSMY4]]></FromUserName>
<CreateTime>1464692253</CreateTime>
<MsgType><![CDATA[event]]></MsgType>
<Event><![CDATA[VIEW]]></Event>
<EventKey><![CDATA[http://wqq.xyj0772.com/app/index.php?i=2&j=2&c=entry&rid=20&do=photosvoteview&m=fm_photosvote&from=click]]></EventKey>
<MenuId>408121384</MenuId>
</xml>

2016-05-31 18:58:36 params :
------------
Array:
rule : -2 ;
module :  ;
message : Array ;

2016-05-31 18:58:36 response :
------------

2016-05-31 18:59:45 trace :
------------
String:
<xml><ToUserName><![CDATA[gh_371dfdf2ba7a]]></ToUserName>
<FromUserName><![CDATA[oe632wLL7TbETum17nCSC33zSMY4]]></FromUserName>
<CreateTime>1464692322</CreateTime>
<MsgType><![CDATA[event]]></MsgType>
<Event><![CDATA[VIEW]]></Event>
<EventKey><![CDATA[http://wqq.xyj0772.com/app/index.php?i=4&c=mc&]]></EventKey>
<MenuId>408121384</MenuId>
</xml>

2016-05-31 18:59:45 params :
------------
Array:
rule : -2 ;
module :  ;
message : Array ;

2016-05-31 18:59:45 response :
------------

2016-05-31 18:59:50 trace :
------------
String:
<xml><ToUserName><![CDATA[gh_371dfdf2ba7a]]></ToUserName>
<FromUserName><![CDATA[oe632wBY9kc04gHoHmG74_7NDCns]]></FromUserName>
<CreateTime>1464692327</CreateTime>
<MsgType><![CDATA[event]]></MsgType>
<Event><![CDATA[VIEW]]></Event>
<EventKey><![CDATA[http://wqq.xyj0772.com/app/index.php?i=2&j=2&c=entry&rid=20&do=photosvoteview&m=fm_photosvote&from=click]]></EventKey>
<MenuId>408121384</MenuId>
</xml>

2016-05-31 18:59:50 params :
------------
Array:
rule : -2 ;
module :  ;
message : Array ;

2016-05-31 18:59:50 response :
------------

2016-05-31 18:59:59 trace :
------------
String:
<xml><ToUserName><![CDATA[gh_371dfdf2ba7a]]></ToUserName>
<FromUserName><![CDATA[oe632wBY9kc04gHoHmG74_7NDCns]]></FromUserName>
<CreateTime>1464692335</CreateTime>
<MsgType><![CDATA[event]]></MsgType>
<Event><![CDATA[VIEW]]></Event>
<EventKey><![CDATA[http://wqq.xyj0772.com/app/index.php?i=2&j=2&c=entry&rid=20&do=photosvoteview&m=fm_photosvote&from=click]]></EventKey>
<MenuId>408121384</MenuId>
</xml>

2016-05-31 18:59:59 params :
------------
Array:
rule : -2 ;
module :  ;
message : Array ;

2016-05-31 18:59:59 response :
------------

2016-05-31 19:00:00 trace :
------------
String:
<xml><ToUserName><![CDATA[gh_371dfdf2ba7a]]></ToUserName>
<FromUserName><![CDATA[oe632wLL7TbETum17nCSC33zSMY4]]></FromUserName>
<CreateTime>1464692337</CreateTime>
<MsgType><![CDATA[event]]></MsgType>
<Event><![CDATA[VIEW]]></Event>
<EventKey><![CDATA[http://wqq.xyj0772.com/app/index.php?i=2&j=2&c=entry&rid=20&do=photosvoteview&m=fm_photosvote&from=click]]></EventKey>
<MenuId>408121384</MenuId>
</xml>

2016-05-31 19:00:00 params :
------------
Array:
rule : -2 ;
module :  ;
message : Array ;

2016-05-31 19:00:00 response :
------------

2016-05-31 19:04:13 trace :
------------
String:
<xml><ToUserName><![CDATA[gh_371dfdf2ba7a]]></ToUserName>
<FromUserName><![CDATA[oe632wLL7TbETum17nCSC33zSMY4]]></FromUserName>
<CreateTime>1464692651</CreateTime>
<MsgType><![CDATA[event]]></MsgType>
<Event><![CDATA[VIEW]]></Event>
<EventKey><![CDATA[http://wqq.xyj0772.com/app/index.php?i=2&j=2&c=entry&rid=20&do=photosvoteview&m=fm_photosvote&from=click]]></EventKey>
<MenuId>408121384</MenuId>
</xml>

2016-05-31 19:04:13 params :
------------
Array:
rule : -2 ;
module :  ;
message : Array ;

2016-05-31 19:04:13 response :
------------

2016-05-31 19:10:28 trace :
------------
String:
<xml><ToUserName><![CDATA[gh_371dfdf2ba7a]]></ToUserName>
<FromUserName><![CDATA[oe632wLL7TbETum17nCSC33zSMY4]]></FromUserName>
<CreateTime>1464693022</CreateTime>
<MsgType><![CDATA[event]]></MsgType>
<Event><![CDATA[VIEW]]></Event>
<EventKey><![CDATA[http://wqq.xyj0772.com/app/index.php?i=2&j=2&c=entry&rid=20&do=photosvoteview&m=fm_photosvote&from=click]]></EventKey>
<MenuId>408121384</MenuId>
</xml>

2016-05-31 19:10:28 params :
------------
Array:
rule : -2 ;
module :  ;
message : Array ;

2016-05-31 19:10:28 response :
------------

2016-05-31 19:10:34 trace :
------------
String:
<xml><ToUserName><![CDATA[gh_371dfdf2ba7a]]></ToUserName>
<FromUserName><![CDATA[oe632wAb_iK9eyemvUUCLktBScDI]]></FromUserName>
<CreateTime>1464693028</CreateTime>
<MsgType><![CDATA[event]]></MsgType>
<Event><![CDATA[VIEW]]></Event>
<EventKey><![CDATA[http://wqq.xyj0772.com/app/index.php?i=2&j=2&c=entry&rid=20&do=photosvoteview&m=fm_photosvote&from=click]]></EventKey>
<MenuId>408121384</MenuId>
</xml>

2016-05-31 19:10:34 params :
------------
Array:
rule : -2 ;
module :  ;
message : Array ;

2016-05-31 19:10:34 response :
------------

2016-05-31 19:11:33 trace :
------------
String:
<xml><ToUserName><![CDATA[gh_371dfdf2ba7a]]></ToUserName>
<FromUserName><![CDATA[oe632wAb_iK9eyemvUUCLktBScDI]]></FromUserName>
<CreateTime>1464693087</CreateTime>
<MsgType><![CDATA[event]]></MsgType>
<Event><![CDATA[VIEW]]></Event>
<EventKey><![CDATA[http://wqq.xyj0772.com/app/index.php?i=2&j=2&c=entry&rid=20&do=photosvoteview&m=fm_photosvote&from=click]]></EventKey>
<MenuId>408121384</MenuId>
</xml>

2016-05-31 19:11:33 params :
------------
Array:
rule : -2 ;
module :  ;
message : Array ;

2016-05-31 19:11:33 response :
------------

2016-05-31 19:11:59 trace :
------------
String:
<xml><ToUserName><![CDATA[gh_371dfdf2ba7a]]></ToUserName>
<FromUserName><![CDATA[oe632wBY9kc04gHoHmG74_7NDCns]]></FromUserName>
<CreateTime>1464693112</CreateTime>
<MsgType><![CDATA[event]]></MsgType>
<Event><![CDATA[VIEW]]></Event>
<EventKey><![CDATA[http://wqq.xyj0772.com/app/index.php?i=2&j=2&c=entry&rid=20&do=photosvoteview&m=fm_photosvote&from=click]]></EventKey>
<MenuId>408121384</MenuId>
</xml>

2016-05-31 19:11:59 params :
------------
Array:
rule : -2 ;
module :  ;
message : Array ;

2016-05-31 19:11:59 response :
------------

2016-05-31 19:12:01 trace :
------------
String:
<xml><ToUserName><![CDATA[gh_371dfdf2ba7a]]></ToUserName>
<FromUserName><![CDATA[oe632wLL7TbETum17nCSC33zSMY4]]></FromUserName>
<CreateTime>1464693114</CreateTime>
<MsgType><![CDATA[event]]></MsgType>
<Event><![CDATA[VIEW]]></Event>
<EventKey><![CDATA[http://wqq.xyj0772.com/app/index.php?i=2&j=2&c=entry&rid=20&do=photosvoteview&m=fm_photosvote&from=click]]></EventKey>
<MenuId>408121384</MenuId>
</xml>

2016-05-31 19:12:01 params :
------------
Array:
rule : -2 ;
module :  ;
message : Array ;

2016-05-31 19:12:01 response :
------------

2016-05-31 19:12:38 trace :
------------
String:
<xml><ToUserName><![CDATA[gh_371dfdf2ba7a]]></ToUserName>
<FromUserName><![CDATA[oe632wAb_iK9eyemvUUCLktBScDI]]></FromUserName>
<CreateTime>1464693151</CreateTime>
<MsgType><![CDATA[event]]></MsgType>
<Event><![CDATA[VIEW]]></Event>
<EventKey><![CDATA[http://wqq.xyj0772.com/app/index.php?i=2&j=2&c=entry&rid=20&do=photosvoteview&m=fm_photosvote&from=click]]></EventKey>
<MenuId>408121384</MenuId>
</xml>

2016-05-31 19:12:38 params :
------------
Array:
rule : -2 ;
module :  ;
message : Array ;

2016-05-31 19:12:38 response :
------------

2016-05-31 19:12:45 trace :
------------
String:
<xml><ToUserName><![CDATA[gh_371dfdf2ba7a]]></ToUserName>
<FromUserName><![CDATA[oe632wAb_iK9eyemvUUCLktBScDI]]></FromUserName>
<CreateTime>1464693158</CreateTime>
<MsgType><![CDATA[event]]></MsgType>
<Event><![CDATA[VIEW]]></Event>
<EventKey><![CDATA[http://wqq.xyj0772.com/app/index.php?i=2&j=2&c=entry&rid=20&do=photosvoteview&m=fm_photosvote&from=click]]></EventKey>
<MenuId>408121384</MenuId>
</xml>

2016-05-31 19:12:45 params :
------------
Array:
rule : -2 ;
module :  ;
message : Array ;

2016-05-31 19:12:45 response :
------------

2016-05-31 19:13:14 trace :
------------
String:
<xml><ToUserName><![CDATA[gh_371dfdf2ba7a]]></ToUserName>
<FromUserName><![CDATA[oe632wBY9kc04gHoHmG74_7NDCns]]></FromUserName>
<CreateTime>1464693186</CreateTime>
<MsgType><![CDATA[text]]></MsgType>
<Content><![CDATA[http://wqq.xyj0772.com/app/index.php?i=2&c=entry&rid=20&fromuser=om_6jt0mq0SXwqYbKTteo5rulNco&tfrom_user=om_6jtwK1SqXYxH3qyYgABWGiCR4&do=tuserphotos&m=fm_photosvote]]></Content>
<MsgId>6290809332952196628</MsgId>
</xml>

2016-05-31 19:13:14 params :
------------
Array:
rule : -2 ;
module :  ;
message : Array ;

2016-05-31 19:13:14 response :
------------

2016-05-31 19:13:50 trace :
------------
String:
<xml><ToUserName><![CDATA[gh_371dfdf2ba7a]]></ToUserName>
<FromUserName><![CDATA[oe632wBY9kc04gHoHmG74_7NDCns]]></FromUserName>
<CreateTime>1464693222</CreateTime>
<MsgType><![CDATA[event]]></MsgType>
<Event><![CDATA[unsubscribe]]></Event>
<EventKey><![CDATA[]]></EventKey>
</xml>

2016-05-31 19:14:04 trace :
------------
String:
<xml><ToUserName><![CDATA[gh_371dfdf2ba7a]]></ToUserName>
<FromUserName><![CDATA[oe632wLL7TbETum17nCSC33zSMY4]]></FromUserName>
<CreateTime>1464693236</CreateTime>
<MsgType><![CDATA[event]]></MsgType>
<Event><![CDATA[VIEW]]></Event>
<EventKey><![CDATA[http://wqq.xyj0772.com/app/index.php?i=2&j=2&c=entry&rid=20&do=photosvoteview&m=fm_photosvote&from=click]]></EventKey>
<MenuId>408121384</MenuId>
</xml>

2016-05-31 19:14:04 params :
------------
Array:
rule : -2 ;
module :  ;
message : Array ;

2016-05-31 19:14:04 response :
------------

2016-05-31 19:15:10 trace :
------------
String:
<xml><ToUserName><![CDATA[gh_371dfdf2ba7a]]></ToUserName>
<FromUserName><![CDATA[oe632wLL7TbETum17nCSC33zSMY4]]></FromUserName>
<CreateTime>1464693301</CreateTime>
<MsgType><![CDATA[event]]></MsgType>
<Event><![CDATA[VIEW]]></Event>
<EventKey><![CDATA[http://wqq.xyj0772.com/app/index.php?i=2&j=2&c=entry&rid=20&do=photosvoteview&m=fm_photosvote&from=click]]></EventKey>
<MenuId>408121384</MenuId>
</xml>

2016-05-31 19:15:11 params :
------------
Array:
rule : -2 ;
module :  ;
message : Array ;

2016-05-31 19:15:11 response :
------------

2016-05-31 19:15:11 trace :
------------
String:
<xml><ToUserName><![CDATA[gh_371dfdf2ba7a]]></ToUserName>
<FromUserName><![CDATA[oe632wNBRrJVg1N-WCOMQLAp65SY]]></FromUserName>
<CreateTime>1464693301</CreateTime>
<MsgType><![CDATA[event]]></MsgType>
<Event><![CDATA[VIEW]]></Event>
<EventKey><![CDATA[http://wqq.xyj0772.com/app/index.php?i=2&j=2&c=entry&rid=20&do=photosvoteview&m=fm_photosvote&from=click]]></EventKey>
<MenuId>408121384</MenuId>
</xml>

2016-05-31 19:15:11 params :
------------
Array:
rule : -2 ;
module :  ;
message : Array ;

2016-05-31 19:15:11 response :
------------

2016-05-31 19:16:25 trace :
------------
String:
<xml><ToUserName><![CDATA[gh_371dfdf2ba7a]]></ToUserName>
<FromUserName><![CDATA[oe632wBY9kc04gHoHmG74_7NDCns]]></FromUserName>
<CreateTime>1464693375</CreateTime>
<MsgType><![CDATA[event]]></MsgType>
<Event><![CDATA[subscribe]]></Event>
<EventKey><![CDATA[]]></EventKey>
</xml>

2016-05-31 19:16:25 params :
------------
Array:
rule : -2 ;
module :  ;
message : Array ;

2016-05-31 19:16:25 response :
------------

2016-05-31 19:16:28 trace :
------------
String:
<xml><ToUserName><![CDATA[gh_371dfdf2ba7a]]></ToUserName>
<FromUserName><![CDATA[oe632wBY9kc04gHoHmG74_7NDCns]]></FromUserName>
<CreateTime>1464693378</CreateTime>
<MsgType><![CDATA[event]]></MsgType>
<Event><![CDATA[VIEW]]></Event>
<EventKey><![CDATA[http://wqq.xyj0772.com/app/index.php?i=2&j=2&c=entry&rid=20&do=photosvoteview&m=fm_photosvote&from=click]]></EventKey>
<MenuId>408121384</MenuId>
</xml>

2016-05-31 19:16:28 params :
------------
Array:
rule : -2 ;
module :  ;
message : Array ;

2016-05-31 19:16:28 response :
------------

2016-05-31 19:16:51 trace :
------------
String:
<xml><ToUserName><![CDATA[gh_371dfdf2ba7a]]></ToUserName>
<FromUserName><![CDATA[oe632wNBRrJVg1N-WCOMQLAp65SY]]></FromUserName>
<CreateTime>1464693401</CreateTime>
<MsgType><![CDATA[event]]></MsgType>
<Event><![CDATA[VIEW]]></Event>
<EventKey><![CDATA[http://wqq.xyj0772.com/app/index.php?i=2&j=2&c=entry&rid=20&do=photosvoteview&m=fm_photosvote&from=click]]></EventKey>
<MenuId>408121384</MenuId>
</xml>

2016-05-31 19:16:51 params :
------------
Array:
rule : -2 ;
module :  ;
message : Array ;

2016-05-31 19:16:51 response :
------------

2016-05-31 19:17:30 trace :
------------
String:
<xml><ToUserName><![CDATA[gh_371dfdf2ba7a]]></ToUserName>
<FromUserName><![CDATA[oe632wLL7TbETum17nCSC33zSMY4]]></FromUserName>
<CreateTime>1464693439</CreateTime>
<MsgType><![CDATA[event]]></MsgType>
<Event><![CDATA[VIEW]]></Event>
<EventKey><![CDATA[http://wqq.xyj0772.com/app/index.php?i=2&j=2&c=entry&rid=20&do=photosvoteview&m=fm_photosvote&from=click]]></EventKey>
<MenuId>408121384</MenuId>
</xml>

2016-05-31 19:17:30 params :
------------
Array:
rule : -2 ;
module :  ;
message : Array ;

2016-05-31 19:17:30 response :
------------

2016-05-31 19:17:39 trace :
------------
String:
<xml><ToUserName><![CDATA[gh_371dfdf2ba7a]]></ToUserName>
<FromUserName><![CDATA[oe632wBY9kc04gHoHmG74_7NDCns]]></FromUserName>
<CreateTime>1464693449</CreateTime>
<MsgType><![CDATA[text]]></MsgType>
<Content><![CDATA[http://wqq.xyj0772.com/app/index.php?i=2&c=entry&rid=20&tfrom_user=om_6jt0mq0SXwqYbKTteo5rulNco&do=tuser&m=fm_photosvote]]></Content>
<MsgId>6290810462528595495</MsgId>
</xml>

2016-05-31 19:17:39 params :
------------
Array:
rule : -2 ;
module :  ;
message : Array ;

2016-05-31 19:17:39 response :
------------

2016-05-31 19:18:11 trace :
------------
String:
<xml><ToUserName><![CDATA[gh_371dfdf2ba7a]]></ToUserName>
<FromUserName><![CDATA[oe632wAb_iK9eyemvUUCLktBScDI]]></FromUserName>
<CreateTime>1464693480</CreateTime>
<MsgType><![CDATA[event]]></MsgType>
<Event><![CDATA[unsubscribe]]></Event>
<EventKey><![CDATA[]]></EventKey>
</xml>

2016-05-31 19:18:54 trace :
------------
String:
<xml><ToUserName><![CDATA[gh_371dfdf2ba7a]]></ToUserName>
<FromUserName><![CDATA[oe632wBY9kc04gHoHmG74_7NDCns]]></FromUserName>
<CreateTime>1464693522</CreateTime>
<MsgType><![CDATA[event]]></MsgType>
<Event><![CDATA[VIEW]]></Event>
<EventKey><![CDATA[http://wqq.xyj0772.com/app/index.php?i=2&j=2&c=entry&rid=20&do=photosvoteview&m=fm_photosvote&from=click]]></EventKey>
<MenuId>408121384</MenuId>
</xml>

2016-05-31 19:18:54 params :
------------
Array:
rule : -2 ;
module :  ;
message : Array ;

2016-05-31 19:18:54 response :
------------

2016-05-31 19:19:40 trace :
------------
String:
<xml><ToUserName><![CDATA[gh_371dfdf2ba7a]]></ToUserName>
<FromUserName><![CDATA[oe632wBY9kc04gHoHmG74_7NDCns]]></FromUserName>
<CreateTime>1464693568</CreateTime>
<MsgType><![CDATA[event]]></MsgType>
<Event><![CDATA[VIEW]]></Event>
<EventKey><![CDATA[http://wqq.xyj0772.com/app/index.php?i=2&j=2&c=entry&rid=20&do=photosvoteview&m=fm_photosvote&from=click]]></EventKey>
<MenuId>408121384</MenuId>
</xml>

2016-05-31 19:19:40 params :
------------
Array:
rule : -2 ;
module :  ;
message : Array ;

2016-05-31 19:19:40 response :
------------

2016-05-31 19:19:47 trace :
------------
String:
<xml><ToUserName><![CDATA[gh_371dfdf2ba7a]]></ToUserName>
<FromUserName><![CDATA[oe632wNBRrJVg1N-WCOMQLAp65SY]]></FromUserName>
<CreateTime>1464693574</CreateTime>
<MsgType><![CDATA[event]]></MsgType>
<Event><![CDATA[VIEW]]></Event>
<EventKey><![CDATA[http://wqq.xyj0772.com/app/index.php?i=2&j=2&c=entry&rid=20&do=photosvoteview&m=fm_photosvote&from=click]]></EventKey>
<MenuId>408121384</MenuId>
</xml>

2016-05-31 19:19:47 params :
------------
Array:
rule : -2 ;
module :  ;
message : Array ;

2016-05-31 19:19:47 response :
------------

2016-05-31 19:21:18 trace :
------------
String:
<xml><ToUserName><![CDATA[gh_371dfdf2ba7a]]></ToUserName>
<FromUserName><![CDATA[oe632wKuZzefN58OyN0ph9RJiLNw]]></FromUserName>
<CreateTime>1464693665</CreateTime>
<MsgType><![CDATA[event]]></MsgType>
<Event><![CDATA[VIEW]]></Event>
<EventKey><![CDATA[http://wqq.xyj0772.com/app/index.php?i=2&j=2&c=entry&rid=20&do=photosvoteview&m=fm_photosvote&from=click]]></EventKey>
<MenuId>408121384</MenuId>
</xml>

2016-05-31 19:21:18 params :
------------
Array:
rule : -2 ;
module :  ;
message : Array ;

2016-05-31 19:21:18 response :
------------

2016-05-31 19:21:29 trace :
------------
String:
<xml><ToUserName><![CDATA[gh_371dfdf2ba7a]]></ToUserName>
<FromUserName><![CDATA[oe632wLL7TbETum17nCSC33zSMY4]]></FromUserName>
<CreateTime>1464693675</CreateTime>
<MsgType><![CDATA[event]]></MsgType>
<Event><![CDATA[VIEW]]></Event>
<EventKey><![CDATA[http://wqq.xyj0772.com/app/index.php?i=2&j=2&c=entry&rid=20&do=photosvoteview&m=fm_photosvote&from=click]]></EventKey>
<MenuId>408121384</MenuId>
</xml>

2016-05-31 19:21:29 params :
------------
Array:
rule : -2 ;
module :  ;
message : Array ;

2016-05-31 19:21:29 response :
------------

2016-05-31 19:21:54 trace :
------------
String:
<xml><ToUserName><![CDATA[gh_371dfdf2ba7a]]></ToUserName>
<FromUserName><![CDATA[oe632wKuZzefN58OyN0ph9RJiLNw]]></FromUserName>
<CreateTime>1464693700</CreateTime>
<MsgType><![CDATA[event]]></MsgType>
<Event><![CDATA[VIEW]]></Event>
<EventKey><![CDATA[http://wqq.xyj0772.com/app/index.php?i=2&j=2&c=entry&rid=20&do=photosvoteview&m=fm_photosvote&from=click]]></EventKey>
<MenuId>408121384</MenuId>
</xml>

2016-05-31 19:21:54 params :
------------
Array:
rule : -2 ;
module :  ;
message : Array ;

2016-05-31 19:21:54 response :
------------

2016-05-31 19:22:49 trace :
------------
String:
<xml><ToUserName><![CDATA[gh_371dfdf2ba7a]]></ToUserName>
<FromUserName><![CDATA[oe632wKuZzefN58OyN0ph9RJiLNw]]></FromUserName>
<CreateTime>1464693755</CreateTime>
<MsgType><![CDATA[event]]></MsgType>
<Event><![CDATA[VIEW]]></Event>
<EventKey><![CDATA[http://wqq.xyj0772.com/app/index.php?i=4&c=mc&]]></EventKey>
<MenuId>408121384</MenuId>
</xml>

2016-05-31 19:22:49 params :
------------
Array:
rule : -2 ;
module :  ;
message : Array ;

2016-05-31 19:22:49 response :
------------

2016-05-31 19:22:51 trace :
------------
String:
<xml><ToUserName><![CDATA[gh_371dfdf2ba7a]]></ToUserName>
<FromUserName><![CDATA[oe632wKuZzefN58OyN0ph9RJiLNw]]></FromUserName>
<CreateTime>1464693757</CreateTime>
<MsgType><![CDATA[event]]></MsgType>
<Event><![CDATA[VIEW]]></Event>
<EventKey><![CDATA[http://wqq.xyj0772.com/app/index.php?i=4&c=mc&]]></EventKey>
<MenuId>408121384</MenuId>
</xml>

2016-05-31 19:22:51 params :
------------
Array:
rule : -2 ;
module :  ;
message : Array ;

2016-05-31 19:22:51 response :
------------

2016-05-31 19:22:54 trace :
------------
String:
<xml><ToUserName><![CDATA[gh_371dfdf2ba7a]]></ToUserName>
<FromUserName><![CDATA[oe632wKuZzefN58OyN0ph9RJiLNw]]></FromUserName>
<CreateTime>1464693760</CreateTime>
<MsgType><![CDATA[event]]></MsgType>
<Event><![CDATA[VIEW]]></Event>
<EventKey><![CDATA[http://wqq.xyj0772.com/app/index.php?i=4&c=mc&]]></EventKey>
<MenuId>408121384</MenuId>
</xml>

2016-05-31 19:22:54 params :
------------
Array:
rule : -2 ;
module :  ;
message : Array ;

2016-05-31 19:22:54 response :
------------

2016-05-31 19:22:56 trace :
------------
String:
<xml><ToUserName><![CDATA[gh_371dfdf2ba7a]]></ToUserName>
<FromUserName><![CDATA[oe632wKuZzefN58OyN0ph9RJiLNw]]></FromUserName>
<CreateTime>1464693762</CreateTime>
<MsgType><![CDATA[event]]></MsgType>
<Event><![CDATA[VIEW]]></Event>
<EventKey><![CDATA[http://wqq.xyj0772.com/app/index.php?i=2&j=2&c=entry&rid=20&do=photosvoteview&m=fm_photosvote&from=click]]></EventKey>
<MenuId>408121384</MenuId>
</xml>

2016-05-31 19:22:56 params :
------------
Array:
rule : -2 ;
module :  ;
message : Array ;

2016-05-31 19:22:56 response :
------------

2016-05-31 19:59:41 trace :
------------
String:
<xml><ToUserName><![CDATA[gh_371dfdf2ba7a]]></ToUserName>
<FromUserName><![CDATA[oe632wNBRrJVg1N-WCOMQLAp65SY]]></FromUserName>
<CreateTime>1464695954</CreateTime>
<MsgType><![CDATA[event]]></MsgType>
<Event><![CDATA[VIEW]]></Event>
<EventKey><![CDATA[http://wqq.xyj0772.com/app/index.php?i=2&j=2&c=entry&rid=20&do=photosvoteview&m=fm_photosvote&from=click]]></EventKey>
<MenuId>408121384</MenuId>
</xml>

2016-05-31 19:59:41 params :
------------
Array:
rule : -2 ;
module :  ;
message : Array ;

2016-05-31 19:59:41 response :
------------

2016-05-31 19:59:57 trace :
------------
String:
<xml><ToUserName><![CDATA[gh_371dfdf2ba7a]]></ToUserName>
<FromUserName><![CDATA[oe632wLL7TbETum17nCSC33zSMY4]]></FromUserName>
<CreateTime>1464695970</CreateTime>
<MsgType><![CDATA[event]]></MsgType>
<Event><![CDATA[VIEW]]></Event>
<EventKey><![CDATA[http://wqq.xyj0772.com/app/index.php?i=2&j=2&c=entry&rid=20&do=photosvoteview&m=fm_photosvote&from=click]]></EventKey>
<MenuId>408121384</MenuId>
</xml>

2016-05-31 19:59:57 params :
------------
Array:
rule : -2 ;
module :  ;
message : Array ;

2016-05-31 19:59:57 response :
------------

2016-05-31 20:01:59 trace :
------------
String:
<xml><ToUserName><![CDATA[gh_371dfdf2ba7a]]></ToUserName>
<FromUserName><![CDATA[oe632wKdA4OH_mZCmvXIAVuGyzrQ]]></FromUserName>
<CreateTime>1464696090</CreateTime>
<MsgType><![CDATA[event]]></MsgType>
<Event><![CDATA[subscribe]]></Event>
<EventKey><![CDATA[]]></EventKey>
</xml>

2016-05-31 20:01:59 params :
------------
Array:
rule : -2 ;
module :  ;
message : Array ;

2016-05-31 20:01:59 response :
------------

2016-05-31 20:02:12 trace :
------------
String:
<xml><ToUserName><![CDATA[gh_371dfdf2ba7a]]></ToUserName>
<FromUserName><![CDATA[oe632wKdA4OH_mZCmvXIAVuGyzrQ]]></FromUserName>
<CreateTime>1464696103</CreateTime>
<MsgType><![CDATA[event]]></MsgType>
<Event><![CDATA[VIEW]]></Event>
<EventKey><![CDATA[http://wqq.xyj0772.com/app/index.php?i=2&j=2&c=entry&rid=20&do=photosvoteview&m=fm_photosvote&from=click]]></EventKey>
<MenuId>408121384</MenuId>
</xml>

2016-05-31 20:02:12 params :
------------
Array:
rule : -2 ;
module :  ;
message : Array ;

2016-05-31 20:02:12 response :
------------

2016-05-31 20:06:00 trace :
------------
String:
<xml><ToUserName><![CDATA[gh_371dfdf2ba7a]]></ToUserName>
<FromUserName><![CDATA[oe632wLL7TbETum17nCSC33zSMY4]]></FromUserName>
<CreateTime>1464696329</CreateTime>
<MsgType><![CDATA[event]]></MsgType>
<Event><![CDATA[VIEW]]></Event>
<EventKey><![CDATA[http://wqq.xyj0772.com/app/index.php?i=2&j=2&c=entry&rid=20&do=photosvoteview&m=fm_photosvote&from=click]]></EventKey>
<MenuId>408121384</MenuId>
</xml>

2016-05-31 20:06:00 params :
------------
Array:
rule : -2 ;
module :  ;
message : Array ;

2016-05-31 20:06:00 response :
------------

2016-05-31 20:06:01 trace :
------------
String:
<xml><ToUserName><![CDATA[gh_371dfdf2ba7a]]></ToUserName>
<FromUserName><![CDATA[oe632wNBRrJVg1N-WCOMQLAp65SY]]></FromUserName>
<CreateTime>1464696330</CreateTime>
<MsgType><![CDATA[event]]></MsgType>
<Event><![CDATA[VIEW]]></Event>
<EventKey><![CDATA[http://wqq.xyj0772.com/app/index.php?i=2&j=2&c=entry&rid=20&do=photosvoteview&m=fm_photosvote&from=click]]></EventKey>
<MenuId>408121384</MenuId>
</xml>

2016-05-31 20:06:01 params :
------------
Array:
rule : -2 ;
module :  ;
message : Array ;

2016-05-31 20:06:01 response :
------------

2016-05-31 20:50:16 trace :
------------
String:
<xml><ToUserName><![CDATA[gh_371dfdf2ba7a]]></ToUserName>
<FromUserName><![CDATA[oe632wELpgJXikNb2kTeB0xr5Fw4]]></FromUserName>
<CreateTime>1464698969</CreateTime>
<MsgType><![CDATA[event]]></MsgType>
<Event><![CDATA[VIEW]]></Event>
<EventKey><![CDATA[http://wqq.xyj0772.com/app/index.php?i=2&j=2&c=entry&rid=20&do=photosvoteview&m=fm_photosvote&from=click]]></EventKey>
<MenuId>408121384</MenuId>
</xml>

2016-05-31 20:50:16 params :
------------
Array:
rule : -2 ;
module :  ;
message : Array ;

2016-05-31 20:50:16 response :
------------

2016-05-31 20:51:06 trace :
------------
String:
<xml><ToUserName><![CDATA[gh_371dfdf2ba7a]]></ToUserName>
<FromUserName><![CDATA[oe632wKdA4OH_mZCmvXIAVuGyzrQ]]></FromUserName>
<CreateTime>1464699019</CreateTime>
<MsgType><![CDATA[event]]></MsgType>
<Event><![CDATA[VIEW]]></Event>
<EventKey><![CDATA[http://wqq.xyj0772.com/app/index.php?i=2&j=2&c=entry&rid=20&do=photosvoteview&m=fm_photosvote&from=click]]></EventKey>
<MenuId>408121384</MenuId>
</xml>

2016-05-31 20:51:06 params :
------------
Array:
rule : -2 ;
module :  ;
message : Array ;

2016-05-31 20:51:06 response :
------------

2016-05-31 20:51:56 trace :
------------
String:
<xml><ToUserName><![CDATA[gh_371dfdf2ba7a]]></ToUserName>
<FromUserName><![CDATA[oe632wKdA4OH_mZCmvXIAVuGyzrQ]]></FromUserName>
<CreateTime>1464699069</CreateTime>
<MsgType><![CDATA[event]]></MsgType>
<Event><![CDATA[VIEW]]></Event>
<EventKey><![CDATA[http://wqq.xyj0772.com/app/index.php?i=2&j=2&c=entry&rid=20&do=photosvoteview&m=fm_photosvote&from=click]]></EventKey>
<MenuId>408121384</MenuId>
</xml>

2016-05-31 20:51:56 params :
------------
Array:
rule : -2 ;
module :  ;
message : Array ;

2016-05-31 20:51:56 response :
------------

2016-05-31 20:52:15 trace :
------------
String:
<xml><ToUserName><![CDATA[gh_371dfdf2ba7a]]></ToUserName>
<FromUserName><![CDATA[oe632wKdA4OH_mZCmvXIAVuGyzrQ]]></FromUserName>
<CreateTime>1464699087</CreateTime>
<MsgType><![CDATA[event]]></MsgType>
<Event><![CDATA[VIEW]]></Event>
<EventKey><![CDATA[http://dede.vlldoo.com/down.aspx]]></EventKey>
<MenuId>408121384</MenuId>
</xml>

2016-05-31 20:52:15 params :
------------
Array:
rule : -2 ;
module :  ;
message : Array ;

2016-05-31 20:52:15 response :
------------

2016-05-31 21:18:40 trace :
------------
String:
<xml><ToUserName><![CDATA[gh_371dfdf2ba7a]]></ToUserName>
<FromUserName><![CDATA[oe632wKmLVayKVE80M-enslPHQbY]]></FromUserName>
<CreateTime>1464700661</CreateTime>
<MsgType><![CDATA[event]]></MsgType>
<Event><![CDATA[VIEW]]></Event>
<EventKey><![CDATA[http://wqq.xyj0772.com/app/index.php?i=2&j=2&c=entry&rid=20&do=photosvoteview&m=fm_photosvote&from=click]]></EventKey>
<MenuId>408121384</MenuId>
</xml>

2016-05-31 21:18:40 params :
------------
Array:
rule : -2 ;
module :  ;
message : Array ;

2016-05-31 21:18:40 response :
------------

2016-05-31 22:07:56 trace :
------------
String:
<xml><ToUserName><![CDATA[gh_371dfdf2ba7a]]></ToUserName>
<FromUserName><![CDATA[oe632wNBRrJVg1N-WCOMQLAp65SY]]></FromUserName>
<CreateTime>1464703669</CreateTime>
<MsgType><![CDATA[event]]></MsgType>
<Event><![CDATA[VIEW]]></Event>
<EventKey><![CDATA[http://wqq.xyj0772.com/app/index.php?i=2&j=2&c=entry&rid=20&do=photosvoteview&m=fm_photosvote&from=click]]></EventKey>
<MenuId>408121384</MenuId>
</xml>

2016-05-31 22:07:56 params :
------------
Array:
rule : -2 ;
module :  ;
message : Array ;

2016-05-31 22:07:56 response :
------------

2016-05-31 22:15:35 trace :
------------
String:
<xml><ToUserName><![CDATA[gh_371dfdf2ba7a]]></ToUserName>
<FromUserName><![CDATA[oe632wNBRrJVg1N-WCOMQLAp65SY]]></FromUserName>
<CreateTime>1464704123</CreateTime>
<MsgType><![CDATA[event]]></MsgType>
<Event><![CDATA[VIEW]]></Event>
<EventKey><![CDATA[http://wqq.xyj0772.com/app/index.php?i=2&j=2&c=entry&rid=20&do=photosvoteview&m=fm_photosvote&from=click]]></EventKey>
<MenuId>408121384</MenuId>
</xml>

2016-05-31 22:15:35 params :
------------
Array:
rule : -2 ;
module :  ;
message : Array ;

2016-05-31 22:15:35 response :
------------

2016-05-31 22:29:12 trace :
------------
String:
<xml><ToUserName><![CDATA[gh_339b357d6bcb]]></ToUserName>
<FromUserName><![CDATA[oq5x0uC8AIcxLlLHAx51TI0OCzi0]]></FromUserName>
<CreateTime>1464704935</CreateTime>
<MsgType><![CDATA[event]]></MsgType>
<Event><![CDATA[subscribe]]></Event>
<EventKey><![CDATA[]]></EventKey>
</xml>

2016-05-31 22:29:12 params :
------------
Array:
message : Array ;
module : ewei_vote ;
rule : 19 ;
priority : 0 ;
keyword : Array ;

2016-05-31 22:29:12 response :
------------
Array:
FromUserName : gh_339b357d6bcb ;
ToUserName : oq5x0uC8AIcxLlLHAx51TI0OCzi0 ;
MsgType : news ;
ArticleCount : 1 ;
Articles : Array ;

2016-05-31 22:44:02 trace :
------------
String:
<xml><ToUserName><![CDATA[gh_371dfdf2ba7a]]></ToUserName>
<FromUserName><![CDATA[oe632wHLz_hisUNvfexRS4vPZvcs]]></FromUserName>
<CreateTime>1464705836</CreateTime>
<MsgType><![CDATA[event]]></MsgType>
<Event><![CDATA[VIEW]]></Event>
<EventKey><![CDATA[http://wqq.xyj0772.com/app/index.php?i=2&j=2&c=entry&rid=20&do=photosvoteview&m=fm_photosvote&from=click]]></EventKey>
<MenuId>408121384</MenuId>
</xml>

2016-05-31 22:44:02 params :
------------
Array:
rule : -2 ;
module :  ;
message : Array ;

2016-05-31 22:44:02 response :
------------

2016-05-31 22:46:18 trace :
------------
String:
<xml><ToUserName><![CDATA[gh_371dfdf2ba7a]]></ToUserName>
<FromUserName><![CDATA[oe632wLL7TbETum17nCSC33zSMY4]]></FromUserName>
<CreateTime>1464705972</CreateTime>
<MsgType><![CDATA[event]]></MsgType>
<Event><![CDATA[VIEW]]></Event>
<EventKey><![CDATA[http://wqq.xyj0772.com/app/index.php?i=2&j=2&c=entry&rid=20&do=photosvoteview&m=fm_photosvote&from=click]]></EventKey>
<MenuId>408121384</MenuId>
</xml>

2016-05-31 22:46:18 params :
------------
Array:
rule : -2 ;
module :  ;
message : Array ;

2016-05-31 22:46:18 response :
------------

2016-05-31 22:46:26 trace :
------------
String:
<xml><ToUserName><![CDATA[gh_371dfdf2ba7a]]></ToUserName>
<FromUserName><![CDATA[oe632wKuZzefN58OyN0ph9RJiLNw]]></FromUserName>
<CreateTime>1464705980</CreateTime>
<MsgType><![CDATA[event]]></MsgType>
<Event><![CDATA[VIEW]]></Event>
<EventKey><![CDATA[http://wqq.xyj0772.com/app/index.php?i=2&j=2&c=entry&rid=20&do=photosvoteview&m=fm_photosvote&from=click]]></EventKey>
<MenuId>408121384</MenuId>
</xml>

2016-05-31 22:46:26 params :
------------
Array:
rule : -2 ;
module :  ;
message : Array ;

2016-05-31 22:46:26 response :
------------

2016-05-31 22:48:11 trace :
------------
String:
<xml><ToUserName><![CDATA[gh_339b357d6bcb]]></ToUserName>
<FromUserName><![CDATA[oq5x0uH6e9sdiqrKX6rhtqIr8E3Q]]></FromUserName>
<CreateTime>1464706084</CreateTime>
<MsgType><![CDATA[event]]></MsgType>
<Event><![CDATA[unsubscribe]]></Event>
<EventKey><![CDATA[]]></EventKey>
</xml>

2016-05-31 22:52:58 trace :
------------
String:
<xml><ToUserName><![CDATA[gh_339b357d6bcb]]></ToUserName>
<FromUserName><![CDATA[oq5x0uDX-xCl8r3Zo1BgJ-M8sAEw]]></FromUserName>
<CreateTime>1464706369</CreateTime>
<MsgType><![CDATA[event]]></MsgType>
<Event><![CDATA[subscribe]]></Event>
<EventKey><![CDATA[]]></EventKey>
</xml>

2016-05-31 22:52:58 params :
------------
Array:
message : Array ;
module : ewei_vote ;
rule : 19 ;
priority : 0 ;
keyword : Array ;

2016-05-31 22:52:58 response :
------------
Array:
FromUserName : gh_339b357d6bcb ;
ToUserName : oq5x0uDX-xCl8r3Zo1BgJ-M8sAEw ;
MsgType : news ;
ArticleCount : 1 ;
Articles : Array ;

2016-05-31 23:17:18 trace :
------------
String:
<xml><ToUserName><![CDATA[gh_339b357d6bcb]]></ToUserName>
<FromUserName><![CDATA[oq5x0uHrq2A9fpL3oUqGlOLgDe-E]]></FromUserName>
<CreateTime>1464707820</CreateTime>
<MsgType><![CDATA[event]]></MsgType>
<Event><![CDATA[subscribe]]></Event>
<EventKey><![CDATA[]]></EventKey>
</xml>

2016-05-31 23:17:18 params :
------------
Array:
message : Array ;
module : ewei_vote ;
rule : 19 ;
priority : 0 ;
keyword : Array ;

2016-05-31 23:17:18 response :
------------
Array:
FromUserName : gh_339b357d6bcb ;
ToUserName : oq5x0uHrq2A9fpL3oUqGlOLgDe-E ;
MsgType : news ;
ArticleCount : 1 ;
Articles : Array ;

2016-05-31 23:34:14 trace :
------------
String:
<xml><ToUserName><![CDATA[gh_371dfdf2ba7a]]></ToUserName>
<FromUserName><![CDATA[oe632wJqyscyKYsUMk6SxvZ4MWig]]></FromUserName>
<CreateTime>1464708852</CreateTime>
<MsgType><![CDATA[event]]></MsgType>
<Event><![CDATA[subscribe]]></Event>
<EventKey><![CDATA[]]></EventKey>
</xml>

2016-05-31 23:34:14 params :
------------
Array:
rule : -2 ;
module :  ;
message : Array ;

2016-05-31 23:34:14 response :
------------

2016-05-31 23:34:27 trace :
------------
String:
<xml><ToUserName><![CDATA[gh_371dfdf2ba7a]]></ToUserName>
<FromUserName><![CDATA[oe632wJqyscyKYsUMk6SxvZ4MWig]]></FromUserName>
<CreateTime>1464708866</CreateTime>
<MsgType><![CDATA[text]]></MsgType>
<Content><![CDATA[投票]]></Content>
<MsgId>6290876678039400227</MsgId>
</xml>

2016-05-31 23:34:27 params :
------------
Array:
message : Array ;
module : fm_photosvote ;
rule : 22 ;
priority : 0 ;
keyword : Array ;

2016-05-31 23:34:27 response :
------------
Array:
FromUserName : gh_371dfdf2ba7a ;
ToUserName : oe632wJqyscyKYsUMk6SxvZ4MWig ;
MsgType : news ;
ArticleCount : 1 ;
Articles : Array ;

2016-05-31 23:34:55 trace :
------------
String:
<xml><ToUserName><![CDATA[gh_371dfdf2ba7a]]></ToUserName>
<FromUserName><![CDATA[oe632wJqyscyKYsUMk6SxvZ4MWig]]></FromUserName>
<CreateTime>1464708894</CreateTime>
<MsgType><![CDATA[event]]></MsgType>
<Event><![CDATA[unsubscribe]]></Event>
<EventKey><![CDATA[]]></EventKey>
</xml>

