2016-05-12 09:02:42 trace :
------------
String:
<xml><ToUserName><![CDATA[gh_d5c808a7666e]]></ToUserName>
<FromUserName><![CDATA[om_6jtwK1SqXYxH3qyYgABWGiCR4]]></FromUserName>
<CreateTime>1463014959</CreateTime>
<MsgType><![CDATA[event]]></MsgType>
<Event><![CDATA[LOCATION]]></Event>
<Latitude>24.307465</Latitude>
<Longitude>109.403107</Longitude>
<Precision>65.000000</Precision>
</xml>

2016-05-12 09:02:42 params :
------------
Array:
message : Array ;
module : default ;
rule : -1 ;

2016-05-12 09:02:42 response :
------------
Array:
errno : -1 ;
message : Invaild value ;

2016-05-12 09:02:44 trace :
------------
String:
<xml><ToUserName><![CDATA[gh_d5c808a7666e]]></ToUserName>
<FromUserName><![CDATA[om_6jtwK1SqXYxH3qyYgABWGiCR4]]></FromUserName>
<CreateTime>1463014962</CreateTime>
<MsgType><![CDATA[event]]></MsgType>
<Event><![CDATA[VIEW]]></Event>
<EventKey><![CDATA[http://wqq.xyj0772.com/app/index.php?i=2&c=entry&eid=512]]></EventKey>
<MenuId>404102035</MenuId>
</xml>

2016-05-12 09:02:44 params :
------------
Array:
rule : -2 ;
module :  ;
message : Array ;

2016-05-12 09:02:44 response :
------------

2016-05-12 09:03:32 trace :
------------
String:
<xml><ToUserName><![CDATA[gh_d5c808a7666e]]></ToUserName>
<FromUserName><![CDATA[om_6jtwK1SqXYxH3qyYgABWGiCR4]]></FromUserName>
<CreateTime>1463015010</CreateTime>
<MsgType><![CDATA[event]]></MsgType>
<Event><![CDATA[VIEW]]></Event>
<EventKey><![CDATA[http://wqq.xyj0772.com/app/index.php?i=2&c=entry&eid=512]]></EventKey>
<MenuId>404102035</MenuId>
</xml>

2016-05-12 09:03:32 params :
------------
Array:
rule : -2 ;
module :  ;
message : Array ;

2016-05-12 09:03:32 response :
------------

2016-05-12 09:03:46 trace :
------------
String:
<xml><ToUserName><![CDATA[gh_d5c808a7666e]]></ToUserName>
<FromUserName><![CDATA[om_6jtwK1SqXYxH3qyYgABWGiCR4]]></FromUserName>
<CreateTime>1463015023</CreateTime>
<MsgType><![CDATA[event]]></MsgType>
<Event><![CDATA[CLICK]]></Event>
<EventKey><![CDATA[花店海报]]></EventKey>
</xml>

2016-05-12 09:04:26 trace :
------------
String:
<xml><ToUserName><![CDATA[gh_d5c808a7666e]]></ToUserName>
<FromUserName><![CDATA[om_6jtwK1SqXYxH3qyYgABWGiCR4]]></FromUserName>
<CreateTime>1463015062</CreateTime>
<MsgType><![CDATA[event]]></MsgType>
<Event><![CDATA[VIEW]]></Event>
<EventKey><![CDATA[http://wqq.xyj0772.com/app/index.php?i=2&c=entry&method=register&p=commission&m=ewei_shop&do=plugin]]></EventKey>
<MenuId>404102035</MenuId>
</xml>

2016-05-12 09:04:26 params :
------------
Array:
rule : -2 ;
module :  ;
message : Array ;

2016-05-12 09:04:26 response :
------------

2016-05-12 09:04:45 trace :
------------
String:
<xml><ToUserName><![CDATA[gh_d5c808a7666e]]></ToUserName>
<FromUserName><![CDATA[om_6jtwK1SqXYxH3qyYgABWGiCR4]]></FromUserName>
<CreateTime>1463015082</CreateTime>
<MsgType><![CDATA[event]]></MsgType>
<Event><![CDATA[VIEW]]></Event>
<EventKey><![CDATA[http://wqq.xyj0772.com/app/index.php?i=2&c=entry&method=register&p=commission&m=ewei_shop&do=plugin]]></EventKey>
<MenuId>404102035</MenuId>
</xml>

2016-05-12 09:04:45 params :
------------
Array:
rule : -2 ;
module :  ;
message : Array ;

2016-05-12 09:04:45 response :
------------

2016-05-12 09:04:54 trace :
------------
String:
<xml><ToUserName><![CDATA[gh_d5c808a7666e]]></ToUserName>
<FromUserName><![CDATA[om_6jtwK1SqXYxH3qyYgABWGiCR4]]></FromUserName>
<CreateTime>1463015091</CreateTime>
<MsgType><![CDATA[event]]></MsgType>
<Event><![CDATA[VIEW]]></Event>
<EventKey><![CDATA[http://wqq.xyj0772.com/app/index.php?i=2&c=entry&eid=512]]></EventKey>
<MenuId>404102035</MenuId>
</xml>

2016-05-12 09:04:54 params :
------------
Array:
rule : -2 ;
module :  ;
message : Array ;

2016-05-12 09:04:54 response :
------------

2016-05-12 09:44:06 trace :
------------
String:
<xml><ToUserName><![CDATA[gh_d5c808a7666e]]></ToUserName>
<FromUserName><![CDATA[om_6jt68FHP9JSRivKAKrExErDEo]]></FromUserName>
<CreateTime>1463017434</CreateTime>
<MsgType><![CDATA[event]]></MsgType>
<Event><![CDATA[LOCATION]]></Event>
<Latitude>24.307850</Latitude>
<Longitude>109.403061</Longitude>
<Precision>40.000000</Precision>
</xml>

2016-05-12 09:44:07 params :
------------
Array:
message : Array ;
module : default ;
rule : -1 ;

2016-05-12 09:44:07 response :
------------
Array:
errno : -1 ;
message : Invaild value ;

2016-05-12 14:56:09 trace :
------------
String:
<xml><ToUserName><![CDATA[gh_d5c808a7666e]]></ToUserName>
<FromUserName><![CDATA[om_6jt2reuXZKpn7S21ogqL9aK0I]]></FromUserName>
<CreateTime>1463036158</CreateTime>
<MsgType><![CDATA[event]]></MsgType>
<Event><![CDATA[WifiConnected]]></Event><ConnectTime>1463036158</ConnectTime><ExpireTime>0</ExpireTime><VendorId><![CDATA[3001224419]]></VendorId><ShopId><![CDATA[7737770]]></ShopId><DeviceNo><![CDATA[70:3a:d8:30:e6:e0]]></DeviceNo></xml>

2016-05-12 14:56:09 params :
------------
Array:
rule : -2 ;
module :  ;
message : Array ;

2016-05-12 14:56:09 response :
------------

2016-05-12 20:39:32 trace :
------------
String:
<xml><ToUserName><![CDATA[gh_d5c808a7666e]]></ToUserName>
<FromUserName><![CDATA[om_6jt_kZYT_nceeo_9SR1k1fqls]]></FromUserName>
<CreateTime>1463056772</CreateTime>
<MsgType><![CDATA[event]]></MsgType>
<Event><![CDATA[VIEW]]></Event>
<EventKey><![CDATA[http://wqq.xyj0772.com/app/index.php?i=2&c=entry&eid=512]]></EventKey>
<MenuId>404102035</MenuId>
</xml>

2016-05-12 20:39:32 params :
------------
Array:
rule : -2 ;
module :  ;
message : Array ;

2016-05-12 20:39:32 response :
------------

2016-05-12 21:02:11 trace :
------------
String:
<xml><ToUserName><![CDATA[gh_d5c808a7666e]]></ToUserName>
<FromUserName><![CDATA[om_6jt3h-aLH1vyX2KetzkGrnz-o]]></FromUserName>
<CreateTime>1463058131</CreateTime>
<MsgType><![CDATA[event]]></MsgType>
<Event><![CDATA[LOCATION]]></Event>
<Latitude>22.579634</Latitude>
<Longitude>108.229675</Longitude>
<Precision>150.000000</Precision>
</xml>

2016-05-12 21:02:11 params :
------------
Array:
message : Array ;
module : default ;
rule : -1 ;

2016-05-12 21:02:11 response :
------------
Array:
errno : -1 ;
message : Invaild value ;

