2016-02-03 08:53:49 trace :
------------
String:
<xml><ToUserName><![CDATA[gh_4a88bcb35142]]></ToUserName>
<FromUserName><![CDATA[oXvf4jkRLS9ba3Rk8f5foSCwKSP8]]></FromUserName>
<CreateTime>1454460829</CreateTime>
<MsgType><![CDATA[event]]></MsgType>
<Event><![CDATA[LOCATION]]></Event>
<Latitude>30.501614</Latitude>
<Longitude>116.818504</Longitude>
<Precision>90.779007</Precision>
</xml>

2016-02-03 08:53:49 params :
------------
Array:
message : Array ;
module : default ;
rule : -1 ;

2016-02-03 08:53:49 response :
------------
Array:
errno : -1 ;
message : Invaild value ;

2016-02-03 11:10:05 trace :
------------
String:
<xml><ToUserName><![CDATA[gh_ba6d5d765f6a]]></ToUserName>
<FromUserName><![CDATA[ojeUgtyykFIKvGSNicPLL2EkKDgE]]></FromUserName>
<CreateTime>1454469005</CreateTime>
<MsgType><![CDATA[event]]></MsgType>
<Event><![CDATA[subscribe]]></Event>
<EventKey><![CDATA[]]></EventKey>
</xml>

2016-02-03 11:10:05 params :
------------
Array:
rule : -2 ;
module :  ;
message : Array ;

2016-02-03 11:10:05 response :
------------

2016-02-03 11:10:09 trace :
------------
String:
<xml><ToUserName><![CDATA[gh_ba6d5d765f6a]]></ToUserName>
<FromUserName><![CDATA[ojeUgtyykFIKvGSNicPLL2EkKDgE]]></FromUserName>
<CreateTime>1454469009</CreateTime>
<MsgType><![CDATA[event]]></MsgType>
<Event><![CDATA[CLICK]]></Event>
<EventKey><![CDATA[商城]]></EventKey>
</xml>

2016-02-03 11:10:09 params :
------------
Array:
rule : -2 ;
module :  ;
message : Array ;

2016-02-03 11:10:09 response :
------------

2016-02-03 11:10:15 trace :
------------
String:
<xml><ToUserName><![CDATA[gh_ba6d5d765f6a]]></ToUserName>
<FromUserName><![CDATA[ojeUgtyykFIKvGSNicPLL2EkKDgE]]></FromUserName>
<CreateTime>1454469015</CreateTime>
<MsgType><![CDATA[event]]></MsgType>
<Event><![CDATA[CLICK]]></Event>
<EventKey><![CDATA[关于我们]]></EventKey>
</xml>

2016-02-03 11:10:15 params :
------------
Array:
rule : -2 ;
module :  ;
message : Array ;

2016-02-03 11:10:15 response :
------------

2016-02-03 11:10:17 trace :
------------
String:
<xml><ToUserName><![CDATA[gh_ba6d5d765f6a]]></ToUserName>
<FromUserName><![CDATA[ojeUgtyykFIKvGSNicPLL2EkKDgE]]></FromUserName>
<CreateTime>1454469017</CreateTime>
<MsgType><![CDATA[event]]></MsgType>
<Event><![CDATA[CLICK]]></Event>
<EventKey><![CDATA[首页]]></EventKey>
</xml>

2016-02-03 11:10:17 params :
------------
Array:
rule : -2 ;
module :  ;
message : Array ;

2016-02-03 11:10:17 response :
------------

2016-02-03 11:10:18 trace :
------------
String:
<xml><ToUserName><![CDATA[gh_ba6d5d765f6a]]></ToUserName>
<FromUserName><![CDATA[ojeUgtyykFIKvGSNicPLL2EkKDgE]]></FromUserName>
<CreateTime>1454469017</CreateTime>
<MsgType><![CDATA[event]]></MsgType>
<Event><![CDATA[CLICK]]></Event>
<EventKey><![CDATA[首页]]></EventKey>
</xml>

2016-02-03 11:10:18 params :
------------
Array:
rule : -2 ;
module :  ;
message : Array ;

2016-02-03 11:10:18 response :
------------

2016-02-03 11:29:25 trace :
------------
String:
<xml><ToUserName><![CDATA[gh_ccbf343b8498]]></ToUserName>
<FromUserName><![CDATA[oc2pYwJ81WH2ibDBare-BJNDF394]]></FromUserName>
<CreateTime>1454470165</CreateTime>
<MsgType><![CDATA[event]]></MsgType>
<Event><![CDATA[subscribe]]></Event>
<EventKey><![CDATA[]]></EventKey>
</xml>

2016-02-03 11:29:25 params :
------------
Array:
rule : -2 ;
module :  ;
message : Array ;

2016-02-03 11:29:25 response :
------------

2016-02-03 11:29:36 trace :
------------
String:
<xml><ToUserName><![CDATA[gh_ccbf343b8498]]></ToUserName>
<FromUserName><![CDATA[oc2pYwJ81WH2ibDBare-BJNDF394]]></FromUserName>
<CreateTime>1454470176</CreateTime>
<MsgType><![CDATA[text]]></MsgType>
<Content><![CDATA[拼团]]></Content>
<MsgId>6246901839330953744</MsgId>
</xml>

2016-02-03 11:29:37 params :
------------
Array:
message : Array ;
module : cover ;
rule : 15 ;
priority : 0 ;
keyword : Array ;

2016-02-03 11:29:37 response :
------------
Array:
FromUserName : gh_ccbf343b8498 ;
ToUserName : oc2pYwJ81WH2ibDBare-BJNDF394 ;
MsgType : news ;
ArticleCount : 1 ;
Articles : Array ;

2016-02-03 11:55:54 trace :
------------
String:
<xml><ToUserName><![CDATA[gh_ccbf343b8498]]></ToUserName>
<FromUserName><![CDATA[oc2pYwPNRFyy2X-rhA9N5lV-pQTM]]></FromUserName>
<CreateTime>1454471754</CreateTime>
<MsgType><![CDATA[event]]></MsgType>
<Event><![CDATA[subscribe]]></Event>
<EventKey><![CDATA[]]></EventKey>
</xml>

2016-02-03 11:55:54 params :
------------
Array:
rule : -2 ;
module :  ;
message : Array ;

2016-02-03 11:55:54 response :
------------

2016-02-03 11:56:07 trace :
------------
String:
<xml><ToUserName><![CDATA[gh_ccbf343b8498]]></ToUserName>
<FromUserName><![CDATA[oc2pYwPNRFyy2X-rhA9N5lV-pQTM]]></FromUserName>
<CreateTime>1454471767</CreateTime>
<MsgType><![CDATA[text]]></MsgType>
<Content><![CDATA[小区]]></Content>
<MsgId>6246908672623922046</MsgId>
</xml>

2016-02-03 11:56:07 params :
------------
Array:
message : Array ;
module : cover ;
rule : 338 ;
priority : 0 ;
keyword : Array ;

2016-02-03 11:56:07 response :
------------
Array:
FromUserName : gh_ccbf343b8498 ;
ToUserName : oc2pYwPNRFyy2X-rhA9N5lV-pQTM ;
MsgType : news ;
ArticleCount : 1 ;
Articles : Array ;

2016-02-03 13:48:02 trace :
------------
String:
<xml><ToUserName><![CDATA[gh_ccbf343b8498]]></ToUserName>
<FromUserName><![CDATA[oc2pYwKHDCkVRfybTwnXSJ16QfCQ]]></FromUserName>
<CreateTime>1454478479</CreateTime>
<MsgType><![CDATA[text]]></MsgType>
<Content><![CDATA[一分钱]]></Content>
<MsgId>6246937500444414171</MsgId>
</xml>

2016-02-03 13:48:02 params :
------------
Array:
message : Array ;
module : cover ;
rule : 361 ;
priority : 0 ;
keyword : Array ;

2016-02-03 13:48:02 response :
------------
Array:
FromUserName : gh_ccbf343b8498 ;
ToUserName : oc2pYwKHDCkVRfybTwnXSJ16QfCQ ;
MsgType : news ;
ArticleCount : 1 ;
Articles : Array ;

2016-02-03 13:50:01 trace :
------------
String:
<xml><ToUserName><![CDATA[gh_ccbf343b8498]]></ToUserName>
<FromUserName><![CDATA[oc2pYwKHDCkVRfybTwnXSJ16QfCQ]]></FromUserName>
<CreateTime>1454478600</CreateTime>
<MsgType><![CDATA[text]]></MsgType>
<Content><![CDATA[jfhb]]></Content>
<MsgId>6246938020135457014</MsgId>
</xml>

2016-02-03 13:50:01 params :
------------
Array:
message : Array ;
module : water_jfhb ;
rule : 368 ;
priority : 0 ;
keyword : Array ;

2016-02-03 13:50:01 response :
------------
Array:
FromUserName : gh_ccbf343b8498 ;
ToUserName : oc2pYwKHDCkVRfybTwnXSJ16QfCQ ;
MsgType : text ;
Content : 活动已经结束 ;

2016-02-03 13:53:18 trace :
------------
String:
<xml><ToUserName><![CDATA[gh_ccbf343b8498]]></ToUserName>
<FromUserName><![CDATA[oc2pYwKHDCkVRfybTwnXSJ16QfCQ]]></FromUserName>
<CreateTime>1454478797</CreateTime>
<MsgType><![CDATA[text]]></MsgType>
<Content><![CDATA[jfhb]]></Content>
<MsgId>6246938866244014366</MsgId>
</xml>

2016-02-03 13:53:18 params :
------------
Array:
rule : -2 ;
module :  ;
message : Array ;

2016-02-03 13:53:18 response :
------------

2016-02-03 13:56:49 trace :
------------
String:
<xml><ToUserName><![CDATA[gh_ccbf343b8498]]></ToUserName>
<FromUserName><![CDATA[oc2pYwKHDCkVRfybTwnXSJ16QfCQ]]></FromUserName>
<CreateTime>1454479009</CreateTime>
<MsgType><![CDATA[text]]></MsgType>
<Content><![CDATA[一分钱]]></Content>
<MsgId>6246939776777081162</MsgId>
</xml>

2016-02-03 13:56:50 params :
------------
Array:
message : Array ;
module : cover ;
rule : 361 ;
priority : 0 ;
keyword : Array ;

2016-02-03 13:56:50 response :
------------
Array:
FromUserName : gh_ccbf343b8498 ;
ToUserName : oc2pYwKHDCkVRfybTwnXSJ16QfCQ ;
MsgType : news ;
ArticleCount : 1 ;
Articles : Array ;

2016-02-03 14:01:13 trace :
------------
String:
<xml><ToUserName><![CDATA[gh_ccbf343b8498]]></ToUserName>
<FromUserName><![CDATA[oc2pYwKHDCkVRfybTwnXSJ16QfCQ]]></FromUserName>
<CreateTime>1454479273</CreateTime>
<MsgType><![CDATA[text]]></MsgType>
<Content><![CDATA[jfhb]]></Content>
<MsgId>6246940910648447368</MsgId>
</xml>

2016-02-03 14:01:13 params :
------------
Array:
rule : -2 ;
module :  ;
message : Array ;

2016-02-03 14:01:13 response :
------------

2016-02-03 14:01:30 trace :
------------
String:
<xml><ToUserName><![CDATA[gh_ccbf343b8498]]></ToUserName>
<FromUserName><![CDATA[oc2pYwKHDCkVRfybTwnXSJ16QfCQ]]></FromUserName>
<CreateTime>1454479287</CreateTime>
<MsgType><![CDATA[text]]></MsgType>
<Content><![CDATA[jfhb]]></Content>
<MsgId>6246940970777989519</MsgId>
</xml>

2016-02-03 14:01:30 params :
------------
Array:
rule : -2 ;
module :  ;
message : Array ;

2016-02-03 14:01:30 response :
------------

2016-02-03 14:05:35 trace :
------------
String:
<xml><ToUserName><![CDATA[gh_4a88bcb35142]]></ToUserName>
<FromUserName><![CDATA[oXvf4jmbIOyXSLzxhY2A8M10lJ2I]]></FromUserName>
<CreateTime>1454479535</CreateTime>
<MsgType><![CDATA[event]]></MsgType>
<Event><![CDATA[LOCATION]]></Event>
<Latitude>29.348143</Latitude>
<Longitude>120.051369</Longitude>
<Precision>150.000000</Precision>
</xml>

2016-02-03 14:05:35 params :
------------
Array:
message : Array ;
module : default ;
rule : -1 ;

2016-02-03 14:05:35 response :
------------
Array:
errno : -1 ;
message : Invaild value ;

2016-02-03 14:05:37 trace :
------------
String:
<xml><ToUserName><![CDATA[gh_4a88bcb35142]]></ToUserName>
<FromUserName><![CDATA[oXvf4jmbIOyXSLzxhY2A8M10lJ2I]]></FromUserName>
<CreateTime>1454479537</CreateTime>
<MsgType><![CDATA[event]]></MsgType>
<Event><![CDATA[VIEW]]></Event>
<EventKey><![CDATA[http://www.wx866.com/app/index.php?i=94&c=entry&p=designer&pageid=5&m=ewei_shop&do=plugin]]></EventKey>
<MenuId>401797536</MenuId>
</xml>

2016-02-03 14:05:37 params :
------------
Array:
rule : -2 ;
module :  ;
message : Array ;

2016-02-03 14:05:37 response :
------------

2016-02-03 14:05:40 trace :
------------
String:
<xml><ToUserName><![CDATA[gh_4a88bcb35142]]></ToUserName>
<FromUserName><![CDATA[oXvf4jmbIOyXSLzxhY2A8M10lJ2I]]></FromUserName>
<CreateTime>1454479539</CreateTime>
<MsgType><![CDATA[event]]></MsgType>
<Event><![CDATA[LOCATION]]></Event>
<Latitude>29.348143</Latitude>
<Longitude>120.051369</Longitude>
<Precision>150.000000</Precision>
</xml>

2016-02-03 14:05:40 params :
------------
Array:
message : Array ;
module : default ;
rule : -1 ;

2016-02-03 14:05:40 response :
------------
Array:
errno : -1 ;
message : Invaild value ;

2016-02-03 16:41:12 trace :
------------
String:
<xml><ToUserName><![CDATA[gh_19f3b98aa3d7]]></ToUserName>
<FromUserName><![CDATA[ouLX4t6Ln1GZP97L0dc3eLnf2k2Q]]></FromUserName>
<CreateTime>1454488871</CreateTime>
<MsgType><![CDATA[event]]></MsgType>
<Event><![CDATA[subscribe]]></Event>
<EventKey><![CDATA[]]></EventKey>
</xml>

2016-02-03 16:41:12 params :
------------
Array:
rule : -2 ;
module :  ;
message : Array ;

2016-02-03 16:41:12 response :
------------

2016-02-03 16:41:19 trace :
------------
String:
<xml><ToUserName><![CDATA[gh_19f3b98aa3d7]]></ToUserName>
<FromUserName><![CDATA[ouLX4t6Ln1GZP97L0dc3eLnf2k2Q]]></FromUserName>
<CreateTime>1454488879</CreateTime>
<MsgType><![CDATA[text]]></MsgType>
<Content><![CDATA[助力]]></Content>
<MsgId>6246982168103213207</MsgId>
</xml>

2016-02-03 16:41:20 params :
------------
Array:
message : Array ;
module : mon_zl ;
rule : 59 ;
priority : 0 ;
keyword : Array ;

2016-02-03 16:41:20 response :
------------
Array:
FromUserName : gh_19f3b98aa3d7 ;
ToUserName : ouLX4t6Ln1GZP97L0dc3eLnf2k2Q ;
MsgType : news ;
ArticleCount : 1 ;
Articles : Array ;

2016-02-03 21:02:27 trace :
------------
String:
<xml><ToUserName><![CDATA[gh_ccbf343b8498]]></ToUserName>
<FromUserName><![CDATA[oc2pYwNPJmnZfqTfqVehbiActO00]]></FromUserName>
<CreateTime>1454504547</CreateTime>
<MsgType><![CDATA[event]]></MsgType>
<Event><![CDATA[subscribe]]></Event>
<EventKey><![CDATA[]]></EventKey>
</xml>

2016-02-03 21:02:27 params :
------------
Array:
rule : -2 ;
module :  ;
message : Array ;

2016-02-03 21:02:27 response :
------------

2016-02-03 21:02:35 trace :
------------
String:
<xml><ToUserName><![CDATA[gh_ccbf343b8498]]></ToUserName>
<FromUserName><![CDATA[oc2pYwNPJmnZfqTfqVehbiActO00]]></FromUserName>
<CreateTime>1454504555</CreateTime>
<MsgType><![CDATA[text]]></MsgType>
<Content><![CDATA[现场]]></Content>
<MsgId>6247049496011633503</MsgId>
</xml>

2016-02-03 21:02:35 params :
------------
Array:
message : Array ;
module : meepo_bigerwall ;
rule : 333 ;
priority : 0 ;
keyword : Array ;

2016-02-03 21:02:35 response :
------------
Array:
FromUserName : gh_ccbf343b8498 ;
ToUserName : oc2pYwNPJmnZfqTfqVehbiActO00 ;
MsgType : text ;
Content : 欢迎进入微信墙，需要录入您的头像，昵称等基本信息！！
<a target="_blank" href="http://www.wx866.com/app/index.php?i=5&c=auth&a=forward&uniacid=5&__auth=eyJvcGVuaWQiOiJvYzJwWXdOUEptblpmcVRmcVZlaGJpQWN0TzAwIiwiYWNpZCI6IjUiLCJ0aW1lIjoxNDU0NTA0NTU1LCJoYXNoIjoiOTVjYjQ3NTc1YjVmY2Q5NWQ1N2E3MjllNzMzZjI2NDEifQ%3D%3D&forward=Li9pbmRleC5waHA%2FaT01JmM9ZW50cnkmcmlkPTMzMyZmcm9tX3VzZXI9b2MycFl3TlBKbW5aZnFUZnFWZWhiaUFjdE8wMCZkbz1vYXV0aDImbT1tZWVwb19iaWdlcndhbGw%3D&wxref=mp.weixin.qq.com#wechat_redirect">点击进入</a> ;

2016-02-03 21:03:31 trace :
------------
String:
<xml><ToUserName><![CDATA[gh_ccbf343b8498]]></ToUserName>
<FromUserName><![CDATA[oc2pYwNPJmnZfqTfqVehbiActO00]]></FromUserName>
<CreateTime>1454504610</CreateTime>
<MsgType><![CDATA[text]]></MsgType>
<Content><![CDATA[/::P]]></Content>
<MsgId>6247049732234834805</MsgId>
</xml>

2016-02-03 21:03:31 params :
------------
Array:
message : Array ;
module : meepo_bigerwall ;
rule : 333 ;
priority : 0 ;
context : 1 ;

2016-02-03 21:03:31 response :
------------
Array:
FromUserName : gh_ccbf343b8498 ;
ToUserName : oc2pYwNPJmnZfqTfqVehbiActO00 ;
MsgType : text ;
Content : 上墙成功，再次回复任意内容或图片即可再次上墙哦！ ;

2016-02-03 21:03:39 trace :
------------
String:
<xml><ToUserName><![CDATA[gh_ccbf343b8498]]></ToUserName>
<FromUserName><![CDATA[oc2pYwNPJmnZfqTfqVehbiActO00]]></FromUserName>
<CreateTime>1454504619</CreateTime>
<MsgType><![CDATA[text]]></MsgType>
<Content><![CDATA[/::@]]></Content>
<MsgId>6247049770889540473</MsgId>
</xml>

2016-02-03 21:03:39 params :
------------
Array:
message : Array ;
module : meepo_bigerwall ;
rule : 333 ;
priority : 0 ;
context : 1 ;

2016-02-03 21:03:39 response :
------------
Array:
FromUserName : gh_ccbf343b8498 ;
ToUserName : oc2pYwNPJmnZfqTfqVehbiActO00 ;
MsgType : text ;
Content : 上墙成功，再次回复任意内容或图片即可再次上墙哦！ ;

2016-02-03 21:03:58 trace :
------------
String:
<xml><ToUserName><![CDATA[gh_ccbf343b8498]]></ToUserName>
<FromUserName><![CDATA[oc2pYwNPJmnZfqTfqVehbiActO00]]></FromUserName>
<CreateTime>1454504638</CreateTime>
<MsgType><![CDATA[text]]></MsgType>
<Content><![CDATA[现场]]></Content>
<MsgId>6247049852493919104</MsgId>
</xml>

2016-02-03 21:03:59 params :
------------
Array:
message : Array ;
module : meepo_bigerwall ;
rule : 333 ;
priority : 0 ;
keyword : Array ;

2016-02-03 21:03:59 response :
------------
Array:
FromUserName : gh_ccbf343b8498 ;
ToUserName : oc2pYwNPJmnZfqTfqVehbiActO00 ;
MsgType : text ;
Content : 您已经录入基本信息！直接回复任意内容即可上墙！ ;

2016-02-03 21:04:51 trace :
------------
String:
<xml><ToUserName><![CDATA[gh_ccbf343b8498]]></ToUserName>
<FromUserName><![CDATA[oc2pYwNPJmnZfqTfqVehbiActO00]]></FromUserName>
<CreateTime>1454504690</CreateTime>
<MsgType><![CDATA[text]]></MsgType>
<Content><![CDATA[女神]]></Content>
<MsgId>6247050075832218511</MsgId>
</xml>

2016-02-03 21:04:51 params :
------------
Array:
message : Array ;
module : meepo_bigerwall ;
rule : 333 ;
priority : 0 ;
context : 1 ;

2016-02-03 21:04:51 response :
------------
Array:
FromUserName : gh_ccbf343b8498 ;
ToUserName : oc2pYwNPJmnZfqTfqVehbiActO00 ;
MsgType : text ;
Content : 上墙成功，再次回复任意内容或图片即可再次上墙哦！ ;

2016-02-03 21:06:32 trace :
------------
String:
<xml><ToUserName><![CDATA[gh_ccbf343b8498]]></ToUserName>
<FromUserName><![CDATA[oc2pYwKHDCkVRfybTwnXSJ16QfCQ]]></FromUserName>
<CreateTime>1454504784</CreateTime>
<MsgType><![CDATA[text]]></MsgType>
<Content><![CDATA[jfhb]]></Content>
<MsgId>6247050479559144352</MsgId>
</xml>

2016-02-03 21:06:34 params :
------------
Array:
message : Array ;
module : water_jfhb ;
rule : 368 ;
priority : 0 ;
keyword : Array ;

2016-02-03 21:06:34 response :
------------
Array:
FromUserName : gh_ccbf343b8498 ;
ToUserName : oc2pYwKHDCkVRfybTwnXSJ16QfCQ ;
MsgType : text ;
Content : 访问微信接口错误, 错误代码: 48001, 错误信息: api unauthorized hint: [UiVvva0794vr21],错误详情：api功能未授权 ;

2016-02-03 21:06:34 trace :
------------
String:
<xml><ToUserName><![CDATA[gh_ccbf343b8498]]></ToUserName>
<FromUserName><![CDATA[oc2pYwKHDCkVRfybTwnXSJ16QfCQ]]></FromUserName>
<CreateTime>1454504784</CreateTime>
<MsgType><![CDATA[text]]></MsgType>
<Content><![CDATA[jfhb]]></Content>
<MsgId>6247050479559144352</MsgId>
</xml>

2016-02-03 21:06:35 params :
------------
Array:
message : Array ;
module : water_jfhb ;
rule : 368 ;
priority : 0 ;
keyword : Array ;

2016-02-03 21:06:35 response :
------------
Array:
FromUserName : gh_ccbf343b8498 ;
ToUserName : oc2pYwKHDCkVRfybTwnXSJ16QfCQ ;
MsgType : text ;
Content : 访问微信接口错误, 错误代码: 48001, 错误信息: api unauthorized hint: [SRmG_a0795vr19],错误详情：api功能未授权 ;

2016-02-03 21:51:09 trace :
------------
String:
<xml><ToUserName><![CDATA[gh_19f3b98aa3d7]]></ToUserName>
<FromUserName><![CDATA[ouLX4t0gCeB8pFEA5mt3-BVPAAS0]]></FromUserName>
<CreateTime>1454507468</CreateTime>
<MsgType><![CDATA[text]]></MsgType>
<Content><![CDATA[朋友圈第一条为最值得尊敬的人点赞 说一声你们辛苦了]]></Content>
<MsgId>6247062007250282755</MsgId>
</xml>

2016-02-03 21:51:09 params :
------------
Array:
rule : -2 ;
module :  ;
message : Array ;

2016-02-03 21:51:09 response :
------------

