2016-10-16 15:47:05 trace :
------------
String:
<xml><ToUserName><![CDATA[gh_d5c808a7666e]]></ToUserName>
<FromUserName><![CDATA[om_6jtxif2yaPKQqvSGQgk13F-Ck]]></FromUserName>
<CreateTime>1476604025</CreateTime>
<MsgType><![CDATA[event]]></MsgType>
<Event><![CDATA[subscribe]]></Event>
<EventKey><![CDATA[]]></EventKey>
</xml>

2016-10-16 15:47:05 params :
------------
Array:
rule : -2 ;
module :  ;
message : Array ;

2016-10-16 15:47:05 response :
------------

2016-10-16 15:47:11 trace :
------------
String:
<xml><ToUserName><![CDATA[gh_d5c808a7666e]]></ToUserName>
<FromUserName><![CDATA[om_6jtxif2yaPKQqvSGQgk13F-Ck]]></FromUserName>
<CreateTime>1476604030</CreateTime>
<MsgType><![CDATA[text]]></MsgType>
<Content><![CDATA[，]]></Content>
<MsgId>6341966018397617505</MsgId>
</xml>

2016-10-16 15:47:12 params :
------------
Array:
rule : -2 ;
module :  ;
message : Array ;

2016-10-16 15:47:12 response :
------------

2016-10-16 15:47:22 trace :
------------
String:
<xml><ToUserName><![CDATA[gh_d5c808a7666e]]></ToUserName>
<FromUserName><![CDATA[om_6jtxif2yaPKQqvSGQgk13F-Ck]]></FromUserName>
<CreateTime>1476604042</CreateTime>
<MsgType><![CDATA[event]]></MsgType>
<Event><![CDATA[VIEW]]></Event>
<EventKey><![CDATA[http://shanghai.xyj0772.com/app/index.php?i=1&c=entry&eid=110]]></EventKey>
<MenuId>405795979</MenuId>
</xml>

2016-10-16 15:47:22 params :
------------
Array:
rule : -2 ;
module :  ;
message : Array ;

2016-10-16 15:47:22 response :
------------

2016-10-16 15:47:52 trace :
------------
String:
<xml><ToUserName><![CDATA[gh_d5c808a7666e]]></ToUserName>
<FromUserName><![CDATA[om_6jtxif2yaPKQqvSGQgk13F-Ck]]></FromUserName>
<CreateTime>1476604072</CreateTime>
<MsgType><![CDATA[event]]></MsgType>
<Event><![CDATA[VIEW]]></Event>
<EventKey><![CDATA[http://shanghai.xyj0772.com/app/index.php?i=1&c=entry&id=2&do=game&m=j_money]]></EventKey>
<MenuId>405795979</MenuId>
</xml>

2016-10-16 15:47:52 params :
------------
Array:
rule : -2 ;
module :  ;
message : Array ;

2016-10-16 15:47:52 response :
------------

2016-10-16 15:48:30 trace :
------------
String:
<xml><ToUserName><![CDATA[gh_d5c808a7666e]]></ToUserName>
<FromUserName><![CDATA[om_6jtxif2yaPKQqvSGQgk13F-Ck]]></FromUserName>
<CreateTime>1476604110</CreateTime>
<MsgType><![CDATA[event]]></MsgType>
<Event><![CDATA[VIEW]]></Event>
<EventKey><![CDATA[http://shanghai.xyj0772.com/app/index.php?i=1&c=entry&do=waprestList&m=weisrc_dish]]></EventKey>
<MenuId>405795979</MenuId>
</xml>

2016-10-16 15:48:30 params :
------------
Array:
rule : -2 ;
module :  ;
message : Array ;

2016-10-16 15:48:30 response :
------------

2016-10-16 15:49:24 trace :
------------
String:
<xml><ToUserName><![CDATA[gh_d5c808a7666e]]></ToUserName>
<FromUserName><![CDATA[om_6jtxif2yaPKQqvSGQgk13F-Ck]]></FromUserName>
<CreateTime>1476604164</CreateTime>
<MsgType><![CDATA[event]]></MsgType>
<Event><![CDATA[VIEW]]></Event>
<EventKey><![CDATA[http://shanghai.xyj0772.com/app/index.php?i=1&c=entry&eid=110]]></EventKey>
<MenuId>405795979</MenuId>
</xml>

2016-10-16 15:49:24 params :
------------
Array:
rule : -2 ;
module :  ;
message : Array ;

2016-10-16 15:49:24 response :
------------

2016-10-16 15:49:34 trace :
------------
String:
<xml><ToUserName><![CDATA[gh_d5c808a7666e]]></ToUserName>
<FromUserName><![CDATA[om_6jtxif2yaPKQqvSGQgk13F-Ck]]></FromUserName>
<CreateTime>1476604174</CreateTime>
<MsgType><![CDATA[event]]></MsgType>
<Event><![CDATA[unsubscribe]]></Event>
<EventKey><![CDATA[]]></EventKey>
</xml>

