2016-01-19 07:35:14 trace :
------------
String:
<xml><ToUserName><![CDATA[gh_19f3b98aa3d7]]></ToUserName>
<FromUserName><![CDATA[ouLX4t8z_qy2RphE6UFwW9Fr664k]]></FromUserName>
<CreateTime>1453160113</CreateTime>
<MsgType><![CDATA[event]]></MsgType>
<Event><![CDATA[unsubscribe]]></Event>
<EventKey><![CDATA[]]></EventKey>
</xml>

2016-01-19 10:57:42 trace :
------------
String:
<xml><ToUserName><![CDATA[gh_ccbf343b8498]]></ToUserName>
<FromUserName><![CDATA[oc2pYwKHDCkVRfybTwnXSJ16QfCQ]]></FromUserName>
<CreateTime>1453172262</CreateTime>
<MsgType><![CDATA[text]]></MsgType>
<Content><![CDATA[现场]]></Content>
<MsgId>6241327341147712980</MsgId>
</xml>

2016-01-19 10:57:43 params :
------------
Array:
message : Array ;
module : meepo_bigwall ;
rule : 21 ;
priority : 0 ;
keyword : Array ;

2016-01-19 10:57:43 response :
------------
Array:
FromUserName : gh_ccbf343b8498 ;
ToUserName : oc2pYwKHDCkVRfybTwnXSJ16QfCQ ;
MsgType : text ;
Content : 管理员后台参数配置有误，请呼叫管理员！ ;

2016-01-19 10:58:46 trace :
------------
String:
<xml><ToUserName><![CDATA[gh_ccbf343b8498]]></ToUserName>
<FromUserName><![CDATA[oc2pYwKHDCkVRfybTwnXSJ16QfCQ]]></FromUserName>
<CreateTime>1453172326</CreateTime>
<MsgType><![CDATA[text]]></MsgType>
<Content><![CDATA[现场]]></Content>
<MsgId>6241327616025619949</MsgId>
</xml>

2016-01-19 10:58:46 params :
------------
Array:
message : Array ;
module : meepo_bigwall ;
rule : 21 ;
priority : 0 ;
keyword : Array ;

2016-01-19 10:58:46 response :
------------
Array:
FromUserName : gh_ccbf343b8498 ;
ToUserName : oc2pYwKHDCkVRfybTwnXSJ16QfCQ ;
MsgType : text ;
Content : 欢迎进入微信墙，亲回复验证码来录入您的头像，昵称等基本信息！
验证码为：86206
要一模一样的才能通过哦！！ ;

2016-01-19 11:01:11 trace :
------------
String:
<xml><ToUserName><![CDATA[gh_ccbf343b8498]]></ToUserName>
<FromUserName><![CDATA[oc2pYwKHDCkVRfybTwnXSJ16QfCQ]]></FromUserName>
<CreateTime>1453172471</CreateTime>
<MsgType><![CDATA[text]]></MsgType>
<Content><![CDATA[86206]]></Content>
<MsgId>6241328238795877931</MsgId>
</xml>

2016-01-19 11:01:12 params :
------------
Array:
message : Array ;
module : meepo_bigwall ;
rule : 21 ;
priority : 0 ;
context : 1 ;

2016-01-19 11:01:12 response :
------------
Array:
FromUserName : gh_ccbf343b8498 ;
ToUserName : oc2pYwKHDCkVRfybTwnXSJ16QfCQ ;
MsgType : text ;
Content : 网络超时，录入失败，请重新输入验证码86206 ;

2016-01-19 11:01:25 trace :
------------
String:
<xml><ToUserName><![CDATA[gh_ccbf343b8498]]></ToUserName>
<FromUserName><![CDATA[oc2pYwKHDCkVRfybTwnXSJ16QfCQ]]></FromUserName>
<CreateTime>1453172485</CreateTime>
<MsgType><![CDATA[text]]></MsgType>
<Content><![CDATA[86206]]></Content>
<MsgId>6241328298925420082</MsgId>
</xml>

2016-01-19 11:01:26 params :
------------
Array:
message : Array ;
module : meepo_bigwall ;
rule : 21 ;
priority : 0 ;
context : 1 ;

2016-01-19 11:01:26 response :
------------
Array:
FromUserName : gh_ccbf343b8498 ;
ToUserName : oc2pYwKHDCkVRfybTwnXSJ16QfCQ ;
MsgType : text ;
Content : 网络超时，录入失败，请重新输入验证码86206 ;

2016-01-19 11:01:38 trace :
------------
String:
<xml><ToUserName><![CDATA[gh_ccbf343b8498]]></ToUserName>
<FromUserName><![CDATA[oc2pYwKHDCkVRfybTwnXSJ16QfCQ]]></FromUserName>
<CreateTime>1453172498</CreateTime>
<MsgType><![CDATA[text]]></MsgType>
<Content><![CDATA[不仅仅]]></Content>
<MsgId>6241328354759994936</MsgId>
</xml>

2016-01-19 11:01:38 params :
------------
Array:
message : Array ;
module : meepo_bigwall ;
rule : 21 ;
priority : 0 ;
context : 1 ;

2016-01-19 11:01:38 response :
------------
Array:
FromUserName : gh_ccbf343b8498 ;
ToUserName : oc2pYwKHDCkVRfybTwnXSJ16QfCQ ;
MsgType : text ;
Content : 欢迎进入微信墙，亲回复验证码来录入您的头像，昵称等基本信息！
验证码为：86206
要一模一样的才能通过哦！！ ;

2016-01-19 11:01:48 trace :
------------
String:
<xml><ToUserName><![CDATA[gh_ccbf343b8498]]></ToUserName>
<FromUserName><![CDATA[oc2pYwKHDCkVRfybTwnXSJ16QfCQ]]></FromUserName>
<CreateTime>1453172508</CreateTime>
<MsgType><![CDATA[text]]></MsgType>
<Content><![CDATA[86306]]></Content>
<MsgId>6241328397709667899</MsgId>
</xml>

2016-01-19 11:01:48 params :
------------
Array:
message : Array ;
module : meepo_bigwall ;
rule : 21 ;
priority : 0 ;
context : 1 ;

2016-01-19 11:01:48 response :
------------
Array:
FromUserName : gh_ccbf343b8498 ;
ToUserName : oc2pYwKHDCkVRfybTwnXSJ16QfCQ ;
MsgType : text ;
Content : 欢迎进入微信墙，亲回复验证码来录入您的头像，昵称等基本信息！
验证码为：86206
要一模一样的才能通过哦！！ ;

2016-01-19 11:01:58 trace :
------------
String:
<xml><ToUserName><![CDATA[gh_ccbf343b8498]]></ToUserName>
<FromUserName><![CDATA[oc2pYwKHDCkVRfybTwnXSJ16QfCQ]]></FromUserName>
<CreateTime>1453172518</CreateTime>
<MsgType><![CDATA[text]]></MsgType>
<Content><![CDATA[86206]]></Content>
<MsgId>6241328440659340862</MsgId>
</xml>

2016-01-19 11:01:58 params :
------------
Array:
message : Array ;
module : meepo_bigwall ;
rule : 21 ;
priority : 0 ;
context : 1 ;

2016-01-19 11:01:58 response :
------------
Array:
FromUserName : gh_ccbf343b8498 ;
ToUserName : oc2pYwKHDCkVRfybTwnXSJ16QfCQ ;
MsgType : text ;
Content : 网络超时，录入失败，请重新输入验证码86206 ;

2016-01-19 11:02:32 trace :
------------
String:
<xml><ToUserName><![CDATA[gh_ccbf343b8498]]></ToUserName>
<FromUserName><![CDATA[oc2pYwKHDCkVRfybTwnXSJ16QfCQ]]></FromUserName>
<CreateTime>1453172552</CreateTime>
<MsgType><![CDATA[text]]></MsgType>
<Content><![CDATA[86206]]></Content>
<MsgId>6241328586688228941</MsgId>
</xml>

2016-01-19 11:02:32 params :
------------
Array:
message : Array ;
module : meepo_bigwall ;
rule : 21 ;
priority : 0 ;
context : 1 ;

2016-01-19 11:02:32 response :
------------
Array:
FromUserName : gh_ccbf343b8498 ;
ToUserName : oc2pYwKHDCkVRfybTwnXSJ16QfCQ ;
MsgType : text ;
Content : 您已经录入基本信息！直接回复任意内容即可上墙！ ;

2016-01-19 11:02:38 trace :
------------
String:
<xml><ToUserName><![CDATA[gh_ccbf343b8498]]></ToUserName>
<FromUserName><![CDATA[oc2pYwKHDCkVRfybTwnXSJ16QfCQ]]></FromUserName>
<CreateTime>1453172558</CreateTime>
<MsgType><![CDATA[text]]></MsgType>
<Content><![CDATA[出现]]></Content>
<MsgId>6241328612458032721</MsgId>
</xml>

2016-01-19 11:02:38 params :
------------
Array:
message : Array ;
module : meepo_bigwall ;
rule : 21 ;
priority : 0 ;
context : 1 ;

2016-01-19 11:02:38 response :
------------
Array:
FromUserName : gh_ccbf343b8498 ;
ToUserName : oc2pYwKHDCkVRfybTwnXSJ16QfCQ ;
MsgType : text ;
Content : 上墙成功，再次回复任意内容或图片即可再次上墙哦！ ;

2016-01-19 13:15:11 trace :
------------
String:
<xml><ToUserName><![CDATA[gh_ccbf343b8498]]></ToUserName>
<FromUserName><![CDATA[oc2pYwIW1DkidqOkq_NQ_JowgT5c]]></FromUserName>
<CreateTime>1453180511</CreateTime>
<MsgType><![CDATA[event]]></MsgType>
<Event><![CDATA[subscribe]]></Event>
<EventKey><![CDATA[]]></EventKey>
</xml>

2016-01-19 13:15:11 params :
------------
Array:
rule : -2 ;
module :  ;
message : Array ;

2016-01-19 13:15:11 response :
------------

2016-01-19 13:15:27 trace :
------------
String:
<xml><ToUserName><![CDATA[gh_ccbf343b8498]]></ToUserName>
<FromUserName><![CDATA[oc2pYwIW1DkidqOkq_NQ_JowgT5c]]></FromUserName>
<CreateTime>1453180527</CreateTime>
<MsgType><![CDATA[text]]></MsgType>
<Content><![CDATA[一元夺宝]]></Content>
<MsgId>6241362839052416278</MsgId>
</xml>

2016-01-19 13:15:27 params :
------------
Array:
message : Array ;
module : cover ;
rule : 79 ;
priority : 0 ;
keyword : Array ;

2016-01-19 13:15:27 response :
------------
Array:
FromUserName : gh_ccbf343b8498 ;
ToUserName : oc2pYwIW1DkidqOkq_NQ_JowgT5c ;
MsgType : news ;
ArticleCount : 1 ;
Articles : Array ;

2016-01-19 13:40:40 trace :
------------
String:
<xml><ToUserName><![CDATA[gh_5548450130cb]]></ToUserName>
<FromUserName><![CDATA[oE2lss2PFg-IV--nACUMp0tlRfoo]]></FromUserName>
<CreateTime>1453182040</CreateTime>
<MsgType><![CDATA[text]]></MsgType>
<Content><![CDATA[我要点餐]]></Content>
<MsgId>6241369337336319604</MsgId>
</xml>

2016-01-19 13:40:40 params :
------------
Array:
message : Array ;
module : eso_cate ;
rule : 316 ;
priority : 0 ;
keyword : Array ;

2016-01-19 13:40:40 response :
------------
Array:
FromUserName : gh_5548450130cb ;
ToUserName : oE2lss2PFg-IV--nACUMp0tlRfoo ;
MsgType : news ;
ArticleCount : 1 ;
Articles : Array ;

2016-01-19 14:21:19 trace :
------------
String:
<xml><ToUserName><![CDATA[toUser]]></ToUserName><FromUserName><![CDATA[fromUser]]></FromUserName><CreateTime>1453184453</CreateTime><MsgType><![CDATA[text]]></MsgType><Content><![CDATA[测试内容]]></Content><MsgId>1234567890123456</MsgId></xml>

2016-01-19 14:21:19 params :
------------
Array:
rule : -2 ;
module :  ;
message : Array ;

2016-01-19 14:21:19 response :
------------

2016-01-19 15:26:55 trace :
------------
String:
<xml><ToUserName><![CDATA[gh_60d22537c330]]></ToUserName>
<FromUserName><![CDATA[o2zJQwoMRlqr4P4sIeIcn9NCilPY]]></FromUserName>
<CreateTime>1453188415</CreateTime>
<MsgType><![CDATA[text]]></MsgType>
<Content><![CDATA[女神]]></Content>
<MsgId>6241396717753222128</MsgId>
</xml>

2016-01-19 15:26:56 params :
------------
Array:
message : Array ;
module : fm_photosvote ;
rule : 317 ;
priority : 0 ;
keyword : Array ;

2016-01-19 15:26:56 response :
------------
Array:
FromUserName : gh_60d22537c330 ;
ToUserName : o2zJQwoMRlqr4P4sIeIcn9NCilPY ;
MsgType : news ;
ArticleCount : 1 ;
Articles : Array ;

2016-01-19 15:27:43 trace :
------------
String:
<xml><ToUserName><![CDATA[gh_60d22537c330]]></ToUserName>
<FromUserName><![CDATA[o2zJQwoMRlqr4P4sIeIcn9NCilPY]]></FromUserName>
<CreateTime>1453188463</CreateTime>
<MsgType><![CDATA[text]]></MsgType>
<Content><![CDATA[女神]]></Content>
<MsgId>6241396923911652347</MsgId>
</xml>

2016-01-19 15:27:43 params :
------------
Array:
message : Array ;
module : fm_photosvote ;
rule : 317 ;
priority : 0 ;
keyword : Array ;

2016-01-19 15:27:43 response :
------------
Array:
FromUserName : gh_60d22537c330 ;
ToUserName : o2zJQwoMRlqr4P4sIeIcn9NCilPY ;
MsgType : news ;
ArticleCount : 1 ;
Articles : Array ;

2016-01-19 16:11:15 trace :
------------
String:
<xml><ToUserName><![CDATA[gh_ccbf343b8498]]></ToUserName>
<FromUserName><![CDATA[oc2pYwL5f832kEzLmwjfJ9PzZHd4]]></FromUserName>
<CreateTime>1453191075</CreateTime>
<MsgType><![CDATA[event]]></MsgType>
<Event><![CDATA[subscribe]]></Event>
<EventKey><![CDATA[]]></EventKey>
</xml>

2016-01-19 16:11:15 params :
------------
Array:
rule : -2 ;
module :  ;
message : Array ;

2016-01-19 16:11:15 response :
------------

2016-01-19 16:11:27 trace :
------------
String:
<xml><ToUserName><![CDATA[gh_ccbf343b8498]]></ToUserName>
<FromUserName><![CDATA[oc2pYwL5f832kEzLmwjfJ9PzZHd4]]></FromUserName>
<CreateTime>1453191087</CreateTime>
<MsgType><![CDATA[text]]></MsgType>
<Content><![CDATA[转盘]]></Content>
<MsgId>6241408193907065566</MsgId>
</xml>

2016-01-19 16:11:27 params :
------------
Array:
rule : -2 ;
module :  ;
message : Array ;

2016-01-19 16:11:27 response :
------------

2016-01-19 16:57:15 trace :
------------
String:
<xml><ToUserName><![CDATA[gh_ccbf343b8498]]></ToUserName>
<FromUserName><![CDATA[oc2pYwFimGru0DwBOERAls5-4IH8]]></FromUserName>
<CreateTime>1453193835</CreateTime>
<MsgType><![CDATA[event]]></MsgType>
<Event><![CDATA[subscribe]]></Event>
<EventKey><![CDATA[]]></EventKey>
</xml>

2016-01-19 16:57:15 params :
------------
Array:
rule : -2 ;
module :  ;
message : Array ;

2016-01-19 16:57:15 response :
------------

2016-01-19 16:57:21 trace :
------------
String:
<xml><ToUserName><![CDATA[gh_ccbf343b8498]]></ToUserName>
<FromUserName><![CDATA[oc2pYwFimGru0DwBOERAls5-4IH8]]></FromUserName>
<CreateTime>1453193841</CreateTime>
<MsgType><![CDATA[text]]></MsgType>
<Content><![CDATA[现场]]></Content>
<MsgId>6241420022246999678</MsgId>
</xml>

2016-01-19 16:57:21 params :
------------
Array:
message : Array ;
module : meepo_bigwall ;
rule : 21 ;
priority : 0 ;
keyword : Array ;

2016-01-19 16:57:21 response :
------------
Array:
FromUserName : gh_ccbf343b8498 ;
ToUserName : oc2pYwFimGru0DwBOERAls5-4IH8 ;
MsgType : text ;
Content : 欢迎进入微信墙，亲回复验证码来录入您的头像，昵称等基本信息！
验证码为：36302
要一模一样的才能通过哦！！ ;

2016-01-19 16:57:38 trace :
------------
String:
<xml><ToUserName><![CDATA[gh_ccbf343b8498]]></ToUserName>
<FromUserName><![CDATA[oc2pYwFimGru0DwBOERAls5-4IH8]]></FromUserName>
<CreateTime>1453193858</CreateTime>
<MsgType><![CDATA[text]]></MsgType>
<Content><![CDATA[36302]]></Content>
<MsgId>6241420095261443714</MsgId>
</xml>

2016-01-19 16:57:39 params :
------------
Array:
message : Array ;
module : meepo_bigwall ;
rule : 21 ;
priority : 0 ;
context : 1 ;

2016-01-19 16:57:39 response :
------------
Array:
FromUserName : gh_ccbf343b8498 ;
ToUserName : oc2pYwFimGru0DwBOERAls5-4IH8 ;
MsgType : text ;
Content : 您已经录入基本信息！直接回复任意内容即可上墙！ ;

2016-01-19 16:57:54 trace :
------------
String:
<xml><ToUserName><![CDATA[gh_ccbf343b8498]]></ToUserName>
<FromUserName><![CDATA[oc2pYwILEwZc-vJwEVD7UtooMye8]]></FromUserName>
<CreateTime>1453193874</CreateTime>
<MsgType><![CDATA[event]]></MsgType>
<Event><![CDATA[subscribe]]></Event>
<EventKey><![CDATA[]]></EventKey>
</xml>

2016-01-19 16:57:54 params :
------------
Array:
rule : -2 ;
module :  ;
message : Array ;

2016-01-19 16:57:54 response :
------------

2016-01-19 16:58:18 trace :
------------
String:
<xml><ToUserName><![CDATA[gh_ccbf343b8498]]></ToUserName>
<FromUserName><![CDATA[oc2pYwILEwZc-vJwEVD7UtooMye8]]></FromUserName>
<CreateTime>1453193897</CreateTime>
<MsgType><![CDATA[text]]></MsgType>
<Content><![CDATA[现场摇一摇]]></Content>
<MsgId>6241420262765168266</MsgId>
</xml>

2016-01-19 16:58:18 params :
------------
Array:
rule : -2 ;
module :  ;
message : Array ;

2016-01-19 16:58:18 response :
------------

2016-01-19 16:58:41 trace :
------------
String:
<xml><ToUserName><![CDATA[gh_ccbf343b8498]]></ToUserName>
<FromUserName><![CDATA[oc2pYwILEwZc-vJwEVD7UtooMye8]]></FromUserName>
<CreateTime>1453193921</CreateTime>
<MsgType><![CDATA[text]]></MsgType>
<Content><![CDATA[现场摇一摇 测试]]></Content>
<MsgId>6241420365844383377</MsgId>
</xml>

2016-01-19 16:58:41 params :
------------
Array:
rule : -2 ;
module :  ;
message : Array ;

2016-01-19 16:58:41 response :
------------

2016-01-19 16:59:17 trace :
------------
String:
<xml><ToUserName><![CDATA[gh_ccbf343b8498]]></ToUserName>
<FromUserName><![CDATA[oc2pYwILEwZc-vJwEVD7UtooMye8]]></FromUserName>
<CreateTime>1453193957</CreateTime>
<MsgType><![CDATA[event]]></MsgType>
<Event><![CDATA[unsubscribe]]></Event>
<EventKey><![CDATA[]]></EventKey>
</xml>

2016-01-19 17:18:03 trace :
------------
String:
<xml><ToUserName><![CDATA[gh_ccbf343b8498]]></ToUserName>
<FromUserName><![CDATA[oc2pYwFimGru0DwBOERAls5-4IH8]]></FromUserName>
<CreateTime>1453195083</CreateTime>
<MsgType><![CDATA[text]]></MsgType>
<Content><![CDATA[投票]]></Content>
<MsgId>6241425356596381537</MsgId>
</xml>

2016-01-19 17:18:03 params :
------------
Array:
message : Array ;
module : meepo_bigwall ;
rule : 21 ;
priority : 0 ;
context : 1 ;

2016-01-19 17:18:03 response :
------------
Array:
FromUserName : gh_ccbf343b8498 ;
ToUserName : oc2pYwFimGru0DwBOERAls5-4IH8 ;
MsgType : text ;
Content : 快速进入投票通道！<a target="_blank" href="http://www.wx866.com/app/index.php?i=5&c=auth&a=forward&uniacid=5&__auth=eyJvcGVuaWQiOiJvYzJwWXdGaW1HcnUwRHdCT0VSQWxzNS00SUg4IiwiYWNpZCI6IjUiLCJ0aW1lIjoxNDUzMTk1MDgzLCJoYXNoIjoiYTc1NTI3Njk5ZmQ5ZWI2NjljYzU0YzlhZjEwZDRlOTQifQ%3D%3D&forward=Li9pbmRleC5waHA%2FaT01JmM9ZW50cnkmcmlkPTIxJmRvPXZvdGVodG1sJm09bWVlcG9fYmlnd2FsbA%3D%3D&wxref=mp.weixin.qq.com#wechat_redirect">点击进入投票</a> ;

2016-01-19 17:18:37 trace :
------------
String:
<xml><ToUserName><![CDATA[gh_ccbf343b8498]]></ToUserName>
<FromUserName><![CDATA[oc2pYwFimGru0DwBOERAls5-4IH8]]></FromUserName>
<CreateTime>1453195117</CreateTime>
<MsgType><![CDATA[text]]></MsgType>
<Content><![CDATA[投票]]></Content>
<MsgId>6241425502625269609</MsgId>
</xml>

2016-01-19 17:18:37 params :
------------
Array:
message : Array ;
module : meepo_bigwall ;
rule : 21 ;
priority : 0 ;
context : 1 ;

2016-01-19 17:18:37 response :
------------
Array:
FromUserName : gh_ccbf343b8498 ;
ToUserName : oc2pYwFimGru0DwBOERAls5-4IH8 ;
MsgType : text ;
Content : 快速进入投票通道！<a target="_blank" href="http://www.wx866.com/app/index.php?i=5&c=auth&a=forward&uniacid=5&__auth=eyJvcGVuaWQiOiJvYzJwWXdGaW1HcnUwRHdCT0VSQWxzNS00SUg4IiwiYWNpZCI6IjUiLCJ0aW1lIjoxNDUzMTk1MTE3LCJoYXNoIjoiODA4ZjEwMTUxYmIwNzE2ZjA0M2NiMzZiNmE1MjE5YzUifQ%3D%3D&forward=Li9pbmRleC5waHA%2FaT01JmM9ZW50cnkmcmlkPTIxJmRvPXZvdGVodG1sJm09bWVlcG9fYmlnd2FsbA%3D%3D&wxref=mp.weixin.qq.com#wechat_redirect">点击进入投票</a> ;

2016-01-19 17:38:19 trace :
------------
String:
<xml><ToUserName><![CDATA[gh_60d22537c330]]></ToUserName>
<FromUserName><![CDATA[o2zJQwvd7-xhyNmX4cUIDTrQoq-Y]]></FromUserName>
<CreateTime>1453196299</CreateTime>
<MsgType><![CDATA[event]]></MsgType>
<Event><![CDATA[unsubscribe]]></Event>
<EventKey><![CDATA[]]></EventKey>
</xml>

2016-01-19 17:44:31 trace :
------------
String:
<xml><ToUserName><![CDATA[gh_60d22537c330]]></ToUserName>
<FromUserName><![CDATA[o2zJQwhzrHlfziflS-j7zx5QHyck]]></FromUserName>
<CreateTime>1453196671</CreateTime>
<MsgType><![CDATA[event]]></MsgType>
<Event><![CDATA[subscribe]]></Event>
<EventKey><![CDATA[]]></EventKey>
</xml>

2016-01-19 17:44:31 params :
------------
Array:
rule : -2 ;
module :  ;
message : Array ;

2016-01-19 17:44:31 response :
------------

2016-01-19 17:45:45 trace :
------------
String:
<xml><ToUserName><![CDATA[gh_60d22537c330]]></ToUserName>
<FromUserName><![CDATA[o2zJQwhzrHlfziflS-j7zx5QHyck]]></FromUserName>
<CreateTime>1453196745</CreateTime>
<MsgType><![CDATA[text]]></MsgType>
<Content><![CDATA[关注]]></Content>
<MsgId>6241432494830799980</MsgId>
</xml>

2016-01-19 17:45:45 params :
------------
Array:
rule : -2 ;
module :  ;
message : Array ;

2016-01-19 17:45:45 response :
------------

2016-01-19 18:10:22 trace :
------------
String:
<xml><ToUserName><![CDATA[gh_60d22537c330]]></ToUserName>
<FromUserName><![CDATA[o2zJQwq0lMuqN-X6UYt9lp_w0jF0]]></FromUserName>
<CreateTime>1453198222</CreateTime>
<MsgType><![CDATA[event]]></MsgType>
<Event><![CDATA[unsubscribe]]></Event>
<EventKey><![CDATA[]]></EventKey>
</xml>

2016-01-19 18:24:11 trace :
------------
String:
<xml><ToUserName><![CDATA[toUser]]></ToUserName><FromUserName><![CDATA[fromUser]]></FromUserName><CreateTime>1453199080</CreateTime><MsgType><![CDATA[text]]></MsgType><Content><![CDATA[测试内容]]></Content><MsgId>1234567890123456</MsgId></xml>

2016-01-19 18:24:11 params :
------------
Array:
rule : -2 ;
module :  ;
message : Array ;

2016-01-19 18:24:11 response :
------------

2016-01-19 18:24:51 trace :
------------
String:
<xml><ToUserName><![CDATA[最后一公里]]></ToUserName><FromUserName><![CDATA[最后一公里]]></FromUserName><CreateTime>1453199120</CreateTime><MsgType><![CDATA[text]]></MsgType><Content><![CDATA[最后一公里]]></Content><MsgId>1234567890123456</MsgId></xml>

2016-01-19 18:24:51 params :
------------
Array:
message : Array ;
module : scnace_lm ;
rule : 318 ;
priority : 0 ;
keyword : Array ;

2016-01-19 18:24:51 response :
------------
Array:
FromUserName : 最后一公里 ;
ToUserName : 最后一公里 ;
MsgType : text ;
Content : 您已进入最后一公里模块,
”用户须知“来查看此模块的基本流程与操作方法，
“我有快递”来召唤快递员,
“帮拿快递”来查看现有快递,
”我的快递“来查看你快递的动态,
”退出“来退出此模块
(用完我记得退出哦!)
				 ;

2016-01-19 18:25:51 trace :
------------
String:
<xml><ToUserName><![CDATA[我有快递]]></ToUserName><FromUserName><![CDATA[我有快递]]></FromUserName><CreateTime>1453199180</CreateTime><MsgType><![CDATA[text]]></MsgType><Content><![CDATA[我有快递]]></Content><MsgId>1234567890123456</MsgId></xml>

2016-01-19 18:25:51 params :
------------
Array:
rule : -2 ;
module :  ;
message : Array ;

2016-01-19 18:25:51 response :
------------

2016-01-19 18:26:18 trace :
------------
String:
<xml><ToUserName><![CDATA[帮拿快递]]></ToUserName><FromUserName><![CDATA[帮拿快递]]></FromUserName><CreateTime>1453199207</CreateTime><MsgType><![CDATA[text]]></MsgType><Content><![CDATA[帮拿快递]]></Content><MsgId>1234567890123456</MsgId></xml>

2016-01-19 18:26:18 params :
------------
Array:
rule : -2 ;
module :  ;
message : Array ;

2016-01-19 18:26:18 response :
------------

2016-01-19 18:31:13 trace :
------------
String:
<xml><ToUserName><![CDATA[toUser]]></ToUserName><FromUserName><![CDATA[最后一公里]]></FromUserName><CreateTime>1453199502</CreateTime><MsgType><![CDATA[text]]></MsgType><Content><![CDATA[测试内容]]></Content><MsgId>1234567890123456</MsgId></xml>

2016-01-19 18:31:13 params :
------------
Array:
rule : -2 ;
module :  ;
message : Array ;

2016-01-19 18:31:13 response :
------------

2016-01-19 18:31:18 trace :
------------
String:
<xml><ToUserName><![CDATA[toUser]]></ToUserName><FromUserName><![CDATA[最后一公里]]></FromUserName><CreateTime>1453199506</CreateTime><MsgType><![CDATA[text]]></MsgType><Content><![CDATA[最后一公里]]></Content><MsgId>1234567890123456</MsgId></xml>

2016-01-19 18:31:18 params :
------------
Array:
rule : -2 ;
module :  ;
message : Array ;

2016-01-19 18:31:18 response :
------------

2016-01-19 19:15:39 trace :
------------
String:
<xml><ToUserName><![CDATA[gh_ccbf343b8498]]></ToUserName>
<FromUserName><![CDATA[oc2pYwAFnM3cQlbGot2SFSqp_CvQ]]></FromUserName>
<CreateTime>1453202139</CreateTime>
<MsgType><![CDATA[event]]></MsgType>
<Event><![CDATA[subscribe]]></Event>
<EventKey><![CDATA[]]></EventKey>
</xml>

2016-01-19 19:15:39 params :
------------
Array:
rule : -2 ;
module :  ;
message : Array ;

2016-01-19 19:15:39 response :
------------

2016-01-19 20:37:13 trace :
------------
String:
<xml><ToUserName><![CDATA[gh_19f3b98aa3d7]]></ToUserName>
<FromUserName><![CDATA[ouLX4t8bxiZhSv7ZjkDIKFTvuuys]]></FromUserName>
<CreateTime>1453207033</CreateTime>
<MsgType><![CDATA[event]]></MsgType>
<Event><![CDATA[subscribe]]></Event>
<EventKey><![CDATA[]]></EventKey>
</xml>

2016-01-19 20:37:14 params :
------------
Array:
rule : -2 ;
module :  ;
message : Array ;

2016-01-19 20:37:14 response :
------------

2016-01-19 20:37:26 trace :
------------
String:
<xml><ToUserName><![CDATA[gh_19f3b98aa3d7]]></ToUserName>
<FromUserName><![CDATA[ouLX4t8bxiZhSv7ZjkDIKFTvuuys]]></FromUserName>
<CreateTime>1453207046</CreateTime>
<MsgType><![CDATA[text]]></MsgType>
<Content><![CDATA[助力]]></Content>
<MsgId>6241476737289035180</MsgId>
</xml>

2016-01-19 20:37:26 params :
------------
Array:
message : Array ;
module : mon_zl ;
rule : 59 ;
priority : 0 ;
keyword : Array ;

2016-01-19 20:37:26 response :
------------
Array:
FromUserName : gh_19f3b98aa3d7 ;
ToUserName : ouLX4t8bxiZhSv7ZjkDIKFTvuuys ;
MsgType : news ;
ArticleCount : 1 ;
Articles : Array ;

2016-01-19 20:48:48 trace :
------------
String:
<xml><ToUserName><![CDATA[gh_ccbf343b8498]]></ToUserName>
<FromUserName><![CDATA[oc2pYwMlnh7PPcSRPbKcIzvzheXk]]></FromUserName>
<CreateTime>1453207728</CreateTime>
<MsgType><![CDATA[event]]></MsgType>
<Event><![CDATA[subscribe]]></Event>
<EventKey><![CDATA[]]></EventKey>
</xml>

2016-01-19 20:48:48 params :
------------
Array:
rule : -2 ;
module :  ;
message : Array ;

2016-01-19 20:48:48 response :
------------

2016-01-19 21:38:47 trace :
------------
String:
<xml><ToUserName><![CDATA[gh_4e2dc508e67f]]></ToUserName>
<FromUserName><![CDATA[oKmr0jrb0P_pqRM5sF6D3XEHlZ20]]></FromUserName>
<CreateTime>1453210727</CreateTime>
<MsgType><![CDATA[event]]></MsgType>
<Event><![CDATA[unsubscribe]]></Event>
<EventKey><![CDATA[]]></EventKey>
</xml>

