2016-02-02 10:41:32 trace :
------------
String:
<xml><ToUserName><![CDATA[gh_ccbf343b8498]]></ToUserName>
<FromUserName><![CDATA[oc2pYwKHDCkVRfybTwnXSJ16QfCQ]]></FromUserName>
<CreateTime>1454380889</CreateTime>
<MsgType><![CDATA[text]]></MsgType>
<Content><![CDATA[小猴摘桃]]></Content>
<MsgId>6246518354585970666</MsgId>
</xml>

2016-02-02 10:41:32 params :
------------
Array:
message : Array ;
module : cover ;
rule : 363 ;
priority : 0 ;
keyword : Array ;

2016-02-02 10:41:32 response :
------------
Array:
FromUserName : gh_ccbf343b8498 ;
ToUserName : oc2pYwKHDCkVRfybTwnXSJ16QfCQ ;
MsgType : news ;
ArticleCount : 1 ;
Articles : Array ;

2016-02-02 10:56:18 trace :
------------
String:
<xml><ToUserName><![CDATA[gh_ccbf343b8498]]></ToUserName>
<FromUserName><![CDATA[oc2pYwAisOENvMJg6atPl-qVAGvQ]]></FromUserName>
<CreateTime>1454381777</CreateTime>
<MsgType><![CDATA[event]]></MsgType>
<Event><![CDATA[subscribe]]></Event>
<EventKey><![CDATA[]]></EventKey>
</xml>

2016-02-02 10:56:18 params :
------------
Array:
rule : -2 ;
module :  ;
message : Array ;

2016-02-02 10:56:18 response :
------------

2016-02-02 10:56:32 trace :
------------
String:
<xml><ToUserName><![CDATA[gh_ccbf343b8498]]></ToUserName>
<FromUserName><![CDATA[oc2pYwAisOENvMJg6atPl-qVAGvQ]]></FromUserName>
<CreateTime>1454381791</CreateTime>
<MsgType><![CDATA[text]]></MsgType>
<Content><![CDATA[微小区]]></Content>
<MsgId>6246522228646471908</MsgId>
</xml>

2016-02-02 10:56:32 params :
------------
Array:
rule : -2 ;
module :  ;
message : Array ;

2016-02-02 10:56:32 response :
------------

2016-02-02 10:57:33 trace :
------------
String:
<xml><ToUserName><![CDATA[gh_ccbf343b8498]]></ToUserName>
<FromUserName><![CDATA[oc2pYwAisOENvMJg6atPl-qVAGvQ]]></FromUserName>
<CreateTime>1454381852</CreateTime>
<MsgType><![CDATA[event]]></MsgType>
<Event><![CDATA[unsubscribe]]></Event>
<EventKey><![CDATA[]]></EventKey>
</xml>

2016-02-02 11:00:03 trace :
------------
String:
<xml><ToUserName><![CDATA[gh_ccbf343b8498]]></ToUserName>
<FromUserName><![CDATA[oc2pYwKHDCkVRfybTwnXSJ16QfCQ]]></FromUserName>
<CreateTime>1454382003</CreateTime>
<MsgType><![CDATA[text]]></MsgType>
<Content><![CDATA[抢楼]]></Content>
<MsgId>6246523139179538690</MsgId>
</xml>

2016-02-02 11:00:03 params :
------------
Array:
message : Array ;
module : superman_floor ;
rule : 364 ;
priority : 0 ;
keyword : Array ;

2016-02-02 11:00:03 response :
------------
Array:
FromUserName : gh_ccbf343b8498 ;
ToUserName : oc2pYwKHDCkVRfybTwnXSJ16QfCQ ;
MsgType : news ;
ArticleCount : 1 ;
Articles : Array ;

2016-02-02 11:01:27 trace :
------------
String:
<xml><ToUserName><![CDATA[gh_ccbf343b8498]]></ToUserName>
<FromUserName><![CDATA[oc2pYwKHDCkVRfybTwnXSJ16QfCQ]]></FromUserName>
<CreateTime>1454382087</CreateTime>
<MsgType><![CDATA[text]]></MsgType>
<Content><![CDATA[抢楼]]></Content>
<MsgId>6246523499956791581</MsgId>
</xml>

2016-02-02 11:01:27 params :
------------
Array:
message : Array ;
module : superman_floor ;
rule : 364 ;
priority : 0 ;
keyword : Array ;

2016-02-02 11:01:27 response :
------------
Array:
FromUserName : gh_ccbf343b8498 ;
ToUserName : oc2pYwKHDCkVRfybTwnXSJ16QfCQ ;
MsgType : news ;
ArticleCount : 1 ;
Articles : Array ;

2016-02-02 11:01:31 trace :
------------
String:
<xml><ToUserName><![CDATA[gh_ccbf343b8498]]></ToUserName>
<FromUserName><![CDATA[oc2pYwKHDCkVRfybTwnXSJ16QfCQ]]></FromUserName>
<CreateTime>1454382090</CreateTime>
<MsgType><![CDATA[text]]></MsgType>
<Content><![CDATA[抢楼]]></Content>
<MsgId>6246523512841693470</MsgId>
</xml>

2016-02-02 11:01:31 params :
------------
Array:
message : Array ;
module : superman_floor ;
rule : 364 ;
priority : 0 ;
keyword : Array ;

2016-02-02 11:01:31 response :
------------
Array:
FromUserName : gh_ccbf343b8498 ;
ToUserName : oc2pYwKHDCkVRfybTwnXSJ16QfCQ ;
MsgType : news ;
ArticleCount : 1 ;
Articles : Array ;

2016-02-02 11:01:34 trace :
------------
String:
<xml><ToUserName><![CDATA[gh_ccbf343b8498]]></ToUserName>
<FromUserName><![CDATA[oc2pYwKHDCkVRfybTwnXSJ16QfCQ]]></FromUserName>
<CreateTime>1454382093</CreateTime>
<MsgType><![CDATA[text]]></MsgType>
<Content><![CDATA[抢楼]]></Content>
<MsgId>6246523525726595359</MsgId>
</xml>

2016-02-02 11:01:34 params :
------------
Array:
message : Array ;
module : superman_floor ;
rule : 364 ;
priority : 0 ;
keyword : Array ;

2016-02-02 11:01:34 response :
------------
Array:
FromUserName : gh_ccbf343b8498 ;
ToUserName : oc2pYwKHDCkVRfybTwnXSJ16QfCQ ;
MsgType : news ;
ArticleCount : 1 ;
Articles : Array ;

2016-02-02 11:01:37 trace :
------------
String:
<xml><ToUserName><![CDATA[gh_ccbf343b8498]]></ToUserName>
<FromUserName><![CDATA[oc2pYwKHDCkVRfybTwnXSJ16QfCQ]]></FromUserName>
<CreateTime>1454382096</CreateTime>
<MsgType><![CDATA[text]]></MsgType>
<Content><![CDATA[抢楼]]></Content>
<MsgId>6246523538611497249</MsgId>
</xml>

2016-02-02 11:01:37 params :
------------
Array:
message : Array ;
module : superman_floor ;
rule : 364 ;
priority : 0 ;
keyword : Array ;

2016-02-02 11:01:37 response :
------------
Array:
FromUserName : gh_ccbf343b8498 ;
ToUserName : oc2pYwKHDCkVRfybTwnXSJ16QfCQ ;
MsgType : news ;
ArticleCount : 1 ;
Articles : Array ;

2016-02-02 11:01:50 trace :
------------
String:
<xml><ToUserName><![CDATA[gh_ccbf343b8498]]></ToUserName>
<FromUserName><![CDATA[oc2pYwKHDCkVRfybTwnXSJ16QfCQ]]></FromUserName>
<CreateTime>1454382105</CreateTime>
<MsgType><![CDATA[text]]></MsgType>
<Content><![CDATA[抢楼]]></Content>
<MsgId>6246523577266202915</MsgId>
</xml>

2016-02-02 11:01:51 params :
------------
Array:
message : Array ;
module : superman_floor ;
rule : 364 ;
priority : 0 ;
keyword : Array ;

2016-02-02 11:01:51 response :
------------
Array:
FromUserName : gh_ccbf343b8498 ;
ToUserName : oc2pYwKHDCkVRfybTwnXSJ16QfCQ ;
MsgType : news ;
ArticleCount : 1 ;
Articles : Array ;

2016-02-02 11:01:52 trace :
------------
String:
<xml><ToUserName><![CDATA[gh_ccbf343b8498]]></ToUserName>
<FromUserName><![CDATA[oc2pYwKHDCkVRfybTwnXSJ16QfCQ]]></FromUserName>
<CreateTime>1454382101</CreateTime>
<MsgType><![CDATA[text]]></MsgType>
<Content><![CDATA[抢楼]]></Content>
<MsgId>6246523560086333730</MsgId>
</xml>

2016-02-02 11:01:52 params :
------------
Array:
message : Array ;
module : superman_floor ;
rule : 364 ;
priority : 0 ;
keyword : Array ;

2016-02-02 11:01:52 response :
------------
Array:
FromUserName : gh_ccbf343b8498 ;
ToUserName : oc2pYwKHDCkVRfybTwnXSJ16QfCQ ;
MsgType : news ;
ArticleCount : 1 ;
Articles : Array ;

2016-02-02 11:01:52 trace :
------------
String:
<xml><ToUserName><![CDATA[gh_ccbf343b8498]]></ToUserName>
<FromUserName><![CDATA[oc2pYwKHDCkVRfybTwnXSJ16QfCQ]]></FromUserName>
<CreateTime>1454382112</CreateTime>
<MsgType><![CDATA[text]]></MsgType>
<Content><![CDATA[抢楼]]></Content>
<MsgId>6246523607330973989</MsgId>
</xml>

2016-02-02 11:01:52 params :
------------
Array:
message : Array ;
module : superman_floor ;
rule : 364 ;
priority : 0 ;
keyword : Array ;

2016-02-02 11:01:52 response :
------------
Array:
FromUserName : gh_ccbf343b8498 ;
ToUserName : oc2pYwKHDCkVRfybTwnXSJ16QfCQ ;
MsgType : news ;
ArticleCount : 1 ;
Articles : Array ;

2016-02-02 11:02:04 trace :
------------
String:
<xml><ToUserName><![CDATA[gh_ccbf343b8498]]></ToUserName>
<FromUserName><![CDATA[oc2pYwKHDCkVRfybTwnXSJ16QfCQ]]></FromUserName>
<CreateTime>1454382115</CreateTime>
<MsgType><![CDATA[text]]></MsgType>
<Content><![CDATA[抢楼]]></Content>
<MsgId>6246523620215875879</MsgId>
</xml>

2016-02-02 11:02:24 trace :
------------
String:
<xml><ToUserName><![CDATA[gh_ccbf343b8498]]></ToUserName>
<FromUserName><![CDATA[oc2pYwKHDCkVRfybTwnXSJ16QfCQ]]></FromUserName>
<CreateTime>1454382141</CreateTime>
<MsgType><![CDATA[text]]></MsgType>
<Content><![CDATA[抢楼]]></Content>
<MsgId>6246523731885025588</MsgId>
</xml>

2016-02-02 11:02:24 params :
------------
Array:
message : Array ;
module : superman_floor ;
rule : 364 ;
priority : 0 ;
keyword : Array ;

2016-02-02 11:02:24 response :
------------
Array:
FromUserName : gh_ccbf343b8498 ;
ToUserName : oc2pYwKHDCkVRfybTwnXSJ16QfCQ ;
MsgType : news ;
ArticleCount : 1 ;
Articles : Array ;

2016-02-02 11:03:27 trace :
------------
String:
<xml><ToUserName><![CDATA[gh_ccbf343b8498]]></ToUserName>
<FromUserName><![CDATA[oc2pYwKHDCkVRfybTwnXSJ16QfCQ]]></FromUserName>
<CreateTime>1454382207</CreateTime>
<MsgType><![CDATA[text]]></MsgType>
<Content><![CDATA[抢楼]]></Content>
<MsgId>6246524015352867142</MsgId>
</xml>

2016-02-02 11:03:43 trace :
------------
String:
<xml><ToUserName><![CDATA[gh_ccbf343b8498]]></ToUserName>
<FromUserName><![CDATA[oc2pYwKHDCkVRfybTwnXSJ16QfCQ]]></FromUserName>
<CreateTime>1454382223</CreateTime>
<MsgType><![CDATA[text]]></MsgType>
<Content><![CDATA[抢楼]]></Content>
<MsgId>6246524084072343883</MsgId>
</xml>

2016-02-02 11:03:43 params :
------------
Array:
message : Array ;
module : superman_floor ;
rule : 364 ;
priority : 0 ;
keyword : Array ;

2016-02-02 11:03:43 response :
------------
Array:
FromUserName : gh_ccbf343b8498 ;
ToUserName : oc2pYwKHDCkVRfybTwnXSJ16QfCQ ;
MsgType : news ;
ArticleCount : 1 ;
Articles : Array ;

2016-02-02 11:03:52 trace :
------------
String:
<xml><ToUserName><![CDATA[gh_ccbf343b8498]]></ToUserName>
<FromUserName><![CDATA[oc2pYwA2XjLp5Yy7XfoHEcNZxlGw]]></FromUserName>
<CreateTime>1454382232</CreateTime>
<MsgType><![CDATA[event]]></MsgType>
<Event><![CDATA[subscribe]]></Event>
<EventKey><![CDATA[]]></EventKey>
</xml>

2016-02-02 11:03:52 params :
------------
Array:
rule : -2 ;
module :  ;
message : Array ;

2016-02-02 11:03:52 response :
------------

2016-02-02 11:03:58 trace :
------------
String:
<xml><ToUserName><![CDATA[gh_ccbf343b8498]]></ToUserName>
<FromUserName><![CDATA[oc2pYwA2XjLp5Yy7XfoHEcNZxlGw]]></FromUserName>
<CreateTime>1454382238</CreateTime>
<MsgType><![CDATA[text]]></MsgType>
<Content><![CDATA[摇一摇]]></Content>
<MsgId>6246524148496853326</MsgId>
</xml>

2016-02-02 11:03:58 params :
------------
Array:
message : Array ;
module : mon_qmshake ;
rule : 23 ;
priority : 0 ;
keyword : Array ;

2016-02-02 11:03:58 response :
------------
Array:
FromUserName : gh_ccbf343b8498 ;
ToUserName : oc2pYwA2XjLp5Yy7XfoHEcNZxlGw ;
MsgType : news ;
ArticleCount : 1 ;
Articles : Array ;

2016-02-02 11:14:31 trace :
------------
String:
<xml><ToUserName><![CDATA[gh_ccbf343b8498]]></ToUserName>
<FromUserName><![CDATA[oc2pYwKHDCkVRfybTwnXSJ16QfCQ]]></FromUserName>
<CreateTime>1454382871</CreateTime>
<MsgType><![CDATA[text]]></MsgType>
<Content><![CDATA[抢楼]]></Content>
<MsgId>6246526867211151858</MsgId>
</xml>

2016-02-02 11:14:31 params :
------------
Array:
message : Array ;
module : superman_floor ;
rule : 364 ;
priority : 0 ;
keyword : Array ;

2016-02-02 11:14:31 response :
------------
Array:
FromUserName : gh_ccbf343b8498 ;
ToUserName : oc2pYwKHDCkVRfybTwnXSJ16QfCQ ;
MsgType : news ;
ArticleCount : 1 ;
Articles : Array ;

2016-02-02 11:27:47 trace :
------------
String:
<xml><ToUserName><![CDATA[gh_ccbf343b8498]]></ToUserName>
<FromUserName><![CDATA[oc2pYwKHDCkVRfybTwnXSJ16QfCQ]]></FromUserName>
<CreateTime>1454383667</CreateTime>
<MsgType><![CDATA[text]]></MsgType>
<Content><![CDATA[砍价]]></Content>
<MsgId>6246530286005119675</MsgId>
</xml>

2016-02-02 11:27:47 params :
------------
Array:
message : Array ;
module : mon_wkj ;
rule : 365 ;
priority : 0 ;
keyword : Array ;

2016-02-02 11:27:47 response :
------------
Array:
FromUserName : gh_ccbf343b8498 ;
ToUserName : oc2pYwKHDCkVRfybTwnXSJ16QfCQ ;
MsgType : news ;
ArticleCount : 1 ;
Articles : Array ;

2016-02-02 12:05:26 trace :
------------
String:
<xml><ToUserName><![CDATA[gh_80cdec6dd855]]></ToUserName>
<FromUserName><![CDATA[omSUBt9SWYylSTQQelT9ykZd08G4]]></FromUserName>
<CreateTime>1454385925</CreateTime>
<MsgType><![CDATA[event]]></MsgType>
<Event><![CDATA[unsubscribe]]></Event>
<EventKey><![CDATA[]]></EventKey>
</xml>

2016-02-02 12:07:57 trace :
------------
String:
<xml><ToUserName><![CDATA[gh_ccbf343b8498]]></ToUserName>
<FromUserName><![CDATA[oc2pYwKHDCkVRfybTwnXSJ16QfCQ]]></FromUserName>
<CreateTime>1454386077</CreateTime>
<MsgType><![CDATA[text]]></MsgType>
<Content><![CDATA[数钱]]></Content>
<MsgId>6246540636876307933</MsgId>
</xml>

2016-02-02 12:07:57 params :
------------
Array:
message : Array ;
module : cover ;
rule : 366 ;
priority : 0 ;
keyword : Array ;

2016-02-02 12:07:57 response :
------------
Array:
FromUserName : gh_ccbf343b8498 ;
ToUserName : oc2pYwKHDCkVRfybTwnXSJ16QfCQ ;
MsgType : news ;
ArticleCount : 1 ;
Articles : Array ;

2016-02-02 12:12:07 trace :
------------
String:
<xml><ToUserName><![CDATA[gh_ccbf343b8498]]></ToUserName>
<FromUserName><![CDATA[oc2pYwKHDCkVRfybTwnXSJ16QfCQ]]></FromUserName>
<CreateTime>1454386324</CreateTime>
<MsgType><![CDATA[text]]></MsgType>
<Content><![CDATA[来电]]></Content>
<MsgId>6246541697733230110</MsgId>
</xml>

2016-02-02 12:12:07 params :
------------
Array:
message : Array ;
module : cover ;
rule : 367 ;
priority : 0 ;
keyword : Array ;

2016-02-02 12:12:07 response :
------------
Array:
FromUserName : gh_ccbf343b8498 ;
ToUserName : oc2pYwKHDCkVRfybTwnXSJ16QfCQ ;
MsgType : news ;
ArticleCount : 1 ;
Articles : Array ;

2016-02-02 16:34:31 trace :
------------
String:
<xml><ToUserName><![CDATA[gh_ccbf343b8498]]></ToUserName>
<FromUserName><![CDATA[oc2pYwJYSyWRhDW6SzWjCRGZRYV8]]></FromUserName>
<CreateTime>1454402070</CreateTime>
<MsgType><![CDATA[event]]></MsgType>
<Event><![CDATA[subscribe]]></Event>
<EventKey><![CDATA[]]></EventKey>
</xml>

2016-02-02 16:34:31 params :
------------
Array:
rule : -2 ;
module :  ;
message : Array ;

2016-02-02 16:34:31 response :
------------

2016-02-02 16:36:11 trace :
------------
String:
<xml><ToUserName><![CDATA[gh_ccbf343b8498]]></ToUserName>
<FromUserName><![CDATA[oc2pYwJYSyWRhDW6SzWjCRGZRYV8]]></FromUserName>
<CreateTime>1454402170</CreateTime>
<MsgType><![CDATA[text]]></MsgType>
<Content><![CDATA[摇一摇]]></Content>
<MsgId>6246609755785011750</MsgId>
</xml>

2016-02-02 16:36:11 params :
------------
Array:
message : Array ;
module : mon_qmshake ;
rule : 23 ;
priority : 0 ;
keyword : Array ;

2016-02-02 16:36:11 response :
------------
Array:
FromUserName : gh_ccbf343b8498 ;
ToUserName : oc2pYwJYSyWRhDW6SzWjCRGZRYV8 ;
MsgType : news ;
ArticleCount : 1 ;
Articles : Array ;

2016-02-02 20:40:06 trace :
------------
String:
<xml><ToUserName><![CDATA[gh_ccbf343b8498]]></ToUserName>
<FromUserName><![CDATA[oc2pYwOz6Qbtpc5vzmofCoHb-_T8]]></FromUserName>
<CreateTime>1454416806</CreateTime>
<MsgType><![CDATA[event]]></MsgType>
<Event><![CDATA[unsubscribe]]></Event>
<EventKey><![CDATA[]]></EventKey>
</xml>

2016-02-02 22:36:06 trace :
------------
String:
<xml><ToUserName><![CDATA[gh_ccbf343b8498]]></ToUserName>
<FromUserName><![CDATA[oc2pYwMDtISF9KZrpB7jJJiflBeg]]></FromUserName>
<CreateTime>1454423766</CreateTime>
<MsgType><![CDATA[event]]></MsgType>
<Event><![CDATA[unsubscribe]]></Event>
<EventKey><![CDATA[]]></EventKey>
</xml>

2016-02-02 23:10:37 trace :
------------
String:
<xml><ToUserName><![CDATA[gh_4e2dc508e67f]]></ToUserName>
<FromUserName><![CDATA[oKmr0jvUwutqNlx5pNMw_GbXa_Z4]]></FromUserName>
<CreateTime>1454425837</CreateTime>
<MsgType><![CDATA[event]]></MsgType>
<Event><![CDATA[unsubscribe]]></Event>
<EventKey><![CDATA[]]></EventKey>
</xml>

