2016-08-12 11:58:50 trace :
------------
String:
<xml><ToUserName><![CDATA[gh_d5c808a7666e]]></ToUserName>
<FromUserName><![CDATA[om_6jt0ZdsS0OlLSpfO0DVzyqMGU]]></FromUserName>
<CreateTime>1470974330</CreateTime>
<MsgType><![CDATA[event]]></MsgType>
<Event><![CDATA[VIEW]]></Event>
<EventKey><![CDATA[http://shanghai.xyj0772.com/app/index.php?i=1&c=entry&do=orderlist&m=weisrc_dish]]></EventKey>
<MenuId>404308051</MenuId>
</xml>

2016-08-12 11:58:50 params :
------------
Array:
rule : -2 ;
module :  ;
message : Array ;

2016-08-12 11:58:50 response :
------------

2016-08-12 11:59:46 trace :
------------
String:
<xml><ToUserName><![CDATA[gh_d5c808a7666e]]></ToUserName>
<FromUserName><![CDATA[om_6jt0ZdsS0OlLSpfO0DVzyqMGU]]></FromUserName>
<CreateTime>1470974385</CreateTime>
<MsgType><![CDATA[event]]></MsgType>
<Event><![CDATA[VIEW]]></Event>
<EventKey><![CDATA[http://shanghai.xyj0772.com/app/index.php?i=1&c=entry&eid=22]]></EventKey>
<MenuId>404308051</MenuId>
</xml>

2016-08-12 11:59:46 params :
------------
Array:
rule : -2 ;
module :  ;
message : Array ;

2016-08-12 11:59:46 response :
------------

2016-08-12 12:00:16 trace :
------------
String:
<xml><ToUserName><![CDATA[gh_d5c808a7666e]]></ToUserName>
<FromUserName><![CDATA[om_6jt0ZdsS0OlLSpfO0DVzyqMGU]]></FromUserName>
<CreateTime>1470974416</CreateTime>
<MsgType><![CDATA[event]]></MsgType>
<Event><![CDATA[VIEW]]></Event>
<EventKey><![CDATA[http://shanghai.xyj0772.com/app/index.php?i=1&c=entry&eid=22]]></EventKey>
<MenuId>404308051</MenuId>
</xml>

2016-08-12 12:00:16 params :
------------
Array:
rule : -2 ;
module :  ;
message : Array ;

2016-08-12 12:00:16 response :
------------

