2016-05-05 07:59:25 trace :
------------
String:
<xml><ToUserName><![CDATA[gh_d5c808a7666e]]></ToUserName>
<FromUserName><![CDATA[om_6jtwK1SqXYxH3qyYgABWGiCR4]]></FromUserName>
<CreateTime>1462406352</CreateTime>
<MsgType><![CDATA[event]]></MsgType>
<Event><![CDATA[VIEW]]></Event>
<EventKey><![CDATA[http://wqq.xyj0772.com/app/index.php?i=2&c=entry&eid=512]]></EventKey>
<MenuId>404080332</MenuId>
</xml>

2016-05-05 07:59:25 params :
------------
Array:
rule : -2 ;
module :  ;
message : Array ;

2016-05-05 07:59:25 response :
------------

2016-05-05 09:10:19 trace :
------------
String:
<xml><ToUserName><![CDATA[gh_d5c808a7666e]]></ToUserName>
<FromUserName><![CDATA[om_6jt9nx0Vn3i2pXSydeJEeGeUU]]></FromUserName>
<CreateTime>1462410617</CreateTime>
<MsgType><![CDATA[event]]></MsgType>
<Event><![CDATA[LOCATION]]></Event>
<Latitude>24.307634</Latitude>
<Longitude>109.403122</Longitude>
<Precision>65.000000</Precision>
</xml>

2016-05-05 09:10:19 params :
------------
Array:
message : Array ;
module : default ;
rule : -1 ;

2016-05-05 09:10:19 response :
------------
Array:
errno : -1 ;
message : Invaild value ;

2016-05-05 09:10:20 trace :
------------
String:
<xml><ToUserName><![CDATA[gh_d5c808a7666e]]></ToUserName>
<FromUserName><![CDATA[om_6jt9nx0Vn3i2pXSydeJEeGeUU]]></FromUserName>
<CreateTime>1462410618</CreateTime>
<MsgType><![CDATA[event]]></MsgType>
<Event><![CDATA[VIEW]]></Event>
<EventKey><![CDATA[http://wqq.xyj0772.com/app/index.php?i=2&c=entry&eid=512]]></EventKey>
<MenuId>404080332</MenuId>
</xml>

2016-05-05 09:10:20 params :
------------
Array:
rule : -2 ;
module :  ;
message : Array ;

2016-05-05 09:10:20 response :
------------

2016-05-05 09:26:49 trace :
------------
String:
<xml><ToUserName><![CDATA[gh_d5c808a7666e]]></ToUserName>
<FromUserName><![CDATA[om_6jt9nx0Vn3i2pXSydeJEeGeUU]]></FromUserName>
<CreateTime>1462411604</CreateTime>
<MsgType><![CDATA[event]]></MsgType>
<Event><![CDATA[VIEW]]></Event>
<EventKey><![CDATA[http://wqq.xyj0772.com/app/index.php?i=2&c=entry&eid=512]]></EventKey>
<MenuId>404080332</MenuId>
</xml>

2016-05-05 09:26:49 params :
------------
Array:
rule : -2 ;
module :  ;
message : Array ;

2016-05-05 09:26:49 response :
------------

2016-05-05 09:27:22 trace :
------------
String:
<xml><ToUserName><![CDATA[gh_d5c808a7666e]]></ToUserName>
<FromUserName><![CDATA[om_6jt9nx0Vn3i2pXSydeJEeGeUU]]></FromUserName>
<CreateTime>1462411636</CreateTime>
<MsgType><![CDATA[event]]></MsgType>
<Event><![CDATA[LOCATION]]></Event>
<Latitude>24.307573</Latitude>
<Longitude>109.403069</Longitude>
<Precision>65.000000</Precision>
</xml>

2016-05-05 09:27:22 params :
------------
Array:
message : Array ;
module : default ;
rule : -1 ;

2016-05-05 09:27:22 response :
------------
Array:
errno : -1 ;
message : Invaild value ;

2016-05-05 09:33:41 trace :
------------
String:
<xml><ToUserName><![CDATA[gh_d5c808a7666e]]></ToUserName>
<FromUserName><![CDATA[om_6jt9nx0Vn3i2pXSydeJEeGeUU]]></FromUserName>
<CreateTime>1462412013</CreateTime>
<MsgType><![CDATA[event]]></MsgType>
<Event><![CDATA[VIEW]]></Event>
<EventKey><![CDATA[http://wqq.xyj0772.com/app/index.php?i=2&c=home&]]></EventKey>
<MenuId>404094955</MenuId>
</xml>

2016-05-05 09:33:41 params :
------------
Array:
rule : -2 ;
module :  ;
message : Array ;

2016-05-05 09:33:41 response :
------------

2016-05-05 09:34:54 trace :
------------
String:
<xml><ToUserName><![CDATA[gh_d5c808a7666e]]></ToUserName>
<FromUserName><![CDATA[om_6jt9nx0Vn3i2pXSydeJEeGeUU]]></FromUserName>
<CreateTime>1462412085</CreateTime>
<MsgType><![CDATA[event]]></MsgType>
<Event><![CDATA[VIEW]]></Event>
<EventKey><![CDATA[http://wqq.xyj0772.com/app/index.php?i=2&c=home&]]></EventKey>
<MenuId>404094955</MenuId>
</xml>

2016-05-05 09:34:54 params :
------------
Array:
rule : -2 ;
module :  ;
message : Array ;

2016-05-05 09:34:54 response :
------------

2016-05-05 09:36:33 trace :
------------
String:
<xml><ToUserName><![CDATA[gh_d5c808a7666e]]></ToUserName>
<FromUserName><![CDATA[om_6jt9nx0Vn3i2pXSydeJEeGeUU]]></FromUserName>
<CreateTime>1462412183</CreateTime>
<MsgType><![CDATA[event]]></MsgType>
<Event><![CDATA[LOCATION]]></Event>
<Latitude>24.307592</Latitude>
<Longitude>109.403069</Longitude>
<Precision>65.000000</Precision>
</xml>

2016-05-05 09:36:33 params :
------------
Array:
message : Array ;
module : default ;
rule : -1 ;

2016-05-05 09:36:33 response :
------------
Array:
errno : -1 ;
message : Invaild value ;

2016-05-05 09:36:35 trace :
------------
String:
<xml><ToUserName><![CDATA[gh_d5c808a7666e]]></ToUserName>
<FromUserName><![CDATA[om_6jt9nx0Vn3i2pXSydeJEeGeUU]]></FromUserName>
<CreateTime>1462412185</CreateTime>
<MsgType><![CDATA[event]]></MsgType>
<Event><![CDATA[VIEW]]></Event>
<EventKey><![CDATA[http://wqq.xyj0772.com/app/index.php?i=2&c=entry&eid=516]]></EventKey>
<MenuId>404094955</MenuId>
</xml>

2016-05-05 09:36:35 params :
------------
Array:
rule : -2 ;
module :  ;
message : Array ;

2016-05-05 09:36:35 response :
------------

2016-05-05 09:36:58 trace :
------------
String:
<xml><ToUserName><![CDATA[gh_d5c808a7666e]]></ToUserName>
<FromUserName><![CDATA[om_6jt9nx0Vn3i2pXSydeJEeGeUU]]></FromUserName>
<CreateTime>1462412208</CreateTime>
<MsgType><![CDATA[event]]></MsgType>
<Event><![CDATA[LOCATION]]></Event>
<Latitude>24.307592</Latitude>
<Longitude>109.403069</Longitude>
<Precision>65.000000</Precision>
</xml>

2016-05-05 09:36:58 params :
------------
Array:
message : Array ;
module : default ;
rule : -1 ;

2016-05-05 09:36:58 response :
------------
Array:
errno : -1 ;
message : Invaild value ;

2016-05-05 09:36:59 trace :
------------
String:
<xml><ToUserName><![CDATA[gh_d5c808a7666e]]></ToUserName>
<FromUserName><![CDATA[om_6jt9nx0Vn3i2pXSydeJEeGeUU]]></FromUserName>
<CreateTime>1462412208</CreateTime>
<MsgType><![CDATA[event]]></MsgType>
<Event><![CDATA[VIEW]]></Event>
<EventKey><![CDATA[http://wqq.xyj0772.com/app/index.php?i=2&c=home&]]></EventKey>
<MenuId>404094955</MenuId>
</xml>

2016-05-05 09:36:59 params :
------------
Array:
rule : -2 ;
module :  ;
message : Array ;

2016-05-05 09:36:59 response :
------------

2016-05-05 09:39:18 trace :
------------
String:
<xml><ToUserName><![CDATA[gh_d5c808a7666e]]></ToUserName>
<FromUserName><![CDATA[om_6jt8yhJ1OMReBHgaxfs-XHga4]]></FromUserName>
<CreateTime>1462412347</CreateTime>
<MsgType><![CDATA[event]]></MsgType>
<Event><![CDATA[LOCATION]]></Event>
<Latitude>24.307774</Latitude>
<Longitude>109.403175</Longitude>
<Precision>65.000000</Precision>
</xml>

2016-05-05 09:39:18 params :
------------
Array:
message : Array ;
module : default ;
rule : -1 ;

2016-05-05 09:39:18 response :
------------
Array:
errno : -1 ;
message : Invaild value ;

2016-05-05 09:39:22 trace :
------------
String:
<xml><ToUserName><![CDATA[gh_d5c808a7666e]]></ToUserName>
<FromUserName><![CDATA[om_6jt8yhJ1OMReBHgaxfs-XHga4]]></FromUserName>
<CreateTime>1462412350</CreateTime>
<MsgType><![CDATA[event]]></MsgType>
<Event><![CDATA[VIEW]]></Event>
<EventKey><![CDATA[http://wqq.xyj0772.com/app/index.php?i=2&c=home&]]></EventKey>
<MenuId>404094955</MenuId>
</xml>

2016-05-05 09:39:22 params :
------------
Array:
rule : -2 ;
module :  ;
message : Array ;

2016-05-05 09:39:22 response :
------------

2016-05-05 09:40:28 trace :
------------
String:
<xml><ToUserName><![CDATA[gh_d5c808a7666e]]></ToUserName>
<FromUserName><![CDATA[om_6jt8yhJ1OMReBHgaxfs-XHga4]]></FromUserName>
<CreateTime>1462412415</CreateTime>
<MsgType><![CDATA[event]]></MsgType>
<Event><![CDATA[VIEW]]></Event>
<EventKey><![CDATA[http://wqq.xyj0772.com/app/index.php?i=2&c=home&]]></EventKey>
<MenuId>404094955</MenuId>
</xml>

2016-05-05 09:40:28 params :
------------
Array:
rule : -2 ;
module :  ;
message : Array ;

2016-05-05 09:40:28 response :
------------

2016-05-05 09:40:43 trace :
------------
String:
<xml><ToUserName><![CDATA[gh_d5c808a7666e]]></ToUserName>
<FromUserName><![CDATA[om_6jt9nx0Vn3i2pXSydeJEeGeUU]]></FromUserName>
<CreateTime>1462412430</CreateTime>
<MsgType><![CDATA[event]]></MsgType>
<Event><![CDATA[VIEW]]></Event>
<EventKey><![CDATA[http://wqq.xyj0772.com/app/index.php?i=2&c=home&]]></EventKey>
<MenuId>404094955</MenuId>
</xml>

2016-05-05 09:40:43 params :
------------
Array:
rule : -2 ;
module :  ;
message : Array ;

2016-05-05 09:40:43 response :
------------

2016-05-05 09:41:05 trace :
------------
String:
<xml><ToUserName><![CDATA[gh_d5c808a7666e]]></ToUserName>
<FromUserName><![CDATA[om_6jt8yhJ1OMReBHgaxfs-XHga4]]></FromUserName>
<CreateTime>1462412452</CreateTime>
<MsgType><![CDATA[event]]></MsgType>
<Event><![CDATA[VIEW]]></Event>
<EventKey><![CDATA[http://wqq.xyj0772.com/app/index.php?i=2&c=entry&eid=516]]></EventKey>
<MenuId>404094955</MenuId>
</xml>

2016-05-05 09:41:05 params :
------------
Array:
rule : -2 ;
module :  ;
message : Array ;

2016-05-05 09:41:05 response :
------------

2016-05-05 09:41:31 trace :
------------
String:
<xml><ToUserName><![CDATA[gh_d5c808a7666e]]></ToUserName>
<FromUserName><![CDATA[om_6jt9nx0Vn3i2pXSydeJEeGeUU]]></FromUserName>
<CreateTime>1462412477</CreateTime>
<MsgType><![CDATA[event]]></MsgType>
<Event><![CDATA[VIEW]]></Event>
<EventKey><![CDATA[http://wqq.xyj0772.com/app/index.php?i=2&c=home&]]></EventKey>
<MenuId>404094955</MenuId>
</xml>

2016-05-05 09:41:31 params :
------------
Array:
rule : -2 ;
module :  ;
message : Array ;

2016-05-05 09:41:31 response :
------------

2016-05-05 09:41:33 trace :
------------
String:
<xml><ToUserName><![CDATA[gh_d5c808a7666e]]></ToUserName>
<FromUserName><![CDATA[om_6jt8yhJ1OMReBHgaxfs-XHga4]]></FromUserName>
<CreateTime>1462412479</CreateTime>
<MsgType><![CDATA[event]]></MsgType>
<Event><![CDATA[VIEW]]></Event>
<EventKey><![CDATA[http://wqq.xyj0772.com/app/index.php?i=2&c=home&]]></EventKey>
<MenuId>404094955</MenuId>
</xml>

2016-05-05 09:41:33 params :
------------
Array:
rule : -2 ;
module :  ;
message : Array ;

2016-05-05 09:41:33 response :
------------

2016-05-05 09:42:34 trace :
------------
String:
<xml><ToUserName><![CDATA[gh_d5c808a7666e]]></ToUserName>
<FromUserName><![CDATA[om_6jt8yhJ1OMReBHgaxfs-XHga4]]></FromUserName>
<CreateTime>1462412539</CreateTime>
<MsgType><![CDATA[event]]></MsgType>
<Event><![CDATA[VIEW]]></Event>
<EventKey><![CDATA[http://wqq.xyj0772.com/app/index.php?i=2&c=home&]]></EventKey>
<MenuId>404094955</MenuId>
</xml>

2016-05-05 09:42:34 params :
------------
Array:
rule : -2 ;
module :  ;
message : Array ;

2016-05-05 09:42:34 response :
------------

2016-05-05 09:47:51 trace :
------------
String:
<xml><ToUserName><![CDATA[gh_d5c808a7666e]]></ToUserName>
<FromUserName><![CDATA[om_6jt8yhJ1OMReBHgaxfs-XHga4]]></FromUserName>
<CreateTime>1462412853</CreateTime>
<MsgType><![CDATA[event]]></MsgType>
<Event><![CDATA[VIEW]]></Event>
<EventKey><![CDATA[http://wqq.xyj0772.com/app/index.php?i=2&c=home&]]></EventKey>
<MenuId>404094955</MenuId>
</xml>

2016-05-05 09:47:51 params :
------------
Array:
rule : -2 ;
module :  ;
message : Array ;

2016-05-05 09:47:51 response :
------------

2016-05-05 10:00:35 trace :
------------
String:
<xml><ToUserName><![CDATA[gh_d5c808a7666e]]></ToUserName>
<FromUserName><![CDATA[om_6jt9nx0Vn3i2pXSydeJEeGeUU]]></FromUserName>
<CreateTime>1462413610</CreateTime>
<MsgType><![CDATA[event]]></MsgType>
<Event><![CDATA[LOCATION]]></Event>
<Latitude>24.307587</Latitude>
<Longitude>109.403069</Longitude>
<Precision>65.000000</Precision>
</xml>

2016-05-05 10:00:35 params :
------------
Array:
message : Array ;
module : default ;
rule : -1 ;

2016-05-05 10:00:35 response :
------------
Array:
errno : -1 ;
message : Invaild value ;

2016-05-05 10:00:37 trace :
------------
String:
<xml><ToUserName><![CDATA[gh_d5c808a7666e]]></ToUserName>
<FromUserName><![CDATA[om_6jt9nx0Vn3i2pXSydeJEeGeUU]]></FromUserName>
<CreateTime>1462413612</CreateTime>
<MsgType><![CDATA[event]]></MsgType>
<Event><![CDATA[VIEW]]></Event>
<EventKey><![CDATA[http://wqq.xyj0772.com/app/index.php?i=2&c=home&]]></EventKey>
<MenuId>404094955</MenuId>
</xml>

2016-05-05 10:00:37 params :
------------
Array:
rule : -2 ;
module :  ;
message : Array ;

2016-05-05 10:00:37 response :
------------

2016-05-05 10:00:46 trace :
------------
String:
<xml><ToUserName><![CDATA[gh_d5c808a7666e]]></ToUserName>
<FromUserName><![CDATA[om_6jt9nx0Vn3i2pXSydeJEeGeUU]]></FromUserName>
<CreateTime>1462413621</CreateTime>
<MsgType><![CDATA[event]]></MsgType>
<Event><![CDATA[VIEW]]></Event>
<EventKey><![CDATA[http://wqq.xyj0772.com/app/index.php?i=2&c=home&]]></EventKey>
<MenuId>404094955</MenuId>
</xml>

2016-05-05 10:00:47 params :
------------
Array:
rule : -2 ;
module :  ;
message : Array ;

2016-05-05 10:00:47 response :
------------

2016-05-05 10:01:14 trace :
------------
String:
<xml><ToUserName><![CDATA[gh_d5c808a7666e]]></ToUserName>
<FromUserName><![CDATA[om_6jt9nx0Vn3i2pXSydeJEeGeUU]]></FromUserName>
<CreateTime>1462413649</CreateTime>
<MsgType><![CDATA[event]]></MsgType>
<Event><![CDATA[VIEW]]></Event>
<EventKey><![CDATA[http://wqq.xyj0772.com/app/index.php?i=2&c=home&]]></EventKey>
<MenuId>404094955</MenuId>
</xml>

2016-05-05 10:01:14 params :
------------
Array:
rule : -2 ;
module :  ;
message : Array ;

2016-05-05 10:01:14 response :
------------

2016-05-05 10:01:35 trace :
------------
String:
<xml><ToUserName><![CDATA[gh_d5c808a7666e]]></ToUserName>
<FromUserName><![CDATA[om_6jt9nx0Vn3i2pXSydeJEeGeUU]]></FromUserName>
<CreateTime>1462413669</CreateTime>
<MsgType><![CDATA[event]]></MsgType>
<Event><![CDATA[VIEW]]></Event>
<EventKey><![CDATA[http://wqq.xyj0772.com/app/index.php?i=2&c=home&]]></EventKey>
<MenuId>404094955</MenuId>
</xml>

2016-05-05 10:01:35 params :
------------
Array:
rule : -2 ;
module :  ;
message : Array ;

2016-05-05 10:01:35 response :
------------

2016-05-05 10:01:40 trace :
------------
String:
<xml><ToUserName><![CDATA[gh_d5c808a7666e]]></ToUserName>
<FromUserName><![CDATA[om_6jt9nx0Vn3i2pXSydeJEeGeUU]]></FromUserName>
<CreateTime>1462413699</CreateTime>
<MsgType><![CDATA[event]]></MsgType>
<Event><![CDATA[VIEW]]></Event>
<EventKey><![CDATA[http://wqq.xyj0772.com/app/index.php?i=2&c=home&]]></EventKey>
<MenuId>404094955</MenuId>
</xml>

2016-05-05 10:01:40 params :
------------
Array:
rule : -2 ;
module :  ;
message : Array ;

2016-05-05 10:01:40 response :
------------

2016-05-05 10:01:57 trace :
------------
String:
<xml><ToUserName><![CDATA[gh_d5c808a7666e]]></ToUserName>
<FromUserName><![CDATA[om_6jt9nx0Vn3i2pXSydeJEeGeUU]]></FromUserName>
<CreateTime>1462413717</CreateTime>
<MsgType><![CDATA[event]]></MsgType>
<Event><![CDATA[LOCATION]]></Event>
<Latitude>24.307510</Latitude>
<Longitude>109.403084</Longitude>
<Precision>65.000000</Precision>
</xml>

2016-05-05 10:01:57 params :
------------
Array:
message : Array ;
module : default ;
rule : -1 ;

2016-05-05 10:01:57 response :
------------
Array:
errno : -1 ;
message : Invaild value ;

2016-05-05 10:02:00 trace :
------------
String:
<xml><ToUserName><![CDATA[gh_d5c808a7666e]]></ToUserName>
<FromUserName><![CDATA[om_6jt9nx0Vn3i2pXSydeJEeGeUU]]></FromUserName>
<CreateTime>1462413719</CreateTime>
<MsgType><![CDATA[event]]></MsgType>
<Event><![CDATA[VIEW]]></Event>
<EventKey><![CDATA[http://wqq.xyj0772.com/app/index.php?i=2&c=home&]]></EventKey>
<MenuId>404094955</MenuId>
</xml>

2016-05-05 10:02:00 params :
------------
Array:
rule : -2 ;
module :  ;
message : Array ;

2016-05-05 10:02:00 response :
------------

2016-05-05 11:27:51 trace :
------------
String:
<xml><ToUserName><![CDATA[gh_d5c808a7666e]]></ToUserName>
<FromUserName><![CDATA[om_6jt5SDZmJVfSo1qmMhEqHBcUo]]></FromUserName>
<CreateTime>1462418874</CreateTime>
<MsgType><![CDATA[event]]></MsgType>
<Event><![CDATA[WifiConnected]]></Event><ConnectTime>1462418874</ConnectTime><ExpireTime>0</ExpireTime><VendorId><![CDATA[3001224419]]></VendorId><ShopId><![CDATA[7737770]]></ShopId><DeviceNo><![CDATA[70:3a:d8:30:e6:e0]]></DeviceNo></xml>

2016-05-05 11:27:51 params :
------------
Array:
rule : -2 ;
module :  ;
message : Array ;

2016-05-05 11:27:51 response :
------------

2016-05-05 15:38:39 trace :
------------
String:
<xml><ToUserName><![CDATA[gh_d5c808a7666e]]></ToUserName>
<FromUserName><![CDATA[om_6jt9nx0Vn3i2pXSydeJEeGeUU]]></FromUserName>
<CreateTime>1462433922</CreateTime>
<MsgType><![CDATA[event]]></MsgType>
<Event><![CDATA[VIEW]]></Event>
<EventKey><![CDATA[http://wqq.xyj0772.com/app/index.php?i=2&c=home&]]></EventKey>
<MenuId>404094955</MenuId>
</xml>

2016-05-05 15:38:39 params :
------------
Array:
rule : -2 ;
module :  ;
message : Array ;

2016-05-05 15:38:39 response :
------------

2016-05-05 15:38:45 trace :
------------
String:
<xml><ToUserName><![CDATA[gh_d5c808a7666e]]></ToUserName>
<FromUserName><![CDATA[om_6jt9nx0Vn3i2pXSydeJEeGeUU]]></FromUserName>
<CreateTime>1462433928</CreateTime>
<MsgType><![CDATA[event]]></MsgType>
<Event><![CDATA[CLICK]]></Event>
<EventKey><![CDATA[花店海报]]></EventKey>
</xml>

2016-05-05 15:39:03 trace :
------------
String:
<xml><ToUserName><![CDATA[gh_d5c808a7666e]]></ToUserName>
<FromUserName><![CDATA[om_6jt9nx0Vn3i2pXSydeJEeGeUU]]></FromUserName>
<CreateTime>1462433945</CreateTime>
<MsgType><![CDATA[event]]></MsgType>
<Event><![CDATA[LOCATION]]></Event>
<Latitude>24.307465</Latitude>
<Longitude>109.403114</Longitude>
<Precision>65.000000</Precision>
</xml>

2016-05-05 15:39:03 params :
------------
Array:
message : Array ;
module : default ;
rule : -1 ;

2016-05-05 15:39:03 response :
------------
Array:
errno : -1 ;
message : Invaild value ;

2016-05-05 15:39:14 trace :
------------
String:
<xml><ToUserName><![CDATA[gh_d5c808a7666e]]></ToUserName>
<FromUserName><![CDATA[om_6jt9nx0Vn3i2pXSydeJEeGeUU]]></FromUserName>
<CreateTime>1462433957</CreateTime>
<MsgType><![CDATA[event]]></MsgType>
<Event><![CDATA[LOCATION]]></Event>
<Latitude>24.307552</Latitude>
<Longitude>109.403099</Longitude>
<Precision>65.000000</Precision>
</xml>

2016-05-05 15:39:14 params :
------------
Array:
message : Array ;
module : default ;
rule : -1 ;

2016-05-05 15:39:14 response :
------------
Array:
errno : -1 ;
message : Invaild value ;

2016-05-05 15:39:14 trace :
------------
String:
<xml><ToUserName><![CDATA[gh_d5c808a7666e]]></ToUserName>
<FromUserName><![CDATA[om_6jt-U85eRGI8XQi614T3W6yCE]]></FromUserName>
<CreateTime>1462433957</CreateTime>
<MsgType><![CDATA[event]]></MsgType>
<Event><![CDATA[subscribe]]></Event>
<EventKey><![CDATA[qrscene_b8a130d2efd991dfc576c5128e69b2bc]]></EventKey>
<Ticket><![CDATA[gQG67zoAAAAAAAAAASxodHRwOi8vd2VpeGluLnFxLmNvbS9xL2VVeEp5aFhraFNUOGZuTDVuR1JmAAIEDS8XVwMEAAAAAA==]]></Ticket>
</xml>

2016-05-05 15:39:15 trace :
------------
String:
<xml><ToUserName><![CDATA[gh_d5c808a7666e]]></ToUserName>
<FromUserName><![CDATA[om_6jt9nx0Vn3i2pXSydeJEeGeUU]]></FromUserName>
<CreateTime>1462433957</CreateTime>
<MsgType><![CDATA[event]]></MsgType>
<Event><![CDATA[VIEW]]></Event>
<EventKey><![CDATA[http://wqq.xyj0772.com/app/index.php?i=2&c=home&]]></EventKey>
<MenuId>404094955</MenuId>
</xml>

2016-05-05 15:39:15 params :
------------
Array:
rule : -2 ;
module :  ;
message : Array ;

2016-05-05 15:39:15 response :
------------

2016-05-05 15:39:56 trace :
------------
String:
<xml><ToUserName><![CDATA[gh_d5c808a7666e]]></ToUserName>
<FromUserName><![CDATA[om_6jt-U85eRGI8XQi614T3W6yCE]]></FromUserName>
<CreateTime>1462433999</CreateTime>
<MsgType><![CDATA[event]]></MsgType>
<Event><![CDATA[VIEW]]></Event>
<EventKey><![CDATA[http://wqq.xyj0772.com/app/index.php?i=2&c=home&]]></EventKey>
<MenuId>404094955</MenuId>
</xml>

2016-05-05 15:39:56 params :
------------
Array:
rule : -2 ;
module :  ;
message : Array ;

2016-05-05 15:39:56 response :
------------

2016-05-05 15:40:10 trace :
------------
String:
<xml><ToUserName><![CDATA[gh_d5c808a7666e]]></ToUserName>
<FromUserName><![CDATA[om_6jt-U85eRGI8XQi614T3W6yCE]]></FromUserName>
<CreateTime>1462434012</CreateTime>
<MsgType><![CDATA[event]]></MsgType>
<Event><![CDATA[VIEW]]></Event>
<EventKey><![CDATA[http://wqq.xyj0772.com/app/index.php?i=2&c=home&]]></EventKey>
<MenuId>404094955</MenuId>
</xml>

2016-05-05 15:40:10 params :
------------
Array:
rule : -2 ;
module :  ;
message : Array ;

2016-05-05 15:40:10 response :
------------

2016-05-05 15:40:39 trace :
------------
String:
<xml><ToUserName><![CDATA[gh_d5c808a7666e]]></ToUserName>
<FromUserName><![CDATA[om_6jt9nx0Vn3i2pXSydeJEeGeUU]]></FromUserName>
<CreateTime>1462434042</CreateTime>
<MsgType><![CDATA[event]]></MsgType>
<Event><![CDATA[LOCATION]]></Event>
<Latitude>24.307602</Latitude>
<Longitude>109.403137</Longitude>
<Precision>65.000000</Precision>
</xml>

2016-05-05 15:40:39 params :
------------
Array:
message : Array ;
module : default ;
rule : -1 ;

2016-05-05 15:40:39 response :
------------
Array:
errno : -1 ;
message : Invaild value ;

2016-05-05 15:46:38 trace :
------------
String:
<xml><ToUserName><![CDATA[gh_d5c808a7666e]]></ToUserName>
<FromUserName><![CDATA[om_6jt-U85eRGI8XQi614T3W6yCE]]></FromUserName>
<CreateTime>1462434401</CreateTime>
<MsgType><![CDATA[event]]></MsgType>
<Event><![CDATA[VIEW]]></Event>
<EventKey><![CDATA[http://wqq.xyj0772.com/app/index.php?i=2&c=home&]]></EventKey>
<MenuId>404094955</MenuId>
</xml>

2016-05-05 15:46:38 params :
------------
Array:
rule : -2 ;
module :  ;
message : Array ;

2016-05-05 15:46:38 response :
------------

2016-05-05 15:46:50 trace :
------------
String:
<xml><ToUserName><![CDATA[gh_d5c808a7666e]]></ToUserName>
<FromUserName><![CDATA[om_6jt-U85eRGI8XQi614T3W6yCE]]></FromUserName>
<CreateTime>1462434413</CreateTime>
<MsgType><![CDATA[event]]></MsgType>
<Event><![CDATA[VIEW]]></Event>
<EventKey><![CDATA[http://wqq.xyj0772.com/app/index.php?i=2&c=home&]]></EventKey>
<MenuId>404094955</MenuId>
</xml>

2016-05-05 15:46:50 params :
------------
Array:
rule : -2 ;
module :  ;
message : Array ;

2016-05-05 15:46:50 response :
------------

2016-05-05 15:47:19 trace :
------------
String:
<xml><ToUserName><![CDATA[gh_d5c808a7666e]]></ToUserName>
<FromUserName><![CDATA[om_6jt-U85eRGI8XQi614T3W6yCE]]></FromUserName>
<CreateTime>1462434443</CreateTime>
<MsgType><![CDATA[event]]></MsgType>
<Event><![CDATA[VIEW]]></Event>
<EventKey><![CDATA[http://wqq.xyj0772.com/app/index.php?i=2&c=home&]]></EventKey>
<MenuId>404094955</MenuId>
</xml>

2016-05-05 15:47:19 params :
------------
Array:
rule : -2 ;
module :  ;
message : Array ;

2016-05-05 15:47:19 response :
------------

2016-05-05 15:48:30 trace :
------------
String:
<xml><ToUserName><![CDATA[gh_d5c808a7666e]]></ToUserName>
<FromUserName><![CDATA[om_6jt9nx0Vn3i2pXSydeJEeGeUU]]></FromUserName>
<CreateTime>1462434513</CreateTime>
<MsgType><![CDATA[event]]></MsgType>
<Event><![CDATA[VIEW]]></Event>
<EventKey><![CDATA[http://wqq.xyj0772.com/app/index.php?i=2&c=entry&eid=512]]></EventKey>
<MenuId>404094999</MenuId>
</xml>

2016-05-05 15:48:30 params :
------------
Array:
rule : -2 ;
module :  ;
message : Array ;

2016-05-05 15:48:30 response :
------------

2016-05-05 15:51:00 trace :
------------
String:
<xml><ToUserName><![CDATA[gh_d5c808a7666e]]></ToUserName>
<FromUserName><![CDATA[om_6jt-U85eRGI8XQi614T3W6yCE]]></FromUserName>
<CreateTime>1462434664</CreateTime>
<MsgType><![CDATA[event]]></MsgType>
<Event><![CDATA[VIEW]]></Event>
<EventKey><![CDATA[http://wqq.xyj0772.com/app/index.php?i=2&c=home&]]></EventKey>
<MenuId>404094955</MenuId>
</xml>

2016-05-05 15:51:00 params :
------------
Array:
rule : -2 ;
module :  ;
message : Array ;

2016-05-05 15:51:00 response :
------------

2016-05-05 15:51:48 trace :
------------
String:
<xml><ToUserName><![CDATA[gh_d5c808a7666e]]></ToUserName>
<FromUserName><![CDATA[om_6jt-U85eRGI8XQi614T3W6yCE]]></FromUserName>
<CreateTime>1462434712</CreateTime>
<MsgType><![CDATA[event]]></MsgType>
<Event><![CDATA[VIEW]]></Event>
<EventKey><![CDATA[http://wqq.xyj0772.com/app/index.php?i=2&c=home&]]></EventKey>
<MenuId>404094955</MenuId>
</xml>

2016-05-05 15:51:48 params :
------------
Array:
rule : -2 ;
module :  ;
message : Array ;

2016-05-05 15:51:48 response :
------------

2016-05-05 15:57:37 trace :
------------
String:
<xml><ToUserName><![CDATA[gh_d5c808a7666e]]></ToUserName>
<FromUserName><![CDATA[om_6jt-U85eRGI8XQi614T3W6yCE]]></FromUserName>
<CreateTime>1462435061</CreateTime>
<MsgType><![CDATA[event]]></MsgType>
<Event><![CDATA[VIEW]]></Event>
<EventKey><![CDATA[http://wqq.xyj0772.com/app/index.php?i=2&c=entry&eid=512]]></EventKey>
<MenuId>404094999</MenuId>
</xml>

2016-05-05 15:57:37 params :
------------
Array:
rule : -2 ;
module :  ;
message : Array ;

2016-05-05 15:57:37 response :
------------

2016-05-05 16:39:27 trace :
------------
String:
<xml><ToUserName><![CDATA[gh_d5c808a7666e]]></ToUserName>
<FromUserName><![CDATA[om_6jt9nx0Vn3i2pXSydeJEeGeUU]]></FromUserName>
<CreateTime>1462437567</CreateTime>
<MsgType><![CDATA[event]]></MsgType>
<Event><![CDATA[LOCATION]]></Event>
<Latitude>24.307461</Latitude>
<Longitude>109.403320</Longitude>
<Precision>65.000000</Precision>
</xml>

2016-05-05 16:39:27 params :
------------
Array:
message : Array ;
module : default ;
rule : -1 ;

2016-05-05 16:39:27 response :
------------
Array:
errno : -1 ;
message : Invaild value ;

