2016-08-09 06:41:39 trace :
------------
String:
<xml><ToUserName><![CDATA[gh_d5c808a7666e]]></ToUserName>
<FromUserName><![CDATA[om_6jtz-F_ksqIRx8-YDBKBH1-eE]]></FromUserName>
<CreateTime>1470696098</CreateTime>
<MsgType><![CDATA[event]]></MsgType>
<Event><![CDATA[subscribe]]></Event>
<EventKey><![CDATA[]]></EventKey>
</xml>

2016-08-09 06:41:39 params :
------------
Array:
rule : -2 ;
module :  ;
message : Array ;

2016-08-09 06:41:39 response :
------------

2016-08-09 06:42:01 trace :
------------
String:
<xml><ToUserName><![CDATA[gh_d5c808a7666e]]></ToUserName>
<FromUserName><![CDATA[om_6jtz-F_ksqIRx8-YDBKBH1-eE]]></FromUserName>
<CreateTime>1470696121</CreateTime>
<MsgType><![CDATA[event]]></MsgType>
<Event><![CDATA[LOCATION]]></Event>
<Latitude>24.224531</Latitude>
<Longitude>109.352722</Longitude>
<Precision>65.000000</Precision>
</xml>

2016-08-09 06:42:01 params :
------------
Array:
message : Array ;
module : default ;
rule : -1 ;

2016-08-09 06:42:01 response :
------------
Array:
errno : -1 ;
message : Invaild value ;

2016-08-09 06:42:09 trace :
------------
String:
<xml><ToUserName><![CDATA[gh_d5c808a7666e]]></ToUserName>
<FromUserName><![CDATA[om_6jtz-F_ksqIRx8-YDBKBH1-eE]]></FromUserName>
<CreateTime>1470696129</CreateTime>
<MsgType><![CDATA[event]]></MsgType>
<Event><![CDATA[VIEW]]></Event>
<EventKey><![CDATA[http://shanghai.xyj0772.com/app/index.php?i=1&c=entry&eid=22]]></EventKey>
<MenuId>404308051</MenuId>
</xml>

2016-08-09 06:42:09 params :
------------
Array:
rule : -2 ;
module :  ;
message : Array ;

2016-08-09 06:42:09 response :
------------

2016-08-09 09:15:54 trace :
------------
String:
<xml><ToUserName><![CDATA[gh_d5c808a7666e]]></ToUserName>
<FromUserName><![CDATA[om_6jt4rZ8ywZExFDI5wngOylgGw]]></FromUserName>
<CreateTime>1470705354</CreateTime>
<MsgType><![CDATA[event]]></MsgType>
<Event><![CDATA[unsubscribe]]></Event>
<EventKey><![CDATA[]]></EventKey>
</xml>

2016-08-09 10:24:31 trace :
------------
String:
<xml><ToUserName><![CDATA[gh_d5c808a7666e]]></ToUserName>
<FromUserName><![CDATA[om_6jt0ZdsS0OlLSpfO0DVzyqMGU]]></FromUserName>
<CreateTime>1470709471</CreateTime>
<MsgType><![CDATA[event]]></MsgType>
<Event><![CDATA[VIEW]]></Event>
<EventKey><![CDATA[http://shanghai.xyj0772.com/app/index.php?i=1&c=entry&eid=22]]></EventKey>
<MenuId>404308051</MenuId>
</xml>

2016-08-09 10:24:31 params :
------------
Array:
rule : -2 ;
module :  ;
message : Array ;

2016-08-09 10:24:31 response :
------------

2016-08-09 10:25:02 trace :
------------
String:
<xml><ToUserName><![CDATA[gh_d5c808a7666e]]></ToUserName>
<FromUserName><![CDATA[om_6jt0ZdsS0OlLSpfO0DVzyqMGU]]></FromUserName>
<CreateTime>1470709502</CreateTime>
<MsgType><![CDATA[event]]></MsgType>
<Event><![CDATA[VIEW]]></Event>
<EventKey><![CDATA[http://shanghai.xyj0772.com/app/index.php?i=1&c=entry&do=orderlist&m=weisrc_dish]]></EventKey>
<MenuId>404308051</MenuId>
</xml>

2016-08-09 10:25:02 params :
------------
Array:
rule : -2 ;
module :  ;
message : Array ;

2016-08-09 10:25:02 response :
------------

2016-08-09 10:29:57 trace :
------------
String:
<xml><ToUserName><![CDATA[gh_d5c808a7666e]]></ToUserName>
<FromUserName><![CDATA[om_6jt0ZdsS0OlLSpfO0DVzyqMGU]]></FromUserName>
<CreateTime>1470709797</CreateTime>
<MsgType><![CDATA[event]]></MsgType>
<Event><![CDATA[VIEW]]></Event>
<EventKey><![CDATA[http://shanghai.xyj0772.com/app/index.php?i=1&c=entry&id=2&do=game&m=j_money]]></EventKey>
<MenuId>404308051</MenuId>
</xml>

2016-08-09 10:29:57 params :
------------
Array:
rule : -2 ;
module :  ;
message : Array ;

2016-08-09 10:29:57 response :
------------

2016-08-09 10:36:45 trace :
------------
String:
<xml><ToUserName><![CDATA[gh_d5c808a7666e]]></ToUserName>
<FromUserName><![CDATA[om_6jt0ZdsS0OlLSpfO0DVzyqMGU]]></FromUserName>
<CreateTime>1470710205</CreateTime>
<MsgType><![CDATA[event]]></MsgType>
<Event><![CDATA[VIEW]]></Event>
<EventKey><![CDATA[http://shanghai.xyj0772.com/app/index.php?i=1&c=entry&do=orderlist&m=weisrc_dish]]></EventKey>
<MenuId>404308051</MenuId>
</xml>

2016-08-09 10:36:45 params :
------------
Array:
rule : -2 ;
module :  ;
message : Array ;

2016-08-09 10:36:45 response :
------------

2016-08-09 10:37:06 trace :
------------
String:
<xml><ToUserName><![CDATA[gh_d5c808a7666e]]></ToUserName>
<FromUserName><![CDATA[om_6jt0ZdsS0OlLSpfO0DVzyqMGU]]></FromUserName>
<CreateTime>1470710226</CreateTime>
<MsgType><![CDATA[event]]></MsgType>
<Event><![CDATA[VIEW]]></Event>
<EventKey><![CDATA[http://shanghai.xyj0772.com/app/index.php?i=1&c=entry&id=2&do=game&m=j_money]]></EventKey>
<MenuId>404308051</MenuId>
</xml>

2016-08-09 10:37:06 params :
------------
Array:
rule : -2 ;
module :  ;
message : Array ;

2016-08-09 10:37:06 response :
------------

2016-08-09 10:41:57 trace :
------------
String:
<xml><ToUserName><![CDATA[gh_d5c808a7666e]]></ToUserName>
<FromUserName><![CDATA[om_6jt0ZdsS0OlLSpfO0DVzyqMGU]]></FromUserName>
<CreateTime>1470710517</CreateTime>
<MsgType><![CDATA[event]]></MsgType>
<Event><![CDATA[VIEW]]></Event>
<EventKey><![CDATA[http://shanghai.xyj0772.com/app/index.php?i=1&c=entry&id=2&do=game&m=j_money]]></EventKey>
<MenuId>404308051</MenuId>
</xml>

2016-08-09 10:41:57 params :
------------
Array:
rule : -2 ;
module :  ;
message : Array ;

2016-08-09 10:41:57 response :
------------

2016-08-09 11:07:46 trace :
------------
String:
<xml><ToUserName><![CDATA[gh_d5c808a7666e]]></ToUserName>
<FromUserName><![CDATA[om_6jt0ZdsS0OlLSpfO0DVzyqMGU]]></FromUserName>
<CreateTime>1470712066</CreateTime>
<MsgType><![CDATA[event]]></MsgType>
<Event><![CDATA[VIEW]]></Event>
<EventKey><![CDATA[http://shanghai.xyj0772.com/app/index.php?i=1&c=entry&do=orderlist&m=weisrc_dish]]></EventKey>
<MenuId>404308051</MenuId>
</xml>

2016-08-09 11:07:46 params :
------------
Array:
rule : -2 ;
module :  ;
message : Array ;

2016-08-09 11:07:46 response :
------------

2016-08-09 11:08:09 trace :
------------
String:
<xml><ToUserName><![CDATA[gh_d5c808a7666e]]></ToUserName>
<FromUserName><![CDATA[om_6jt0ZdsS0OlLSpfO0DVzyqMGU]]></FromUserName>
<CreateTime>1470712089</CreateTime>
<MsgType><![CDATA[event]]></MsgType>
<Event><![CDATA[VIEW]]></Event>
<EventKey><![CDATA[http://shanghai.xyj0772.com/app/index.php?i=1&c=entry&id=2&do=game&m=j_money]]></EventKey>
<MenuId>404308051</MenuId>
</xml>

2016-08-09 11:08:09 params :
------------
Array:
rule : -2 ;
module :  ;
message : Array ;

2016-08-09 11:08:09 response :
------------

2016-08-09 11:51:41 trace :
------------
String:
<xml><ToUserName><![CDATA[gh_d5c808a7666e]]></ToUserName>
<FromUserName><![CDATA[om_6jt0ZdsS0OlLSpfO0DVzyqMGU]]></FromUserName>
<CreateTime>1470714701</CreateTime>
<MsgType><![CDATA[event]]></MsgType>
<Event><![CDATA[VIEW]]></Event>
<EventKey><![CDATA[http://shanghai.xyj0772.com/app/index.php?i=1&c=entry&id=2&do=game&m=j_money]]></EventKey>
<MenuId>404308051</MenuId>
</xml>

2016-08-09 11:51:41 params :
------------
Array:
rule : -2 ;
module :  ;
message : Array ;

2016-08-09 11:51:41 response :
------------

2016-08-09 12:29:47 trace :
------------
String:
<xml><ToUserName><![CDATA[gh_d5c808a7666e]]></ToUserName>
<FromUserName><![CDATA[om_6jt0ZdsS0OlLSpfO0DVzyqMGU]]></FromUserName>
<CreateTime>1470716987</CreateTime>
<MsgType><![CDATA[event]]></MsgType>
<Event><![CDATA[VIEW]]></Event>
<EventKey><![CDATA[http://shanghai.xyj0772.com/app/index.php?i=1&c=entry&id=2&do=game&m=j_money]]></EventKey>
<MenuId>404308051</MenuId>
</xml>

2016-08-09 12:29:47 params :
------------
Array:
rule : -2 ;
module :  ;
message : Array ;

2016-08-09 12:29:47 response :
------------

2016-08-09 12:30:22 trace :
------------
String:
<xml><ToUserName><![CDATA[gh_d5c808a7666e]]></ToUserName>
<FromUserName><![CDATA[om_6jt0ZdsS0OlLSpfO0DVzyqMGU]]></FromUserName>
<CreateTime>1470717022</CreateTime>
<MsgType><![CDATA[event]]></MsgType>
<Event><![CDATA[VIEW]]></Event>
<EventKey><![CDATA[http://shanghai.xyj0772.com/app/index.php?i=1&c=entry&id=2&do=game&m=j_money]]></EventKey>
<MenuId>404308051</MenuId>
</xml>

2016-08-09 12:30:22 params :
------------
Array:
rule : -2 ;
module :  ;
message : Array ;

2016-08-09 12:30:22 response :
------------

2016-08-09 12:31:04 trace :
------------
String:
<xml><ToUserName><![CDATA[gh_d5c808a7666e]]></ToUserName>
<FromUserName><![CDATA[om_6jt0ZdsS0OlLSpfO0DVzyqMGU]]></FromUserName>
<CreateTime>1470717064</CreateTime>
<MsgType><![CDATA[event]]></MsgType>
<Event><![CDATA[VIEW]]></Event>
<EventKey><![CDATA[http://shanghai.xyj0772.com/app/index.php?i=1&c=entry&id=2&do=game&m=j_money]]></EventKey>
<MenuId>404308051</MenuId>
</xml>

2016-08-09 12:31:04 params :
------------
Array:
rule : -2 ;
module :  ;
message : Array ;

2016-08-09 12:31:04 response :
------------

2016-08-09 12:37:14 trace :
------------
String:
<xml><ToUserName><![CDATA[gh_d5c808a7666e]]></ToUserName>
<FromUserName><![CDATA[om_6jt0ZdsS0OlLSpfO0DVzyqMGU]]></FromUserName>
<CreateTime>1470717434</CreateTime>
<MsgType><![CDATA[event]]></MsgType>
<Event><![CDATA[VIEW]]></Event>
<EventKey><![CDATA[http://shanghai.xyj0772.com/app/index.php?i=1&c=entry&id=2&do=game&m=j_money]]></EventKey>
<MenuId>404308051</MenuId>
</xml>

2016-08-09 12:37:14 params :
------------
Array:
rule : -2 ;
module :  ;
message : Array ;

2016-08-09 12:37:14 response :
------------

2016-08-09 12:47:43 trace :
------------
String:
<xml><ToUserName><![CDATA[gh_d5c808a7666e]]></ToUserName>
<FromUserName><![CDATA[om_6jt0ZdsS0OlLSpfO0DVzyqMGU]]></FromUserName>
<CreateTime>1470718063</CreateTime>
<MsgType><![CDATA[event]]></MsgType>
<Event><![CDATA[VIEW]]></Event>
<EventKey><![CDATA[http://shanghai.xyj0772.com/app/index.php?i=1&c=entry&id=2&do=game&m=j_money]]></EventKey>
<MenuId>404308051</MenuId>
</xml>

2016-08-09 12:47:43 params :
------------
Array:
rule : -2 ;
module :  ;
message : Array ;

2016-08-09 12:47:43 response :
------------

2016-08-09 12:48:25 trace :
------------
String:
<xml><ToUserName><![CDATA[gh_d5c808a7666e]]></ToUserName>
<FromUserName><![CDATA[om_6jt0ZdsS0OlLSpfO0DVzyqMGU]]></FromUserName>
<CreateTime>1470718105</CreateTime>
<MsgType><![CDATA[event]]></MsgType>
<Event><![CDATA[VIEW]]></Event>
<EventKey><![CDATA[http://shanghai.xyj0772.com/app/index.php?i=1&c=entry&id=2&do=game&m=j_money]]></EventKey>
<MenuId>404308051</MenuId>
</xml>

2016-08-09 12:48:25 params :
------------
Array:
rule : -2 ;
module :  ;
message : Array ;

2016-08-09 12:48:25 response :
------------

2016-08-09 13:41:14 trace :
------------
String:
<xml><ToUserName><![CDATA[gh_d5c808a7666e]]></ToUserName>
<FromUserName><![CDATA[om_6jt0ZdsS0OlLSpfO0DVzyqMGU]]></FromUserName>
<CreateTime>1470721273</CreateTime>
<MsgType><![CDATA[event]]></MsgType>
<Event><![CDATA[VIEW]]></Event>
<EventKey><![CDATA[http://shanghai.xyj0772.com/app/index.php?i=1&c=entry&id=2&do=game&m=j_money]]></EventKey>
<MenuId>404308051</MenuId>
</xml>

2016-08-09 13:41:14 params :
------------
Array:
rule : -2 ;
module :  ;
message : Array ;

2016-08-09 13:41:14 response :
------------

2016-08-09 14:04:58 trace :
------------
String:
<xml><ToUserName><![CDATA[gh_d5c808a7666e]]></ToUserName>
<FromUserName><![CDATA[om_6jt5SDZmJVfSo1qmMhEqHBcUo]]></FromUserName>
<CreateTime>1470722698</CreateTime>
<MsgType><![CDATA[event]]></MsgType>
<Event><![CDATA[VIEW]]></Event>
<EventKey><![CDATA[http://shanghai.xyj0772.com/app/index.php?i=1&c=entry&eid=22]]></EventKey>
<MenuId>404308051</MenuId>
</xml>

2016-08-09 14:04:58 params :
------------
Array:
rule : -2 ;
module :  ;
message : Array ;

2016-08-09 14:04:58 response :
------------

2016-08-09 14:18:10 trace :
------------
String:
<xml><ToUserName><![CDATA[gh_d5c808a7666e]]></ToUserName>
<FromUserName><![CDATA[om_6jt68FHP9JSRivKAKrExErDEo]]></FromUserName>
<CreateTime>1470723490</CreateTime>
<MsgType><![CDATA[event]]></MsgType>
<Event><![CDATA[LOCATION]]></Event>
<Latitude>24.308037</Latitude>
<Longitude>109.403198</Longitude>
<Precision>40.000000</Precision>
</xml>

2016-08-09 14:18:10 params :
------------
Array:
message : Array ;
module : default ;
rule : -1 ;

2016-08-09 14:18:10 response :
------------
Array:
errno : -1 ;
message : Invaild value ;

2016-08-09 14:18:19 trace :
------------
String:
<xml><ToUserName><![CDATA[gh_d5c808a7666e]]></ToUserName>
<FromUserName><![CDATA[om_6jt68FHP9JSRivKAKrExErDEo]]></FromUserName>
<CreateTime>1470723499</CreateTime>
<MsgType><![CDATA[event]]></MsgType>
<Event><![CDATA[LOCATION]]></Event>
<Latitude>24.308037</Latitude>
<Longitude>109.403198</Longitude>
<Precision>40.000000</Precision>
</xml>

2016-08-09 14:18:19 params :
------------
Array:
message : Array ;
module : default ;
rule : -1 ;

2016-08-09 14:18:19 response :
------------
Array:
errno : -1 ;
message : Invaild value ;

2016-08-09 14:19:53 trace :
------------
String:
<xml><ToUserName><![CDATA[gh_d5c808a7666e]]></ToUserName>
<FromUserName><![CDATA[om_6jt0ZdsS0OlLSpfO0DVzyqMGU]]></FromUserName>
<CreateTime>1470723593</CreateTime>
<MsgType><![CDATA[event]]></MsgType>
<Event><![CDATA[VIEW]]></Event>
<EventKey><![CDATA[http://shanghai.xyj0772.com/app/index.php?i=1&c=entry&id=2&do=game&m=j_money]]></EventKey>
<MenuId>404308051</MenuId>
</xml>

2016-08-09 14:19:53 params :
------------
Array:
rule : -2 ;
module :  ;
message : Array ;

2016-08-09 14:19:53 response :
------------

2016-08-09 14:34:01 trace :
------------
String:
<xml><ToUserName><![CDATA[gh_d5c808a7666e]]></ToUserName>
<FromUserName><![CDATA[om_6jt2KN5m2a7PN8LYPB54R85zI]]></FromUserName>
<CreateTime>1470724441</CreateTime>
<MsgType><![CDATA[event]]></MsgType>
<Event><![CDATA[scancode_push]]></Event>
<EventKey><![CDATA[林]]></EventKey>
<ScanCodeInfo><ScanType><![CDATA[qrcode]]></ScanType>
<ScanResult><![CDATA[http://shanghai.xyj0772.com/app/index.php?i=1&c=entry&mode=1&storeid=1&tablesid=6&do=waplist&m=weisrc_dish]]></ScanResult>
</ScanCodeInfo>
</xml>

2016-08-09 14:34:01 params :
------------
Array:
rule : -2 ;
module :  ;
message : Array ;

2016-08-09 14:34:01 response :
------------

2016-08-09 14:40:16 trace :
------------
String:
<xml><ToUserName><![CDATA[gh_d5c808a7666e]]></ToUserName>
<FromUserName><![CDATA[om_6jt2KN5m2a7PN8LYPB54R85zI]]></FromUserName>
<CreateTime>1470724816</CreateTime>
<MsgType><![CDATA[event]]></MsgType>
<Event><![CDATA[VIEW]]></Event>
<EventKey><![CDATA[http://shanghai.xyj0772.com/app/index.php?i=1&c=entry&do=orderlist&m=weisrc_dish]]></EventKey>
<MenuId>404308051</MenuId>
</xml>

2016-08-09 14:40:16 params :
------------
Array:
rule : -2 ;
module :  ;
message : Array ;

2016-08-09 14:40:16 response :
------------

2016-08-09 14:41:11 trace :
------------
String:
<xml><ToUserName><![CDATA[gh_d5c808a7666e]]></ToUserName>
<FromUserName><![CDATA[om_6jt2KN5m2a7PN8LYPB54R85zI]]></FromUserName>
<CreateTime>1470724871</CreateTime>
<MsgType><![CDATA[event]]></MsgType>
<Event><![CDATA[VIEW]]></Event>
<EventKey><![CDATA[http://shanghai.xyj0772.com/app/index.php?i=1&c=entry&eid=22]]></EventKey>
<MenuId>404308051</MenuId>
</xml>

2016-08-09 14:41:11 params :
------------
Array:
rule : -2 ;
module :  ;
message : Array ;

2016-08-09 14:41:11 response :
------------

2016-08-09 14:42:37 trace :
------------
String:
<xml><ToUserName><![CDATA[gh_d5c808a7666e]]></ToUserName>
<FromUserName><![CDATA[om_6jt4LL7aPyOvQZ2qPaIhtiRV8]]></FromUserName>
<CreateTime>1470724957</CreateTime>
<MsgType><![CDATA[event]]></MsgType>
<Event><![CDATA[unsubscribe]]></Event>
<EventKey><![CDATA[]]></EventKey>
</xml>

2016-08-09 15:04:43 trace :
------------
String:
<xml><ToUserName><![CDATA[gh_d5c808a7666e]]></ToUserName>
<FromUserName><![CDATA[om_6jt0ZdsS0OlLSpfO0DVzyqMGU]]></FromUserName>
<CreateTime>1470726283</CreateTime>
<MsgType><![CDATA[event]]></MsgType>
<Event><![CDATA[VIEW]]></Event>
<EventKey><![CDATA[http://shanghai.xyj0772.com/app/index.php?i=1&c=entry&eid=22]]></EventKey>
<MenuId>404308051</MenuId>
</xml>

2016-08-09 15:04:43 params :
------------
Array:
rule : -2 ;
module :  ;
message : Array ;

2016-08-09 15:04:43 response :
------------

2016-08-09 15:14:07 trace :
------------
String:
<xml><ToUserName><![CDATA[gh_d5c808a7666e]]></ToUserName>
<FromUserName><![CDATA[om_6jt0ZdsS0OlLSpfO0DVzyqMGU]]></FromUserName>
<CreateTime>1470726847</CreateTime>
<MsgType><![CDATA[event]]></MsgType>
<Event><![CDATA[VIEW]]></Event>
<EventKey><![CDATA[http://shanghai.xyj0772.com/app/index.php?i=1&c=entry&do=orderlist&m=weisrc_dish]]></EventKey>
<MenuId>404308051</MenuId>
</xml>

2016-08-09 15:14:07 params :
------------
Array:
rule : -2 ;
module :  ;
message : Array ;

2016-08-09 15:14:07 response :
------------

2016-08-09 15:14:48 trace :
------------
String:
<xml><ToUserName><![CDATA[gh_d5c808a7666e]]></ToUserName>
<FromUserName><![CDATA[om_6jt0ZdsS0OlLSpfO0DVzyqMGU]]></FromUserName>
<CreateTime>1470726888</CreateTime>
<MsgType><![CDATA[event]]></MsgType>
<Event><![CDATA[VIEW]]></Event>
<EventKey><![CDATA[http://shanghai.xyj0772.com/app/index.php?i=1&c=entry&eid=22]]></EventKey>
<MenuId>404308051</MenuId>
</xml>

2016-08-09 15:14:48 params :
------------
Array:
rule : -2 ;
module :  ;
message : Array ;

2016-08-09 15:14:48 response :
------------

2016-08-09 15:24:53 trace :
------------
String:
<xml><ToUserName><![CDATA[gh_d5c808a7666e]]></ToUserName>
<FromUserName><![CDATA[om_6jt70C5FTEYOavha_AUr6YACw]]></FromUserName>
<CreateTime>1470727492</CreateTime>
<MsgType><![CDATA[event]]></MsgType>
<Event><![CDATA[VIEW]]></Event>
<EventKey><![CDATA[http://shanghai.xyj0772.com/app/index.php?i=1&c=entry&eid=22]]></EventKey>
<MenuId>404308051</MenuId>
</xml>

2016-08-09 15:24:53 params :
------------
Array:
rule : -2 ;
module :  ;
message : Array ;

2016-08-09 15:24:53 response :
------------

2016-08-09 15:25:02 trace :
------------
String:
<xml><ToUserName><![CDATA[gh_d5c808a7666e]]></ToUserName>
<FromUserName><![CDATA[om_6jt70C5FTEYOavha_AUr6YACw]]></FromUserName>
<CreateTime>1470727502</CreateTime>
<MsgType><![CDATA[event]]></MsgType>
<Event><![CDATA[VIEW]]></Event>
<EventKey><![CDATA[http://shanghai.xyj0772.com/app/index.php?i=1&c=entry&do=waprestList&m=weisrc_dish]]></EventKey>
<MenuId>404308051</MenuId>
</xml>

2016-08-09 15:25:02 params :
------------
Array:
rule : -2 ;
module :  ;
message : Array ;

2016-08-09 15:25:02 response :
------------

2016-08-09 15:27:46 trace :
------------
String:
<xml><ToUserName><![CDATA[gh_d5c808a7666e]]></ToUserName>
<FromUserName><![CDATA[om_6jt0ZdsS0OlLSpfO0DVzyqMGU]]></FromUserName>
<CreateTime>1470727666</CreateTime>
<MsgType><![CDATA[event]]></MsgType>
<Event><![CDATA[scancode_push]]></Event>
<EventKey><![CDATA[林]]></EventKey>
<ScanCodeInfo><ScanType><![CDATA[qrcode]]></ScanType>
<ScanResult><![CDATA[http://shanghai.xyj0772.com/app/index.php?i=1&c=entry&mode=1&storeid=1&tablesid=5&do=waplist&m=weisrc_dish]]></ScanResult>
</ScanCodeInfo>
</xml>

2016-08-09 15:27:46 params :
------------
Array:
rule : -2 ;
module :  ;
message : Array ;

2016-08-09 15:27:46 response :
------------

2016-08-09 15:28:33 trace :
------------
String:
<xml><ToUserName><![CDATA[gh_d5c808a7666e]]></ToUserName>
<FromUserName><![CDATA[om_6jt0ZdsS0OlLSpfO0DVzyqMGU]]></FromUserName>
<CreateTime>1470727713</CreateTime>
<MsgType><![CDATA[event]]></MsgType>
<Event><![CDATA[VIEW]]></Event>
<EventKey><![CDATA[http://shanghai.xyj0772.com/app/index.php?i=1&c=entry&eid=22]]></EventKey>
<MenuId>404308051</MenuId>
</xml>

2016-08-09 15:28:33 params :
------------
Array:
rule : -2 ;
module :  ;
message : Array ;

2016-08-09 15:28:33 response :
------------

2016-08-09 15:35:05 trace :
------------
String:
<xml><ToUserName><![CDATA[gh_d5c808a7666e]]></ToUserName>
<FromUserName><![CDATA[om_6jt0ZdsS0OlLSpfO0DVzyqMGU]]></FromUserName>
<CreateTime>1470728105</CreateTime>
<MsgType><![CDATA[event]]></MsgType>
<Event><![CDATA[VIEW]]></Event>
<EventKey><![CDATA[http://shanghai.xyj0772.com/app/index.php?i=1&c=entry&id=2&do=game&m=j_money]]></EventKey>
<MenuId>404308051</MenuId>
</xml>

2016-08-09 15:35:05 params :
------------
Array:
rule : -2 ;
module :  ;
message : Array ;

2016-08-09 15:35:05 response :
------------

2016-08-09 17:03:19 trace :
------------
String:
<xml><ToUserName><![CDATA[gh_d5c808a7666e]]></ToUserName>
<FromUserName><![CDATA[om_6jt0ZdsS0OlLSpfO0DVzyqMGU]]></FromUserName>
<CreateTime>1470733399</CreateTime>
<MsgType><![CDATA[event]]></MsgType>
<Event><![CDATA[VIEW]]></Event>
<EventKey><![CDATA[http://shanghai.xyj0772.com/app/index.php?i=1&c=entry&id=2&do=game&m=j_money]]></EventKey>
<MenuId>404308051</MenuId>
</xml>

2016-08-09 17:03:19 params :
------------
Array:
rule : -2 ;
module :  ;
message : Array ;

2016-08-09 17:03:19 response :
------------

2016-08-09 17:06:00 trace :
------------
String:
<xml><ToUserName><![CDATA[gh_d5c808a7666e]]></ToUserName>
<FromUserName><![CDATA[om_6jt0ZdsS0OlLSpfO0DVzyqMGU]]></FromUserName>
<CreateTime>1470733560</CreateTime>
<MsgType><![CDATA[event]]></MsgType>
<Event><![CDATA[VIEW]]></Event>
<EventKey><![CDATA[http://shanghai.xyj0772.com/app/index.php?i=1&c=entry&id=2&do=game&m=j_money]]></EventKey>
<MenuId>404308051</MenuId>
</xml>

2016-08-09 17:06:00 params :
------------
Array:
rule : -2 ;
module :  ;
message : Array ;

2016-08-09 17:06:00 response :
------------

2016-08-09 17:09:34 trace :
------------
String:
<xml><ToUserName><![CDATA[gh_d5c808a7666e]]></ToUserName>
<FromUserName><![CDATA[om_6jt0ZdsS0OlLSpfO0DVzyqMGU]]></FromUserName>
<CreateTime>1470733774</CreateTime>
<MsgType><![CDATA[event]]></MsgType>
<Event><![CDATA[VIEW]]></Event>
<EventKey><![CDATA[http://shanghai.xyj0772.com/app/index.php?i=1&c=entry&id=2&do=game&m=j_money]]></EventKey>
<MenuId>404308051</MenuId>
</xml>

2016-08-09 17:09:34 params :
------------
Array:
rule : -2 ;
module :  ;
message : Array ;

2016-08-09 17:09:34 response :
------------

2016-08-09 17:10:52 trace :
------------
String:
<xml><ToUserName><![CDATA[gh_d5c808a7666e]]></ToUserName>
<FromUserName><![CDATA[om_6jt0ZdsS0OlLSpfO0DVzyqMGU]]></FromUserName>
<CreateTime>1470733852</CreateTime>
<MsgType><![CDATA[event]]></MsgType>
<Event><![CDATA[VIEW]]></Event>
<EventKey><![CDATA[http://shanghai.xyj0772.com/app/index.php?i=1&c=entry&do=orderlist&m=weisrc_dish]]></EventKey>
<MenuId>404308051</MenuId>
</xml>

2016-08-09 17:10:52 params :
------------
Array:
rule : -2 ;
module :  ;
message : Array ;

2016-08-09 17:10:52 response :
------------

2016-08-09 17:14:20 trace :
------------
String:
<xml><ToUserName><![CDATA[gh_d5c808a7666e]]></ToUserName>
<FromUserName><![CDATA[om_6jt0ZdsS0OlLSpfO0DVzyqMGU]]></FromUserName>
<CreateTime>1470734060</CreateTime>
<MsgType><![CDATA[event]]></MsgType>
<Event><![CDATA[VIEW]]></Event>
<EventKey><![CDATA[http://shanghai.xyj0772.com/app/index.php?i=1&c=entry&id=2&do=game&m=j_money]]></EventKey>
<MenuId>404308051</MenuId>
</xml>

2016-08-09 17:14:20 params :
------------
Array:
rule : -2 ;
module :  ;
message : Array ;

2016-08-09 17:14:20 response :
------------

