2016-07-29 10:02:47 trace :
------------
String:
<xml><ToUserName><![CDATA[gh_a4f9178c9538]]></ToUserName>
<FromUserName><![CDATA[oPAtQtwN8I22P_TieMHB1LZwncBo]]></FromUserName>
<CreateTime>1469757767</CreateTime>
<MsgType><![CDATA[event]]></MsgType>
<Event><![CDATA[VIEW]]></Event>
<EventKey><![CDATA[http://shanghai.xyj0772.com/app/index.php?i=1&c=entry&id=1&do=detail&m=weisrc_dish]]></EventKey>
<MenuId>516808282</MenuId>
</xml>

2016-07-29 10:02:47 params :
------------
Array:
rule : -2 ;
module :  ;
message : Array ;

2016-07-29 10:02:47 response :
------------

2016-07-29 10:02:58 trace :
------------
String:
<xml><ToUserName><![CDATA[gh_a4f9178c9538]]></ToUserName>
<FromUserName><![CDATA[oPAtQt2d8Dcn8qR_gvUwYaVvpfeg]]></FromUserName>
<CreateTime>1469757778</CreateTime>
<MsgType><![CDATA[event]]></MsgType>
<Event><![CDATA[VIEW]]></Event>
<EventKey><![CDATA[http://shanghai.xyj0772.com/app/index.php?i=1&c=entry&do=orderlist&m=weisrc_dish]]></EventKey>
<MenuId>516808282</MenuId>
</xml>

2016-07-29 10:02:58 params :
------------
Array:
rule : -2 ;
module :  ;
message : Array ;

2016-07-29 10:02:58 response :
------------

2016-07-29 10:04:13 trace :
------------
String:
<xml><ToUserName><![CDATA[gh_a4f9178c9538]]></ToUserName>
<FromUserName><![CDATA[oPAtQt2d8Dcn8qR_gvUwYaVvpfeg]]></FromUserName>
<CreateTime>1469757853</CreateTime>
<MsgType><![CDATA[event]]></MsgType>
<Event><![CDATA[VIEW]]></Event>
<EventKey><![CDATA[http://shanghai.xyj0772.com/app/index.php?i=1&c=entry&do=orderlist&m=weisrc_dish]]></EventKey>
<MenuId>516808282</MenuId>
</xml>

2016-07-29 10:04:13 params :
------------
Array:
rule : -2 ;
module :  ;
message : Array ;

2016-07-29 10:04:13 response :
------------

2016-07-29 11:01:16 trace :
------------
String:
<xml><ToUserName><![CDATA[gh_a4f9178c9538]]></ToUserName>
<FromUserName><![CDATA[oPAtQt2d8Dcn8qR_gvUwYaVvpfeg]]></FromUserName>
<CreateTime>1469761276</CreateTime>
<MsgType><![CDATA[event]]></MsgType>
<Event><![CDATA[VIEW]]></Event>
<EventKey><![CDATA[http://shanghai.xyj0772.com/app/index.php?i=1&c=entry&do=orderlist&m=weisrc_dish]]></EventKey>
<MenuId>516808282</MenuId>
</xml>

2016-07-29 11:01:16 params :
------------
Array:
rule : -2 ;
module :  ;
message : Array ;

2016-07-29 11:01:16 response :
------------

2016-07-29 11:13:34 trace :
------------
String:
<xml><ToUserName><![CDATA[gh_a4f9178c9538]]></ToUserName>
<FromUserName><![CDATA[oPAtQt2d8Dcn8qR_gvUwYaVvpfeg]]></FromUserName>
<CreateTime>1469762014</CreateTime>
<MsgType><![CDATA[event]]></MsgType>
<Event><![CDATA[VIEW]]></Event>
<EventKey><![CDATA[http://shanghai.xyj0772.com/app/index.php?i=1&c=entry&do=orderlist&m=weisrc_dish]]></EventKey>
<MenuId>516808282</MenuId>
</xml>

2016-07-29 11:13:34 params :
------------
Array:
rule : -2 ;
module :  ;
message : Array ;

2016-07-29 11:13:34 response :
------------

2016-07-29 11:13:54 trace :
------------
String:
<xml><ToUserName><![CDATA[gh_a4f9178c9538]]></ToUserName>
<FromUserName><![CDATA[oPAtQt2d8Dcn8qR_gvUwYaVvpfeg]]></FromUserName>
<CreateTime>1469762034</CreateTime>
<MsgType><![CDATA[event]]></MsgType>
<Event><![CDATA[VIEW]]></Event>
<EventKey><![CDATA[http://shanghai.xyj0772.com/app/index.php?i=1&c=entry&do=orderlist&m=weisrc_dish]]></EventKey>
<MenuId>516808282</MenuId>
</xml>

2016-07-29 11:13:54 params :
------------
Array:
rule : -2 ;
module :  ;
message : Array ;

2016-07-29 11:13:54 response :
------------

2016-07-29 11:15:15 trace :
------------
String:
<xml><ToUserName><![CDATA[gh_a4f9178c9538]]></ToUserName>
<FromUserName><![CDATA[oPAtQt2d8Dcn8qR_gvUwYaVvpfeg]]></FromUserName>
<CreateTime>1469762115</CreateTime>
<MsgType><![CDATA[event]]></MsgType>
<Event><![CDATA[VIEW]]></Event>
<EventKey><![CDATA[http://shanghai.xyj0772.com/app/index.php?i=1&c=entry&do=orderlist&m=weisrc_dish]]></EventKey>
<MenuId>516808282</MenuId>
</xml>

2016-07-29 11:15:15 params :
------------
Array:
rule : -2 ;
module :  ;
message : Array ;

2016-07-29 11:15:15 response :
------------

2016-07-29 11:17:04 trace :
------------
String:
<xml><ToUserName><![CDATA[gh_a4f9178c9538]]></ToUserName>
<FromUserName><![CDATA[oPAtQt2d8Dcn8qR_gvUwYaVvpfeg]]></FromUserName>
<CreateTime>1469762224</CreateTime>
<MsgType><![CDATA[event]]></MsgType>
<Event><![CDATA[VIEW]]></Event>
<EventKey><![CDATA[http://shanghai.xyj0772.com/app/index.php?i=1&c=entry&do=orderlist&m=weisrc_dish]]></EventKey>
<MenuId>516808282</MenuId>
</xml>

2016-07-29 11:17:04 params :
------------
Array:
rule : -2 ;
module :  ;
message : Array ;

2016-07-29 11:17:04 response :
------------

2016-07-29 11:21:13 trace :
------------
String:
<xml><ToUserName><![CDATA[gh_a4f9178c9538]]></ToUserName>
<FromUserName><![CDATA[oPAtQt2d8Dcn8qR_gvUwYaVvpfeg]]></FromUserName>
<CreateTime>1469762473</CreateTime>
<MsgType><![CDATA[event]]></MsgType>
<Event><![CDATA[VIEW]]></Event>
<EventKey><![CDATA[http://shanghai.xyj0772.com/app/index.php?i=1&c=entry&do=orderlist&m=weisrc_dish]]></EventKey>
<MenuId>516808282</MenuId>
</xml>

2016-07-29 11:21:13 params :
------------
Array:
rule : -2 ;
module :  ;
message : Array ;

2016-07-29 11:21:13 response :
------------

2016-07-29 11:48:31 trace :
------------
String:
<xml><ToUserName><![CDATA[gh_a4f9178c9538]]></ToUserName>
<FromUserName><![CDATA[oPAtQt2d8Dcn8qR_gvUwYaVvpfeg]]></FromUserName>
<CreateTime>1469764111</CreateTime>
<MsgType><![CDATA[event]]></MsgType>
<Event><![CDATA[VIEW]]></Event>
<EventKey><![CDATA[http://shanghai.xyj0772.com/app/index.php?i=1&c=entry&do=orderlist&m=weisrc_dish]]></EventKey>
<MenuId>516808282</MenuId>
</xml>

2016-07-29 11:48:31 params :
------------
Array:
rule : -2 ;
module :  ;
message : Array ;

2016-07-29 11:48:31 response :
------------

2016-07-29 11:55:03 trace :
------------
String:
<xml><ToUserName><![CDATA[gh_a4f9178c9538]]></ToUserName>
<FromUserName><![CDATA[oPAtQt2d8Dcn8qR_gvUwYaVvpfeg]]></FromUserName>
<CreateTime>1469764503</CreateTime>
<MsgType><![CDATA[event]]></MsgType>
<Event><![CDATA[VIEW]]></Event>
<EventKey><![CDATA[http://shanghai.xyj0772.com/app/index.php?i=1&c=entry&do=orderlist&m=weisrc_dish]]></EventKey>
<MenuId>516808282</MenuId>
</xml>

2016-07-29 11:55:03 params :
------------
Array:
rule : -2 ;
module :  ;
message : Array ;

2016-07-29 11:55:03 response :
------------

2016-07-29 12:25:33 trace :
------------
String:
<xml><ToUserName><![CDATA[gh_a4f9178c9538]]></ToUserName>
<FromUserName><![CDATA[oPAtQt2d8Dcn8qR_gvUwYaVvpfeg]]></FromUserName>
<CreateTime>1469766333</CreateTime>
<MsgType><![CDATA[event]]></MsgType>
<Event><![CDATA[VIEW]]></Event>
<EventKey><![CDATA[http://shanghai.xyj0772.com/app/index.php?i=1&c=entry&do=orderlist&m=weisrc_dish]]></EventKey>
<MenuId>516808282</MenuId>
</xml>

2016-07-29 12:25:33 params :
------------
Array:
rule : -2 ;
module :  ;
message : Array ;

2016-07-29 12:25:33 response :
------------

2016-07-29 14:14:41 trace :
------------
String:
<xml><ToUserName><![CDATA[gh_a4f9178c9538]]></ToUserName>
<FromUserName><![CDATA[oPAtQt2d8Dcn8qR_gvUwYaVvpfeg]]></FromUserName>
<CreateTime>1469772881</CreateTime>
<MsgType><![CDATA[event]]></MsgType>
<Event><![CDATA[VIEW]]></Event>
<EventKey><![CDATA[http://shanghai.xyj0772.com/app/index.php?i=1&c=entry&do=orderlist&m=weisrc_dish]]></EventKey>
<MenuId>516808282</MenuId>
</xml>

2016-07-29 14:14:41 params :
------------
Array:
rule : -2 ;
module :  ;
message : Array ;

2016-07-29 14:14:41 response :
------------

2016-07-29 14:19:36 trace :
------------
String:
<xml><ToUserName><![CDATA[gh_a4f9178c9538]]></ToUserName>
<FromUserName><![CDATA[oPAtQt2d8Dcn8qR_gvUwYaVvpfeg]]></FromUserName>
<CreateTime>1469773176</CreateTime>
<MsgType><![CDATA[event]]></MsgType>
<Event><![CDATA[VIEW]]></Event>
<EventKey><![CDATA[http://shanghai.xyj0772.com/app/index.php?i=1&c=entry&do=orderlist&m=weisrc_dish]]></EventKey>
<MenuId>516808282</MenuId>
</xml>

2016-07-29 14:19:36 params :
------------
Array:
rule : -2 ;
module :  ;
message : Array ;

2016-07-29 14:19:36 response :
------------

2016-07-29 14:35:05 trace :
------------
String:
<xml><ToUserName><![CDATA[gh_a4f9178c9538]]></ToUserName>
<FromUserName><![CDATA[oPAtQt2d8Dcn8qR_gvUwYaVvpfeg]]></FromUserName>
<CreateTime>1469774105</CreateTime>
<MsgType><![CDATA[event]]></MsgType>
<Event><![CDATA[VIEW]]></Event>
<EventKey><![CDATA[http://shanghai.xyj0772.com/app/index.php?i=1&c=entry&do=orderlist&m=weisrc_dish]]></EventKey>
<MenuId>516808282</MenuId>
</xml>

2016-07-29 14:35:05 params :
------------
Array:
rule : -2 ;
module :  ;
message : Array ;

2016-07-29 14:35:05 response :
------------

2016-07-29 14:36:20 trace :
------------
String:
<xml><ToUserName><![CDATA[gh_a4f9178c9538]]></ToUserName>
<FromUserName><![CDATA[oPAtQt2d8Dcn8qR_gvUwYaVvpfeg]]></FromUserName>
<CreateTime>1469774180</CreateTime>
<MsgType><![CDATA[event]]></MsgType>
<Event><![CDATA[VIEW]]></Event>
<EventKey><![CDATA[http://shanghai.xyj0772.com/app/index.php?i=1&c=entry&do=orderlist&m=weisrc_dish]]></EventKey>
<MenuId>516808282</MenuId>
</xml>

2016-07-29 14:36:20 params :
------------
Array:
rule : -2 ;
module :  ;
message : Array ;

2016-07-29 14:36:20 response :
------------

2016-07-29 14:40:22 trace :
------------
String:
<xml><ToUserName><![CDATA[gh_a4f9178c9538]]></ToUserName>
<FromUserName><![CDATA[oPAtQt2d8Dcn8qR_gvUwYaVvpfeg]]></FromUserName>
<CreateTime>1469774422</CreateTime>
<MsgType><![CDATA[event]]></MsgType>
<Event><![CDATA[VIEW]]></Event>
<EventKey><![CDATA[http://shanghai.xyj0772.com/app/index.php?i=1&c=entry&do=orderlist&m=weisrc_dish]]></EventKey>
<MenuId>516808282</MenuId>
</xml>

2016-07-29 14:40:22 params :
------------
Array:
rule : -2 ;
module :  ;
message : Array ;

2016-07-29 14:40:22 response :
------------

2016-07-29 14:49:21 trace :
------------
String:
<xml><ToUserName><![CDATA[gh_a4f9178c9538]]></ToUserName>
<FromUserName><![CDATA[oPAtQt2d8Dcn8qR_gvUwYaVvpfeg]]></FromUserName>
<CreateTime>1469774961</CreateTime>
<MsgType><![CDATA[event]]></MsgType>
<Event><![CDATA[VIEW]]></Event>
<EventKey><![CDATA[http://shanghai.xyj0772.com/app/index.php?i=1&c=entry&do=orderlist&m=weisrc_dish]]></EventKey>
<MenuId>516808282</MenuId>
</xml>

2016-07-29 14:49:21 params :
------------
Array:
rule : -2 ;
module :  ;
message : Array ;

2016-07-29 14:49:21 response :
------------

2016-07-29 14:55:47 trace :
------------
String:
<xml><ToUserName><![CDATA[gh_a4f9178c9538]]></ToUserName>
<FromUserName><![CDATA[oPAtQt2d8Dcn8qR_gvUwYaVvpfeg]]></FromUserName>
<CreateTime>1469775347</CreateTime>
<MsgType><![CDATA[event]]></MsgType>
<Event><![CDATA[VIEW]]></Event>
<EventKey><![CDATA[http://shanghai.xyj0772.com/app/index.php?i=1&c=entry&do=orderlist&m=weisrc_dish]]></EventKey>
<MenuId>516808282</MenuId>
</xml>

2016-07-29 14:55:47 params :
------------
Array:
rule : -2 ;
module :  ;
message : Array ;

2016-07-29 14:55:47 response :
------------

2016-07-29 15:02:23 trace :
------------
String:
<xml><ToUserName><![CDATA[gh_a4f9178c9538]]></ToUserName>
<FromUserName><![CDATA[oPAtQt2d8Dcn8qR_gvUwYaVvpfeg]]></FromUserName>
<CreateTime>1469775742</CreateTime>
<MsgType><![CDATA[event]]></MsgType>
<Event><![CDATA[VIEW]]></Event>
<EventKey><![CDATA[http://shanghai.xyj0772.com/app/index.php?i=1&c=entry&do=orderlist&m=weisrc_dish]]></EventKey>
<MenuId>516808282</MenuId>
</xml>

2016-07-29 15:02:23 params :
------------
Array:
rule : -2 ;
module :  ;
message : Array ;

2016-07-29 15:02:23 response :
------------

2016-07-29 15:47:52 trace :
------------
String:
<xml><ToUserName><![CDATA[gh_a4f9178c9538]]></ToUserName>
<FromUserName><![CDATA[oPAtQt2d8Dcn8qR_gvUwYaVvpfeg]]></FromUserName>
<CreateTime>1469778472</CreateTime>
<MsgType><![CDATA[event]]></MsgType>
<Event><![CDATA[VIEW]]></Event>
<EventKey><![CDATA[http://shanghai.xyj0772.com/app/index.php?i=1&c=entry&do=orderlist&m=weisrc_dish]]></EventKey>
<MenuId>516808282</MenuId>
</xml>

2016-07-29 15:47:52 params :
------------
Array:
rule : -2 ;
module :  ;
message : Array ;

2016-07-29 15:47:52 response :
------------

2016-07-29 17:13:05 trace :
------------
String:
<xml><ToUserName><![CDATA[gh_a4f9178c9538]]></ToUserName>
<FromUserName><![CDATA[oPAtQt2d8Dcn8qR_gvUwYaVvpfeg]]></FromUserName>
<CreateTime>1469783585</CreateTime>
<MsgType><![CDATA[event]]></MsgType>
<Event><![CDATA[VIEW]]></Event>
<EventKey><![CDATA[http://shanghai.xyj0772.com/app/index.php?i=1&c=entry&do=orderlist&m=weisrc_dish]]></EventKey>
<MenuId>516808282</MenuId>
</xml>

2016-07-29 17:13:05 params :
------------
Array:
rule : -2 ;
module :  ;
message : Array ;

2016-07-29 17:13:05 response :
------------

2016-07-29 17:17:27 trace :
------------
String:
<xml><ToUserName><![CDATA[gh_a4f9178c9538]]></ToUserName>
<FromUserName><![CDATA[oPAtQt2d8Dcn8qR_gvUwYaVvpfeg]]></FromUserName>
<CreateTime>1469783847</CreateTime>
<MsgType><![CDATA[event]]></MsgType>
<Event><![CDATA[VIEW]]></Event>
<EventKey><![CDATA[http://shanghai.xyj0772.com/app/index.php?i=1&c=entry&do=orderlist&m=weisrc_dish]]></EventKey>
<MenuId>516808282</MenuId>
</xml>

2016-07-29 17:17:27 params :
------------
Array:
rule : -2 ;
module :  ;
message : Array ;

2016-07-29 17:17:27 response :
------------

2016-07-29 17:19:46 trace :
------------
String:
<xml><ToUserName><![CDATA[gh_a4f9178c9538]]></ToUserName>
<FromUserName><![CDATA[oPAtQt2d8Dcn8qR_gvUwYaVvpfeg]]></FromUserName>
<CreateTime>1469783986</CreateTime>
<MsgType><![CDATA[event]]></MsgType>
<Event><![CDATA[VIEW]]></Event>
<EventKey><![CDATA[http://shanghai.xyj0772.com/app/index.php?i=1&c=entry&do=orderlist&m=weisrc_dish]]></EventKey>
<MenuId>516808282</MenuId>
</xml>

2016-07-29 17:19:46 params :
------------
Array:
rule : -2 ;
module :  ;
message : Array ;

2016-07-29 17:19:46 response :
------------

2016-07-29 17:25:00 trace :
------------
String:
<xml><ToUserName><![CDATA[gh_a4f9178c9538]]></ToUserName>
<FromUserName><![CDATA[oPAtQt2d8Dcn8qR_gvUwYaVvpfeg]]></FromUserName>
<CreateTime>1469784300</CreateTime>
<MsgType><![CDATA[event]]></MsgType>
<Event><![CDATA[VIEW]]></Event>
<EventKey><![CDATA[http://shanghai.xyj0772.com/app/index.php?i=1&c=entry&do=orderlist&m=weisrc_dish]]></EventKey>
<MenuId>516808282</MenuId>
</xml>

2016-07-29 17:25:00 params :
------------
Array:
rule : -2 ;
module :  ;
message : Array ;

2016-07-29 17:25:00 response :
------------

2016-07-29 17:25:51 trace :
------------
String:
<xml><ToUserName><![CDATA[gh_a4f9178c9538]]></ToUserName>
<FromUserName><![CDATA[oPAtQt2d8Dcn8qR_gvUwYaVvpfeg]]></FromUserName>
<CreateTime>1469784351</CreateTime>
<MsgType><![CDATA[event]]></MsgType>
<Event><![CDATA[VIEW]]></Event>
<EventKey><![CDATA[http://shanghai.xyj0772.com/app/index.php?i=1&c=entry&do=orderlist&m=weisrc_dish]]></EventKey>
<MenuId>516808282</MenuId>
</xml>

2016-07-29 17:25:51 params :
------------
Array:
rule : -2 ;
module :  ;
message : Array ;

2016-07-29 17:25:51 response :
------------

2016-07-29 17:29:56 trace :
------------
String:
<xml><ToUserName><![CDATA[gh_a4f9178c9538]]></ToUserName>
<FromUserName><![CDATA[oPAtQt2d8Dcn8qR_gvUwYaVvpfeg]]></FromUserName>
<CreateTime>1469784596</CreateTime>
<MsgType><![CDATA[event]]></MsgType>
<Event><![CDATA[VIEW]]></Event>
<EventKey><![CDATA[http://shanghai.xyj0772.com/app/index.php?i=1&c=entry&do=orderlist&m=weisrc_dish]]></EventKey>
<MenuId>516808282</MenuId>
</xml>

2016-07-29 17:29:56 params :
------------
Array:
rule : -2 ;
module :  ;
message : Array ;

2016-07-29 17:29:56 response :
------------

2016-07-29 17:34:49 trace :
------------
String:
<xml><ToUserName><![CDATA[gh_a4f9178c9538]]></ToUserName>
<FromUserName><![CDATA[oPAtQt2d8Dcn8qR_gvUwYaVvpfeg]]></FromUserName>
<CreateTime>1469784889</CreateTime>
<MsgType><![CDATA[event]]></MsgType>
<Event><![CDATA[VIEW]]></Event>
<EventKey><![CDATA[http://shanghai.xyj0772.com/app/index.php?i=1&c=entry&do=orderlist&m=weisrc_dish]]></EventKey>
<MenuId>516808282</MenuId>
</xml>

2016-07-29 17:34:49 params :
------------
Array:
rule : -2 ;
module :  ;
message : Array ;

2016-07-29 17:34:49 response :
------------

2016-07-29 17:36:56 trace :
------------
String:
<xml><ToUserName><![CDATA[gh_a4f9178c9538]]></ToUserName>
<FromUserName><![CDATA[oPAtQt2d8Dcn8qR_gvUwYaVvpfeg]]></FromUserName>
<CreateTime>1469785016</CreateTime>
<MsgType><![CDATA[event]]></MsgType>
<Event><![CDATA[VIEW]]></Event>
<EventKey><![CDATA[http://shanghai.xyj0772.com/app/index.php?i=1&c=entry&do=orderlist&m=weisrc_dish]]></EventKey>
<MenuId>516808282</MenuId>
</xml>

2016-07-29 17:36:56 params :
------------
Array:
rule : -2 ;
module :  ;
message : Array ;

2016-07-29 17:36:56 response :
------------

2016-07-29 17:41:16 trace :
------------
String:
<xml><ToUserName><![CDATA[gh_a4f9178c9538]]></ToUserName>
<FromUserName><![CDATA[oPAtQt2d8Dcn8qR_gvUwYaVvpfeg]]></FromUserName>
<CreateTime>1469785276</CreateTime>
<MsgType><![CDATA[event]]></MsgType>
<Event><![CDATA[VIEW]]></Event>
<EventKey><![CDATA[http://shanghai.xyj0772.com/app/index.php?i=1&c=entry&do=orderlist&m=weisrc_dish]]></EventKey>
<MenuId>516808282</MenuId>
</xml>

2016-07-29 17:41:16 params :
------------
Array:
rule : -2 ;
module :  ;
message : Array ;

2016-07-29 17:41:16 response :
------------

2016-07-29 17:59:37 trace :
------------
String:
<xml><ToUserName><![CDATA[gh_a4f9178c9538]]></ToUserName>
<FromUserName><![CDATA[oPAtQt2d8Dcn8qR_gvUwYaVvpfeg]]></FromUserName>
<CreateTime>1469786377</CreateTime>
<MsgType><![CDATA[event]]></MsgType>
<Event><![CDATA[VIEW]]></Event>
<EventKey><![CDATA[http://shanghai.xyj0772.com/app/index.php?i=1&c=entry&do=orderlist&m=weisrc_dish]]></EventKey>
<MenuId>516808282</MenuId>
</xml>

2016-07-29 17:59:37 params :
------------
Array:
rule : -2 ;
module :  ;
message : Array ;

2016-07-29 17:59:37 response :
------------

2016-07-29 18:02:36 trace :
------------
String:
<xml><ToUserName><![CDATA[gh_a4f9178c9538]]></ToUserName>
<FromUserName><![CDATA[oPAtQt2d8Dcn8qR_gvUwYaVvpfeg]]></FromUserName>
<CreateTime>1469786556</CreateTime>
<MsgType><![CDATA[event]]></MsgType>
<Event><![CDATA[VIEW]]></Event>
<EventKey><![CDATA[http://shanghai.xyj0772.com/app/index.php?i=1&c=entry&do=orderlist&m=weisrc_dish]]></EventKey>
<MenuId>516808282</MenuId>
</xml>

2016-07-29 18:02:36 params :
------------
Array:
rule : -2 ;
module :  ;
message : Array ;

2016-07-29 18:02:36 response :
------------

