2016-04-19 16:45:32 trace :
------------
String:
<xml><ToUserName><![CDATA[gh_d5c808a7666e]]></ToUserName>
<FromUserName><![CDATA[om_6jtwK1SqXYxH3qyYgABWGiCR4]]></FromUserName>
<CreateTime>1461055517</CreateTime>
<MsgType><![CDATA[event]]></MsgType>
<Event><![CDATA[LOCATION]]></Event>
<Latitude>24.307638</Latitude>
<Longitude>109.403145</Longitude>
<Precision>65.000000</Precision>
</xml>

2016-04-19 16:45:32 params :
------------
Array:
message : Array ;
module : default ;
rule : -1 ;

2016-04-19 16:45:32 response :
------------
Array:
errno : -1 ;
message : Invaild value ;

2016-04-19 16:45:34 trace :
------------
String:
<xml><ToUserName><![CDATA[gh_d5c808a7666e]]></ToUserName>
<FromUserName><![CDATA[om_6jtwK1SqXYxH3qyYgABWGiCR4]]></FromUserName>
<CreateTime>1461055519</CreateTime>
<MsgType><![CDATA[event]]></MsgType>
<Event><![CDATA[VIEW]]></Event>
<EventKey><![CDATA[http://hh.xyj0772.com/mobile/]]></EventKey>
<MenuId>403540282</MenuId>
</xml>

2016-04-19 16:45:34 params :
------------
Array:
rule : -2 ;
module :  ;
message : Array ;

2016-04-19 16:45:34 response :
------------

2016-04-19 16:46:29 trace :
------------
String:
<xml><ToUserName><![CDATA[gh_d5c808a7666e]]></ToUserName>
<FromUserName><![CDATA[om_6jtwK1SqXYxH3qyYgABWGiCR4]]></FromUserName>
<CreateTime>1461055573</CreateTime>
<MsgType><![CDATA[event]]></MsgType>
<Event><![CDATA[unsubscribe]]></Event>
<EventKey><![CDATA[]]></EventKey>
</xml>

2016-04-19 16:46:32 trace :
------------
String:
<xml><ToUserName><![CDATA[gh_d5c808a7666e]]></ToUserName>
<FromUserName><![CDATA[om_6jtwK1SqXYxH3qyYgABWGiCR4]]></FromUserName>
<CreateTime>1461055576</CreateTime>
<MsgType><![CDATA[event]]></MsgType>
<Event><![CDATA[LOCATION]]></Event>
<Latitude>24.307529</Latitude>
<Longitude>109.403152</Longitude>
<Precision>65.000000</Precision>
</xml>

2016-04-19 16:46:32 params :
------------
Array:
message : Array ;
module : default ;
rule : -1 ;

2016-04-19 16:46:32 response :
------------
Array:
errno : -1 ;
message : Invaild value ;

2016-04-19 16:46:36 trace :
------------
String:
<xml><ToUserName><![CDATA[gh_d5c808a7666e]]></ToUserName>
<FromUserName><![CDATA[om_6jtwK1SqXYxH3qyYgABWGiCR4]]></FromUserName>
<CreateTime>1461055580</CreateTime>
<MsgType><![CDATA[event]]></MsgType>
<Event><![CDATA[subscribe]]></Event>
<EventKey><![CDATA[]]></EventKey>
</xml>

2016-04-19 16:46:36 params :
------------
Array:
rule : -2 ;
module :  ;
message : Array ;

2016-04-19 16:46:36 response :
------------

2016-04-19 16:46:39 trace :
------------
String:
<xml><ToUserName><![CDATA[gh_d5c808a7666e]]></ToUserName>
<FromUserName><![CDATA[om_6jtwK1SqXYxH3qyYgABWGiCR4]]></FromUserName>
<CreateTime>1461055584</CreateTime>
<MsgType><![CDATA[event]]></MsgType>
<Event><![CDATA[VIEW]]></Event>
<EventKey><![CDATA[http://hh.xyj0772.com/mobile/]]></EventKey>
<MenuId>403540282</MenuId>
</xml>

2016-04-19 16:46:39 params :
------------
Array:
rule : -2 ;
module :  ;
message : Array ;

2016-04-19 16:46:39 response :
------------

2016-04-19 16:46:42 trace :
------------
String:
<xml><ToUserName><![CDATA[gh_d5c808a7666e]]></ToUserName>
<FromUserName><![CDATA[om_6jtwK1SqXYxH3qyYgABWGiCR4]]></FromUserName>
<CreateTime>1461055586</CreateTime>
<MsgType><![CDATA[event]]></MsgType>
<Event><![CDATA[VIEW]]></Event>
<EventKey><![CDATA[http://hh.xyj0772.com/mobile/]]></EventKey>
<MenuId>403540282</MenuId>
</xml>

2016-04-19 16:46:42 params :
------------
Array:
rule : -2 ;
module :  ;
message : Array ;

2016-04-19 16:46:42 response :
------------

2016-04-19 16:46:43 trace :
------------
String:
<xml><ToUserName><![CDATA[gh_d5c808a7666e]]></ToUserName>
<FromUserName><![CDATA[om_6jt2KN5m2a7PN8LYPB54R85zI]]></FromUserName>
<CreateTime>1461055587</CreateTime>
<MsgType><![CDATA[event]]></MsgType>
<Event><![CDATA[VIEW]]></Event>
<EventKey><![CDATA[http://wqq.xyj0772.com/app/index.php?i=2&c=home&]]></EventKey>
<MenuId>403541938</MenuId>
</xml>

2016-04-19 16:46:43 params :
------------
Array:
rule : -2 ;
module :  ;
message : Array ;

2016-04-19 16:46:43 response :
------------

2016-04-19 16:46:47 trace :
------------
String:
<xml><ToUserName><![CDATA[gh_d5c808a7666e]]></ToUserName>
<FromUserName><![CDATA[om_6jtwK1SqXYxH3qyYgABWGiCR4]]></FromUserName>
<CreateTime>1461055592</CreateTime>
<MsgType><![CDATA[event]]></MsgType>
<Event><![CDATA[unsubscribe]]></Event>
<EventKey><![CDATA[]]></EventKey>
</xml>

2016-04-19 16:46:50 trace :
------------
String:
<xml><ToUserName><![CDATA[gh_d5c808a7666e]]></ToUserName>
<FromUserName><![CDATA[om_6jtwK1SqXYxH3qyYgABWGiCR4]]></FromUserName>
<CreateTime>1461055594</CreateTime>
<MsgType><![CDATA[event]]></MsgType>
<Event><![CDATA[LOCATION]]></Event>
<Latitude>24.307653</Latitude>
<Longitude>109.403137</Longitude>
<Precision>65.000000</Precision>
</xml>

2016-04-19 16:46:50 params :
------------
Array:
message : Array ;
module : default ;
rule : -1 ;

2016-04-19 16:46:50 response :
------------
Array:
errno : -1 ;
message : Invaild value ;

2016-04-19 16:47:31 trace :
------------
String:
<xml><ToUserName><![CDATA[gh_d5c808a7666e]]></ToUserName>
<FromUserName><![CDATA[om_6jtwK1SqXYxH3qyYgABWGiCR4]]></FromUserName>
<CreateTime>1461055635</CreateTime>
<MsgType><![CDATA[event]]></MsgType>
<Event><![CDATA[subscribe]]></Event>
<EventKey><![CDATA[]]></EventKey>
</xml>

2016-04-19 16:47:32 params :
------------
Array:
rule : -2 ;
module :  ;
message : Array ;

2016-04-19 16:47:32 response :
------------

2016-04-19 16:47:33 trace :
------------
String:
<xml><ToUserName><![CDATA[gh_d5c808a7666e]]></ToUserName>
<FromUserName><![CDATA[om_6jtwK1SqXYxH3qyYgABWGiCR4]]></FromUserName>
<CreateTime>1461055636</CreateTime>
<MsgType><![CDATA[event]]></MsgType>
<Event><![CDATA[LOCATION]]></Event>
<Latitude>24.307680</Latitude>
<Longitude>109.403175</Longitude>
<Precision>65.000000</Precision>
</xml>

2016-04-19 16:47:33 params :
------------
Array:
message : Array ;
module : default ;
rule : -1 ;

2016-04-19 16:47:33 response :
------------
Array:
errno : -1 ;
message : Invaild value ;

2016-04-19 16:47:34 trace :
------------
String:
<xml><ToUserName><![CDATA[gh_d5c808a7666e]]></ToUserName>
<FromUserName><![CDATA[om_6jtwK1SqXYxH3qyYgABWGiCR4]]></FromUserName>
<CreateTime>1461055638</CreateTime>
<MsgType><![CDATA[event]]></MsgType>
<Event><![CDATA[VIEW]]></Event>
<EventKey><![CDATA[http://hh.xyj0772.com/mobile/]]></EventKey>
<MenuId>403540282</MenuId>
</xml>

2016-04-19 16:47:34 params :
------------
Array:
rule : -2 ;
module :  ;
message : Array ;

2016-04-19 16:47:34 response :
------------

2016-04-19 16:47:46 trace :
------------
String:
<xml><ToUserName><![CDATA[gh_d5c808a7666e]]></ToUserName>
<FromUserName><![CDATA[om_6jtwK1SqXYxH3qyYgABWGiCR4]]></FromUserName>
<CreateTime>1461055649</CreateTime>
<MsgType><![CDATA[event]]></MsgType>
<Event><![CDATA[unsubscribe]]></Event>
<EventKey><![CDATA[]]></EventKey>
</xml>

2016-04-19 16:48:04 trace :
------------
String:
<xml><ToUserName><![CDATA[gh_d5c808a7666e]]></ToUserName>
<FromUserName><![CDATA[om_6jt9nx0Vn3i2pXSydeJEeGeUU]]></FromUserName>
<CreateTime>1461055667</CreateTime>
<MsgType><![CDATA[event]]></MsgType>
<Event><![CDATA[LOCATION]]></Event>
<Latitude>24.307398</Latitude>
<Longitude>109.403160</Longitude>
<Precision>65.000000</Precision>
</xml>

2016-04-19 16:48:04 params :
------------
Array:
message : Array ;
module : default ;
rule : -1 ;

2016-04-19 16:48:04 response :
------------
Array:
errno : -1 ;
message : Invaild value ;

2016-04-19 16:48:08 trace :
------------
String:
<xml><ToUserName><![CDATA[gh_d5c808a7666e]]></ToUserName>
<FromUserName><![CDATA[om_6jt9nx0Vn3i2pXSydeJEeGeUU]]></FromUserName>
<CreateTime>1461055671</CreateTime>
<MsgType><![CDATA[event]]></MsgType>
<Event><![CDATA[VIEW]]></Event>
<EventKey><![CDATA[http://wqq.xyj0772.com/app/index.php?i=2&c=home&]]></EventKey>
<MenuId>403541938</MenuId>
</xml>

2016-04-19 16:48:08 params :
------------
Array:
rule : -2 ;
module :  ;
message : Array ;

2016-04-19 16:48:08 response :
------------

2016-04-19 16:48:15 trace :
------------
String:
<xml><ToUserName><![CDATA[gh_d5c808a7666e]]></ToUserName>
<FromUserName><![CDATA[om_6jtwK1SqXYxH3qyYgABWGiCR4]]></FromUserName>
<CreateTime>1461055679</CreateTime>
<MsgType><![CDATA[event]]></MsgType>
<Event><![CDATA[subscribe]]></Event>
<EventKey><![CDATA[]]></EventKey>
</xml>

2016-04-19 16:48:15 params :
------------
Array:
rule : -2 ;
module :  ;
message : Array ;

2016-04-19 16:48:15 response :
------------

2016-04-19 16:48:21 trace :
------------
String:
<xml><ToUserName><![CDATA[gh_d5c808a7666e]]></ToUserName>
<FromUserName><![CDATA[om_6jt9nx0Vn3i2pXSydeJEeGeUU]]></FromUserName>
<CreateTime>1461055685</CreateTime>
<MsgType><![CDATA[event]]></MsgType>
<Event><![CDATA[VIEW]]></Event>
<EventKey><![CDATA[http://hh.xyj0772.comwechat/oauth/wxch_oauth.php?oid=19]]></EventKey>
<MenuId>403541938</MenuId>
</xml>

2016-04-19 16:48:21 params :
------------
Array:
rule : -2 ;
module :  ;
message : Array ;

2016-04-19 16:48:21 response :
------------

2016-04-19 16:48:22 trace :
------------
String:
<xml><ToUserName><![CDATA[gh_d5c808a7666e]]></ToUserName>
<FromUserName><![CDATA[om_6jtwK1SqXYxH3qyYgABWGiCR4]]></FromUserName>
<CreateTime>1461055685</CreateTime>
<MsgType><![CDATA[event]]></MsgType>
<Event><![CDATA[VIEW]]></Event>
<EventKey><![CDATA[http://wqq.xyj0772.com/app/index.php?i=2&c=home&]]></EventKey>
<MenuId>403541938</MenuId>
</xml>

2016-04-19 16:48:22 params :
------------
Array:
rule : -2 ;
module :  ;
message : Array ;

2016-04-19 16:48:22 response :
------------

