2016-07-22 09:10:38 trace :
------------
String:
<xml><ToUserName><![CDATA[gh_a4f9178c9538]]></ToUserName>
<FromUserName><![CDATA[oPAtQt2d8Dcn8qR_gvUwYaVvpfeg]]></FromUserName>
<CreateTime>1469149838</CreateTime>
<MsgType><![CDATA[event]]></MsgType>
<Event><![CDATA[CLICK]]></Event>
<EventKey><![CDATA[订餐]]></EventKey>
</xml>

2016-07-22 09:10:38 params :
------------
Array:
message : Array ;
module : cover ;
rule : 9 ;
priority : 0 ;
keyword : Array ;

2016-07-22 09:10:38 response :
------------
Array:
FromUserName : gh_a4f9178c9538 ;
ToUserName : oPAtQt2d8Dcn8qR_gvUwYaVvpfeg ;
MsgType : news ;
ArticleCount : 1 ;
Articles : Array ;

2016-07-22 10:06:59 trace :
------------
String:
<xml><ToUserName><![CDATA[gh_a4f9178c9538]]></ToUserName>
<FromUserName><![CDATA[oPAtQt2d8Dcn8qR_gvUwYaVvpfeg]]></FromUserName>
<CreateTime>1469153219</CreateTime>
<MsgType><![CDATA[event]]></MsgType>
<Event><![CDATA[CLICK]]></Event>
<EventKey><![CDATA[订餐]]></EventKey>
</xml>

2016-07-22 10:06:59 params :
------------
Array:
message : Array ;
module : cover ;
rule : 9 ;
priority : 0 ;
keyword : Array ;

2016-07-22 10:06:59 response :
------------
Array:
FromUserName : gh_a4f9178c9538 ;
ToUserName : oPAtQt2d8Dcn8qR_gvUwYaVvpfeg ;
MsgType : news ;
ArticleCount : 1 ;
Articles : Array ;

2016-07-22 16:36:24 trace :
------------
String:
<xml><ToUserName><![CDATA[gh_a4f9178c9538]]></ToUserName>
<FromUserName><![CDATA[oPAtQt2d8Dcn8qR_gvUwYaVvpfeg]]></FromUserName>
<CreateTime>1469176584</CreateTime>
<MsgType><![CDATA[event]]></MsgType>
<Event><![CDATA[CLICK]]></Event>
<EventKey><![CDATA[订餐]]></EventKey>
</xml>

2016-07-22 16:36:24 params :
------------
Array:
message : Array ;
module : cover ;
rule : 9 ;
priority : 0 ;
keyword : Array ;

2016-07-22 16:36:24 response :
------------
Array:
FromUserName : gh_a4f9178c9538 ;
ToUserName : oPAtQt2d8Dcn8qR_gvUwYaVvpfeg ;
MsgType : news ;
ArticleCount : 1 ;
Articles : Array ;

2016-07-22 16:49:15 trace :
------------
String:
<xml><ToUserName><![CDATA[gh_a4f9178c9538]]></ToUserName>
<FromUserName><![CDATA[oPAtQt2d8Dcn8qR_gvUwYaVvpfeg]]></FromUserName>
<CreateTime>1469177355</CreateTime>
<MsgType><![CDATA[event]]></MsgType>
<Event><![CDATA[CLICK]]></Event>
<EventKey><![CDATA[订餐]]></EventKey>
</xml>

2016-07-22 16:49:15 params :
------------
Array:
message : Array ;
module : cover ;
rule : 9 ;
priority : 0 ;
keyword : Array ;

2016-07-22 16:49:15 response :
------------
Array:
FromUserName : gh_a4f9178c9538 ;
ToUserName : oPAtQt2d8Dcn8qR_gvUwYaVvpfeg ;
MsgType : news ;
ArticleCount : 1 ;
Articles : Array ;

2016-07-22 16:53:01 trace :
------------
String:
<xml><ToUserName><![CDATA[gh_a4f9178c9538]]></ToUserName>
<FromUserName><![CDATA[oPAtQt2d8Dcn8qR_gvUwYaVvpfeg]]></FromUserName>
<CreateTime>1469177581</CreateTime>
<MsgType><![CDATA[event]]></MsgType>
<Event><![CDATA[CLICK]]></Event>
<EventKey><![CDATA[订餐]]></EventKey>
</xml>

2016-07-22 16:53:01 params :
------------
Array:
message : Array ;
module : cover ;
rule : 9 ;
priority : 0 ;
keyword : Array ;

2016-07-22 16:53:01 response :
------------
Array:
FromUserName : gh_a4f9178c9538 ;
ToUserName : oPAtQt2d8Dcn8qR_gvUwYaVvpfeg ;
MsgType : news ;
ArticleCount : 1 ;
Articles : Array ;

2016-07-22 17:05:02 trace :
------------
String:
<xml><ToUserName><![CDATA[gh_a4f9178c9538]]></ToUserName>
<FromUserName><![CDATA[oPAtQt2d8Dcn8qR_gvUwYaVvpfeg]]></FromUserName>
<CreateTime>1469178302</CreateTime>
<MsgType><![CDATA[event]]></MsgType>
<Event><![CDATA[CLICK]]></Event>
<EventKey><![CDATA[订餐]]></EventKey>
</xml>

2016-07-22 17:05:02 params :
------------
Array:
message : Array ;
module : cover ;
rule : 9 ;
priority : 0 ;
keyword : Array ;

2016-07-22 17:05:02 response :
------------
Array:
FromUserName : gh_a4f9178c9538 ;
ToUserName : oPAtQt2d8Dcn8qR_gvUwYaVvpfeg ;
MsgType : news ;
ArticleCount : 1 ;
Articles : Array ;

2016-07-22 17:12:53 trace :
------------
String:
<xml><ToUserName><![CDATA[gh_a4f9178c9538]]></ToUserName>
<FromUserName><![CDATA[oPAtQt2d8Dcn8qR_gvUwYaVvpfeg]]></FromUserName>
<CreateTime>1469178773</CreateTime>
<MsgType><![CDATA[event]]></MsgType>
<Event><![CDATA[CLICK]]></Event>
<EventKey><![CDATA[订餐]]></EventKey>
</xml>

2016-07-22 17:12:53 params :
------------
Array:
message : Array ;
module : cover ;
rule : 9 ;
priority : 0 ;
keyword : Array ;

2016-07-22 17:12:53 response :
------------
Array:
FromUserName : gh_a4f9178c9538 ;
ToUserName : oPAtQt2d8Dcn8qR_gvUwYaVvpfeg ;
MsgType : news ;
ArticleCount : 1 ;
Articles : Array ;

2016-07-22 17:27:18 trace :
------------
String:
<xml><ToUserName><![CDATA[gh_a4f9178c9538]]></ToUserName>
<FromUserName><![CDATA[oPAtQtwN8I22P_TieMHB1LZwncBo]]></FromUserName>
<CreateTime>1469179637</CreateTime>
<MsgType><![CDATA[event]]></MsgType>
<Event><![CDATA[LOCATION]]></Event>
<Latitude>24.307673</Latitude>
<Longitude>109.403061</Longitude>
<Precision>65.000000</Precision>
</xml>

2016-07-22 17:27:18 params :
------------
Array:
message : Array ;
module : default ;
rule : -1 ;

2016-07-22 17:27:18 response :
------------
Array:
errno : -1 ;
message : Invaild value ;

2016-07-22 18:11:15 trace :
------------
String:
<xml><ToUserName><![CDATA[gh_a4f9178c9538]]></ToUserName>
<FromUserName><![CDATA[oPAtQt2d8Dcn8qR_gvUwYaVvpfeg]]></FromUserName>
<CreateTime>1469182275</CreateTime>
<MsgType><![CDATA[event]]></MsgType>
<Event><![CDATA[CLICK]]></Event>
<EventKey><![CDATA[订餐]]></EventKey>
</xml>

2016-07-22 18:11:15 params :
------------
Array:
message : Array ;
module : cover ;
rule : 9 ;
priority : 0 ;
keyword : Array ;

2016-07-22 18:11:15 response :
------------
Array:
FromUserName : gh_a4f9178c9538 ;
ToUserName : oPAtQt2d8Dcn8qR_gvUwYaVvpfeg ;
MsgType : news ;
ArticleCount : 1 ;
Articles : Array ;

2016-07-22 18:30:49 trace :
------------
String:
<xml><ToUserName><![CDATA[gh_a4f9178c9538]]></ToUserName>
<FromUserName><![CDATA[oPAtQtwN8I22P_TieMHB1LZwncBo]]></FromUserName>
<CreateTime>1469183449</CreateTime>
<MsgType><![CDATA[event]]></MsgType>
<Event><![CDATA[LOCATION]]></Event>
<Latitude>24.306862</Latitude>
<Longitude>109.403755</Longitude>
<Precision>65.000000</Precision>
</xml>

2016-07-22 18:30:49 params :
------------
Array:
message : Array ;
module : default ;
rule : -1 ;

2016-07-22 18:30:49 response :
------------
Array:
errno : -1 ;
message : Invaild value ;

