2016-09-06 00:37:03 trace :
------------
String:
<xml><ToUserName><![CDATA[gh_d5c808a7666e]]></ToUserName>
<FromUserName><![CDATA[om_6jtwBwSTbzTAV-dCV3wHPQTBc]]></FromUserName>
<CreateTime>1473093423</CreateTime>
<MsgType><![CDATA[event]]></MsgType>
<Event><![CDATA[LOCATION]]></Event>
<Latitude>23.601278</Latitude>
<Longitude>108.898575</Longitude>
<Precision>5.000000</Precision>
</xml>

2016-09-06 00:37:03 params :
------------
Array:
message : Array ;
module : default ;
rule : -1 ;

2016-09-06 00:37:03 response :
------------
Array:
errno : -1 ;
message : Invaild value ;

2016-09-06 00:37:03 trace :
------------
String:
<xml><ToUserName><![CDATA[gh_d5c808a7666e]]></ToUserName>
<FromUserName><![CDATA[om_6jtwBwSTbzTAV-dCV3wHPQTBc]]></FromUserName>
<CreateTime>1473093423</CreateTime>
<MsgType><![CDATA[event]]></MsgType>
<Event><![CDATA[LOCATION]]></Event>
<Latitude>23.601278</Latitude>
<Longitude>108.898575</Longitude>
<Precision>5.000000</Precision>
</xml>

2016-09-06 00:37:03 params :
------------
Array:
message : Array ;
module : default ;
rule : -1 ;

2016-09-06 00:37:03 response :
------------
Array:
errno : -1 ;
message : Invaild value ;

2016-09-06 00:37:13 trace :
------------
String:
<xml><ToUserName><![CDATA[gh_d5c808a7666e]]></ToUserName>
<FromUserName><![CDATA[om_6jtwBwSTbzTAV-dCV3wHPQTBc]]></FromUserName>
<CreateTime>1473093433</CreateTime>
<MsgType><![CDATA[event]]></MsgType>
<Event><![CDATA[VIEW]]></Event>
<EventKey><![CDATA[http://shanghai.xyj0772.com/app/index.php?i=1&c=entry&eid=22]]></EventKey>
<MenuId>404364969</MenuId>
</xml>

2016-09-06 00:37:13 params :
------------
Array:
rule : -2 ;
module :  ;
message : Array ;

2016-09-06 00:37:13 response :
------------

2016-09-06 00:38:21 trace :
------------
String:
<xml><ToUserName><![CDATA[gh_d5c808a7666e]]></ToUserName>
<FromUserName><![CDATA[om_6jtwBwSTbzTAV-dCV3wHPQTBc]]></FromUserName>
<CreateTime>1473093501</CreateTime>
<MsgType><![CDATA[event]]></MsgType>
<Event><![CDATA[LOCATION]]></Event>
<Latitude>23.599237</Latitude>
<Longitude>108.913681</Longitude>
<Precision>5.000000</Precision>
</xml>

2016-09-06 00:38:21 params :
------------
Array:
message : Array ;
module : default ;
rule : -1 ;

2016-09-06 00:38:21 response :
------------
Array:
errno : -1 ;
message : Invaild value ;

2016-09-06 00:38:34 trace :
------------
String:
<xml><ToUserName><![CDATA[gh_d5c808a7666e]]></ToUserName>
<FromUserName><![CDATA[om_6jtwBwSTbzTAV-dCV3wHPQTBc]]></FromUserName>
<CreateTime>1473093514</CreateTime>
<MsgType><![CDATA[event]]></MsgType>
<Event><![CDATA[VIEW]]></Event>
<EventKey><![CDATA[http://shanghai.xyj0772.com/app/index.php?i=1&c=entry&eid=22]]></EventKey>
<MenuId>404364969</MenuId>
</xml>

2016-09-06 00:38:34 params :
------------
Array:
rule : -2 ;
module :  ;
message : Array ;

2016-09-06 00:38:34 response :
------------

2016-09-06 00:39:48 trace :
------------
String:
<xml><ToUserName><![CDATA[gh_d5c808a7666e]]></ToUserName>
<FromUserName><![CDATA[om_6jtwBwSTbzTAV-dCV3wHPQTBc]]></FromUserName>
<CreateTime>1473093588</CreateTime>
<MsgType><![CDATA[event]]></MsgType>
<Event><![CDATA[LOCATION]]></Event>
<Latitude>23.602474</Latitude>
<Longitude>108.935829</Longitude>
<Precision>5.000000</Precision>
</xml>

2016-09-06 00:39:48 params :
------------
Array:
message : Array ;
module : default ;
rule : -1 ;

2016-09-06 00:39:48 response :
------------
Array:
errno : -1 ;
message : Invaild value ;

2016-09-06 00:40:12 trace :
------------
String:
<xml><ToUserName><![CDATA[gh_d5c808a7666e]]></ToUserName>
<FromUserName><![CDATA[om_6jtwBwSTbzTAV-dCV3wHPQTBc]]></FromUserName>
<CreateTime>1473093612</CreateTime>
<MsgType><![CDATA[event]]></MsgType>
<Event><![CDATA[LOCATION]]></Event>
<Latitude>23.602474</Latitude>
<Longitude>108.935829</Longitude>
<Precision>5.000000</Precision>
</xml>

2016-09-06 00:40:12 params :
------------
Array:
message : Array ;
module : default ;
rule : -1 ;

2016-09-06 00:40:12 response :
------------
Array:
errno : -1 ;
message : Invaild value ;

2016-09-06 00:40:12 trace :
------------
String:
<xml><ToUserName><![CDATA[gh_d5c808a7666e]]></ToUserName>
<FromUserName><![CDATA[om_6jtwBwSTbzTAV-dCV3wHPQTBc]]></FromUserName>
<CreateTime>1473093612</CreateTime>
<MsgType><![CDATA[event]]></MsgType>
<Event><![CDATA[VIEW]]></Event>
<EventKey><![CDATA[http://shanghai.xyj0772.com/app/index.php?i=1&c=entry&eid=22]]></EventKey>
<MenuId>404364969</MenuId>
</xml>

2016-09-06 00:40:12 params :
------------
Array:
rule : -2 ;
module :  ;
message : Array ;

2016-09-06 00:40:12 response :
------------

2016-09-06 00:40:15 trace :
------------
String:
<xml><ToUserName><![CDATA[gh_d5c808a7666e]]></ToUserName>
<FromUserName><![CDATA[om_6jtwBwSTbzTAV-dCV3wHPQTBc]]></FromUserName>
<CreateTime>1473093615</CreateTime>
<MsgType><![CDATA[event]]></MsgType>
<Event><![CDATA[VIEW]]></Event>
<EventKey><![CDATA[https://open.weixin.qq.com/connect/oauth2/authorize?appid=wx5ce7ab396e8db3fe&redirect_uri=http%3A%2F%2Fshanghai.xyj0772.com%2Fapp%2F.%2Findex.php%3Fi%3D1%26c%3Dentry%26do%3Dwaprestlist%26m%3Dweisrc_dish&response_type=code&scope=snsapi_base&state=0#wechat_redirect]]></EventKey>
<MenuId>404364969</MenuId>
</xml>

2016-09-06 00:40:15 params :
------------
Array:
rule : -2 ;
module :  ;
message : Array ;

2016-09-06 00:40:15 response :
------------

2016-09-06 00:42:06 trace :
------------
String:
<xml><ToUserName><![CDATA[gh_d5c808a7666e]]></ToUserName>
<FromUserName><![CDATA[om_6jtwBwSTbzTAV-dCV3wHPQTBc]]></FromUserName>
<CreateTime>1473093726</CreateTime>
<MsgType><![CDATA[event]]></MsgType>
<Event><![CDATA[LOCATION]]></Event>
<Latitude>23.602242</Latitude>
<Longitude>108.969383</Longitude>
<Precision>10.000000</Precision>
</xml>

2016-09-06 00:42:06 params :
------------
Array:
message : Array ;
module : default ;
rule : -1 ;

2016-09-06 00:42:06 response :
------------
Array:
errno : -1 ;
message : Invaild value ;

2016-09-06 00:42:06 trace :
------------
String:
<xml><ToUserName><![CDATA[gh_d5c808a7666e]]></ToUserName>
<FromUserName><![CDATA[om_6jtwBwSTbzTAV-dCV3wHPQTBc]]></FromUserName>
<CreateTime>1473093726</CreateTime>
<MsgType><![CDATA[event]]></MsgType>
<Event><![CDATA[VIEW]]></Event>
<EventKey><![CDATA[http://shanghai.xyj0772.com/app/index.php?i=1&c=entry&id=2&do=game&m=j_money]]></EventKey>
<MenuId>404364969</MenuId>
</xml>

2016-09-06 00:42:06 params :
------------
Array:
rule : -2 ;
module :  ;
message : Array ;

2016-09-06 00:42:06 response :
------------

2016-09-06 00:42:57 trace :
------------
String:
<xml><ToUserName><![CDATA[gh_d5c808a7666e]]></ToUserName>
<FromUserName><![CDATA[om_6jtwBwSTbzTAV-dCV3wHPQTBc]]></FromUserName>
<CreateTime>1473093777</CreateTime>
<MsgType><![CDATA[event]]></MsgType>
<Event><![CDATA[LOCATION]]></Event>
<Latitude>23.605333</Latitude>
<Longitude>108.990479</Longitude>
<Precision>5.000000</Precision>
</xml>

2016-09-06 00:42:57 params :
------------
Array:
message : Array ;
module : default ;
rule : -1 ;

2016-09-06 00:42:57 response :
------------
Array:
errno : -1 ;
message : Invaild value ;

2016-09-06 00:42:59 trace :
------------
String:
<xml><ToUserName><![CDATA[gh_d5c808a7666e]]></ToUserName>
<FromUserName><![CDATA[om_6jtwBwSTbzTAV-dCV3wHPQTBc]]></FromUserName>
<CreateTime>1473093779</CreateTime>
<MsgType><![CDATA[event]]></MsgType>
<Event><![CDATA[VIEW]]></Event>
<EventKey><![CDATA[http://shanghai.xyj0772.com/app/index.php?i=1&c=entry&eid=22]]></EventKey>
<MenuId>404364969</MenuId>
</xml>

2016-09-06 00:42:59 params :
------------
Array:
rule : -2 ;
module :  ;
message : Array ;

2016-09-06 00:42:59 response :
------------

2016-09-06 01:02:51 trace :
------------
String:
<xml><ToUserName><![CDATA[gh_d5c808a7666e]]></ToUserName>
<FromUserName><![CDATA[om_6jtwBwSTbzTAV-dCV3wHPQTBc]]></FromUserName>
<CreateTime>1473094971</CreateTime>
<MsgType><![CDATA[event]]></MsgType>
<Event><![CDATA[LOCATION]]></Event>
<Latitude>23.693624</Latitude>
<Longitude>109.186508</Longitude>
<Precision>10.000000</Precision>
</xml>

2016-09-06 01:02:51 params :
------------
Array:
message : Array ;
module : default ;
rule : -1 ;

2016-09-06 01:02:51 response :
------------
Array:
errno : -1 ;
message : Invaild value ;

