2016-10-12 11:20:19 trace :
------------
String:
<xml><ToUserName><![CDATA[gh_d5c808a7666e]]></ToUserName>
<FromUserName><![CDATA[om_6jt6l3_srrkspBNE7LzhYWgpg]]></FromUserName>
<CreateTime>1476242419</CreateTime>
<MsgType><![CDATA[event]]></MsgType>
<Event><![CDATA[VIEW]]></Event>
<EventKey><![CDATA[http://shanghai.xyj0772.com/app/index.php?i=1&c=entry&eid=110]]></EventKey>
<MenuId>405795979</MenuId>
</xml>

2016-10-12 11:20:19 params :
------------
Array:
rule : -2 ;
module :  ;
message : Array ;

2016-10-12 11:20:19 response :
------------

2016-10-12 11:20:44 trace :
------------
String:
<xml><ToUserName><![CDATA[gh_d5c808a7666e]]></ToUserName>
<FromUserName><![CDATA[om_6jt6l3_srrkspBNE7LzhYWgpg]]></FromUserName>
<CreateTime>1476242444</CreateTime>
<MsgType><![CDATA[event]]></MsgType>
<Event><![CDATA[VIEW]]></Event>
<EventKey><![CDATA[http://shanghai.xyj0772.com/app/index.php?i=1&c=entry&do=orderlist&m=weisrc_dish]]></EventKey>
<MenuId>405795979</MenuId>
</xml>

2016-10-12 11:20:44 params :
------------
Array:
rule : -2 ;
module :  ;
message : Array ;

2016-10-12 11:20:44 response :
------------

2016-10-12 14:10:53 trace :
------------
String:
<xml><ToUserName><![CDATA[gh_d5c808a7666e]]></ToUserName>
<FromUserName><![CDATA[om_6jt0ZdsS0OlLSpfO0DVzyqMGU]]></FromUserName>
<CreateTime>1476252652</CreateTime>
<MsgType><![CDATA[event]]></MsgType>
<Event><![CDATA[VIEW]]></Event>
<EventKey><![CDATA[http://shanghai.xyj0772.com/app/index.php?i=1&c=entry&do=orderlist&m=weisrc_dish]]></EventKey>
<MenuId>405795979</MenuId>
</xml>

2016-10-12 14:10:53 params :
------------
Array:
rule : -2 ;
module :  ;
message : Array ;

2016-10-12 14:10:53 response :
------------

