2017-01-28 01:17:30 trace :
------------
String:
<xml><ToUserName><![CDATA[gh_9ded809b0f7b]]></ToUserName>
<FromUserName><![CDATA[oKumhs1Cw057yiy_81YCc7otTuZQ]]></FromUserName>
<CreateTime>1485537450</CreateTime>
<MsgType><![CDATA[event]]></MsgType>
<Event><![CDATA[VIEW]]></Event>
<EventKey><![CDATA[http://shanghai.xyj0772.com/app/index.php?i=1&c=entry&do=orderlist&m=weisrc_dish]]></EventKey>
<MenuId>408452709</MenuId>
</xml>

2017-01-28 01:17:30 params :
------------
Array:
rule : -2 ;
module :  ;
message : Array ;

2017-01-28 01:17:30 response :
------------

2017-01-28 01:17:36 trace :
------------
String:
<xml><ToUserName><![CDATA[gh_9ded809b0f7b]]></ToUserName>
<FromUserName><![CDATA[oKumhs1Cw057yiy_81YCc7otTuZQ]]></FromUserName>
<CreateTime>1485537456</CreateTime>
<MsgType><![CDATA[event]]></MsgType>
<Event><![CDATA[VIEW]]></Event>
<EventKey><![CDATA[http://shanghai.xyj0772.com/app/index.php?i=1&c=entry&do=orderlist&m=weisrc_dish]]></EventKey>
<MenuId>408452709</MenuId>
</xml>

2017-01-28 01:17:36 params :
------------
Array:
rule : -2 ;
module :  ;
message : Array ;

2017-01-28 01:17:36 response :
------------

2017-01-28 03:05:38 trace :
------------
String:
<xml><ToUserName><![CDATA[gh_9ded809b0f7b]]></ToUserName>
<FromUserName><![CDATA[oKumhswkZcsAd01Io1kX1cd1Qzzw]]></FromUserName>
<CreateTime>1485543938</CreateTime>
<MsgType><![CDATA[event]]></MsgType>
<Event><![CDATA[WifiConnected]]></Event><ConnectTime>1485543938</ConnectTime><ExpireTime>0</ExpireTime><VendorId><![CDATA[3001224419]]></VendorId><ShopId><![CDATA[5530490]]></ShopId><DeviceNo><![CDATA[78:d3:8d:e3:f1:27]]></DeviceNo></xml>

2017-01-28 03:05:38 params :
------------
Array:
rule : -2 ;
module :  ;
message : Array ;

2017-01-28 03:05:38 response :
------------

2017-01-28 03:19:54 trace :
------------
String:
<xml><ToUserName><![CDATA[gh_9ded809b0f7b]]></ToUserName>
<FromUserName><![CDATA[oKumhswb_XNFUw19EbU1265uqBHs]]></FromUserName>
<CreateTime>1485544794</CreateTime>
<MsgType><![CDATA[event]]></MsgType>
<Event><![CDATA[WifiConnected]]></Event><ConnectTime>1485544794</ConnectTime><ExpireTime>0</ExpireTime><VendorId><![CDATA[3001224419]]></VendorId><ShopId><![CDATA[5530490]]></ShopId><DeviceNo><![CDATA[78:d3:8d:e3:f1:27]]></DeviceNo></xml>

2017-01-28 03:19:54 params :
------------
Array:
rule : -2 ;
module :  ;
message : Array ;

2017-01-28 03:19:54 response :
------------

2017-01-28 03:23:05 trace :
------------
String:
<xml><ToUserName><![CDATA[gh_9ded809b0f7b]]></ToUserName>
<FromUserName><![CDATA[oKumhs9DvG7OyJ9gwwCSOZZIgVu8]]></FromUserName>
<CreateTime>1485544985</CreateTime>
<MsgType><![CDATA[event]]></MsgType>
<Event><![CDATA[WifiConnected]]></Event><ConnectTime>1485544985</ConnectTime><ExpireTime>0</ExpireTime><VendorId><![CDATA[3001224419]]></VendorId><ShopId><![CDATA[5530490]]></ShopId><DeviceNo><![CDATA[78:d3:8d:e3:f1:18]]></DeviceNo></xml>

2017-01-28 03:23:05 params :
------------
Array:
rule : -2 ;
module :  ;
message : Array ;

2017-01-28 03:23:05 response :
------------

2017-01-28 06:10:37 trace :
------------
String:
<xml><ToUserName><![CDATA[gh_9ded809b0f7b]]></ToUserName>
<FromUserName><![CDATA[oKumhsxj17359JKSHFdSVGXyKMOo]]></FromUserName>
<CreateTime>1485555036</CreateTime>
<MsgType><![CDATA[event]]></MsgType>
<Event><![CDATA[WifiConnected]]></Event><ConnectTime>1485555036</ConnectTime><ExpireTime>0</ExpireTime><VendorId><![CDATA[3001224419]]></VendorId><ShopId><![CDATA[5530490]]></ShopId><DeviceNo><![CDATA[78:d3:8d:e3:f1:27]]></DeviceNo></xml>

2017-01-28 06:10:37 params :
------------
Array:
rule : -2 ;
module :  ;
message : Array ;

2017-01-28 06:10:37 response :
------------

2017-01-28 06:11:08 trace :
------------
String:
<xml><ToUserName><![CDATA[gh_9ded809b0f7b]]></ToUserName>
<FromUserName><![CDATA[oKumhs3vWxzxuAfEOHD5Mi7pxyOY]]></FromUserName>
<CreateTime>1485555068</CreateTime>
<MsgType><![CDATA[event]]></MsgType>
<Event><![CDATA[WifiConnected]]></Event><ConnectTime>1485555068</ConnectTime><ExpireTime>0</ExpireTime><VendorId><![CDATA[3001224419]]></VendorId><ShopId><![CDATA[5530490]]></ShopId><DeviceNo><![CDATA[78:d3:8d:e3:f1:27]]></DeviceNo></xml>

2017-01-28 06:11:08 params :
------------
Array:
rule : -2 ;
module :  ;
message : Array ;

2017-01-28 06:11:08 response :
------------

2017-01-28 08:16:58 trace :
------------
String:
<xml><ToUserName><![CDATA[gh_9ded809b0f7b]]></ToUserName>
<FromUserName><![CDATA[oKumhs1vO_V2f6ucQOrdPhs7yF8g]]></FromUserName>
<CreateTime>1485562618</CreateTime>
<MsgType><![CDATA[event]]></MsgType>
<Event><![CDATA[WifiConnected]]></Event><ConnectTime>1485562618</ConnectTime><ExpireTime>0</ExpireTime><VendorId><![CDATA[3001224419]]></VendorId><ShopId><![CDATA[5530490]]></ShopId><DeviceNo><![CDATA[78:d3:8d:e3:f1:27]]></DeviceNo></xml>

2017-01-28 08:16:58 params :
------------
Array:
rule : -2 ;
module :  ;
message : Array ;

2017-01-28 08:16:58 response :
------------

2017-01-28 08:18:38 trace :
------------
String:
<xml><ToUserName><![CDATA[gh_9ded809b0f7b]]></ToUserName>
<FromUserName><![CDATA[oKumhsz2zt1hwgTchqaL3iDarbxg]]></FromUserName>
<CreateTime>1485562718</CreateTime>
<MsgType><![CDATA[event]]></MsgType>
<Event><![CDATA[unsubscribe]]></Event>
<EventKey><![CDATA[]]></EventKey>
</xml>

2017-01-28 08:36:29 trace :
------------
String:
<xml><ToUserName><![CDATA[gh_9ded809b0f7b]]></ToUserName>
<FromUserName><![CDATA[oKumhs85PAYyGoy0Cc9utmDg1zrI]]></FromUserName>
<CreateTime>1485563789</CreateTime>
<MsgType><![CDATA[event]]></MsgType>
<Event><![CDATA[WifiConnected]]></Event><ConnectTime>1485563789</ConnectTime><ExpireTime>0</ExpireTime><VendorId><![CDATA[3001224419]]></VendorId><ShopId><![CDATA[3780592]]></ShopId><DeviceNo><![CDATA[18:40:a4:a9:16:bb]]></DeviceNo></xml>

2017-01-28 08:36:29 params :
------------
Array:
rule : -2 ;
module :  ;
message : Array ;

2017-01-28 08:36:29 response :
------------

2017-01-28 08:54:19 trace :
------------
String:
<xml><ToUserName><![CDATA[gh_9ded809b0f7b]]></ToUserName>
<FromUserName><![CDATA[oKumhsww7n06FMCOBEbkcyb6LJ0c]]></FromUserName>
<CreateTime>1485564859</CreateTime>
<MsgType><![CDATA[event]]></MsgType>
<Event><![CDATA[WifiConnected]]></Event><ConnectTime>1485564858</ConnectTime><ExpireTime>0</ExpireTime><VendorId><![CDATA[3001224419]]></VendorId><ShopId><![CDATA[3780592]]></ShopId><DeviceNo><![CDATA[18:40:a4:a9:16:bb]]></DeviceNo></xml>

2017-01-28 08:54:19 params :
------------
Array:
rule : -2 ;
module :  ;
message : Array ;

2017-01-28 08:54:19 response :
------------

2017-01-28 08:55:39 trace :
------------
String:
<xml><ToUserName><![CDATA[gh_9ded809b0f7b]]></ToUserName>
<FromUserName><![CDATA[oKumhs6hi4g7TTsOolM_Uj6Cfj48]]></FromUserName>
<CreateTime>1485564939</CreateTime>
<MsgType><![CDATA[event]]></MsgType>
<Event><![CDATA[WifiConnected]]></Event><ConnectTime>1485564939</ConnectTime><ExpireTime>0</ExpireTime><VendorId><![CDATA[3001224419]]></VendorId><ShopId><![CDATA[2478220]]></ShopId><DeviceNo><![CDATA[18:40:a4:a9:1d:15]]></DeviceNo></xml>

2017-01-28 08:55:39 params :
------------
Array:
rule : -2 ;
module :  ;
message : Array ;

2017-01-28 08:55:39 response :
------------

2017-01-28 08:55:56 trace :
------------
String:
<xml><ToUserName><![CDATA[gh_9ded809b0f7b]]></ToUserName>
<FromUserName><![CDATA[oKumhs6AOHCol_ac4RpwHzL4a_vU]]></FromUserName>
<CreateTime>1485564956</CreateTime>
<MsgType><![CDATA[event]]></MsgType>
<Event><![CDATA[unsubscribe]]></Event>
<EventKey><![CDATA[]]></EventKey>
</xml>

2017-01-28 09:02:03 trace :
------------
String:
<xml><ToUserName><![CDATA[gh_9ded809b0f7b]]></ToUserName>
<FromUserName><![CDATA[oKumhs2wVH1qsknzfzhN24l512nM]]></FromUserName>
<CreateTime>1485565323</CreateTime>
<MsgType><![CDATA[event]]></MsgType>
<Event><![CDATA[WifiConnected]]></Event><ConnectTime>1485565323</ConnectTime><ExpireTime>0</ExpireTime><VendorId><![CDATA[3001224419]]></VendorId><ShopId><![CDATA[2478220]]></ShopId><DeviceNo><![CDATA[18:40:a4:a9:1d:15]]></DeviceNo></xml>

2017-01-28 09:02:03 params :
------------
Array:
rule : -2 ;
module :  ;
message : Array ;

2017-01-28 09:02:03 response :
------------

2017-01-28 09:02:31 trace :
------------
String:
<xml><ToUserName><![CDATA[gh_9ded809b0f7b]]></ToUserName>
<FromUserName><![CDATA[oKumhs4ki9d3MkT1LLi4rzMtPTgw]]></FromUserName>
<CreateTime>1485565351</CreateTime>
<MsgType><![CDATA[event]]></MsgType>
<Event><![CDATA[WifiConnected]]></Event><ConnectTime>1485565351</ConnectTime><ExpireTime>0</ExpireTime><VendorId><![CDATA[3001224419]]></VendorId><ShopId><![CDATA[2478220]]></ShopId><DeviceNo><![CDATA[18:40:a4:a9:1d:15]]></DeviceNo></xml>

2017-01-28 09:02:31 params :
------------
Array:
rule : -2 ;
module :  ;
message : Array ;

2017-01-28 09:02:31 response :
------------

2017-01-28 09:04:48 trace :
------------
String:
<xml><ToUserName><![CDATA[gh_9ded809b0f7b]]></ToUserName>
<FromUserName><![CDATA[oKumhs-_lfW9uFTbD0zV18lRyhcQ]]></FromUserName>
<CreateTime>1485565488</CreateTime>
<MsgType><![CDATA[event]]></MsgType>
<Event><![CDATA[WifiConnected]]></Event><ConnectTime>1485565488</ConnectTime><ExpireTime>0</ExpireTime><VendorId><![CDATA[3001224419]]></VendorId><ShopId><![CDATA[5530490]]></ShopId><DeviceNo><![CDATA[78:d3:8d:e3:f1:27]]></DeviceNo></xml>

2017-01-28 09:04:48 params :
------------
Array:
rule : -2 ;
module :  ;
message : Array ;

2017-01-28 09:04:48 response :
------------

2017-01-28 09:05:54 trace :
------------
String:
<xml><ToUserName><![CDATA[gh_9ded809b0f7b]]></ToUserName>
<FromUserName><![CDATA[oKumhs0AoF6T6JEXiuwXLYEAeGOU]]></FromUserName>
<CreateTime>1485565554</CreateTime>
<MsgType><![CDATA[event]]></MsgType>
<Event><![CDATA[WifiConnected]]></Event><ConnectTime>1485565554</ConnectTime><ExpireTime>0</ExpireTime><VendorId><![CDATA[3001224419]]></VendorId><ShopId><![CDATA[2478220]]></ShopId><DeviceNo><![CDATA[18:40:a4:a9:1d:15]]></DeviceNo></xml>

2017-01-28 09:05:54 params :
------------
Array:
rule : -2 ;
module :  ;
message : Array ;

2017-01-28 09:05:54 response :
------------

2017-01-28 09:09:12 trace :
------------
String:
<xml><ToUserName><![CDATA[gh_9ded809b0f7b]]></ToUserName>
<FromUserName><![CDATA[oKumhszxi7mJJoUYS5W6yNcbHE9I]]></FromUserName>
<CreateTime>1485565752</CreateTime>
<MsgType><![CDATA[event]]></MsgType>
<Event><![CDATA[WifiConnected]]></Event><ConnectTime>1485565752</ConnectTime><ExpireTime>0</ExpireTime><VendorId><![CDATA[3001224419]]></VendorId><ShopId><![CDATA[2478220]]></ShopId><DeviceNo><![CDATA[18:40:a4:a9:1d:15]]></DeviceNo></xml>

2017-01-28 09:09:12 params :
------------
Array:
rule : -2 ;
module :  ;
message : Array ;

2017-01-28 09:09:12 response :
------------

2017-01-28 09:20:05 trace :
------------
String:
<xml><ToUserName><![CDATA[gh_9ded809b0f7b]]></ToUserName>
<FromUserName><![CDATA[oKumhs22t4yP0JwIXESEF2zAsGQE]]></FromUserName>
<CreateTime>1485566405</CreateTime>
<MsgType><![CDATA[event]]></MsgType>
<Event><![CDATA[WifiConnected]]></Event><ConnectTime>1485566405</ConnectTime><ExpireTime>0</ExpireTime><VendorId><![CDATA[3001224419]]></VendorId><ShopId><![CDATA[2478220]]></ShopId><DeviceNo><![CDATA[18:40:a4:a9:1d:15]]></DeviceNo></xml>

2017-01-28 09:20:05 params :
------------
Array:
rule : -2 ;
module :  ;
message : Array ;

2017-01-28 09:20:05 response :
------------

2017-01-28 09:35:19 trace :
------------
String:
<xml><ToUserName><![CDATA[gh_9ded809b0f7b]]></ToUserName>
<FromUserName><![CDATA[oKumhs42MSOy-I1qYljY9p4XlXMM]]></FromUserName>
<CreateTime>1485567319</CreateTime>
<MsgType><![CDATA[event]]></MsgType>
<Event><![CDATA[WifiConnected]]></Event><ConnectTime>1485567319</ConnectTime><ExpireTime>0</ExpireTime><VendorId><![CDATA[3001224419]]></VendorId><ShopId><![CDATA[3780592]]></ShopId><DeviceNo><![CDATA[18:40:a4:a9:16:bb]]></DeviceNo></xml>

2017-01-28 09:35:19 params :
------------
Array:
rule : -2 ;
module :  ;
message : Array ;

2017-01-28 09:35:19 response :
------------

2017-01-28 09:46:26 trace :
------------
String:
<xml><ToUserName><![CDATA[gh_9ded809b0f7b]]></ToUserName>
<FromUserName><![CDATA[oKumhszBBc47tZtChz4zUfrlpCcQ]]></FromUserName>
<CreateTime>1485567986</CreateTime>
<MsgType><![CDATA[event]]></MsgType>
<Event><![CDATA[VIEW]]></Event>
<EventKey><![CDATA[http://shanghai.xyj0772.com/app/index.php?i=1&c=entry&do=orderlist&m=weisrc_dish]]></EventKey>
<MenuId>408452709</MenuId>
</xml>

2017-01-28 09:46:26 params :
------------
Array:
rule : -2 ;
module :  ;
message : Array ;

2017-01-28 09:46:26 response :
------------

2017-01-28 09:46:34 trace :
------------
String:
<xml><ToUserName><![CDATA[gh_9ded809b0f7b]]></ToUserName>
<FromUserName><![CDATA[oKumhszBBc47tZtChz4zUfrlpCcQ]]></FromUserName>
<CreateTime>1485567993</CreateTime>
<MsgType><![CDATA[event]]></MsgType>
<Event><![CDATA[WifiConnected]]></Event><ConnectTime>1485567993</ConnectTime><ExpireTime>0</ExpireTime><VendorId><![CDATA[3001224419]]></VendorId><ShopId><![CDATA[2478220]]></ShopId><DeviceNo><![CDATA[18:40:a4:a9:1d:15]]></DeviceNo></xml>

2017-01-28 09:46:34 params :
------------
Array:
rule : -2 ;
module :  ;
message : Array ;

2017-01-28 09:46:34 response :
------------

2017-01-28 09:46:43 trace :
------------
String:
<xml><ToUserName><![CDATA[gh_9ded809b0f7b]]></ToUserName>
<FromUserName><![CDATA[oKumhsy1ZXr2sgdnCReObffDsfhE]]></FromUserName>
<CreateTime>1485568003</CreateTime>
<MsgType><![CDATA[event]]></MsgType>
<Event><![CDATA[WifiConnected]]></Event><ConnectTime>1485568003</ConnectTime><ExpireTime>0</ExpireTime><VendorId><![CDATA[3001224419]]></VendorId><ShopId><![CDATA[2478220]]></ShopId><DeviceNo><![CDATA[18:40:a4:a9:1d:15]]></DeviceNo></xml>

2017-01-28 09:46:43 params :
------------
Array:
rule : -2 ;
module :  ;
message : Array ;

2017-01-28 09:46:43 response :
------------

2017-01-28 09:51:14 trace :
------------
String:
<xml><ToUserName><![CDATA[gh_9ded809b0f7b]]></ToUserName>
<FromUserName><![CDATA[oKumhswTH-xcVeIkMLbzIi-BVbJk]]></FromUserName>
<CreateTime>1485568274</CreateTime>
<MsgType><![CDATA[event]]></MsgType>
<Event><![CDATA[unsubscribe]]></Event>
<EventKey><![CDATA[]]></EventKey>
</xml>

2017-01-28 09:55:10 trace :
------------
String:
<xml><ToUserName><![CDATA[gh_9ded809b0f7b]]></ToUserName>
<FromUserName><![CDATA[oKumhs7NquHBC77ES_lX4FMd8KmY]]></FromUserName>
<CreateTime>1485568510</CreateTime>
<MsgType><![CDATA[event]]></MsgType>
<Event><![CDATA[WifiConnected]]></Event><ConnectTime>1485568510</ConnectTime><ExpireTime>0</ExpireTime><VendorId><![CDATA[3001224419]]></VendorId><ShopId><![CDATA[3757766]]></ShopId><DeviceNo><![CDATA[18:40:a4:a9:1d:1b]]></DeviceNo></xml>

2017-01-28 09:55:10 params :
------------
Array:
rule : -2 ;
module :  ;
message : Array ;

2017-01-28 09:55:10 response :
------------

2017-01-28 09:55:17 trace :
------------
String:
<xml><ToUserName><![CDATA[gh_9ded809b0f7b]]></ToUserName>
<FromUserName><![CDATA[oKumhs7NquHBC77ES_lX4FMd8KmY]]></FromUserName>
<CreateTime>1485568517</CreateTime>
<MsgType><![CDATA[event]]></MsgType>
<Event><![CDATA[subscribe]]></Event>
<EventKey><![CDATA[]]></EventKey>
</xml>

2017-01-28 09:55:17 params :
------------
Array:
message : Array ;
module : basic ;
rule : 18 ;
priority : 0 ;
keyword : Array ;

2017-01-28 09:55:17 response :
------------
Array:
FromUserName : gh_9ded809b0f7b ;
ToUserName : oKumhs7NquHBC77ES_lX4FMd8KmY ;
MsgType : text ;
Content : WIFI密码：68006328 ;

2017-01-28 10:13:04 trace :
------------
String:
<xml><ToUserName><![CDATA[gh_9ded809b0f7b]]></ToUserName>
<FromUserName><![CDATA[oKumhs5iLMS3gUGI1TOH1G5tnA-A]]></FromUserName>
<CreateTime>1485569584</CreateTime>
<MsgType><![CDATA[event]]></MsgType>
<Event><![CDATA[unsubscribe]]></Event>
<EventKey><![CDATA[]]></EventKey>
</xml>

2017-01-28 10:24:35 trace :
------------
String:
<xml><ToUserName><![CDATA[gh_9ded809b0f7b]]></ToUserName>
<FromUserName><![CDATA[oKumhs5EnHsoKzoixFFvOYrdTCaI]]></FromUserName>
<CreateTime>1485570274</CreateTime>
<MsgType><![CDATA[event]]></MsgType>
<Event><![CDATA[unsubscribe]]></Event>
<EventKey><![CDATA[]]></EventKey>
</xml>

2017-01-28 10:26:07 trace :
------------
String:
<xml><ToUserName><![CDATA[gh_9ded809b0f7b]]></ToUserName>
<FromUserName><![CDATA[oKumhs3fhdN-VFJV9NJhDMrbMbEA]]></FromUserName>
<CreateTime>1485570367</CreateTime>
<MsgType><![CDATA[event]]></MsgType>
<Event><![CDATA[unsubscribe]]></Event>
<EventKey><![CDATA[]]></EventKey>
</xml>

2017-01-28 10:35:08 trace :
------------
String:
<xml><ToUserName><![CDATA[gh_9ded809b0f7b]]></ToUserName>
<FromUserName><![CDATA[oKumhs1URvpciIlEt13uQPYpiK5g]]></FromUserName>
<CreateTime>1485570908</CreateTime>
<MsgType><![CDATA[event]]></MsgType>
<Event><![CDATA[WifiConnected]]></Event><ConnectTime>1485570908</ConnectTime><ExpireTime>0</ExpireTime><VendorId><![CDATA[3001224419]]></VendorId><ShopId><![CDATA[5530490]]></ShopId><DeviceNo><![CDATA[78:d3:8d:e3:f1:27]]></DeviceNo></xml>

2017-01-28 10:35:08 params :
------------
Array:
rule : -2 ;
module :  ;
message : Array ;

2017-01-28 10:35:08 response :
------------

2017-01-28 10:54:38 trace :
------------
String:
<xml><ToUserName><![CDATA[gh_9ded809b0f7b]]></ToUserName>
<FromUserName><![CDATA[oKumhs_2Dz3AyB083EOU0LBYQkQI]]></FromUserName>
<CreateTime>1485572078</CreateTime>
<MsgType><![CDATA[event]]></MsgType>
<Event><![CDATA[unsubscribe]]></Event>
<EventKey><![CDATA[]]></EventKey>
</xml>

2017-01-28 11:03:25 trace :
------------
String:
<xml><ToUserName><![CDATA[gh_9ded809b0f7b]]></ToUserName>
<FromUserName><![CDATA[oKumhswkZcsAd01Io1kX1cd1Qzzw]]></FromUserName>
<CreateTime>1485572605</CreateTime>
<MsgType><![CDATA[event]]></MsgType>
<Event><![CDATA[WifiConnected]]></Event><ConnectTime>1485572605</ConnectTime><ExpireTime>0</ExpireTime><VendorId><![CDATA[3001224419]]></VendorId><ShopId><![CDATA[5530490]]></ShopId><DeviceNo><![CDATA[78:d3:8d:e3:f1:18]]></DeviceNo></xml>

2017-01-28 11:03:25 params :
------------
Array:
rule : -2 ;
module :  ;
message : Array ;

2017-01-28 11:03:25 response :
------------

2017-01-28 11:28:17 trace :
------------
String:
<xml><ToUserName><![CDATA[gh_9ded809b0f7b]]></ToUserName>
<FromUserName><![CDATA[oKumhs6zVXoFyGQgddqqFt7U4X9U]]></FromUserName>
<CreateTime>1485574097</CreateTime>
<MsgType><![CDATA[event]]></MsgType>
<Event><![CDATA[WifiConnected]]></Event><ConnectTime>1485574097</ConnectTime><ExpireTime>0</ExpireTime><VendorId><![CDATA[3001224419]]></VendorId><ShopId><![CDATA[2478220]]></ShopId><DeviceNo><![CDATA[18:40:a4:a9:1d:15]]></DeviceNo></xml>

2017-01-28 11:28:17 params :
------------
Array:
rule : -2 ;
module :  ;
message : Array ;

2017-01-28 11:28:17 response :
------------

2017-01-28 11:28:51 trace :
------------
String:
<xml><ToUserName><![CDATA[gh_9ded809b0f7b]]></ToUserName>
<FromUserName><![CDATA[oKumhs4apfMC-Cy3r2_14iZl0UE4]]></FromUserName>
<CreateTime>1485574131</CreateTime>
<MsgType><![CDATA[event]]></MsgType>
<Event><![CDATA[WifiConnected]]></Event><ConnectTime>1485574131</ConnectTime><ExpireTime>0</ExpireTime><VendorId><![CDATA[3001224419]]></VendorId><ShopId><![CDATA[5530490]]></ShopId><DeviceNo><![CDATA[78:d3:8d:e3:f1:18]]></DeviceNo></xml>

2017-01-28 11:28:51 params :
------------
Array:
rule : -2 ;
module :  ;
message : Array ;

2017-01-28 11:28:51 response :
------------

2017-01-28 11:38:00 trace :
------------
String:
<xml><ToUserName><![CDATA[gh_9ded809b0f7b]]></ToUserName>
<FromUserName><![CDATA[oKumhsx_uBbuP-S9r65tDt-dUTzI]]></FromUserName>
<CreateTime>1485574680</CreateTime>
<MsgType><![CDATA[event]]></MsgType>
<Event><![CDATA[WifiConnected]]></Event><ConnectTime>1485574680</ConnectTime><ExpireTime>0</ExpireTime><VendorId><![CDATA[3001224419]]></VendorId><ShopId><![CDATA[5530490]]></ShopId><DeviceNo><![CDATA[78:d3:8d:e3:f1:18]]></DeviceNo></xml>

2017-01-28 11:38:00 params :
------------
Array:
rule : -2 ;
module :  ;
message : Array ;

2017-01-28 11:38:00 response :
------------

2017-01-28 11:45:13 trace :
------------
String:
<xml><ToUserName><![CDATA[gh_9ded809b0f7b]]></ToUserName>
<FromUserName><![CDATA[oKumhs9X73uqyKuk27FWI4Qu67Ag]]></FromUserName>
<CreateTime>1485575113</CreateTime>
<MsgType><![CDATA[event]]></MsgType>
<Event><![CDATA[WifiConnected]]></Event><ConnectTime>1485575113</ConnectTime><ExpireTime>0</ExpireTime><VendorId><![CDATA[3001224419]]></VendorId><ShopId><![CDATA[2695794]]></ShopId><DeviceNo><![CDATA[78:d3:8d:e4:09:24]]></DeviceNo></xml>

2017-01-28 11:45:13 params :
------------
Array:
rule : -2 ;
module :  ;
message : Array ;

2017-01-28 11:45:13 response :
------------

2017-01-28 12:01:42 trace :
------------
String:
<xml><ToUserName><![CDATA[gh_9ded809b0f7b]]></ToUserName>
<FromUserName><![CDATA[oKumhs2SXMuYD_H4zSDmM5bMcKk4]]></FromUserName>
<CreateTime>1485576102</CreateTime>
<MsgType><![CDATA[event]]></MsgType>
<Event><![CDATA[WifiConnected]]></Event><ConnectTime>1485576102</ConnectTime><ExpireTime>0</ExpireTime><VendorId><![CDATA[3001224419]]></VendorId><ShopId><![CDATA[2478220]]></ShopId><DeviceNo><![CDATA[18:40:a4:a9:1d:15]]></DeviceNo></xml>

2017-01-28 12:01:42 params :
------------
Array:
rule : -2 ;
module :  ;
message : Array ;

2017-01-28 12:01:42 response :
------------

2017-01-28 12:21:07 trace :
------------
String:
<xml><ToUserName><![CDATA[gh_9ded809b0f7b]]></ToUserName>
<FromUserName><![CDATA[oKumhs_FW5I48zQ77cJzUdJFgmM0]]></FromUserName>
<CreateTime>1485577267</CreateTime>
<MsgType><![CDATA[event]]></MsgType>
<Event><![CDATA[WifiConnected]]></Event><ConnectTime>1485577267</ConnectTime><ExpireTime>0</ExpireTime><VendorId><![CDATA[3001224419]]></VendorId><ShopId><![CDATA[3780592]]></ShopId><DeviceNo><![CDATA[18:40:a4:a9:16:bb]]></DeviceNo></xml>

2017-01-28 12:21:07 params :
------------
Array:
rule : -2 ;
module :  ;
message : Array ;

2017-01-28 12:21:07 response :
------------

2017-01-28 12:23:26 trace :
------------
String:
<xml><ToUserName><![CDATA[gh_9ded809b0f7b]]></ToUserName>
<FromUserName><![CDATA[oKumhs6PGB72lDvAbhk56D685L7c]]></FromUserName>
<CreateTime>1485577406</CreateTime>
<MsgType><![CDATA[event]]></MsgType>
<Event><![CDATA[WifiConnected]]></Event><ConnectTime>1485577406</ConnectTime><ExpireTime>0</ExpireTime><VendorId><![CDATA[3001224419]]></VendorId><ShopId><![CDATA[2478220]]></ShopId><DeviceNo><![CDATA[18:40:a4:a9:1d:15]]></DeviceNo></xml>

2017-01-28 12:23:26 params :
------------
Array:
rule : -2 ;
module :  ;
message : Array ;

2017-01-28 12:23:26 response :
------------

2017-01-28 12:38:18 trace :
------------
String:
<xml><ToUserName><![CDATA[gh_9ded809b0f7b]]></ToUserName>
<FromUserName><![CDATA[oKumhs0CVg_Jqzy0jmDe1HZduosU]]></FromUserName>
<CreateTime>1485578298</CreateTime>
<MsgType><![CDATA[event]]></MsgType>
<Event><![CDATA[WifiConnected]]></Event><ConnectTime>1485578298</ConnectTime><ExpireTime>0</ExpireTime><VendorId><![CDATA[3001224419]]></VendorId><ShopId><![CDATA[2478220]]></ShopId><DeviceNo><![CDATA[18:40:a4:a9:1d:15]]></DeviceNo></xml>

2017-01-28 12:38:18 params :
------------
Array:
rule : -2 ;
module :  ;
message : Array ;

2017-01-28 12:38:18 response :
------------

2017-01-28 12:38:33 trace :
------------
String:
<xml><ToUserName><![CDATA[gh_9ded809b0f7b]]></ToUserName>
<FromUserName><![CDATA[oKumhs0CVg_Jqzy0jmDe1HZduosU]]></FromUserName>
<CreateTime>1485578313</CreateTime>
<MsgType><![CDATA[event]]></MsgType>
<Event><![CDATA[subscribe]]></Event>
<EventKey><![CDATA[]]></EventKey>
</xml>

2017-01-28 12:38:33 params :
------------
Array:
message : Array ;
module : basic ;
rule : 18 ;
priority : 0 ;
keyword : Array ;

2017-01-28 12:38:33 response :
------------
Array:
FromUserName : gh_9ded809b0f7b ;
ToUserName : oKumhs0CVg_Jqzy0jmDe1HZduosU ;
MsgType : text ;
Content : WIFI密码：68006328 ;

2017-01-28 12:41:34 trace :
------------
String:
<xml><ToUserName><![CDATA[gh_9ded809b0f7b]]></ToUserName>
<FromUserName><![CDATA[oKumhs2AqcAth_W5aQTP4RyTtUxA]]></FromUserName>
<CreateTime>1485578494</CreateTime>
<MsgType><![CDATA[event]]></MsgType>
<Event><![CDATA[WifiConnected]]></Event><ConnectTime>1485578494</ConnectTime><ExpireTime>0</ExpireTime><VendorId><![CDATA[3001224419]]></VendorId><ShopId><![CDATA[3780592]]></ShopId><DeviceNo><![CDATA[18:40:a4:a9:16:bb]]></DeviceNo></xml>

2017-01-28 12:41:34 params :
------------
Array:
rule : -2 ;
module :  ;
message : Array ;

2017-01-28 12:41:34 response :
------------

2017-01-28 12:41:35 trace :
------------
String:
<xml><ToUserName><![CDATA[gh_9ded809b0f7b]]></ToUserName>
<FromUserName><![CDATA[oKumhs4UsB7JHzMeiyCbCt-244P0]]></FromUserName>
<CreateTime>1485578495</CreateTime>
<MsgType><![CDATA[event]]></MsgType>
<Event><![CDATA[WifiConnected]]></Event><ConnectTime>1485578495</ConnectTime><ExpireTime>0</ExpireTime><VendorId><![CDATA[3001224419]]></VendorId><ShopId><![CDATA[3780592]]></ShopId><DeviceNo><![CDATA[18:40:a4:a9:16:bb]]></DeviceNo></xml>

2017-01-28 12:41:36 params :
------------
Array:
rule : -2 ;
module :  ;
message : Array ;

2017-01-28 12:41:36 response :
------------

2017-01-28 12:47:23 trace :
------------
String:
<xml><ToUserName><![CDATA[gh_9ded809b0f7b]]></ToUserName>
<FromUserName><![CDATA[oKumhs0HJ0A6KRYeIJpzxrzUYHJY]]></FromUserName>
<CreateTime>1485578843</CreateTime>
<MsgType><![CDATA[event]]></MsgType>
<Event><![CDATA[subscribe]]></Event>
<EventKey><![CDATA[]]></EventKey>
</xml>

2017-01-28 12:47:23 params :
------------
Array:
message : Array ;
module : basic ;
rule : 18 ;
priority : 0 ;
keyword : Array ;

2017-01-28 12:47:23 response :
------------
Array:
FromUserName : gh_9ded809b0f7b ;
ToUserName : oKumhs0HJ0A6KRYeIJpzxrzUYHJY ;
MsgType : text ;
Content : WIFI密码：68006328 ;

2017-01-28 12:51:18 trace :
------------
String:
<xml><ToUserName><![CDATA[gh_9ded809b0f7b]]></ToUserName>
<FromUserName><![CDATA[oKumhs0HJ0A6KRYeIJpzxrzUYHJY]]></FromUserName>
<CreateTime>1485579078</CreateTime>
<MsgType><![CDATA[event]]></MsgType>
<Event><![CDATA[VIEW]]></Event>
<EventKey><![CDATA[http://shanghai.xyj0772.com/app/index.php?i=1&c=entry&do=orderlist&m=weisrc_dish]]></EventKey>
<MenuId>408452709</MenuId>
</xml>

2017-01-28 12:51:18 params :
------------
Array:
rule : -2 ;
module :  ;
message : Array ;

2017-01-28 12:51:18 response :
------------

2017-01-28 13:00:47 trace :
------------
String:
<xml><ToUserName><![CDATA[gh_9ded809b0f7b]]></ToUserName>
<FromUserName><![CDATA[oKumhs04ioVLDBRpZVZnagaZ28hs]]></FromUserName>
<CreateTime>1485579647</CreateTime>
<MsgType><![CDATA[event]]></MsgType>
<Event><![CDATA[WifiConnected]]></Event><ConnectTime>1485579647</ConnectTime><ExpireTime>0</ExpireTime><VendorId><![CDATA[3001224419]]></VendorId><ShopId><![CDATA[3780592]]></ShopId><DeviceNo><![CDATA[18:40:a4:a9:16:bb]]></DeviceNo></xml>

2017-01-28 13:00:47 params :
------------
Array:
rule : -2 ;
module :  ;
message : Array ;

2017-01-28 13:00:47 response :
------------

2017-01-28 13:10:18 trace :
------------
String:
<xml><ToUserName><![CDATA[gh_9ded809b0f7b]]></ToUserName>
<FromUserName><![CDATA[oKumhsx8NPYiYkI673nSctT9NYfk]]></FromUserName>
<CreateTime>1485580218</CreateTime>
<MsgType><![CDATA[event]]></MsgType>
<Event><![CDATA[WifiConnected]]></Event><ConnectTime>1485580218</ConnectTime><ExpireTime>0</ExpireTime><VendorId><![CDATA[3001224419]]></VendorId><ShopId><![CDATA[3780592]]></ShopId><DeviceNo><![CDATA[18:40:a4:a9:16:bb]]></DeviceNo></xml>

2017-01-28 13:10:18 params :
------------
Array:
rule : -2 ;
module :  ;
message : Array ;

2017-01-28 13:10:18 response :
------------

2017-01-28 13:13:37 trace :
------------
String:
<xml><ToUserName><![CDATA[gh_9ded809b0f7b]]></ToUserName>
<FromUserName><![CDATA[oKumhs9jo17uLljJEJ07SYkmVp8o]]></FromUserName>
<CreateTime>1485580417</CreateTime>
<MsgType><![CDATA[event]]></MsgType>
<Event><![CDATA[WifiConnected]]></Event><ConnectTime>1485580417</ConnectTime><ExpireTime>0</ExpireTime><VendorId><![CDATA[3001224419]]></VendorId><ShopId><![CDATA[2478220]]></ShopId><DeviceNo><![CDATA[18:40:a4:a9:1d:15]]></DeviceNo></xml>

2017-01-28 13:13:37 params :
------------
Array:
rule : -2 ;
module :  ;
message : Array ;

2017-01-28 13:13:37 response :
------------

2017-01-28 13:18:49 trace :
------------
String:
<xml><ToUserName><![CDATA[gh_9ded809b0f7b]]></ToUserName>
<FromUserName><![CDATA[oKumhs_VtuhxnET1FAXXwdl33sNo]]></FromUserName>
<CreateTime>1485580729</CreateTime>
<MsgType><![CDATA[event]]></MsgType>
<Event><![CDATA[WifiConnected]]></Event><ConnectTime>1485580729</ConnectTime><ExpireTime>0</ExpireTime><VendorId><![CDATA[3001224419]]></VendorId><ShopId><![CDATA[3757766]]></ShopId><DeviceNo><![CDATA[18:40:a4:a9:1d:1b]]></DeviceNo></xml>

2017-01-28 13:18:49 params :
------------
Array:
rule : -2 ;
module :  ;
message : Array ;

2017-01-28 13:18:49 response :
------------

2017-01-28 13:19:03 trace :
------------
String:
<xml><ToUserName><![CDATA[gh_9ded809b0f7b]]></ToUserName>
<FromUserName><![CDATA[oKumhs3VbA1jIV44HGdVNfIhj7UU]]></FromUserName>
<CreateTime>1485580743</CreateTime>
<MsgType><![CDATA[event]]></MsgType>
<Event><![CDATA[WifiConnected]]></Event><ConnectTime>1485580743</ConnectTime><ExpireTime>0</ExpireTime><VendorId><![CDATA[3001224419]]></VendorId><ShopId><![CDATA[2478220]]></ShopId><DeviceNo><![CDATA[18:40:a4:a9:1d:15]]></DeviceNo></xml>

2017-01-28 13:19:03 params :
------------
Array:
rule : -2 ;
module :  ;
message : Array ;

2017-01-28 13:19:03 response :
------------

2017-01-28 13:32:33 trace :
------------
String:
<xml><ToUserName><![CDATA[gh_9ded809b0f7b]]></ToUserName>
<FromUserName><![CDATA[oKumhs4YHbMouVTG_OlQhbW75lSE]]></FromUserName>
<CreateTime>1485581553</CreateTime>
<MsgType><![CDATA[event]]></MsgType>
<Event><![CDATA[WifiConnected]]></Event><ConnectTime>1485581553</ConnectTime><ExpireTime>0</ExpireTime><VendorId><![CDATA[3001224419]]></VendorId><ShopId><![CDATA[5530490]]></ShopId><DeviceNo><![CDATA[78:d3:8d:e3:f1:18]]></DeviceNo></xml>

2017-01-28 13:32:33 params :
------------
Array:
rule : -2 ;
module :  ;
message : Array ;

2017-01-28 13:32:33 response :
------------

2017-01-28 14:01:06 trace :
------------
String:
<xml><ToUserName><![CDATA[gh_9ded809b0f7b]]></ToUserName>
<FromUserName><![CDATA[oKumhs52XujjmdL34jfm_KmMLQPw]]></FromUserName>
<CreateTime>1485583266</CreateTime>
<MsgType><![CDATA[event]]></MsgType>
<Event><![CDATA[WifiConnected]]></Event><ConnectTime>1485583266</ConnectTime><ExpireTime>0</ExpireTime><VendorId><![CDATA[3001224419]]></VendorId><ShopId><![CDATA[2478220]]></ShopId><DeviceNo><![CDATA[18:40:a4:a9:1d:15]]></DeviceNo></xml>

2017-01-28 14:01:06 params :
------------
Array:
rule : -2 ;
module :  ;
message : Array ;

2017-01-28 14:01:06 response :
------------

2017-01-28 14:01:15 trace :
------------
String:
<xml><ToUserName><![CDATA[gh_9ded809b0f7b]]></ToUserName>
<FromUserName><![CDATA[oKumhs52XujjmdL34jfm_KmMLQPw]]></FromUserName>
<CreateTime>1485583275</CreateTime>
<MsgType><![CDATA[event]]></MsgType>
<Event><![CDATA[subscribe]]></Event>
<EventKey><![CDATA[]]></EventKey>
</xml>

2017-01-28 14:01:15 params :
------------
Array:
message : Array ;
module : basic ;
rule : 18 ;
priority : 0 ;
keyword : Array ;

2017-01-28 14:01:15 response :
------------
Array:
FromUserName : gh_9ded809b0f7b ;
ToUserName : oKumhs52XujjmdL34jfm_KmMLQPw ;
MsgType : text ;
Content : WIFI密码：68006328 ;

2017-01-28 15:00:15 trace :
------------
String:
<xml><ToUserName><![CDATA[gh_9ded809b0f7b]]></ToUserName>
<FromUserName><![CDATA[oKumhswtd6yfmaODb8hYJ3Gvyc50]]></FromUserName>
<CreateTime>1485586815</CreateTime>
<MsgType><![CDATA[event]]></MsgType>
<Event><![CDATA[WifiConnected]]></Event><ConnectTime>1485586815</ConnectTime><ExpireTime>0</ExpireTime><VendorId><![CDATA[3001224419]]></VendorId><ShopId><![CDATA[3818899]]></ShopId><DeviceNo><![CDATA[18:40:a4:a9:1d:12]]></DeviceNo></xml>

2017-01-28 15:00:15 params :
------------
Array:
rule : -2 ;
module :  ;
message : Array ;

2017-01-28 15:00:15 response :
------------

2017-01-28 15:00:45 trace :
------------
String:
<xml><ToUserName><![CDATA[gh_9ded809b0f7b]]></ToUserName>
<FromUserName><![CDATA[oKumhs_szfFMF4EDncPJhqA_dXlI]]></FromUserName>
<CreateTime>1485586845</CreateTime>
<MsgType><![CDATA[event]]></MsgType>
<Event><![CDATA[unsubscribe]]></Event>
<EventKey><![CDATA[]]></EventKey>
</xml>

2017-01-28 15:26:56 trace :
------------
String:
<xml><ToUserName><![CDATA[gh_9ded809b0f7b]]></ToUserName>
<FromUserName><![CDATA[oKumhsz0V8KZi8vc3mM4fzNkiLOQ]]></FromUserName>
<CreateTime>1485588416</CreateTime>
<MsgType><![CDATA[event]]></MsgType>
<Event><![CDATA[WifiConnected]]></Event><ConnectTime>1485588416</ConnectTime><ExpireTime>0</ExpireTime><VendorId><![CDATA[3001224419]]></VendorId><ShopId><![CDATA[3757766]]></ShopId><DeviceNo><![CDATA[18:40:a4:a9:1d:1b]]></DeviceNo></xml>

2017-01-28 15:26:56 params :
------------
Array:
rule : -2 ;
module :  ;
message : Array ;

2017-01-28 15:26:56 response :
------------

2017-01-28 15:26:57 trace :
------------
String:
<xml><ToUserName><![CDATA[gh_9ded809b0f7b]]></ToUserName>
<FromUserName><![CDATA[oKumhsz0V8KZi8vc3mM4fzNkiLOQ]]></FromUserName>
<CreateTime>1485588417</CreateTime>
<MsgType><![CDATA[event]]></MsgType>
<Event><![CDATA[WifiConnected]]></Event><ConnectTime>1485588417</ConnectTime><ExpireTime>0</ExpireTime><VendorId><![CDATA[3001224419]]></VendorId><ShopId><![CDATA[3757766]]></ShopId><DeviceNo><![CDATA[18:40:a4:a9:1d:1b]]></DeviceNo></xml>

2017-01-28 15:26:57 params :
------------
Array:
rule : -2 ;
module :  ;
message : Array ;

2017-01-28 15:26:57 response :
------------

2017-01-28 15:27:11 trace :
------------
String:
<xml><ToUserName><![CDATA[gh_9ded809b0f7b]]></ToUserName>
<FromUserName><![CDATA[oKumhsz0V8KZi8vc3mM4fzNkiLOQ]]></FromUserName>
<CreateTime>1485588431</CreateTime>
<MsgType><![CDATA[event]]></MsgType>
<Event><![CDATA[subscribe]]></Event>
<EventKey><![CDATA[]]></EventKey>
</xml>

2017-01-28 15:27:11 params :
------------
Array:
message : Array ;
module : basic ;
rule : 18 ;
priority : 0 ;
keyword : Array ;

2017-01-28 15:27:11 response :
------------
Array:
FromUserName : gh_9ded809b0f7b ;
ToUserName : oKumhsz0V8KZi8vc3mM4fzNkiLOQ ;
MsgType : text ;
Content : WIFI密码：68006328 ;

2017-01-28 15:40:30 trace :
------------
String:
<xml><ToUserName><![CDATA[gh_9ded809b0f7b]]></ToUserName>
<FromUserName><![CDATA[oKumhsz0V8KZi8vc3mM4fzNkiLOQ]]></FromUserName>
<CreateTime>1485589230</CreateTime>
<MsgType><![CDATA[event]]></MsgType>
<Event><![CDATA[unsubscribe]]></Event>
<EventKey><![CDATA[]]></EventKey>
</xml>

2017-01-28 16:01:20 trace :
------------
String:
<xml><ToUserName><![CDATA[gh_9ded809b0f7b]]></ToUserName>
<FromUserName><![CDATA[oKumhs5FhYCObCuL2jSqfbZ5iFcI]]></FromUserName>
<CreateTime>1485590480</CreateTime>
<MsgType><![CDATA[event]]></MsgType>
<Event><![CDATA[WifiConnected]]></Event><ConnectTime>1485590480</ConnectTime><ExpireTime>0</ExpireTime><VendorId><![CDATA[3001224419]]></VendorId><ShopId><![CDATA[3757766]]></ShopId><DeviceNo><![CDATA[18:40:a4:a9:1d:1b]]></DeviceNo></xml>

2017-01-28 16:01:20 params :
------------
Array:
rule : -2 ;
module :  ;
message : Array ;

2017-01-28 16:01:20 response :
------------

2017-01-28 16:01:20 trace :
------------
String:
<xml><ToUserName><![CDATA[gh_9ded809b0f7b]]></ToUserName>
<FromUserName><![CDATA[oKumhs_2t5icEe5Pjd_amL9Texfc]]></FromUserName>
<CreateTime>1485590480</CreateTime>
<MsgType><![CDATA[event]]></MsgType>
<Event><![CDATA[WifiConnected]]></Event><ConnectTime>1485590480</ConnectTime><ExpireTime>0</ExpireTime><VendorId><![CDATA[3001224419]]></VendorId><ShopId><![CDATA[3818899]]></ShopId><DeviceNo><![CDATA[78:d3:8d:df:b0:f8]]></DeviceNo></xml>

2017-01-28 16:01:20 params :
------------
Array:
rule : -2 ;
module :  ;
message : Array ;

2017-01-28 16:01:20 response :
------------

2017-01-28 16:03:13 trace :
------------
String:
<xml><ToUserName><![CDATA[gh_9ded809b0f7b]]></ToUserName>
<FromUserName><![CDATA[oKumhs5FhYCObCuL2jSqfbZ5iFcI]]></FromUserName>
<CreateTime>1485590593</CreateTime>
<MsgType><![CDATA[event]]></MsgType>
<Event><![CDATA[subscribe]]></Event>
<EventKey><![CDATA[]]></EventKey>
</xml>

2017-01-28 16:03:13 params :
------------
Array:
message : Array ;
module : basic ;
rule : 18 ;
priority : 0 ;
keyword : Array ;

2017-01-28 16:03:13 response :
------------
Array:
FromUserName : gh_9ded809b0f7b ;
ToUserName : oKumhs5FhYCObCuL2jSqfbZ5iFcI ;
MsgType : text ;
Content : WIFI密码：68006328 ;

2017-01-28 16:03:41 trace :
------------
String:
<xml><ToUserName><![CDATA[gh_9ded809b0f7b]]></ToUserName>
<FromUserName><![CDATA[oKumhs7lXsNkREjaXTeeuoxrAfHE]]></FromUserName>
<CreateTime>1485590621</CreateTime>
<MsgType><![CDATA[event]]></MsgType>
<Event><![CDATA[WifiConnected]]></Event><ConnectTime>1485590621</ConnectTime><ExpireTime>0</ExpireTime><VendorId><![CDATA[3001224419]]></VendorId><ShopId><![CDATA[3757766]]></ShopId><DeviceNo><![CDATA[18:40:a4:a9:1d:1b]]></DeviceNo></xml>

2017-01-28 16:03:41 params :
------------
Array:
rule : -2 ;
module :  ;
message : Array ;

2017-01-28 16:03:41 response :
------------

2017-01-28 16:04:08 trace :
------------
String:
<xml><ToUserName><![CDATA[gh_9ded809b0f7b]]></ToUserName>
<FromUserName><![CDATA[oKumhs7lXsNkREjaXTeeuoxrAfHE]]></FromUserName>
<CreateTime>1485590648</CreateTime>
<MsgType><![CDATA[event]]></MsgType>
<Event><![CDATA[subscribe]]></Event>
<EventKey><![CDATA[]]></EventKey>
</xml>

2017-01-28 16:04:08 params :
------------
Array:
message : Array ;
module : basic ;
rule : 18 ;
priority : 0 ;
keyword : Array ;

2017-01-28 16:04:08 response :
------------
Array:
FromUserName : gh_9ded809b0f7b ;
ToUserName : oKumhs7lXsNkREjaXTeeuoxrAfHE ;
MsgType : text ;
Content : WIFI密码：68006328 ;

2017-01-28 16:09:15 trace :
------------
String:
<xml><ToUserName><![CDATA[gh_9ded809b0f7b]]></ToUserName>
<FromUserName><![CDATA[oKumhs7lXsNkREjaXTeeuoxrAfHE]]></FromUserName>
<CreateTime>1485590955</CreateTime>
<MsgType><![CDATA[event]]></MsgType>
<Event><![CDATA[VIEW]]></Event>
<EventKey><![CDATA[http://shanghai.xyj0772.com/app/index.php?i=1&c=entry&do=orderlist&m=weisrc_dish]]></EventKey>
<MenuId>408452709</MenuId>
</xml>

2017-01-28 16:09:15 params :
------------
Array:
rule : -2 ;
module :  ;
message : Array ;

2017-01-28 16:09:15 response :
------------

2017-01-28 16:10:52 trace :
------------
String:
<xml><ToUserName><![CDATA[gh_9ded809b0f7b]]></ToUserName>
<FromUserName><![CDATA[oKumhs7mAH-sM96tSOALXuIkBNMk]]></FromUserName>
<CreateTime>1485591052</CreateTime>
<MsgType><![CDATA[event]]></MsgType>
<Event><![CDATA[WifiConnected]]></Event><ConnectTime>1485591052</ConnectTime><ExpireTime>0</ExpireTime><VendorId><![CDATA[3001224419]]></VendorId><ShopId><![CDATA[2622881]]></ShopId><DeviceNo><![CDATA[7a:d3:8d:e3:f7:69]]></DeviceNo></xml>

2017-01-28 16:10:52 params :
------------
Array:
rule : -2 ;
module :  ;
message : Array ;

2017-01-28 16:10:52 response :
------------

2017-01-28 16:10:59 trace :
------------
String:
<xml><ToUserName><![CDATA[gh_9ded809b0f7b]]></ToUserName>
<FromUserName><![CDATA[oKumhs9WRDOa63Cb8G09c_i1NTO4]]></FromUserName>
<CreateTime>1485591059</CreateTime>
<MsgType><![CDATA[event]]></MsgType>
<Event><![CDATA[WifiConnected]]></Event><ConnectTime>1485591059</ConnectTime><ExpireTime>0</ExpireTime><VendorId><![CDATA[3001224419]]></VendorId><ShopId><![CDATA[3757766]]></ShopId><DeviceNo><![CDATA[18:40:a4:a9:1d:1b]]></DeviceNo></xml>

2017-01-28 16:10:59 params :
------------
Array:
rule : -2 ;
module :  ;
message : Array ;

2017-01-28 16:10:59 response :
------------

2017-01-28 16:14:11 trace :
------------
String:
<xml><ToUserName><![CDATA[gh_9ded809b0f7b]]></ToUserName>
<FromUserName><![CDATA[oKumhs4pAfDviBxsuiRiRJLkrlAc]]></FromUserName>
<CreateTime>1485591251</CreateTime>
<MsgType><![CDATA[event]]></MsgType>
<Event><![CDATA[subscribe]]></Event>
<EventKey><![CDATA[]]></EventKey>
</xml>

2017-01-28 16:14:11 params :
------------
Array:
message : Array ;
module : basic ;
rule : 18 ;
priority : 0 ;
keyword : Array ;

2017-01-28 16:14:11 response :
------------
Array:
FromUserName : gh_9ded809b0f7b ;
ToUserName : oKumhs4pAfDviBxsuiRiRJLkrlAc ;
MsgType : text ;
Content : WIFI密码：68006328 ;

2017-01-28 16:14:17 trace :
------------
String:
<xml><ToUserName><![CDATA[gh_9ded809b0f7b]]></ToUserName>
<FromUserName><![CDATA[oKumhs4pAfDviBxsuiRiRJLkrlAc]]></FromUserName>
<CreateTime>1485591257</CreateTime>
<MsgType><![CDATA[event]]></MsgType>
<Event><![CDATA[VIEW]]></Event>
<EventKey><![CDATA[http://shanghai.xyj0772.com/app/index.php?i=1&c=entry&do=orderlist&m=weisrc_dish]]></EventKey>
<MenuId>408452709</MenuId>
</xml>

2017-01-28 16:14:17 params :
------------
Array:
rule : -2 ;
module :  ;
message : Array ;

2017-01-28 16:14:17 response :
------------

2017-01-28 16:14:42 trace :
------------
String:
<xml><ToUserName><![CDATA[gh_9ded809b0f7b]]></ToUserName>
<FromUserName><![CDATA[oKumhs1CowK4Q6ny3c5akmkQrb-Q]]></FromUserName>
<CreateTime>1485591282</CreateTime>
<MsgType><![CDATA[event]]></MsgType>
<Event><![CDATA[scancode_push]]></Event>
<EventKey><![CDATA[11]]></EventKey>
<ScanCodeInfo><ScanType><![CDATA[qrcode]]></ScanType>
<ScanResult><![CDATA[http://mm.dianping.com/hui/mm/shop?shopId=69651948&flag=wx]]></ScanResult>
</ScanCodeInfo>
</xml>

2017-01-28 16:14:42 params :
------------
Array:
rule : -2 ;
module :  ;
message : Array ;

2017-01-28 16:14:42 response :
------------

2017-01-28 16:16:03 trace :
------------
String:
<xml><ToUserName><![CDATA[gh_9ded809b0f7b]]></ToUserName>
<FromUserName><![CDATA[oKumhs4pAfDviBxsuiRiRJLkrlAc]]></FromUserName>
<CreateTime>1485591362</CreateTime>
<MsgType><![CDATA[event]]></MsgType>
<Event><![CDATA[VIEW]]></Event>
<EventKey><![CDATA[http://shanghai.xyj0772.com/app/index.php?i=1&c=entry&do=orderlist&m=weisrc_dish]]></EventKey>
<MenuId>408452709</MenuId>
</xml>

2017-01-28 16:16:03 params :
------------
Array:
rule : -2 ;
module :  ;
message : Array ;

2017-01-28 16:16:03 response :
------------

2017-01-28 16:16:15 trace :
------------
String:
<xml><ToUserName><![CDATA[gh_9ded809b0f7b]]></ToUserName>
<FromUserName><![CDATA[oKumhs4pAfDviBxsuiRiRJLkrlAc]]></FromUserName>
<CreateTime>1485591374</CreateTime>
<MsgType><![CDATA[event]]></MsgType>
<Event><![CDATA[VIEW]]></Event>
<EventKey><![CDATA[http://shanghai.xyj0772.com/app/index.php?i=1&c=entry&do=orderlist&m=weisrc_dish]]></EventKey>
<MenuId>408452709</MenuId>
</xml>

2017-01-28 16:16:15 params :
------------
Array:
rule : -2 ;
module :  ;
message : Array ;

2017-01-28 16:16:15 response :
------------

2017-01-28 16:21:28 trace :
------------
String:
<xml><ToUserName><![CDATA[gh_9ded809b0f7b]]></ToUserName>
<FromUserName><![CDATA[oKumhs-5yUEU0-TQ2J7zW5tY3L0M]]></FromUserName>
<CreateTime>1485591687</CreateTime>
<MsgType><![CDATA[event]]></MsgType>
<Event><![CDATA[WifiConnected]]></Event><ConnectTime>1485591687</ConnectTime><ExpireTime>0</ExpireTime><VendorId><![CDATA[3001224419]]></VendorId><ShopId><![CDATA[2478220]]></ShopId><DeviceNo><![CDATA[18:40:a4:a9:1d:15]]></DeviceNo></xml>

2017-01-28 16:21:28 params :
------------
Array:
rule : -2 ;
module :  ;
message : Array ;

2017-01-28 16:21:28 response :
------------

2017-01-28 16:25:36 trace :
------------
String:
<xml><ToUserName><![CDATA[gh_9ded809b0f7b]]></ToUserName>
<FromUserName><![CDATA[oKumhs1K9vNfn6crNd2RA1W5wKU0]]></FromUserName>
<CreateTime>1485591936</CreateTime>
<MsgType><![CDATA[event]]></MsgType>
<Event><![CDATA[unsubscribe]]></Event>
<EventKey><![CDATA[]]></EventKey>
</xml>

2017-01-28 16:33:39 trace :
------------
String:
<xml><ToUserName><![CDATA[gh_9ded809b0f7b]]></ToUserName>
<FromUserName><![CDATA[oKumhs3But7-2KhFl6RSiPCzotwc]]></FromUserName>
<CreateTime>1485592419</CreateTime>
<MsgType><![CDATA[event]]></MsgType>
<Event><![CDATA[WifiConnected]]></Event><ConnectTime>1485592419</ConnectTime><ExpireTime>0</ExpireTime><VendorId><![CDATA[3001224419]]></VendorId><ShopId><![CDATA[2622881]]></ShopId><DeviceNo><![CDATA[7a:d3:8d:e3:f7:69]]></DeviceNo></xml>

2017-01-28 16:33:39 params :
------------
Array:
rule : -2 ;
module :  ;
message : Array ;

2017-01-28 16:33:39 response :
------------

2017-01-28 16:48:37 trace :
------------
String:
<xml><ToUserName><![CDATA[gh_9ded809b0f7b]]></ToUserName>
<FromUserName><![CDATA[oKumhsw2_ST1JuByNntbHR6BD11U]]></FromUserName>
<CreateTime>1485593317</CreateTime>
<MsgType><![CDATA[event]]></MsgType>
<Event><![CDATA[WifiConnected]]></Event><ConnectTime>1485593317</ConnectTime><ExpireTime>0</ExpireTime><VendorId><![CDATA[3001224419]]></VendorId><ShopId><![CDATA[2695794]]></ShopId><DeviceNo><![CDATA[78:d3:8d:e4:09:24]]></DeviceNo></xml>

2017-01-28 16:48:37 params :
------------
Array:
rule : -2 ;
module :  ;
message : Array ;

2017-01-28 16:48:37 response :
------------

2017-01-28 16:54:36 trace :
------------
String:
<xml><ToUserName><![CDATA[gh_9ded809b0f7b]]></ToUserName>
<FromUserName><![CDATA[oKumhs4pAfDviBxsuiRiRJLkrlAc]]></FromUserName>
<CreateTime>1485593676</CreateTime>
<MsgType><![CDATA[event]]></MsgType>
<Event><![CDATA[VIEW]]></Event>
<EventKey><![CDATA[http://shanghai.xyj0772.com/app/index.php?i=1&c=entry&do=orderlist&m=weisrc_dish]]></EventKey>
<MenuId>408452709</MenuId>
</xml>

2017-01-28 16:54:36 params :
------------
Array:
rule : -2 ;
module :  ;
message : Array ;

2017-01-28 16:54:36 response :
------------

2017-01-28 17:02:03 trace :
------------
String:
<xml><ToUserName><![CDATA[gh_9ded809b0f7b]]></ToUserName>
<FromUserName><![CDATA[oKumhs4pAfDviBxsuiRiRJLkrlAc]]></FromUserName>
<CreateTime>1485594123</CreateTime>
<MsgType><![CDATA[event]]></MsgType>
<Event><![CDATA[VIEW]]></Event>
<EventKey><![CDATA[http://shanghai.xyj0772.com/app/index.php?i=1&c=entry&do=orderlist&m=weisrc_dish]]></EventKey>
<MenuId>408452709</MenuId>
</xml>

2017-01-28 17:02:03 params :
------------
Array:
rule : -2 ;
module :  ;
message : Array ;

2017-01-28 17:02:03 response :
------------

2017-01-28 17:04:08 trace :
------------
String:
<xml><ToUserName><![CDATA[gh_9ded809b0f7b]]></ToUserName>
<FromUserName><![CDATA[oKumhs23wtrkCO9M2Qp73scY65So]]></FromUserName>
<CreateTime>1485594247</CreateTime>
<MsgType><![CDATA[event]]></MsgType>
<Event><![CDATA[unsubscribe]]></Event>
<EventKey><![CDATA[]]></EventKey>
</xml>

2017-01-28 17:04:50 trace :
------------
String:
<xml><ToUserName><![CDATA[gh_9ded809b0f7b]]></ToUserName>
<FromUserName><![CDATA[oKumhsyjROnTcfHN4OBEu-RA0TA0]]></FromUserName>
<CreateTime>1485594290</CreateTime>
<MsgType><![CDATA[event]]></MsgType>
<Event><![CDATA[WifiConnected]]></Event><ConnectTime>1485594290</ConnectTime><ExpireTime>0</ExpireTime><VendorId><![CDATA[3001224419]]></VendorId><ShopId><![CDATA[5530490]]></ShopId><DeviceNo><![CDATA[78:d3:8d:e3:f1:18]]></DeviceNo></xml>

2017-01-28 17:04:50 params :
------------
Array:
rule : -2 ;
module :  ;
message : Array ;

2017-01-28 17:04:50 response :
------------

2017-01-28 17:04:54 trace :
------------
String:
<xml><ToUserName><![CDATA[gh_9ded809b0f7b]]></ToUserName>
<FromUserName><![CDATA[oKumhs4pAfDviBxsuiRiRJLkrlAc]]></FromUserName>
<CreateTime>1485594293</CreateTime>
<MsgType><![CDATA[event]]></MsgType>
<Event><![CDATA[VIEW]]></Event>
<EventKey><![CDATA[http://shanghai.xyj0772.com/app/index.php?i=1&c=entry&do=orderlist&m=weisrc_dish]]></EventKey>
<MenuId>408452709</MenuId>
</xml>

2017-01-28 17:04:54 params :
------------
Array:
rule : -2 ;
module :  ;
message : Array ;

2017-01-28 17:04:54 response :
------------

2017-01-28 17:23:55 trace :
------------
String:
<xml><ToUserName><![CDATA[gh_9ded809b0f7b]]></ToUserName>
<FromUserName><![CDATA[oKumhs1N6cRNSbO4lc2p1rcGH7sM]]></FromUserName>
<CreateTime>1485595435</CreateTime>
<MsgType><![CDATA[event]]></MsgType>
<Event><![CDATA[WifiConnected]]></Event><ConnectTime>1485595435</ConnectTime><ExpireTime>0</ExpireTime><VendorId><![CDATA[3001224419]]></VendorId><ShopId><![CDATA[3780592]]></ShopId><DeviceNo><![CDATA[18:40:a4:a9:16:bb]]></DeviceNo></xml>

2017-01-28 17:23:55 params :
------------
Array:
rule : -2 ;
module :  ;
message : Array ;

2017-01-28 17:23:55 response :
------------

2017-01-28 17:24:05 trace :
------------
String:
<xml><ToUserName><![CDATA[gh_9ded809b0f7b]]></ToUserName>
<FromUserName><![CDATA[oKumhs1N6cRNSbO4lc2p1rcGH7sM]]></FromUserName>
<CreateTime>1485595445</CreateTime>
<MsgType><![CDATA[event]]></MsgType>
<Event><![CDATA[subscribe]]></Event>
<EventKey><![CDATA[]]></EventKey>
</xml>

2017-01-28 17:24:05 params :
------------
Array:
message : Array ;
module : basic ;
rule : 18 ;
priority : 0 ;
keyword : Array ;

2017-01-28 17:24:05 response :
------------
Array:
FromUserName : gh_9ded809b0f7b ;
ToUserName : oKumhs1N6cRNSbO4lc2p1rcGH7sM ;
MsgType : text ;
Content : WIFI密码：68006328 ;

2017-01-28 17:30:39 trace :
------------
String:
<xml><ToUserName><![CDATA[gh_9ded809b0f7b]]></ToUserName>
<FromUserName><![CDATA[oKumhs4eYutQFrXOTGbOExxpwgk4]]></FromUserName>
<CreateTime>1485595839</CreateTime>
<MsgType><![CDATA[event]]></MsgType>
<Event><![CDATA[WifiConnected]]></Event><ConnectTime>1485595839</ConnectTime><ExpireTime>0</ExpireTime><VendorId><![CDATA[3001224419]]></VendorId><ShopId><![CDATA[2478220]]></ShopId><DeviceNo><![CDATA[18:40:a4:a9:1d:15]]></DeviceNo></xml>

2017-01-28 17:30:39 params :
------------
Array:
rule : -2 ;
module :  ;
message : Array ;

2017-01-28 17:30:39 response :
------------

2017-01-28 17:46:45 trace :
------------
String:
<xml><ToUserName><![CDATA[gh_9ded809b0f7b]]></ToUserName>
<FromUserName><![CDATA[oKumhs0hjacDuB-W9eqde3jSVZTE]]></FromUserName>
<CreateTime>1485596805</CreateTime>
<MsgType><![CDATA[event]]></MsgType>
<Event><![CDATA[WifiConnected]]></Event><ConnectTime>1485596805</ConnectTime><ExpireTime>0</ExpireTime><VendorId><![CDATA[3001224419]]></VendorId><ShopId><![CDATA[5530490]]></ShopId><DeviceNo><![CDATA[78:d3:8d:e3:f1:18]]></DeviceNo></xml>

2017-01-28 17:46:45 params :
------------
Array:
rule : -2 ;
module :  ;
message : Array ;

2017-01-28 17:46:45 response :
------------

2017-01-28 17:46:57 trace :
------------
String:
<xml><ToUserName><![CDATA[gh_9ded809b0f7b]]></ToUserName>
<FromUserName><![CDATA[oKumhs0hjacDuB-W9eqde3jSVZTE]]></FromUserName>
<CreateTime>1485596817</CreateTime>
<MsgType><![CDATA[event]]></MsgType>
<Event><![CDATA[subscribe]]></Event>
<EventKey><![CDATA[]]></EventKey>
</xml>

2017-01-28 17:46:57 params :
------------
Array:
message : Array ;
module : basic ;
rule : 18 ;
priority : 0 ;
keyword : Array ;

2017-01-28 17:46:57 response :
------------
Array:
FromUserName : gh_9ded809b0f7b ;
ToUserName : oKumhs0hjacDuB-W9eqde3jSVZTE ;
MsgType : text ;
Content : WIFI密码：68006328 ;

2017-01-28 17:53:25 trace :
------------
String:
<xml><ToUserName><![CDATA[gh_9ded809b0f7b]]></ToUserName>
<FromUserName><![CDATA[oKumhs2MbWwd5CvzSghoXqJgh388]]></FromUserName>
<CreateTime>1485597205</CreateTime>
<MsgType><![CDATA[event]]></MsgType>
<Event><![CDATA[unsubscribe]]></Event>
<EventKey><![CDATA[]]></EventKey>
</xml>

2017-01-28 18:06:26 trace :
------------
String:
<xml><ToUserName><![CDATA[gh_9ded809b0f7b]]></ToUserName>
<FromUserName><![CDATA[oKumhs5IpwWTiO3909-DuejPhmkc]]></FromUserName>
<CreateTime>1485597986</CreateTime>
<MsgType><![CDATA[event]]></MsgType>
<Event><![CDATA[VIEW]]></Event>
<EventKey><![CDATA[http://shanghai.xyj0772.com/app/index.php?i=1&c=entry&do=orderlist&m=weisrc_dish]]></EventKey>
<MenuId>408452709</MenuId>
</xml>

2017-01-28 18:06:26 params :
------------
Array:
rule : -2 ;
module :  ;
message : Array ;

2017-01-28 18:06:26 response :
------------

2017-01-28 18:06:44 trace :
------------
String:
<xml><ToUserName><![CDATA[gh_9ded809b0f7b]]></ToUserName>
<FromUserName><![CDATA[oKumhsxskiKNcPg-UOyYgh8rclx4]]></FromUserName>
<CreateTime>1485598004</CreateTime>
<MsgType><![CDATA[event]]></MsgType>
<Event><![CDATA[WifiConnected]]></Event><ConnectTime>1485598004</ConnectTime><ExpireTime>0</ExpireTime><VendorId><![CDATA[3001224419]]></VendorId><ShopId><![CDATA[3780592]]></ShopId><DeviceNo><![CDATA[18:40:a4:a9:16:bb]]></DeviceNo></xml>

2017-01-28 18:06:44 params :
------------
Array:
rule : -2 ;
module :  ;
message : Array ;

2017-01-28 18:06:44 response :
------------

2017-01-28 18:06:50 trace :
------------
String:
<xml><ToUserName><![CDATA[gh_9ded809b0f7b]]></ToUserName>
<FromUserName><![CDATA[oKumhsxskiKNcPg-UOyYgh8rclx4]]></FromUserName>
<CreateTime>1485598010</CreateTime>
<MsgType><![CDATA[event]]></MsgType>
<Event><![CDATA[subscribe]]></Event>
<EventKey><![CDATA[]]></EventKey>
</xml>

2017-01-28 18:06:50 params :
------------
Array:
message : Array ;
module : basic ;
rule : 18 ;
priority : 0 ;
keyword : Array ;

2017-01-28 18:06:50 response :
------------
Array:
FromUserName : gh_9ded809b0f7b ;
ToUserName : oKumhsxskiKNcPg-UOyYgh8rclx4 ;
MsgType : text ;
Content : WIFI密码：68006328 ;

2017-01-28 18:07:28 trace :
------------
String:
<xml><ToUserName><![CDATA[gh_9ded809b0f7b]]></ToUserName>
<FromUserName><![CDATA[oKumhs-wlLGIhqwWOdKn_pmfo4Wk]]></FromUserName>
<CreateTime>1485598048</CreateTime>
<MsgType><![CDATA[event]]></MsgType>
<Event><![CDATA[WifiConnected]]></Event><ConnectTime>1485598048</ConnectTime><ExpireTime>0</ExpireTime><VendorId><![CDATA[3001224419]]></VendorId><ShopId><![CDATA[5530490]]></ShopId><DeviceNo><![CDATA[78:d3:8d:e3:f1:27]]></DeviceNo></xml>

2017-01-28 18:07:28 params :
------------
Array:
rule : -2 ;
module :  ;
message : Array ;

2017-01-28 18:07:28 response :
------------

2017-01-28 18:13:43 trace :
------------
String:
<xml><ToUserName><![CDATA[gh_9ded809b0f7b]]></ToUserName>
<FromUserName><![CDATA[oKumhs_cMj2B8WhZyhuaSrTUybVs]]></FromUserName>
<CreateTime>1485598423</CreateTime>
<MsgType><![CDATA[event]]></MsgType>
<Event><![CDATA[WifiConnected]]></Event><ConnectTime>1485598423</ConnectTime><ExpireTime>0</ExpireTime><VendorId><![CDATA[3001224419]]></VendorId><ShopId><![CDATA[2622881]]></ShopId><DeviceNo><![CDATA[7a:d3:8d:e3:f7:69]]></DeviceNo></xml>

2017-01-28 18:13:43 params :
------------
Array:
rule : -2 ;
module :  ;
message : Array ;

2017-01-28 18:13:43 response :
------------

2017-01-28 18:16:27 trace :
------------
String:
<xml><ToUserName><![CDATA[gh_9ded809b0f7b]]></ToUserName>
<FromUserName><![CDATA[oKumhs9x_4HYk-psVoF6RKyoTd80]]></FromUserName>
<CreateTime>1485598587</CreateTime>
<MsgType><![CDATA[event]]></MsgType>
<Event><![CDATA[WifiConnected]]></Event><ConnectTime>1485598587</ConnectTime><ExpireTime>0</ExpireTime><VendorId><![CDATA[3001224419]]></VendorId><ShopId><![CDATA[3780592]]></ShopId><DeviceNo><![CDATA[18:40:a4:a9:16:bb]]></DeviceNo></xml>

2017-01-28 18:16:27 params :
------------
Array:
rule : -2 ;
module :  ;
message : Array ;

2017-01-28 18:16:27 response :
------------

2017-01-28 18:24:19 trace :
------------
String:
<xml><ToUserName><![CDATA[gh_9ded809b0f7b]]></ToUserName>
<FromUserName><![CDATA[oKumhs62GFTm0CFq7rOfqfywCwS0]]></FromUserName>
<CreateTime>1485599059</CreateTime>
<MsgType><![CDATA[event]]></MsgType>
<Event><![CDATA[WifiConnected]]></Event><ConnectTime>1485599059</ConnectTime><ExpireTime>0</ExpireTime><VendorId><![CDATA[3001224419]]></VendorId><ShopId><![CDATA[5530490]]></ShopId><DeviceNo><![CDATA[78:d3:8d:e3:f1:27]]></DeviceNo></xml>

2017-01-28 18:24:19 params :
------------
Array:
rule : -2 ;
module :  ;
message : Array ;

2017-01-28 18:24:19 response :
------------

2017-01-28 18:29:24 trace :
------------
String:
<xml><ToUserName><![CDATA[gh_9ded809b0f7b]]></ToUserName>
<FromUserName><![CDATA[oKumhs3Vn0VhX7m0CVY2JoiXNvMY]]></FromUserName>
<CreateTime>1485599364</CreateTime>
<MsgType><![CDATA[event]]></MsgType>
<Event><![CDATA[WifiConnected]]></Event><ConnectTime>1485599364</ConnectTime><ExpireTime>0</ExpireTime><VendorId><![CDATA[3001224419]]></VendorId><ShopId><![CDATA[5530490]]></ShopId><DeviceNo><![CDATA[78:d3:8d:e3:f1:18]]></DeviceNo></xml>

2017-01-28 18:29:24 params :
------------
Array:
rule : -2 ;
module :  ;
message : Array ;

2017-01-28 18:29:24 response :
------------

2017-01-28 18:29:30 trace :
------------
String:
<xml><ToUserName><![CDATA[gh_9ded809b0f7b]]></ToUserName>
<FromUserName><![CDATA[oKumhs3Vn0VhX7m0CVY2JoiXNvMY]]></FromUserName>
<CreateTime>1485599370</CreateTime>
<MsgType><![CDATA[event]]></MsgType>
<Event><![CDATA[subscribe]]></Event>
<EventKey><![CDATA[]]></EventKey>
</xml>

2017-01-28 18:29:30 params :
------------
Array:
message : Array ;
module : basic ;
rule : 18 ;
priority : 0 ;
keyword : Array ;

2017-01-28 18:29:30 response :
------------
Array:
FromUserName : gh_9ded809b0f7b ;
ToUserName : oKumhs3Vn0VhX7m0CVY2JoiXNvMY ;
MsgType : text ;
Content : WIFI密码：68006328 ;

2017-01-28 18:35:24 trace :
------------
String:
<xml><ToUserName><![CDATA[gh_9ded809b0f7b]]></ToUserName>
<FromUserName><![CDATA[oKumhs4p8mn4q7a3eibyQQmRVEwg]]></FromUserName>
<CreateTime>1485599724</CreateTime>
<MsgType><![CDATA[event]]></MsgType>
<Event><![CDATA[WifiConnected]]></Event><ConnectTime>1485599724</ConnectTime><ExpireTime>0</ExpireTime><VendorId><![CDATA[3001224419]]></VendorId><ShopId><![CDATA[2622881]]></ShopId><DeviceNo><![CDATA[78:d3:8d:e3:f7:69]]></DeviceNo></xml>

2017-01-28 18:35:24 params :
------------
Array:
rule : -2 ;
module :  ;
message : Array ;

2017-01-28 18:35:24 response :
------------

2017-01-28 18:58:45 trace :
------------
String:
<xml><ToUserName><![CDATA[gh_9ded809b0f7b]]></ToUserName>
<FromUserName><![CDATA[oKumhs7PV28u8Og4J0j4L4KXys3M]]></FromUserName>
<CreateTime>1485601125</CreateTime>
<MsgType><![CDATA[event]]></MsgType>
<Event><![CDATA[VIEW]]></Event>
<EventKey><![CDATA[http://shanghai.xyj0772.com/app/index.php?i=1&c=entry&do=orderlist&m=weisrc_dish]]></EventKey>
<MenuId>408452709</MenuId>
</xml>

2017-01-28 18:58:45 params :
------------
Array:
rule : -2 ;
module :  ;
message : Array ;

2017-01-28 18:58:45 response :
------------

2017-01-28 18:59:24 trace :
------------
String:
<xml><ToUserName><![CDATA[gh_9ded809b0f7b]]></ToUserName>
<FromUserName><![CDATA[oKumhs7PV28u8Og4J0j4L4KXys3M]]></FromUserName>
<CreateTime>1485601163</CreateTime>
<MsgType><![CDATA[text]]></MsgType>
<Content><![CDATA[夏威夷广场]]></Content>
<MsgId>6380608410394651615</MsgId>
</xml>

2017-01-28 18:59:24 params :
------------
Array:
rule : -2 ;
module :  ;
message : Array ;

2017-01-28 18:59:24 response :
------------

2017-01-28 18:59:31 trace :
------------
String:
<xml><ToUserName><![CDATA[gh_9ded809b0f7b]]></ToUserName>
<FromUserName><![CDATA[oKumhs7PV28u8Og4J0j4L4KXys3M]]></FromUserName>
<CreateTime>1485601171</CreateTime>
<MsgType><![CDATA[event]]></MsgType>
<Event><![CDATA[VIEW]]></Event>
<EventKey><![CDATA[http://shanghai.xyj0772.com/app/index.php?i=1&c=entry&do=orderlist&m=weisrc_dish]]></EventKey>
<MenuId>408452709</MenuId>
</xml>

2017-01-28 18:59:31 params :
------------
Array:
rule : -2 ;
module :  ;
message : Array ;

2017-01-28 18:59:31 response :
------------

2017-01-28 19:00:28 trace :
------------
String:
<xml><ToUserName><![CDATA[gh_9ded809b0f7b]]></ToUserName>
<FromUserName><![CDATA[oKumhs7PV28u8Og4J0j4L4KXys3M]]></FromUserName>
<CreateTime>1485601228</CreateTime>
<MsgType><![CDATA[event]]></MsgType>
<Event><![CDATA[VIEW]]></Event>
<EventKey><![CDATA[http://shanghai.xyj0772.com/app/index.php?i=1&c=entry&do=orderlist&m=weisrc_dish]]></EventKey>
<MenuId>408452709</MenuId>
</xml>

2017-01-28 19:00:28 params :
------------
Array:
rule : -2 ;
module :  ;
message : Array ;

2017-01-28 19:00:28 response :
------------

2017-01-28 19:11:18 trace :
------------
String:
<xml><ToUserName><![CDATA[gh_9ded809b0f7b]]></ToUserName>
<FromUserName><![CDATA[oKumhsxO9muNvmo44PEGnYI7qfus]]></FromUserName>
<CreateTime>1485601878</CreateTime>
<MsgType><![CDATA[text]]></MsgType>
<Content><![CDATA[你好]]></Content>
<MsgId>6380611481296268314</MsgId>
</xml>

2017-01-28 19:11:18 params :
------------
Array:
rule : -2 ;
module :  ;
message : Array ;

2017-01-28 19:11:18 response :
------------

2017-01-28 19:26:08 trace :
------------
String:
<xml><ToUserName><![CDATA[gh_9ded809b0f7b]]></ToUserName>
<FromUserName><![CDATA[oKumhs-SfH8UDQKksdSxTFU_0PLQ]]></FromUserName>
<CreateTime>1485602768</CreateTime>
<MsgType><![CDATA[event]]></MsgType>
<Event><![CDATA[VIEW]]></Event>
<EventKey><![CDATA[http://shanghai.xyj0772.com/app/index.php?i=1&c=entry&do=orderlist&m=weisrc_dish]]></EventKey>
<MenuId>408452709</MenuId>
</xml>

2017-01-28 19:26:08 params :
------------
Array:
rule : -2 ;
module :  ;
message : Array ;

2017-01-28 19:26:08 response :
------------

2017-01-28 19:28:03 trace :
------------
String:
<xml><ToUserName><![CDATA[gh_9ded809b0f7b]]></ToUserName>
<FromUserName><![CDATA[oKumhsx6HnA7Y0pN7PQN9DDjEl9U]]></FromUserName>
<CreateTime>1485602883</CreateTime>
<MsgType><![CDATA[event]]></MsgType>
<Event><![CDATA[WifiConnected]]></Event><ConnectTime>1485602883</ConnectTime><ExpireTime>0</ExpireTime><VendorId><![CDATA[3001224419]]></VendorId><ShopId><![CDATA[3780592]]></ShopId><DeviceNo><![CDATA[18:40:a4:a9:16:bb]]></DeviceNo></xml>

2017-01-28 19:28:03 params :
------------
Array:
rule : -2 ;
module :  ;
message : Array ;

2017-01-28 19:28:03 response :
------------

2017-01-28 19:32:13 trace :
------------
String:
<xml><ToUserName><![CDATA[gh_9ded809b0f7b]]></ToUserName>
<FromUserName><![CDATA[oKumhs0hjacDuB-W9eqde3jSVZTE]]></FromUserName>
<CreateTime>1485603133</CreateTime>
<MsgType><![CDATA[event]]></MsgType>
<Event><![CDATA[unsubscribe]]></Event>
<EventKey><![CDATA[]]></EventKey>
</xml>

2017-01-28 19:42:26 trace :
------------
String:
<xml><ToUserName><![CDATA[gh_9ded809b0f7b]]></ToUserName>
<FromUserName><![CDATA[oKumhs1zCoNzMAsWfQ9BQqOmCek8]]></FromUserName>
<CreateTime>1485603746</CreateTime>
<MsgType><![CDATA[event]]></MsgType>
<Event><![CDATA[WifiConnected]]></Event><ConnectTime>1485603746</ConnectTime><ExpireTime>0</ExpireTime><VendorId><![CDATA[3001224419]]></VendorId><ShopId><![CDATA[5530490]]></ShopId><DeviceNo><![CDATA[78:d3:8d:e3:f1:18]]></DeviceNo></xml>

2017-01-28 19:42:26 params :
------------
Array:
rule : -2 ;
module :  ;
message : Array ;

2017-01-28 19:42:26 response :
------------

2017-01-28 19:47:11 trace :
------------
String:
<xml><ToUserName><![CDATA[gh_9ded809b0f7b]]></ToUserName>
<FromUserName><![CDATA[oKumhs2HLWalKkWJ8M0ziLtPck8Q]]></FromUserName>
<CreateTime>1485604031</CreateTime>
<MsgType><![CDATA[event]]></MsgType>
<Event><![CDATA[WifiConnected]]></Event><ConnectTime>1485604031</ConnectTime><ExpireTime>0</ExpireTime><VendorId><![CDATA[3001224419]]></VendorId><ShopId><![CDATA[3780592]]></ShopId><DeviceNo><![CDATA[18:40:a4:a9:16:bb]]></DeviceNo></xml>

2017-01-28 19:47:11 params :
------------
Array:
rule : -2 ;
module :  ;
message : Array ;

2017-01-28 19:47:11 response :
------------

2017-01-28 20:03:10 trace :
------------
String:
<xml><ToUserName><![CDATA[gh_9ded809b0f7b]]></ToUserName>
<FromUserName><![CDATA[oKumhsyimQPYNiM2UAmPZWA8VSis]]></FromUserName>
<CreateTime>1485604990</CreateTime>
<MsgType><![CDATA[event]]></MsgType>
<Event><![CDATA[VIEW]]></Event>
<EventKey><![CDATA[http://shanghai.xyj0772.com/app/index.php?i=1&c=entry&do=orderlist&m=weisrc_dish]]></EventKey>
<MenuId>408452709</MenuId>
</xml>

2017-01-28 20:03:10 params :
------------
Array:
rule : -2 ;
module :  ;
message : Array ;

2017-01-28 20:03:10 response :
------------

2017-01-28 20:34:19 trace :
------------
String:
<xml><ToUserName><![CDATA[gh_9ded809b0f7b]]></ToUserName>
<FromUserName><![CDATA[oKumhs4tMuVQQ_Oiksdv2RD6m8js]]></FromUserName>
<CreateTime>1485606859</CreateTime>
<MsgType><![CDATA[event]]></MsgType>
<Event><![CDATA[WifiConnected]]></Event><ConnectTime>1485606859</ConnectTime><ExpireTime>0</ExpireTime><VendorId><![CDATA[3001224419]]></VendorId><ShopId><![CDATA[2478220]]></ShopId><DeviceNo><![CDATA[18:40:a4:a9:1d:15]]></DeviceNo></xml>

2017-01-28 20:34:19 params :
------------
Array:
rule : -2 ;
module :  ;
message : Array ;

2017-01-28 20:34:19 response :
------------

