2017-04-06 19:34:17 trace :
------------
String:
<xml><ToUserName><![CDATA[gh_9ded809b0f7b]]></ToUserName>
<FromUserName><![CDATA[oKumhs9XEdGjRxC_1Sdo88ccMPE0]]></FromUserName>
<CreateTime>1491478457</CreateTime>
<MsgType><![CDATA[event]]></MsgType>
<Event><![CDATA[subscribe]]></Event>
<EventKey><![CDATA[]]></EventKey>
</xml>

2017-04-06 19:34:17 params :
------------
Array:
message : Array ;
module : news ;
rule : 19 ;
priority : 0 ;
keyword : Array ;

2017-04-06 19:34:17 response :
------------
Array:
FromUserName : gh_9ded809b0f7b ;
ToUserName : oKumhs9XEdGjRxC_1Sdo88ccMPE0 ;
MsgType : news ;
ArticleCount : 7 ;
Articles : Array ;

2017-04-06 19:39:55 trace :
------------
String:
<xml><ToUserName><![CDATA[gh_9ded809b0f7b]]></ToUserName>
<FromUserName><![CDATA[oKumhs8rYXhnrNQX4HPww22rPzkw]]></FromUserName>
<CreateTime>1491478795</CreateTime>
<MsgType><![CDATA[event]]></MsgType>
<Event><![CDATA[VIEW]]></Event>
<EventKey><![CDATA[http://mp.weixin.qq.com/s?__biz=MzAxMzczMjY1MA==&mid=401783638&idx=1&sn=5292c8ebdf4870b294a96f268b63ec0b&chksm=099805133eef8c054146f605e20e490ca22ab712265712873b2309fcff4dc1316f43ed65f75a&scene=18#rd]]></EventKey>
<MenuId>412125368</MenuId>
</xml>

2017-04-06 19:39:55 params :
------------
Array:
message : Array ;
module : news ;
rule : 19 ;
priority : 0 ;
keyword : Array ;

2017-04-06 19:39:55 response :
------------
Array:
FromUserName : gh_9ded809b0f7b ;
ToUserName : oKumhs8rYXhnrNQX4HPww22rPzkw ;
MsgType : news ;
ArticleCount : 7 ;
Articles : Array ;

2017-04-06 19:40:12 trace :
------------
String:
<xml><ToUserName><![CDATA[gh_9ded809b0f7b]]></ToUserName>
<FromUserName><![CDATA[oKumhs9Ujx54OJG3JkafhmwuCHSo]]></FromUserName>
<CreateTime>1491478812</CreateTime>
<MsgType><![CDATA[event]]></MsgType>
<Event><![CDATA[WifiConnected]]></Event><ConnectTime>1491478812</ConnectTime><ExpireTime>0</ExpireTime><VendorId><![CDATA[3001224419]]></VendorId><ShopId><![CDATA[5530490]]></ShopId><DeviceNo><![CDATA[78:d3:8d:e3:f1:18]]></DeviceNo></xml>

2017-04-06 19:40:12 params :
------------
Array:
message : Array ;
module : news ;
rule : 19 ;
priority : 0 ;
keyword : Array ;

2017-04-06 19:40:12 response :
------------
Array:
FromUserName : gh_9ded809b0f7b ;
ToUserName : oKumhs9Ujx54OJG3JkafhmwuCHSo ;
MsgType : news ;
ArticleCount : 7 ;
Articles : Array ;

2017-04-06 19:40:20 trace :
------------
String:
<xml><ToUserName><![CDATA[gh_9ded809b0f7b]]></ToUserName>
<FromUserName><![CDATA[oKumhs9Ujx54OJG3JkafhmwuCHSo]]></FromUserName>
<CreateTime>1491478820</CreateTime>
<MsgType><![CDATA[event]]></MsgType>
<Event><![CDATA[subscribe]]></Event>
<EventKey><![CDATA[]]></EventKey>
</xml>

2017-04-06 19:40:20 params :
------------
Array:
message : Array ;
module : news ;
rule : 19 ;
priority : 0 ;
keyword : Array ;

2017-04-06 19:40:20 response :
------------
Array:
FromUserName : gh_9ded809b0f7b ;
ToUserName : oKumhs9Ujx54OJG3JkafhmwuCHSo ;
MsgType : news ;
ArticleCount : 7 ;
Articles : Array ;

2017-04-06 19:40:42 trace :
------------
String:
<xml><ToUserName><![CDATA[gh_9ded809b0f7b]]></ToUserName>
<FromUserName><![CDATA[oKumhswvrQE0gI0XQ5tz_J0RC-SE]]></FromUserName>
<CreateTime>1491478842</CreateTime>
<MsgType><![CDATA[event]]></MsgType>
<Event><![CDATA[unsubscribe]]></Event>
<EventKey><![CDATA[]]></EventKey>
</xml>

2017-04-06 19:42:11 trace :
------------
String:
<xml><ToUserName><![CDATA[gh_9ded809b0f7b]]></ToUserName>
<FromUserName><![CDATA[oKumhs1msrObF9l4yExx1pKD1vP0]]></FromUserName>
<CreateTime>1491478931</CreateTime>
<MsgType><![CDATA[event]]></MsgType>
<Event><![CDATA[WifiConnected]]></Event><ConnectTime>1491478931</ConnectTime><ExpireTime>0</ExpireTime><VendorId><![CDATA[3001224419]]></VendorId><ShopId><![CDATA[3794558]]></ShopId><DeviceNo><![CDATA[18:40:a4:a9:1d:18]]></DeviceNo></xml>

2017-04-06 19:42:11 params :
------------
Array:
message : Array ;
module : news ;
rule : 19 ;
priority : 0 ;
keyword : Array ;

2017-04-06 19:42:11 response :
------------
Array:
FromUserName : gh_9ded809b0f7b ;
ToUserName : oKumhs1msrObF9l4yExx1pKD1vP0 ;
MsgType : news ;
ArticleCount : 7 ;
Articles : Array ;

2017-04-06 19:42:26 trace :
------------
String:
<xml><ToUserName><![CDATA[gh_9ded809b0f7b]]></ToUserName>
<FromUserName><![CDATA[oKumhs2eUVm7b2PVlXLg5-1xZEMQ]]></FromUserName>
<CreateTime>1491478946</CreateTime>
<MsgType><![CDATA[event]]></MsgType>
<Event><![CDATA[WifiConnected]]></Event><ConnectTime>1491478946</ConnectTime><ExpireTime>0</ExpireTime><VendorId><![CDATA[3001224419]]></VendorId><ShopId><![CDATA[3794558]]></ShopId><DeviceNo><![CDATA[1a:40:a4:a9:1d:18]]></DeviceNo></xml>

2017-04-06 19:42:26 params :
------------
Array:
message : Array ;
module : news ;
rule : 19 ;
priority : 0 ;
keyword : Array ;

2017-04-06 19:42:26 response :
------------
Array:
FromUserName : gh_9ded809b0f7b ;
ToUserName : oKumhs2eUVm7b2PVlXLg5-1xZEMQ ;
MsgType : news ;
ArticleCount : 7 ;
Articles : Array ;

2017-04-06 19:42:32 trace :
------------
String:
<xml><ToUserName><![CDATA[gh_9ded809b0f7b]]></ToUserName>
<FromUserName><![CDATA[oKumhs1msrObF9l4yExx1pKD1vP0]]></FromUserName>
<CreateTime>1491478952</CreateTime>
<MsgType><![CDATA[event]]></MsgType>
<Event><![CDATA[subscribe]]></Event>
<EventKey><![CDATA[]]></EventKey>
</xml>

2017-04-06 19:42:32 params :
------------
Array:
message : Array ;
module : news ;
rule : 19 ;
priority : 0 ;
keyword : Array ;

2017-04-06 19:42:32 response :
------------
Array:
FromUserName : gh_9ded809b0f7b ;
ToUserName : oKumhs1msrObF9l4yExx1pKD1vP0 ;
MsgType : news ;
ArticleCount : 7 ;
Articles : Array ;

2017-04-06 19:42:43 trace :
------------
String:
<xml><ToUserName><![CDATA[gh_9ded809b0f7b]]></ToUserName>
<FromUserName><![CDATA[oKumhs2eUVm7b2PVlXLg5-1xZEMQ]]></FromUserName>
<CreateTime>1491478963</CreateTime>
<MsgType><![CDATA[event]]></MsgType>
<Event><![CDATA[subscribe]]></Event>
<EventKey><![CDATA[]]></EventKey>
</xml>

2017-04-06 19:42:43 params :
------------
Array:
message : Array ;
module : news ;
rule : 19 ;
priority : 0 ;
keyword : Array ;

2017-04-06 19:42:43 response :
------------
Array:
FromUserName : gh_9ded809b0f7b ;
ToUserName : oKumhs2eUVm7b2PVlXLg5-1xZEMQ ;
MsgType : news ;
ArticleCount : 7 ;
Articles : Array ;

2017-04-06 19:46:20 trace :
------------
String:
<xml><ToUserName><![CDATA[gh_9ded809b0f7b]]></ToUserName>
<FromUserName><![CDATA[oKumhs0Xc1nliU_kfNP0IqoyrJ8Q]]></FromUserName>
<CreateTime>1491479179</CreateTime>
<MsgType><![CDATA[event]]></MsgType>
<Event><![CDATA[WifiConnected]]></Event><ConnectTime>1491479179</ConnectTime><ExpireTime>0</ExpireTime><VendorId><![CDATA[3001224419]]></VendorId><ShopId><![CDATA[3780592]]></ShopId><DeviceNo><![CDATA[18:40:a4:a9:16:bb]]></DeviceNo></xml>

2017-04-06 19:46:20 params :
------------
Array:
message : Array ;
module : news ;
rule : 19 ;
priority : 0 ;
keyword : Array ;

2017-04-06 19:46:20 response :
------------
Array:
FromUserName : gh_9ded809b0f7b ;
ToUserName : oKumhs0Xc1nliU_kfNP0IqoyrJ8Q ;
MsgType : news ;
ArticleCount : 7 ;
Articles : Array ;

2017-04-06 19:46:24 trace :
------------
String:
<xml><ToUserName><![CDATA[gh_9ded809b0f7b]]></ToUserName>
<FromUserName><![CDATA[oKumhs0Xc1nliU_kfNP0IqoyrJ8Q]]></FromUserName>
<CreateTime>1491479183</CreateTime>
<MsgType><![CDATA[event]]></MsgType>
<Event><![CDATA[subscribe]]></Event>
<EventKey><![CDATA[]]></EventKey>
</xml>

2017-04-06 19:46:24 params :
------------
Array:
message : Array ;
module : news ;
rule : 19 ;
priority : 0 ;
keyword : Array ;

2017-04-06 19:46:24 response :
------------
Array:
FromUserName : gh_9ded809b0f7b ;
ToUserName : oKumhs0Xc1nliU_kfNP0IqoyrJ8Q ;
MsgType : news ;
ArticleCount : 7 ;
Articles : Array ;

2017-04-06 19:48:36 trace :
------------
String:
<xml><ToUserName><![CDATA[gh_9ded809b0f7b]]></ToUserName>
<FromUserName><![CDATA[oKumhszPR1SNB-xFcQkAm-2CWfiQ]]></FromUserName>
<CreateTime>1491479316</CreateTime>
<MsgType><![CDATA[event]]></MsgType>
<Event><![CDATA[WifiConnected]]></Event><ConnectTime>1491479316</ConnectTime><ExpireTime>0</ExpireTime><VendorId><![CDATA[3001224419]]></VendorId><ShopId><![CDATA[5640409]]></ShopId><DeviceNo><![CDATA[7a:d3:8d:e3:f1:36]]></DeviceNo></xml>

2017-04-06 19:48:36 params :
------------
Array:
message : Array ;
module : news ;
rule : 19 ;
priority : 0 ;
keyword : Array ;

2017-04-06 19:48:36 response :
------------
Array:
FromUserName : gh_9ded809b0f7b ;
ToUserName : oKumhszPR1SNB-xFcQkAm-2CWfiQ ;
MsgType : news ;
ArticleCount : 7 ;
Articles : Array ;

2017-04-06 19:48:47 trace :
------------
String:
<xml><ToUserName><![CDATA[gh_9ded809b0f7b]]></ToUserName>
<FromUserName><![CDATA[oKumhszPR1SNB-xFcQkAm-2CWfiQ]]></FromUserName>
<CreateTime>1491479327</CreateTime>
<MsgType><![CDATA[event]]></MsgType>
<Event><![CDATA[subscribe]]></Event>
<EventKey><![CDATA[]]></EventKey>
</xml>

2017-04-06 19:48:47 params :
------------
Array:
message : Array ;
module : news ;
rule : 19 ;
priority : 0 ;
keyword : Array ;

2017-04-06 19:48:47 response :
------------
Array:
FromUserName : gh_9ded809b0f7b ;
ToUserName : oKumhszPR1SNB-xFcQkAm-2CWfiQ ;
MsgType : news ;
ArticleCount : 7 ;
Articles : Array ;

2017-04-06 19:51:29 trace :
------------
String:
<xml><ToUserName><![CDATA[gh_9ded809b0f7b]]></ToUserName>
<FromUserName><![CDATA[oKumhs-6eNkVhVfz9N_BLB9P0k38]]></FromUserName>
<CreateTime>1491479489</CreateTime>
<MsgType><![CDATA[event]]></MsgType>
<Event><![CDATA[VIEW]]></Event>
<EventKey><![CDATA[http://shanghai.xyj0772.com/app/index.php?i=1&c=entry&do=orderlist&m=weisrc_dish]]></EventKey>
<MenuId>412125368</MenuId>
</xml>

2017-04-06 19:51:29 params :
------------
Array:
message : Array ;
module : news ;
rule : 19 ;
priority : 0 ;
keyword : Array ;

2017-04-06 19:51:29 response :
------------
Array:
FromUserName : gh_9ded809b0f7b ;
ToUserName : oKumhs-6eNkVhVfz9N_BLB9P0k38 ;
MsgType : news ;
ArticleCount : 7 ;
Articles : Array ;

2017-04-06 19:56:53 trace :
------------
String:
<xml><ToUserName><![CDATA[gh_9ded809b0f7b]]></ToUserName>
<FromUserName><![CDATA[oKumhs4jUGFXB3xggFSxNBwNDt68]]></FromUserName>
<CreateTime>1491479813</CreateTime>
<MsgType><![CDATA[event]]></MsgType>
<Event><![CDATA[WifiConnected]]></Event><ConnectTime>1491479813</ConnectTime><ExpireTime>0</ExpireTime><VendorId><![CDATA[3001224419]]></VendorId><ShopId><![CDATA[3780592]]></ShopId><DeviceNo><![CDATA[18:40:a4:a9:16:bb]]></DeviceNo></xml>

2017-04-06 19:56:53 params :
------------
Array:
message : Array ;
module : news ;
rule : 19 ;
priority : 0 ;
keyword : Array ;

2017-04-06 19:56:53 response :
------------
Array:
FromUserName : gh_9ded809b0f7b ;
ToUserName : oKumhs4jUGFXB3xggFSxNBwNDt68 ;
MsgType : news ;
ArticleCount : 7 ;
Articles : Array ;

2017-04-06 19:57:00 trace :
------------
String:
<xml><ToUserName><![CDATA[gh_9ded809b0f7b]]></ToUserName>
<FromUserName><![CDATA[oKumhs4jUGFXB3xggFSxNBwNDt68]]></FromUserName>
<CreateTime>1491479820</CreateTime>
<MsgType><![CDATA[event]]></MsgType>
<Event><![CDATA[subscribe]]></Event>
<EventKey><![CDATA[]]></EventKey>
</xml>

2017-04-06 19:57:00 params :
------------
Array:
message : Array ;
module : news ;
rule : 19 ;
priority : 0 ;
keyword : Array ;

2017-04-06 19:57:00 response :
------------
Array:
FromUserName : gh_9ded809b0f7b ;
ToUserName : oKumhs4jUGFXB3xggFSxNBwNDt68 ;
MsgType : news ;
ArticleCount : 7 ;
Articles : Array ;

2017-04-06 19:58:17 trace :
------------
String:
<xml><ToUserName><![CDATA[gh_9ded809b0f7b]]></ToUserName>
<FromUserName><![CDATA[oKumhs8cqTEm6FAIqsAdJzfLeFJw]]></FromUserName>
<CreateTime>1491479897</CreateTime>
<MsgType><![CDATA[event]]></MsgType>
<Event><![CDATA[unsubscribe]]></Event>
<EventKey><![CDATA[]]></EventKey>
</xml>

2017-04-06 19:58:57 trace :
------------
String:
<xml><ToUserName><![CDATA[gh_9ded809b0f7b]]></ToUserName>
<FromUserName><![CDATA[oKumhs5bHBgu-n_f_A3sr7MmUWLg]]></FromUserName>
<CreateTime>1491479936</CreateTime>
<MsgType><![CDATA[event]]></MsgType>
<Event><![CDATA[subscribe]]></Event>
<EventKey><![CDATA[]]></EventKey>
</xml>

2017-04-06 19:58:57 params :
------------
Array:
message : Array ;
module : news ;
rule : 19 ;
priority : 0 ;
keyword : Array ;

2017-04-06 19:58:57 response :
------------
Array:
FromUserName : gh_9ded809b0f7b ;
ToUserName : oKumhs5bHBgu-n_f_A3sr7MmUWLg ;
MsgType : news ;
ArticleCount : 7 ;
Articles : Array ;

2017-04-06 19:59:03 trace :
------------
String:
<xml><ToUserName><![CDATA[gh_9ded809b0f7b]]></ToUserName>
<FromUserName><![CDATA[oKumhs5bHBgu-n_f_A3sr7MmUWLg]]></FromUserName>
<CreateTime>1491479943</CreateTime>
<MsgType><![CDATA[event]]></MsgType>
<Event><![CDATA[scancode_push]]></Event>
<EventKey><![CDATA[11]]></EventKey>
<ScanCodeInfo><ScanType><![CDATA[qrcode]]></ScanType>
<ScanResult><![CDATA[http://weixin.qq.com/r/-Eg1LXvEDSZyrT9O9x3u]]></ScanResult>
</ScanCodeInfo>
</xml>

2017-04-06 19:59:03 params :
------------
Array:
message : Array ;
module : meepo_bigerwall ;
rule : 21 ;
priority : 0 ;
keyword : Array ;

2017-04-06 19:59:03 response :
------------
Array:
FromUserName : gh_9ded809b0f7b ;
ToUserName : oKumhs5bHBgu-n_f_A3sr7MmUWLg ;
MsgType : text ;
Content : 请参照使用说明设置图文消息触发！ ;

2017-04-06 19:59:41 trace :
------------
String:
<xml><ToUserName><![CDATA[gh_9ded809b0f7b]]></ToUserName>
<FromUserName><![CDATA[oKumhs5bHBgu-n_f_A3sr7MmUWLg]]></FromUserName>
<CreateTime>1491479980</CreateTime>
<MsgType><![CDATA[event]]></MsgType>
<Event><![CDATA[scancode_push]]></Event>
<EventKey><![CDATA[11]]></EventKey>
<ScanCodeInfo><ScanType><![CDATA[qrcode]]></ScanType>
<ScanResult><![CDATA[http://weixin.qq.com/r/-Eg1LXvEDSZyrT9O9x3u]]></ScanResult>
</ScanCodeInfo>
</xml>

2017-04-06 19:59:41 params :
------------
Array:
message : Array ;
module : meepo_bigerwall ;
rule : 21 ;
priority : 0 ;
keyword : Array ;

2017-04-06 19:59:41 response :
------------
Array:
FromUserName : gh_9ded809b0f7b ;
ToUserName : oKumhs5bHBgu-n_f_A3sr7MmUWLg ;
MsgType : text ;
Content : 请参照使用说明设置图文消息触发！ ;

2017-04-06 20:00:11 trace :
------------
String:
<xml><ToUserName><![CDATA[gh_9ded809b0f7b]]></ToUserName>
<FromUserName><![CDATA[oKumhs5bHBgu-n_f_A3sr7MmUWLg]]></FromUserName>
<CreateTime>1491480011</CreateTime>
<MsgType><![CDATA[event]]></MsgType>
<Event><![CDATA[scancode_push]]></Event>
<EventKey><![CDATA[11]]></EventKey>
<ScanCodeInfo><ScanType><![CDATA[qrcode]]></ScanType>
<ScanResult><![CDATA[http://weixin.qq.com/r/-Eg1LXvEDSZyrT9O9x3u]]></ScanResult>
</ScanCodeInfo>
</xml>

2017-04-06 20:00:11 params :
------------
Array:
message : Array ;
module : meepo_bigerwall ;
rule : 21 ;
priority : 0 ;
keyword : Array ;

2017-04-06 20:00:11 response :
------------
Array:
FromUserName : gh_9ded809b0f7b ;
ToUserName : oKumhs5bHBgu-n_f_A3sr7MmUWLg ;
MsgType : text ;
Content : 请参照使用说明设置图文消息触发！ ;

2017-04-06 20:02:21 trace :
------------
String:
<xml><ToUserName><![CDATA[gh_9ded809b0f7b]]></ToUserName>
<FromUserName><![CDATA[oKumhswbpUme0YMYKJtffI9A8tJs]]></FromUserName>
<CreateTime>1491480141</CreateTime>
<MsgType><![CDATA[event]]></MsgType>
<Event><![CDATA[WifiConnected]]></Event><ConnectTime>1491480141</ConnectTime><ExpireTime>0</ExpireTime><VendorId><![CDATA[3001224419]]></VendorId><ShopId><![CDATA[5640409]]></ShopId><DeviceNo><![CDATA[78:d3:8d:e3:f1:36]]></DeviceNo></xml>

2017-04-06 20:02:21 params :
------------
Array:
message : Array ;
module : news ;
rule : 19 ;
priority : 0 ;
keyword : Array ;

2017-04-06 20:02:21 response :
------------
Array:
FromUserName : gh_9ded809b0f7b ;
ToUserName : oKumhswbpUme0YMYKJtffI9A8tJs ;
MsgType : news ;
ArticleCount : 7 ;
Articles : Array ;

2017-04-06 20:02:29 trace :
------------
String:
<xml><ToUserName><![CDATA[gh_9ded809b0f7b]]></ToUserName>
<FromUserName><![CDATA[oKumhswbpUme0YMYKJtffI9A8tJs]]></FromUserName>
<CreateTime>1491480149</CreateTime>
<MsgType><![CDATA[event]]></MsgType>
<Event><![CDATA[subscribe]]></Event>
<EventKey><![CDATA[]]></EventKey>
</xml>

2017-04-06 20:02:29 params :
------------
Array:
message : Array ;
module : news ;
rule : 19 ;
priority : 0 ;
keyword : Array ;

2017-04-06 20:02:29 response :
------------
Array:
FromUserName : gh_9ded809b0f7b ;
ToUserName : oKumhswbpUme0YMYKJtffI9A8tJs ;
MsgType : news ;
ArticleCount : 7 ;
Articles : Array ;

2017-04-06 20:03:02 trace :
------------
String:
<xml><ToUserName><![CDATA[gh_9ded809b0f7b]]></ToUserName>
<FromUserName><![CDATA[oKumhs6P36uPi_gaVbg6oIAHbJF8]]></FromUserName>
<CreateTime>1491480182</CreateTime>
<MsgType><![CDATA[event]]></MsgType>
<Event><![CDATA[unsubscribe]]></Event>
<EventKey><![CDATA[]]></EventKey>
</xml>

2017-04-06 20:09:12 trace :
------------
String:
<xml><ToUserName><![CDATA[gh_9ded809b0f7b]]></ToUserName>
<FromUserName><![CDATA[oKumhszcWBTID-6elwJ-YAmLLA-E]]></FromUserName>
<CreateTime>1491480552</CreateTime>
<MsgType><![CDATA[event]]></MsgType>
<Event><![CDATA[WifiConnected]]></Event><ConnectTime>1491480552</ConnectTime><ExpireTime>0</ExpireTime><VendorId><![CDATA[3001224419]]></VendorId><ShopId><![CDATA[5640409]]></ShopId><DeviceNo><![CDATA[78:d3:8d:d6:12:f1]]></DeviceNo></xml>

2017-04-06 20:09:12 params :
------------
Array:
message : Array ;
module : news ;
rule : 19 ;
priority : 0 ;
keyword : Array ;

2017-04-06 20:09:12 response :
------------
Array:
FromUserName : gh_9ded809b0f7b ;
ToUserName : oKumhszcWBTID-6elwJ-YAmLLA-E ;
MsgType : news ;
ArticleCount : 7 ;
Articles : Array ;

2017-04-06 20:09:48 trace :
------------
String:
<xml><ToUserName><![CDATA[gh_9ded809b0f7b]]></ToUserName>
<FromUserName><![CDATA[oKumhs-Jf5hX4qfzhXiYvprtlrpk]]></FromUserName>
<CreateTime>1491480588</CreateTime>
<MsgType><![CDATA[event]]></MsgType>
<Event><![CDATA[unsubscribe]]></Event>
<EventKey><![CDATA[]]></EventKey>
</xml>

2017-04-06 20:09:55 trace :
------------
String:
<xml><ToUserName><![CDATA[gh_9ded809b0f7b]]></ToUserName>
<FromUserName><![CDATA[oKumhs2O9k377w1HzU0S43kd2Mw8]]></FromUserName>
<CreateTime>1491480595</CreateTime>
<MsgType><![CDATA[event]]></MsgType>
<Event><![CDATA[unsubscribe]]></Event>
<EventKey><![CDATA[]]></EventKey>
</xml>

2017-04-06 20:09:57 trace :
------------
String:
<xml><ToUserName><![CDATA[gh_9ded809b0f7b]]></ToUserName>
<FromUserName><![CDATA[oKumhs6BwBcX_lkrKcqw3X1c6Y9o]]></FromUserName>
<CreateTime>1491480597</CreateTime>
<MsgType><![CDATA[event]]></MsgType>
<Event><![CDATA[unsubscribe]]></Event>
<EventKey><![CDATA[]]></EventKey>
</xml>

2017-04-06 20:13:04 trace :
------------
String:
<xml><ToUserName><![CDATA[gh_9ded809b0f7b]]></ToUserName>
<FromUserName><![CDATA[oKumhs6EaMEvdNFBQOl1hbjWm2pI]]></FromUserName>
<CreateTime>1491480784</CreateTime>
<MsgType><![CDATA[event]]></MsgType>
<Event><![CDATA[WifiConnected]]></Event><ConnectTime>1491480784</ConnectTime><ExpireTime>0</ExpireTime><VendorId><![CDATA[3001224419]]></VendorId><ShopId><![CDATA[5640409]]></ShopId><DeviceNo><![CDATA[78:d3:8d:d6:12:f1]]></DeviceNo></xml>

2017-04-06 20:13:04 params :
------------
Array:
message : Array ;
module : news ;
rule : 19 ;
priority : 0 ;
keyword : Array ;

2017-04-06 20:13:04 response :
------------
Array:
FromUserName : gh_9ded809b0f7b ;
ToUserName : oKumhs6EaMEvdNFBQOl1hbjWm2pI ;
MsgType : news ;
ArticleCount : 7 ;
Articles : Array ;

2017-04-06 20:13:27 trace :
------------
String:
<xml><ToUserName><![CDATA[gh_9ded809b0f7b]]></ToUserName>
<FromUserName><![CDATA[oKumhsxSAZqm42grK6jxZYVNbNZY]]></FromUserName>
<CreateTime>1491480807</CreateTime>
<MsgType><![CDATA[event]]></MsgType>
<Event><![CDATA[VIEW]]></Event>
<EventKey><![CDATA[http://shanghai.xyj0772.com/app/index.php?i=1&c=entry&do=orderlist&m=weisrc_dish]]></EventKey>
<MenuId>412125368</MenuId>
</xml>

2017-04-06 20:13:27 params :
------------
Array:
message : Array ;
module : news ;
rule : 19 ;
priority : 0 ;
keyword : Array ;

2017-04-06 20:13:27 response :
------------
Array:
FromUserName : gh_9ded809b0f7b ;
ToUserName : oKumhsxSAZqm42grK6jxZYVNbNZY ;
MsgType : news ;
ArticleCount : 7 ;
Articles : Array ;

2017-04-06 20:13:27 trace :
------------
String:
<xml><ToUserName><![CDATA[gh_9ded809b0f7b]]></ToUserName>
<FromUserName><![CDATA[oKumhs8EgPMBRCcNb-Vjs6_KBIZA]]></FromUserName>
<CreateTime>1491480807</CreateTime>
<MsgType><![CDATA[event]]></MsgType>
<Event><![CDATA[unsubscribe]]></Event>
<EventKey><![CDATA[]]></EventKey>
</xml>

2017-04-06 20:14:39 trace :
------------
String:
<xml><ToUserName><![CDATA[gh_9ded809b0f7b]]></ToUserName>
<FromUserName><![CDATA[oKumhs_-MMwGfWS9CfhcCvaXGA6w]]></FromUserName>
<CreateTime>1491480879</CreateTime>
<MsgType><![CDATA[event]]></MsgType>
<Event><![CDATA[WifiConnected]]></Event><ConnectTime>1491480879</ConnectTime><ExpireTime>0</ExpireTime><VendorId><![CDATA[3001224419]]></VendorId><ShopId><![CDATA[2478220]]></ShopId><DeviceNo><![CDATA[18:40:a4:a9:1d:15]]></DeviceNo></xml>

2017-04-06 20:14:39 params :
------------
Array:
message : Array ;
module : news ;
rule : 19 ;
priority : 0 ;
keyword : Array ;

2017-04-06 20:14:39 response :
------------
Array:
FromUserName : gh_9ded809b0f7b ;
ToUserName : oKumhs_-MMwGfWS9CfhcCvaXGA6w ;
MsgType : news ;
ArticleCount : 7 ;
Articles : Array ;

2017-04-06 20:16:02 trace :
------------
String:
<xml><ToUserName><![CDATA[gh_9ded809b0f7b]]></ToUserName>
<FromUserName><![CDATA[oKumhs_Vjol-1UPxPB1pV88LBOSg]]></FromUserName>
<CreateTime>1491480962</CreateTime>
<MsgType><![CDATA[event]]></MsgType>
<Event><![CDATA[unsubscribe]]></Event>
<EventKey><![CDATA[]]></EventKey>
</xml>

2017-04-06 20:16:58 trace :
------------
String:
<xml><ToUserName><![CDATA[gh_9ded809b0f7b]]></ToUserName>
<FromUserName><![CDATA[oKumhs4skJ5TkN3kC6o8nJkRA4lY]]></FromUserName>
<CreateTime>1491481018</CreateTime>
<MsgType><![CDATA[event]]></MsgType>
<Event><![CDATA[unsubscribe]]></Event>
<EventKey><![CDATA[]]></EventKey>
</xml>

2017-04-06 20:17:02 trace :
------------
String:
<xml><ToUserName><![CDATA[gh_9ded809b0f7b]]></ToUserName>
<FromUserName><![CDATA[oKumhs2IhAJuejb29sk6Nz1L_ZyE]]></FromUserName>
<CreateTime>1491481022</CreateTime>
<MsgType><![CDATA[event]]></MsgType>
<Event><![CDATA[WifiConnected]]></Event><ConnectTime>1491481022</ConnectTime><ExpireTime>0</ExpireTime><VendorId><![CDATA[3001224419]]></VendorId><ShopId><![CDATA[3780592]]></ShopId><DeviceNo><![CDATA[18:40:a4:a9:16:bb]]></DeviceNo></xml>

2017-04-06 20:17:02 params :
------------
Array:
message : Array ;
module : news ;
rule : 19 ;
priority : 0 ;
keyword : Array ;

2017-04-06 20:17:02 response :
------------
Array:
FromUserName : gh_9ded809b0f7b ;
ToUserName : oKumhs2IhAJuejb29sk6Nz1L_ZyE ;
MsgType : news ;
ArticleCount : 7 ;
Articles : Array ;

2017-04-06 20:18:26 trace :
------------
String:
<xml><ToUserName><![CDATA[gh_9ded809b0f7b]]></ToUserName>
<FromUserName><![CDATA[oKumhs9ecaupSQmf06BzQ2qjMzOY]]></FromUserName>
<CreateTime>1491481106</CreateTime>
<MsgType><![CDATA[event]]></MsgType>
<Event><![CDATA[unsubscribe]]></Event>
<EventKey><![CDATA[]]></EventKey>
</xml>

2017-04-06 20:18:44 trace :
------------
String:
<xml><ToUserName><![CDATA[gh_9ded809b0f7b]]></ToUserName>
<FromUserName><![CDATA[oKumhs2eUVm7b2PVlXLg5-1xZEMQ]]></FromUserName>
<CreateTime>1491481124</CreateTime>
<MsgType><![CDATA[event]]></MsgType>
<Event><![CDATA[unsubscribe]]></Event>
<EventKey><![CDATA[]]></EventKey>
</xml>

2017-04-06 20:18:46 trace :
------------
String:
<xml><ToUserName><![CDATA[gh_9ded809b0f7b]]></ToUserName>
<FromUserName><![CDATA[oKumhs-R1N0quPXoqV2-cXMPl2Es]]></FromUserName>
<CreateTime>1491481126</CreateTime>
<MsgType><![CDATA[event]]></MsgType>
<Event><![CDATA[unsubscribe]]></Event>
<EventKey><![CDATA[]]></EventKey>
</xml>

2017-04-06 20:19:55 trace :
------------
String:
<xml><ToUserName><![CDATA[gh_9ded809b0f7b]]></ToUserName>
<FromUserName><![CDATA[oKumhs1lBxgLa1sT8DhRItMvI2vI]]></FromUserName>
<CreateTime>1491481195</CreateTime>
<MsgType><![CDATA[event]]></MsgType>
<Event><![CDATA[unsubscribe]]></Event>
<EventKey><![CDATA[]]></EventKey>
</xml>

2017-04-06 20:23:28 trace :
------------
String:
<xml><ToUserName><![CDATA[gh_9ded809b0f7b]]></ToUserName>
<FromUserName><![CDATA[oKumhszoQORsdFOryaFQeM4jhIO0]]></FromUserName>
<CreateTime>1491481408</CreateTime>
<MsgType><![CDATA[event]]></MsgType>
<Event><![CDATA[WifiConnected]]></Event><ConnectTime>1491481408</ConnectTime><ExpireTime>0</ExpireTime><VendorId><![CDATA[3001224419]]></VendorId><ShopId><![CDATA[3794558]]></ShopId><DeviceNo><![CDATA[18:40:a4:a9:1d:18]]></DeviceNo></xml>

2017-04-06 20:23:28 params :
------------
Array:
message : Array ;
module : news ;
rule : 19 ;
priority : 0 ;
keyword : Array ;

2017-04-06 20:23:28 response :
------------
Array:
FromUserName : gh_9ded809b0f7b ;
ToUserName : oKumhszoQORsdFOryaFQeM4jhIO0 ;
MsgType : news ;
ArticleCount : 7 ;
Articles : Array ;

2017-04-06 20:23:33 trace :
------------
String:
<xml><ToUserName><![CDATA[gh_9ded809b0f7b]]></ToUserName>
<FromUserName><![CDATA[oKumhszoQORsdFOryaFQeM4jhIO0]]></FromUserName>
<CreateTime>1491481413</CreateTime>
<MsgType><![CDATA[event]]></MsgType>
<Event><![CDATA[subscribe]]></Event>
<EventKey><![CDATA[]]></EventKey>
</xml>

2017-04-06 20:23:33 params :
------------
Array:
message : Array ;
module : news ;
rule : 19 ;
priority : 0 ;
keyword : Array ;

2017-04-06 20:23:33 response :
------------
Array:
FromUserName : gh_9ded809b0f7b ;
ToUserName : oKumhszoQORsdFOryaFQeM4jhIO0 ;
MsgType : news ;
ArticleCount : 7 ;
Articles : Array ;

2017-04-06 20:30:52 trace :
------------
String:
<xml><ToUserName><![CDATA[gh_9ded809b0f7b]]></ToUserName>
<FromUserName><![CDATA[oKumhszUL9lyUUFFWadggXdG2k8U]]></FromUserName>
<CreateTime>1491481852</CreateTime>
<MsgType><![CDATA[event]]></MsgType>
<Event><![CDATA[WifiConnected]]></Event><ConnectTime>1491481851</ConnectTime><ExpireTime>0</ExpireTime><VendorId><![CDATA[3001224419]]></VendorId><ShopId><![CDATA[2478220]]></ShopId><DeviceNo><![CDATA[18:40:a4:a9:1d:15]]></DeviceNo></xml>

2017-04-06 20:30:52 params :
------------
Array:
message : Array ;
module : news ;
rule : 19 ;
priority : 0 ;
keyword : Array ;

2017-04-06 20:30:52 response :
------------
Array:
FromUserName : gh_9ded809b0f7b ;
ToUserName : oKumhszUL9lyUUFFWadggXdG2k8U ;
MsgType : news ;
ArticleCount : 7 ;
Articles : Array ;

2017-04-06 20:33:56 trace :
------------
String:
<xml><ToUserName><![CDATA[gh_9ded809b0f7b]]></ToUserName>
<FromUserName><![CDATA[oKumhs4JmQLxD_kWXVCtB8BR814E]]></FromUserName>
<CreateTime>1491482036</CreateTime>
<MsgType><![CDATA[event]]></MsgType>
<Event><![CDATA[unsubscribe]]></Event>
<EventKey><![CDATA[]]></EventKey>
</xml>

2017-04-06 20:34:50 trace :
------------
String:
<xml><ToUserName><![CDATA[gh_9ded809b0f7b]]></ToUserName>
<FromUserName><![CDATA[oKumhs_EGRjOIiGb7mFbrzhstSbw]]></FromUserName>
<CreateTime>1491482090</CreateTime>
<MsgType><![CDATA[event]]></MsgType>
<Event><![CDATA[WifiConnected]]></Event><ConnectTime>1491482090</ConnectTime><ExpireTime>0</ExpireTime><VendorId><![CDATA[3001224419]]></VendorId><ShopId><![CDATA[2622881]]></ShopId><DeviceNo><![CDATA[7a:d3:8d:e3:f7:69]]></DeviceNo></xml>

2017-04-06 20:34:50 params :
------------
Array:
message : Array ;
module : news ;
rule : 19 ;
priority : 0 ;
keyword : Array ;

2017-04-06 20:34:50 response :
------------
Array:
FromUserName : gh_9ded809b0f7b ;
ToUserName : oKumhs_EGRjOIiGb7mFbrzhstSbw ;
MsgType : news ;
ArticleCount : 7 ;
Articles : Array ;

2017-04-06 20:36:32 trace :
------------
String:
<xml><ToUserName><![CDATA[gh_9ded809b0f7b]]></ToUserName>
<FromUserName><![CDATA[oKumhsxic17wwTK7CFF73sLfsOT0]]></FromUserName>
<CreateTime>1491482192</CreateTime>
<MsgType><![CDATA[event]]></MsgType>
<Event><![CDATA[unsubscribe]]></Event>
<EventKey><![CDATA[]]></EventKey>
</xml>

2017-04-06 20:38:18 trace :
------------
String:
<xml><ToUserName><![CDATA[gh_9ded809b0f7b]]></ToUserName>
<FromUserName><![CDATA[oKumhs4t7GhNlxDiDq0twSw73jZs]]></FromUserName>
<CreateTime>1491482297</CreateTime>
<MsgType><![CDATA[event]]></MsgType>
<Event><![CDATA[WifiConnected]]></Event><ConnectTime>1491482297</ConnectTime><ExpireTime>0</ExpireTime><VendorId><![CDATA[3001224419]]></VendorId><ShopId><![CDATA[5640409]]></ShopId><DeviceNo><![CDATA[7a:d3:8d:d6:12:f1]]></DeviceNo></xml>

2017-04-06 20:38:18 params :
------------
Array:
message : Array ;
module : news ;
rule : 19 ;
priority : 0 ;
keyword : Array ;

2017-04-06 20:38:18 response :
------------
Array:
FromUserName : gh_9ded809b0f7b ;
ToUserName : oKumhs4t7GhNlxDiDq0twSw73jZs ;
MsgType : news ;
ArticleCount : 7 ;
Articles : Array ;

2017-04-06 20:38:34 trace :
------------
String:
<xml><ToUserName><![CDATA[gh_9ded809b0f7b]]></ToUserName>
<FromUserName><![CDATA[oKumhs4t7GhNlxDiDq0twSw73jZs]]></FromUserName>
<CreateTime>1491482313</CreateTime>
<MsgType><![CDATA[event]]></MsgType>
<Event><![CDATA[subscribe]]></Event>
<EventKey><![CDATA[]]></EventKey>
</xml>

2017-04-06 20:38:34 params :
------------
Array:
message : Array ;
module : news ;
rule : 19 ;
priority : 0 ;
keyword : Array ;

2017-04-06 20:38:34 response :
------------
Array:
FromUserName : gh_9ded809b0f7b ;
ToUserName : oKumhs4t7GhNlxDiDq0twSw73jZs ;
MsgType : news ;
ArticleCount : 7 ;
Articles : Array ;

2017-04-06 20:39:54 trace :
------------
String:
<xml><ToUserName><![CDATA[gh_9ded809b0f7b]]></ToUserName>
<FromUserName><![CDATA[oKumhs23rSb3nNOMrBkp7GZ1enzI]]></FromUserName>
<CreateTime>1491482394</CreateTime>
<MsgType><![CDATA[event]]></MsgType>
<Event><![CDATA[unsubscribe]]></Event>
<EventKey><![CDATA[]]></EventKey>
</xml>

2017-04-06 20:48:16 trace :
------------
String:
<xml><ToUserName><![CDATA[gh_9ded809b0f7b]]></ToUserName>
<FromUserName><![CDATA[oKumhs4jGCk0JeXoK1omA5h2lYlk]]></FromUserName>
<CreateTime>1491482896</CreateTime>
<MsgType><![CDATA[event]]></MsgType>
<Event><![CDATA[subscribe]]></Event>
<EventKey><![CDATA[]]></EventKey>
</xml>

2017-04-06 20:48:16 params :
------------
Array:
message : Array ;
module : news ;
rule : 19 ;
priority : 0 ;
keyword : Array ;

2017-04-06 20:48:16 response :
------------
Array:
FromUserName : gh_9ded809b0f7b ;
ToUserName : oKumhs4jGCk0JeXoK1omA5h2lYlk ;
MsgType : news ;
ArticleCount : 7 ;
Articles : Array ;

2017-04-06 20:55:01 trace :
------------
String:
<xml><ToUserName><![CDATA[gh_9ded809b0f7b]]></ToUserName>
<FromUserName><![CDATA[oKumhsz-uJIbj3HLzi2jJVJoeqm0]]></FromUserName>
<CreateTime>1491483301</CreateTime>
<MsgType><![CDATA[event]]></MsgType>
<Event><![CDATA[unsubscribe]]></Event>
<EventKey><![CDATA[]]></EventKey>
</xml>

2017-04-06 20:55:20 trace :
------------
String:
<xml><ToUserName><![CDATA[gh_9ded809b0f7b]]></ToUserName>
<FromUserName><![CDATA[oKumhs1-3EPh0Hj_LT04_icoWNAI]]></FromUserName>
<CreateTime>1491483320</CreateTime>
<MsgType><![CDATA[event]]></MsgType>
<Event><![CDATA[unsubscribe]]></Event>
<EventKey><![CDATA[]]></EventKey>
</xml>

2017-04-06 20:56:11 trace :
------------
String:
<xml><ToUserName><![CDATA[gh_9ded809b0f7b]]></ToUserName>
<FromUserName><![CDATA[oKumhs7URjemzEM6IpUfj99KgaFw]]></FromUserName>
<CreateTime>1491483371</CreateTime>
<MsgType><![CDATA[event]]></MsgType>
<Event><![CDATA[WifiConnected]]></Event><ConnectTime>1491483371</ConnectTime><ExpireTime>0</ExpireTime><VendorId><![CDATA[3001224419]]></VendorId><ShopId><![CDATA[5640409]]></ShopId><DeviceNo><![CDATA[78:d3:8d:e3:f1:36]]></DeviceNo></xml>

2017-04-06 20:56:11 params :
------------
Array:
message : Array ;
module : news ;
rule : 19 ;
priority : 0 ;
keyword : Array ;

2017-04-06 20:56:11 response :
------------
Array:
FromUserName : gh_9ded809b0f7b ;
ToUserName : oKumhs7URjemzEM6IpUfj99KgaFw ;
MsgType : news ;
ArticleCount : 7 ;
Articles : Array ;

2017-04-06 21:01:46 trace :
------------
String:
<xml><ToUserName><![CDATA[gh_9ded809b0f7b]]></ToUserName>
<FromUserName><![CDATA[oKumhsywtGvx3ty6cadDDAH3ArHw]]></FromUserName>
<CreateTime>1491483706</CreateTime>
<MsgType><![CDATA[event]]></MsgType>
<Event><![CDATA[unsubscribe]]></Event>
<EventKey><![CDATA[]]></EventKey>
</xml>

2017-04-06 21:04:59 trace :
------------
String:
<xml><ToUserName><![CDATA[gh_9ded809b0f7b]]></ToUserName>
<FromUserName><![CDATA[oKumhs8R4k76nqIziLIUIyX1WEuI]]></FromUserName>
<CreateTime>1491483899</CreateTime>
<MsgType><![CDATA[event]]></MsgType>
<Event><![CDATA[VIEW]]></Event>
<EventKey><![CDATA[http://shanghai.xyj0772.com/app/index.php?i=1&c=entry&do=orderlist&m=weisrc_dish]]></EventKey>
<MenuId>412125368</MenuId>
</xml>

2017-04-06 21:04:59 params :
------------
Array:
message : Array ;
module : news ;
rule : 19 ;
priority : 0 ;
keyword : Array ;

2017-04-06 21:04:59 response :
------------
Array:
FromUserName : gh_9ded809b0f7b ;
ToUserName : oKumhs8R4k76nqIziLIUIyX1WEuI ;
MsgType : news ;
ArticleCount : 7 ;
Articles : Array ;

2017-04-06 21:08:19 trace :
------------
String:
<xml><ToUserName><![CDATA[gh_9ded809b0f7b]]></ToUserName>
<FromUserName><![CDATA[oKumhs4oHz3pHIZJpfdlG1P-GtOc]]></FromUserName>
<CreateTime>1491484099</CreateTime>
<MsgType><![CDATA[event]]></MsgType>
<Event><![CDATA[VIEW]]></Event>
<EventKey><![CDATA[http://mp.weixin.qq.com/s?__biz=MzAxMzczMjY1MA==&mid=401795531&idx=1&sn=767109251ee6ba1539f9c2c843e06ef2&scene=18#rd]]></EventKey>
<MenuId>412125368</MenuId>
</xml>

2017-04-06 21:08:19 params :
------------
Array:
message : Array ;
module : news ;
rule : 19 ;
priority : 0 ;
keyword : Array ;

2017-04-06 21:08:19 response :
------------
Array:
FromUserName : gh_9ded809b0f7b ;
ToUserName : oKumhs4oHz3pHIZJpfdlG1P-GtOc ;
MsgType : news ;
ArticleCount : 7 ;
Articles : Array ;

2017-04-06 21:08:29 trace :
------------
String:
<xml><ToUserName><![CDATA[gh_9ded809b0f7b]]></ToUserName>
<FromUserName><![CDATA[oKumhs1CowK4Q6ny3c5akmkQrb-Q]]></FromUserName>
<CreateTime>1491484109</CreateTime>
<MsgType><![CDATA[event]]></MsgType>
<Event><![CDATA[scancode_push]]></Event>
<EventKey><![CDATA[11]]></EventKey>
<ScanCodeInfo><ScanType><![CDATA[qrcode]]></ScanType>
<ScanResult><![CDATA[http://mm.dianping.com/hui/mm/shop?shopId=69651948&flag=wx]]></ScanResult>
</ScanCodeInfo>
</xml>

2017-04-06 21:08:29 params :
------------
Array:
message : Array ;
module : meepo_bigerwall ;
rule : 21 ;
priority : 0 ;
keyword : Array ;

2017-04-06 21:08:29 response :
------------
Array:
FromUserName : gh_9ded809b0f7b ;
ToUserName : oKumhs1CowK4Q6ny3c5akmkQrb-Q ;
MsgType : text ;
Content : 请参照使用说明设置图文消息触发！ ;

2017-04-06 21:08:29 trace :
------------
String:
<xml><ToUserName><![CDATA[gh_9ded809b0f7b]]></ToUserName>
<FromUserName><![CDATA[oKumhs1CowK4Q6ny3c5akmkQrb-Q]]></FromUserName>
<CreateTime>1491484109</CreateTime>
<MsgType><![CDATA[event]]></MsgType>
<Event><![CDATA[scancode_push]]></Event>
<EventKey><![CDATA[11]]></EventKey>
<ScanCodeInfo><ScanType><![CDATA[qrcode]]></ScanType>
<ScanResult><![CDATA[http://mm.dianping.com/hui/mm/shop?shopId=69651948&flag=wx]]></ScanResult>
</ScanCodeInfo>
</xml>

2017-04-06 21:08:29 params :
------------
Array:
message : Array ;
module : meepo_bigerwall ;
rule : 21 ;
priority : 0 ;
keyword : Array ;

2017-04-06 21:08:29 response :
------------
Array:
FromUserName : gh_9ded809b0f7b ;
ToUserName : oKumhs1CowK4Q6ny3c5akmkQrb-Q ;
MsgType : text ;
Content : 请参照使用说明设置图文消息触发！ ;

2017-04-06 21:09:55 trace :
------------
String:
<xml><ToUserName><![CDATA[gh_9ded809b0f7b]]></ToUserName>
<FromUserName><![CDATA[oKumhs4oHz3pHIZJpfdlG1P-GtOc]]></FromUserName>
<CreateTime>1491484195</CreateTime>
<MsgType><![CDATA[event]]></MsgType>
<Event><![CDATA[VIEW]]></Event>
<EventKey><![CDATA[http://mp.weixin.qq.com/s?__biz=MzAxMzczMjY1MA==&mid=401795531&idx=1&sn=767109251ee6ba1539f9c2c843e06ef2&scene=18#rd]]></EventKey>
<MenuId>412125368</MenuId>
</xml>

2017-04-06 21:09:55 params :
------------
Array:
message : Array ;
module : news ;
rule : 19 ;
priority : 0 ;
keyword : Array ;

2017-04-06 21:09:55 response :
------------
Array:
FromUserName : gh_9ded809b0f7b ;
ToUserName : oKumhs4oHz3pHIZJpfdlG1P-GtOc ;
MsgType : news ;
ArticleCount : 7 ;
Articles : Array ;

2017-04-06 21:11:08 trace :
------------
String:
<xml><ToUserName><![CDATA[gh_9ded809b0f7b]]></ToUserName>
<FromUserName><![CDATA[oKumhsy3sma1LTUTsV66g0_vEIv0]]></FromUserName>
<CreateTime>1491484267</CreateTime>
<MsgType><![CDATA[event]]></MsgType>
<Event><![CDATA[subscribe]]></Event>
<EventKey><![CDATA[]]></EventKey>
</xml>

2017-04-06 21:11:08 params :
------------
Array:
message : Array ;
module : news ;
rule : 19 ;
priority : 0 ;
keyword : Array ;

2017-04-06 21:11:08 response :
------------
Array:
FromUserName : gh_9ded809b0f7b ;
ToUserName : oKumhsy3sma1LTUTsV66g0_vEIv0 ;
MsgType : news ;
ArticleCount : 7 ;
Articles : Array ;

2017-04-06 21:11:13 trace :
------------
String:
<xml><ToUserName><![CDATA[gh_9ded809b0f7b]]></ToUserName>
<FromUserName><![CDATA[oKumhsy3sma1LTUTsV66g0_vEIv0]]></FromUserName>
<CreateTime>1491484273</CreateTime>
<MsgType><![CDATA[event]]></MsgType>
<Event><![CDATA[VIEW]]></Event>
<EventKey><![CDATA[http://shanghai.xyj0772.com/app/index.php?i=1&c=entry&do=orderlist&m=weisrc_dish]]></EventKey>
<MenuId>412125368</MenuId>
</xml>

2017-04-06 21:11:13 params :
------------
Array:
message : Array ;
module : news ;
rule : 19 ;
priority : 0 ;
keyword : Array ;

2017-04-06 21:11:13 response :
------------
Array:
FromUserName : gh_9ded809b0f7b ;
ToUserName : oKumhsy3sma1LTUTsV66g0_vEIv0 ;
MsgType : news ;
ArticleCount : 7 ;
Articles : Array ;

2017-04-06 21:12:22 trace :
------------
String:
<xml><ToUserName><![CDATA[gh_9ded809b0f7b]]></ToUserName>
<FromUserName><![CDATA[oKumhsy3sma1LTUTsV66g0_vEIv0]]></FromUserName>
<CreateTime>1491484342</CreateTime>
<MsgType><![CDATA[event]]></MsgType>
<Event><![CDATA[VIEW]]></Event>
<EventKey><![CDATA[http://shanghai.xyj0772.com/app/index.php?i=1&c=entry&do=orderlist&m=weisrc_dish]]></EventKey>
<MenuId>412125368</MenuId>
</xml>

2017-04-06 21:12:22 params :
------------
Array:
message : Array ;
module : news ;
rule : 19 ;
priority : 0 ;
keyword : Array ;

2017-04-06 21:12:22 response :
------------
Array:
FromUserName : gh_9ded809b0f7b ;
ToUserName : oKumhsy3sma1LTUTsV66g0_vEIv0 ;
MsgType : news ;
ArticleCount : 7 ;
Articles : Array ;

2017-04-06 21:14:17 trace :
------------
String:
<xml><ToUserName><![CDATA[gh_9ded809b0f7b]]></ToUserName>
<FromUserName><![CDATA[oKumhs6VTlqIXRBfmRdDBp57F9gw]]></FromUserName>
<CreateTime>1491484457</CreateTime>
<MsgType><![CDATA[event]]></MsgType>
<Event><![CDATA[VIEW]]></Event>
<EventKey><![CDATA[http://mp.weixin.qq.com/s?__biz=MzAxMzczMjY1MA==&mid=401783638&idx=1&sn=5292c8ebdf4870b294a96f268b63ec0b&chksm=099805133eef8c054146f605e20e490ca22ab712265712873b2309fcff4dc1316f43ed65f75a&scene=18#rd]]></EventKey>
<MenuId>412125368</MenuId>
</xml>

2017-04-06 21:14:17 params :
------------
Array:
message : Array ;
module : news ;
rule : 19 ;
priority : 0 ;
keyword : Array ;

2017-04-06 21:14:17 response :
------------
Array:
FromUserName : gh_9ded809b0f7b ;
ToUserName : oKumhs6VTlqIXRBfmRdDBp57F9gw ;
MsgType : news ;
ArticleCount : 7 ;
Articles : Array ;

2017-04-06 21:15:50 trace :
------------
String:
<xml><ToUserName><![CDATA[gh_9ded809b0f7b]]></ToUserName>
<FromUserName><![CDATA[oKumhs__wKcM6y-J-k5oMLCdnxEE]]></FromUserName>
<CreateTime>1491484550</CreateTime>
<MsgType><![CDATA[event]]></MsgType>
<Event><![CDATA[VIEW]]></Event>
<EventKey><![CDATA[http://mp.weixin.qq.com/s?__biz=MzAxMzczMjY1MA==&mid=401783638&idx=1&sn=5292c8ebdf4870b294a96f268b63ec0b&chksm=099805133eef8c054146f605e20e490ca22ab712265712873b2309fcff4dc1316f43ed65f75a&scene=18#rd]]></EventKey>
<MenuId>412125368</MenuId>
</xml>

2017-04-06 21:15:50 params :
------------
Array:
message : Array ;
module : news ;
rule : 19 ;
priority : 0 ;
keyword : Array ;

2017-04-06 21:15:50 response :
------------
Array:
FromUserName : gh_9ded809b0f7b ;
ToUserName : oKumhs__wKcM6y-J-k5oMLCdnxEE ;
MsgType : news ;
ArticleCount : 7 ;
Articles : Array ;

2017-04-06 21:17:15 trace :
------------
String:
<xml><ToUserName><![CDATA[gh_9ded809b0f7b]]></ToUserName>
<FromUserName><![CDATA[oKumhszGEPNzlnUd3zRz0FfJ0vQU]]></FromUserName>
<CreateTime>1491484635</CreateTime>
<MsgType><![CDATA[event]]></MsgType>
<Event><![CDATA[unsubscribe]]></Event>
<EventKey><![CDATA[]]></EventKey>
</xml>

2017-04-06 21:17:25 trace :
------------
String:
<xml><ToUserName><![CDATA[gh_9ded809b0f7b]]></ToUserName>
<FromUserName><![CDATA[oKumhs94JQqyPkgI6JiPCBhJtAPc]]></FromUserName>
<CreateTime>1491484645</CreateTime>
<MsgType><![CDATA[event]]></MsgType>
<Event><![CDATA[WifiConnected]]></Event><ConnectTime>1491484645</ConnectTime><ExpireTime>0</ExpireTime><VendorId><![CDATA[3001224419]]></VendorId><ShopId><![CDATA[5640409]]></ShopId><DeviceNo><![CDATA[78:d3:8d:e3:f1:36]]></DeviceNo></xml>

2017-04-06 21:17:25 params :
------------
Array:
message : Array ;
module : news ;
rule : 19 ;
priority : 0 ;
keyword : Array ;

2017-04-06 21:17:25 response :
------------
Array:
FromUserName : gh_9ded809b0f7b ;
ToUserName : oKumhs94JQqyPkgI6JiPCBhJtAPc ;
MsgType : news ;
ArticleCount : 7 ;
Articles : Array ;

2017-04-06 21:17:34 trace :
------------
String:
<xml><ToUserName><![CDATA[gh_9ded809b0f7b]]></ToUserName>
<FromUserName><![CDATA[oKumhs94JQqyPkgI6JiPCBhJtAPc]]></FromUserName>
<CreateTime>1491484654</CreateTime>
<MsgType><![CDATA[event]]></MsgType>
<Event><![CDATA[subscribe]]></Event>
<EventKey><![CDATA[]]></EventKey>
</xml>

2017-04-06 21:17:34 params :
------------
Array:
message : Array ;
module : news ;
rule : 19 ;
priority : 0 ;
keyword : Array ;

2017-04-06 21:17:34 response :
------------
Array:
FromUserName : gh_9ded809b0f7b ;
ToUserName : oKumhs94JQqyPkgI6JiPCBhJtAPc ;
MsgType : news ;
ArticleCount : 7 ;
Articles : Array ;

2017-04-06 21:18:49 trace :
------------
String:
<xml><ToUserName><![CDATA[gh_9ded809b0f7b]]></ToUserName>
<FromUserName><![CDATA[oKumhs7ka95o6gwo7BipznAlmG7g]]></FromUserName>
<CreateTime>1491484729</CreateTime>
<MsgType><![CDATA[event]]></MsgType>
<Event><![CDATA[VIEW]]></Event>
<EventKey><![CDATA[http://shanghai.xyj0772.com/app/index.php?i=1&c=entry&do=orderlist&m=weisrc_dish]]></EventKey>
<MenuId>412125368</MenuId>
</xml>

2017-04-06 21:18:49 params :
------------
Array:
message : Array ;
module : news ;
rule : 19 ;
priority : 0 ;
keyword : Array ;

2017-04-06 21:18:49 response :
------------
Array:
FromUserName : gh_9ded809b0f7b ;
ToUserName : oKumhs7ka95o6gwo7BipznAlmG7g ;
MsgType : news ;
ArticleCount : 7 ;
Articles : Array ;

2017-04-06 21:20:31 trace :
------------
String:
<xml><ToUserName><![CDATA[gh_9ded809b0f7b]]></ToUserName>
<FromUserName><![CDATA[oKumhsy3sma1LTUTsV66g0_vEIv0]]></FromUserName>
<CreateTime>1491484830</CreateTime>
<MsgType><![CDATA[event]]></MsgType>
<Event><![CDATA[VIEW]]></Event>
<EventKey><![CDATA[http://shanghai.xyj0772.com/app/index.php?i=1&c=entry&do=orderlist&m=weisrc_dish]]></EventKey>
<MenuId>412125368</MenuId>
</xml>

2017-04-06 21:20:31 params :
------------
Array:
message : Array ;
module : news ;
rule : 19 ;
priority : 0 ;
keyword : Array ;

2017-04-06 21:20:31 response :
------------
Array:
FromUserName : gh_9ded809b0f7b ;
ToUserName : oKumhsy3sma1LTUTsV66g0_vEIv0 ;
MsgType : news ;
ArticleCount : 7 ;
Articles : Array ;

2017-04-06 21:23:34 trace :
------------
String:
<xml><ToUserName><![CDATA[gh_9ded809b0f7b]]></ToUserName>
<FromUserName><![CDATA[oKumhs_thcGCvD0En6BSX0w0q6aU]]></FromUserName>
<CreateTime>1491485014</CreateTime>
<MsgType><![CDATA[event]]></MsgType>
<Event><![CDATA[WifiConnected]]></Event><ConnectTime>1491485014</ConnectTime><ExpireTime>0</ExpireTime><VendorId><![CDATA[3001224419]]></VendorId><ShopId><![CDATA[2478220]]></ShopId><DeviceNo><![CDATA[18:40:a4:a9:1d:15]]></DeviceNo></xml>

2017-04-06 21:23:34 params :
------------
Array:
message : Array ;
module : news ;
rule : 19 ;
priority : 0 ;
keyword : Array ;

2017-04-06 21:23:34 response :
------------
Array:
FromUserName : gh_9ded809b0f7b ;
ToUserName : oKumhs_thcGCvD0En6BSX0w0q6aU ;
MsgType : news ;
ArticleCount : 7 ;
Articles : Array ;

2017-04-06 21:23:55 trace :
------------
String:
<xml><ToUserName><![CDATA[gh_9ded809b0f7b]]></ToUserName>
<FromUserName><![CDATA[oKumhs4oHz3pHIZJpfdlG1P-GtOc]]></FromUserName>
<CreateTime>1491485034</CreateTime>
<MsgType><![CDATA[event]]></MsgType>
<Event><![CDATA[VIEW]]></Event>
<EventKey><![CDATA[http://mp.weixin.qq.com/s?__biz=MzAxMzczMjY1MA==&mid=401795531&idx=1&sn=767109251ee6ba1539f9c2c843e06ef2&scene=18#rd]]></EventKey>
<MenuId>412125368</MenuId>
</xml>

2017-04-06 21:23:55 params :
------------
Array:
message : Array ;
module : news ;
rule : 19 ;
priority : 0 ;
keyword : Array ;

2017-04-06 21:23:55 response :
------------
Array:
FromUserName : gh_9ded809b0f7b ;
ToUserName : oKumhs4oHz3pHIZJpfdlG1P-GtOc ;
MsgType : news ;
ArticleCount : 7 ;
Articles : Array ;

2017-04-06 21:27:44 trace :
------------
String:
<xml><ToUserName><![CDATA[gh_9ded809b0f7b]]></ToUserName>
<FromUserName><![CDATA[oKumhsxNBWJWdnwxcpY_ZIh6DJNQ]]></FromUserName>
<CreateTime>1491485264</CreateTime>
<MsgType><![CDATA[event]]></MsgType>
<Event><![CDATA[VIEW]]></Event>
<EventKey><![CDATA[http://shanghai.xyj0772.com/app/index.php?i=1&c=entry&do=orderlist&m=weisrc_dish]]></EventKey>
<MenuId>412125368</MenuId>
</xml>

2017-04-06 21:27:44 params :
------------
Array:
message : Array ;
module : news ;
rule : 19 ;
priority : 0 ;
keyword : Array ;

2017-04-06 21:27:44 response :
------------
Array:
FromUserName : gh_9ded809b0f7b ;
ToUserName : oKumhsxNBWJWdnwxcpY_ZIh6DJNQ ;
MsgType : news ;
ArticleCount : 7 ;
Articles : Array ;

2017-04-06 21:28:34 trace :
------------
String:
<xml><ToUserName><![CDATA[gh_9ded809b0f7b]]></ToUserName>
<FromUserName><![CDATA[oKumhs6Vc3pou4Bqku8qj1XlO8z4]]></FromUserName>
<CreateTime>1491485314</CreateTime>
<MsgType><![CDATA[event]]></MsgType>
<Event><![CDATA[unsubscribe]]></Event>
<EventKey><![CDATA[]]></EventKey>
</xml>

2017-04-06 21:29:40 trace :
------------
String:
<xml><ToUserName><![CDATA[gh_9ded809b0f7b]]></ToUserName>
<FromUserName><![CDATA[oKumhsyI17wb0D3a2A12jgwJrwZs]]></FromUserName>
<CreateTime>1491485380</CreateTime>
<MsgType><![CDATA[event]]></MsgType>
<Event><![CDATA[unsubscribe]]></Event>
<EventKey><![CDATA[]]></EventKey>
</xml>

2017-04-06 21:30:16 trace :
------------
String:
<xml><ToUserName><![CDATA[gh_9ded809b0f7b]]></ToUserName>
<FromUserName><![CDATA[oKumhs4oHz3pHIZJpfdlG1P-GtOc]]></FromUserName>
<CreateTime>1491485416</CreateTime>
<MsgType><![CDATA[event]]></MsgType>
<Event><![CDATA[VIEW]]></Event>
<EventKey><![CDATA[http://mp.weixin.qq.com/s?__biz=MzAxMzczMjY1MA==&mid=401783638&idx=1&sn=5292c8ebdf4870b294a96f268b63ec0b&chksm=099805133eef8c054146f605e20e490ca22ab712265712873b2309fcff4dc1316f43ed65f75a&scene=18#rd]]></EventKey>
<MenuId>412125368</MenuId>
</xml>

2017-04-06 21:30:16 params :
------------
Array:
message : Array ;
module : news ;
rule : 19 ;
priority : 0 ;
keyword : Array ;

2017-04-06 21:30:16 response :
------------
Array:
FromUserName : gh_9ded809b0f7b ;
ToUserName : oKumhs4oHz3pHIZJpfdlG1P-GtOc ;
MsgType : news ;
ArticleCount : 7 ;
Articles : Array ;

2017-04-06 21:33:36 trace :
------------
String:
<xml><ToUserName><![CDATA[gh_9ded809b0f7b]]></ToUserName>
<FromUserName><![CDATA[oKumhsxV3NcsOOeO81qzyI-Wh3uE]]></FromUserName>
<CreateTime>1491485616</CreateTime>
<MsgType><![CDATA[event]]></MsgType>
<Event><![CDATA[VIEW]]></Event>
<EventKey><![CDATA[http://m.youku.com/video/id_XMjUwNTU3NTQ3Ng==.html?spm=a2hzp.8253869.0.0&from=y1.7-2]]></EventKey>
<MenuId>412125368</MenuId>
</xml>

2017-04-06 21:33:36 params :
------------
Array:
message : Array ;
module : news ;
rule : 19 ;
priority : 0 ;
keyword : Array ;

2017-04-06 21:33:36 response :
------------
Array:
FromUserName : gh_9ded809b0f7b ;
ToUserName : oKumhsxV3NcsOOeO81qzyI-Wh3uE ;
MsgType : news ;
ArticleCount : 7 ;
Articles : Array ;

2017-04-06 21:36:05 trace :
------------
String:
<xml><ToUserName><![CDATA[gh_9ded809b0f7b]]></ToUserName>
<FromUserName><![CDATA[oKumhs4oHz3pHIZJpfdlG1P-GtOc]]></FromUserName>
<CreateTime>1491485765</CreateTime>
<MsgType><![CDATA[event]]></MsgType>
<Event><![CDATA[VIEW]]></Event>
<EventKey><![CDATA[http://mp.weixin.qq.com/s?__biz=MzAxMzczMjY1MA==&mid=401783638&idx=1&sn=5292c8ebdf4870b294a96f268b63ec0b&chksm=099805133eef8c054146f605e20e490ca22ab712265712873b2309fcff4dc1316f43ed65f75a&scene=18#rd]]></EventKey>
<MenuId>412125368</MenuId>
</xml>

2017-04-06 21:36:05 params :
------------
Array:
message : Array ;
module : news ;
rule : 19 ;
priority : 0 ;
keyword : Array ;

2017-04-06 21:36:05 response :
------------
Array:
FromUserName : gh_9ded809b0f7b ;
ToUserName : oKumhs4oHz3pHIZJpfdlG1P-GtOc ;
MsgType : news ;
ArticleCount : 7 ;
Articles : Array ;

2017-04-06 21:36:50 trace :
------------
String:
<xml><ToUserName><![CDATA[gh_9ded809b0f7b]]></ToUserName>
<FromUserName><![CDATA[oKumhs3GZ2EfAPheg12nP7iTUijk]]></FromUserName>
<CreateTime>1491485810</CreateTime>
<MsgType><![CDATA[event]]></MsgType>
<Event><![CDATA[WifiConnected]]></Event><ConnectTime>1491485810</ConnectTime><ExpireTime>0</ExpireTime><VendorId><![CDATA[3001224419]]></VendorId><ShopId><![CDATA[5530490]]></ShopId><DeviceNo><![CDATA[78:d3:8d:e3:f1:18]]></DeviceNo></xml>

2017-04-06 21:36:50 params :
------------
Array:
message : Array ;
module : news ;
rule : 19 ;
priority : 0 ;
keyword : Array ;

2017-04-06 21:36:50 response :
------------
Array:
FromUserName : gh_9ded809b0f7b ;
ToUserName : oKumhs3GZ2EfAPheg12nP7iTUijk ;
MsgType : news ;
ArticleCount : 7 ;
Articles : Array ;

2017-04-06 21:36:54 trace :
------------
String:
<xml><ToUserName><![CDATA[gh_9ded809b0f7b]]></ToUserName>
<FromUserName><![CDATA[oKumhs3GZ2EfAPheg12nP7iTUijk]]></FromUserName>
<CreateTime>1491485814</CreateTime>
<MsgType><![CDATA[event]]></MsgType>
<Event><![CDATA[subscribe]]></Event>
<EventKey><![CDATA[]]></EventKey>
</xml>

2017-04-06 21:36:54 params :
------------
Array:
message : Array ;
module : news ;
rule : 19 ;
priority : 0 ;
keyword : Array ;

2017-04-06 21:36:54 response :
------------
Array:
FromUserName : gh_9ded809b0f7b ;
ToUserName : oKumhs3GZ2EfAPheg12nP7iTUijk ;
MsgType : news ;
ArticleCount : 7 ;
Articles : Array ;

2017-04-06 21:45:39 trace :
------------
String:
<xml><ToUserName><![CDATA[gh_9ded809b0f7b]]></ToUserName>
<FromUserName><![CDATA[oKumhs5cY_ZFWVSXudnZJdVPmpQg]]></FromUserName>
<CreateTime>1491486339</CreateTime>
<MsgType><![CDATA[event]]></MsgType>
<Event><![CDATA[WifiConnected]]></Event><ConnectTime>1491486339</ConnectTime><ExpireTime>0</ExpireTime><VendorId><![CDATA[3001224419]]></VendorId><ShopId><![CDATA[5530490]]></ShopId><DeviceNo><![CDATA[78:d3:8d:e3:f1:18]]></DeviceNo></xml>

2017-04-06 21:45:39 params :
------------
Array:
message : Array ;
module : news ;
rule : 19 ;
priority : 0 ;
keyword : Array ;

2017-04-06 21:45:39 response :
------------
Array:
FromUserName : gh_9ded809b0f7b ;
ToUserName : oKumhs5cY_ZFWVSXudnZJdVPmpQg ;
MsgType : news ;
ArticleCount : 7 ;
Articles : Array ;

2017-04-06 21:45:43 trace :
------------
String:
<xml><ToUserName><![CDATA[gh_9ded809b0f7b]]></ToUserName>
<FromUserName><![CDATA[oKumhs5cY_ZFWVSXudnZJdVPmpQg]]></FromUserName>
<CreateTime>1491486343</CreateTime>
<MsgType><![CDATA[event]]></MsgType>
<Event><![CDATA[subscribe]]></Event>
<EventKey><![CDATA[]]></EventKey>
</xml>

2017-04-06 21:45:43 params :
------------
Array:
message : Array ;
module : news ;
rule : 19 ;
priority : 0 ;
keyword : Array ;

2017-04-06 21:45:43 response :
------------
Array:
FromUserName : gh_9ded809b0f7b ;
ToUserName : oKumhs5cY_ZFWVSXudnZJdVPmpQg ;
MsgType : news ;
ArticleCount : 7 ;
Articles : Array ;

2017-04-06 21:46:39 trace :
------------
String:
<xml><ToUserName><![CDATA[gh_9ded809b0f7b]]></ToUserName>
<FromUserName><![CDATA[oKumhszu0AK3BcW64C0kzFbsCK18]]></FromUserName>
<CreateTime>1491486399</CreateTime>
<MsgType><![CDATA[event]]></MsgType>
<Event><![CDATA[unsubscribe]]></Event>
<EventKey><![CDATA[]]></EventKey>
</xml>

2017-04-06 21:56:39 trace :
------------
String:
<xml><ToUserName><![CDATA[gh_9ded809b0f7b]]></ToUserName>
<FromUserName><![CDATA[oKumhs7MbEza6gdkUNxRxt-Sb31I]]></FromUserName>
<CreateTime>1491486999</CreateTime>
<MsgType><![CDATA[event]]></MsgType>
<Event><![CDATA[WifiConnected]]></Event><ConnectTime>1491486999</ConnectTime><ExpireTime>0</ExpireTime><VendorId><![CDATA[3001224419]]></VendorId><ShopId><![CDATA[3794558]]></ShopId><DeviceNo><![CDATA[18:40:a4:a9:1d:18]]></DeviceNo></xml>

2017-04-06 21:56:39 params :
------------
Array:
message : Array ;
module : news ;
rule : 19 ;
priority : 0 ;
keyword : Array ;

2017-04-06 21:56:39 response :
------------
Array:
FromUserName : gh_9ded809b0f7b ;
ToUserName : oKumhs7MbEza6gdkUNxRxt-Sb31I ;
MsgType : news ;
ArticleCount : 7 ;
Articles : Array ;

2017-04-06 22:01:54 trace :
------------
String:
<xml><ToUserName><![CDATA[gh_9ded809b0f7b]]></ToUserName>
<FromUserName><![CDATA[oKumhs8fEL6UW-33ujA4a8fU5zI0]]></FromUserName>
<CreateTime>1491487314</CreateTime>
<MsgType><![CDATA[event]]></MsgType>
<Event><![CDATA[WifiConnected]]></Event><ConnectTime>1491487314</ConnectTime><ExpireTime>0</ExpireTime><VendorId><![CDATA[3001224419]]></VendorId><ShopId><![CDATA[5640409]]></ShopId><DeviceNo><![CDATA[7a:d3:8d:d6:12:f1]]></DeviceNo></xml>

2017-04-06 22:01:54 params :
------------
Array:
message : Array ;
module : news ;
rule : 19 ;
priority : 0 ;
keyword : Array ;

2017-04-06 22:01:54 response :
------------
Array:
FromUserName : gh_9ded809b0f7b ;
ToUserName : oKumhs8fEL6UW-33ujA4a8fU5zI0 ;
MsgType : news ;
ArticleCount : 7 ;
Articles : Array ;

2017-04-06 22:04:07 trace :
------------
String:
<xml><ToUserName><![CDATA[gh_9ded809b0f7b]]></ToUserName>
<FromUserName><![CDATA[oKumhs9gqB25eE9ACZDTiG-xSTrk]]></FromUserName>
<CreateTime>1491487447</CreateTime>
<MsgType><![CDATA[event]]></MsgType>
<Event><![CDATA[VIEW]]></Event>
<EventKey><![CDATA[http://shanghai.xyj0772.com/app/index.php?i=1&c=entry&do=orderlist&m=weisrc_dish]]></EventKey>
<MenuId>412125368</MenuId>
</xml>

2017-04-06 22:04:07 params :
------------
Array:
message : Array ;
module : news ;
rule : 19 ;
priority : 0 ;
keyword : Array ;

2017-04-06 22:04:07 response :
------------
Array:
FromUserName : gh_9ded809b0f7b ;
ToUserName : oKumhs9gqB25eE9ACZDTiG-xSTrk ;
MsgType : news ;
ArticleCount : 7 ;
Articles : Array ;

2017-04-06 22:04:49 trace :
------------
String:
<xml><ToUserName><![CDATA[gh_9ded809b0f7b]]></ToUserName>
<FromUserName><![CDATA[oKumhs23T6cuqedp1UHTvF4deL5o]]></FromUserName>
<CreateTime>1491487489</CreateTime>
<MsgType><![CDATA[event]]></MsgType>
<Event><![CDATA[unsubscribe]]></Event>
<EventKey><![CDATA[]]></EventKey>
</xml>

2017-04-06 22:07:28 trace :
------------
String:
<xml><ToUserName><![CDATA[gh_9ded809b0f7b]]></ToUserName>
<FromUserName><![CDATA[oKumhs4dK71lHrAXTkYZJD07CYUE]]></FromUserName>
<CreateTime>1491487648</CreateTime>
<MsgType><![CDATA[event]]></MsgType>
<Event><![CDATA[WifiConnected]]></Event><ConnectTime>1491487648</ConnectTime><ExpireTime>0</ExpireTime><VendorId><![CDATA[3001224419]]></VendorId><ShopId><![CDATA[3818899]]></ShopId><DeviceNo><![CDATA[78:d3:8d:df:b0:f8]]></DeviceNo></xml>

2017-04-06 22:07:28 params :
------------
Array:
message : Array ;
module : news ;
rule : 19 ;
priority : 0 ;
keyword : Array ;

2017-04-06 22:07:28 response :
------------
Array:
FromUserName : gh_9ded809b0f7b ;
ToUserName : oKumhs4dK71lHrAXTkYZJD07CYUE ;
MsgType : news ;
ArticleCount : 7 ;
Articles : Array ;

2017-04-06 22:12:26 trace :
------------
String:
<xml><ToUserName><![CDATA[gh_9ded809b0f7b]]></ToUserName>
<FromUserName><![CDATA[oKumhsxwuQevaUbWKGC4i2L4d4r4]]></FromUserName>
<CreateTime>1491487946</CreateTime>
<MsgType><![CDATA[event]]></MsgType>
<Event><![CDATA[unsubscribe]]></Event>
<EventKey><![CDATA[]]></EventKey>
</xml>

2017-04-06 22:24:54 trace :
------------
String:
<xml><ToUserName><![CDATA[gh_9ded809b0f7b]]></ToUserName>
<FromUserName><![CDATA[oKumhs1nXYlVgXjqQLX9hvPGY7aA]]></FromUserName>
<CreateTime>1491488694</CreateTime>
<MsgType><![CDATA[event]]></MsgType>
<Event><![CDATA[WifiConnected]]></Event><ConnectTime>1491488694</ConnectTime><ExpireTime>0</ExpireTime><VendorId><![CDATA[3001224419]]></VendorId><ShopId><![CDATA[5530490]]></ShopId><DeviceNo><![CDATA[78:d3:8d:e3:f1:18]]></DeviceNo></xml>

2017-04-06 22:24:54 params :
------------
Array:
message : Array ;
module : news ;
rule : 19 ;
priority : 0 ;
keyword : Array ;

2017-04-06 22:24:54 response :
------------
Array:
FromUserName : gh_9ded809b0f7b ;
ToUserName : oKumhs1nXYlVgXjqQLX9hvPGY7aA ;
MsgType : news ;
ArticleCount : 7 ;
Articles : Array ;

2017-04-06 22:32:59 trace :
------------
String:
<xml><ToUserName><![CDATA[gh_9ded809b0f7b]]></ToUserName>
<FromUserName><![CDATA[oKumhs1bIe9YMSHqVyTfxyhsFh-I]]></FromUserName>
<CreateTime>1491489179</CreateTime>
<MsgType><![CDATA[event]]></MsgType>
<Event><![CDATA[WifiConnected]]></Event><ConnectTime>1491489179</ConnectTime><ExpireTime>0</ExpireTime><VendorId><![CDATA[3001224419]]></VendorId><ShopId><![CDATA[5640409]]></ShopId><DeviceNo><![CDATA[7a:d3:8d:d6:12:f1]]></DeviceNo></xml>

2017-04-06 22:32:59 params :
------------
Array:
message : Array ;
module : news ;
rule : 19 ;
priority : 0 ;
keyword : Array ;

2017-04-06 22:32:59 response :
------------
Array:
FromUserName : gh_9ded809b0f7b ;
ToUserName : oKumhs1bIe9YMSHqVyTfxyhsFh-I ;
MsgType : news ;
ArticleCount : 7 ;
Articles : Array ;

2017-04-06 22:35:29 trace :
------------
String:
<xml><ToUserName><![CDATA[gh_9ded809b0f7b]]></ToUserName>
<FromUserName><![CDATA[oKumhs-R6gkfS97-Nt59Eeut-fk4]]></FromUserName>
<CreateTime>1491489329</CreateTime>
<MsgType><![CDATA[event]]></MsgType>
<Event><![CDATA[WifiConnected]]></Event><ConnectTime>1491489329</ConnectTime><ExpireTime>0</ExpireTime><VendorId><![CDATA[3001224419]]></VendorId><ShopId><![CDATA[2478220]]></ShopId><DeviceNo><![CDATA[18:40:a4:a9:1d:15]]></DeviceNo></xml>

2017-04-06 22:35:29 params :
------------
Array:
message : Array ;
module : news ;
rule : 19 ;
priority : 0 ;
keyword : Array ;

2017-04-06 22:35:29 response :
------------
Array:
FromUserName : gh_9ded809b0f7b ;
ToUserName : oKumhs-R6gkfS97-Nt59Eeut-fk4 ;
MsgType : news ;
ArticleCount : 7 ;
Articles : Array ;

2017-04-06 22:42:45 trace :
------------
String:
<xml><ToUserName><![CDATA[gh_9ded809b0f7b]]></ToUserName>
<FromUserName><![CDATA[oKumhsyUN4W0hxEccLwaWrbmm4WY]]></FromUserName>
<CreateTime>1491489765</CreateTime>
<MsgType><![CDATA[event]]></MsgType>
<Event><![CDATA[WifiConnected]]></Event><ConnectTime>1491489765</ConnectTime><ExpireTime>0</ExpireTime><VendorId><![CDATA[3001224419]]></VendorId><ShopId><![CDATA[5640409]]></ShopId><DeviceNo><![CDATA[7a:d3:8d:e3:f1:36]]></DeviceNo></xml>

2017-04-06 22:42:45 params :
------------
Array:
message : Array ;
module : news ;
rule : 19 ;
priority : 0 ;
keyword : Array ;

2017-04-06 22:42:45 response :
------------
Array:
FromUserName : gh_9ded809b0f7b ;
ToUserName : oKumhsyUN4W0hxEccLwaWrbmm4WY ;
MsgType : news ;
ArticleCount : 7 ;
Articles : Array ;

2017-04-06 22:48:33 trace :
------------
String:
<xml><ToUserName><![CDATA[gh_9ded809b0f7b]]></ToUserName>
<FromUserName><![CDATA[oKumhs1DE-rTE6_JyfJZSIp8WqkQ]]></FromUserName>
<CreateTime>1491490113</CreateTime>
<MsgType><![CDATA[event]]></MsgType>
<Event><![CDATA[VIEW]]></Event>
<EventKey><![CDATA[http://mp.weixin.qq.com/s?__biz=MzAxMzczMjY1MA==&mid=401783638&idx=1&sn=5292c8ebdf4870b294a96f268b63ec0b&chksm=099805133eef8c054146f605e20e490ca22ab712265712873b2309fcff4dc1316f43ed65f75a&scene=18#rd]]></EventKey>
<MenuId>412125368</MenuId>
</xml>

2017-04-06 22:48:33 params :
------------
Array:
message : Array ;
module : news ;
rule : 19 ;
priority : 0 ;
keyword : Array ;

2017-04-06 22:48:33 response :
------------
Array:
FromUserName : gh_9ded809b0f7b ;
ToUserName : oKumhs1DE-rTE6_JyfJZSIp8WqkQ ;
MsgType : news ;
ArticleCount : 7 ;
Articles : Array ;

2017-04-06 22:48:49 trace :
------------
String:
<xml><ToUserName><![CDATA[gh_9ded809b0f7b]]></ToUserName>
<FromUserName><![CDATA[oKumhs1DE-rTE6_JyfJZSIp8WqkQ]]></FromUserName>
<CreateTime>1491490128</CreateTime>
<MsgType><![CDATA[event]]></MsgType>
<Event><![CDATA[VIEW]]></Event>
<EventKey><![CDATA[http://shanghai.xyj0772.com/app/index.php?i=1&c=entry&do=orderlist&m=weisrc_dish]]></EventKey>
<MenuId>412125368</MenuId>
</xml>

2017-04-06 22:48:49 params :
------------
Array:
message : Array ;
module : news ;
rule : 19 ;
priority : 0 ;
keyword : Array ;

2017-04-06 22:48:49 response :
------------
Array:
FromUserName : gh_9ded809b0f7b ;
ToUserName : oKumhs1DE-rTE6_JyfJZSIp8WqkQ ;
MsgType : news ;
ArticleCount : 7 ;
Articles : Array ;

2017-04-06 22:48:55 trace :
------------
String:
<xml><ToUserName><![CDATA[gh_9ded809b0f7b]]></ToUserName>
<FromUserName><![CDATA[oKumhs1DE-rTE6_JyfJZSIp8WqkQ]]></FromUserName>
<CreateTime>1491490135</CreateTime>
<MsgType><![CDATA[event]]></MsgType>
<Event><![CDATA[VIEW]]></Event>
<EventKey><![CDATA[http://mp.weixin.qq.com/s?__biz=MzAxMzczMjY1MA==&mid=401783638&idx=2&sn=8032a039b2e66cd063410c14fb23e6a5&chksm=099805133eef8c05826924cfa6c763ca3271a12716f0f5434c46c8433cc9c0afd304a70e6b6b&scene=18#rd]]></EventKey>
<MenuId>412125368</MenuId>
</xml>

2017-04-06 22:48:55 params :
------------
Array:
message : Array ;
module : news ;
rule : 19 ;
priority : 0 ;
keyword : Array ;

2017-04-06 22:48:55 response :
------------
Array:
FromUserName : gh_9ded809b0f7b ;
ToUserName : oKumhs1DE-rTE6_JyfJZSIp8WqkQ ;
MsgType : news ;
ArticleCount : 7 ;
Articles : Array ;

2017-04-06 22:49:17 trace :
------------
String:
<xml><ToUserName><![CDATA[gh_9ded809b0f7b]]></ToUserName>
<FromUserName><![CDATA[oKumhs1DE-rTE6_JyfJZSIp8WqkQ]]></FromUserName>
<CreateTime>1491490157</CreateTime>
<MsgType><![CDATA[event]]></MsgType>
<Event><![CDATA[VIEW]]></Event>
<EventKey><![CDATA[http://mp.weixin.qq.com/s?__biz=MzAxMzczMjY1MA==&mid=401795531&idx=1&sn=767109251ee6ba1539f9c2c843e06ef2&scene=18#rd]]></EventKey>
<MenuId>412125368</MenuId>
</xml>

2017-04-06 22:49:17 params :
------------
Array:
message : Array ;
module : news ;
rule : 19 ;
priority : 0 ;
keyword : Array ;

2017-04-06 22:49:17 response :
------------
Array:
FromUserName : gh_9ded809b0f7b ;
ToUserName : oKumhs1DE-rTE6_JyfJZSIp8WqkQ ;
MsgType : news ;
ArticleCount : 7 ;
Articles : Array ;

2017-04-06 22:49:29 trace :
------------
String:
<xml><ToUserName><![CDATA[gh_9ded809b0f7b]]></ToUserName>
<FromUserName><![CDATA[oKumhs1DE-rTE6_JyfJZSIp8WqkQ]]></FromUserName>
<CreateTime>1491490169</CreateTime>
<MsgType><![CDATA[event]]></MsgType>
<Event><![CDATA[VIEW]]></Event>
<EventKey><![CDATA[http://shanghai.xyj0772.com/app/index.php?i=1&c=entry&do=orderlist&m=weisrc_dish]]></EventKey>
<MenuId>412125368</MenuId>
</xml>

2017-04-06 22:49:29 params :
------------
Array:
message : Array ;
module : news ;
rule : 19 ;
priority : 0 ;
keyword : Array ;

2017-04-06 22:49:29 response :
------------
Array:
FromUserName : gh_9ded809b0f7b ;
ToUserName : oKumhs1DE-rTE6_JyfJZSIp8WqkQ ;
MsgType : news ;
ArticleCount : 7 ;
Articles : Array ;

2017-04-06 22:49:39 trace :
------------
String:
<xml><ToUserName><![CDATA[gh_9ded809b0f7b]]></ToUserName>
<FromUserName><![CDATA[oKumhs1DE-rTE6_JyfJZSIp8WqkQ]]></FromUserName>
<CreateTime>1491490179</CreateTime>
<MsgType><![CDATA[event]]></MsgType>
<Event><![CDATA[VIEW]]></Event>
<EventKey><![CDATA[http://mp.weixin.qq.com/s?__biz=MzAxMzczMjY1MA==&mid=401793244&idx=1&sn=dff4b548e12ce0e7ae0ce80446a08d85&scene=18#rd]]></EventKey>
<MenuId>412125368</MenuId>
</xml>

2017-04-06 22:49:39 params :
------------
Array:
message : Array ;
module : news ;
rule : 19 ;
priority : 0 ;
keyword : Array ;

2017-04-06 22:49:39 response :
------------
Array:
FromUserName : gh_9ded809b0f7b ;
ToUserName : oKumhs1DE-rTE6_JyfJZSIp8WqkQ ;
MsgType : news ;
ArticleCount : 7 ;
Articles : Array ;

2017-04-06 22:54:36 trace :
------------
String:
<xml><ToUserName><![CDATA[gh_9ded809b0f7b]]></ToUserName>
<FromUserName><![CDATA[oKumhs00F6WAQsDWfpGD1zKSD608]]></FromUserName>
<CreateTime>1491490476</CreateTime>
<MsgType><![CDATA[event]]></MsgType>
<Event><![CDATA[VIEW]]></Event>
<EventKey><![CDATA[http://shanghai.xyj0772.com/app/index.php?i=1&c=entry&do=orderlist&m=weisrc_dish]]></EventKey>
<MenuId>412125368</MenuId>
</xml>

2017-04-06 22:54:36 params :
------------
Array:
message : Array ;
module : news ;
rule : 19 ;
priority : 0 ;
keyword : Array ;

2017-04-06 22:54:36 response :
------------
Array:
FromUserName : gh_9ded809b0f7b ;
ToUserName : oKumhs00F6WAQsDWfpGD1zKSD608 ;
MsgType : news ;
ArticleCount : 7 ;
Articles : Array ;

2017-04-06 23:07:38 trace :
------------
String:
<xml><ToUserName><![CDATA[gh_9ded809b0f7b]]></ToUserName>
<FromUserName><![CDATA[oKumhs1rHmTV4-TDN0OhXhae7t8c]]></FromUserName>
<CreateTime>1491491258</CreateTime>
<MsgType><![CDATA[event]]></MsgType>
<Event><![CDATA[unsubscribe]]></Event>
<EventKey><![CDATA[]]></EventKey>
</xml>

2017-04-06 23:11:20 trace :
------------
String:
<xml><ToUserName><![CDATA[gh_9ded809b0f7b]]></ToUserName>
<FromUserName><![CDATA[oKumhs4eXG5GYLHz1ewtY0tKIFzQ]]></FromUserName>
<CreateTime>1491491480</CreateTime>
<MsgType><![CDATA[event]]></MsgType>
<Event><![CDATA[unsubscribe]]></Event>
<EventKey><![CDATA[]]></EventKey>
</xml>

2017-04-06 23:21:30 trace :
------------
String:
<xml><ToUserName><![CDATA[gh_9ded809b0f7b]]></ToUserName>
<FromUserName><![CDATA[oKumhsxTHHIdd4UJXjdbHtGVvUDQ]]></FromUserName>
<CreateTime>1491492090</CreateTime>
<MsgType><![CDATA[event]]></MsgType>
<Event><![CDATA[WifiConnected]]></Event><ConnectTime>1491492090</ConnectTime><ExpireTime>0</ExpireTime><VendorId><![CDATA[3001224419]]></VendorId><ShopId><![CDATA[5640409]]></ShopId><DeviceNo><![CDATA[7a:d3:8d:e3:f1:36]]></DeviceNo></xml>

2017-04-06 23:21:30 params :
------------
Array:
message : Array ;
module : news ;
rule : 19 ;
priority : 0 ;
keyword : Array ;

2017-04-06 23:21:30 response :
------------
Array:
FromUserName : gh_9ded809b0f7b ;
ToUserName : oKumhsxTHHIdd4UJXjdbHtGVvUDQ ;
MsgType : news ;
ArticleCount : 7 ;
Articles : Array ;

2017-04-06 23:21:45 trace :
------------
String:
<xml><ToUserName><![CDATA[gh_9ded809b0f7b]]></ToUserName>
<FromUserName><![CDATA[oKumhsxTHHIdd4UJXjdbHtGVvUDQ]]></FromUserName>
<CreateTime>1491492105</CreateTime>
<MsgType><![CDATA[event]]></MsgType>
<Event><![CDATA[subscribe]]></Event>
<EventKey><![CDATA[]]></EventKey>
</xml>

2017-04-06 23:21:45 params :
------------
Array:
message : Array ;
module : news ;
rule : 19 ;
priority : 0 ;
keyword : Array ;

2017-04-06 23:21:45 response :
------------
Array:
FromUserName : gh_9ded809b0f7b ;
ToUserName : oKumhsxTHHIdd4UJXjdbHtGVvUDQ ;
MsgType : news ;
ArticleCount : 7 ;
Articles : Array ;

2017-04-06 23:28:53 trace :
------------
String:
<xml><ToUserName><![CDATA[gh_9ded809b0f7b]]></ToUserName>
<FromUserName><![CDATA[oKumhs-5E4Ra52pFgA0jWmobimes]]></FromUserName>
<CreateTime>1491492533</CreateTime>
<MsgType><![CDATA[event]]></MsgType>
<Event><![CDATA[unsubscribe]]></Event>
<EventKey><![CDATA[]]></EventKey>
</xml>

2017-04-06 23:29:39 trace :
------------
String:
<xml><ToUserName><![CDATA[gh_9ded809b0f7b]]></ToUserName>
<FromUserName><![CDATA[oKumhs9vijgiBmayqGxGpLN9E3bs]]></FromUserName>
<CreateTime>1491492579</CreateTime>
<MsgType><![CDATA[event]]></MsgType>
<Event><![CDATA[VIEW]]></Event>
<EventKey><![CDATA[http://shanghai.xyj0772.com/app/index.php?i=1&c=entry&do=orderlist&m=weisrc_dish]]></EventKey>
<MenuId>412125368</MenuId>
</xml>

2017-04-06 23:29:39 params :
------------
Array:
message : Array ;
module : news ;
rule : 19 ;
priority : 0 ;
keyword : Array ;

2017-04-06 23:29:39 response :
------------
Array:
FromUserName : gh_9ded809b0f7b ;
ToUserName : oKumhs9vijgiBmayqGxGpLN9E3bs ;
MsgType : news ;
ArticleCount : 7 ;
Articles : Array ;

2017-04-06 23:29:48 trace :
------------
String:
<xml><ToUserName><![CDATA[gh_9ded809b0f7b]]></ToUserName>
<FromUserName><![CDATA[oKumhs9vijgiBmayqGxGpLN9E3bs]]></FromUserName>
<CreateTime>1491492588</CreateTime>
<MsgType><![CDATA[event]]></MsgType>
<Event><![CDATA[unsubscribe]]></Event>
<EventKey><![CDATA[]]></EventKey>
</xml>

2017-04-06 23:43:10 trace :
------------
String:
<xml><ToUserName><![CDATA[gh_9ded809b0f7b]]></ToUserName>
<FromUserName><![CDATA[oKumhszLzW28deV1NDvoSmke5Mi8]]></FromUserName>
<CreateTime>1491493390</CreateTime>
<MsgType><![CDATA[event]]></MsgType>
<Event><![CDATA[VIEW]]></Event>
<EventKey><![CDATA[http://shanghai.xyj0772.com/app/index.php?i=1&c=entry&do=orderlist&m=weisrc_dish]]></EventKey>
<MenuId>412125368</MenuId>
</xml>

2017-04-06 23:43:10 params :
------------
Array:
message : Array ;
module : news ;
rule : 19 ;
priority : 0 ;
keyword : Array ;

2017-04-06 23:43:10 response :
------------
Array:
FromUserName : gh_9ded809b0f7b ;
ToUserName : oKumhszLzW28deV1NDvoSmke5Mi8 ;
MsgType : news ;
ArticleCount : 7 ;
Articles : Array ;

2017-04-06 23:46:24 trace :
------------
String:
<xml><ToUserName><![CDATA[gh_9ded809b0f7b]]></ToUserName>
<FromUserName><![CDATA[oKumhs4238jPNN3ub01eEXHI2XXc]]></FromUserName>
<CreateTime>1491493584</CreateTime>
<MsgType><![CDATA[event]]></MsgType>
<Event><![CDATA[unsubscribe]]></Event>
<EventKey><![CDATA[]]></EventKey>
</xml>

