2016-05-12 17:56:45 trace :
------------
String:
<xml><ToUserName><![CDATA[gh_a4f9178c9538]]></ToUserName>
<FromUserName><![CDATA[oPAtQtwN8I22P_TieMHB1LZwncBo]]></FromUserName>
<CreateTime>1463047394</CreateTime>
<MsgType><![CDATA[text]]></MsgType>
<Content><![CDATA[竞猜]]></Content>
<MsgId>6283740710243805634</MsgId>
</xml>

2016-05-12 17:56:46 params :
------------
Array:
message : Array ;
module : cover ;
rule : 9 ;
priority : 0 ;
keyword : Array ;

2016-05-12 17:56:46 response :
------------
Array:
FromUserName : gh_a4f9178c9538 ;
ToUserName : oPAtQtwN8I22P_TieMHB1LZwncBo ;
MsgType : news ;
ArticleCount : 1 ;
Articles : Array ;

2016-05-12 19:14:03 trace :
------------
String:
<xml><ToUserName><![CDATA[gh_a4f9178c9538]]></ToUserName>
<FromUserName><![CDATA[oPAtQtwN8I22P_TieMHB1LZwncBo]]></FromUserName>
<CreateTime>1463052022</CreateTime>
<MsgType><![CDATA[text]]></MsgType>
<Content><![CDATA[http://vzan.vlldoo.com/we7/app/index.php?c=home&i=2&t=2&wxref=mp.weixin.qq.com#wechat_redirect]]></Content>
<MsgId>6283760587352452471</MsgId>
</xml>

2016-05-12 19:14:03 params :
------------
Array:
rule : -2 ;
module :  ;
message : Array ;

2016-05-12 19:14:03 response :
------------

2016-05-12 19:28:33 trace :
------------
String:
<xml><ToUserName><![CDATA[gh_a4f9178c9538]]></ToUserName>
<FromUserName><![CDATA[oPAtQt50c3-19tblOodcgeTEK0pI]]></FromUserName>
<CreateTime>1463052902</CreateTime>
<MsgType><![CDATA[event]]></MsgType>
<Event><![CDATA[subscribe]]></Event>
<EventKey><![CDATA[]]></EventKey>
</xml>

2016-05-12 19:28:33 params :
------------
Array:
rule : -2 ;
module :  ;
message : Array ;

2016-05-12 19:28:33 response :
------------

2016-05-12 19:28:43 trace :
------------
String:
<xml><ToUserName><![CDATA[gh_a4f9178c9538]]></ToUserName>
<FromUserName><![CDATA[oPAtQt50c3-19tblOodcgeTEK0pI]]></FromUserName>
<CreateTime>1463052911</CreateTime>
<MsgType><![CDATA[text]]></MsgType>
<Content><![CDATA[竞猜]]></Content>
<MsgId>6283764405578378821</MsgId>
</xml>

2016-05-12 19:28:43 params :
------------
Array:
message : Array ;
module : cover ;
rule : 9 ;
priority : 0 ;
keyword : Array ;

2016-05-12 19:28:43 response :
------------
Array:
FromUserName : gh_a4f9178c9538 ;
ToUserName : oPAtQt50c3-19tblOodcgeTEK0pI ;
MsgType : news ;
ArticleCount : 1 ;
Articles : Array ;

